[ 2016-04-29T08:27:19+08:00 ] 113.69.41.105 /lyda/index.php/Diy/index/groupid/43C1549E222DE8BCFD975AEF5F44443A
INFO: [ route_check ] --START--
INFO: CheckRoute Behavior ::run [ RunTime:0.055507s ]
INFO: [ route_check ] --END-- [ RunTime:0.055622s ]
INFO: [ app_begin ] --START--
INFO: ReadHtmlCache Behavior ::run [ RunTime:0.000994s ]
INFO: [ app_begin ] --END-- [ RunTime:0.001082s ]
NOTIC: [2048] Declaration of ImpotAction::error() should be compatible with that of Action::error() D:\PHPnow\htdocs\dongya\lyda\Lib\Action\ImpotAction.class.php 第 75 行.
SQL: SHOW COLUMNS FROM `app_group` [ RunTime:0.022558s ]
SQL: SELECT * FROM `app_group` WHERE ( `guid` = '43C1549E222DE8BCFD975AEF5F44443A' ) LIMIT 1   [ RunTime:0.000815s ]
SQL: SELECT * FROM `app_group` WHERE ( `guid` = '43C1549E222DE8BCFD975AEF5F44443A' ) LIMIT 1   [ RunTime:0.000225s ]

[ 2016-04-29T15:26:18+08:00 ] 113.69.154.25 /lyda/index.php/Index/index/groupid/43C1549E222DE8BCFD975AEF5F44443A
INFO: [ route_check ] --START--
INFO: CheckRoute Behavior ::run [ RunTime:0.001204s ]
INFO: [ route_check ] --END-- [ RunTime:0.001310s ]
INFO: [ app_begin ] --START--
INFO: ReadHtmlCache Behavior ::run [ RunTime:0.001325s ]
INFO: [ app_begin ] --END-- [ RunTime:0.001411s ]
NOTIC: [2048] Declaration of ImpotAction::error() should be compatible with that of Action::error() D:\PHPnow\htdocs\dongya\lyda\Lib\Action\ImpotAction.class.php 第 75 行.
SQL: SHOW COLUMNS FROM `app_group` [ RunTime:0.001533s ]
SQL: SELECT * FROM `app_group` WHERE ( `guid` = '43C1549E222DE8BCFD975AEF5F44443A' ) LIMIT 1   [ RunTime:0.000804s ]
SQL: SELECT * FROM `app_group` WHERE ( `guid` = '43C1549E222DE8BCFD975AEF5F44443A' ) LIMIT 1   [ RunTime:0.000215s ]
SQL: SELECT * FROM `app_group` WHERE ( `guid` = '43C1549E222DE8BCFD975AEF5F44443A' ) LIMIT 1   [ RunTime:0.000215s ]
INFO: [ view_parse ] --START--
NOTIC: [8] Undefined index:  error D:\PHPnow\htdocs\dongya\lyda\Runtime\Cache\56e2620824352560a81a2c90b6162793.php 第 145 行.
INFO: ParseTemplate Behavior ::run [ RunTime:0.044672s ]
INFO: [ view_parse ] --END-- [ RunTime:0.044792s ]
INFO: [ view_filter ] --START--
INFO: ContentReplace Behavior ::run [ RunTime:0.001193s ]
INFO: TokenBuild Behavior ::run [ RunTime:0.001197s ]
INFO: WriteHtmlCache Behavior ::run [ RunTime:0.000999s ]
INFO: ShowRuntime Behavior ::run [ RunTime:0.001228s ]
INFO: [ view_filter ] --END-- [ RunTime:0.004845s ]
INFO: [ view_end ] --START--
INFO: ShowPageTrace Behavior ::run [ RunTime:0.001387s ]
INFO: [ view_end ] --END-- [ RunTime:0.001469s ]

[ 2016-04-29T15:26:22+08:00 ] 111.206.36.132 /lyda/index.php/Index/index/groupid/43C1549E222DE8BCFD975AEF5F44443A
INFO: [ route_check ] --START--
INFO: CheckRoute Behavior ::run [ RunTime:0.001156s ]
INFO: [ route_check ] --END-- [ RunTime:0.001266s ]
INFO: [ app_begin ] --START--
INFO: ReadHtmlCache Behavior ::run [ RunTime:0.001440s ]
INFO: [ app_begin ] --END-- [ RunTime:0.001526s ]
NOTIC: [2048] Declaration of ImpotAction::error() should be compatible with that of Action::error() D:\PHPnow\htdocs\dongya\lyda\Lib\Action\ImpotAction.class.php 第 75 行.
SQL: SHOW COLUMNS FROM `app_group` [ RunTime:0.001718s ]
SQL: SELECT * FROM `app_group` WHERE ( `guid` = '43C1549E222DE8BCFD975AEF5F44443A' ) LIMIT 1   [ RunTime:0.001401s ]
SQL: SELECT * FROM `app_group` WHERE ( `guid` = '43C1549E222DE8BCFD975AEF5F44443A' ) LIMIT 1   [ RunTime:0.000210s ]

[ 2016-04-29T15:26:28+08:00 ] 113.69.154.25 /lyda/index.php/Diy/index/groupid/43C1549E222DE8BCFD975AEF5F44443A
INFO: [ route_check ] --START--
INFO: CheckRoute Behavior ::run [ RunTime:0.001786s ]
INFO: [ route_check ] --END-- [ RunTime:0.001929s ]
INFO: [ app_begin ] --START--
INFO: ReadHtmlCache Behavior ::run [ RunTime:0.001179s ]
INFO: [ app_begin ] --END-- [ RunTime:0.001284s ]
NOTIC: [2048] Declaration of ImpotAction::error() should be compatible with that of Action::error() D:\PHPnow\htdocs\dongya\lyda\Lib\Action\ImpotAction.class.php 第 75 行.
SQL: SHOW COLUMNS FROM `app_group` [ RunTime:0.001546s ]
SQL: SELECT * FROM `app_group` WHERE ( `guid` = '43C1549E222DE8BCFD975AEF5F44443A' ) LIMIT 1   [ RunTime:0.000687s ]
SQL: SELECT * FROM `app_group` WHERE ( `guid` = '43C1549E222DE8BCFD975AEF5F44443A' ) LIMIT 1   [ RunTime:0.000212s ]
SQL: SHOW COLUMNS FROM `app_diy` [ RunTime:0.011850s ]
SQL: SELECT * FROM `app_diy` WHERE ( groupid="43C1549E222DE8BCFD975AEF5F44443A" ) ORDER BY sort,time desc LIMIT 0,20   [ RunTime:0.014791s ]
SQL: SELECT COUNT(*) AS tp_count FROM `app_diy` WHERE ( groupid="43C1549E222DE8BCFD975AEF5F44443A" ) LIMIT 1   [ RunTime:0.000296s ]
SQL: SHOW COLUMNS FROM `app_style` [ RunTime:0.012918s ]
SQL: SELECT * FROM `app_style` WHERE ( groupid="43C1549E222DE8BCFD975AEF5F44443A" ) ORDER BY sort,time desc  [ RunTime:0.003451s ]
SQL: SHOW COLUMNS FROM `app_spacestyle` [ RunTime:0.003977s ]
SQL: SELECT * FROM `app_spacestyle` WHERE ( groupid="43C1549E222DE8BCFD975AEF5F44443A" ) ORDER BY sort,time desc  [ RunTime:0.001825s ]
SQL: SHOW COLUMNS FROM `app_function` [ RunTime:0.003954s ]
SQL: SELECT * FROM `app_function` WHERE ( groupid="43C1549E222DE8BCFD975AEF5F44443A" ) ORDER BY sort,time desc  [ RunTime:0.001627s ]
SQL: SELECT * FROM `app_group` WHERE ( `guid` = '43C1549E222DE8BCFD975AEF5F44443A' ) LIMIT 1   [ RunTime:0.000257s ]
INFO: [ view_parse ] --START--
NOTIC: [8] Undefined index:  error D:\PHPnow\htdocs\dongya\lyda\Runtime\Cache\5652887e4dceaf3c4d3c9018aab4b86a.php 第 94 行.
SQL: SHOW COLUMNS FROM `app_focus` [ RunTime:0.006059s ]
SQL: SELECT COUNT(*) AS tp_count FROM `app_focus` WHERE ( diyid="B6A2B040B5EC60696FF61DAA56AD26A6" ) LIMIT 1   [ RunTime:0.002902s ]
SQL: SELECT COUNT(*) AS tp_count FROM `app_focus` WHERE ( diyid="1399ED2697CCAD7EC35ED3B6136F3296" ) LIMIT 1   [ RunTime:0.000269s ]
SQL: SELECT COUNT(*) AS tp_count FROM `app_focus` WHERE ( diyid="0311A762FD8B3A4B4201C9B0902523D0" ) LIMIT 1   [ RunTime:0.000245s ]
SQL: SELECT COUNT(*) AS tp_count FROM `app_focus` WHERE ( diyid="F83746EB5682300B623A244E2936C3C6" ) LIMIT 1   [ RunTime:0.000242s ]
SQL: SELECT COUNT(*) AS tp_count FROM `app_focus` WHERE ( diyid="F832EC6DA9E5380CE370CBAA9DEF8E0D" ) LIMIT 1   [ RunTime:0.000303s ]
SQL: SELECT COUNT(*) AS tp_count FROM `app_focus` WHERE ( diyid="C9FCCAE6C3F226E5914EB06D1CCE7A42" ) LIMIT 1   [ RunTime:0.000240s ]
SQL: SELECT COUNT(*) AS tp_count FROM `app_focus` WHERE ( diyid="832BA89F6E97B551FC258AD26DA88707" ) LIMIT 1   [ RunTime:0.000242s ]
SQL: SELECT COUNT(*) AS tp_count FROM `app_focus` WHERE ( diyid="4CED71818EDE65D5330BB2CB19030A17" ) LIMIT 1   [ RunTime:0.000238s ]
SQL: SELECT COUNT(*) AS tp_count FROM `app_focus` WHERE ( diyid="A356D87FFA0C5CF2C350E7E84AE7DFE5" ) LIMIT 1   [ RunTime:0.000240s ]
INFO: ParseTemplate Behavior ::run [ RunTime:0.053105s ]
INFO: [ view_parse ] --END-- [ RunTime:0.053200s ]
INFO: [ view_filter ] --START--
INFO: ContentReplace Behavior ::run [ RunTime:0.001297s ]
INFO: TokenBuild Behavior ::run [ RunTime:0.001129s ]
INFO: WriteHtmlCache Behavior ::run [ RunTime:0.000977s ]
INFO: ShowRuntime Behavior ::run [ RunTime:0.001234s ]
INFO: [ view_filter ] --END-- [ RunTime:0.004872s ]
INFO: [ view_end ] --START--
INFO: ShowPageTrace Behavior ::run [ RunTime:0.001381s ]
INFO: [ view_end ] --END-- [ RunTime:0.001464s ]

[ 2016-04-29T15:26:45+08:00 ] 113.69.154.25 /lyda/index.php/Focus/index/diyid/B6A2B040B5EC60696FF61DAA56AD26A6/
INFO: [ route_check ] --START--
INFO: CheckRoute Behavior ::run [ RunTime:0.001189s ]
INFO: [ route_check ] --END-- [ RunTime:0.001317s ]
INFO: [ app_begin ] --START--
INFO: ReadHtmlCache Behavior ::run [ RunTime:0.001314s ]
INFO: [ app_begin ] --END-- [ RunTime:0.001400s ]
SQL: SHOW COLUMNS FROM `app_diy` [ RunTime:0.001942s ]
SQL: SELECT * FROM `app_diy` WHERE ( `guid` = 'B6A2B040B5EC60696FF61DAA56AD26A6' ) LIMIT 1   [ RunTime:0.000778s ]
NOTIC: [2048] Declaration of ImpotAction::error() should be compatible with that of Action::error() D:\PHPnow\htdocs\dongya\lyda\Lib\Action\ImpotAction.class.php 第 75 行.
SQL: SHOW COLUMNS FROM `app_group` [ RunTime:0.001388s ]
SQL: SELECT * FROM `app_group` WHERE ( `guid` = '43C1549E222DE8BCFD975AEF5F44443A' ) LIMIT 1   [ RunTime:0.000639s ]
SQL: SELECT * FROM `app_group` WHERE ( `guid` = '43C1549E222DE8BCFD975AEF5F44443A' ) LIMIT 1   [ RunTime:0.000214s ]
SQL: SHOW COLUMNS FROM `app_focus` [ RunTime:0.001519s ]
SQL: SELECT * FROM `app_focus` WHERE ( diyid="B6A2B040B5EC60696FF61DAA56AD26A6" ) ORDER BY sort,time desc  [ RunTime:0.000750s ]
SQL: SELECT * FROM `app_group` WHERE ( `guid` = '43C1549E222DE8BCFD975AEF5F44443A' ) LIMIT 1   [ RunTime:0.000225s ]
INFO: [ view_parse ] --START--
NOTIC: [8] Undefined index:  error D:\PHPnow\htdocs\dongya\lyda\Runtime\Cache\ae6b94b23f473ac7505e152123969831.php 第 93 行.
NOTIC: [8] Undefined variable: page D:\PHPnow\htdocs\dongya\lyda\Runtime\Cache\ae6b94b23f473ac7505e152123969831.php 第 124 行.
INFO: ParseTemplate Behavior ::run [ RunTime:0.040121s ]
INFO: [ view_parse ] --END-- [ RunTime:0.040240s ]
INFO: [ view_filter ] --START--
INFO: ContentReplace Behavior ::run [ RunTime:0.001366s ]
INFO: TokenBuild Behavior ::run [ RunTime:0.001155s ]
INFO: WriteHtmlCache Behavior ::run [ RunTime:0.001181s ]
INFO: ShowRuntime Behavior ::run [ RunTime:0.001202s ]
INFO: [ view_filter ] --END-- [ RunTime:0.005133s ]
INFO: [ view_end ] --START--
INFO: ShowPageTrace Behavior ::run [ RunTime:0.001360s ]
INFO: [ view_end ] --END-- [ RunTime:0.001443s ]

[ 2016-04-29T15:26:48+08:00 ] 111.206.36.145 /lyda/index.php/Focus/index/diyid/B6A2B040B5EC60696FF61DAA56AD26A6/
INFO: [ route_check ] --START--
INFO: CheckRoute Behavior ::run [ RunTime:0.001121s ]
INFO: [ route_check ] --END-- [ RunTime:0.001225s ]
INFO: [ app_begin ] --START--
INFO: ReadHtmlCache Behavior ::run [ RunTime:0.001332s ]
INFO: [ app_begin ] --END-- [ RunTime:0.001418s ]
SQL: SHOW COLUMNS FROM `app_diy` [ RunTime:0.001692s ]
SQL: SELECT * FROM `app_diy` WHERE ( `guid` = 'B6A2B040B5EC60696FF61DAA56AD26A6' ) LIMIT 1   [ RunTime:0.000696s ]
NOTIC: [2048] Declaration of ImpotAction::error() should be compatible with that of Action::error() D:\PHPnow\htdocs\dongya\lyda\Lib\Action\ImpotAction.class.php 第 75 行.
SQL: SHOW COLUMNS FROM `app_group` [ RunTime:0.001291s ]
SQL: SELECT * FROM `app_group` WHERE ( `guid` = '43C1549E222DE8BCFD975AEF5F44443A' ) LIMIT 1   [ RunTime:0.000612s ]
SQL: SELECT * FROM `app_group` WHERE ( `guid` = '43C1549E222DE8BCFD975AEF5F44443A' ) LIMIT 1   [ RunTime:0.000209s ]

[ 2016-04-29T15:26:51+08:00 ] 113.69.154.25 /lyda/index.php/Diyimg/index/focusid/AD972307590E9D8526BA844C351CF3FA
INFO: [ route_check ] --START--
INFO: CheckRoute Behavior ::run [ RunTime:0.001145s ]
INFO: [ route_check ] --END-- [ RunTime:0.001249s ]
INFO: [ app_begin ] --START--
INFO: ReadHtmlCache Behavior ::run [ RunTime:0.001314s ]
INFO: [ app_begin ] --END-- [ RunTime:0.001399s ]
SQL: SHOW COLUMNS FROM `app_focus` [ RunTime:0.001579s ]
SQL: SELECT * FROM `app_focus` WHERE ( `guid` = 'AD972307590E9D8526BA844C351CF3FA' ) LIMIT 1   [ RunTime:0.000703s ]
SQL: SHOW COLUMNS FROM `app_diy` [ RunTime:0.001447s ]
SQL: SELECT * FROM `app_diy` WHERE ( `guid` = 'B6A2B040B5EC60696FF61DAA56AD26A6' ) LIMIT 1   [ RunTime:0.000669s ]
NOTIC: [2048] Declaration of ImpotAction::error() should be compatible with that of Action::error() D:\PHPnow\htdocs\dongya\lyda\Lib\Action\ImpotAction.class.php 第 75 行.
SQL: SHOW COLUMNS FROM `app_group` [ RunTime:0.001320s ]
SQL: SELECT * FROM `app_group` WHERE ( `guid` = '43C1549E222DE8BCFD975AEF5F44443A' ) LIMIT 1   [ RunTime:0.000660s ]
SQL: SELECT * FROM `app_group` WHERE ( `guid` = '43C1549E222DE8BCFD975AEF5F44443A' ) LIMIT 1   [ RunTime:0.000269s ]
SQL: SHOW COLUMNS FROM `app_diyimg` [ RunTime:0.071418s ]
SQL: SELECT * FROM `app_diyimg` WHERE ( focusid="AD972307590E9D8526BA844C351CF3FA" ) ORDER BY sort,time desc  [ RunTime:0.526454s ]
SQL: SELECT * FROM `app_group` WHERE ( `guid` = '43C1549E222DE8BCFD975AEF5F44443A' ) LIMIT 1   [ RunTime:0.000362s ]
INFO: [ view_parse ] --START--
NOTIC: [8] Undefined index:  error D:\PHPnow\htdocs\dongya\lyda\Runtime\Cache\d7b22eb1ed9cc5a31c88ce44fa353acc.php 第 93 行.
NOTIC: [8] Undefined variable: page D:\PHPnow\htdocs\dongya\lyda\Runtime\Cache\d7b22eb1ed9cc5a31c88ce44fa353acc.php 第 126 行.
INFO: ParseTemplate Behavior ::run [ RunTime:0.037420s ]
INFO: [ view_parse ] --END-- [ RunTime:0.037533s ]
INFO: [ view_filter ] --START--
INFO: ContentReplace Behavior ::run [ RunTime:0.001192s ]
INFO: TokenBuild Behavior ::run [ RunTime:0.001924s ]
INFO: WriteHtmlCache Behavior ::run [ RunTime:0.001029s ]
INFO: ShowRuntime Behavior ::run [ RunTime:0.001240s ]
INFO: [ view_filter ] --END-- [ RunTime:0.005613s ]
INFO: [ view_end ] --START--
INFO: ShowPageTrace Behavior ::run [ RunTime:0.001360s ]
INFO: [ view_end ] --END-- [ RunTime:0.001441s ]

[ 2016-04-29T15:26:52+08:00 ] 111.206.36.138 /lyda/index.php/Diyimg/index/focusid/AD972307590E9D8526BA844C351CF3FA
INFO: [ route_check ] --START--
INFO: CheckRoute Behavior ::run [ RunTime:0.001145s ]
INFO: [ route_check ] --END-- [ RunTime:0.001250s ]
INFO: [ app_begin ] --START--
INFO: ReadHtmlCache Behavior ::run [ RunTime:0.001319s ]
INFO: [ app_begin ] --END-- [ RunTime:0.001403s ]
SQL: SHOW COLUMNS FROM `app_focus` [ RunTime:0.001704s ]
SQL: SELECT * FROM `app_focus` WHERE ( `guid` = 'AD972307590E9D8526BA844C351CF3FA' ) LIMIT 1   [ RunTime:0.000731s ]
SQL: SHOW COLUMNS FROM `app_diy` [ RunTime:0.001630s ]
SQL: SELECT * FROM `app_diy` WHERE ( `guid` = 'B6A2B040B5EC60696FF61DAA56AD26A6' ) LIMIT 1   [ RunTime:0.000657s ]
NOTIC: [2048] Declaration of ImpotAction::error() should be compatible with that of Action::error() D:\PHPnow\htdocs\dongya\lyda\Lib\Action\ImpotAction.class.php 第 75 行.
SQL: SHOW COLUMNS FROM `app_group` [ RunTime:0.001451s ]
SQL: SELECT * FROM `app_group` WHERE ( `guid` = '43C1549E222DE8BCFD975AEF5F44443A' ) LIMIT 1   [ RunTime:0.000685s ]
SQL: SELECT * FROM `app_group` WHERE ( `guid` = '43C1549E222DE8BCFD975AEF5F44443A' ) LIMIT 1   [ RunTime:0.000219s ]

[ 2016-04-29T15:26:59+08:00 ] 113.69.154.25 /lyda/index.php/Diyimgtype/index/diyimgid/9751C02B3EAD46DDA2A146B3E77AF48D
INFO: [ route_check ] --START--
INFO: CheckRoute Behavior ::run [ RunTime:0.000994s ]
INFO: [ route_check ] --END-- [ RunTime:0.001146s ]
INFO: [ app_begin ] --START--
INFO: ReadHtmlCache Behavior ::run [ RunTime:0.000811s ]
INFO: [ app_begin ] --END-- [ RunTime:0.001007s ]
SQL: SHOW COLUMNS FROM `app_diyimg` [ RunTime:0.001675s ]
SQL: SELECT * FROM `app_diyimg` WHERE ( `guid` = '9751C02B3EAD46DDA2A146B3E77AF48D' ) LIMIT 1   [ RunTime:0.000761s ]
SQL: SHOW COLUMNS FROM `app_focus` [ RunTime:0.001363s ]
SQL: SELECT * FROM `app_focus` WHERE ( `guid` = 'AD972307590E9D8526BA844C351CF3FA' ) LIMIT 1   [ RunTime:0.000671s ]
SQL: SHOW COLUMNS FROM `app_diy` [ RunTime:0.001553s ]
SQL: SELECT * FROM `app_diy` WHERE ( `guid` = 'B6A2B040B5EC60696FF61DAA56AD26A6' ) LIMIT 1   [ RunTime:0.000680s ]
NOTIC: [2048] Declaration of ImpotAction::error() should be compatible with that of Action::error() D:\PHPnow\htdocs\dongya\lyda\Lib\Action\ImpotAction.class.php 第 75 行.
SQL: SHOW COLUMNS FROM `app_group` [ RunTime:0.001359s ]
SQL: SELECT * FROM `app_group` WHERE ( `guid` = '43C1549E222DE8BCFD975AEF5F44443A' ) LIMIT 1   [ RunTime:0.000635s ]
SQL: SELECT * FROM `app_group` WHERE ( `guid` = '43C1549E222DE8BCFD975AEF5F44443A' ) LIMIT 1   [ RunTime:0.000212s ]
SQL: SHOW COLUMNS FROM `app_diyimgtype` [ RunTime:0.015645s ]
SQL: SELECT * FROM `app_diyimgtype` WHERE ( diyimgid="9751C02B3EAD46DDA2A146B3E77AF48D" ) ORDER BY sort,time desc  [ RunTime:0.054878s ]
SQL: SELECT * FROM `app_group` WHERE ( `guid` = '43C1549E222DE8BCFD975AEF5F44443A' ) LIMIT 1   [ RunTime:0.000324s ]
INFO: [ view_parse ] --START--
NOTIC: [8] Undefined index:  error D:\PHPnow\htdocs\dongya\lyda\Runtime\Cache\95704e13f6816d3649de66aab53f0d95.php 第 93 行.
NOTIC: [8] Undefined variable: page D:\PHPnow\htdocs\dongya\lyda\Runtime\Cache\95704e13f6816d3649de66aab53f0d95.php 第 126 行.
INFO: ParseTemplate Behavior ::run [ RunTime:0.047776s ]
INFO: [ view_parse ] --END-- [ RunTime:0.047918s ]
INFO: [ view_filter ] --START--
INFO: ContentReplace Behavior ::run [ RunTime:0.001228s ]
INFO: TokenBuild Behavior ::run [ RunTime:0.001122s ]
INFO: WriteHtmlCache Behavior ::run [ RunTime:0.000975s ]
INFO: ShowRuntime Behavior ::run [ RunTime:0.001194s ]
INFO: [ view_filter ] --END-- [ RunTime:0.004744s ]
INFO: [ view_end ] --START--
INFO: ShowPageTrace Behavior ::run [ RunTime:0.001486s ]
INFO: [ view_end ] --END-- [ RunTime:0.001568s ]

[ 2016-04-29T15:27:00+08:00 ] 111.206.36.138 /lyda/index.php/Diyimgtype/index/diyimgid/9751C02B3EAD46DDA2A146B3E77AF48D
INFO: [ route_check ] --START--
INFO: CheckRoute Behavior ::run [ RunTime:0.000956s ]
INFO: [ route_check ] --END-- [ RunTime:0.001067s ]
INFO: [ app_begin ] --START--
INFO: ReadHtmlCache Behavior ::run [ RunTime:0.000840s ]
INFO: [ app_begin ] --END-- [ RunTime:0.000927s ]
SQL: SHOW COLUMNS FROM `app_diyimg` [ RunTime:0.002029s ]
SQL: SELECT * FROM `app_diyimg` WHERE ( `guid` = '9751C02B3EAD46DDA2A146B3E77AF48D' ) LIMIT 1   [ RunTime:0.000756s ]
SQL: SHOW COLUMNS FROM `app_focus` [ RunTime:0.001936s ]
SQL: SELECT * FROM `app_focus` WHERE ( `guid` = 'AD972307590E9D8526BA844C351CF3FA' ) LIMIT 1   [ RunTime:0.000700s ]
SQL: SHOW COLUMNS FROM `app_diy` [ RunTime:0.001579s ]
SQL: SELECT * FROM `app_diy` WHERE ( `guid` = 'B6A2B040B5EC60696FF61DAA56AD26A6' ) LIMIT 1   [ RunTime:0.000680s ]
NOTIC: [2048] Declaration of ImpotAction::error() should be compatible with that of Action::error() D:\PHPnow\htdocs\dongya\lyda\Lib\Action\ImpotAction.class.php 第 75 行.
SQL: SHOW COLUMNS FROM `app_group` [ RunTime:0.001443s ]
SQL: SELECT * FROM `app_group` WHERE ( `guid` = '43C1549E222DE8BCFD975AEF5F44443A' ) LIMIT 1   [ RunTime:0.000738s ]
SQL: SELECT * FROM `app_group` WHERE ( `guid` = '43C1549E222DE8BCFD975AEF5F44443A' ) LIMIT 1   [ RunTime:0.000215s ]

[ 2016-04-29T15:27:03+08:00 ] 113.69.154.25 /lyda/index.php/Diyimg/index/focusid/AD972307590E9D8526BA844C351CF3FA/
INFO: [ route_check ] --START--
INFO: CheckRoute Behavior ::run [ RunTime:0.001108s ]
INFO: [ route_check ] --END-- [ RunTime:0.001231s ]
INFO: [ app_begin ] --START--
INFO: ReadHtmlCache Behavior ::run [ RunTime:0.000840s ]
INFO: [ app_begin ] --END-- [ RunTime:0.000926s ]
SQL: SHOW COLUMNS FROM `app_focus` [ RunTime:0.002123s ]
SQL: SELECT * FROM `app_focus` WHERE ( `guid` = 'AD972307590E9D8526BA844C351CF3FA' ) LIMIT 1   [ RunTime:0.000987s ]
SQL: SHOW COLUMNS FROM `app_diy` [ RunTime:0.002276s ]
SQL: SELECT * FROM `app_diy` WHERE ( `guid` = 'B6A2B040B5EC60696FF61DAA56AD26A6' ) LIMIT 1   [ RunTime:0.000920s ]
NOTIC: [2048] Declaration of ImpotAction::error() should be compatible with that of Action::error() D:\PHPnow\htdocs\dongya\lyda\Lib\Action\ImpotAction.class.php 第 75 行.
SQL: SHOW COLUMNS FROM `app_group` [ RunTime:0.001910s ]
SQL: SELECT * FROM `app_group` WHERE ( `guid` = '43C1549E222DE8BCFD975AEF5F44443A' ) LIMIT 1   [ RunTime:0.000686s ]
SQL: SELECT * FROM `app_group` WHERE ( `guid` = '43C1549E222DE8BCFD975AEF5F44443A' ) LIMIT 1   [ RunTime:0.000218s ]
SQL: SHOW COLUMNS FROM `app_diyimg` [ RunTime:0.001529s ]
SQL: SELECT * FROM `app_diyimg` WHERE ( focusid="AD972307590E9D8526BA844C351CF3FA" ) ORDER BY sort,time desc  [ RunTime:0.001959s ]
SQL: SELECT * FROM `app_group` WHERE ( `guid` = '43C1549E222DE8BCFD975AEF5F44443A' ) LIMIT 1   [ RunTime:0.000232s ]
INFO: [ view_parse ] --START--
NOTIC: [8] Undefined index:  error D:\PHPnow\htdocs\dongya\lyda\Runtime\Cache\d7b22eb1ed9cc5a31c88ce44fa353acc.php 第 93 行.
NOTIC: [8] Undefined variable: page D:\PHPnow\htdocs\dongya\lyda\Runtime\Cache\d7b22eb1ed9cc5a31c88ce44fa353acc.php 第 126 行.
INFO: ParseTemplate Behavior ::run [ RunTime:0.020343s ]
INFO: [ view_parse ] --END-- [ RunTime:0.020441s ]
INFO: [ view_filter ] --START--
INFO: ContentReplace Behavior ::run [ RunTime:0.001596s ]
INFO: TokenBuild Behavior ::run [ RunTime:0.001138s ]
INFO: WriteHtmlCache Behavior ::run [ RunTime:0.001036s ]
INFO: ShowRuntime Behavior ::run [ RunTime:0.001297s ]
INFO: [ view_filter ] --END-- [ RunTime:0.005360s ]
INFO: [ view_end ] --START--
INFO: ShowPageTrace Behavior ::run [ RunTime:0.001788s ]
INFO: [ view_end ] --END-- [ RunTime:0.001891s ]

[ 2016-04-29T15:27:05+08:00 ] 113.69.154.25 /lyda/index.php/diyimg/edit/guid/9751C02B3EAD46DDA2A146B3E77AF48D
INFO: [ route_check ] --START--
INFO: CheckRoute Behavior ::run [ RunTime:0.000964s ]
INFO: [ route_check ] --END-- [ RunTime:0.001105s ]
INFO: [ app_begin ] --START--
INFO: ReadHtmlCache Behavior ::run [ RunTime:0.000863s ]
INFO: [ app_begin ] --END-- [ RunTime:0.000949s ]
SQL: SHOW COLUMNS FROM `app_diyimg` [ RunTime:0.001685s ]
SQL: SELECT * FROM `app_diyimg` WHERE ( `guid` = '9751C02B3EAD46DDA2A146B3E77AF48D' ) LIMIT 1   [ RunTime:0.001059s ]
SQL: SHOW COLUMNS FROM `app_focus` [ RunTime:0.001668s ]
SQL: SELECT * FROM `app_focus` WHERE ( `guid` = 'AD972307590E9D8526BA844C351CF3FA' ) LIMIT 1   [ RunTime:0.000716s ]
SQL: SHOW COLUMNS FROM `app_diy` [ RunTime:0.001521s ]
SQL: SELECT * FROM `app_diy` WHERE ( `guid` = 'B6A2B040B5EC60696FF61DAA56AD26A6' ) LIMIT 1   [ RunTime:0.000655s ]
NOTIC: [2048] Declaration of ImpotAction::error() should be compatible with that of Action::error() D:\PHPnow\htdocs\dongya\lyda\Lib\Action\ImpotAction.class.php 第 75 行.
SQL: SHOW COLUMNS FROM `app_group` [ RunTime:0.001408s ]
SQL: SELECT * FROM `app_group` WHERE ( `guid` = '43C1549E222DE8BCFD975AEF5F44443A' ) LIMIT 1   [ RunTime:0.000641s ]
SQL: SELECT * FROM `app_group` WHERE ( `guid` = '43C1549E222DE8BCFD975AEF5F44443A' ) LIMIT 1   [ RunTime:0.000222s ]
SQL: SELECT * FROM `app_group` WHERE ( `guid` = '43C1549E222DE8BCFD975AEF5F44443A' ) LIMIT 1   [ RunTime:0.000220s ]
INFO: [ view_parse ] --START--
NOTIC: [8] Undefined index:  error D:\PHPnow\htdocs\dongya\lyda\Runtime\Cache\558fcf81cd119dd53ee45d465b03b280.php 第 93 行.
INFO: ParseTemplate Behavior ::run [ RunTime:0.027407s ]
INFO: [ view_parse ] --END-- [ RunTime:0.027519s ]
INFO: [ view_filter ] --START--
INFO: ContentReplace Behavior ::run [ RunTime:0.001197s ]
INFO: TokenBuild Behavior ::run [ RunTime:0.001313s ]
INFO: WriteHtmlCache Behavior ::run [ RunTime:0.001065s ]
INFO: ShowRuntime Behavior ::run [ RunTime:0.001226s ]
INFO: [ view_filter ] --END-- [ RunTime:0.005051s ]
INFO: [ view_end ] --START--
INFO: ShowPageTrace Behavior ::run [ RunTime:0.001415s ]
INFO: [ view_end ] --END-- [ RunTime:0.001500s ]

[ 2016-04-29T15:27:06+08:00 ] 111.206.36.5 /lyda/index.php/diyimg/edit/guid/9751C02B3EAD46DDA2A146B3E77AF48D
INFO: [ route_check ] --START--
INFO: CheckRoute Behavior ::run [ RunTime:0.000941s ]
INFO: [ route_check ] --END-- [ RunTime:0.001044s ]
INFO: [ app_begin ] --START--
INFO: ReadHtmlCache Behavior ::run [ RunTime:0.000798s ]
INFO: [ app_begin ] --END-- [ RunTime:0.000882s ]
SQL: SHOW COLUMNS FROM `app_diyimg` [ RunTime:0.001733s ]
SQL: SELECT * FROM `app_diyimg` WHERE ( `guid` = '9751C02B3EAD46DDA2A146B3E77AF48D' ) LIMIT 1   [ RunTime:0.000697s ]
SQL: SHOW COLUMNS FROM `app_focus` [ RunTime:0.001538s ]
SQL: SELECT * FROM `app_focus` WHERE ( `guid` = 'AD972307590E9D8526BA844C351CF3FA' ) LIMIT 1   [ RunTime:0.000625s ]
SQL: SHOW COLUMNS FROM `app_diy` [ RunTime:0.001493s ]
SQL: SELECT * FROM `app_diy` WHERE ( `guid` = 'B6A2B040B5EC60696FF61DAA56AD26A6' ) LIMIT 1   [ RunTime:0.000634s ]
NOTIC: [2048] Declaration of ImpotAction::error() should be compatible with that of Action::error() D:\PHPnow\htdocs\dongya\lyda\Lib\Action\ImpotAction.class.php 第 75 行.
SQL: SHOW COLUMNS FROM `app_group` [ RunTime:0.001381s ]
SQL: SELECT * FROM `app_group` WHERE ( `guid` = '43C1549E222DE8BCFD975AEF5F44443A' ) LIMIT 1   [ RunTime:0.000701s ]
SQL: SELECT * FROM `app_group` WHERE ( `guid` = '43C1549E222DE8BCFD975AEF5F44443A' ) LIMIT 1   [ RunTime:0.000214s ]

