[ 2016-04-02T08:09:47+08:00 ] 183.62.183.114 /lyda/index.php/Diy/index/groupid/43C1549E222DE8BCFD975AEF5F44443A
INFO: [ route_check ] --START--
INFO: CheckRoute Behavior ::run [ RunTime:0.001596s ]
INFO: [ route_check ] --END-- [ RunTime:0.001725s ]
INFO: [ app_begin ] --START--
INFO: ReadHtmlCache Behavior ::run [ RunTime:0.001187s ]
INFO: [ app_begin ] --END-- [ RunTime:0.001308s ]
NOTIC: [2048] Declaration of ImpotAction::error() should be compatible with that of Action::error() D:\PHPnow\htdocs\dongya\lyda\Lib\Action\ImpotAction.class.php 第 75 行.
SQL: SHOW COLUMNS FROM `app_group` [ RunTime:0.002009s ]
SQL: SELECT * FROM `app_group` WHERE ( `guid` = '43C1549E222DE8BCFD975AEF5F44443A' ) LIMIT 1   [ RunTime:0.000782s ]
SQL: SELECT * FROM `app_group` WHERE ( `guid` = '43C1549E222DE8BCFD975AEF5F44443A' ) LIMIT 1   [ RunTime:0.000261s ]

[ 2016-04-02T09:52:50+08:00 ] 183.62.183.114 /lyda/index.php/Diy/index/groupid/43C1549E222DE8BCFD975AEF5F44443A
INFO: [ route_check ] --START--
INFO: CheckRoute Behavior ::run [ RunTime:0.001410s ]
INFO: [ route_check ] --END-- [ RunTime:0.001519s ]
INFO: [ app_begin ] --START--
INFO: ReadHtmlCache Behavior ::run [ RunTime:0.001055s ]
INFO: [ app_begin ] --END-- [ RunTime:0.001140s ]
NOTIC: [2048] Declaration of ImpotAction::error() should be compatible with that of Action::error() D:\PHPnow\htdocs\dongya\lyda\Lib\Action\ImpotAction.class.php 第 75 行.
SQL: SHOW COLUMNS FROM `app_group` [ RunTime:0.001536s ]
SQL: SELECT * FROM `app_group` WHERE ( `guid` = '43C1549E222DE8BCFD975AEF5F44443A' ) LIMIT 1   [ RunTime:0.000690s ]
SQL: SELECT * FROM `app_group` WHERE ( `guid` = '43C1549E222DE8BCFD975AEF5F44443A' ) LIMIT 1   [ RunTime:0.000215s ]

[ 2016-04-02T13:56:56+08:00 ] 183.62.183.114 /lyda/index.php/Index/index/groupid/43C1549E222DE8BCFD975AEF5F44443A
INFO: [ route_check ] --START--
INFO: CheckRoute Behavior ::run [ RunTime:0.000965s ]
INFO: [ route_check ] --END-- [ RunTime:0.001073s ]
INFO: [ app_begin ] --START--
INFO: ReadHtmlCache Behavior ::run [ RunTime:0.000804s ]
INFO: [ app_begin ] --END-- [ RunTime:0.000911s ]
NOTIC: [2048] Declaration of ImpotAction::error() should be compatible with that of Action::error() D:\PHPnow\htdocs\dongya\lyda\Lib\Action\ImpotAction.class.php 第 75 行.
SQL: SHOW COLUMNS FROM `app_group` [ RunTime:0.001733s ]
SQL: SELECT * FROM `app_group` WHERE ( `guid` = '43C1549E222DE8BCFD975AEF5F44443A' ) LIMIT 1   [ RunTime:0.000680s ]
SQL: SELECT * FROM `app_group` WHERE ( `guid` = '43C1549E222DE8BCFD975AEF5F44443A' ) LIMIT 1   [ RunTime:0.000228s ]
SQL: SELECT * FROM `app_group` WHERE ( `guid` = '43C1549E222DE8BCFD975AEF5F44443A' ) LIMIT 1   [ RunTime:0.000433s ]
INFO: [ view_parse ] --START--
NOTIC: [8] Undefined index:  error D:\PHPnow\htdocs\dongya\lyda\Runtime\Cache\56e2620824352560a81a2c90b6162793.php 第 145 行.
INFO: ParseTemplate Behavior ::run [ RunTime:0.044103s ]
INFO: [ view_parse ] --END-- [ RunTime:0.044218s ]
INFO: [ view_filter ] --START--
INFO: ContentReplace Behavior ::run [ RunTime:0.001730s ]
INFO: TokenBuild Behavior ::run [ RunTime:0.001164s ]
INFO: WriteHtmlCache Behavior ::run [ RunTime:0.000985s ]
INFO: ShowRuntime Behavior ::run [ RunTime:0.001333s ]
INFO: [ view_filter ] --END-- [ RunTime:0.005456s ]
INFO: [ view_end ] --START--
INFO: ShowPageTrace Behavior ::run [ RunTime:0.001489s ]
INFO: [ view_end ] --END-- [ RunTime:0.001570s ]

[ 2016-04-02T13:56:59+08:00 ] 183.62.183.114 /lyda/index.php/Code/index/groupid/43C1549E222DE8BCFD975AEF5F44443A
INFO: [ route_check ] --START--
INFO: CheckRoute Behavior ::run [ RunTime:0.000943s ]
INFO: [ route_check ] --END-- [ RunTime:0.001048s ]
INFO: [ app_begin ] --START--
INFO: ReadHtmlCache Behavior ::run [ RunTime:0.000803s ]
INFO: [ app_begin ] --END-- [ RunTime:0.000887s ]
NOTIC: [2048] Declaration of ImpotAction::error() should be compatible with that of Action::error() D:\PHPnow\htdocs\dongya\lyda\Lib\Action\ImpotAction.class.php 第 75 行.
SQL: SHOW COLUMNS FROM `app_group` [ RunTime:0.001611s ]
SQL: SELECT * FROM `app_group` WHERE ( `guid` = '43C1549E222DE8BCFD975AEF5F44443A' ) LIMIT 1   [ RunTime:0.000820s ]
SQL: SELECT * FROM `app_group` WHERE ( `guid` = '43C1549E222DE8BCFD975AEF5F44443A' ) LIMIT 1   [ RunTime:0.000217s ]
SQL: SHOW COLUMNS FROM `app_code` [ RunTime:0.003075s ]
SQL: SELECT * FROM `app_code` WHERE ( groupid='43C1549E222DE8BCFD975AEF5F44443A' ) ORDER BY time desc LIMIT 0,20   [ RunTime:0.014842s ]
SQL: SELECT COUNT(*) AS tp_count FROM `app_code` WHERE ( groupid='43C1549E222DE8BCFD975AEF5F44443A' ) LIMIT 1   [ RunTime:0.000335s ]
SQL: SELECT * FROM `app_group` WHERE ( `guid` = '43C1549E222DE8BCFD975AEF5F44443A' ) LIMIT 1   [ RunTime:0.000250s ]
INFO: [ view_parse ] --START--
NOTIC: [8] Undefined index:  error D:\PHPnow\htdocs\dongya\lyda\Runtime\Cache\16b3f84a4eeef5578398a1255fc3f30a.php 第 93 行.
INFO: ParseTemplate Behavior ::run [ RunTime:0.022045s ]
INFO: [ view_parse ] --END-- [ RunTime:0.022143s ]
INFO: [ view_filter ] --START--
INFO: ContentReplace Behavior ::run [ RunTime:0.001318s ]
INFO: TokenBuild Behavior ::run [ RunTime:0.001203s ]
INFO: WriteHtmlCache Behavior ::run [ RunTime:0.001174s ]
INFO: ShowRuntime Behavior ::run [ RunTime:0.001240s ]
INFO: [ view_filter ] --END-- [ RunTime:0.005165s ]
INFO: [ view_end ] --START--
INFO: ShowPageTrace Behavior ::run [ RunTime:0.001522s ]
INFO: [ view_end ] --END-- [ RunTime:0.001605s ]

