[ 2016-04-01T15:53:00+08:00 ] 183.62.183.114 /lyda/index.php/Diy/index/groupid/43C1549E222DE8BCFD975AEF5F44443A
INFO: [ route_check ] --START--
INFO: CheckRoute Behavior ::run [ RunTime:0.001652s ]
INFO: [ route_check ] --END-- [ RunTime:0.001756s ]
INFO: [ app_begin ] --START--
INFO: ReadHtmlCache Behavior ::run [ RunTime:0.001398s ]
INFO: [ app_begin ] --END-- [ RunTime:0.001489s ]
NOTIC: [2048] Declaration of ImpotAction::error() should be compatible with that of Action::error() D:\PHPnow\htdocs\dongya\lyda\Lib\Action\ImpotAction.class.php 第 75 行.
SQL: SHOW COLUMNS FROM `app_group` [ RunTime:0.001762s ]
SQL: SELECT * FROM `app_group` WHERE ( `guid` = '43C1549E222DE8BCFD975AEF5F44443A' ) LIMIT 1   [ RunTime:0.000702s ]
SQL: SELECT * FROM `app_group` WHERE ( `guid` = '43C1549E222DE8BCFD975AEF5F44443A' ) LIMIT 1   [ RunTime:0.000217s ]

[ 2016-04-01T17:04:13+08:00 ] 113.111.123.129 /lyda/index.php/Diy/index/groupid/43C1549E222DE8BCFD975AEF5F44443A
INFO: [ route_check ] --START--
INFO: CheckRoute Behavior ::run [ RunTime:0.002134s ]
INFO: [ route_check ] --END-- [ RunTime:0.002273s ]
INFO: [ app_begin ] --START--
INFO: ReadHtmlCache Behavior ::run [ RunTime:0.001379s ]
INFO: [ app_begin ] --END-- [ RunTime:0.001468s ]
NOTIC: [2048] Declaration of ImpotAction::error() should be compatible with that of Action::error() D:\PHPnow\htdocs\dongya\lyda\Lib\Action\ImpotAction.class.php 第 75 行.
SQL: SHOW COLUMNS FROM `app_group` [ RunTime:0.001695s ]
SQL: SELECT * FROM `app_group` WHERE ( `guid` = '43C1549E222DE8BCFD975AEF5F44443A' ) LIMIT 1   [ RunTime:0.000680s ]
SQL: SELECT * FROM `app_group` WHERE ( `guid` = '43C1549E222DE8BCFD975AEF5F44443A' ) LIMIT 1   [ RunTime:0.000281s ]

