[ 2016-05-07T08:24:31+08:00 ] 113.70.253.223 /lyda/index.php/Diy/index/groupid/43C1549E222DE8BCFD975AEF5F44443A
INFO: [ route_check ] --START--
INFO: CheckRoute Behavior ::run [ RunTime:0.001374s ]
INFO: [ route_check ] --END-- [ RunTime:0.001481s ]
INFO: [ app_begin ] --START--
INFO: ReadHtmlCache Behavior ::run [ RunTime:0.000987s ]
INFO: [ app_begin ] --END-- [ RunTime:0.001076s ]
NOTIC: [2048] Declaration of ImpotAction::error() should be compatible with that of Action::error() D:\PHPnow\htdocs\dongya\lyda\Lib\Action\ImpotAction.class.php 第 75 行.
SQL: SHOW COLUMNS FROM `app_group` [ RunTime:0.001982s ]
SQL: SELECT * FROM `app_group` WHERE ( `guid` = '43C1549E222DE8BCFD975AEF5F44443A' ) LIMIT 1   [ RunTime:0.000695s ]
SQL: SELECT * FROM `app_group` WHERE ( `guid` = '43C1549E222DE8BCFD975AEF5F44443A' ) LIMIT 1   [ RunTime:0.000216s ]

[ 2016-05-07T09:04:41+08:00 ] 14.214.238.121 /lyda/index.php/Diy/index/groupid/43C1549E222DE8BCFD975AEF5F44443A
INFO: [ route_check ] --START--
INFO: CheckRoute Behavior ::run [ RunTime:0.001381s ]
INFO: [ route_check ] --END-- [ RunTime:0.001488s ]
INFO: [ app_begin ] --START--
INFO: ReadHtmlCache Behavior ::run [ RunTime:0.001007s ]
INFO: [ app_begin ] --END-- [ RunTime:0.001093s ]
NOTIC: [2048] Declaration of ImpotAction::error() should be compatible with that of Action::error() D:\PHPnow\htdocs\dongya\lyda\Lib\Action\ImpotAction.class.php 第 75 行.
SQL: SHOW COLUMNS FROM `app_group` [ RunTime:0.015129s ]
SQL: SELECT * FROM `app_group` WHERE ( `guid` = '43C1549E222DE8BCFD975AEF5F44443A' ) LIMIT 1   [ RunTime:0.000878s ]
SQL: SELECT * FROM `app_group` WHERE ( `guid` = '43C1549E222DE8BCFD975AEF5F44443A' ) LIMIT 1   [ RunTime:0.000365s ]

[ 2016-05-07T09:25:26+08:00 ] 113.72.87.41 /lyda/index.php/Index/index/groupid/43C1549E222DE8BCFD975AEF5F44443A
INFO: [ route_check ] --START--
INFO: CheckRoute Behavior ::run [ RunTime:0.001675s ]
INFO: [ route_check ] --END-- [ RunTime:0.001780s ]
INFO: [ app_begin ] --START--
INFO: ReadHtmlCache Behavior ::run [ RunTime:0.001263s ]
INFO: [ app_begin ] --END-- [ RunTime:0.001350s ]
NOTIC: [2048] Declaration of ImpotAction::error() should be compatible with that of Action::error() D:\PHPnow\htdocs\dongya\lyda\Lib\Action\ImpotAction.class.php 第 75 行.
SQL: SHOW COLUMNS FROM `app_group` [ RunTime:0.001872s ]
SQL: SELECT * FROM `app_group` WHERE ( `guid` = '43C1549E222DE8BCFD975AEF5F44443A' ) LIMIT 1   [ RunTime:0.000675s ]
SQL: SELECT * FROM `app_group` WHERE ( `guid` = '43C1549E222DE8BCFD975AEF5F44443A' ) LIMIT 1   [ RunTime:0.000239s ]
SQL: SELECT * FROM `app_group` WHERE ( `guid` = '43C1549E222DE8BCFD975AEF5F44443A' ) LIMIT 1   [ RunTime:0.000217s ]
INFO: [ view_parse ] --START--
NOTIC: [8] Undefined index:  error D:\PHPnow\htdocs\dongya\lyda\Runtime\Cache\56e2620824352560a81a2c90b6162793.php 第 145 行.
INFO: ParseTemplate Behavior ::run [ RunTime:0.028813s ]
INFO: [ view_parse ] --END-- [ RunTime:0.028921s ]
INFO: [ view_filter ] --START--
INFO: ContentReplace Behavior ::run [ RunTime:0.001189s ]
INFO: TokenBuild Behavior ::run [ RunTime:0.001129s ]
INFO: WriteHtmlCache Behavior ::run [ RunTime:0.000984s ]
INFO: ShowRuntime Behavior ::run [ RunTime:0.001237s ]
INFO: [ view_filter ] --END-- [ RunTime:0.004761s ]
INFO: [ view_end ] --START--
INFO: ShowPageTrace Behavior ::run [ RunTime:0.001384s ]
INFO: [ view_end ] --END-- [ RunTime:0.001465s ]

[ 2016-05-07T09:25:29+08:00 ] 113.72.87.41 /lyda/index.php/Code/index/groupid/43C1549E222DE8BCFD975AEF5F44443A
INFO: [ route_check ] --START--
INFO: CheckRoute Behavior ::run [ RunTime:0.001678s ]
INFO: [ route_check ] --END-- [ RunTime:0.002139s ]
INFO: [ app_begin ] --START--
INFO: ReadHtmlCache Behavior ::run [ RunTime:0.001203s ]
INFO: [ app_begin ] --END-- [ RunTime:0.001288s ]
NOTIC: [2048] Declaration of ImpotAction::error() should be compatible with that of Action::error() D:\PHPnow\htdocs\dongya\lyda\Lib\Action\ImpotAction.class.php 第 75 行.
SQL: SHOW COLUMNS FROM `app_group` [ RunTime:0.001916s ]
SQL: SELECT * FROM `app_group` WHERE ( `guid` = '43C1549E222DE8BCFD975AEF5F44443A' ) LIMIT 1   [ RunTime:0.000695s ]
SQL: SELECT * FROM `app_group` WHERE ( `guid` = '43C1549E222DE8BCFD975AEF5F44443A' ) LIMIT 1   [ RunTime:0.000210s ]
SQL: SHOW COLUMNS FROM `app_code` [ RunTime:0.001432s ]
SQL: SELECT * FROM `app_code` WHERE ( groupid='43C1549E222DE8BCFD975AEF5F44443A' ) ORDER BY time desc LIMIT 0,20   [ RunTime:0.000899s ]
SQL: SELECT COUNT(*) AS tp_count FROM `app_code` WHERE ( groupid='43C1549E222DE8BCFD975AEF5F44443A' ) LIMIT 1   [ RunTime:0.000243s ]
SQL: SELECT * FROM `app_group` WHERE ( `guid` = '43C1549E222DE8BCFD975AEF5F44443A' ) LIMIT 1   [ RunTime:0.000255s ]
INFO: [ view_parse ] --START--
NOTIC: [8] Undefined index:  error D:\PHPnow\htdocs\dongya\lyda\Runtime\Cache\16b3f84a4eeef5578398a1255fc3f30a.php 第 93 行.
INFO: ParseTemplate Behavior ::run [ RunTime:0.023537s ]
INFO: [ view_parse ] --END-- [ RunTime:0.023635s ]
INFO: [ view_filter ] --START--
INFO: ContentReplace Behavior ::run [ RunTime:0.001307s ]
INFO: TokenBuild Behavior ::run [ RunTime:0.001266s ]
INFO: WriteHtmlCache Behavior ::run [ RunTime:0.001076s ]
INFO: ShowRuntime Behavior ::run [ RunTime:0.001354s ]
INFO: [ view_filter ] --END-- [ RunTime:0.005255s ]
INFO: [ view_end ] --START--
INFO: ShowPageTrace Behavior ::run [ RunTime:0.001434s ]
INFO: [ view_end ] --END-- [ RunTime:0.001535s ]

[ 2016-05-07T09:25:33+08:00 ] 113.72.87.41 /lyda/index.php/code/add/groupid/43C1549E222DE8BCFD975AEF5F44443A
INFO: [ route_check ] --START--
INFO: CheckRoute Behavior ::run [ RunTime:0.001704s ]
INFO: [ route_check ] --END-- [ RunTime:0.001823s ]
INFO: [ app_begin ] --START--
INFO: ReadHtmlCache Behavior ::run [ RunTime:0.001161s ]
INFO: [ app_begin ] --END-- [ RunTime:0.001246s ]
NOTIC: [2048] Declaration of ImpotAction::error() should be compatible with that of Action::error() D:\PHPnow\htdocs\dongya\lyda\Lib\Action\ImpotAction.class.php 第 75 行.
SQL: SHOW COLUMNS FROM `app_group` [ RunTime:0.001631s ]
SQL: SELECT * FROM `app_group` WHERE ( `guid` = '43C1549E222DE8BCFD975AEF5F44443A' ) LIMIT 1   [ RunTime:0.000699s ]
SQL: SELECT * FROM `app_group` WHERE ( `guid` = '43C1549E222DE8BCFD975AEF5F44443A' ) LIMIT 1   [ RunTime:0.000217s ]
SQL: SELECT * FROM `app_group` WHERE ( `guid` = '43C1549E222DE8BCFD975AEF5F44443A' ) LIMIT 1   [ RunTime:0.000219s ]
INFO: [ view_parse ] --START--
NOTIC: [8] Undefined index:  error D:\PHPnow\htdocs\dongya\lyda\Runtime\Cache\2534290193f236babcf3606e520f7244.php 第 108 行.
INFO: ParseTemplate Behavior ::run [ RunTime:0.018932s ]
INFO: [ view_parse ] --END-- [ RunTime:0.019027s ]
INFO: [ view_filter ] --START--
INFO: ContentReplace Behavior ::run [ RunTime:0.001191s ]
INFO: TokenBuild Behavior ::run [ RunTime:0.001158s ]
INFO: WriteHtmlCache Behavior ::run [ RunTime:0.001055s ]
INFO: ShowRuntime Behavior ::run [ RunTime:0.001286s ]
INFO: [ view_filter ] --END-- [ RunTime:0.004922s ]
INFO: [ view_end ] --START--
INFO: ShowPageTrace Behavior ::run [ RunTime:0.001409s ]
INFO: [ view_end ] --END-- [ RunTime:0.001498s ]

[ 2016-05-07T09:26:31+08:00 ] 113.72.87.41 /lyda/index.php/code/submit_add
INFO: [ route_check ] --START--
INFO: CheckRoute Behavior ::run [ RunTime:0.001717s ]
INFO: [ route_check ] --END-- [ RunTime:0.001824s ]
INFO: [ app_begin ] --START--
INFO: ReadHtmlCache Behavior ::run [ RunTime:0.001538s ]
INFO: [ app_begin ] --END-- [ RunTime:0.001672s ]
NOTIC: [2048] Declaration of ImpotAction::error() should be compatible with that of Action::error() D:\PHPnow\htdocs\dongya\lyda\Lib\Action\ImpotAction.class.php 第 75 行.
SQL: SHOW COLUMNS FROM `app_group` [ RunTime:0.001598s ]
SQL: SELECT * FROM `app_group` WHERE ( `guid` = '43C1549E222DE8BCFD975AEF5F44443A' ) LIMIT 1   [ RunTime:0.000674s ]
SQL: SELECT * FROM `app_group` WHERE ( `guid` = '43C1549E222DE8BCFD975AEF5F44443A' ) LIMIT 1   [ RunTime:0.000211s ]
SQL: SHOW COLUMNS FROM `app_code` [ RunTime:0.001807s ]
SQL: SELECT * FROM `app_code` WHERE ( `username` = '2076617' ) LIMIT 1   [ RunTime:0.000668s ]
SQL: SHOW COLUMNS FROM `app_code` [ RunTime:0.001937s ]
SQL: INSERT INTO `app_code` (`username`,`password`,`nickname`,`phone`,`address`,`groupid`,`guid`,`uid`,`time`) VALUES ('2076617','12345678','傅雄武','13927124444','','43C1549E222DE8BCFD975AEF5F44443A','33B2E983641A46EE8A27E7487E3A9517',4,1462584391) [ RunTime:0.000270s ]

[ 2016-05-07T09:26:31+08:00 ] 113.72.87.41 /lyda/index.php/Code/index/groupid/43C1549E222DE8BCFD975AEF5F44443A
INFO: [ route_check ] --START--
INFO: CheckRoute Behavior ::run [ RunTime:0.001738s ]
INFO: [ route_check ] --END-- [ RunTime:0.001848s ]
INFO: [ app_begin ] --START--
INFO: ReadHtmlCache Behavior ::run [ RunTime:0.001148s ]
INFO: [ app_begin ] --END-- [ RunTime:0.001233s ]
NOTIC: [2048] Declaration of ImpotAction::error() should be compatible with that of Action::error() D:\PHPnow\htdocs\dongya\lyda\Lib\Action\ImpotAction.class.php 第 75 行.
SQL: SHOW COLUMNS FROM `app_group` [ RunTime:0.001529s ]
SQL: SELECT * FROM `app_group` WHERE ( `guid` = '43C1549E222DE8BCFD975AEF5F44443A' ) LIMIT 1   [ RunTime:0.000712s ]
SQL: SELECT * FROM `app_group` WHERE ( `guid` = '43C1549E222DE8BCFD975AEF5F44443A' ) LIMIT 1   [ RunTime:0.000214s ]
SQL: SHOW COLUMNS FROM `app_code` [ RunTime:0.001687s ]
SQL: SELECT * FROM `app_code` WHERE ( groupid='43C1549E222DE8BCFD975AEF5F44443A' ) ORDER BY time desc LIMIT 0,20   [ RunTime:0.000875s ]
SQL: SELECT COUNT(*) AS tp_count FROM `app_code` WHERE ( groupid='43C1549E222DE8BCFD975AEF5F44443A' ) LIMIT 1   [ RunTime:0.000248s ]
SQL: SELECT * FROM `app_group` WHERE ( `guid` = '43C1549E222DE8BCFD975AEF5F44443A' ) LIMIT 1   [ RunTime:0.000275s ]
INFO: [ view_parse ] --START--
INFO: ParseTemplate Behavior ::run [ RunTime:0.020351s ]
INFO: [ view_parse ] --END-- [ RunTime:0.020456s ]
INFO: [ view_filter ] --START--
INFO: ContentReplace Behavior ::run [ RunTime:0.001285s ]
INFO: TokenBuild Behavior ::run [ RunTime:0.001333s ]
INFO: WriteHtmlCache Behavior ::run [ RunTime:0.000990s ]
INFO: ShowRuntime Behavior ::run [ RunTime:0.001227s ]
INFO: [ view_filter ] --END-- [ RunTime:0.005062s ]
INFO: [ view_end ] --START--
INFO: ShowPageTrace Behavior ::run [ RunTime:0.001424s ]
INFO: [ view_end ] --END-- [ RunTime:0.001504s ]

[ 2016-05-07T09:26:33+08:00 ] 113.72.87.41 /lyda/index.php/Index/unseterror
INFO: [ route_check ] --START--
INFO: CheckRoute Behavior ::run [ RunTime:0.001867s ]
INFO: [ route_check ] --END-- [ RunTime:0.001972s ]
INFO: [ app_begin ] --START--
INFO: ReadHtmlCache Behavior ::run [ RunTime:0.001190s ]
INFO: [ app_begin ] --END-- [ RunTime:0.001269s ]

[ 2016-05-07T09:26:34+08:00 ] 113.72.87.41 /lyda/index.php/Index/index/groupid/43C1549E222DE8BCFD975AEF5F44443A
INFO: [ route_check ] --START--
INFO: CheckRoute Behavior ::run [ RunTime:0.001729s ]
INFO: [ route_check ] --END-- [ RunTime:0.001841s ]
INFO: [ app_begin ] --START--
INFO: ReadHtmlCache Behavior ::run [ RunTime:0.001218s ]
INFO: [ app_begin ] --END-- [ RunTime:0.001313s ]
NOTIC: [2048] Declaration of ImpotAction::error() should be compatible with that of Action::error() D:\PHPnow\htdocs\dongya\lyda\Lib\Action\ImpotAction.class.php 第 75 行.
SQL: SHOW COLUMNS FROM `app_group` [ RunTime:0.001668s ]
SQL: SELECT * FROM `app_group` WHERE ( `guid` = '43C1549E222DE8BCFD975AEF5F44443A' ) LIMIT 1   [ RunTime:0.001228s ]
SQL: SELECT * FROM `app_group` WHERE ( `guid` = '43C1549E222DE8BCFD975AEF5F44443A' ) LIMIT 1   [ RunTime:0.000213s ]
SQL: SELECT * FROM `app_group` WHERE ( `guid` = '43C1549E222DE8BCFD975AEF5F44443A' ) LIMIT 1   [ RunTime:0.000221s ]
INFO: [ view_parse ] --START--
NOTIC: [8] Undefined index:  error D:\PHPnow\htdocs\dongya\lyda\Runtime\Cache\56e2620824352560a81a2c90b6162793.php 第 145 行.
INFO: ParseTemplate Behavior ::run [ RunTime:0.017979s ]
INFO: [ view_parse ] --END-- [ RunTime:0.018077s ]
INFO: [ view_filter ] --START--
INFO: ContentReplace Behavior ::run [ RunTime:0.001206s ]
INFO: TokenBuild Behavior ::run [ RunTime:0.001141s ]
INFO: WriteHtmlCache Behavior ::run [ RunTime:0.001003s ]
INFO: ShowRuntime Behavior ::run [ RunTime:0.001266s ]
INFO: [ view_filter ] --END-- [ RunTime:0.004840s ]
INFO: [ view_end ] --START--
INFO: ShowPageTrace Behavior ::run [ RunTime:0.001479s ]
INFO: [ view_end ] --END-- [ RunTime:0.001573s ]

[ 2016-05-07T09:26:38+08:00 ] 113.72.87.41 /lyda/index.php/index/backup/filename/43C1549E222DE8BCFD975AEF5F44443A_1462584394/groupid/43C1549E222DE8BCFD975AEF5F44443A
INFO: [ route_check ] --START--
INFO: CheckRoute Behavior ::run [ RunTime:0.001721s ]
INFO: [ route_check ] --END-- [ RunTime:0.001833s ]
INFO: [ app_begin ] --START--
INFO: ReadHtmlCache Behavior ::run [ RunTime:0.001166s ]
INFO: [ app_begin ] --END-- [ RunTime:0.001244s ]
NOTIC: [2048] Declaration of ImpotAction::error() should be compatible with that of Action::error() D:\PHPnow\htdocs\dongya\lyda\Lib\Action\ImpotAction.class.php 第 75 行.
SQL: SHOW COLUMNS FROM `app_group` [ RunTime:0.001609s ]
SQL: SELECT * FROM `app_group` WHERE ( `guid` = '43C1549E222DE8BCFD975AEF5F44443A' ) LIMIT 1   [ RunTime:0.000680s ]
SQL: SELECT * FROM `app_group` WHERE ( `guid` = '43C1549E222DE8BCFD975AEF5F44443A' ) LIMIT 1   [ RunTime:0.000219s ]
NOTIC: [2] Missing argument 1 for Model::query(), called in D:\PHPnow\htdocs\dongya\lyda\Lib\Action\IndexAction.class.php on line 33 and defined D:\PHPnow\htdocs\dongya\XThinkPHP\Lib\Core\Model.class.php 第 1119 行.
NOTIC: [8] Undefined variable: sql D:\PHPnow\htdocs\dongya\XThinkPHP\Lib\Core\Model.class.php 第 1124 行.
SQL:  [ RunTime:0.000129s ]
ERR: 1065:Query was empty
NOTIC: [2] Missing argument 1 for Model::query(), called in D:\PHPnow\htdocs\dongya\lyda\Lib\Action\IndexAction.class.php on line 33 and defined D:\PHPnow\htdocs\dongya\XThinkPHP\Lib\Core\Model.class.php 第 1119 行.
NOTIC: [8] Undefined variable: sql D:\PHPnow\htdocs\dongya\XThinkPHP\Lib\Core\Model.class.php 第 1124 行.
SQL:  [ RunTime:0.000567s ]
ERR: 1065:Query was empty
NOTIC: [2] Missing argument 1 for Model::query(), called in D:\PHPnow\htdocs\dongya\lyda\Lib\Action\IndexAction.class.php on line 33 and defined D:\PHPnow\htdocs\dongya\XThinkPHP\Lib\Core\Model.class.php 第 1119 行.
NOTIC: [8] Undefined variable: sql D:\PHPnow\htdocs\dongya\XThinkPHP\Lib\Core\Model.class.php 第 1124 行.
SQL:  [ RunTime:0.000220s ]
ERR: 1065:Query was empty
NOTIC: [2] Missing argument 1 for Model::query(), called in D:\PHPnow\htdocs\dongya\lyda\Lib\Action\IndexAction.class.php on line 33 and defined D:\PHPnow\htdocs\dongya\XThinkPHP\Lib\Core\Model.class.php 第 1119 行.
NOTIC: [8] Undefined variable: sql D:\PHPnow\htdocs\dongya\XThinkPHP\Lib\Core\Model.class.php 第 1124 行.
SQL:  [ RunTime:0.000159s ]
ERR: 1065:Query was empty
NOTIC: [2] Missing argument 1 for Model::query(), called in D:\PHPnow\htdocs\dongya\lyda\Lib\Action\IndexAction.class.php on line 33 and defined D:\PHPnow\htdocs\dongya\XThinkPHP\Lib\Core\Model.class.php 第 1119 行.
NOTIC: [8] Undefined variable: sql D:\PHPnow\htdocs\dongya\XThinkPHP\Lib\Core\Model.class.php 第 1124 行.
SQL:  [ RunTime:0.000346s ]
ERR: 1065:Query was empty
NOTIC: [2] Missing argument 1 for Model::query(), called in D:\PHPnow\htdocs\dongya\lyda\Lib\Action\IndexAction.class.php on line 33 and defined D:\PHPnow\htdocs\dongya\XThinkPHP\Lib\Core\Model.class.php 第 1119 行.
NOTIC: [8] Undefined variable: sql D:\PHPnow\htdocs\dongya\XThinkPHP\Lib\Core\Model.class.php 第 1124 行.
SQL:  [ RunTime:0.000546s ]
ERR: 1065:Query was empty
NOTIC: [2] Missing argument 1 for Model::query(), called in D:\PHPnow\htdocs\dongya\lyda\Lib\Action\IndexAction.class.php on line 33 and defined D:\PHPnow\htdocs\dongya\XThinkPHP\Lib\Core\Model.class.php 第 1119 行.
NOTIC: [8] Undefined variable: sql D:\PHPnow\htdocs\dongya\XThinkPHP\Lib\Core\Model.class.php 第 1124 行.
SQL:  [ RunTime:0.000233s ]
ERR: 1065:Query was empty
NOTIC: [2] Missing argument 1 for Model::query(), called in D:\PHPnow\htdocs\dongya\lyda\Lib\Action\IndexAction.class.php on line 33 and defined D:\PHPnow\htdocs\dongya\XThinkPHP\Lib\Core\Model.class.php 第 1119 行.
NOTIC: [8] Undefined variable: sql D:\PHPnow\htdocs\dongya\XThinkPHP\Lib\Core\Model.class.php 第 1124 行.
SQL:  [ RunTime:0.000214s ]
ERR: 1065:Query was empty
NOTIC: [2] Missing argument 1 for Model::query(), called in D:\PHPnow\htdocs\dongya\lyda\Lib\Action\IndexAction.class.php on line 33 and defined D:\PHPnow\htdocs\dongya\XThinkPHP\Lib\Core\Model.class.php 第 1119 行.
NOTIC: [8] Undefined variable: sql D:\PHPnow\htdocs\dongya\XThinkPHP\Lib\Core\Model.class.php 第 1124 行.
SQL:  [ RunTime:0.000192s ]
ERR: 1065:Query was empty
NOTIC: [2] Missing argument 1 for Model::query(), called in D:\PHPnow\htdocs\dongya\lyda\Lib\Action\IndexAction.class.php on line 33 and defined D:\PHPnow\htdocs\dongya\XThinkPHP\Lib\Core\Model.class.php 第 1119 行.
NOTIC: [8] Undefined variable: sql D:\PHPnow\htdocs\dongya\XThinkPHP\Lib\Core\Model.class.php 第 1124 行.
SQL:  [ RunTime:0.000156s ]
ERR: 1065:Query was empty
NOTIC: [2] Missing argument 1 for Model::query(), called in D:\PHPnow\htdocs\dongya\lyda\Lib\Action\IndexAction.class.php on line 33 and defined D:\PHPnow\htdocs\dongya\XThinkPHP\Lib\Core\Model.class.php 第 1119 行.
NOTIC: [8] Undefined variable: sql D:\PHPnow\htdocs\dongya\XThinkPHP\Lib\Core\Model.class.php 第 1124 行.
SQL:  [ RunTime:0.000152s ]
ERR: 1065:Query was empty
NOTIC: [2] Missing argument 1 for Model::query(), called in D:\PHPnow\htdocs\dongya\lyda\Lib\Action\IndexAction.class.php on line 33 and defined D:\PHPnow\htdocs\dongya\XThinkPHP\Lib\Core\Model.class.php 第 1119 行.
NOTIC: [8] Undefined variable: sql D:\PHPnow\htdocs\dongya\XThinkPHP\Lib\Core\Model.class.php 第 1124 行.
SQL:  [ RunTime:0.000154s ]
ERR: 1065:Query was empty
NOTIC: [2] Missing argument 1 for Model::query(), called in D:\PHPnow\htdocs\dongya\lyda\Lib\Action\IndexAction.class.php on line 33 and defined D:\PHPnow\htdocs\dongya\XThinkPHP\Lib\Core\Model.class.php 第 1119 行.
NOTIC: [8] Undefined variable: sql D:\PHPnow\htdocs\dongya\XThinkPHP\Lib\Core\Model.class.php 第 1124 行.
SQL:  [ RunTime:0.000501s ]
ERR: 1065:Query was empty
NOTIC: [2] Missing argument 1 for Model::query(), called in D:\PHPnow\htdocs\dongya\lyda\Lib\Action\IndexAction.class.php on line 33 and defined D:\PHPnow\htdocs\dongya\XThinkPHP\Lib\Core\Model.class.php 第 1119 行.
NOTIC: [8] Undefined variable: sql D:\PHPnow\htdocs\dongya\XThinkPHP\Lib\Core\Model.class.php 第 1124 行.
SQL:  [ RunTime:0.000136s ]
ERR: 1065:Query was empty
NOTIC: [2] mysql_fetch_assoc(): supplied argument is not a valid MySQL result resource D:\PHPnow\htdocs\dongya\lyda\Lib\Action\IndexAction.class.php 第 35 行.
NOTIC: [2] Missing argument 1 for Model::query(), called in D:\PHPnow\htdocs\dongya\lyda\Lib\Action\IndexAction.class.php on line 33 and defined D:\PHPnow\htdocs\dongya\XThinkPHP\Lib\Core\Model.class.php 第 1119 行.
NOTIC: [8] Undefined variable: sql D:\PHPnow\htdocs\dongya\XThinkPHP\Lib\Core\Model.class.php 第 1124 行.
SQL:  [ RunTime:0.000144s ]
ERR: 1065:Query was empty
NOTIC: [2] mysql_fetch_assoc(): supplied argument is not a valid MySQL result resource D:\PHPnow\htdocs\dongya\lyda\Lib\Action\IndexAction.class.php 第 35 行.

[ 2016-05-07T09:26:38+08:00 ] 113.72.87.41 /lyda/index.php/index/movedb/filename/43C1549E222DE8BCFD975AEF5F44443A_1462584394/groupid/43C1549E222DE8BCFD975AEF5F44443A
INFO: [ route_check ] --START--
INFO: CheckRoute Behavior ::run [ RunTime:0.000986s ]
INFO: [ route_check ] --END-- [ RunTime:0.001094s ]
INFO: [ app_begin ] --START--
INFO: ReadHtmlCache Behavior ::run [ RunTime:0.000638s ]
INFO: [ app_begin ] --END-- [ RunTime:0.000718s ]
SQL: SHOW COLUMNS FROM `app_group` [ RunTime:0.001601s ]
SQL: SELECT * FROM `app_group` WHERE ( `guid` = '43C1549E222DE8BCFD975AEF5F44443A' ) LIMIT 1   [ RunTime:0.000706s ]

[ 2016-05-07T09:26:40+08:00 ] 113.72.87.41 /lyda/index.php/Code/index/groupid/43C1549E222DE8BCFD975AEF5F44443A
INFO: [ route_check ] --START--
INFO: CheckRoute Behavior ::run [ RunTime:0.001559s ]
INFO: [ route_check ] --END-- [ RunTime:0.001681s ]
INFO: [ app_begin ] --START--
INFO: ReadHtmlCache Behavior ::run [ RunTime:0.000996s ]
INFO: [ app_begin ] --END-- [ RunTime:0.001085s ]
NOTIC: [2048] Declaration of ImpotAction::error() should be compatible with that of Action::error() D:\PHPnow\htdocs\dongya\lyda\Lib\Action\ImpotAction.class.php 第 75 行.
SQL: SHOW COLUMNS FROM `app_group` [ RunTime:0.001541s ]
SQL: SELECT * FROM `app_group` WHERE ( `guid` = '43C1549E222DE8BCFD975AEF5F44443A' ) LIMIT 1   [ RunTime:0.000680s ]
SQL: SELECT * FROM `app_group` WHERE ( `guid` = '43C1549E222DE8BCFD975AEF5F44443A' ) LIMIT 1   [ RunTime:0.000214s ]
SQL: SHOW COLUMNS FROM `app_code` [ RunTime:0.001467s ]
SQL: SELECT * FROM `app_code` WHERE ( groupid='43C1549E222DE8BCFD975AEF5F44443A' ) ORDER BY time desc LIMIT 0,20   [ RunTime:0.000827s ]
SQL: SELECT COUNT(*) AS tp_count FROM `app_code` WHERE ( groupid='43C1549E222DE8BCFD975AEF5F44443A' ) LIMIT 1   [ RunTime:0.000246s ]
SQL: SELECT * FROM `app_group` WHERE ( `guid` = '43C1549E222DE8BCFD975AEF5F44443A' ) LIMIT 1   [ RunTime:0.000224s ]
INFO: [ view_parse ] --START--
NOTIC: [8] Undefined index:  error D:\PHPnow\htdocs\dongya\lyda\Runtime\Cache\16b3f84a4eeef5578398a1255fc3f30a.php 第 93 行.
INFO: ParseTemplate Behavior ::run [ RunTime:0.017969s ]
INFO: [ view_parse ] --END-- [ RunTime:0.018081s ]
INFO: [ view_filter ] --START--
INFO: ContentReplace Behavior ::run [ RunTime:0.000947s ]
INFO: TokenBuild Behavior ::run [ RunTime:0.000807s ]
INFO: WriteHtmlCache Behavior ::run [ RunTime:0.000706s ]
INFO: ShowRuntime Behavior ::run [ RunTime:0.000897s ]
INFO: [ view_filter ] --END-- [ RunTime:0.003587s ]
INFO: [ view_end ] --START--
INFO: ShowPageTrace Behavior ::run [ RunTime:0.001038s ]
INFO: [ view_end ] --END-- [ RunTime:0.001117s ]

[ 2016-05-07T09:36:27+08:00 ] 14.214.238.121 /lyda/index.php/Diy/index/groupid/43C1549E222DE8BCFD975AEF5F44443A
INFO: [ route_check ] --START--
INFO: CheckRoute Behavior ::run [ RunTime:0.001615s ]
INFO: [ route_check ] --END-- [ RunTime:0.001717s ]
INFO: [ app_begin ] --START--
INFO: ReadHtmlCache Behavior ::run [ RunTime:0.000981s ]
INFO: [ app_begin ] --END-- [ RunTime:0.001065s ]
NOTIC: [2048] Declaration of ImpotAction::error() should be compatible with that of Action::error() D:\PHPnow\htdocs\dongya\lyda\Lib\Action\ImpotAction.class.php 第 75 行.
SQL: SHOW COLUMNS FROM `app_group` [ RunTime:0.001515s ]
SQL: SELECT * FROM `app_group` WHERE ( `guid` = '43C1549E222DE8BCFD975AEF5F44443A' ) LIMIT 1   [ RunTime:0.000678s ]
SQL: SELECT * FROM `app_group` WHERE ( `guid` = '43C1549E222DE8BCFD975AEF5F44443A' ) LIMIT 1   [ RunTime:0.000213s ]

