[ 2016-04-09T08:41:09+08:00 ] 113.70.58.160 /lyda/index.php/Index/index/groupid/43C1549E222DE8BCFD975AEF5F44443A
INFO: [ route_check ] --START--
INFO: CheckRoute Behavior ::run [ RunTime:0.000929s ]
INFO: [ route_check ] --END-- [ RunTime:0.001036s ]
INFO: [ app_begin ] --START--
INFO: ReadHtmlCache Behavior ::run [ RunTime:0.001399s ]
INFO: [ app_begin ] --END-- [ RunTime:0.001486s ]
NOTIC: [2048] Declaration of ImpotAction::error() should be compatible with that of Action::error() D:\PHPnow\htdocs\dongya\lyda\Lib\Action\ImpotAction.class.php 第 75 行.
SQL: SHOW COLUMNS FROM `app_group` [ RunTime:0.001578s ]
SQL: SELECT * FROM `app_group` WHERE ( `guid` = '43C1549E222DE8BCFD975AEF5F44443A' ) LIMIT 1   [ RunTime:0.000690s ]
SQL: SELECT * FROM `app_group` WHERE ( `guid` = '43C1549E222DE8BCFD975AEF5F44443A' ) LIMIT 1   [ RunTime:0.000210s ]
SQL: SELECT * FROM `app_group` WHERE ( `guid` = '43C1549E222DE8BCFD975AEF5F44443A' ) LIMIT 1   [ RunTime:0.000213s ]
INFO: [ view_parse ] --START--
NOTIC: [8] Undefined index:  error D:\PHPnow\htdocs\dongya\lyda\Runtime\Cache\56e2620824352560a81a2c90b6162793.php 第 145 行.
INFO: ParseTemplate Behavior ::run [ RunTime:0.030923s ]
INFO: [ view_parse ] --END-- [ RunTime:0.031034s ]
INFO: [ view_filter ] --START--
INFO: ContentReplace Behavior ::run [ RunTime:0.001217s ]
INFO: TokenBuild Behavior ::run [ RunTime:0.001135s ]
INFO: WriteHtmlCache Behavior ::run [ RunTime:0.000830s ]
INFO: ShowRuntime Behavior ::run [ RunTime:0.001226s ]
INFO: [ view_filter ] --END-- [ RunTime:0.004650s ]
INFO: [ view_end ] --START--
INFO: ShowPageTrace Behavior ::run [ RunTime:0.001377s ]
INFO: [ view_end ] --END-- [ RunTime:0.001460s ]

[ 2016-04-09T08:41:22+08:00 ] 113.70.58.160 /lyda/index.php/Code/index/groupid/43C1549E222DE8BCFD975AEF5F44443A
INFO: [ route_check ] --START--
INFO: CheckRoute Behavior ::run [ RunTime:0.001154s ]
INFO: [ route_check ] --END-- [ RunTime:0.001275s ]
INFO: [ app_begin ] --START--
INFO: ReadHtmlCache Behavior ::run [ RunTime:0.001303s ]
INFO: [ app_begin ] --END-- [ RunTime:0.001388s ]
NOTIC: [2048] Declaration of ImpotAction::error() should be compatible with that of Action::error() D:\PHPnow\htdocs\dongya\lyda\Lib\Action\ImpotAction.class.php 第 75 行.
SQL: SHOW COLUMNS FROM `app_group` [ RunTime:0.002062s ]
SQL: SELECT * FROM `app_group` WHERE ( `guid` = '43C1549E222DE8BCFD975AEF5F44443A' ) LIMIT 1   [ RunTime:0.000735s ]
SQL: SELECT * FROM `app_group` WHERE ( `guid` = '43C1549E222DE8BCFD975AEF5F44443A' ) LIMIT 1   [ RunTime:0.000470s ]
SQL: SHOW COLUMNS FROM `app_code` [ RunTime:0.001598s ]
SQL: SELECT * FROM `app_code` WHERE ( groupid='43C1549E222DE8BCFD975AEF5F44443A' ) ORDER BY time desc LIMIT 0,20   [ RunTime:0.001036s ]
SQL: SELECT COUNT(*) AS tp_count FROM `app_code` WHERE ( groupid='43C1549E222DE8BCFD975AEF5F44443A' ) LIMIT 1   [ RunTime:0.000266s ]
SQL: SELECT * FROM `app_group` WHERE ( `guid` = '43C1549E222DE8BCFD975AEF5F44443A' ) LIMIT 1   [ RunTime:0.000232s ]
INFO: [ view_parse ] --START--
NOTIC: [8] Undefined index:  error D:\PHPnow\htdocs\dongya\lyda\Runtime\Cache\16b3f84a4eeef5578398a1255fc3f30a.php 第 93 行.
INFO: ParseTemplate Behavior ::run [ RunTime:0.022722s ]
INFO: [ view_parse ] --END-- [ RunTime:0.022824s ]
INFO: [ view_filter ] --START--
INFO: ContentReplace Behavior ::run [ RunTime:0.001218s ]
INFO: TokenBuild Behavior ::run [ RunTime:0.001118s ]
INFO: WriteHtmlCache Behavior ::run [ RunTime:0.000969s ]
INFO: ShowRuntime Behavior ::run [ RunTime:0.001206s ]
INFO: [ view_filter ] --END-- [ RunTime:0.004743s ]
INFO: [ view_end ] --START--
INFO: ShowPageTrace Behavior ::run [ RunTime:0.001371s ]
INFO: [ view_end ] --END-- [ RunTime:0.001455s ]

[ 2016-04-09T08:41:24+08:00 ] 111.206.36.136 /lyda/index.php/Code/index/groupid/43C1549E222DE8BCFD975AEF5F44443A
INFO: [ route_check ] --START--
INFO: CheckRoute Behavior ::run [ RunTime:0.001160s ]
INFO: [ route_check ] --END-- [ RunTime:0.001265s ]
INFO: [ app_begin ] --START--
INFO: ReadHtmlCache Behavior ::run [ RunTime:0.001385s ]
INFO: [ app_begin ] --END-- [ RunTime:0.001473s ]
NOTIC: [2048] Declaration of ImpotAction::error() should be compatible with that of Action::error() D:\PHPnow\htdocs\dongya\lyda\Lib\Action\ImpotAction.class.php 第 75 行.
SQL: SHOW COLUMNS FROM `app_group` [ RunTime:0.001495s ]
SQL: SELECT * FROM `app_group` WHERE ( `guid` = '43C1549E222DE8BCFD975AEF5F44443A' ) LIMIT 1   [ RunTime:0.000669s ]
SQL: SELECT * FROM `app_group` WHERE ( `guid` = '43C1549E222DE8BCFD975AEF5F44443A' ) LIMIT 1   [ RunTime:0.000206s ]

[ 2016-04-09T08:41:26+08:00 ] 113.70.58.160 /lyda/index.php/code/add/groupid/43C1549E222DE8BCFD975AEF5F44443A
INFO: [ route_check ] --START--
INFO: CheckRoute Behavior ::run [ RunTime:0.001220s ]
INFO: [ route_check ] --END-- [ RunTime:0.001331s ]
INFO: [ app_begin ] --START--
INFO: ReadHtmlCache Behavior ::run [ RunTime:0.001342s ]
INFO: [ app_begin ] --END-- [ RunTime:0.001429s ]
NOTIC: [2048] Declaration of ImpotAction::error() should be compatible with that of Action::error() D:\PHPnow\htdocs\dongya\lyda\Lib\Action\ImpotAction.class.php 第 75 行.
SQL: SHOW COLUMNS FROM `app_group` [ RunTime:0.001570s ]
SQL: SELECT * FROM `app_group` WHERE ( `guid` = '43C1549E222DE8BCFD975AEF5F44443A' ) LIMIT 1   [ RunTime:0.000686s ]
SQL: SELECT * FROM `app_group` WHERE ( `guid` = '43C1549E222DE8BCFD975AEF5F44443A' ) LIMIT 1   [ RunTime:0.000207s ]
SQL: SELECT * FROM `app_group` WHERE ( `guid` = '43C1549E222DE8BCFD975AEF5F44443A' ) LIMIT 1   [ RunTime:0.000205s ]
INFO: [ view_parse ] --START--
NOTIC: [8] Undefined index:  error D:\PHPnow\htdocs\dongya\lyda\Runtime\Cache\2534290193f236babcf3606e520f7244.php 第 108 行.
INFO: ParseTemplate Behavior ::run [ RunTime:0.031476s ]
INFO: [ view_parse ] --END-- [ RunTime:0.031575s ]
INFO: [ view_filter ] --START--
INFO: ContentReplace Behavior ::run [ RunTime:0.001284s ]
INFO: TokenBuild Behavior ::run [ RunTime:0.001117s ]
INFO: WriteHtmlCache Behavior ::run [ RunTime:0.000976s ]
INFO: ShowRuntime Behavior ::run [ RunTime:0.001193s ]
INFO: [ view_filter ] --END-- [ RunTime:0.004796s ]
INFO: [ view_end ] --START--
INFO: ShowPageTrace Behavior ::run [ RunTime:0.001433s ]
INFO: [ view_end ] --END-- [ RunTime:0.001517s ]

[ 2016-04-09T08:41:28+08:00 ] 61.135.169.9 /lyda/index.php/code/add/groupid/43C1549E222DE8BCFD975AEF5F44443A
INFO: [ route_check ] --START--
INFO: CheckRoute Behavior ::run [ RunTime:0.001449s ]
INFO: [ route_check ] --END-- [ RunTime:0.001653s ]
INFO: [ app_begin ] --START--
INFO: ReadHtmlCache Behavior ::run [ RunTime:0.001365s ]
INFO: [ app_begin ] --END-- [ RunTime:0.001453s ]
NOTIC: [2048] Declaration of ImpotAction::error() should be compatible with that of Action::error() D:\PHPnow\htdocs\dongya\lyda\Lib\Action\ImpotAction.class.php 第 75 行.
SQL: SHOW COLUMNS FROM `app_group` [ RunTime:0.022245s ]
SQL: SELECT * FROM `app_group` WHERE ( `guid` = '43C1549E222DE8BCFD975AEF5F44443A' ) LIMIT 1   [ RunTime:0.000724s ]
SQL: SELECT * FROM `app_group` WHERE ( `guid` = '43C1549E222DE8BCFD975AEF5F44443A' ) LIMIT 1   [ RunTime:0.000213s ]

[ 2016-04-09T08:41:39+08:00 ] 113.70.58.160 /lyda/index.php/code/submit_add
INFO: [ route_check ] --START--
INFO: CheckRoute Behavior ::run [ RunTime:0.001626s ]
INFO: [ route_check ] --END-- [ RunTime:0.001735s ]
INFO: [ app_begin ] --START--
INFO: ReadHtmlCache Behavior ::run [ RunTime:0.001377s ]
INFO: [ app_begin ] --END-- [ RunTime:0.001462s ]
NOTIC: [2048] Declaration of ImpotAction::error() should be compatible with that of Action::error() D:\PHPnow\htdocs\dongya\lyda\Lib\Action\ImpotAction.class.php 第 75 行.
SQL: SHOW COLUMNS FROM `app_group` [ RunTime:0.001839s ]
SQL: SELECT * FROM `app_group` WHERE ( `guid` = '43C1549E222DE8BCFD975AEF5F44443A' ) LIMIT 1   [ RunTime:0.000686s ]
SQL: SELECT * FROM `app_group` WHERE ( `guid` = '43C1549E222DE8BCFD975AEF5F44443A' ) LIMIT 1   [ RunTime:0.000214s ]
SQL: SHOW COLUMNS FROM `app_code` [ RunTime:0.001999s ]
SQL: SELECT * FROM `app_code` WHERE ( `username` = 'dongya016' ) LIMIT 1   [ RunTime:0.000269s ]
SQL: SHOW COLUMNS FROM `app_code` [ RunTime:0.001891s ]
SQL: INSERT INTO `app_code` (`username`,`password`,`nickname`,`phone`,`address`,`groupid`,`guid`,`uid`,`time`) VALUES ('dongya016','12345678','','','','43C1549E222DE8BCFD975AEF5F44443A','16127BB894594FC59193D9375E3BB657',4,1460162499) [ RunTime:0.000261s ]

[ 2016-04-09T08:41:39+08:00 ] 113.70.58.160 /lyda/index.php/Code/index/groupid/43C1549E222DE8BCFD975AEF5F44443A
INFO: [ route_check ] --START--
INFO: CheckRoute Behavior ::run [ RunTime:0.002485s ]
INFO: [ route_check ] --END-- [ RunTime:0.002600s ]
INFO: [ app_begin ] --START--
INFO: ReadHtmlCache Behavior ::run [ RunTime:0.001396s ]
INFO: [ app_begin ] --END-- [ RunTime:0.001493s ]
NOTIC: [2048] Declaration of ImpotAction::error() should be compatible with that of Action::error() D:\PHPnow\htdocs\dongya\lyda\Lib\Action\ImpotAction.class.php 第 75 行.
SQL: SHOW COLUMNS FROM `app_group` [ RunTime:0.001658s ]
SQL: SELECT * FROM `app_group` WHERE ( `guid` = '43C1549E222DE8BCFD975AEF5F44443A' ) LIMIT 1   [ RunTime:0.000676s ]
SQL: SELECT * FROM `app_group` WHERE ( `guid` = '43C1549E222DE8BCFD975AEF5F44443A' ) LIMIT 1   [ RunTime:0.000206s ]
SQL: SHOW COLUMNS FROM `app_code` [ RunTime:0.001419s ]
SQL: SELECT * FROM `app_code` WHERE ( groupid='43C1549E222DE8BCFD975AEF5F44443A' ) ORDER BY time desc LIMIT 0,20   [ RunTime:0.000856s ]
SQL: SELECT COUNT(*) AS tp_count FROM `app_code` WHERE ( groupid='43C1549E222DE8BCFD975AEF5F44443A' ) LIMIT 1   [ RunTime:0.000250s ]
SQL: SELECT * FROM `app_group` WHERE ( `guid` = '43C1549E222DE8BCFD975AEF5F44443A' ) LIMIT 1   [ RunTime:0.000281s ]
INFO: [ view_parse ] --START--
INFO: ParseTemplate Behavior ::run [ RunTime:0.021984s ]
INFO: [ view_parse ] --END-- [ RunTime:0.022117s ]
INFO: [ view_filter ] --START--
INFO: ContentReplace Behavior ::run [ RunTime:0.001298s ]
INFO: TokenBuild Behavior ::run [ RunTime:0.001141s ]
INFO: WriteHtmlCache Behavior ::run [ RunTime:0.000978s ]
INFO: ShowRuntime Behavior ::run [ RunTime:0.001208s ]
INFO: [ view_filter ] --END-- [ RunTime:0.004851s ]
INFO: [ view_end ] --START--
INFO: ShowPageTrace Behavior ::run [ RunTime:0.001504s ]
INFO: [ view_end ] --END-- [ RunTime:0.001608s ]

[ 2016-04-09T08:41:41+08:00 ] 113.70.58.160 /lyda/index.php/Index/index/groupid/43C1549E222DE8BCFD975AEF5F44443A
INFO: [ route_check ] --START--
INFO: CheckRoute Behavior ::run [ RunTime:0.001242s ]
INFO: [ route_check ] --END-- [ RunTime:0.001348s ]
INFO: [ app_begin ] --START--
INFO: ReadHtmlCache Behavior ::run [ RunTime:0.001382s ]
INFO: [ app_begin ] --END-- [ RunTime:0.001487s ]
NOTIC: [2048] Declaration of ImpotAction::error() should be compatible with that of Action::error() D:\PHPnow\htdocs\dongya\lyda\Lib\Action\ImpotAction.class.php 第 75 行.
SQL: SHOW COLUMNS FROM `app_group` [ RunTime:0.001552s ]
SQL: SELECT * FROM `app_group` WHERE ( `guid` = '43C1549E222DE8BCFD975AEF5F44443A' ) LIMIT 1   [ RunTime:0.000664s ]
SQL: SELECT * FROM `app_group` WHERE ( `guid` = '43C1549E222DE8BCFD975AEF5F44443A' ) LIMIT 1   [ RunTime:0.000207s ]
SQL: SELECT * FROM `app_group` WHERE ( `guid` = '43C1549E222DE8BCFD975AEF5F44443A' ) LIMIT 1   [ RunTime:0.000209s ]
INFO: [ view_parse ] --START--
INFO: ParseTemplate Behavior ::run [ RunTime:0.018060s ]
INFO: [ view_parse ] --END-- [ RunTime:0.018161s ]
INFO: [ view_filter ] --START--
INFO: ContentReplace Behavior ::run [ RunTime:0.001280s ]
INFO: TokenBuild Behavior ::run [ RunTime:0.001176s ]
INFO: WriteHtmlCache Behavior ::run [ RunTime:0.000967s ]
INFO: ShowRuntime Behavior ::run [ RunTime:0.001254s ]
INFO: [ view_filter ] --END-- [ RunTime:0.004957s ]
INFO: [ view_end ] --START--
INFO: ShowPageTrace Behavior ::run [ RunTime:0.001354s ]
INFO: [ view_end ] --END-- [ RunTime:0.001435s ]

[ 2016-04-09T08:41:46+08:00 ] 113.70.58.160 /lyda/index.php/index/backup/filename/43C1549E222DE8BCFD975AEF5F44443A_1460162501/groupid/43C1549E222DE8BCFD975AEF5F44443A
INFO: [ route_check ] --START--
INFO: CheckRoute Behavior ::run [ RunTime:0.001173s ]
INFO: [ route_check ] --END-- [ RunTime:0.001293s ]
INFO: [ app_begin ] --START--
INFO: ReadHtmlCache Behavior ::run [ RunTime:0.001384s ]
INFO: [ app_begin ] --END-- [ RunTime:0.001467s ]
NOTIC: [2048] Declaration of ImpotAction::error() should be compatible with that of Action::error() D:\PHPnow\htdocs\dongya\lyda\Lib\Action\ImpotAction.class.php 第 75 行.
SQL: SHOW COLUMNS FROM `app_group` [ RunTime:0.001586s ]
SQL: SELECT * FROM `app_group` WHERE ( `guid` = '43C1549E222DE8BCFD975AEF5F44443A' ) LIMIT 1   [ RunTime:0.000684s ]
SQL: SELECT * FROM `app_group` WHERE ( `guid` = '43C1549E222DE8BCFD975AEF5F44443A' ) LIMIT 1   [ RunTime:0.000230s ]
NOTIC: [2] Missing argument 1 for Model::query(), called in D:\PHPnow\htdocs\dongya\lyda\Lib\Action\IndexAction.class.php on line 33 and defined D:\PHPnow\htdocs\dongya\XThinkPHP\Lib\Core\Model.class.php 第 1119 行.
NOTIC: [8] Undefined variable: sql D:\PHPnow\htdocs\dongya\XThinkPHP\Lib\Core\Model.class.php 第 1124 行.
SQL:  [ RunTime:0.000135s ]
ERR: 1065:Query was empty
NOTIC: [2] Missing argument 1 for Model::query(), called in D:\PHPnow\htdocs\dongya\lyda\Lib\Action\IndexAction.class.php on line 33 and defined D:\PHPnow\htdocs\dongya\XThinkPHP\Lib\Core\Model.class.php 第 1119 行.
NOTIC: [8] Undefined variable: sql D:\PHPnow\htdocs\dongya\XThinkPHP\Lib\Core\Model.class.php 第 1124 行.
SQL:  [ RunTime:0.000557s ]
ERR: 1065:Query was empty
NOTIC: [2] Missing argument 1 for Model::query(), called in D:\PHPnow\htdocs\dongya\lyda\Lib\Action\IndexAction.class.php on line 33 and defined D:\PHPnow\htdocs\dongya\XThinkPHP\Lib\Core\Model.class.php 第 1119 行.
NOTIC: [8] Undefined variable: sql D:\PHPnow\htdocs\dongya\XThinkPHP\Lib\Core\Model.class.php 第 1124 行.
SQL:  [ RunTime:0.000193s ]
ERR: 1065:Query was empty
NOTIC: [2] Missing argument 1 for Model::query(), called in D:\PHPnow\htdocs\dongya\lyda\Lib\Action\IndexAction.class.php on line 33 and defined D:\PHPnow\htdocs\dongya\XThinkPHP\Lib\Core\Model.class.php 第 1119 行.
NOTIC: [8] Undefined variable: sql D:\PHPnow\htdocs\dongya\XThinkPHP\Lib\Core\Model.class.php 第 1124 行.
SQL:  [ RunTime:0.000219s ]
ERR: 1065:Query was empty
NOTIC: [2] Missing argument 1 for Model::query(), called in D:\PHPnow\htdocs\dongya\lyda\Lib\Action\IndexAction.class.php on line 33 and defined D:\PHPnow\htdocs\dongya\XThinkPHP\Lib\Core\Model.class.php 第 1119 行.
NOTIC: [8] Undefined variable: sql D:\PHPnow\htdocs\dongya\XThinkPHP\Lib\Core\Model.class.php 第 1124 行.
SQL:  [ RunTime:0.000427s ]
ERR: 1065:Query was empty
NOTIC: [2] Missing argument 1 for Model::query(), called in D:\PHPnow\htdocs\dongya\lyda\Lib\Action\IndexAction.class.php on line 33 and defined D:\PHPnow\htdocs\dongya\XThinkPHP\Lib\Core\Model.class.php 第 1119 行.
NOTIC: [8] Undefined variable: sql D:\PHPnow\htdocs\dongya\XThinkPHP\Lib\Core\Model.class.php 第 1124 行.
SQL:  [ RunTime:0.000586s ]
ERR: 1065:Query was empty
NOTIC: [2] Missing argument 1 for Model::query(), called in D:\PHPnow\htdocs\dongya\lyda\Lib\Action\IndexAction.class.php on line 33 and defined D:\PHPnow\htdocs\dongya\XThinkPHP\Lib\Core\Model.class.php 第 1119 行.
NOTIC: [8] Undefined variable: sql D:\PHPnow\htdocs\dongya\XThinkPHP\Lib\Core\Model.class.php 第 1124 行.
SQL:  [ RunTime:0.000286s ]
ERR: 1065:Query was empty
NOTIC: [2] Missing argument 1 for Model::query(), called in D:\PHPnow\htdocs\dongya\lyda\Lib\Action\IndexAction.class.php on line 33 and defined D:\PHPnow\htdocs\dongya\XThinkPHP\Lib\Core\Model.class.php 第 1119 行.
NOTIC: [8] Undefined variable: sql D:\PHPnow\htdocs\dongya\XThinkPHP\Lib\Core\Model.class.php 第 1124 行.
SQL:  [ RunTime:0.000225s ]
ERR: 1065:Query was empty
NOTIC: [2] Missing argument 1 for Model::query(), called in D:\PHPnow\htdocs\dongya\lyda\Lib\Action\IndexAction.class.php on line 33 and defined D:\PHPnow\htdocs\dongya\XThinkPHP\Lib\Core\Model.class.php 第 1119 行.
NOTIC: [8] Undefined variable: sql D:\PHPnow\htdocs\dongya\XThinkPHP\Lib\Core\Model.class.php 第 1124 行.
SQL:  [ RunTime:0.000188s ]
ERR: 1065:Query was empty
NOTIC: [2] Missing argument 1 for Model::query(), called in D:\PHPnow\htdocs\dongya\lyda\Lib\Action\IndexAction.class.php on line 33 and defined D:\PHPnow\htdocs\dongya\XThinkPHP\Lib\Core\Model.class.php 第 1119 行.
NOTIC: [8] Undefined variable: sql D:\PHPnow\htdocs\dongya\XThinkPHP\Lib\Core\Model.class.php 第 1124 行.
SQL:  [ RunTime:0.000169s ]
ERR: 1065:Query was empty
NOTIC: [2] Missing argument 1 for Model::query(), called in D:\PHPnow\htdocs\dongya\lyda\Lib\Action\IndexAction.class.php on line 33 and defined D:\PHPnow\htdocs\dongya\XThinkPHP\Lib\Core\Model.class.php 第 1119 行.
NOTIC: [8] Undefined variable: sql D:\PHPnow\htdocs\dongya\XThinkPHP\Lib\Core\Model.class.php 第 1124 行.
SQL:  [ RunTime:0.000168s ]
ERR: 1065:Query was empty
NOTIC: [2] Missing argument 1 for Model::query(), called in D:\PHPnow\htdocs\dongya\lyda\Lib\Action\IndexAction.class.php on line 33 and defined D:\PHPnow\htdocs\dongya\XThinkPHP\Lib\Core\Model.class.php 第 1119 行.
NOTIC: [8] Undefined variable: sql D:\PHPnow\htdocs\dongya\XThinkPHP\Lib\Core\Model.class.php 第 1124 行.
SQL:  [ RunTime:0.000171s ]
ERR: 1065:Query was empty
NOTIC: [2] Missing argument 1 for Model::query(), called in D:\PHPnow\htdocs\dongya\lyda\Lib\Action\IndexAction.class.php on line 33 and defined D:\PHPnow\htdocs\dongya\XThinkPHP\Lib\Core\Model.class.php 第 1119 行.
NOTIC: [8] Undefined variable: sql D:\PHPnow\htdocs\dongya\XThinkPHP\Lib\Core\Model.class.php 第 1124 行.
SQL:  [ RunTime:0.000495s ]
ERR: 1065:Query was empty
NOTIC: [2] Missing argument 1 for Model::query(), called in D:\PHPnow\htdocs\dongya\lyda\Lib\Action\IndexAction.class.php on line 33 and defined D:\PHPnow\htdocs\dongya\XThinkPHP\Lib\Core\Model.class.php 第 1119 行.
NOTIC: [8] Undefined variable: sql D:\PHPnow\htdocs\dongya\XThinkPHP\Lib\Core\Model.class.php 第 1124 行.
SQL:  [ RunTime:0.000133s ]
ERR: 1065:Query was empty
NOTIC: [2] mysql_fetch_assoc(): supplied argument is not a valid MySQL result resource D:\PHPnow\htdocs\dongya\lyda\Lib\Action\IndexAction.class.php 第 35 行.
NOTIC: [2] Missing argument 1 for Model::query(), called in D:\PHPnow\htdocs\dongya\lyda\Lib\Action\IndexAction.class.php on line 33 and defined D:\PHPnow\htdocs\dongya\XThinkPHP\Lib\Core\Model.class.php 第 1119 行.
NOTIC: [8] Undefined variable: sql D:\PHPnow\htdocs\dongya\XThinkPHP\Lib\Core\Model.class.php 第 1124 行.
SQL:  [ RunTime:0.000128s ]
ERR: 1065:Query was empty
NOTIC: [2] mysql_fetch_assoc(): supplied argument is not a valid MySQL result resource D:\PHPnow\htdocs\dongya\lyda\Lib\Action\IndexAction.class.php 第 35 行.

[ 2016-04-09T08:41:46+08:00 ] 113.70.58.160 /lyda/index.php/Index/unseterror
INFO: [ route_check ] --START--
INFO: CheckRoute Behavior ::run [ RunTime:0.001325s ]
INFO: [ route_check ] --END-- [ RunTime:0.001439s ]
INFO: [ app_begin ] --START--
INFO: ReadHtmlCache Behavior ::run [ RunTime:0.000972s ]
INFO: [ app_begin ] --END-- [ RunTime:0.001050s ]

[ 2016-04-09T08:41:47+08:00 ] 113.70.58.160 /lyda/index.php/index/movedb/filename/43C1549E222DE8BCFD975AEF5F44443A_1460162501/groupid/43C1549E222DE8BCFD975AEF5F44443A
INFO: [ route_check ] --START--
INFO: CheckRoute Behavior ::run [ RunTime:0.000934s ]
INFO: [ route_check ] --END-- [ RunTime:0.001039s ]
INFO: [ app_begin ] --START--
INFO: ReadHtmlCache Behavior ::run [ RunTime:0.000601s ]
INFO: [ app_begin ] --END-- [ RunTime:0.000678s ]
SQL: SHOW COLUMNS FROM `app_group` [ RunTime:0.001533s ]
SQL: SELECT * FROM `app_group` WHERE ( `guid` = '43C1549E222DE8BCFD975AEF5F44443A' ) LIMIT 1   [ RunTime:0.000671s ]

