[ 2016-03-09T09:48:57+08:00 ] 180.153.4.19 /lyda/index.php/Diy/index/groupid/43C1549E222DE8BCFD975AEF5F44443A
INFO: [ route_check ] --START--
INFO: CheckRoute Behavior ::run [ RunTime:0.001357s ]
INFO: [ route_check ] --END-- [ RunTime:0.001460s ]
INFO: [ app_begin ] --START--
INFO: ReadHtmlCache Behavior ::run [ RunTime:0.001026s ]
INFO: [ app_begin ] --END-- [ RunTime:0.001112s ]
NOTIC: [2048] Declaration of ImpotAction::error() should be compatible with that of Action::error() D:\PHPnow\htdocs\dongya\lyda\Lib\Action\ImpotAction.class.php 第 75 行.
SQL: SHOW COLUMNS FROM `app_group` [ RunTime:0.001896s ]
SQL: SELECT * FROM `app_group` WHERE ( `guid` = '43C1549E222DE8BCFD975AEF5F44443A' ) LIMIT 1   [ RunTime:0.000703s ]
SQL: SELECT * FROM `app_group` WHERE ( `guid` = '43C1549E222DE8BCFD975AEF5F44443A' ) LIMIT 1   [ RunTime:0.000210s ]

[ 2016-03-09T09:48:58+08:00 ] 183.60.35.29 /lyda/index.php/Diy/index/groupid/43C1549E222DE8BCFD975AEF5F44443A
INFO: [ route_check ] --START--
INFO: CheckRoute Behavior ::run [ RunTime:0.001647s ]
INFO: [ route_check ] --END-- [ RunTime:0.001760s ]
INFO: [ app_begin ] --START--
INFO: ReadHtmlCache Behavior ::run [ RunTime:0.004114s ]
INFO: [ app_begin ] --END-- [ RunTime:0.004205s ]
NOTIC: [2048] Declaration of ImpotAction::error() should be compatible with that of Action::error() D:\PHPnow\htdocs\dongya\lyda\Lib\Action\ImpotAction.class.php 第 75 行.
SQL: SHOW COLUMNS FROM `app_group` [ RunTime:0.001491s ]
SQL: SELECT * FROM `app_group` WHERE ( `guid` = '43C1549E222DE8BCFD975AEF5F44443A' ) LIMIT 1   [ RunTime:0.000671s ]
SQL: SELECT * FROM `app_group` WHERE ( `guid` = '43C1549E222DE8BCFD975AEF5F44443A' ) LIMIT 1   [ RunTime:0.000214s ]

[ 2016-03-09T11:07:59+08:00 ] 113.105.192.69 /lyda/index.php/Index/index/groupid/700309A444E2F66854A2FE3D9FE70006
INFO: [ route_check ] --START--
INFO: CheckRoute Behavior ::run [ RunTime:0.001730s ]
INFO: [ route_check ] --END-- [ RunTime:0.001846s ]
INFO: [ app_begin ] --START--
INFO: ReadHtmlCache Behavior ::run [ RunTime:0.001335s ]
INFO: [ app_begin ] --END-- [ RunTime:0.001421s ]
NOTIC: [2048] Declaration of ImpotAction::error() should be compatible with that of Action::error() D:\PHPnow\htdocs\dongya\lyda\Lib\Action\ImpotAction.class.php 第 75 行.
SQL: SHOW COLUMNS FROM `app_group` [ RunTime:0.003146s ]
SQL: SELECT * FROM `app_group` WHERE ( `guid` = '700309A444E2F66854A2FE3D9FE70006' ) LIMIT 1   [ RunTime:0.000915s ]

[ 2016-03-09T11:07:59+08:00 ] 113.105.192.69 /lyda/index.php/Content/index/pid/F4E4BBDCF61EB047443B47A0682A0C1A
INFO: [ route_check ] --START--
INFO: CheckRoute Behavior ::run [ RunTime:0.001687s ]
INFO: [ route_check ] --END-- [ RunTime:0.001804s ]
INFO: [ app_begin ] --START--
INFO: ReadHtmlCache Behavior ::run [ RunTime:0.001618s ]
INFO: [ app_begin ] --END-- [ RunTime:0.001708s ]
SQL: SHOW COLUMNS FROM `app_dir` [ RunTime:0.003945s ]
SQL: SELECT * FROM `app_dir` WHERE ( `guid` = 'F4E4BBDCF61EB047443B47A0682A0C1A' ) LIMIT 1   [ RunTime:0.001064s ]
NOTIC: [2048] Declaration of ImpotAction::error() should be compatible with that of Action::error() D:\PHPnow\htdocs\dongya\lyda\Lib\Action\ImpotAction.class.php 第 75 行.

[ 2016-03-09T11:08:00+08:00 ] 113.105.192.69 /lyda/index.php/Content/index/pid/F4E4BBDCF61EB047443B47A0682A0C1A
INFO: [ route_check ] --START--
INFO: CheckRoute Behavior ::run [ RunTime:0.001798s ]
INFO: [ route_check ] --END-- [ RunTime:0.001946s ]
INFO: [ app_begin ] --START--
INFO: ReadHtmlCache Behavior ::run [ RunTime:0.001496s ]
INFO: [ app_begin ] --END-- [ RunTime:0.001589s ]
SQL: SHOW COLUMNS FROM `app_dir` [ RunTime:0.001858s ]
SQL: SELECT * FROM `app_dir` WHERE ( `guid` = 'F4E4BBDCF61EB047443B47A0682A0C1A' ) LIMIT 1   [ RunTime:0.000694s ]
NOTIC: [2048] Declaration of ImpotAction::error() should be compatible with that of Action::error() D:\PHPnow\htdocs\dongya\lyda\Lib\Action\ImpotAction.class.php 第 75 行.

[ 2016-03-09T11:08:00+08:00 ] 113.105.192.69 /lyda/index.php/Content/index/pid/F4E4BBDCF61EB047443B47A0682A0C1A
INFO: [ route_check ] --START--
INFO: CheckRoute Behavior ::run [ RunTime:0.001787s ]
INFO: [ route_check ] --END-- [ RunTime:0.001910s ]
INFO: [ app_begin ] --START--
INFO: ReadHtmlCache Behavior ::run [ RunTime:0.001338s ]
INFO: [ app_begin ] --END-- [ RunTime:0.001448s ]
SQL: SHOW COLUMNS FROM `app_dir` [ RunTime:0.002259s ]
SQL: SELECT * FROM `app_dir` WHERE ( `guid` = 'F4E4BBDCF61EB047443B47A0682A0C1A' ) LIMIT 1   [ RunTime:0.000940s ]
NOTIC: [2048] Declaration of ImpotAction::error() should be compatible with that of Action::error() D:\PHPnow\htdocs\dongya\lyda\Lib\Action\ImpotAction.class.php 第 75 行.

[ 2016-03-09T11:08:00+08:00 ] 113.105.192.69 /lyda/index.php/Content/index/pid/F4E4BBDCF61EB047443B47A0682A0C1A
INFO: [ route_check ] --START--
INFO: CheckRoute Behavior ::run [ RunTime:0.001721s ]
INFO: [ route_check ] --END-- [ RunTime:0.001839s ]
INFO: [ app_begin ] --START--
INFO: ReadHtmlCache Behavior ::run [ RunTime:0.001358s ]
INFO: [ app_begin ] --END-- [ RunTime:0.001444s ]
SQL: SHOW COLUMNS FROM `app_dir` [ RunTime:0.001872s ]
SQL: SELECT * FROM `app_dir` WHERE ( `guid` = 'F4E4BBDCF61EB047443B47A0682A0C1A' ) LIMIT 1   [ RunTime:0.000700s ]
NOTIC: [2048] Declaration of ImpotAction::error() should be compatible with that of Action::error() D:\PHPnow\htdocs\dongya\lyda\Lib\Action\ImpotAction.class.php 第 75 行.

[ 2016-03-09T11:08:00+08:00 ] 113.105.192.69 /lyda/index.php/Content/index/pid/F4E4BBDCF61EB047443B47A0682A0C1A
INFO: [ route_check ] --START--
INFO: CheckRoute Behavior ::run [ RunTime:0.001752s ]
INFO: [ route_check ] --END-- [ RunTime:0.001883s ]
INFO: [ app_begin ] --START--
INFO: ReadHtmlCache Behavior ::run [ RunTime:0.001346s ]
INFO: [ app_begin ] --END-- [ RunTime:0.001435s ]
SQL: SHOW COLUMNS FROM `app_dir` [ RunTime:0.001861s ]
SQL: SELECT * FROM `app_dir` WHERE ( `guid` = 'F4E4BBDCF61EB047443B47A0682A0C1A' ) LIMIT 1   [ RunTime:0.000741s ]
NOTIC: [2048] Declaration of ImpotAction::error() should be compatible with that of Action::error() D:\PHPnow\htdocs\dongya\lyda\Lib\Action\ImpotAction.class.php 第 75 行.

[ 2016-03-09T11:08:00+08:00 ] 113.105.192.69 /lyda/index.php/Content/index/pid/F4E4BBDCF61EB047443B47A0682A0C1A
INFO: [ route_check ] --START--
INFO: CheckRoute Behavior ::run [ RunTime:0.002046s ]
INFO: [ route_check ] --END-- [ RunTime:0.002165s ]
INFO: [ app_begin ] --START--
INFO: ReadHtmlCache Behavior ::run [ RunTime:0.001339s ]
INFO: [ app_begin ] --END-- [ RunTime:0.001424s ]
SQL: SHOW COLUMNS FROM `app_dir` [ RunTime:0.001875s ]
SQL: SELECT * FROM `app_dir` WHERE ( `guid` = 'F4E4BBDCF61EB047443B47A0682A0C1A' ) LIMIT 1   [ RunTime:0.000836s ]
NOTIC: [2048] Declaration of ImpotAction::error() should be compatible with that of Action::error() D:\PHPnow\htdocs\dongya\lyda\Lib\Action\ImpotAction.class.php 第 75 行.

[ 2016-03-09T11:08:01+08:00 ] 113.105.192.69 /lyda/index.php/Content/index/pid/F4E4BBDCF61EB047443B47A0682A0C1A
INFO: [ route_check ] --START--
INFO: CheckRoute Behavior ::run [ RunTime:0.001936s ]
INFO: [ route_check ] --END-- [ RunTime:0.002095s ]
INFO: [ app_begin ] --START--
INFO: ReadHtmlCache Behavior ::run [ RunTime:0.001908s ]
INFO: [ app_begin ] --END-- [ RunTime:0.002055s ]
SQL: SHOW COLUMNS FROM `app_dir` [ RunTime:0.002151s ]
SQL: SELECT * FROM `app_dir` WHERE ( `guid` = 'F4E4BBDCF61EB047443B47A0682A0C1A' ) LIMIT 1   [ RunTime:0.000874s ]
NOTIC: [2048] Declaration of ImpotAction::error() should be compatible with that of Action::error() D:\PHPnow\htdocs\dongya\lyda\Lib\Action\ImpotAction.class.php 第 75 行.

[ 2016-03-09T11:08:01+08:00 ] 113.105.192.69 /lyda/index.php/Content/index/pid/F4E4BBDCF61EB047443B47A0682A0C1A
INFO: [ route_check ] --START--
INFO: CheckRoute Behavior ::run [ RunTime:0.002023s ]
INFO: [ route_check ] --END-- [ RunTime:0.002177s ]
INFO: [ app_begin ] --START--
INFO: ReadHtmlCache Behavior ::run [ RunTime:0.001458s ]
INFO: [ app_begin ] --END-- [ RunTime:0.001555s ]
SQL: SHOW COLUMNS FROM `app_dir` [ RunTime:0.001759s ]
SQL: SELECT * FROM `app_dir` WHERE ( `guid` = 'F4E4BBDCF61EB047443B47A0682A0C1A' ) LIMIT 1   [ RunTime:0.000682s ]
NOTIC: [2048] Declaration of ImpotAction::error() should be compatible with that of Action::error() D:\PHPnow\htdocs\dongya\lyda\Lib\Action\ImpotAction.class.php 第 75 行.

[ 2016-03-09T11:08:01+08:00 ] 113.105.192.69 /lyda/index.php/Content/index/pid/F4E4BBDCF61EB047443B47A0682A0C1A
INFO: [ route_check ] --START--
INFO: CheckRoute Behavior ::run [ RunTime:0.001705s ]
INFO: [ route_check ] --END-- [ RunTime:0.001824s ]
INFO: [ app_begin ] --START--
INFO: ReadHtmlCache Behavior ::run [ RunTime:0.002362s ]
INFO: [ app_begin ] --END-- [ RunTime:0.002507s ]
SQL: SHOW COLUMNS FROM `app_dir` [ RunTime:0.001971s ]
SQL: SELECT * FROM `app_dir` WHERE ( `guid` = 'F4E4BBDCF61EB047443B47A0682A0C1A' ) LIMIT 1   [ RunTime:0.000716s ]
NOTIC: [2048] Declaration of ImpotAction::error() should be compatible with that of Action::error() D:\PHPnow\htdocs\dongya\lyda\Lib\Action\ImpotAction.class.php 第 75 行.

[ 2016-03-09T11:08:01+08:00 ] 113.105.192.69 /lyda/index.php/Content/index/pid/F4E4BBDCF61EB047443B47A0682A0C1A
INFO: [ route_check ] --START--
INFO: CheckRoute Behavior ::run [ RunTime:0.001689s ]
INFO: [ route_check ] --END-- [ RunTime:0.001805s ]
INFO: [ app_begin ] --START--
INFO: ReadHtmlCache Behavior ::run [ RunTime:0.001332s ]
INFO: [ app_begin ] --END-- [ RunTime:0.001417s ]
SQL: SHOW COLUMNS FROM `app_dir` [ RunTime:0.001780s ]
SQL: SELECT * FROM `app_dir` WHERE ( `guid` = 'F4E4BBDCF61EB047443B47A0682A0C1A' ) LIMIT 1   [ RunTime:0.000710s ]
NOTIC: [2048] Declaration of ImpotAction::error() should be compatible with that of Action::error() D:\PHPnow\htdocs\dongya\lyda\Lib\Action\ImpotAction.class.php 第 75 行.

[ 2016-03-09T11:08:01+08:00 ] 113.105.192.69 /lyda/index.php/Content/index/pid/F4E4BBDCF61EB047443B47A0682A0C1A
INFO: [ route_check ] --START--
INFO: CheckRoute Behavior ::run [ RunTime:0.001689s ]
INFO: [ route_check ] --END-- [ RunTime:0.001807s ]
INFO: [ app_begin ] --START--
INFO: ReadHtmlCache Behavior ::run [ RunTime:0.001330s ]
INFO: [ app_begin ] --END-- [ RunTime:0.001415s ]
SQL: SHOW COLUMNS FROM `app_dir` [ RunTime:0.002043s ]
SQL: SELECT * FROM `app_dir` WHERE ( `guid` = 'F4E4BBDCF61EB047443B47A0682A0C1A' ) LIMIT 1   [ RunTime:0.000969s ]
NOTIC: [2048] Declaration of ImpotAction::error() should be compatible with that of Action::error() D:\PHPnow\htdocs\dongya\lyda\Lib\Action\ImpotAction.class.php 第 75 行.

[ 2016-03-09T11:08:01+08:00 ] 113.105.192.69 /lyda/index.php/Content/index/pid/F4E4BBDCF61EB047443B47A0682A0C1A
INFO: [ route_check ] --START--
INFO: CheckRoute Behavior ::run [ RunTime:0.001908s ]
INFO: [ route_check ] --END-- [ RunTime:0.002060s ]
INFO: [ app_begin ] --START--
INFO: ReadHtmlCache Behavior ::run [ RunTime:0.001351s ]
INFO: [ app_begin ] --END-- [ RunTime:0.001439s ]
SQL: SHOW COLUMNS FROM `app_dir` [ RunTime:0.001931s ]
SQL: SELECT * FROM `app_dir` WHERE ( `guid` = 'F4E4BBDCF61EB047443B47A0682A0C1A' ) LIMIT 1   [ RunTime:0.000767s ]
NOTIC: [2048] Declaration of ImpotAction::error() should be compatible with that of Action::error() D:\PHPnow\htdocs\dongya\lyda\Lib\Action\ImpotAction.class.php 第 75 行.

[ 2016-03-09T11:08:02+08:00 ] 113.105.192.69 /lyda/index.php/Content/index/pid/F4E4BBDCF61EB047443B47A0682A0C1A
INFO: [ route_check ] --START--
INFO: CheckRoute Behavior ::run [ RunTime:0.001845s ]
INFO: [ route_check ] --END-- [ RunTime:0.001975s ]
INFO: [ app_begin ] --START--
INFO: ReadHtmlCache Behavior ::run [ RunTime:0.001411s ]
INFO: [ app_begin ] --END-- [ RunTime:0.001502s ]
SQL: SHOW COLUMNS FROM `app_dir` [ RunTime:0.002095s ]
SQL: SELECT * FROM `app_dir` WHERE ( `guid` = 'F4E4BBDCF61EB047443B47A0682A0C1A' ) LIMIT 1   [ RunTime:0.000896s ]
NOTIC: [2048] Declaration of ImpotAction::error() should be compatible with that of Action::error() D:\PHPnow\htdocs\dongya\lyda\Lib\Action\ImpotAction.class.php 第 75 行.

[ 2016-03-09T11:08:02+08:00 ] 113.105.192.69 /lyda/index.php/Content/index/pid/F4E4BBDCF61EB047443B47A0682A0C1A
INFO: [ route_check ] --START--
INFO: CheckRoute Behavior ::run [ RunTime:0.001730s ]
INFO: [ route_check ] --END-- [ RunTime:0.001857s ]
INFO: [ app_begin ] --START--
INFO: ReadHtmlCache Behavior ::run [ RunTime:0.001333s ]
INFO: [ app_begin ] --END-- [ RunTime:0.001420s ]
SQL: SHOW COLUMNS FROM `app_dir` [ RunTime:0.001831s ]
SQL: SELECT * FROM `app_dir` WHERE ( `guid` = 'F4E4BBDCF61EB047443B47A0682A0C1A' ) LIMIT 1   [ RunTime:0.000699s ]
NOTIC: [2048] Declaration of ImpotAction::error() should be compatible with that of Action::error() D:\PHPnow\htdocs\dongya\lyda\Lib\Action\ImpotAction.class.php 第 75 行.

[ 2016-03-09T11:08:02+08:00 ] 113.105.192.69 /lyda/index.php/Content/index/pid/F4E4BBDCF61EB047443B47A0682A0C1A
INFO: [ route_check ] --START--
INFO: CheckRoute Behavior ::run [ RunTime:0.001729s ]
INFO: [ route_check ] --END-- [ RunTime:0.001843s ]
INFO: [ app_begin ] --START--
INFO: ReadHtmlCache Behavior ::run [ RunTime:0.001355s ]
INFO: [ app_begin ] --END-- [ RunTime:0.001442s ]
SQL: SHOW COLUMNS FROM `app_dir` [ RunTime:0.001817s ]
SQL: SELECT * FROM `app_dir` WHERE ( `guid` = 'F4E4BBDCF61EB047443B47A0682A0C1A' ) LIMIT 1   [ RunTime:0.000732s ]
NOTIC: [2048] Declaration of ImpotAction::error() should be compatible with that of Action::error() D:\PHPnow\htdocs\dongya\lyda\Lib\Action\ImpotAction.class.php 第 75 行.

[ 2016-03-09T11:08:02+08:00 ] 113.105.192.69 /lyda/index.php/Content/index/pid/F4E4BBDCF61EB047443B47A0682A0C1A
INFO: [ route_check ] --START--
INFO: CheckRoute Behavior ::run [ RunTime:0.001997s ]
INFO: [ route_check ] --END-- [ RunTime:0.002120s ]
INFO: [ app_begin ] --START--
INFO: ReadHtmlCache Behavior ::run [ RunTime:0.001926s ]
INFO: [ app_begin ] --END-- [ RunTime:0.002025s ]
SQL: SHOW COLUMNS FROM `app_dir` [ RunTime:0.001756s ]
SQL: SELECT * FROM `app_dir` WHERE ( `guid` = 'F4E4BBDCF61EB047443B47A0682A0C1A' ) LIMIT 1   [ RunTime:0.000683s ]
NOTIC: [2048] Declaration of ImpotAction::error() should be compatible with that of Action::error() D:\PHPnow\htdocs\dongya\lyda\Lib\Action\ImpotAction.class.php 第 75 行.

[ 2016-03-09T14:25:22+08:00 ] 183.62.183.114 /lyda/index.php/Index/index/groupid/43C1549E222DE8BCFD975AEF5F44443A
INFO: [ route_check ] --START--
INFO: CheckRoute Behavior ::run [ RunTime:0.000929s ]
INFO: [ route_check ] --END-- [ RunTime:0.001029s ]
INFO: [ app_begin ] --START--
INFO: ReadHtmlCache Behavior ::run [ RunTime:0.000697s ]
INFO: [ app_begin ] --END-- [ RunTime:0.000783s ]
NOTIC: [2048] Declaration of ImpotAction::error() should be compatible with that of Action::error() D:\PHPnow\htdocs\dongya\lyda\Lib\Action\ImpotAction.class.php 第 75 行.
SQL: SHOW COLUMNS FROM `app_group` [ RunTime:0.001620s ]
SQL: SELECT * FROM `app_group` WHERE ( `guid` = '43C1549E222DE8BCFD975AEF5F44443A' ) LIMIT 1   [ RunTime:0.000734s ]
SQL: SELECT * FROM `app_group` WHERE ( `guid` = '43C1549E222DE8BCFD975AEF5F44443A' ) LIMIT 1   [ RunTime:0.000217s ]
SQL: SELECT * FROM `app_group` WHERE ( `guid` = '43C1549E222DE8BCFD975AEF5F44443A' ) LIMIT 1   [ RunTime:0.000215s ]
INFO: [ view_parse ] --START--
NOTIC: [8] Undefined index:  error D:\PHPnow\htdocs\dongya\lyda\Runtime\Cache\56e2620824352560a81a2c90b6162793.php 第 145 行.
INFO: ParseTemplate Behavior ::run [ RunTime:0.036379s ]
INFO: [ view_parse ] --END-- [ RunTime:0.036524s ]
INFO: [ view_filter ] --START--
INFO: ContentReplace Behavior ::run [ RunTime:0.001830s ]
INFO: TokenBuild Behavior ::run [ RunTime:0.001927s ]
INFO: WriteHtmlCache Behavior ::run [ RunTime:0.000795s ]
INFO: ShowRuntime Behavior ::run [ RunTime:0.001306s ]
INFO: [ view_filter ] --END-- [ RunTime:0.006239s ]
INFO: [ view_end ] --START--
INFO: ShowPageTrace Behavior ::run [ RunTime:0.001689s ]
INFO: [ view_end ] --END-- [ RunTime:0.001798s ]

[ 2016-03-09T14:25:23+08:00 ] 111.206.36.11 /lyda/index.php/Index/index/groupid/43C1549E222DE8BCFD975AEF5F44443A
INFO: [ route_check ] --START--
INFO: CheckRoute Behavior ::run [ RunTime:0.001081s ]
INFO: [ route_check ] --END-- [ RunTime:0.001204s ]
INFO: [ app_begin ] --START--
INFO: ReadHtmlCache Behavior ::run [ RunTime:0.000624s ]
INFO: [ app_begin ] --END-- [ RunTime:0.000709s ]
NOTIC: [2048] Declaration of ImpotAction::error() should be compatible with that of Action::error() D:\PHPnow\htdocs\dongya\lyda\Lib\Action\ImpotAction.class.php 第 75 行.
SQL: SHOW COLUMNS FROM `app_group` [ RunTime:0.001519s ]
SQL: SELECT * FROM `app_group` WHERE ( `guid` = '43C1549E222DE8BCFD975AEF5F44443A' ) LIMIT 1   [ RunTime:0.000671s ]
SQL: SELECT * FROM `app_group` WHERE ( `guid` = '43C1549E222DE8BCFD975AEF5F44443A' ) LIMIT 1   [ RunTime:0.000211s ]

[ 2016-03-09T14:25:25+08:00 ] 183.62.183.114 /lyda/index.php/Index/index/groupid/43C1549E222DE8BCFD975AEF5F44443A
INFO: [ route_check ] --START--
INFO: CheckRoute Behavior ::run [ RunTime:0.000968s ]
INFO: [ route_check ] --END-- [ RunTime:0.001082s ]
INFO: [ app_begin ] --START--
INFO: ReadHtmlCache Behavior ::run [ RunTime:0.000610s ]
INFO: [ app_begin ] --END-- [ RunTime:0.000694s ]
NOTIC: [2048] Declaration of ImpotAction::error() should be compatible with that of Action::error() D:\PHPnow\htdocs\dongya\lyda\Lib\Action\ImpotAction.class.php 第 75 行.
SQL: SHOW COLUMNS FROM `app_group` [ RunTime:0.001531s ]
SQL: SELECT * FROM `app_group` WHERE ( `guid` = '43C1549E222DE8BCFD975AEF5F44443A' ) LIMIT 1   [ RunTime:0.000659s ]
SQL: SELECT * FROM `app_group` WHERE ( `guid` = '43C1549E222DE8BCFD975AEF5F44443A' ) LIMIT 1   [ RunTime:0.000210s ]
SQL: SELECT * FROM `app_group` WHERE ( `guid` = '43C1549E222DE8BCFD975AEF5F44443A' ) LIMIT 1   [ RunTime:0.000215s ]
INFO: [ view_parse ] --START--
NOTIC: [8] Undefined index:  error D:\PHPnow\htdocs\dongya\lyda\Runtime\Cache\56e2620824352560a81a2c90b6162793.php 第 145 行.
INFO: ParseTemplate Behavior ::run [ RunTime:0.018330s ]
INFO: [ view_parse ] --END-- [ RunTime:0.018429s ]
INFO: [ view_filter ] --START--
INFO: ContentReplace Behavior ::run [ RunTime:0.001140s ]
INFO: TokenBuild Behavior ::run [ RunTime:0.001120s ]
INFO: WriteHtmlCache Behavior ::run [ RunTime:0.000481s ]
INFO: ShowRuntime Behavior ::run [ RunTime:0.001217s ]
INFO: [ view_filter ] --END-- [ RunTime:0.004201s ]
INFO: [ view_end ] --START--
INFO: ShowPageTrace Behavior ::run [ RunTime:0.001368s ]
INFO: [ view_end ] --END-- [ RunTime:0.001446s ]

[ 2016-03-09T14:25:27+08:00 ] 183.62.183.114 /lyda/index.php/Code/index/groupid/43C1549E222DE8BCFD975AEF5F44443A
INFO: [ route_check ] --START--
INFO: CheckRoute Behavior ::run [ RunTime:0.000978s ]
INFO: [ route_check ] --END-- [ RunTime:0.001111s ]
INFO: [ app_begin ] --START--
INFO: ReadHtmlCache Behavior ::run [ RunTime:0.000793s ]
INFO: [ app_begin ] --END-- [ RunTime:0.000961s ]
NOTIC: [2048] Declaration of ImpotAction::error() should be compatible with that of Action::error() D:\PHPnow\htdocs\dongya\lyda\Lib\Action\ImpotAction.class.php 第 75 行.
SQL: SHOW COLUMNS FROM `app_group` [ RunTime:0.001547s ]
SQL: SELECT * FROM `app_group` WHERE ( `guid` = '43C1549E222DE8BCFD975AEF5F44443A' ) LIMIT 1   [ RunTime:0.000672s ]
SQL: SELECT * FROM `app_group` WHERE ( `guid` = '43C1549E222DE8BCFD975AEF5F44443A' ) LIMIT 1   [ RunTime:0.000213s ]
SQL: SHOW COLUMNS FROM `app_code` [ RunTime:0.001730s ]
SQL: SELECT * FROM `app_code` WHERE ( groupid='43C1549E222DE8BCFD975AEF5F44443A' ) ORDER BY time desc LIMIT 0,20   [ RunTime:0.000725s ]
SQL: SELECT COUNT(*) AS tp_count FROM `app_code` WHERE ( groupid='43C1549E222DE8BCFD975AEF5F44443A' ) LIMIT 1   [ RunTime:0.000231s ]
SQL: SELECT * FROM `app_group` WHERE ( `guid` = '43C1549E222DE8BCFD975AEF5F44443A' ) LIMIT 1   [ RunTime:0.000237s ]
INFO: [ view_parse ] --START--
NOTIC: [8] Undefined index:  error D:\PHPnow\htdocs\dongya\lyda\Runtime\Cache\16b3f84a4eeef5578398a1255fc3f30a.php 第 93 行.
INFO: ParseTemplate Behavior ::run [ RunTime:0.023731s ]
INFO: [ view_parse ] --END-- [ RunTime:0.023846s ]
INFO: [ view_filter ] --START--
INFO: ContentReplace Behavior ::run [ RunTime:0.001212s ]
INFO: TokenBuild Behavior ::run [ RunTime:0.001173s ]
INFO: WriteHtmlCache Behavior ::run [ RunTime:0.000464s ]
INFO: ShowRuntime Behavior ::run [ RunTime:0.001212s ]
INFO: [ view_filter ] --END-- [ RunTime:0.004288s ]
INFO: [ view_end ] --START--
INFO: ShowPageTrace Behavior ::run [ RunTime:0.001420s ]
INFO: [ view_end ] --END-- [ RunTime:0.001504s ]

[ 2016-03-09T14:25:31+08:00 ] 183.62.183.114 /lyda/index.php/code/add/groupid/43C1549E222DE8BCFD975AEF5F44443A
INFO: [ route_check ] --START--
INFO: CheckRoute Behavior ::run [ RunTime:0.000967s ]
INFO: [ route_check ] --END-- [ RunTime:0.001087s ]
INFO: [ app_begin ] --START--
INFO: ReadHtmlCache Behavior ::run [ RunTime:0.000647s ]
INFO: [ app_begin ] --END-- [ RunTime:0.000734s ]
NOTIC: [2048] Declaration of ImpotAction::error() should be compatible with that of Action::error() D:\PHPnow\htdocs\dongya\lyda\Lib\Action\ImpotAction.class.php 第 75 行.
SQL: SHOW COLUMNS FROM `app_group` [ RunTime:0.002147s ]
SQL: SELECT * FROM `app_group` WHERE ( `guid` = '43C1549E222DE8BCFD975AEF5F44443A' ) LIMIT 1   [ RunTime:0.000759s ]
SQL: SELECT * FROM `app_group` WHERE ( `guid` = '43C1549E222DE8BCFD975AEF5F44443A' ) LIMIT 1   [ RunTime:0.000214s ]
SQL: SELECT * FROM `app_group` WHERE ( `guid` = '43C1549E222DE8BCFD975AEF5F44443A' ) LIMIT 1   [ RunTime:0.000231s ]
INFO: [ view_parse ] --START--
NOTIC: [8] Undefined index:  error D:\PHPnow\htdocs\dongya\lyda\Runtime\Cache\2534290193f236babcf3606e520f7244.php 第 108 行.
INFO: ParseTemplate Behavior ::run [ RunTime:0.020220s ]
INFO: [ view_parse ] --END-- [ RunTime:0.020331s ]
INFO: [ view_filter ] --START--
INFO: ContentReplace Behavior ::run [ RunTime:0.001238s ]
INFO: TokenBuild Behavior ::run [ RunTime:0.001122s ]
INFO: WriteHtmlCache Behavior ::run [ RunTime:0.000467s ]
INFO: ShowRuntime Behavior ::run [ RunTime:0.001202s ]
INFO: [ view_filter ] --END-- [ RunTime:0.004254s ]
INFO: [ view_end ] --START--
INFO: ShowPageTrace Behavior ::run [ RunTime:0.001387s ]
INFO: [ view_end ] --END-- [ RunTime:0.001468s ]

[ 2016-03-09T14:25:33+08:00 ] 111.206.36.133 /lyda/index.php/code/add/groupid/43C1549E222DE8BCFD975AEF5F44443A
INFO: [ route_check ] --START--
INFO: CheckRoute Behavior ::run [ RunTime:0.000953s ]
INFO: [ route_check ] --END-- [ RunTime:0.001076s ]
INFO: [ app_begin ] --START--
INFO: ReadHtmlCache Behavior ::run [ RunTime:0.000622s ]
INFO: [ app_begin ] --END-- [ RunTime:0.000718s ]
NOTIC: [2048] Declaration of ImpotAction::error() should be compatible with that of Action::error() D:\PHPnow\htdocs\dongya\lyda\Lib\Action\ImpotAction.class.php 第 75 行.
SQL: SHOW COLUMNS FROM `app_group` [ RunTime:0.001560s ]
SQL: SELECT * FROM `app_group` WHERE ( `guid` = '43C1549E222DE8BCFD975AEF5F44443A' ) LIMIT 1   [ RunTime:0.000672s ]
SQL: SELECT * FROM `app_group` WHERE ( `guid` = '43C1549E222DE8BCFD975AEF5F44443A' ) LIMIT 1   [ RunTime:0.000207s ]

[ 2016-03-09T14:25:53+08:00 ] 183.62.183.114 /lyda/index.php/code/submit_add
INFO: [ route_check ] --START--
INFO: CheckRoute Behavior ::run [ RunTime:0.001254s ]
INFO: [ route_check ] --END-- [ RunTime:0.001408s ]
INFO: [ app_begin ] --START--
INFO: ReadHtmlCache Behavior ::run [ RunTime:0.000632s ]
INFO: [ app_begin ] --END-- [ RunTime:0.000721s ]
NOTIC: [2048] Declaration of ImpotAction::error() should be compatible with that of Action::error() D:\PHPnow\htdocs\dongya\lyda\Lib\Action\ImpotAction.class.php 第 75 行.
SQL: SHOW COLUMNS FROM `app_group` [ RunTime:0.001529s ]
SQL: SELECT * FROM `app_group` WHERE ( `guid` = '43C1549E222DE8BCFD975AEF5F44443A' ) LIMIT 1   [ RunTime:0.000666s ]
SQL: SELECT * FROM `app_group` WHERE ( `guid` = '43C1549E222DE8BCFD975AEF5F44443A' ) LIMIT 1   [ RunTime:0.000212s ]
SQL: SHOW COLUMNS FROM `app_code` [ RunTime:0.001409s ]
SQL: SELECT * FROM `app_code` WHERE ( `username` = 'F1076944' ) LIMIT 1   [ RunTime:0.000660s ]
SQL: SHOW COLUMNS FROM `app_code` [ RunTime:0.001409s ]
SQL: INSERT INTO `app_code` (`username`,`password`,`nickname`,`phone`,`address`,`groupid`,`guid`,`uid`,`time`) VALUES ('F1076944','12345678','叶志安','','东莞大朗','43C1549E222DE8BCFD975AEF5F44443A','2EC2D25654AD4FF09185D1C20808A189',4,1457504753) [ RunTime:0.000662s ]

[ 2016-03-09T14:25:53+08:00 ] 183.62.183.114 /lyda/index.php/Code/index/groupid/43C1549E222DE8BCFD975AEF5F44443A
INFO: [ route_check ] --START--
INFO: CheckRoute Behavior ::run [ RunTime:0.000941s ]
INFO: [ route_check ] --END-- [ RunTime:0.001045s ]
INFO: [ app_begin ] --START--
INFO: ReadHtmlCache Behavior ::run [ RunTime:0.000630s ]
INFO: [ app_begin ] --END-- [ RunTime:0.000715s ]
NOTIC: [2048] Declaration of ImpotAction::error() should be compatible with that of Action::error() D:\PHPnow\htdocs\dongya\lyda\Lib\Action\ImpotAction.class.php 第 75 行.
SQL: SHOW COLUMNS FROM `app_group` [ RunTime:0.001551s ]
SQL: SELECT * FROM `app_group` WHERE ( `guid` = '43C1549E222DE8BCFD975AEF5F44443A' ) LIMIT 1   [ RunTime:0.000681s ]
SQL: SELECT * FROM `app_group` WHERE ( `guid` = '43C1549E222DE8BCFD975AEF5F44443A' ) LIMIT 1   [ RunTime:0.000210s ]
SQL: SHOW COLUMNS FROM `app_code` [ RunTime:0.001437s ]
SQL: SELECT * FROM `app_code` WHERE ( groupid='43C1549E222DE8BCFD975AEF5F44443A' ) ORDER BY time desc LIMIT 0,20   [ RunTime:0.000728s ]
SQL: SELECT COUNT(*) AS tp_count FROM `app_code` WHERE ( groupid='43C1549E222DE8BCFD975AEF5F44443A' ) LIMIT 1   [ RunTime:0.000242s ]
SQL: SELECT * FROM `app_group` WHERE ( `guid` = '43C1549E222DE8BCFD975AEF5F44443A' ) LIMIT 1   [ RunTime:0.000225s ]
INFO: [ view_parse ] --START--
INFO: ParseTemplate Behavior ::run [ RunTime:0.020555s ]
INFO: [ view_parse ] --END-- [ RunTime:0.020724s ]
INFO: [ view_filter ] --START--
INFO: ContentReplace Behavior ::run [ RunTime:0.001216s ]
INFO: TokenBuild Behavior ::run [ RunTime:0.001227s ]
INFO: WriteHtmlCache Behavior ::run [ RunTime:0.000627s ]
INFO: ShowRuntime Behavior ::run [ RunTime:0.001751s ]
INFO: [ view_filter ] --END-- [ RunTime:0.005067s ]
INFO: [ view_end ] --START--
INFO: ShowPageTrace Behavior ::run [ RunTime:0.001428s ]
INFO: [ view_end ] --END-- [ RunTime:0.001518s ]

[ 2016-03-09T14:25:55+08:00 ] 183.62.183.114 /lyda/index.php/Index/unseterror
INFO: [ route_check ] --START--
INFO: CheckRoute Behavior ::run [ RunTime:0.000973s ]
INFO: [ route_check ] --END-- [ RunTime:0.001075s ]
INFO: [ app_begin ] --START--
INFO: ReadHtmlCache Behavior ::run [ RunTime:0.000610s ]
INFO: [ app_begin ] --END-- [ RunTime:0.000686s ]

[ 2016-03-09T14:26:16+08:00 ] 183.62.183.114 /lyda/index.php/Index/index/groupid/43C1549E222DE8BCFD975AEF5F44443A
INFO: [ route_check ] --START--
INFO: CheckRoute Behavior ::run [ RunTime:0.000946s ]
INFO: [ route_check ] --END-- [ RunTime:0.001056s ]
INFO: [ app_begin ] --START--
INFO: ReadHtmlCache Behavior ::run [ RunTime:0.000609s ]
INFO: [ app_begin ] --END-- [ RunTime:0.000694s ]
NOTIC: [2048] Declaration of ImpotAction::error() should be compatible with that of Action::error() D:\PHPnow\htdocs\dongya\lyda\Lib\Action\ImpotAction.class.php 第 75 行.
SQL: SHOW COLUMNS FROM `app_group` [ RunTime:0.002010s ]
SQL: SELECT * FROM `app_group` WHERE ( `guid` = '43C1549E222DE8BCFD975AEF5F44443A' ) LIMIT 1   [ RunTime:0.000680s ]
SQL: SELECT * FROM `app_group` WHERE ( `guid` = '43C1549E222DE8BCFD975AEF5F44443A' ) LIMIT 1   [ RunTime:0.000213s ]
SQL: SELECT * FROM `app_group` WHERE ( `guid` = '43C1549E222DE8BCFD975AEF5F44443A' ) LIMIT 1   [ RunTime:0.000213s ]
INFO: [ view_parse ] --START--
NOTIC: [8] Undefined index:  error D:\PHPnow\htdocs\dongya\lyda\Runtime\Cache\56e2620824352560a81a2c90b6162793.php 第 145 行.
INFO: ParseTemplate Behavior ::run [ RunTime:0.018665s ]
INFO: [ view_parse ] --END-- [ RunTime:0.018761s ]
INFO: [ view_filter ] --START--
INFO: ContentReplace Behavior ::run [ RunTime:0.001237s ]
INFO: TokenBuild Behavior ::run [ RunTime:0.001148s ]
INFO: WriteHtmlCache Behavior ::run [ RunTime:0.000485s ]
INFO: ShowRuntime Behavior ::run [ RunTime:0.001339s ]
INFO: [ view_filter ] --END-- [ RunTime:0.004432s ]
INFO: [ view_end ] --START--
INFO: ShowPageTrace Behavior ::run [ RunTime:0.001412s ]
INFO: [ view_end ] --END-- [ RunTime:0.001501s ]

[ 2016-03-09T14:26:20+08:00 ] 183.62.183.114 /lyda/index.php/index/backup/filename/43C1549E222DE8BCFD975AEF5F44443A_1457504776/groupid/43C1549E222DE8BCFD975AEF5F44443A
INFO: [ route_check ] --START--
INFO: CheckRoute Behavior ::run [ RunTime:0.001026s ]
INFO: [ route_check ] --END-- [ RunTime:0.001155s ]
INFO: [ app_begin ] --START--
INFO: ReadHtmlCache Behavior ::run [ RunTime:0.000667s ]
INFO: [ app_begin ] --END-- [ RunTime:0.000758s ]
NOTIC: [2048] Declaration of ImpotAction::error() should be compatible with that of Action::error() D:\PHPnow\htdocs\dongya\lyda\Lib\Action\ImpotAction.class.php 第 75 行.
SQL: SHOW COLUMNS FROM `app_group` [ RunTime:0.001866s ]
SQL: SELECT * FROM `app_group` WHERE ( `guid` = '43C1549E222DE8BCFD975AEF5F44443A' ) LIMIT 1   [ RunTime:0.000773s ]
SQL: SELECT * FROM `app_group` WHERE ( `guid` = '43C1549E222DE8BCFD975AEF5F44443A' ) LIMIT 1   [ RunTime:0.000236s ]
NOTIC: [2] Missing argument 1 for Model::query(), called in D:\PHPnow\htdocs\dongya\lyda\Lib\Action\IndexAction.class.php on line 33 and defined D:\PHPnow\htdocs\dongya\XThinkPHP\Lib\Core\Model.class.php 第 1119 行.
NOTIC: [8] Undefined variable: sql D:\PHPnow\htdocs\dongya\XThinkPHP\Lib\Core\Model.class.php 第 1124 行.
SQL:  [ RunTime:0.000135s ]
ERR: 1065:Query was empty
NOTIC: [2] Missing argument 1 for Model::query(), called in D:\PHPnow\htdocs\dongya\lyda\Lib\Action\IndexAction.class.php on line 33 and defined D:\PHPnow\htdocs\dongya\XThinkPHP\Lib\Core\Model.class.php 第 1119 行.
NOTIC: [8] Undefined variable: sql D:\PHPnow\htdocs\dongya\XThinkPHP\Lib\Core\Model.class.php 第 1124 行.
SQL:  [ RunTime:0.000775s ]
ERR: 1065:Query was empty
NOTIC: [2] Missing argument 1 for Model::query(), called in D:\PHPnow\htdocs\dongya\lyda\Lib\Action\IndexAction.class.php on line 33 and defined D:\PHPnow\htdocs\dongya\XThinkPHP\Lib\Core\Model.class.php 第 1119 行.
NOTIC: [8] Undefined variable: sql D:\PHPnow\htdocs\dongya\XThinkPHP\Lib\Core\Model.class.php 第 1124 行.
SQL:  [ RunTime:0.000229s ]
ERR: 1065:Query was empty
NOTIC: [2] Missing argument 1 for Model::query(), called in D:\PHPnow\htdocs\dongya\lyda\Lib\Action\IndexAction.class.php on line 33 and defined D:\PHPnow\htdocs\dongya\XThinkPHP\Lib\Core\Model.class.php 第 1119 行.
NOTIC: [8] Undefined variable: sql D:\PHPnow\htdocs\dongya\XThinkPHP\Lib\Core\Model.class.php 第 1124 行.
SQL:  [ RunTime:0.000153s ]
ERR: 1065:Query was empty
NOTIC: [2] Missing argument 1 for Model::query(), called in D:\PHPnow\htdocs\dongya\lyda\Lib\Action\IndexAction.class.php on line 33 and defined D:\PHPnow\htdocs\dongya\XThinkPHP\Lib\Core\Model.class.php 第 1119 行.
NOTIC: [8] Undefined variable: sql D:\PHPnow\htdocs\dongya\XThinkPHP\Lib\Core\Model.class.php 第 1124 行.
SQL:  [ RunTime:0.000160s ]
ERR: 1065:Query was empty
NOTIC: [2] Missing argument 1 for Model::query(), called in D:\PHPnow\htdocs\dongya\lyda\Lib\Action\IndexAction.class.php on line 33 and defined D:\PHPnow\htdocs\dongya\XThinkPHP\Lib\Core\Model.class.php 第 1119 行.
NOTIC: [8] Undefined variable: sql D:\PHPnow\htdocs\dongya\XThinkPHP\Lib\Core\Model.class.php 第 1124 行.
SQL:  [ RunTime:0.000388s ]
ERR: 1065:Query was empty
NOTIC: [2] Missing argument 1 for Model::query(), called in D:\PHPnow\htdocs\dongya\lyda\Lib\Action\IndexAction.class.php on line 33 and defined D:\PHPnow\htdocs\dongya\XThinkPHP\Lib\Core\Model.class.php 第 1119 行.
NOTIC: [8] Undefined variable: sql D:\PHPnow\htdocs\dongya\XThinkPHP\Lib\Core\Model.class.php 第 1124 行.
SQL:  [ RunTime:0.000302s ]
ERR: 1065:Query was empty
NOTIC: [2] Missing argument 1 for Model::query(), called in D:\PHPnow\htdocs\dongya\lyda\Lib\Action\IndexAction.class.php on line 33 and defined D:\PHPnow\htdocs\dongya\XThinkPHP\Lib\Core\Model.class.php 第 1119 行.
NOTIC: [8] Undefined variable: sql D:\PHPnow\htdocs\dongya\XThinkPHP\Lib\Core\Model.class.php 第 1124 行.
SQL:  [ RunTime:0.000205s ]
ERR: 1065:Query was empty
NOTIC: [2] Missing argument 1 for Model::query(), called in D:\PHPnow\htdocs\dongya\lyda\Lib\Action\IndexAction.class.php on line 33 and defined D:\PHPnow\htdocs\dongya\XThinkPHP\Lib\Core\Model.class.php 第 1119 行.
NOTIC: [8] Undefined variable: sql D:\PHPnow\htdocs\dongya\XThinkPHP\Lib\Core\Model.class.php 第 1124 行.
SQL:  [ RunTime:0.000152s ]
ERR: 1065:Query was empty
NOTIC: [2] Missing argument 1 for Model::query(), called in D:\PHPnow\htdocs\dongya\lyda\Lib\Action\IndexAction.class.php on line 33 and defined D:\PHPnow\htdocs\dongya\XThinkPHP\Lib\Core\Model.class.php 第 1119 行.
NOTIC: [8] Undefined variable: sql D:\PHPnow\htdocs\dongya\XThinkPHP\Lib\Core\Model.class.php 第 1124 行.
SQL:  [ RunTime:0.000142s ]
ERR: 1065:Query was empty
NOTIC: [2] Missing argument 1 for Model::query(), called in D:\PHPnow\htdocs\dongya\lyda\Lib\Action\IndexAction.class.php on line 33 and defined D:\PHPnow\htdocs\dongya\XThinkPHP\Lib\Core\Model.class.php 第 1119 行.
NOTIC: [8] Undefined variable: sql D:\PHPnow\htdocs\dongya\XThinkPHP\Lib\Core\Model.class.php 第 1124 行.
SQL:  [ RunTime:0.000142s ]
ERR: 1065:Query was empty
NOTIC: [2] Missing argument 1 for Model::query(), called in D:\PHPnow\htdocs\dongya\lyda\Lib\Action\IndexAction.class.php on line 33 and defined D:\PHPnow\htdocs\dongya\XThinkPHP\Lib\Core\Model.class.php 第 1119 行.
NOTIC: [8] Undefined variable: sql D:\PHPnow\htdocs\dongya\XThinkPHP\Lib\Core\Model.class.php 第 1124 行.
SQL:  [ RunTime:0.000144s ]
ERR: 1065:Query was empty
NOTIC: [2] Missing argument 1 for Model::query(), called in D:\PHPnow\htdocs\dongya\lyda\Lib\Action\IndexAction.class.php on line 33 and defined D:\PHPnow\htdocs\dongya\XThinkPHP\Lib\Core\Model.class.php 第 1119 行.
NOTIC: [8] Undefined variable: sql D:\PHPnow\htdocs\dongya\XThinkPHP\Lib\Core\Model.class.php 第 1124 行.
SQL:  [ RunTime:0.000336s ]
ERR: 1065:Query was empty
NOTIC: [2] Missing argument 1 for Model::query(), called in D:\PHPnow\htdocs\dongya\lyda\Lib\Action\IndexAction.class.php on line 33 and defined D:\PHPnow\htdocs\dongya\XThinkPHP\Lib\Core\Model.class.php 第 1119 行.
NOTIC: [8] Undefined variable: sql D:\PHPnow\htdocs\dongya\XThinkPHP\Lib\Core\Model.class.php 第 1124 行.
SQL:  [ RunTime:0.000140s ]
ERR: 1065:Query was empty
NOTIC: [2] mysql_fetch_assoc(): supplied argument is not a valid MySQL result resource D:\PHPnow\htdocs\dongya\lyda\Lib\Action\IndexAction.class.php 第 35 行.
NOTIC: [2] Missing argument 1 for Model::query(), called in D:\PHPnow\htdocs\dongya\lyda\Lib\Action\IndexAction.class.php on line 33 and defined D:\PHPnow\htdocs\dongya\XThinkPHP\Lib\Core\Model.class.php 第 1119 行.
NOTIC: [8] Undefined variable: sql D:\PHPnow\htdocs\dongya\XThinkPHP\Lib\Core\Model.class.php 第 1124 行.
SQL:  [ RunTime:0.000137s ]
ERR: 1065:Query was empty
NOTIC: [2] mysql_fetch_assoc(): supplied argument is not a valid MySQL result resource D:\PHPnow\htdocs\dongya\lyda\Lib\Action\IndexAction.class.php 第 35 行.

[ 2016-03-09T14:26:20+08:00 ] 183.62.183.114 /lyda/index.php/index/movedb/filename/43C1549E222DE8BCFD975AEF5F44443A_1457504776/groupid/43C1549E222DE8BCFD975AEF5F44443A
INFO: [ route_check ] --START--
INFO: CheckRoute Behavior ::run [ RunTime:0.001020s ]
INFO: [ route_check ] --END-- [ RunTime:0.001152s ]
INFO: [ app_begin ] --START--
INFO: ReadHtmlCache Behavior ::run [ RunTime:0.000764s ]
INFO: [ app_begin ] --END-- [ RunTime:0.000849s ]
SQL: SHOW COLUMNS FROM `app_group` [ RunTime:0.001532s ]
SQL: SELECT * FROM `app_group` WHERE ( `guid` = '43C1549E222DE8BCFD975AEF5F44443A' ) LIMIT 1   [ RunTime:0.000753s ]

