[ 2016-04-13T10:09:24+08:00 ] 112.75.252.141 /lyda/index.php/Index/index/groupid/436D3F290AFDF8DF9BE1D77C8B4C9E4C
INFO: [ route_check ] --START--
INFO: CheckRoute Behavior ::run [ RunTime:0.000949s ]
INFO: [ route_check ] --END-- [ RunTime:0.001054s ]
INFO: [ app_begin ] --START--
INFO: ReadHtmlCache Behavior ::run [ RunTime:0.000811s ]
INFO: [ app_begin ] --END-- [ RunTime:0.000913s ]
NOTIC: [2048] Declaration of ImpotAction::error() should be compatible with that of Action::error() D:\PHPnow\htdocs\dongya\lyda\Lib\Action\ImpotAction.class.php 第 75 行.
SQL: SHOW COLUMNS FROM `app_group` [ RunTime:0.001745s ]
SQL: SELECT * FROM `app_group` WHERE ( `guid` = '436D3F290AFDF8DF9BE1D77C8B4C9E4C' ) LIMIT 1   [ RunTime:0.000714s ]
SQL: SELECT * FROM `app_group` WHERE ( `guid` = '436D3F290AFDF8DF9BE1D77C8B4C9E4C' ) LIMIT 1   [ RunTime:0.000214s ]
SQL: SELECT * FROM `app_group` WHERE ( `guid` = '436D3F290AFDF8DF9BE1D77C8B4C9E4C' ) LIMIT 1   [ RunTime:0.000219s ]
INFO: [ view_parse ] --START--
NOTIC: [8] Undefined index:  error D:\PHPnow\htdocs\dongya\lyda\Runtime\Cache\36822e0a35711c8a4b84b9210af18478.php 第 162 行.
INFO: ParseTemplate Behavior ::run [ RunTime:0.049942s ]
INFO: [ view_parse ] --END-- [ RunTime:0.050061s ]
INFO: [ view_filter ] --START--
INFO: ContentReplace Behavior ::run [ RunTime:0.001260s ]
INFO: TokenBuild Behavior ::run [ RunTime:0.001205s ]
INFO: WriteHtmlCache Behavior ::run [ RunTime:0.001014s ]
INFO: ShowRuntime Behavior ::run [ RunTime:0.001248s ]
INFO: [ view_filter ] --END-- [ RunTime:0.004967s ]
INFO: [ view_end ] --START--
INFO: ShowPageTrace Behavior ::run [ RunTime:0.001705s ]
INFO: [ view_end ] --END-- [ RunTime:0.001792s ]

[ 2016-04-13T10:09:48+08:00 ] 112.75.252.141 /lyda/index.php/Prodir/index/groupid/436D3F290AFDF8DF9BE1D77C8B4C9E4C
INFO: [ route_check ] --START--
INFO: CheckRoute Behavior ::run [ RunTime:0.000961s ]
INFO: [ route_check ] --END-- [ RunTime:0.001071s ]
INFO: [ app_begin ] --START--
INFO: ReadHtmlCache Behavior ::run [ RunTime:0.000796s ]
INFO: [ app_begin ] --END-- [ RunTime:0.000880s ]
NOTIC: [2048] Declaration of ImpotAction::error() should be compatible with that of Action::error() D:\PHPnow\htdocs\dongya\lyda\Lib\Action\ImpotAction.class.php 第 75 行.
SQL: SHOW COLUMNS FROM `app_group` [ RunTime:0.001579s ]
SQL: SELECT * FROM `app_group` WHERE ( `guid` = '436D3F290AFDF8DF9BE1D77C8B4C9E4C' ) LIMIT 1   [ RunTime:0.000672s ]
SQL: SELECT * FROM `app_group` WHERE ( `guid` = '436D3F290AFDF8DF9BE1D77C8B4C9E4C' ) LIMIT 1   [ RunTime:0.000214s ]
SQL: SHOW COLUMNS FROM `app_prodir` [ RunTime:0.031073s ]
SQL: SELECT * FROM `app_prodir` WHERE ( guid='0' ) LIMIT 1   [ RunTime:0.000322s ]
SQL: SELECT * FROM `app_prodir` WHERE ( groupid="436D3F290AFDF8DF9BE1D77C8B4C9E4C" and pid="0" ) ORDER BY sort,time desc  [ RunTime:0.015353s ]
SQL: SELECT * FROM `app_group` WHERE ( `guid` = '436D3F290AFDF8DF9BE1D77C8B4C9E4C' ) LIMIT 1   [ RunTime:0.000331s ]
INFO: [ view_parse ] --START--
NOTIC: [8] Undefined index:  error D:\PHPnow\htdocs\dongya\lyda\Runtime\Cache\35f294def6242e8da5435adf12be45af.php 第 110 行.
SQL: SHOW COLUMNS FROM `app_pro` [ RunTime:0.002893s ]
SQL: SELECT COUNT(*) AS tp_count FROM `app_pro` WHERE ( pid="FF6B64E5D7A6F1BA10AE5E013C91780F" ) LIMIT 1   [ RunTime:0.027812s ]
SQL: SELECT COUNT(*) AS tp_count FROM `app_prodir` WHERE ( pid="FF6B64E5D7A6F1BA10AE5E013C91780F" ) LIMIT 1   [ RunTime:0.000348s ]
SQL: SELECT COUNT(*) AS tp_count FROM `app_pro` WHERE ( pid="A398836F4370952B2988257F69DB4C74" ) LIMIT 1   [ RunTime:0.001265s ]
SQL: SELECT COUNT(*) AS tp_count FROM `app_prodir` WHERE ( pid="A398836F4370952B2988257F69DB4C74" ) LIMIT 1   [ RunTime:0.000304s ]
SQL: SELECT COUNT(*) AS tp_count FROM `app_pro` WHERE ( pid="150F28E3C7FB3806F950CE355EA416A9" ) LIMIT 1   [ RunTime:0.001306s ]
SQL: SELECT COUNT(*) AS tp_count FROM `app_prodir` WHERE ( pid="150F28E3C7FB3806F950CE355EA416A9" ) LIMIT 1   [ RunTime:0.000267s ]
SQL: SELECT COUNT(*) AS tp_count FROM `app_pro` WHERE ( pid="F9C98A4CDD7DD3AD6A97F48D5B0ABE88" ) LIMIT 1   [ RunTime:0.001191s ]
SQL: SELECT COUNT(*) AS tp_count FROM `app_prodir` WHERE ( pid="F9C98A4CDD7DD3AD6A97F48D5B0ABE88" ) LIMIT 1   [ RunTime:0.000234s ]
SQL: SELECT COUNT(*) AS tp_count FROM `app_pro` WHERE ( pid="F92713919C092AD32B51E3E05D56D946" ) LIMIT 1   [ RunTime:0.001293s ]
SQL: SELECT COUNT(*) AS tp_count FROM `app_prodir` WHERE ( pid="F92713919C092AD32B51E3E05D56D946" ) LIMIT 1   [ RunTime:0.000235s ]
SQL: SELECT COUNT(*) AS tp_count FROM `app_pro` WHERE ( pid="81F7C080F2221C176F29A6C83717F599" ) LIMIT 1   [ RunTime:0.001193s ]
SQL: SELECT COUNT(*) AS tp_count FROM `app_prodir` WHERE ( pid="81F7C080F2221C176F29A6C83717F599" ) LIMIT 1   [ RunTime:0.000302s ]
SQL: SELECT COUNT(*) AS tp_count FROM `app_pro` WHERE ( pid="371C51692BD3183506420B6DB6C74B86" ) LIMIT 1   [ RunTime:0.001209s ]
SQL: SELECT COUNT(*) AS tp_count FROM `app_prodir` WHERE ( pid="371C51692BD3183506420B6DB6C74B86" ) LIMIT 1   [ RunTime:0.000231s ]
SQL: SELECT COUNT(*) AS tp_count FROM `app_pro` WHERE ( pid="B66C171D4C1AD049DE285004AAF56F9F" ) LIMIT 1   [ RunTime:0.001159s ]
SQL: SELECT COUNT(*) AS tp_count FROM `app_prodir` WHERE ( pid="B66C171D4C1AD049DE285004AAF56F9F" ) LIMIT 1   [ RunTime:0.000231s ]
SQL: SELECT COUNT(*) AS tp_count FROM `app_pro` WHERE ( pid="DB3548A1CAED9EBACC4C813E2BF12824" ) LIMIT 1   [ RunTime:0.001184s ]
SQL: SELECT COUNT(*) AS tp_count FROM `app_prodir` WHERE ( pid="DB3548A1CAED9EBACC4C813E2BF12824" ) LIMIT 1   [ RunTime:0.000228s ]
SQL: SELECT COUNT(*) AS tp_count FROM `app_pro` WHERE ( pid="48F979314DA09FD46CC2851EB984DB17" ) LIMIT 1   [ RunTime:0.001180s ]
SQL: SELECT COUNT(*) AS tp_count FROM `app_prodir` WHERE ( pid="48F979314DA09FD46CC2851EB984DB17" ) LIMIT 1   [ RunTime:0.000231s ]
SQL: SELECT COUNT(*) AS tp_count FROM `app_pro` WHERE ( pid="9A272CD22B9311F4FAE0F78B92F91715" ) LIMIT 1   [ RunTime:0.001180s ]
SQL: SELECT COUNT(*) AS tp_count FROM `app_prodir` WHERE ( pid="9A272CD22B9311F4FAE0F78B92F91715" ) LIMIT 1   [ RunTime:0.000226s ]
NOTIC: [8] Undefined variable: page D:\PHPnow\htdocs\dongya\lyda\Runtime\Cache\35f294def6242e8da5435adf12be45af.php 第 147 行.
INFO: ParseTemplate Behavior ::run [ RunTime:0.085067s ]
INFO: [ view_parse ] --END-- [ RunTime:0.085249s ]
INFO: [ view_filter ] --START--
INFO: ContentReplace Behavior ::run [ RunTime:0.001462s ]
INFO: TokenBuild Behavior ::run [ RunTime:0.001267s ]
INFO: WriteHtmlCache Behavior ::run [ RunTime:0.001008s ]
INFO: ShowRuntime Behavior ::run [ RunTime:0.001257s ]
INFO: [ view_filter ] --END-- [ RunTime:0.005228s ]
INFO: [ view_end ] --START--
INFO: ShowPageTrace Behavior ::run [ RunTime:0.001589s ]
INFO: [ view_end ] --END-- [ RunTime:0.001673s ]

[ 2016-04-13T10:11:07+08:00 ] 112.75.252.141 /lyda/index.php/Index/index/groupid/436D3F290AFDF8DF9BE1D77C8B4C9E4C
INFO: [ route_check ] --START--
INFO: CheckRoute Behavior ::run [ RunTime:0.001007s ]
INFO: [ route_check ] --END-- [ RunTime:0.001130s ]
INFO: [ app_begin ] --START--
INFO: ReadHtmlCache Behavior ::run [ RunTime:0.000823s ]
INFO: [ app_begin ] --END-- [ RunTime:0.000909s ]
NOTIC: [2048] Declaration of ImpotAction::error() should be compatible with that of Action::error() D:\PHPnow\htdocs\dongya\lyda\Lib\Action\ImpotAction.class.php 第 75 行.
SQL: SHOW COLUMNS FROM `app_group` [ RunTime:0.001727s ]
SQL: SELECT * FROM `app_group` WHERE ( `guid` = '436D3F290AFDF8DF9BE1D77C8B4C9E4C' ) LIMIT 1   [ RunTime:0.000694s ]
SQL: SELECT * FROM `app_group` WHERE ( `guid` = '436D3F290AFDF8DF9BE1D77C8B4C9E4C' ) LIMIT 1   [ RunTime:0.000217s ]
SQL: SELECT * FROM `app_group` WHERE ( `guid` = '436D3F290AFDF8DF9BE1D77C8B4C9E4C' ) LIMIT 1   [ RunTime:0.000219s ]
INFO: [ view_parse ] --START--
NOTIC: [8] Undefined index:  error D:\PHPnow\htdocs\dongya\lyda\Runtime\Cache\36822e0a35711c8a4b84b9210af18478.php 第 162 行.
INFO: ParseTemplate Behavior ::run [ RunTime:0.018378s ]
INFO: [ view_parse ] --END-- [ RunTime:0.018482s ]
INFO: [ view_filter ] --START--
INFO: ContentReplace Behavior ::run [ RunTime:0.001180s ]
INFO: TokenBuild Behavior ::run [ RunTime:0.001141s ]
INFO: WriteHtmlCache Behavior ::run [ RunTime:0.000992s ]
INFO: ShowRuntime Behavior ::run [ RunTime:0.001206s ]
INFO: [ view_filter ] --END-- [ RunTime:0.004742s ]
INFO: [ view_end ] --START--
INFO: ShowPageTrace Behavior ::run [ RunTime:0.001371s ]
INFO: [ view_end ] --END-- [ RunTime:0.001453s ]

[ 2016-04-13T10:11:59+08:00 ] 112.75.252.141 /lyda/index.php/Prodir/index/groupid/436D3F290AFDF8DF9BE1D77C8B4C9E4C
INFO: [ route_check ] --START--
INFO: CheckRoute Behavior ::run [ RunTime:0.001368s ]
INFO: [ route_check ] --END-- [ RunTime:0.001490s ]
INFO: [ app_begin ] --START--
INFO: ReadHtmlCache Behavior ::run [ RunTime:0.000979s ]
INFO: [ app_begin ] --END-- [ RunTime:0.001063s ]
NOTIC: [2048] Declaration of ImpotAction::error() should be compatible with that of Action::error() D:\PHPnow\htdocs\dongya\lyda\Lib\Action\ImpotAction.class.php 第 75 行.
SQL: SHOW COLUMNS FROM `app_group` [ RunTime:0.001959s ]
SQL: SELECT * FROM `app_group` WHERE ( `guid` = '436D3F290AFDF8DF9BE1D77C8B4C9E4C' ) LIMIT 1   [ RunTime:0.000740s ]
SQL: SELECT * FROM `app_group` WHERE ( `guid` = '436D3F290AFDF8DF9BE1D77C8B4C9E4C' ) LIMIT 1   [ RunTime:0.000214s ]
SQL: SHOW COLUMNS FROM `app_prodir` [ RunTime:0.001508s ]
SQL: SELECT * FROM `app_prodir` WHERE ( guid='0' ) LIMIT 1   [ RunTime:0.000656s ]
SQL: SELECT * FROM `app_prodir` WHERE ( groupid="436D3F290AFDF8DF9BE1D77C8B4C9E4C" and pid="0" ) ORDER BY sort,time desc  [ RunTime:0.000342s ]
SQL: SELECT * FROM `app_group` WHERE ( `guid` = '436D3F290AFDF8DF9BE1D77C8B4C9E4C' ) LIMIT 1   [ RunTime:0.000213s ]
INFO: [ view_parse ] --START--
NOTIC: [8] Undefined index:  error D:\PHPnow\htdocs\dongya\lyda\Runtime\Cache\35f294def6242e8da5435adf12be45af.php 第 110 行.
SQL: SHOW COLUMNS FROM `app_pro` [ RunTime:0.002180s ]
SQL: SELECT COUNT(*) AS tp_count FROM `app_pro` WHERE ( pid="FF6B64E5D7A6F1BA10AE5E013C91780F" ) LIMIT 1   [ RunTime:0.001980s ]
SQL: SELECT COUNT(*) AS tp_count FROM `app_prodir` WHERE ( pid="FF6B64E5D7A6F1BA10AE5E013C91780F" ) LIMIT 1   [ RunTime:0.000251s ]
SQL: SELECT COUNT(*) AS tp_count FROM `app_pro` WHERE ( pid="A398836F4370952B2988257F69DB4C74" ) LIMIT 1   [ RunTime:0.001261s ]
SQL: SELECT COUNT(*) AS tp_count FROM `app_prodir` WHERE ( pid="A398836F4370952B2988257F69DB4C74" ) LIMIT 1   [ RunTime:0.000222s ]
SQL: SELECT COUNT(*) AS tp_count FROM `app_pro` WHERE ( pid="150F28E3C7FB3806F950CE355EA416A9" ) LIMIT 1   [ RunTime:0.001169s ]
SQL: SELECT COUNT(*) AS tp_count FROM `app_prodir` WHERE ( pid="150F28E3C7FB3806F950CE355EA416A9" ) LIMIT 1   [ RunTime:0.000217s ]
SQL: SELECT COUNT(*) AS tp_count FROM `app_pro` WHERE ( pid="F9C98A4CDD7DD3AD6A97F48D5B0ABE88" ) LIMIT 1   [ RunTime:0.001139s ]
SQL: SELECT COUNT(*) AS tp_count FROM `app_prodir` WHERE ( pid="F9C98A4CDD7DD3AD6A97F48D5B0ABE88" ) LIMIT 1   [ RunTime:0.000219s ]
SQL: SELECT COUNT(*) AS tp_count FROM `app_pro` WHERE ( pid="F92713919C092AD32B51E3E05D56D946" ) LIMIT 1   [ RunTime:0.001148s ]
SQL: SELECT COUNT(*) AS tp_count FROM `app_prodir` WHERE ( pid="F92713919C092AD32B51E3E05D56D946" ) LIMIT 1   [ RunTime:0.000213s ]
SQL: SELECT COUNT(*) AS tp_count FROM `app_pro` WHERE ( pid="81F7C080F2221C176F29A6C83717F599" ) LIMIT 1   [ RunTime:0.001144s ]
SQL: SELECT COUNT(*) AS tp_count FROM `app_prodir` WHERE ( pid="81F7C080F2221C176F29A6C83717F599" ) LIMIT 1   [ RunTime:0.000213s ]
SQL: SELECT COUNT(*) AS tp_count FROM `app_pro` WHERE ( pid="371C51692BD3183506420B6DB6C74B86" ) LIMIT 1   [ RunTime:0.001248s ]
SQL: SELECT COUNT(*) AS tp_count FROM `app_prodir` WHERE ( pid="371C51692BD3183506420B6DB6C74B86" ) LIMIT 1   [ RunTime:0.000217s ]
SQL: SELECT COUNT(*) AS tp_count FROM `app_pro` WHERE ( pid="B66C171D4C1AD049DE285004AAF56F9F" ) LIMIT 1   [ RunTime:0.001169s ]
SQL: SELECT COUNT(*) AS tp_count FROM `app_prodir` WHERE ( pid="B66C171D4C1AD049DE285004AAF56F9F" ) LIMIT 1   [ RunTime:0.000214s ]
SQL: SELECT COUNT(*) AS tp_count FROM `app_pro` WHERE ( pid="DB3548A1CAED9EBACC4C813E2BF12824" ) LIMIT 1   [ RunTime:0.001368s ]
SQL: SELECT COUNT(*) AS tp_count FROM `app_prodir` WHERE ( pid="DB3548A1CAED9EBACC4C813E2BF12824" ) LIMIT 1   [ RunTime:0.000261s ]
SQL: SELECT COUNT(*) AS tp_count FROM `app_pro` WHERE ( pid="48F979314DA09FD46CC2851EB984DB17" ) LIMIT 1   [ RunTime:0.001854s ]
SQL: SELECT COUNT(*) AS tp_count FROM `app_prodir` WHERE ( pid="48F979314DA09FD46CC2851EB984DB17" ) LIMIT 1   [ RunTime:0.000271s ]
SQL: SELECT COUNT(*) AS tp_count FROM `app_pro` WHERE ( pid="9A272CD22B9311F4FAE0F78B92F91715" ) LIMIT 1   [ RunTime:0.001850s ]
SQL: SELECT COUNT(*) AS tp_count FROM `app_prodir` WHERE ( pid="9A272CD22B9311F4FAE0F78B92F91715" ) LIMIT 1   [ RunTime:0.000271s ]
NOTIC: [8] Undefined variable: page D:\PHPnow\htdocs\dongya\lyda\Runtime\Cache\35f294def6242e8da5435adf12be45af.php 第 147 行.
INFO: ParseTemplate Behavior ::run [ RunTime:0.047963s ]
INFO: [ view_parse ] --END-- [ RunTime:0.048097s ]
INFO: [ view_filter ] --START--
INFO: ContentReplace Behavior ::run [ RunTime:0.001626s ]
INFO: TokenBuild Behavior ::run [ RunTime:0.001156s ]
INFO: WriteHtmlCache Behavior ::run [ RunTime:0.000983s ]
INFO: ShowRuntime Behavior ::run [ RunTime:0.001518s ]
INFO: [ view_filter ] --END-- [ RunTime:0.005562s ]
INFO: [ view_end ] --START--
INFO: ShowPageTrace Behavior ::run [ RunTime:0.001443s ]
INFO: [ view_end ] --END-- [ RunTime:0.001529s ]

[ 2016-04-13T10:24:56+08:00 ] 112.75.252.141 /lyda/index.php/Pro/index/pid/48F979314DA09FD46CC2851EB984DB17
INFO: [ route_check ] --START--
INFO: CheckRoute Behavior ::run [ RunTime:0.001336s ]
INFO: [ route_check ] --END-- [ RunTime:0.001456s ]
INFO: [ app_begin ] --START--
INFO: ReadHtmlCache Behavior ::run [ RunTime:0.000990s ]
INFO: [ app_begin ] --END-- [ RunTime:0.001080s ]
SQL: SHOW COLUMNS FROM `app_prodir` [ RunTime:0.001647s ]
SQL: SELECT * FROM `app_prodir` WHERE ( `guid` = '48F979314DA09FD46CC2851EB984DB17' ) LIMIT 1   [ RunTime:0.000691s ]
NOTIC: [2048] Declaration of ImpotAction::error() should be compatible with that of Action::error() D:\PHPnow\htdocs\dongya\lyda\Lib\Action\ImpotAction.class.php 第 75 行.
SQL: SHOW COLUMNS FROM `app_group` [ RunTime:0.001527s ]
SQL: SELECT * FROM `app_group` WHERE ( `guid` = '436D3F290AFDF8DF9BE1D77C8B4C9E4C' ) LIMIT 1   [ RunTime:0.000644s ]
SQL: SELECT * FROM `app_group` WHERE ( `guid` = '436D3F290AFDF8DF9BE1D77C8B4C9E4C' ) LIMIT 1   [ RunTime:0.000216s ]
SQL: SELECT * FROM `app_prodir` WHERE ( guid='0' ) LIMIT 1   [ RunTime:0.000210s ]
SQL: SELECT * FROM `app_prodir` WHERE ( pid='0' and groupid='436D3F290AFDF8DF9BE1D77C8B4C9E4C' ) ORDER BY sort,time desc  [ RunTime:0.000368s ]
SQL: SELECT * FROM `app_prodir` WHERE ( pid='FF6B64E5D7A6F1BA10AE5E013C91780F' and groupid='436D3F290AFDF8DF9BE1D77C8B4C9E4C' )  [ RunTime:0.000237s ]
SQL: SELECT * FROM `app_prodir` WHERE ( pid='A398836F4370952B2988257F69DB4C74' and groupid='436D3F290AFDF8DF9BE1D77C8B4C9E4C' )  [ RunTime:0.000234s ]
SQL: SELECT * FROM `app_prodir` WHERE ( pid='150F28E3C7FB3806F950CE355EA416A9' and groupid='436D3F290AFDF8DF9BE1D77C8B4C9E4C' )  [ RunTime:0.000232s ]
SQL: SELECT * FROM `app_prodir` WHERE ( pid='F9C98A4CDD7DD3AD6A97F48D5B0ABE88' and groupid='436D3F290AFDF8DF9BE1D77C8B4C9E4C' )  [ RunTime:0.000230s ]
SQL: SELECT * FROM `app_prodir` WHERE ( pid='F92713919C092AD32B51E3E05D56D946' and groupid='436D3F290AFDF8DF9BE1D77C8B4C9E4C' )  [ RunTime:0.000228s ]
SQL: SELECT * FROM `app_prodir` WHERE ( pid='81F7C080F2221C176F29A6C83717F599' and groupid='436D3F290AFDF8DF9BE1D77C8B4C9E4C' )  [ RunTime:0.000228s ]
SQL: SELECT * FROM `app_prodir` WHERE ( pid='371C51692BD3183506420B6DB6C74B86' and groupid='436D3F290AFDF8DF9BE1D77C8B4C9E4C' )  [ RunTime:0.000227s ]
SQL: SELECT * FROM `app_prodir` WHERE ( pid='B66C171D4C1AD049DE285004AAF56F9F' and groupid='436D3F290AFDF8DF9BE1D77C8B4C9E4C' )  [ RunTime:0.000225s ]
SQL: SELECT * FROM `app_prodir` WHERE ( pid='DB3548A1CAED9EBACC4C813E2BF12824' and groupid='436D3F290AFDF8DF9BE1D77C8B4C9E4C' )  [ RunTime:0.000224s ]
SQL: SELECT * FROM `app_prodir` WHERE ( pid='48F979314DA09FD46CC2851EB984DB17' and groupid='436D3F290AFDF8DF9BE1D77C8B4C9E4C' )  [ RunTime:0.000229s ]
SQL: SELECT * FROM `app_prodir` WHERE ( pid='9A272CD22B9311F4FAE0F78B92F91715' and groupid='436D3F290AFDF8DF9BE1D77C8B4C9E4C' )  [ RunTime:0.000225s ]
SQL: SHOW COLUMNS FROM `app_pro` [ RunTime:0.001926s ]
SQL: SELECT * FROM `app_pro` WHERE ( groupid="436D3F290AFDF8DF9BE1D77C8B4C9E4C" and pid="48F979314DA09FD46CC2851EB984DB17" ) ORDER BY sort,time desc LIMIT 0,20   [ RunTime:0.002423s ]
SQL: SELECT COUNT(*) AS tp_count FROM `app_pro` WHERE ( groupid="436D3F290AFDF8DF9BE1D77C8B4C9E4C" and pid="48F979314DA09FD46CC2851EB984DB17" ) LIMIT 1   [ RunTime:0.001606s ]
SQL: SELECT * FROM `app_group` WHERE ( `guid` = '436D3F290AFDF8DF9BE1D77C8B4C9E4C' ) LIMIT 1   [ RunTime:0.000279s ]
INFO: [ view_parse ] --START--
NOTIC: [8] Undefined index:  error D:\PHPnow\htdocs\dongya\lyda\Runtime\Cache\d39bd9e5f74c5162eb228bad7ba08e40.php 第 110 行.
INFO: ParseTemplate Behavior ::run [ RunTime:0.049802s ]
INFO: [ view_parse ] --END-- [ RunTime:0.049918s ]
INFO: [ view_filter ] --START--
INFO: ContentReplace Behavior ::run [ RunTime:0.001299s ]
INFO: TokenBuild Behavior ::run [ RunTime:0.001138s ]
INFO: WriteHtmlCache Behavior ::run [ RunTime:0.001151s ]
INFO: ShowRuntime Behavior ::run [ RunTime:0.001952s ]
INFO: [ view_filter ] --END-- [ RunTime:0.005838s ]
INFO: [ view_end ] --START--
INFO: ShowPageTrace Behavior ::run [ RunTime:0.001949s ]
INFO: [ view_end ] --END-- [ RunTime:0.002036s ]

[ 2016-04-13T10:25:11+08:00 ] 112.75.252.141 /lyda/index.php/pro/edit/guid/BA038EEAE5BC4571AE44C71026C7D9A2
INFO: [ route_check ] --START--
INFO: CheckRoute Behavior ::run [ RunTime:0.000934s ]
INFO: [ route_check ] --END-- [ RunTime:0.001037s ]
INFO: [ app_begin ] --START--
INFO: ReadHtmlCache Behavior ::run [ RunTime:0.000611s ]
INFO: [ app_begin ] --END-- [ RunTime:0.000698s ]
SQL: SHOW COLUMNS FROM `app_pro` [ RunTime:0.001943s ]
SQL: SELECT * FROM `app_pro` WHERE ( `guid` = 'BA038EEAE5BC4571AE44C71026C7D9A2' ) LIMIT 1   [ RunTime:0.000759s ]
SQL: SHOW COLUMNS FROM `app_prodir` [ RunTime:0.001362s ]
SQL: SELECT * FROM `app_prodir` WHERE ( `guid` = '48F979314DA09FD46CC2851EB984DB17' ) LIMIT 1   [ RunTime:0.000636s ]
NOTIC: [2048] Declaration of ImpotAction::error() should be compatible with that of Action::error() D:\PHPnow\htdocs\dongya\lyda\Lib\Action\ImpotAction.class.php 第 75 行.
SQL: SHOW COLUMNS FROM `app_group` [ RunTime:0.001311s ]
SQL: SELECT * FROM `app_group` WHERE ( `guid` = '436D3F290AFDF8DF9BE1D77C8B4C9E4C' ) LIMIT 1   [ RunTime:0.000619s ]
SQL: SELECT * FROM `app_group` WHERE ( `guid` = '436D3F290AFDF8DF9BE1D77C8B4C9E4C' ) LIMIT 1   [ RunTime:0.000210s ]
SQL: SELECT * FROM `app_prodir` WHERE ( guid='0' ) LIMIT 1   [ RunTime:0.000206s ]
SQL: SELECT * FROM `app_group` WHERE ( `guid` = '436D3F290AFDF8DF9BE1D77C8B4C9E4C' ) LIMIT 1   [ RunTime:0.000212s ]
INFO: [ view_parse ] --START--
NOTIC: [8] Undefined index:  error D:\PHPnow\htdocs\dongya\lyda\Runtime\Cache\199b7baf4992271e1e5c392191d210e9.php 第 110 行.
INFO: ParseTemplate Behavior ::run [ RunTime:0.037232s ]
INFO: [ view_parse ] --END-- [ RunTime:0.037353s ]
INFO: [ view_filter ] --START--
INFO: ContentReplace Behavior ::run [ RunTime:0.001242s ]
INFO: TokenBuild Behavior ::run [ RunTime:0.001124s ]
INFO: WriteHtmlCache Behavior ::run [ RunTime:0.001004s ]
INFO: ShowRuntime Behavior ::run [ RunTime:0.001285s ]
INFO: [ view_filter ] --END-- [ RunTime:0.004873s ]
INFO: [ view_end ] --START--
INFO: ShowPageTrace Behavior ::run [ RunTime:0.001357s ]
INFO: [ view_end ] --END-- [ RunTime:0.001437s ]

[ 2016-04-13T10:26:19+08:00 ] 112.75.252.141 /lyda/index.php/pro/edit/guid/BA038EEAE5BC4571AE44C71026C7D9A2
INFO: [ route_check ] --START--
INFO: CheckRoute Behavior ::run [ RunTime:0.000993s ]
INFO: [ route_check ] --END-- [ RunTime:0.001097s ]
INFO: [ app_begin ] --START--
INFO: ReadHtmlCache Behavior ::run [ RunTime:0.000602s ]
INFO: [ app_begin ] --END-- [ RunTime:0.000685s ]
SQL: SHOW COLUMNS FROM `app_pro` [ RunTime:0.001905s ]
SQL: SELECT * FROM `app_pro` WHERE ( `guid` = 'BA038EEAE5BC4571AE44C71026C7D9A2' ) LIMIT 1   [ RunTime:0.000749s ]
SQL: SHOW COLUMNS FROM `app_prodir` [ RunTime:0.001403s ]
SQL: SELECT * FROM `app_prodir` WHERE ( `guid` = '48F979314DA09FD46CC2851EB984DB17' ) LIMIT 1   [ RunTime:0.000636s ]
NOTIC: [2048] Declaration of ImpotAction::error() should be compatible with that of Action::error() D:\PHPnow\htdocs\dongya\lyda\Lib\Action\ImpotAction.class.php 第 75 行.
SQL: SHOW COLUMNS FROM `app_group` [ RunTime:0.001432s ]
SQL: SELECT * FROM `app_group` WHERE ( `guid` = '436D3F290AFDF8DF9BE1D77C8B4C9E4C' ) LIMIT 1   [ RunTime:0.000620s ]
SQL: SELECT * FROM `app_group` WHERE ( `guid` = '436D3F290AFDF8DF9BE1D77C8B4C9E4C' ) LIMIT 1   [ RunTime:0.000211s ]
SQL: SELECT * FROM `app_prodir` WHERE ( guid='0' ) LIMIT 1   [ RunTime:0.000242s ]
SQL: SELECT * FROM `app_group` WHERE ( `guid` = '436D3F290AFDF8DF9BE1D77C8B4C9E4C' ) LIMIT 1   [ RunTime:0.000210s ]
INFO: [ view_parse ] --START--
NOTIC: [8] Undefined index:  error D:\PHPnow\htdocs\dongya\lyda\Runtime\Cache\199b7baf4992271e1e5c392191d210e9.php 第 110 行.
INFO: ParseTemplate Behavior ::run [ RunTime:0.020330s ]
INFO: [ view_parse ] --END-- [ RunTime:0.020439s ]
INFO: [ view_filter ] --START--
INFO: ContentReplace Behavior ::run [ RunTime:0.001229s ]
INFO: TokenBuild Behavior ::run [ RunTime:0.001222s ]
INFO: WriteHtmlCache Behavior ::run [ RunTime:0.001032s ]
INFO: ShowRuntime Behavior ::run [ RunTime:0.001261s ]
INFO: [ view_filter ] --END-- [ RunTime:0.004966s ]
INFO: [ view_end ] --START--
INFO: ShowPageTrace Behavior ::run [ RunTime:0.001397s ]
INFO: [ view_end ] --END-- [ RunTime:0.001512s ]

[ 2016-04-13T10:26:45+08:00 ] 112.75.252.141 /lyda/index.php/pro/edit/guid/BA038EEAE5BC4571AE44C71026C7D9A2
INFO: [ route_check ] --START--
INFO: CheckRoute Behavior ::run [ RunTime:0.000938s ]
INFO: [ route_check ] --END-- [ RunTime:0.001041s ]
INFO: [ app_begin ] --START--
INFO: ReadHtmlCache Behavior ::run [ RunTime:0.000606s ]
INFO: [ app_begin ] --END-- [ RunTime:0.000689s ]
SQL: SHOW COLUMNS FROM `app_pro` [ RunTime:0.002113s ]
SQL: SELECT * FROM `app_pro` WHERE ( `guid` = 'BA038EEAE5BC4571AE44C71026C7D9A2' ) LIMIT 1   [ RunTime:0.000778s ]
SQL: SHOW COLUMNS FROM `app_prodir` [ RunTime:0.001421s ]
SQL: SELECT * FROM `app_prodir` WHERE ( `guid` = '48F979314DA09FD46CC2851EB984DB17' ) LIMIT 1   [ RunTime:0.000635s ]
NOTIC: [2048] Declaration of ImpotAction::error() should be compatible with that of Action::error() D:\PHPnow\htdocs\dongya\lyda\Lib\Action\ImpotAction.class.php 第 75 行.
SQL: SHOW COLUMNS FROM `app_group` [ RunTime:0.001416s ]
SQL: SELECT * FROM `app_group` WHERE ( `guid` = '436D3F290AFDF8DF9BE1D77C8B4C9E4C' ) LIMIT 1   [ RunTime:0.000730s ]
SQL: SELECT * FROM `app_group` WHERE ( `guid` = '436D3F290AFDF8DF9BE1D77C8B4C9E4C' ) LIMIT 1   [ RunTime:0.000212s ]
SQL: SELECT * FROM `app_prodir` WHERE ( guid='0' ) LIMIT 1   [ RunTime:0.000211s ]
SQL: SELECT * FROM `app_group` WHERE ( `guid` = '436D3F290AFDF8DF9BE1D77C8B4C9E4C' ) LIMIT 1   [ RunTime:0.000212s ]
INFO: [ view_parse ] --START--
NOTIC: [8] Undefined index:  error D:\PHPnow\htdocs\dongya\lyda\Runtime\Cache\199b7baf4992271e1e5c392191d210e9.php 第 110 行.
INFO: ParseTemplate Behavior ::run [ RunTime:0.020034s ]
INFO: [ view_parse ] --END-- [ RunTime:0.020153s ]
INFO: [ view_filter ] --START--
INFO: ContentReplace Behavior ::run [ RunTime:0.001270s ]
INFO: TokenBuild Behavior ::run [ RunTime:0.001135s ]
INFO: WriteHtmlCache Behavior ::run [ RunTime:0.000977s ]
INFO: ShowRuntime Behavior ::run [ RunTime:0.001204s ]
INFO: [ view_filter ] --END-- [ RunTime:0.004807s ]
INFO: [ view_end ] --START--
INFO: ShowPageTrace Behavior ::run [ RunTime:0.001368s ]
INFO: [ view_end ] --END-- [ RunTime:0.001446s ]

[ 2016-04-13T10:28:23+08:00 ] 112.90.78.22 /lyda/index.php/pro/edit/guid/BA038EEAE5BC4571AE44C71026C7D9A2
INFO: [ route_check ] --START--
INFO: CheckRoute Behavior ::run [ RunTime:0.001446s ]
INFO: [ route_check ] --END-- [ RunTime:0.001581s ]
INFO: [ app_begin ] --START--
INFO: ReadHtmlCache Behavior ::run [ RunTime:0.001070s ]
INFO: [ app_begin ] --END-- [ RunTime:0.001160s ]
SQL: SHOW COLUMNS FROM `app_pro` [ RunTime:0.001957s ]
SQL: SELECT * FROM `app_pro` WHERE ( `guid` = 'BA038EEAE5BC4571AE44C71026C7D9A2' ) LIMIT 1   [ RunTime:0.000742s ]
SQL: SHOW COLUMNS FROM `app_prodir` [ RunTime:0.001485s ]
SQL: SELECT * FROM `app_prodir` WHERE ( `guid` = '48F979314DA09FD46CC2851EB984DB17' ) LIMIT 1   [ RunTime:0.000631s ]
NOTIC: [2048] Declaration of ImpotAction::error() should be compatible with that of Action::error() D:\PHPnow\htdocs\dongya\lyda\Lib\Action\ImpotAction.class.php 第 75 行.
SQL: SHOW COLUMNS FROM `app_group` [ RunTime:0.001949s ]
SQL: SELECT * FROM `app_group` WHERE ( `guid` = '436D3F290AFDF8DF9BE1D77C8B4C9E4C' ) LIMIT 1   [ RunTime:0.000631s ]
SQL: SELECT * FROM `app_group` WHERE ( `guid` = '436D3F290AFDF8DF9BE1D77C8B4C9E4C' ) LIMIT 1   [ RunTime:0.000215s ]

[ 2016-04-13T10:28:23+08:00 ] 112.90.82.218 /lyda/index.php/pro/edit/guid/BA038EEAE5BC4571AE44C71026C7D9A2
INFO: [ route_check ] --START--
INFO: CheckRoute Behavior ::run [ RunTime:0.001303s ]
INFO: [ route_check ] --END-- [ RunTime:0.001409s ]
INFO: [ app_begin ] --START--
INFO: ReadHtmlCache Behavior ::run [ RunTime:0.000982s ]
INFO: [ app_begin ] --END-- [ RunTime:0.001067s ]
SQL: SHOW COLUMNS FROM `app_pro` [ RunTime:0.001770s ]
SQL: SELECT * FROM `app_pro` WHERE ( `guid` = 'BA038EEAE5BC4571AE44C71026C7D9A2' ) LIMIT 1   [ RunTime:0.000709s ]
SQL: SHOW COLUMNS FROM `app_prodir` [ RunTime:0.001586s ]
SQL: SELECT * FROM `app_prodir` WHERE ( `guid` = '48F979314DA09FD46CC2851EB984DB17' ) LIMIT 1   [ RunTime:0.000725s ]
NOTIC: [2048] Declaration of ImpotAction::error() should be compatible with that of Action::error() D:\PHPnow\htdocs\dongya\lyda\Lib\Action\ImpotAction.class.php 第 75 行.
SQL: SHOW COLUMNS FROM `app_group` [ RunTime:0.001381s ]
SQL: SELECT * FROM `app_group` WHERE ( `guid` = '436D3F290AFDF8DF9BE1D77C8B4C9E4C' ) LIMIT 1   [ RunTime:0.000726s ]
SQL: SELECT * FROM `app_group` WHERE ( `guid` = '436D3F290AFDF8DF9BE1D77C8B4C9E4C' ) LIMIT 1   [ RunTime:0.000237s ]

[ 2016-04-13T10:28:23+08:00 ] 101.226.33.216 /lyda/index.php/pro/edit/guid/BA038EEAE5BC4571AE44C71026C7D9A2
INFO: [ route_check ] --START--
INFO: CheckRoute Behavior ::run [ RunTime:0.001051s ]
INFO: [ route_check ] --END-- [ RunTime:0.001166s ]
INFO: [ app_begin ] --START--
INFO: ReadHtmlCache Behavior ::run [ RunTime:0.000631s ]
INFO: [ app_begin ] --END-- [ RunTime:0.000717s ]
SQL: SHOW COLUMNS FROM `app_pro` [ RunTime:0.001980s ]
SQL: SELECT * FROM `app_pro` WHERE ( `guid` = 'BA038EEAE5BC4571AE44C71026C7D9A2' ) LIMIT 1   [ RunTime:0.000762s ]
SQL: SHOW COLUMNS FROM `app_prodir` [ RunTime:0.001417s ]
SQL: SELECT * FROM `app_prodir` WHERE ( `guid` = '48F979314DA09FD46CC2851EB984DB17' ) LIMIT 1   [ RunTime:0.000660s ]
NOTIC: [2048] Declaration of ImpotAction::error() should be compatible with that of Action::error() D:\PHPnow\htdocs\dongya\lyda\Lib\Action\ImpotAction.class.php 第 75 行.
SQL: SHOW COLUMNS FROM `app_group` [ RunTime:0.001431s ]
SQL: SELECT * FROM `app_group` WHERE ( `guid` = '436D3F290AFDF8DF9BE1D77C8B4C9E4C' ) LIMIT 1   [ RunTime:0.000626s ]
SQL: SELECT * FROM `app_group` WHERE ( `guid` = '436D3F290AFDF8DF9BE1D77C8B4C9E4C' ) LIMIT 1   [ RunTime:0.000218s ]

[ 2016-04-13T10:28:46+08:00 ] 112.75.252.141 /lyda/index.php/pro/edit/guid/BA038EEAE5BC4571AE44C71026C7D9A2
INFO: [ route_check ] --START--
INFO: CheckRoute Behavior ::run [ RunTime:0.000931s ]
INFO: [ route_check ] --END-- [ RunTime:0.001037s ]
INFO: [ app_begin ] --START--
INFO: ReadHtmlCache Behavior ::run [ RunTime:0.000699s ]
INFO: [ app_begin ] --END-- [ RunTime:0.000784s ]
SQL: SHOW COLUMNS FROM `app_pro` [ RunTime:0.002023s ]
SQL: SELECT * FROM `app_pro` WHERE ( `guid` = 'BA038EEAE5BC4571AE44C71026C7D9A2' ) LIMIT 1   [ RunTime:0.001065s ]
SQL: SHOW COLUMNS FROM `app_prodir` [ RunTime:0.001723s ]
SQL: SELECT * FROM `app_prodir` WHERE ( `guid` = '48F979314DA09FD46CC2851EB984DB17' ) LIMIT 1   [ RunTime:0.000645s ]
NOTIC: [2048] Declaration of ImpotAction::error() should be compatible with that of Action::error() D:\PHPnow\htdocs\dongya\lyda\Lib\Action\ImpotAction.class.php 第 75 行.
SQL: SHOW COLUMNS FROM `app_group` [ RunTime:0.001413s ]
SQL: SELECT * FROM `app_group` WHERE ( `guid` = '436D3F290AFDF8DF9BE1D77C8B4C9E4C' ) LIMIT 1   [ RunTime:0.000701s ]
SQL: SELECT * FROM `app_group` WHERE ( `guid` = '436D3F290AFDF8DF9BE1D77C8B4C9E4C' ) LIMIT 1   [ RunTime:0.000276s ]

[ 2016-04-13T10:29:06+08:00 ] 112.75.252.141 /lyda/index.php/Index/index/groupid/436D3F290AFDF8DF9BE1D77C8B4C9E4C
INFO: [ route_check ] --START--
INFO: CheckRoute Behavior ::run [ RunTime:0.000925s ]
INFO: [ route_check ] --END-- [ RunTime:0.001029s ]
INFO: [ app_begin ] --START--
INFO: ReadHtmlCache Behavior ::run [ RunTime:0.000615s ]
INFO: [ app_begin ] --END-- [ RunTime:0.000699s ]
NOTIC: [2048] Declaration of ImpotAction::error() should be compatible with that of Action::error() D:\PHPnow\htdocs\dongya\lyda\Lib\Action\ImpotAction.class.php 第 75 行.
SQL: SHOW COLUMNS FROM `app_group` [ RunTime:0.001584s ]
SQL: SELECT * FROM `app_group` WHERE ( `guid` = '436D3F290AFDF8DF9BE1D77C8B4C9E4C' ) LIMIT 1   [ RunTime:0.000677s ]
SQL: SELECT * FROM `app_group` WHERE ( `guid` = '436D3F290AFDF8DF9BE1D77C8B4C9E4C' ) LIMIT 1   [ RunTime:0.000211s ]
SQL: SELECT * FROM `app_group` WHERE ( `guid` = '436D3F290AFDF8DF9BE1D77C8B4C9E4C' ) LIMIT 1   [ RunTime:0.000213s ]
INFO: [ view_parse ] --START--
NOTIC: [8] Undefined index:  error D:\PHPnow\htdocs\dongya\lyda\Runtime\Cache\36822e0a35711c8a4b84b9210af18478.php 第 162 行.
INFO: ParseTemplate Behavior ::run [ RunTime:0.018163s ]
INFO: [ view_parse ] --END-- [ RunTime:0.018259s ]
INFO: [ view_filter ] --START--
INFO: ContentReplace Behavior ::run [ RunTime:0.001162s ]
INFO: TokenBuild Behavior ::run [ RunTime:0.001109s ]
INFO: WriteHtmlCache Behavior ::run [ RunTime:0.000970s ]
INFO: ShowRuntime Behavior ::run [ RunTime:0.001266s ]
INFO: [ view_filter ] --END-- [ RunTime:0.004728s ]
INFO: [ view_end ] --START--
INFO: ShowPageTrace Behavior ::run [ RunTime:0.001403s ]
INFO: [ view_end ] --END-- [ RunTime:0.001483s ]

[ 2016-04-13T10:29:24+08:00 ] 112.75.252.141 /lyda/index.php/Prodir/index/groupid/436D3F290AFDF8DF9BE1D77C8B4C9E4C
INFO: [ route_check ] --START--
INFO: CheckRoute Behavior ::run [ RunTime:0.001017s ]
INFO: [ route_check ] --END-- [ RunTime:0.001125s ]
INFO: [ app_begin ] --START--
INFO: ReadHtmlCache Behavior ::run [ RunTime:0.000742s ]
INFO: [ app_begin ] --END-- [ RunTime:0.000859s ]
NOTIC: [2048] Declaration of ImpotAction::error() should be compatible with that of Action::error() D:\PHPnow\htdocs\dongya\lyda\Lib\Action\ImpotAction.class.php 第 75 行.
SQL: SHOW COLUMNS FROM `app_group` [ RunTime:0.001540s ]
SQL: SELECT * FROM `app_group` WHERE ( `guid` = '436D3F290AFDF8DF9BE1D77C8B4C9E4C' ) LIMIT 1   [ RunTime:0.000678s ]
SQL: SELECT * FROM `app_group` WHERE ( `guid` = '436D3F290AFDF8DF9BE1D77C8B4C9E4C' ) LIMIT 1   [ RunTime:0.000212s ]
SQL: SHOW COLUMNS FROM `app_prodir` [ RunTime:0.001426s ]
SQL: SELECT * FROM `app_prodir` WHERE ( guid='0' ) LIMIT 1   [ RunTime:0.000619s ]
SQL: SELECT * FROM `app_prodir` WHERE ( groupid="436D3F290AFDF8DF9BE1D77C8B4C9E4C" and pid="0" ) ORDER BY sort,time desc  [ RunTime:0.000337s ]
SQL: SELECT * FROM `app_group` WHERE ( `guid` = '436D3F290AFDF8DF9BE1D77C8B4C9E4C' ) LIMIT 1   [ RunTime:0.000211s ]
INFO: [ view_parse ] --START--
NOTIC: [8] Undefined index:  error D:\PHPnow\htdocs\dongya\lyda\Runtime\Cache\35f294def6242e8da5435adf12be45af.php 第 110 行.
SQL: SHOW COLUMNS FROM `app_pro` [ RunTime:0.001880s ]
SQL: SELECT COUNT(*) AS tp_count FROM `app_pro` WHERE ( pid="FF6B64E5D7A6F1BA10AE5E013C91780F" ) LIMIT 1   [ RunTime:0.001683s ]
SQL: SELECT COUNT(*) AS tp_count FROM `app_prodir` WHERE ( pid="FF6B64E5D7A6F1BA10AE5E013C91780F" ) LIMIT 1   [ RunTime:0.000230s ]
SQL: SELECT COUNT(*) AS tp_count FROM `app_pro` WHERE ( pid="A398836F4370952B2988257F69DB4C74" ) LIMIT 1   [ RunTime:0.001166s ]
SQL: SELECT COUNT(*) AS tp_count FROM `app_prodir` WHERE ( pid="A398836F4370952B2988257F69DB4C74" ) LIMIT 1   [ RunTime:0.000213s ]
SQL: SELECT COUNT(*) AS tp_count FROM `app_pro` WHERE ( pid="150F28E3C7FB3806F950CE355EA416A9" ) LIMIT 1   [ RunTime:0.001204s ]
SQL: SELECT COUNT(*) AS tp_count FROM `app_prodir` WHERE ( pid="150F28E3C7FB3806F950CE355EA416A9" ) LIMIT 1   [ RunTime:0.000216s ]
SQL: SELECT COUNT(*) AS tp_count FROM `app_pro` WHERE ( pid="F9C98A4CDD7DD3AD6A97F48D5B0ABE88" ) LIMIT 1   [ RunTime:0.001207s ]
SQL: SELECT COUNT(*) AS tp_count FROM `app_prodir` WHERE ( pid="F9C98A4CDD7DD3AD6A97F48D5B0ABE88" ) LIMIT 1   [ RunTime:0.000223s ]
SQL: SELECT COUNT(*) AS tp_count FROM `app_pro` WHERE ( pid="F92713919C092AD32B51E3E05D56D946" ) LIMIT 1   [ RunTime:0.001597s ]
SQL: SELECT COUNT(*) AS tp_count FROM `app_prodir` WHERE ( pid="F92713919C092AD32B51E3E05D56D946" ) LIMIT 1   [ RunTime:0.000221s ]
SQL: SELECT COUNT(*) AS tp_count FROM `app_pro` WHERE ( pid="81F7C080F2221C176F29A6C83717F599" ) LIMIT 1   [ RunTime:0.001158s ]
SQL: SELECT COUNT(*) AS tp_count FROM `app_prodir` WHERE ( pid="81F7C080F2221C176F29A6C83717F599" ) LIMIT 1   [ RunTime:0.000218s ]
SQL: SELECT COUNT(*) AS tp_count FROM `app_pro` WHERE ( pid="371C51692BD3183506420B6DB6C74B86" ) LIMIT 1   [ RunTime:0.001203s ]
SQL: SELECT COUNT(*) AS tp_count FROM `app_prodir` WHERE ( pid="371C51692BD3183506420B6DB6C74B86" ) LIMIT 1   [ RunTime:0.000215s ]
SQL: SELECT COUNT(*) AS tp_count FROM `app_pro` WHERE ( pid="B66C171D4C1AD049DE285004AAF56F9F" ) LIMIT 1   [ RunTime:0.001144s ]
SQL: SELECT COUNT(*) AS tp_count FROM `app_prodir` WHERE ( pid="B66C171D4C1AD049DE285004AAF56F9F" ) LIMIT 1   [ RunTime:0.000214s ]
SQL: SELECT COUNT(*) AS tp_count FROM `app_pro` WHERE ( pid="DB3548A1CAED9EBACC4C813E2BF12824" ) LIMIT 1   [ RunTime:0.001163s ]
SQL: SELECT COUNT(*) AS tp_count FROM `app_prodir` WHERE ( pid="DB3548A1CAED9EBACC4C813E2BF12824" ) LIMIT 1   [ RunTime:0.000214s ]
SQL: SELECT COUNT(*) AS tp_count FROM `app_pro` WHERE ( pid="48F979314DA09FD46CC2851EB984DB17" ) LIMIT 1   [ RunTime:0.001170s ]
SQL: SELECT COUNT(*) AS tp_count FROM `app_prodir` WHERE ( pid="48F979314DA09FD46CC2851EB984DB17" ) LIMIT 1   [ RunTime:0.000218s ]
SQL: SELECT COUNT(*) AS tp_count FROM `app_pro` WHERE ( pid="9A272CD22B9311F4FAE0F78B92F91715" ) LIMIT 1   [ RunTime:0.001165s ]
SQL: SELECT COUNT(*) AS tp_count FROM `app_prodir` WHERE ( pid="9A272CD22B9311F4FAE0F78B92F91715" ) LIMIT 1   [ RunTime:0.000217s ]
NOTIC: [8] Undefined variable: page D:\PHPnow\htdocs\dongya\lyda\Runtime\Cache\35f294def6242e8da5435adf12be45af.php 第 147 行.
INFO: ParseTemplate Behavior ::run [ RunTime:0.043611s ]
INFO: [ view_parse ] --END-- [ RunTime:0.043718s ]
INFO: [ view_filter ] --START--
INFO: ContentReplace Behavior ::run [ RunTime:0.001371s ]
INFO: TokenBuild Behavior ::run [ RunTime:0.001134s ]
INFO: WriteHtmlCache Behavior ::run [ RunTime:0.001031s ]
INFO: ShowRuntime Behavior ::run [ RunTime:0.001223s ]
INFO: [ view_filter ] --END-- [ RunTime:0.004981s ]
INFO: [ view_end ] --START--
INFO: ShowPageTrace Behavior ::run [ RunTime:0.001378s ]
INFO: [ view_end ] --END-- [ RunTime:0.001459s ]

[ 2016-04-13T10:29:31+08:00 ] 112.75.252.141 /lyda/index.php/Pro/index/pid/48F979314DA09FD46CC2851EB984DB17
INFO: [ route_check ] --START--
INFO: CheckRoute Behavior ::run [ RunTime:0.001026s ]
INFO: [ route_check ] --END-- [ RunTime:0.001151s ]
INFO: [ app_begin ] --START--
INFO: ReadHtmlCache Behavior ::run [ RunTime:0.000624s ]
INFO: [ app_begin ] --END-- [ RunTime:0.000713s ]
SQL: SHOW COLUMNS FROM `app_prodir` [ RunTime:0.001971s ]
SQL: SELECT * FROM `app_prodir` WHERE ( `guid` = '48F979314DA09FD46CC2851EB984DB17' ) LIMIT 1   [ RunTime:0.000690s ]
NOTIC: [2048] Declaration of ImpotAction::error() should be compatible with that of Action::error() D:\PHPnow\htdocs\dongya\lyda\Lib\Action\ImpotAction.class.php 第 75 行.
SQL: SHOW COLUMNS FROM `app_group` [ RunTime:0.001498s ]
SQL: SELECT * FROM `app_group` WHERE ( `guid` = '436D3F290AFDF8DF9BE1D77C8B4C9E4C' ) LIMIT 1   [ RunTime:0.000643s ]
SQL: SELECT * FROM `app_group` WHERE ( `guid` = '436D3F290AFDF8DF9BE1D77C8B4C9E4C' ) LIMIT 1   [ RunTime:0.000282s ]
SQL: SELECT * FROM `app_prodir` WHERE ( guid='0' ) LIMIT 1   [ RunTime:0.000480s ]
SQL: SELECT * FROM `app_prodir` WHERE ( pid='0' and groupid='436D3F290AFDF8DF9BE1D77C8B4C9E4C' ) ORDER BY sort,time desc  [ RunTime:0.000348s ]
SQL: SELECT * FROM `app_prodir` WHERE ( pid='FF6B64E5D7A6F1BA10AE5E013C91780F' and groupid='436D3F290AFDF8DF9BE1D77C8B4C9E4C' )  [ RunTime:0.000240s ]
SQL: SELECT * FROM `app_prodir` WHERE ( pid='A398836F4370952B2988257F69DB4C74' and groupid='436D3F290AFDF8DF9BE1D77C8B4C9E4C' )  [ RunTime:0.000228s ]
SQL: SELECT * FROM `app_prodir` WHERE ( pid='150F28E3C7FB3806F950CE355EA416A9' and groupid='436D3F290AFDF8DF9BE1D77C8B4C9E4C' )  [ RunTime:0.000254s ]
SQL: SELECT * FROM `app_prodir` WHERE ( pid='F9C98A4CDD7DD3AD6A97F48D5B0ABE88' and groupid='436D3F290AFDF8DF9BE1D77C8B4C9E4C' )  [ RunTime:0.000226s ]
SQL: SELECT * FROM `app_prodir` WHERE ( pid='F92713919C092AD32B51E3E05D56D946' and groupid='436D3F290AFDF8DF9BE1D77C8B4C9E4C' )  [ RunTime:0.000223s ]
SQL: SELECT * FROM `app_prodir` WHERE ( pid='81F7C080F2221C176F29A6C83717F599' and groupid='436D3F290AFDF8DF9BE1D77C8B4C9E4C' )  [ RunTime:0.000223s ]
SQL: SELECT * FROM `app_prodir` WHERE ( pid='371C51692BD3183506420B6DB6C74B86' and groupid='436D3F290AFDF8DF9BE1D77C8B4C9E4C' )  [ RunTime:0.000221s ]
SQL: SELECT * FROM `app_prodir` WHERE ( pid='B66C171D4C1AD049DE285004AAF56F9F' and groupid='436D3F290AFDF8DF9BE1D77C8B4C9E4C' )  [ RunTime:0.000219s ]
SQL: SELECT * FROM `app_prodir` WHERE ( pid='DB3548A1CAED9EBACC4C813E2BF12824' and groupid='436D3F290AFDF8DF9BE1D77C8B4C9E4C' )  [ RunTime:0.000219s ]
SQL: SELECT * FROM `app_prodir` WHERE ( pid='48F979314DA09FD46CC2851EB984DB17' and groupid='436D3F290AFDF8DF9BE1D77C8B4C9E4C' )  [ RunTime:0.000221s ]
SQL: SELECT * FROM `app_prodir` WHERE ( pid='9A272CD22B9311F4FAE0F78B92F91715' and groupid='436D3F290AFDF8DF9BE1D77C8B4C9E4C' )  [ RunTime:0.000224s ]
SQL: SHOW COLUMNS FROM `app_pro` [ RunTime:0.001837s ]
SQL: SELECT * FROM `app_pro` WHERE ( groupid="436D3F290AFDF8DF9BE1D77C8B4C9E4C" and pid="48F979314DA09FD46CC2851EB984DB17" ) ORDER BY sort,time desc LIMIT 0,20   [ RunTime:0.002331s ]
SQL: SELECT COUNT(*) AS tp_count FROM `app_pro` WHERE ( groupid="436D3F290AFDF8DF9BE1D77C8B4C9E4C" and pid="48F979314DA09FD46CC2851EB984DB17" ) LIMIT 1   [ RunTime:0.001552s ]
SQL: SELECT * FROM `app_group` WHERE ( `guid` = '436D3F290AFDF8DF9BE1D77C8B4C9E4C' ) LIMIT 1   [ RunTime:0.000225s ]
INFO: [ view_parse ] --START--
NOTIC: [8] Undefined index:  error D:\PHPnow\htdocs\dongya\lyda\Runtime\Cache\d39bd9e5f74c5162eb228bad7ba08e40.php 第 110 行.
INFO: ParseTemplate Behavior ::run [ RunTime:0.019629s ]
INFO: [ view_parse ] --END-- [ RunTime:0.019732s ]
INFO: [ view_filter ] --START--
INFO: ContentReplace Behavior ::run [ RunTime:0.001254s ]
INFO: TokenBuild Behavior ::run [ RunTime:0.001120s ]
INFO: WriteHtmlCache Behavior ::run [ RunTime:0.000967s ]
INFO: ShowRuntime Behavior ::run [ RunTime:0.001209s ]
INFO: [ view_filter ] --END-- [ RunTime:0.004776s ]
INFO: [ view_end ] --START--
INFO: ShowPageTrace Behavior ::run [ RunTime:0.001409s ]
INFO: [ view_end ] --END-- [ RunTime:0.001490s ]

[ 2016-04-13T10:29:56+08:00 ] 112.75.252.141 /lyda/index.php/pro/edit/guid/BA038EEAE5BC4571AE44C71026C7D9A2
INFO: [ route_check ] --START--
INFO: CheckRoute Behavior ::run [ RunTime:0.001479s ]
INFO: [ route_check ] --END-- [ RunTime:0.001664s ]
INFO: [ app_begin ] --START--
INFO: ReadHtmlCache Behavior ::run [ RunTime:0.000755s ]
INFO: [ app_begin ] --END-- [ RunTime:0.000861s ]
SQL: SHOW COLUMNS FROM `app_pro` [ RunTime:0.002683s ]
SQL: SELECT * FROM `app_pro` WHERE ( `guid` = 'BA038EEAE5BC4571AE44C71026C7D9A2' ) LIMIT 1   [ RunTime:0.000969s ]
SQL: SHOW COLUMNS FROM `app_prodir` [ RunTime:0.002016s ]
SQL: SELECT * FROM `app_prodir` WHERE ( `guid` = '48F979314DA09FD46CC2851EB984DB17' ) LIMIT 1   [ RunTime:0.000912s ]
NOTIC: [2048] Declaration of ImpotAction::error() should be compatible with that of Action::error() D:\PHPnow\htdocs\dongya\lyda\Lib\Action\ImpotAction.class.php 第 75 行.
SQL: SHOW COLUMNS FROM `app_group` [ RunTime:0.001647s ]
SQL: SELECT * FROM `app_group` WHERE ( `guid` = '436D3F290AFDF8DF9BE1D77C8B4C9E4C' ) LIMIT 1   [ RunTime:0.000662s ]
SQL: SELECT * FROM `app_group` WHERE ( `guid` = '436D3F290AFDF8DF9BE1D77C8B4C9E4C' ) LIMIT 1   [ RunTime:0.000321s ]
SQL: SELECT * FROM `app_prodir` WHERE ( guid='0' ) LIMIT 1   [ RunTime:0.000222s ]
SQL: SELECT * FROM `app_group` WHERE ( `guid` = '436D3F290AFDF8DF9BE1D77C8B4C9E4C' ) LIMIT 1   [ RunTime:0.000217s ]
INFO: [ view_parse ] --START--
NOTIC: [8] Undefined index:  error D:\PHPnow\htdocs\dongya\lyda\Runtime\Cache\199b7baf4992271e1e5c392191d210e9.php 第 110 行.
INFO: ParseTemplate Behavior ::run [ RunTime:0.021227s ]
INFO: [ view_parse ] --END-- [ RunTime:0.021357s ]
INFO: [ view_filter ] --START--
INFO: ContentReplace Behavior ::run [ RunTime:0.001344s ]
INFO: TokenBuild Behavior ::run [ RunTime:0.001174s ]
INFO: WriteHtmlCache Behavior ::run [ RunTime:0.001086s ]
INFO: ShowRuntime Behavior ::run [ RunTime:0.001209s ]
INFO: [ view_filter ] --END-- [ RunTime:0.005037s ]
INFO: [ view_end ] --START--
INFO: ShowPageTrace Behavior ::run [ RunTime:0.001554s ]
INFO: [ view_end ] --END-- [ RunTime:0.001637s ]

[ 2016-04-13T10:37:30+08:00 ] 112.75.252.141 /lyda/index.php/pro/index/pid/48F979314DA09FD46CC2851EB984DB17
INFO: [ route_check ] --START--
INFO: CheckRoute Behavior ::run [ RunTime:0.001333s ]
INFO: [ route_check ] --END-- [ RunTime:0.001436s ]
INFO: [ app_begin ] --START--
INFO: ReadHtmlCache Behavior ::run [ RunTime:0.000971s ]
INFO: [ app_begin ] --END-- [ RunTime:0.001057s ]
SQL: SHOW COLUMNS FROM `app_prodir` [ RunTime:0.001851s ]
SQL: SELECT * FROM `app_prodir` WHERE ( `guid` = '48F979314DA09FD46CC2851EB984DB17' ) LIMIT 1   [ RunTime:0.000818s ]
NOTIC: [2048] Declaration of ImpotAction::error() should be compatible with that of Action::error() D:\PHPnow\htdocs\dongya\lyda\Lib\Action\ImpotAction.class.php 第 75 行.
SQL: SHOW COLUMNS FROM `app_group` [ RunTime:0.001531s ]
SQL: SELECT * FROM `app_group` WHERE ( `guid` = '436D3F290AFDF8DF9BE1D77C8B4C9E4C' ) LIMIT 1   [ RunTime:0.000636s ]
SQL: SELECT * FROM `app_group` WHERE ( `guid` = '436D3F290AFDF8DF9BE1D77C8B4C9E4C' ) LIMIT 1   [ RunTime:0.000214s ]
SQL: SELECT * FROM `app_prodir` WHERE ( guid='0' ) LIMIT 1   [ RunTime:0.000207s ]
SQL: SELECT * FROM `app_prodir` WHERE ( pid='0' and groupid='436D3F290AFDF8DF9BE1D77C8B4C9E4C' ) ORDER BY sort,time desc  [ RunTime:0.000336s ]
SQL: SELECT * FROM `app_prodir` WHERE ( pid='FF6B64E5D7A6F1BA10AE5E013C91780F' and groupid='436D3F290AFDF8DF9BE1D77C8B4C9E4C' )  [ RunTime:0.000232s ]
SQL: SELECT * FROM `app_prodir` WHERE ( pid='A398836F4370952B2988257F69DB4C74' and groupid='436D3F290AFDF8DF9BE1D77C8B4C9E4C' )  [ RunTime:0.000228s ]
SQL: SELECT * FROM `app_prodir` WHERE ( pid='150F28E3C7FB3806F950CE355EA416A9' and groupid='436D3F290AFDF8DF9BE1D77C8B4C9E4C' )  [ RunTime:0.000225s ]
SQL: SELECT * FROM `app_prodir` WHERE ( pid='F9C98A4CDD7DD3AD6A97F48D5B0ABE88' and groupid='436D3F290AFDF8DF9BE1D77C8B4C9E4C' )  [ RunTime:0.000223s ]
SQL: SELECT * FROM `app_prodir` WHERE ( pid='F92713919C092AD32B51E3E05D56D946' and groupid='436D3F290AFDF8DF9BE1D77C8B4C9E4C' )  [ RunTime:0.000226s ]
SQL: SELECT * FROM `app_prodir` WHERE ( pid='81F7C080F2221C176F29A6C83717F599' and groupid='436D3F290AFDF8DF9BE1D77C8B4C9E4C' )  [ RunTime:0.000224s ]
SQL: SELECT * FROM `app_prodir` WHERE ( pid='371C51692BD3183506420B6DB6C74B86' and groupid='436D3F290AFDF8DF9BE1D77C8B4C9E4C' )  [ RunTime:0.000222s ]
SQL: SELECT * FROM `app_prodir` WHERE ( pid='B66C171D4C1AD049DE285004AAF56F9F' and groupid='436D3F290AFDF8DF9BE1D77C8B4C9E4C' )  [ RunTime:0.000221s ]
SQL: SELECT * FROM `app_prodir` WHERE ( pid='DB3548A1CAED9EBACC4C813E2BF12824' and groupid='436D3F290AFDF8DF9BE1D77C8B4C9E4C' )  [ RunTime:0.000219s ]
SQL: SELECT * FROM `app_prodir` WHERE ( pid='48F979314DA09FD46CC2851EB984DB17' and groupid='436D3F290AFDF8DF9BE1D77C8B4C9E4C' )  [ RunTime:0.000219s ]
SQL: SELECT * FROM `app_prodir` WHERE ( pid='9A272CD22B9311F4FAE0F78B92F91715' and groupid='436D3F290AFDF8DF9BE1D77C8B4C9E4C' )  [ RunTime:0.000223s ]
SQL: SHOW COLUMNS FROM `app_pro` [ RunTime:0.002031s ]
SQL: SELECT * FROM `app_pro` WHERE ( groupid="436D3F290AFDF8DF9BE1D77C8B4C9E4C" and pid="48F979314DA09FD46CC2851EB984DB17" ) ORDER BY sort,time desc LIMIT 0,20   [ RunTime:0.002403s ]
SQL: SELECT COUNT(*) AS tp_count FROM `app_pro` WHERE ( groupid="436D3F290AFDF8DF9BE1D77C8B4C9E4C" and pid="48F979314DA09FD46CC2851EB984DB17" ) LIMIT 1   [ RunTime:0.001543s ]
SQL: SELECT * FROM `app_group` WHERE ( `guid` = '436D3F290AFDF8DF9BE1D77C8B4C9E4C' ) LIMIT 1   [ RunTime:0.000226s ]
INFO: [ view_parse ] --START--
NOTIC: [8] Undefined index:  error D:\PHPnow\htdocs\dongya\lyda\Runtime\Cache\d39bd9e5f74c5162eb228bad7ba08e40.php 第 110 行.
INFO: ParseTemplate Behavior ::run [ RunTime:0.019937s ]
INFO: [ view_parse ] --END-- [ RunTime:0.020059s ]
INFO: [ view_filter ] --START--
INFO: ContentReplace Behavior ::run [ RunTime:0.001286s ]
INFO: TokenBuild Behavior ::run [ RunTime:0.001178s ]
INFO: WriteHtmlCache Behavior ::run [ RunTime:0.001013s ]
INFO: ShowRuntime Behavior ::run [ RunTime:0.001240s ]
INFO: [ view_filter ] --END-- [ RunTime:0.004939s ]
INFO: [ view_end ] --START--
INFO: ShowPageTrace Behavior ::run [ RunTime:0.001357s ]
INFO: [ view_end ] --END-- [ RunTime:0.001437s ]

[ 2016-04-13T10:53:53+08:00 ] 112.75.252.141 /lyda/index.php/Code/index/groupid/436D3F290AFDF8DF9BE1D77C8B4C9E4C
INFO: [ route_check ] --START--
INFO: CheckRoute Behavior ::run [ RunTime:0.001333s ]
INFO: [ route_check ] --END-- [ RunTime:0.001449s ]
INFO: [ app_begin ] --START--
INFO: ReadHtmlCache Behavior ::run [ RunTime:0.001062s ]
INFO: [ app_begin ] --END-- [ RunTime:0.001147s ]
NOTIC: [2048] Declaration of ImpotAction::error() should be compatible with that of Action::error() D:\PHPnow\htdocs\dongya\lyda\Lib\Action\ImpotAction.class.php 第 75 行.
SQL: SHOW COLUMNS FROM `app_group` [ RunTime:0.001528s ]
SQL: SELECT * FROM `app_group` WHERE ( `guid` = '436D3F290AFDF8DF9BE1D77C8B4C9E4C' ) LIMIT 1   [ RunTime:0.000677s ]
SQL: SELECT * FROM `app_group` WHERE ( `guid` = '436D3F290AFDF8DF9BE1D77C8B4C9E4C' ) LIMIT 1   [ RunTime:0.000215s ]
SQL: SHOW COLUMNS FROM `app_code` [ RunTime:0.001708s ]
SQL: SELECT * FROM `app_code` WHERE ( groupid='436D3F290AFDF8DF9BE1D77C8B4C9E4C' ) ORDER BY time desc LIMIT 0,20   [ RunTime:0.000713s ]
SQL: SELECT COUNT(*) AS tp_count FROM `app_code` WHERE ( groupid='436D3F290AFDF8DF9BE1D77C8B4C9E4C' ) LIMIT 1   [ RunTime:0.000239s ]
SQL: SELECT * FROM `app_group` WHERE ( `guid` = '436D3F290AFDF8DF9BE1D77C8B4C9E4C' ) LIMIT 1   [ RunTime:0.000225s ]
INFO: [ view_parse ] --START--
NOTIC: [8] Undefined index:  error D:\PHPnow\htdocs\dongya\lyda\Runtime\Cache\2c1a6295ed07f28e73eb847827c9a659.php 第 110 行.
INFO: ParseTemplate Behavior ::run [ RunTime:0.029271s ]
INFO: [ view_parse ] --END-- [ RunTime:0.029396s ]
INFO: [ view_filter ] --START--
INFO: ContentReplace Behavior ::run [ RunTime:0.002172s ]
INFO: TokenBuild Behavior ::run [ RunTime:0.001451s ]
INFO: WriteHtmlCache Behavior ::run [ RunTime:0.000990s ]
INFO: ShowRuntime Behavior ::run [ RunTime:0.001240s ]
INFO: [ view_filter ] --END-- [ RunTime:0.006106s ]
INFO: [ view_end ] --START--
INFO: ShowPageTrace Behavior ::run [ RunTime:0.001364s ]
INFO: [ view_end ] --END-- [ RunTime:0.001445s ]

