[ 2016-02-29T11:47:10+08:00 ] 113.70.56.45 /lyda/index.php/Index/index/groupid/43C1549E222DE8BCFD975AEF5F44443A
INFO: [ route_check ] --START--
INFO: CheckRoute Behavior ::run [ RunTime:0.001700s ]
INFO: [ route_check ] --END-- [ RunTime:0.001807s ]
INFO: [ app_begin ] --START--
INFO: ReadHtmlCache Behavior ::run [ RunTime:0.001360s ]
INFO: [ app_begin ] --END-- [ RunTime:0.001447s ]
NOTIC: [2048] Declaration of ImpotAction::error() should be compatible with that of Action::error() D:\PHPnow\htdocs\dongya\lyda\Lib\Action\ImpotAction.class.php 第 75 行.
SQL: SHOW COLUMNS FROM `app_group` [ RunTime:0.001513s ]
SQL: SELECT * FROM `app_group` WHERE ( `guid` = '43C1549E222DE8BCFD975AEF5F44443A' ) LIMIT 1   [ RunTime:0.000662s ]
SQL: SELECT * FROM `app_group` WHERE ( `guid` = '43C1549E222DE8BCFD975AEF5F44443A' ) LIMIT 1   [ RunTime:0.000227s ]
SQL: SELECT * FROM `app_group` WHERE ( `guid` = '43C1549E222DE8BCFD975AEF5F44443A' ) LIMIT 1   [ RunTime:0.000432s ]
INFO: [ view_parse ] --START--
NOTIC: [8] Undefined index:  error D:\PHPnow\htdocs\dongya\lyda\Runtime\Cache\56e2620824352560a81a2c90b6162793.php 第 145 行.
INFO: ParseTemplate Behavior ::run [ RunTime:0.036583s ]
INFO: [ view_parse ] --END-- [ RunTime:0.036723s ]
INFO: [ view_filter ] --START--
INFO: ContentReplace Behavior ::run [ RunTime:0.001241s ]
INFO: TokenBuild Behavior ::run [ RunTime:0.001149s ]
INFO: WriteHtmlCache Behavior ::run [ RunTime:0.001105s ]
INFO: ShowRuntime Behavior ::run [ RunTime:0.001273s ]
INFO: [ view_filter ] --END-- [ RunTime:0.004996s ]
INFO: [ view_end ] --START--
INFO: ShowPageTrace Behavior ::run [ RunTime:0.001641s ]
INFO: [ view_end ] --END-- [ RunTime:0.001755s ]

[ 2016-02-29T17:57:45+08:00 ] 118.197.35.170 /lyda/index.php/Index/index/groupid/43C1549E222DE8BCFD975AEF5F44443A
INFO: [ route_check ] --START--
INFO: CheckRoute Behavior ::run [ RunTime:0.001698s ]
INFO: [ route_check ] --END-- [ RunTime:0.001831s ]
INFO: [ app_begin ] --START--
INFO: ReadHtmlCache Behavior ::run [ RunTime:0.000618s ]
INFO: [ app_begin ] --END-- [ RunTime:0.000704s ]
NOTIC: [2048] Declaration of ImpotAction::error() should be compatible with that of Action::error() D:\PHPnow\htdocs\dongya\lyda\Lib\Action\ImpotAction.class.php 第 75 行.
SQL: SHOW COLUMNS FROM `app_group` [ RunTime:0.001627s ]
SQL: SELECT * FROM `app_group` WHERE ( `guid` = '43C1549E222DE8BCFD975AEF5F44443A' ) LIMIT 1   [ RunTime:0.000700s ]
SQL: SELECT * FROM `app_group` WHERE ( `guid` = '43C1549E222DE8BCFD975AEF5F44443A' ) LIMIT 1   [ RunTime:0.000226s ]
SQL: SELECT * FROM `app_group` WHERE ( `guid` = '43C1549E222DE8BCFD975AEF5F44443A' ) LIMIT 1   [ RunTime:0.000220s ]
INFO: [ view_parse ] --START--
NOTIC: [8] Undefined index:  error D:\PHPnow\htdocs\dongya\lyda\Runtime\Cache\56e2620824352560a81a2c90b6162793.php 第 145 行.
INFO: ParseTemplate Behavior ::run [ RunTime:0.055488s ]
INFO: [ view_parse ] --END-- [ RunTime:0.055600s ]
INFO: [ view_filter ] --START--
INFO: ContentReplace Behavior ::run [ RunTime:0.001191s ]
INFO: TokenBuild Behavior ::run [ RunTime:0.001345s ]
INFO: WriteHtmlCache Behavior ::run [ RunTime:0.001008s ]
INFO: ShowRuntime Behavior ::run [ RunTime:0.001259s ]
INFO: [ view_filter ] --END-- [ RunTime:0.005043s ]
INFO: [ view_end ] --START--
INFO: ShowPageTrace Behavior ::run [ RunTime:0.001878s ]
INFO: [ view_end ] --END-- [ RunTime:0.001967s ]

[ 2016-02-29T17:57:52+08:00 ] 118.197.35.170 /lyda/index.php/Code/index/groupid/43C1549E222DE8BCFD975AEF5F44443A
INFO: [ route_check ] --START--
INFO: CheckRoute Behavior ::run [ RunTime:0.001734s ]
INFO: [ route_check ] --END-- [ RunTime:0.001855s ]
INFO: [ app_begin ] --START--
INFO: ReadHtmlCache Behavior ::run [ RunTime:0.000625s ]
INFO: [ app_begin ] --END-- [ RunTime:0.000709s ]
NOTIC: [2048] Declaration of ImpotAction::error() should be compatible with that of Action::error() D:\PHPnow\htdocs\dongya\lyda\Lib\Action\ImpotAction.class.php 第 75 行.
SQL: SHOW COLUMNS FROM `app_group` [ RunTime:0.001578s ]
SQL: SELECT * FROM `app_group` WHERE ( `guid` = '43C1549E222DE8BCFD975AEF5F44443A' ) LIMIT 1   [ RunTime:0.000673s ]
SQL: SELECT * FROM `app_group` WHERE ( `guid` = '43C1549E222DE8BCFD975AEF5F44443A' ) LIMIT 1   [ RunTime:0.000215s ]
SQL: SHOW COLUMNS FROM `app_code` [ RunTime:0.017080s ]
SQL: SELECT * FROM `app_code` WHERE ( groupid='43C1549E222DE8BCFD975AEF5F44443A' ) ORDER BY time desc LIMIT 0,20   [ RunTime:0.001083s ]
SQL: SELECT COUNT(*) AS tp_count FROM `app_code` WHERE ( groupid='43C1549E222DE8BCFD975AEF5F44443A' ) LIMIT 1   [ RunTime:0.000267s ]
SQL: SELECT * FROM `app_group` WHERE ( `guid` = '43C1549E222DE8BCFD975AEF5F44443A' ) LIMIT 1   [ RunTime:0.000294s ]
INFO: [ view_parse ] --START--
NOTIC: [8] Undefined index:  error D:\PHPnow\htdocs\dongya\lyda\Runtime\Cache\16b3f84a4eeef5578398a1255fc3f30a.php 第 93 行.
INFO: ParseTemplate Behavior ::run [ RunTime:0.024080s ]
INFO: [ view_parse ] --END-- [ RunTime:0.024228s ]
INFO: [ view_filter ] --START--
INFO: ContentReplace Behavior ::run [ RunTime:0.001304s ]
INFO: TokenBuild Behavior ::run [ RunTime:0.001139s ]
INFO: WriteHtmlCache Behavior ::run [ RunTime:0.000966s ]
INFO: ShowRuntime Behavior ::run [ RunTime:0.001239s ]
INFO: [ view_filter ] --END-- [ RunTime:0.004895s ]
INFO: [ view_end ] --START--
INFO: ShowPageTrace Behavior ::run [ RunTime:0.001653s ]
INFO: [ view_end ] --END-- [ RunTime:0.001777s ]

[ 2016-02-29T17:57:58+08:00 ] 118.197.35.170 /lyda/index.php/Content/index/pid/6EB3AA74B83AE1208D22263E2A2A3672
INFO: [ route_check ] --START--
INFO: CheckRoute Behavior ::run [ RunTime:0.001700s ]
INFO: [ route_check ] --END-- [ RunTime:0.001826s ]
INFO: [ app_begin ] --START--
INFO: ReadHtmlCache Behavior ::run [ RunTime:0.000618s ]
INFO: [ app_begin ] --END-- [ RunTime:0.000705s ]
SQL: SHOW COLUMNS FROM `app_dir` [ RunTime:0.029905s ]
SQL: SELECT * FROM `app_dir` WHERE ( `guid` = '6EB3AA74B83AE1208D22263E2A2A3672' ) LIMIT 1   [ RunTime:0.015821s ]
NOTIC: [2048] Declaration of ImpotAction::error() should be compatible with that of Action::error() D:\PHPnow\htdocs\dongya\lyda\Lib\Action\ImpotAction.class.php 第 75 行.
SQL: SHOW COLUMNS FROM `app_group` [ RunTime:0.001544s ]
SQL: SELECT * FROM `app_group` WHERE ( `guid` = '43C1549E222DE8BCFD975AEF5F44443A' ) LIMIT 1   [ RunTime:0.000665s ]
SQL: SELECT * FROM `app_group` WHERE ( `guid` = '43C1549E222DE8BCFD975AEF5F44443A' ) LIMIT 1   [ RunTime:0.000209s ]
SQL: SELECT * FROM `app_dir` WHERE ( guid='0' ) LIMIT 1   [ RunTime:0.000241s ]
SQL: SELECT * FROM `app_dir` WHERE ( pid='0' and groupid='43C1549E222DE8BCFD975AEF5F44443A' ) ORDER BY sort,time desc  [ RunTime:0.008724s ]
SQL: SELECT * FROM `app_dir` WHERE ( pid='BB6C60AB26F8C32F3ED4CA377C072616' and groupid='43C1549E222DE8BCFD975AEF5F44443A' )  [ RunTime:0.000389s ]
SQL: SELECT * FROM `app_dir` WHERE ( pid='BB6C60AB26F8C32F3ED4CA377C072616' and groupid='43C1549E222DE8BCFD975AEF5F44443A' ) ORDER BY sort,time desc  [ RunTime:0.000368s ]
SQL: SELECT * FROM `app_dir` WHERE ( pid='C2E43A94ADC8A90955A3D2C0C5C71B59' and groupid='43C1549E222DE8BCFD975AEF5F44443A' )  [ RunTime:0.000364s ]
SQL: SELECT * FROM `app_dir` WHERE ( pid='6EB3AA74B83AE1208D22263E2A2A3672' and groupid='43C1549E222DE8BCFD975AEF5F44443A' )  [ RunTime:0.000339s ]
SQL: SELECT * FROM `app_dir` WHERE ( pid='096C17930C3A32BEA3FC8A451008395B' and groupid='43C1549E222DE8BCFD975AEF5F44443A' )  [ RunTime:0.000347s ]
SQL: SELECT * FROM `app_dir` WHERE ( pid='893FA0DC5E991B28FF888FE3527F126A' and groupid='43C1549E222DE8BCFD975AEF5F44443A' )  [ RunTime:0.000339s ]
SQL: SELECT * FROM `app_dir` WHERE ( pid='AC87C1658572CEFF3F9542D11ADD75E2' and groupid='43C1549E222DE8BCFD975AEF5F44443A' )  [ RunTime:0.000393s ]
SQL: SELECT * FROM `app_dir` WHERE ( pid='AC87C1658572CEFF3F9542D11ADD75E2' and groupid='43C1549E222DE8BCFD975AEF5F44443A' ) ORDER BY sort,time desc  [ RunTime:0.000430s ]
SQL: SELECT * FROM `app_dir` WHERE ( pid='B3A4047B0CA790F86C7505FE84C768F1' and groupid='43C1549E222DE8BCFD975AEF5F44443A' )  [ RunTime:0.000340s ]
SQL: SELECT * FROM `app_dir` WHERE ( pid='EAF2C0A228FA16F4BD7ED99012B72380' and groupid='43C1549E222DE8BCFD975AEF5F44443A' )  [ RunTime:0.000338s ]
SQL: SELECT * FROM `app_dir` WHERE ( pid='3671E2823DA5B8147A9F4F20E5F0A93B' and groupid='43C1549E222DE8BCFD975AEF5F44443A' )  [ RunTime:0.000587s ]
SQL: SELECT * FROM `app_dir` WHERE ( pid='4067A4ABAC348F07F8D25256D2268F08' and groupid='43C1549E222DE8BCFD975AEF5F44443A' )  [ RunTime:0.000387s ]
SQL: SELECT * FROM `app_dir` WHERE ( pid='ED802521384F2F0FD07132863ABBDD81' and groupid='43C1549E222DE8BCFD975AEF5F44443A' )  [ RunTime:0.000477s ]
SQL: SELECT * FROM `app_dir` WHERE ( pid='F0EC741FE4E102A3EE580D1AF1759742' and groupid='43C1549E222DE8BCFD975AEF5F44443A' )  [ RunTime:0.000372s ]
SQL: SELECT * FROM `app_dir` WHERE ( pid='0152EC2C562DB69FDB8D18284625B28A' and groupid='43C1549E222DE8BCFD975AEF5F44443A' )  [ RunTime:0.000343s ]
SQL: SELECT * FROM `app_dir` WHERE ( pid='E4BEE8FCD79979F5DE99B60F5E1DA2D7' and groupid='43C1549E222DE8BCFD975AEF5F44443A' )  [ RunTime:0.000371s ]
SQL: SELECT * FROM `app_dir` WHERE ( pid='E4BEE8FCD79979F5DE99B60F5E1DA2D7' and groupid='43C1549E222DE8BCFD975AEF5F44443A' ) ORDER BY sort,time desc  [ RunTime:0.000406s ]
SQL: SELECT * FROM `app_dir` WHERE ( pid='22915C2FE6CA207060D52368D2C09763' and groupid='43C1549E222DE8BCFD975AEF5F44443A' )  [ RunTime:0.000335s ]
SQL: SELECT * FROM `app_dir` WHERE ( pid='BC21EF825C5B59C7AD55F1CFC6F1B05A' and groupid='43C1549E222DE8BCFD975AEF5F44443A' )  [ RunTime:0.000335s ]
SQL: SELECT * FROM `app_dir` WHERE ( pid='4F869997BEEB1D9376C4FD47602562D1' and groupid='43C1549E222DE8BCFD975AEF5F44443A' )  [ RunTime:0.000333s ]
SQL: SELECT * FROM `app_dir` WHERE ( pid='077EE49B34C0AF11EF731DFB2294B31F' and groupid='43C1549E222DE8BCFD975AEF5F44443A' )  [ RunTime:0.000333s ]
SQL: SELECT * FROM `app_dir` WHERE ( pid='0DBBEA8A1A5B171C6BA5410B44D6E3FA' and groupid='43C1549E222DE8BCFD975AEF5F44443A' )  [ RunTime:0.000330s ]
SQL: SELECT * FROM `app_dir` WHERE ( pid='7535A63810BDFD1E4D2DA2DC3F1CF968' and groupid='43C1549E222DE8BCFD975AEF5F44443A' )  [ RunTime:0.000328s ]
SQL: SELECT * FROM `app_dir` WHERE ( pid='96B67DCBBE31D5B3E960B3453063927D' and groupid='43C1549E222DE8BCFD975AEF5F44443A' )  [ RunTime:0.000361s ]
SQL: SELECT * FROM `app_dir` WHERE ( pid='96B67DCBBE31D5B3E960B3453063927D' and groupid='43C1549E222DE8BCFD975AEF5F44443A' ) ORDER BY sort,time desc  [ RunTime:0.000398s ]
SQL: SELECT * FROM `app_dir` WHERE ( pid='08855BBA1144E2C855AFB4A12664612C' and groupid='43C1549E222DE8BCFD975AEF5F44443A' )  [ RunTime:0.000345s ]
SQL: SELECT * FROM `app_dir` WHERE ( pid='BBA6D3E79D5B6E9920B3AF1269D31BD8' and groupid='43C1549E222DE8BCFD975AEF5F44443A' )  [ RunTime:0.000328s ]
SQL: SELECT * FROM `app_dir` WHERE ( pid='A760AECC5B5CFDCB95729597D2C8813B' and groupid='43C1549E222DE8BCFD975AEF5F44443A' )  [ RunTime:0.000332s ]
SQL: SELECT * FROM `app_dir` WHERE ( pid='CA4303644807CA744E25FE70BE0A8BD5' and groupid='43C1549E222DE8BCFD975AEF5F44443A' )  [ RunTime:0.000328s ]
SQL: SELECT * FROM `app_dir` WHERE ( pid='588E885C5E3E56BBEB866FD3FA6323C4' and groupid='43C1549E222DE8BCFD975AEF5F44443A' )  [ RunTime:0.000328s ]
SQL: SELECT * FROM `app_dir` WHERE ( pid='A53E21A423883E7D30EF83A5F974495C' and groupid='43C1549E222DE8BCFD975AEF5F44443A' )  [ RunTime:0.000327s ]
SQL: SELECT * FROM `app_dir` WHERE ( pid='8BE770CBD0EFD2DBA8B2044AE933FA19' and groupid='43C1549E222DE8BCFD975AEF5F44443A' )  [ RunTime:0.000336s ]
SQL: SELECT * FROM `app_dir` WHERE ( pid='8BE770CBD0EFD2DBA8B2044AE933FA19' and groupid='43C1549E222DE8BCFD975AEF5F44443A' ) ORDER BY sort,time desc  [ RunTime:0.000413s ]
SQL: SELECT * FROM `app_dir` WHERE ( pid='34BFB98606D2346CF83339AF82346B74' and groupid='43C1549E222DE8BCFD975AEF5F44443A' )  [ RunTime:0.000592s ]
SQL: SELECT * FROM `app_dir` WHERE ( pid='34BFB98606D2346CF83339AF82346B74' and groupid='43C1549E222DE8BCFD975AEF5F44443A' ) ORDER BY sort,time desc  [ RunTime:0.000750s ]
SQL: SELECT * FROM `app_dir` WHERE ( pid='EFF8620C208ED4B5F4CD323055B09890' and groupid='43C1549E222DE8BCFD975AEF5F44443A' )  [ RunTime:0.000335s ]
SQL: SELECT * FROM `app_dir` WHERE ( pid='2FE1898A898FCAA3D67385918941E7FE' and groupid='43C1549E222DE8BCFD975AEF5F44443A' )  [ RunTime:0.000331s ]
SQL: SELECT * FROM `app_dir` WHERE ( pid='E504D8144E798E001548D649ABE413DA' and groupid='43C1549E222DE8BCFD975AEF5F44443A' )  [ RunTime:0.000331s ]
SQL: SELECT * FROM `app_dir` WHERE ( pid='D1AB6C16ED3C5BF569013E900CB1C761' and groupid='43C1549E222DE8BCFD975AEF5F44443A' )  [ RunTime:0.000334s ]
SQL: SELECT * FROM `app_dir` WHERE ( pid='F5B0B6D1D7A721A2F1425B829A81C369' and groupid='43C1549E222DE8BCFD975AEF5F44443A' )  [ RunTime:0.000329s ]
SQL: SELECT * FROM `app_dir` WHERE ( pid='048B6EBE671ACF423D80F02F1F808862' and groupid='43C1549E222DE8BCFD975AEF5F44443A' )  [ RunTime:0.000330s ]
SQL: SELECT * FROM `app_dir` WHERE ( pid='86D1DA1304BD5C979B3CB73E4C9921C4' and groupid='43C1549E222DE8BCFD975AEF5F44443A' )  [ RunTime:0.000333s ]
SQL: SELECT * FROM `app_dir` WHERE ( pid='9481CDA95ACBCB099DB30AA06D6E8AD2' and groupid='43C1549E222DE8BCFD975AEF5F44443A' )  [ RunTime:0.000330s ]
SQL: SELECT * FROM `app_dir` WHERE ( pid='1DD447C4603C9B0865135C0AECD6ED62' and groupid='43C1549E222DE8BCFD975AEF5F44443A' )  [ RunTime:0.000328s ]
SQL: SELECT * FROM `app_dir` WHERE ( pid='1B03681A9B96DA18846FAA0558E5C4BF' and groupid='43C1549E222DE8BCFD975AEF5F44443A' )  [ RunTime:0.000331s ]
SQL: SELECT * FROM `app_dir` WHERE ( pid='368A9EC68A96DA25BD3FF847606D59FF' and groupid='43C1549E222DE8BCFD975AEF5F44443A' )  [ RunTime:0.000328s ]
SQL: SELECT * FROM `app_dir` WHERE ( pid='9AD594A6EDB24F8581C17C11A03C577B' and groupid='43C1549E222DE8BCFD975AEF5F44443A' )  [ RunTime:0.000328s ]
SQL: SELECT * FROM `app_dir` WHERE ( pid='54F2F7E046D7DA4D41D5DB348B84E53B' and groupid='43C1549E222DE8BCFD975AEF5F44443A' )  [ RunTime:0.000332s ]
SQL: SELECT * FROM `app_dir` WHERE ( pid='B59DF4633DA3A20EC074802B6531F03B' and groupid='43C1549E222DE8BCFD975AEF5F44443A' )  [ RunTime:0.000328s ]
SQL: SELECT * FROM `app_dir` WHERE ( pid='0CD2A271FB08FDB867F4848A02F20AF8' and groupid='43C1549E222DE8BCFD975AEF5F44443A' )  [ RunTime:0.000333s ]
SQL: SELECT * FROM `app_dir` WHERE ( pid='C1BB1F4D016151844E6ADB307640D5F9' and groupid='43C1549E222DE8BCFD975AEF5F44443A' )  [ RunTime:0.000330s ]
SQL: SELECT * FROM `app_dir` WHERE ( pid='F1197A02BFE8F389E9575D0150E9F66D' and groupid='43C1549E222DE8BCFD975AEF5F44443A' )  [ RunTime:0.000332s ]
SQL: SELECT * FROM `app_dir` WHERE ( pid='D415E2C3EC448CECD721B64AE37043FE' and groupid='43C1549E222DE8BCFD975AEF5F44443A' )  [ RunTime:0.000327s ]
SQL: SELECT * FROM `app_dir` WHERE ( pid='4A8740CC23C42F76BCF22A4371BAB30A' and groupid='43C1549E222DE8BCFD975AEF5F44443A' )  [ RunTime:0.000331s ]
SQL: SELECT * FROM `app_dir` WHERE ( pid='78C36720A9D4BC420E0DDADB33690D43' and groupid='43C1549E222DE8BCFD975AEF5F44443A' )  [ RunTime:0.000327s ]
SQL: SELECT * FROM `app_dir` WHERE ( pid='3BEB3C721ED0076012414EF86A7D38B7' and groupid='43C1549E222DE8BCFD975AEF5F44443A' )  [ RunTime:0.000327s ]
SQL: SELECT * FROM `app_dir` WHERE ( pid='112BFF5D52C9540B361CDC1D4A7AB568' and groupid='43C1549E222DE8BCFD975AEF5F44443A' )  [ RunTime:0.000326s ]
SQL: SELECT * FROM `app_dir` WHERE ( pid='8518ED49EDF0CD97454454C5BCC5287C' and groupid='43C1549E222DE8BCFD975AEF5F44443A' )  [ RunTime:0.000517s ]
SQL: SELECT * FROM `app_dir` WHERE ( pid='46DE128E5500C2F49CC99545DFF0BC94' and groupid='43C1549E222DE8BCFD975AEF5F44443A' )  [ RunTime:0.000435s ]
SQL: SELECT * FROM `app_dir` WHERE ( pid='9A6A6E0F4CEF160A0A08F49DBEE4934E' and groupid='43C1549E222DE8BCFD975AEF5F44443A' )  [ RunTime:0.000330s ]
SQL: SELECT * FROM `app_dir` WHERE ( pid='217A01C13069390748E12B85713FF072' and groupid='43C1549E222DE8BCFD975AEF5F44443A' )  [ RunTime:0.000328s ]
SQL: SELECT * FROM `app_dir` WHERE ( pid='31686FFD236FCEA086262C20400A7F25' and groupid='43C1549E222DE8BCFD975AEF5F44443A' )  [ RunTime:0.000330s ]
SQL: SELECT * FROM `app_dir` WHERE ( pid='CAA03FED07BC1EACFCD0A5F2857C350C' and groupid='43C1549E222DE8BCFD975AEF5F44443A' )  [ RunTime:0.000331s ]
SQL: SELECT * FROM `app_dir` WHERE ( pid='671257B266BD4DA819B31779296BAAB1' and groupid='43C1549E222DE8BCFD975AEF5F44443A' )  [ RunTime:0.000328s ]
SQL: SELECT * FROM `app_dir` WHERE ( pid='9DA8E9DD58647556E7767C6C64C33D6A' and groupid='43C1549E222DE8BCFD975AEF5F44443A' )  [ RunTime:0.000328s ]
SQL: SELECT * FROM `app_dir` WHERE ( pid='6D4843B6B1A14991BA60407B0A33FA68' and groupid='43C1549E222DE8BCFD975AEF5F44443A' )  [ RunTime:0.000328s ]
SQL: SELECT * FROM `app_dir` WHERE ( pid='4783F22D7E09A984EA122F16A2E23502' and groupid='43C1549E222DE8BCFD975AEF5F44443A' )  [ RunTime:0.000328s ]
SQL: SELECT * FROM `app_dir` WHERE ( pid='FDB3B9A05D771FE67C89F0B4EB9AA881' and groupid='43C1549E222DE8BCFD975AEF5F44443A' )  [ RunTime:0.000330s ]
SQL: SELECT * FROM `app_dir` WHERE ( pid='8AF8933134338FD63285519C175E6874' and groupid='43C1549E222DE8BCFD975AEF5F44443A' )  [ RunTime:0.000328s ]
SQL: SELECT * FROM `app_dir` WHERE ( pid='5D245C040FA914500D7DB4CDEC593F63' and groupid='43C1549E222DE8BCFD975AEF5F44443A' )  [ RunTime:0.000327s ]
SQL: SELECT * FROM `app_dir` WHERE ( pid='E7FAB408370792F3F0CF22C7AD848E2E' and groupid='43C1549E222DE8BCFD975AEF5F44443A' )  [ RunTime:0.000329s ]
SQL: SELECT * FROM `app_dir` WHERE ( pid='3AF14EE113628F4F1CA3E060FD9A8349' and groupid='43C1549E222DE8BCFD975AEF5F44443A' )  [ RunTime:0.000331s ]
SQL: SELECT * FROM `app_dir` WHERE ( pid='C09FF1173BC1F500B0D61DA21A97E33A' and groupid='43C1549E222DE8BCFD975AEF5F44443A' )  [ RunTime:0.000326s ]
SQL: SELECT * FROM `app_dir` WHERE ( pid='5AAB5183F7CFBB15264E14ECA576B0C3' and groupid='43C1549E222DE8BCFD975AEF5F44443A' )  [ RunTime:0.000327s ]
SQL: SELECT * FROM `app_dir` WHERE ( pid='13BDF549E1F4C35EA87A3F26E86A72BD' and groupid='43C1549E222DE8BCFD975AEF5F44443A' )  [ RunTime:0.000327s ]
SQL: SELECT * FROM `app_dir` WHERE ( pid='24FF9AE0DD3BBBFB9AA69CC7C9F644DD' and groupid='43C1549E222DE8BCFD975AEF5F44443A' )  [ RunTime:0.000331s ]
SQL: SELECT * FROM `app_dir` WHERE ( pid='7BA3272F69EA8E9465EADB9070A0D926' and groupid='43C1549E222DE8BCFD975AEF5F44443A' )  [ RunTime:0.000328s ]
SQL: SELECT * FROM `app_dir` WHERE ( pid='C3EEFC6E68FD5A1337C01EF5F6DEE917' and groupid='43C1549E222DE8BCFD975AEF5F44443A' )  [ RunTime:0.000326s ]
SQL: SELECT * FROM `app_dir` WHERE ( pid='FC29071A1DA7C0520E7B65498442E09E' and groupid='43C1549E222DE8BCFD975AEF5F44443A' )  [ RunTime:0.000333s ]
SQL: SELECT * FROM `app_dir` WHERE ( pid='6D64F692E6F5D87471745F7ADC8B7EE9' and groupid='43C1549E222DE8BCFD975AEF5F44443A' )  [ RunTime:0.000326s ]
SQL: SELECT * FROM `app_dir` WHERE ( pid='ADD24F766976385321CCEF51321F5247' and groupid='43C1549E222DE8BCFD975AEF5F44443A' )  [ RunTime:0.000328s ]
SQL: SHOW COLUMNS FROM `app_content` [ RunTime:0.006194s ]
SQL: SELECT * FROM `app_content` WHERE ( pid='6EB3AA74B83AE1208D22263E2A2A3672' and groupid='43C1549E222DE8BCFD975AEF5F44443A' ) ORDER BY sort,time desc LIMIT 0,20   [ RunTime:0.014578s ]
SQL: SELECT COUNT(*) AS tp_count FROM `app_content` WHERE ( pid='6EB3AA74B83AE1208D22263E2A2A3672' and groupid='43C1549E222DE8BCFD975AEF5F44443A' ) LIMIT 1   [ RunTime:0.001167s ]
SQL: SHOW COLUMNS FROM `app_model` [ RunTime:0.004636s ]
SQL: SELECT * FROM `app_model` WHERE ( `guid` = '8104853443DA91FAA97D84084D25B152' ) LIMIT 1   [ RunTime:0.001533s ]
SQL: SELECT * FROM `app_group` WHERE ( `guid` = '43C1549E222DE8BCFD975AEF5F44443A' ) LIMIT 1   [ RunTime:0.000352s ]
INFO: [ view_parse ] --START--
NOTIC: [8] Undefined index:  error D:\PHPnow\htdocs\dongya\lyda\Runtime\Cache\195a58ed6d7d83fcd3b1cf0011a2f996.php 第 93 行.
INFO: ParseTemplate Behavior ::run [ RunTime:0.031278s ]
INFO: [ view_parse ] --END-- [ RunTime:0.031405s ]
INFO: [ view_filter ] --START--
INFO: ContentReplace Behavior ::run [ RunTime:0.001717s ]
INFO: TokenBuild Behavior ::run [ RunTime:0.001452s ]
INFO: WriteHtmlCache Behavior ::run [ RunTime:0.001234s ]
INFO: ShowRuntime Behavior ::run [ RunTime:0.001310s ]
INFO: [ view_filter ] --END-- [ RunTime:0.006007s ]
INFO: [ view_end ] --START--
INFO: ShowPageTrace Behavior ::run [ RunTime:0.001516s ]
INFO: [ view_end ] --END-- [ RunTime:0.001599s ]

[ 2016-02-29T17:58:01+08:00 ] 118.197.35.170 /lyda/index.php/content/edit/guid/9C718AD39F02533EEDB416C4B74F3DAD
INFO: [ route_check ] --START--
INFO: CheckRoute Behavior ::run [ RunTime:0.001857s ]
INFO: [ route_check ] --END-- [ RunTime:0.001997s ]
INFO: [ app_begin ] --START--
INFO: ReadHtmlCache Behavior ::run [ RunTime:0.000610s ]
INFO: [ app_begin ] --END-- [ RunTime:0.000695s ]
SQL: SHOW COLUMNS FROM `app_content` [ RunTime:0.001692s ]
SQL: SELECT * FROM `app_content` WHERE ( `guid` = '9C718AD39F02533EEDB416C4B74F3DAD' ) LIMIT 1   [ RunTime:0.000724s ]
SQL: SHOW COLUMNS FROM `app_dir` [ RunTime:0.002305s ]
SQL: SELECT * FROM `app_dir` WHERE ( `guid` = '6EB3AA74B83AE1208D22263E2A2A3672' ) LIMIT 1   [ RunTime:0.000994s ]
NOTIC: [2048] Declaration of ImpotAction::error() should be compatible with that of Action::error() D:\PHPnow\htdocs\dongya\lyda\Lib\Action\ImpotAction.class.php 第 75 行.
SQL: SHOW COLUMNS FROM `app_group` [ RunTime:0.001546s ]
SQL: SELECT * FROM `app_group` WHERE ( `guid` = '43C1549E222DE8BCFD975AEF5F44443A' ) LIMIT 1   [ RunTime:0.001021s ]
SQL: SELECT * FROM `app_group` WHERE ( `guid` = '43C1549E222DE8BCFD975AEF5F44443A' ) LIMIT 1   [ RunTime:0.000240s ]
SQL: SELECT * FROM `app_dir` WHERE ( guid='0' ) LIMIT 1   [ RunTime:0.000226s ]
SQL: SHOW COLUMNS FROM `app_model` [ RunTime:0.001718s ]
SQL: SELECT * FROM `app_model` WHERE ( `guid` = '8104853443DA91FAA97D84084D25B152' ) LIMIT 1   [ RunTime:0.000989s ]
SQL: SELECT * FROM `app_group` WHERE ( `guid` = '43C1549E222DE8BCFD975AEF5F44443A' ) LIMIT 1   [ RunTime:0.000301s ]
INFO: [ view_parse ] --START--
NOTIC: [8] Undefined index:  error D:\PHPnow\htdocs\dongya\lyda\Runtime\Cache\125e28d56635e928681d7fd1be61ffa4.php 第 93 行.
INFO: ParseTemplate Behavior ::run [ RunTime:0.032529s ]
INFO: [ view_parse ] --END-- [ RunTime:0.032685s ]
INFO: [ view_filter ] --START--
INFO: ContentReplace Behavior ::run [ RunTime:0.001402s ]
INFO: TokenBuild Behavior ::run [ RunTime:0.001158s ]
INFO: WriteHtmlCache Behavior ::run [ RunTime:0.001158s ]
INFO: ShowRuntime Behavior ::run [ RunTime:0.001303s ]
INFO: [ view_filter ] --END-- [ RunTime:0.005309s ]
INFO: [ view_end ] --START--
INFO: ShowPageTrace Behavior ::run [ RunTime:0.001406s ]
INFO: [ view_end ] --END-- [ RunTime:0.001496s ]

[ 2016-02-29T18:44:11+08:00 ] 113.65.71.126 /lyda/index.php/Index/index/groupid/43C1549E222DE8BCFD975AEF5F44443A
INFO: [ route_check ] --START--
INFO: CheckRoute Behavior ::run [ RunTime:0.003243s ]
INFO: [ route_check ] --END-- [ RunTime:0.003385s ]
INFO: [ app_begin ] --START--
INFO: ReadHtmlCache Behavior ::run [ RunTime:0.000854s ]
INFO: [ app_begin ] --END-- [ RunTime:0.000967s ]
NOTIC: [2048] Declaration of ImpotAction::error() should be compatible with that of Action::error() D:\PHPnow\htdocs\dongya\lyda\Lib\Action\ImpotAction.class.php 第 75 行.
SQL: SHOW COLUMNS FROM `app_group` [ RunTime:0.001700s ]
SQL: SELECT * FROM `app_group` WHERE ( `guid` = '43C1549E222DE8BCFD975AEF5F44443A' ) LIMIT 1   [ RunTime:0.000710s ]
SQL: SELECT * FROM `app_group` WHERE ( `guid` = '43C1549E222DE8BCFD975AEF5F44443A' ) LIMIT 1   [ RunTime:0.000253s ]
SQL: SELECT * FROM `app_group` WHERE ( `guid` = '43C1549E222DE8BCFD975AEF5F44443A' ) LIMIT 1   [ RunTime:0.000223s ]
INFO: [ view_parse ] --START--
NOTIC: [8] Undefined index:  error D:\PHPnow\htdocs\dongya\lyda\Runtime\Cache\56e2620824352560a81a2c90b6162793.php 第 145 行.
INFO: ParseTemplate Behavior ::run [ RunTime:0.019248s ]
INFO: [ view_parse ] --END-- [ RunTime:0.019441s ]
INFO: [ view_filter ] --START--
INFO: ContentReplace Behavior ::run [ RunTime:0.001272s ]
INFO: TokenBuild Behavior ::run [ RunTime:0.001122s ]
INFO: WriteHtmlCache Behavior ::run [ RunTime:0.000988s ]
INFO: ShowRuntime Behavior ::run [ RunTime:0.001227s ]
INFO: [ view_filter ] --END-- [ RunTime:0.004836s ]
INFO: [ view_end ] --START--
INFO: ShowPageTrace Behavior ::run [ RunTime:0.001504s ]
INFO: [ view_end ] --END-- [ RunTime:0.001584s ]

[ 2016-02-29T18:44:21+08:00 ] 113.65.71.126 /lyda/index.php/Code/index/groupid/43C1549E222DE8BCFD975AEF5F44443A
INFO: [ route_check ] --START--
INFO: CheckRoute Behavior ::run [ RunTime:0.001864s ]
INFO: [ route_check ] --END-- [ RunTime:0.001984s ]
INFO: [ app_begin ] --START--
INFO: ReadHtmlCache Behavior ::run [ RunTime:0.000819s ]
INFO: [ app_begin ] --END-- [ RunTime:0.000906s ]
NOTIC: [2048] Declaration of ImpotAction::error() should be compatible with that of Action::error() D:\PHPnow\htdocs\dongya\lyda\Lib\Action\ImpotAction.class.php 第 75 行.
SQL: SHOW COLUMNS FROM `app_group` [ RunTime:0.001663s ]
SQL: SELECT * FROM `app_group` WHERE ( `guid` = '43C1549E222DE8BCFD975AEF5F44443A' ) LIMIT 1   [ RunTime:0.000697s ]
SQL: SELECT * FROM `app_group` WHERE ( `guid` = '43C1549E222DE8BCFD975AEF5F44443A' ) LIMIT 1   [ RunTime:0.000231s ]
SQL: SHOW COLUMNS FROM `app_code` [ RunTime:0.001457s ]
SQL: SELECT * FROM `app_code` WHERE ( groupid='43C1549E222DE8BCFD975AEF5F44443A' ) ORDER BY time desc LIMIT 0,20   [ RunTime:0.000675s ]
SQL: SELECT COUNT(*) AS tp_count FROM `app_code` WHERE ( groupid='43C1549E222DE8BCFD975AEF5F44443A' ) LIMIT 1   [ RunTime:0.000218s ]
SQL: SELECT * FROM `app_group` WHERE ( `guid` = '43C1549E222DE8BCFD975AEF5F44443A' ) LIMIT 1   [ RunTime:0.000244s ]
INFO: [ view_parse ] --START--
NOTIC: [8] Undefined index:  error D:\PHPnow\htdocs\dongya\lyda\Runtime\Cache\16b3f84a4eeef5578398a1255fc3f30a.php 第 93 行.
INFO: ParseTemplate Behavior ::run [ RunTime:0.021053s ]
INFO: [ view_parse ] --END-- [ RunTime:0.021152s ]
INFO: [ view_filter ] --START--
INFO: ContentReplace Behavior ::run [ RunTime:0.001442s ]
INFO: TokenBuild Behavior ::run [ RunTime:0.001343s ]
INFO: WriteHtmlCache Behavior ::run [ RunTime:0.000980s ]
INFO: ShowRuntime Behavior ::run [ RunTime:0.001497s ]
INFO: [ view_filter ] --END-- [ RunTime:0.005487s ]
INFO: [ view_end ] --START--
INFO: ShowPageTrace Behavior ::run [ RunTime:0.001389s ]
INFO: [ view_end ] --END-- [ RunTime:0.001472s ]

[ 2016-02-29T18:44:27+08:00 ] 113.65.71.126 /lyda/index.php/Content/index/pid/6EB3AA74B83AE1208D22263E2A2A3672
INFO: [ route_check ] --START--
INFO: CheckRoute Behavior ::run [ RunTime:0.001763s ]
INFO: [ route_check ] --END-- [ RunTime:0.001869s ]
INFO: [ app_begin ] --START--
INFO: ReadHtmlCache Behavior ::run [ RunTime:0.000949s ]
INFO: [ app_begin ] --END-- [ RunTime:0.001065s ]
SQL: SHOW COLUMNS FROM `app_dir` [ RunTime:0.002735s ]
SQL: SELECT * FROM `app_dir` WHERE ( `guid` = '6EB3AA74B83AE1208D22263E2A2A3672' ) LIMIT 1   [ RunTime:0.000788s ]
NOTIC: [2048] Declaration of ImpotAction::error() should be compatible with that of Action::error() D:\PHPnow\htdocs\dongya\lyda\Lib\Action\ImpotAction.class.php 第 75 行.
SQL: SHOW COLUMNS FROM `app_group` [ RunTime:0.001351s ]
SQL: SELECT * FROM `app_group` WHERE ( `guid` = '43C1549E222DE8BCFD975AEF5F44443A' ) LIMIT 1   [ RunTime:0.000759s ]
SQL: SELECT * FROM `app_group` WHERE ( `guid` = '43C1549E222DE8BCFD975AEF5F44443A' ) LIMIT 1   [ RunTime:0.000406s ]
SQL: SELECT * FROM `app_dir` WHERE ( guid='0' ) LIMIT 1   [ RunTime:0.000243s ]
SQL: SELECT * FROM `app_dir` WHERE ( pid='0' and groupid='43C1549E222DE8BCFD975AEF5F44443A' ) ORDER BY sort,time desc  [ RunTime:0.000491s ]
SQL: SELECT * FROM `app_dir` WHERE ( pid='BB6C60AB26F8C32F3ED4CA377C072616' and groupid='43C1549E222DE8BCFD975AEF5F44443A' )  [ RunTime:0.000357s ]
SQL: SELECT * FROM `app_dir` WHERE ( pid='BB6C60AB26F8C32F3ED4CA377C072616' and groupid='43C1549E222DE8BCFD975AEF5F44443A' ) ORDER BY sort,time desc  [ RunTime:0.000372s ]
SQL: SELECT * FROM `app_dir` WHERE ( pid='C2E43A94ADC8A90955A3D2C0C5C71B59' and groupid='43C1549E222DE8BCFD975AEF5F44443A' )  [ RunTime:0.000343s ]
SQL: SELECT * FROM `app_dir` WHERE ( pid='6EB3AA74B83AE1208D22263E2A2A3672' and groupid='43C1549E222DE8BCFD975AEF5F44443A' )  [ RunTime:0.000344s ]
SQL: SELECT * FROM `app_dir` WHERE ( pid='096C17930C3A32BEA3FC8A451008395B' and groupid='43C1549E222DE8BCFD975AEF5F44443A' )  [ RunTime:0.000329s ]
SQL: SELECT * FROM `app_dir` WHERE ( pid='893FA0DC5E991B28FF888FE3527F126A' and groupid='43C1549E222DE8BCFD975AEF5F44443A' )  [ RunTime:0.000333s ]
SQL: SELECT * FROM `app_dir` WHERE ( pid='AC87C1658572CEFF3F9542D11ADD75E2' and groupid='43C1549E222DE8BCFD975AEF5F44443A' )  [ RunTime:0.000369s ]
SQL: SELECT * FROM `app_dir` WHERE ( pid='AC87C1658572CEFF3F9542D11ADD75E2' and groupid='43C1549E222DE8BCFD975AEF5F44443A' ) ORDER BY sort,time desc  [ RunTime:0.000411s ]
SQL: SELECT * FROM `app_dir` WHERE ( pid='B3A4047B0CA790F86C7505FE84C768F1' and groupid='43C1549E222DE8BCFD975AEF5F44443A' )  [ RunTime:0.000332s ]
SQL: SELECT * FROM `app_dir` WHERE ( pid='EAF2C0A228FA16F4BD7ED99012B72380' and groupid='43C1549E222DE8BCFD975AEF5F44443A' )  [ RunTime:0.000366s ]
SQL: SELECT * FROM `app_dir` WHERE ( pid='3671E2823DA5B8147A9F4F20E5F0A93B' and groupid='43C1549E222DE8BCFD975AEF5F44443A' )  [ RunTime:0.000327s ]
SQL: SELECT * FROM `app_dir` WHERE ( pid='4067A4ABAC348F07F8D25256D2268F08' and groupid='43C1549E222DE8BCFD975AEF5F44443A' )  [ RunTime:0.000353s ]
SQL: SELECT * FROM `app_dir` WHERE ( pid='ED802521384F2F0FD07132863ABBDD81' and groupid='43C1549E222DE8BCFD975AEF5F44443A' )  [ RunTime:0.000378s ]
SQL: SELECT * FROM `app_dir` WHERE ( pid='F0EC741FE4E102A3EE580D1AF1759742' and groupid='43C1549E222DE8BCFD975AEF5F44443A' )  [ RunTime:0.000325s ]
SQL: SELECT * FROM `app_dir` WHERE ( pid='0152EC2C562DB69FDB8D18284625B28A' and groupid='43C1549E222DE8BCFD975AEF5F44443A' )  [ RunTime:0.000365s ]
SQL: SELECT * FROM `app_dir` WHERE ( pid='E4BEE8FCD79979F5DE99B60F5E1DA2D7' and groupid='43C1549E222DE8BCFD975AEF5F44443A' )  [ RunTime:0.000374s ]
SQL: SELECT * FROM `app_dir` WHERE ( pid='E4BEE8FCD79979F5DE99B60F5E1DA2D7' and groupid='43C1549E222DE8BCFD975AEF5F44443A' ) ORDER BY sort,time desc  [ RunTime:0.000415s ]
SQL: SELECT * FROM `app_dir` WHERE ( pid='22915C2FE6CA207060D52368D2C09763' and groupid='43C1549E222DE8BCFD975AEF5F44443A' )  [ RunTime:0.000376s ]
SQL: SELECT * FROM `app_dir` WHERE ( pid='BC21EF825C5B59C7AD55F1CFC6F1B05A' and groupid='43C1549E222DE8BCFD975AEF5F44443A' )  [ RunTime:0.000369s ]
SQL: SELECT * FROM `app_dir` WHERE ( pid='4F869997BEEB1D9376C4FD47602562D1' and groupid='43C1549E222DE8BCFD975AEF5F44443A' )  [ RunTime:0.000331s ]
SQL: SELECT * FROM `app_dir` WHERE ( pid='077EE49B34C0AF11EF731DFB2294B31F' and groupid='43C1549E222DE8BCFD975AEF5F44443A' )  [ RunTime:0.000347s ]
SQL: SELECT * FROM `app_dir` WHERE ( pid='0DBBEA8A1A5B171C6BA5410B44D6E3FA' and groupid='43C1549E222DE8BCFD975AEF5F44443A' )  [ RunTime:0.000325s ]
SQL: SELECT * FROM `app_dir` WHERE ( pid='7535A63810BDFD1E4D2DA2DC3F1CF968' and groupid='43C1549E222DE8BCFD975AEF5F44443A' )  [ RunTime:0.000370s ]
SQL: SELECT * FROM `app_dir` WHERE ( pid='96B67DCBBE31D5B3E960B3453063927D' and groupid='43C1549E222DE8BCFD975AEF5F44443A' )  [ RunTime:0.000376s ]
SQL: SELECT * FROM `app_dir` WHERE ( pid='96B67DCBBE31D5B3E960B3453063927D' and groupid='43C1549E222DE8BCFD975AEF5F44443A' ) ORDER BY sort,time desc  [ RunTime:0.000401s ]
SQL: SELECT * FROM `app_dir` WHERE ( pid='08855BBA1144E2C855AFB4A12664612C' and groupid='43C1549E222DE8BCFD975AEF5F44443A' )  [ RunTime:0.000333s ]
SQL: SELECT * FROM `app_dir` WHERE ( pid='BBA6D3E79D5B6E9920B3AF1269D31BD8' and groupid='43C1549E222DE8BCFD975AEF5F44443A' )  [ RunTime:0.000349s ]
SQL: SELECT * FROM `app_dir` WHERE ( pid='A760AECC5B5CFDCB95729597D2C8813B' and groupid='43C1549E222DE8BCFD975AEF5F44443A' )  [ RunTime:0.000326s ]
SQL: SELECT * FROM `app_dir` WHERE ( pid='CA4303644807CA744E25FE70BE0A8BD5' and groupid='43C1549E222DE8BCFD975AEF5F44443A' )  [ RunTime:0.000341s ]
SQL: SELECT * FROM `app_dir` WHERE ( pid='588E885C5E3E56BBEB866FD3FA6323C4' and groupid='43C1549E222DE8BCFD975AEF5F44443A' )  [ RunTime:0.000320s ]
SQL: SELECT * FROM `app_dir` WHERE ( pid='A53E21A423883E7D30EF83A5F974495C' and groupid='43C1549E222DE8BCFD975AEF5F44443A' )  [ RunTime:0.000329s ]
SQL: SELECT * FROM `app_dir` WHERE ( pid='8BE770CBD0EFD2DBA8B2044AE933FA19' and groupid='43C1549E222DE8BCFD975AEF5F44443A' )  [ RunTime:0.000369s ]
SQL: SELECT * FROM `app_dir` WHERE ( pid='8BE770CBD0EFD2DBA8B2044AE933FA19' and groupid='43C1549E222DE8BCFD975AEF5F44443A' ) ORDER BY sort,time desc  [ RunTime:0.000353s ]
SQL: SELECT * FROM `app_dir` WHERE ( pid='34BFB98606D2346CF83339AF82346B74' and groupid='43C1549E222DE8BCFD975AEF5F44443A' )  [ RunTime:0.000666s ]
SQL: SELECT * FROM `app_dir` WHERE ( pid='34BFB98606D2346CF83339AF82346B74' and groupid='43C1549E222DE8BCFD975AEF5F44443A' ) ORDER BY sort,time desc  [ RunTime:0.000900s ]
SQL: SELECT * FROM `app_dir` WHERE ( pid='EFF8620C208ED4B5F4CD323055B09890' and groupid='43C1549E222DE8BCFD975AEF5F44443A' )  [ RunTime:0.000335s ]
SQL: SELECT * FROM `app_dir` WHERE ( pid='2FE1898A898FCAA3D67385918941E7FE' and groupid='43C1549E222DE8BCFD975AEF5F44443A' )  [ RunTime:0.000334s ]
SQL: SELECT * FROM `app_dir` WHERE ( pid='E504D8144E798E001548D649ABE413DA' and groupid='43C1549E222DE8BCFD975AEF5F44443A' )  [ RunTime:0.000327s ]
SQL: SELECT * FROM `app_dir` WHERE ( pid='D1AB6C16ED3C5BF569013E900CB1C761' and groupid='43C1549E222DE8BCFD975AEF5F44443A' )  [ RunTime:0.000387s ]
SQL: SELECT * FROM `app_dir` WHERE ( pid='F5B0B6D1D7A721A2F1425B829A81C369' and groupid='43C1549E222DE8BCFD975AEF5F44443A' )  [ RunTime:0.000321s ]
SQL: SELECT * FROM `app_dir` WHERE ( pid='048B6EBE671ACF423D80F02F1F808862' and groupid='43C1549E222DE8BCFD975AEF5F44443A' )  [ RunTime:0.000331s ]
SQL: SELECT * FROM `app_dir` WHERE ( pid='86D1DA1304BD5C979B3CB73E4C9921C4' and groupid='43C1549E222DE8BCFD975AEF5F44443A' )  [ RunTime:0.000320s ]
SQL: SELECT * FROM `app_dir` WHERE ( pid='9481CDA95ACBCB099DB30AA06D6E8AD2' and groupid='43C1549E222DE8BCFD975AEF5F44443A' )  [ RunTime:0.000324s ]
SQL: SELECT * FROM `app_dir` WHERE ( pid='1DD447C4603C9B0865135C0AECD6ED62' and groupid='43C1549E222DE8BCFD975AEF5F44443A' )  [ RunTime:0.000322s ]
SQL: SELECT * FROM `app_dir` WHERE ( pid='1B03681A9B96DA18846FAA0558E5C4BF' and groupid='43C1549E222DE8BCFD975AEF5F44443A' )  [ RunTime:0.000325s ]
SQL: SELECT * FROM `app_dir` WHERE ( pid='368A9EC68A96DA25BD3FF847606D59FF' and groupid='43C1549E222DE8BCFD975AEF5F44443A' )  [ RunTime:0.000317s ]
SQL: SELECT * FROM `app_dir` WHERE ( pid='9AD594A6EDB24F8581C17C11A03C577B' and groupid='43C1549E222DE8BCFD975AEF5F44443A' )  [ RunTime:0.000317s ]
SQL: SELECT * FROM `app_dir` WHERE ( pid='54F2F7E046D7DA4D41D5DB348B84E53B' and groupid='43C1549E222DE8BCFD975AEF5F44443A' )  [ RunTime:0.000328s ]
SQL: SELECT * FROM `app_dir` WHERE ( pid='B59DF4633DA3A20EC074802B6531F03B' and groupid='43C1549E222DE8BCFD975AEF5F44443A' )  [ RunTime:0.000317s ]
SQL: SELECT * FROM `app_dir` WHERE ( pid='0CD2A271FB08FDB867F4848A02F20AF8' and groupid='43C1549E222DE8BCFD975AEF5F44443A' )  [ RunTime:0.000330s ]
SQL: SELECT * FROM `app_dir` WHERE ( pid='C1BB1F4D016151844E6ADB307640D5F9' and groupid='43C1549E222DE8BCFD975AEF5F44443A' )  [ RunTime:0.000317s ]
SQL: SELECT * FROM `app_dir` WHERE ( pid='F1197A02BFE8F389E9575D0150E9F66D' and groupid='43C1549E222DE8BCFD975AEF5F44443A' )  [ RunTime:0.000328s ]
SQL: SELECT * FROM `app_dir` WHERE ( pid='D415E2C3EC448CECD721B64AE37043FE' and groupid='43C1549E222DE8BCFD975AEF5F44443A' )  [ RunTime:0.000317s ]
SQL: SELECT * FROM `app_dir` WHERE ( pid='4A8740CC23C42F76BCF22A4371BAB30A' and groupid='43C1549E222DE8BCFD975AEF5F44443A' )  [ RunTime:0.000324s ]
SQL: SELECT * FROM `app_dir` WHERE ( pid='78C36720A9D4BC420E0DDADB33690D43' and groupid='43C1549E222DE8BCFD975AEF5F44443A' )  [ RunTime:0.000323s ]
SQL: SELECT * FROM `app_dir` WHERE ( pid='3BEB3C721ED0076012414EF86A7D38B7' and groupid='43C1549E222DE8BCFD975AEF5F44443A' )  [ RunTime:0.000323s ]
SQL: SELECT * FROM `app_dir` WHERE ( pid='112BFF5D52C9540B361CDC1D4A7AB568' and groupid='43C1549E222DE8BCFD975AEF5F44443A' )  [ RunTime:0.000319s ]
SQL: SELECT * FROM `app_dir` WHERE ( pid='8518ED49EDF0CD97454454C5BCC5287C' and groupid='43C1549E222DE8BCFD975AEF5F44443A' )  [ RunTime:0.000316s ]
SQL: SELECT * FROM `app_dir` WHERE ( pid='46DE128E5500C2F49CC99545DFF0BC94' and groupid='43C1549E222DE8BCFD975AEF5F44443A' )  [ RunTime:0.000318s ]
SQL: SELECT * FROM `app_dir` WHERE ( pid='9A6A6E0F4CEF160A0A08F49DBEE4934E' and groupid='43C1549E222DE8BCFD975AEF5F44443A' )  [ RunTime:0.000317s ]
SQL: SELECT * FROM `app_dir` WHERE ( pid='217A01C13069390748E12B85713FF072' and groupid='43C1549E222DE8BCFD975AEF5F44443A' )  [ RunTime:0.000315s ]
SQL: SELECT * FROM `app_dir` WHERE ( pid='31686FFD236FCEA086262C20400A7F25' and groupid='43C1549E222DE8BCFD975AEF5F44443A' )  [ RunTime:0.000318s ]
SQL: SELECT * FROM `app_dir` WHERE ( pid='CAA03FED07BC1EACFCD0A5F2857C350C' and groupid='43C1549E222DE8BCFD975AEF5F44443A' )  [ RunTime:0.000337s ]
SQL: SELECT * FROM `app_dir` WHERE ( pid='671257B266BD4DA819B31779296BAAB1' and groupid='43C1549E222DE8BCFD975AEF5F44443A' )  [ RunTime:0.000317s ]
SQL: SELECT * FROM `app_dir` WHERE ( pid='9DA8E9DD58647556E7767C6C64C33D6A' and groupid='43C1549E222DE8BCFD975AEF5F44443A' )  [ RunTime:0.000320s ]
SQL: SELECT * FROM `app_dir` WHERE ( pid='6D4843B6B1A14991BA60407B0A33FA68' and groupid='43C1549E222DE8BCFD975AEF5F44443A' )  [ RunTime:0.000352s ]
SQL: SELECT * FROM `app_dir` WHERE ( pid='4783F22D7E09A984EA122F16A2E23502' and groupid='43C1549E222DE8BCFD975AEF5F44443A' )  [ RunTime:0.000372s ]
SQL: SELECT * FROM `app_dir` WHERE ( pid='FDB3B9A05D771FE67C89F0B4EB9AA881' and groupid='43C1549E222DE8BCFD975AEF5F44443A' )  [ RunTime:0.000407s ]
SQL: SELECT * FROM `app_dir` WHERE ( pid='8AF8933134338FD63285519C175E6874' and groupid='43C1549E222DE8BCFD975AEF5F44443A' )  [ RunTime:0.000673s ]
SQL: SELECT * FROM `app_dir` WHERE ( pid='5D245C040FA914500D7DB4CDEC593F63' and groupid='43C1549E222DE8BCFD975AEF5F44443A' )  [ RunTime:0.000610s ]
SQL: SELECT * FROM `app_dir` WHERE ( pid='E7FAB408370792F3F0CF22C7AD848E2E' and groupid='43C1549E222DE8BCFD975AEF5F44443A' )  [ RunTime:0.000445s ]
SQL: SELECT * FROM `app_dir` WHERE ( pid='3AF14EE113628F4F1CA3E060FD9A8349' and groupid='43C1549E222DE8BCFD975AEF5F44443A' )  [ RunTime:0.000443s ]
SQL: SELECT * FROM `app_dir` WHERE ( pid='C09FF1173BC1F500B0D61DA21A97E33A' and groupid='43C1549E222DE8BCFD975AEF5F44443A' )  [ RunTime:0.000439s ]
SQL: SELECT * FROM `app_dir` WHERE ( pid='5AAB5183F7CFBB15264E14ECA576B0C3' and groupid='43C1549E222DE8BCFD975AEF5F44443A' )  [ RunTime:0.000438s ]
SQL: SELECT * FROM `app_dir` WHERE ( pid='13BDF549E1F4C35EA87A3F26E86A72BD' and groupid='43C1549E222DE8BCFD975AEF5F44443A' )  [ RunTime:0.000436s ]
SQL: SELECT * FROM `app_dir` WHERE ( pid='24FF9AE0DD3BBBFB9AA69CC7C9F644DD' and groupid='43C1549E222DE8BCFD975AEF5F44443A' )  [ RunTime:0.000442s ]
SQL: SELECT * FROM `app_dir` WHERE ( pid='7BA3272F69EA8E9465EADB9070A0D926' and groupid='43C1549E222DE8BCFD975AEF5F44443A' )  [ RunTime:0.000436s ]
SQL: SELECT * FROM `app_dir` WHERE ( pid='C3EEFC6E68FD5A1337C01EF5F6DEE917' and groupid='43C1549E222DE8BCFD975AEF5F44443A' )  [ RunTime:0.000358s ]
SQL: SELECT * FROM `app_dir` WHERE ( pid='FC29071A1DA7C0520E7B65498442E09E' and groupid='43C1549E222DE8BCFD975AEF5F44443A' )  [ RunTime:0.000332s ]
SQL: SELECT * FROM `app_dir` WHERE ( pid='6D64F692E6F5D87471745F7ADC8B7EE9' and groupid='43C1549E222DE8BCFD975AEF5F44443A' )  [ RunTime:0.000325s ]
SQL: SELECT * FROM `app_dir` WHERE ( pid='ADD24F766976385321CCEF51321F5247' and groupid='43C1549E222DE8BCFD975AEF5F44443A' )  [ RunTime:0.000325s ]
SQL: SHOW COLUMNS FROM `app_content` [ RunTime:0.001854s ]
SQL: SELECT * FROM `app_content` WHERE ( pid='6EB3AA74B83AE1208D22263E2A2A3672' and groupid='43C1549E222DE8BCFD975AEF5F44443A' ) ORDER BY sort,time desc LIMIT 0,20   [ RunTime:0.001570s ]
SQL: SELECT COUNT(*) AS tp_count FROM `app_content` WHERE ( pid='6EB3AA74B83AE1208D22263E2A2A3672' and groupid='43C1549E222DE8BCFD975AEF5F44443A' ) LIMIT 1   [ RunTime:0.001031s ]
SQL: SHOW COLUMNS FROM `app_model` [ RunTime:0.001618s ]
SQL: SELECT * FROM `app_model` WHERE ( `guid` = '8104853443DA91FAA97D84084D25B152' ) LIMIT 1   [ RunTime:0.000646s ]
SQL: SELECT * FROM `app_group` WHERE ( `guid` = '43C1549E222DE8BCFD975AEF5F44443A' ) LIMIT 1   [ RunTime:0.000222s ]
INFO: [ view_parse ] --START--
NOTIC: [8] Undefined index:  error D:\PHPnow\htdocs\dongya\lyda\Runtime\Cache\195a58ed6d7d83fcd3b1cf0011a2f996.php 第 93 行.
INFO: ParseTemplate Behavior ::run [ RunTime:0.019603s ]
INFO: [ view_parse ] --END-- [ RunTime:0.019709s ]
INFO: [ view_filter ] --START--
INFO: ContentReplace Behavior ::run [ RunTime:0.001220s ]
INFO: TokenBuild Behavior ::run [ RunTime:0.001279s ]
INFO: WriteHtmlCache Behavior ::run [ RunTime:0.001589s ]
INFO: ShowRuntime Behavior ::run [ RunTime:0.002652s ]
INFO: [ view_filter ] --END-- [ RunTime:0.007035s ]
INFO: [ view_end ] --START--
INFO: ShowPageTrace Behavior ::run [ RunTime:0.002288s ]
INFO: [ view_end ] --END-- [ RunTime:0.002425s ]

[ 2016-02-29T18:44:30+08:00 ] 113.65.71.126 /lyda/index.php/Content/index/pid/893FA0DC5E991B28FF888FE3527F126A
INFO: [ route_check ] --START--
INFO: CheckRoute Behavior ::run [ RunTime:0.001926s ]
INFO: [ route_check ] --END-- [ RunTime:0.002065s ]
INFO: [ app_begin ] --START--
INFO: ReadHtmlCache Behavior ::run [ RunTime:0.000826s ]
INFO: [ app_begin ] --END-- [ RunTime:0.000912s ]
SQL: SHOW COLUMNS FROM `app_dir` [ RunTime:0.001813s ]
SQL: SELECT * FROM `app_dir` WHERE ( `guid` = '893FA0DC5E991B28FF888FE3527F126A' ) LIMIT 1   [ RunTime:0.000916s ]
NOTIC: [2048] Declaration of ImpotAction::error() should be compatible with that of Action::error() D:\PHPnow\htdocs\dongya\lyda\Lib\Action\ImpotAction.class.php 第 75 行.
SQL: SHOW COLUMNS FROM `app_group` [ RunTime:0.001851s ]
SQL: SELECT * FROM `app_group` WHERE ( `guid` = '43C1549E222DE8BCFD975AEF5F44443A' ) LIMIT 1   [ RunTime:0.001001s ]
SQL: SELECT * FROM `app_group` WHERE ( `guid` = '43C1549E222DE8BCFD975AEF5F44443A' ) LIMIT 1   [ RunTime:0.000220s ]
SQL: SELECT * FROM `app_dir` WHERE ( guid='0' ) LIMIT 1   [ RunTime:0.000297s ]
SQL: SELECT * FROM `app_dir` WHERE ( pid='0' and groupid='43C1549E222DE8BCFD975AEF5F44443A' ) ORDER BY sort,time desc  [ RunTime:0.000476s ]
SQL: SELECT * FROM `app_dir` WHERE ( pid='BB6C60AB26F8C32F3ED4CA377C072616' and groupid='43C1549E222DE8BCFD975AEF5F44443A' )  [ RunTime:0.000417s ]
SQL: SELECT * FROM `app_dir` WHERE ( pid='BB6C60AB26F8C32F3ED4CA377C072616' and groupid='43C1549E222DE8BCFD975AEF5F44443A' ) ORDER BY sort,time desc  [ RunTime:0.000502s ]
SQL: SELECT * FROM `app_dir` WHERE ( pid='C2E43A94ADC8A90955A3D2C0C5C71B59' and groupid='43C1549E222DE8BCFD975AEF5F44443A' )  [ RunTime:0.000486s ]
SQL: SELECT * FROM `app_dir` WHERE ( pid='6EB3AA74B83AE1208D22263E2A2A3672' and groupid='43C1549E222DE8BCFD975AEF5F44443A' )  [ RunTime:0.000469s ]
SQL: SELECT * FROM `app_dir` WHERE ( pid='096C17930C3A32BEA3FC8A451008395B' and groupid='43C1549E222DE8BCFD975AEF5F44443A' )  [ RunTime:0.000457s ]
SQL: SELECT * FROM `app_dir` WHERE ( pid='893FA0DC5E991B28FF888FE3527F126A' and groupid='43C1549E222DE8BCFD975AEF5F44443A' )  [ RunTime:0.000465s ]
SQL: SELECT * FROM `app_dir` WHERE ( pid='AC87C1658572CEFF3F9542D11ADD75E2' and groupid='43C1549E222DE8BCFD975AEF5F44443A' )  [ RunTime:0.000516s ]
SQL: SELECT * FROM `app_dir` WHERE ( pid='AC87C1658572CEFF3F9542D11ADD75E2' and groupid='43C1549E222DE8BCFD975AEF5F44443A' ) ORDER BY sort,time desc  [ RunTime:0.000576s ]
SQL: SELECT * FROM `app_dir` WHERE ( pid='B3A4047B0CA790F86C7505FE84C768F1' and groupid='43C1549E222DE8BCFD975AEF5F44443A' )  [ RunTime:0.000461s ]
SQL: SELECT * FROM `app_dir` WHERE ( pid='EAF2C0A228FA16F4BD7ED99012B72380' and groupid='43C1549E222DE8BCFD975AEF5F44443A' )  [ RunTime:0.000463s ]
SQL: SELECT * FROM `app_dir` WHERE ( pid='3671E2823DA5B8147A9F4F20E5F0A93B' and groupid='43C1549E222DE8BCFD975AEF5F44443A' )  [ RunTime:0.000466s ]
SQL: SELECT * FROM `app_dir` WHERE ( pid='4067A4ABAC348F07F8D25256D2268F08' and groupid='43C1549E222DE8BCFD975AEF5F44443A' )  [ RunTime:0.000436s ]
SQL: SELECT * FROM `app_dir` WHERE ( pid='ED802521384F2F0FD07132863ABBDD81' and groupid='43C1549E222DE8BCFD975AEF5F44443A' )  [ RunTime:0.000392s ]
SQL: SELECT * FROM `app_dir` WHERE ( pid='F0EC741FE4E102A3EE580D1AF1759742' and groupid='43C1549E222DE8BCFD975AEF5F44443A' )  [ RunTime:0.000569s ]
SQL: SELECT * FROM `app_dir` WHERE ( pid='0152EC2C562DB69FDB8D18284625B28A' and groupid='43C1549E222DE8BCFD975AEF5F44443A' )  [ RunTime:0.000447s ]
SQL: SELECT * FROM `app_dir` WHERE ( pid='E4BEE8FCD79979F5DE99B60F5E1DA2D7' and groupid='43C1549E222DE8BCFD975AEF5F44443A' )  [ RunTime:0.000529s ]
SQL: SELECT * FROM `app_dir` WHERE ( pid='E4BEE8FCD79979F5DE99B60F5E1DA2D7' and groupid='43C1549E222DE8BCFD975AEF5F44443A' ) ORDER BY sort,time desc  [ RunTime:0.000482s ]
SQL: SELECT * FROM `app_dir` WHERE ( pid='22915C2FE6CA207060D52368D2C09763' and groupid='43C1549E222DE8BCFD975AEF5F44443A' )  [ RunTime:0.000359s ]
SQL: SELECT * FROM `app_dir` WHERE ( pid='BC21EF825C5B59C7AD55F1CFC6F1B05A' and groupid='43C1549E222DE8BCFD975AEF5F44443A' )  [ RunTime:0.000356s ]
SQL: SELECT * FROM `app_dir` WHERE ( pid='4F869997BEEB1D9376C4FD47602562D1' and groupid='43C1549E222DE8BCFD975AEF5F44443A' )  [ RunTime:0.000364s ]
SQL: SELECT * FROM `app_dir` WHERE ( pid='077EE49B34C0AF11EF731DFB2294B31F' and groupid='43C1549E222DE8BCFD975AEF5F44443A' )  [ RunTime:0.000344s ]
SQL: SELECT * FROM `app_dir` WHERE ( pid='0DBBEA8A1A5B171C6BA5410B44D6E3FA' and groupid='43C1549E222DE8BCFD975AEF5F44443A' )  [ RunTime:0.000365s ]
SQL: SELECT * FROM `app_dir` WHERE ( pid='7535A63810BDFD1E4D2DA2DC3F1CF968' and groupid='43C1549E222DE8BCFD975AEF5F44443A' )  [ RunTime:0.000347s ]
SQL: SELECT * FROM `app_dir` WHERE ( pid='96B67DCBBE31D5B3E960B3453063927D' and groupid='43C1549E222DE8BCFD975AEF5F44443A' )  [ RunTime:0.000382s ]
SQL: SELECT * FROM `app_dir` WHERE ( pid='96B67DCBBE31D5B3E960B3453063927D' and groupid='43C1549E222DE8BCFD975AEF5F44443A' ) ORDER BY sort,time desc  [ RunTime:0.000432s ]
SQL: SELECT * FROM `app_dir` WHERE ( pid='08855BBA1144E2C855AFB4A12664612C' and groupid='43C1549E222DE8BCFD975AEF5F44443A' )  [ RunTime:0.000354s ]
SQL: SELECT * FROM `app_dir` WHERE ( pid='BBA6D3E79D5B6E9920B3AF1269D31BD8' and groupid='43C1549E222DE8BCFD975AEF5F44443A' )  [ RunTime:0.000351s ]
SQL: SELECT * FROM `app_dir` WHERE ( pid='A760AECC5B5CFDCB95729597D2C8813B' and groupid='43C1549E222DE8BCFD975AEF5F44443A' )  [ RunTime:0.000346s ]
SQL: SELECT * FROM `app_dir` WHERE ( pid='CA4303644807CA744E25FE70BE0A8BD5' and groupid='43C1549E222DE8BCFD975AEF5F44443A' )  [ RunTime:0.000522s ]
SQL: SELECT * FROM `app_dir` WHERE ( pid='588E885C5E3E56BBEB866FD3FA6323C4' and groupid='43C1549E222DE8BCFD975AEF5F44443A' )  [ RunTime:0.000458s ]
SQL: SELECT * FROM `app_dir` WHERE ( pid='A53E21A423883E7D30EF83A5F974495C' and groupid='43C1549E222DE8BCFD975AEF5F44443A' )  [ RunTime:0.000368s ]
SQL: SELECT * FROM `app_dir` WHERE ( pid='8BE770CBD0EFD2DBA8B2044AE933FA19' and groupid='43C1549E222DE8BCFD975AEF5F44443A' )  [ RunTime:0.000353s ]
SQL: SELECT * FROM `app_dir` WHERE ( pid='8BE770CBD0EFD2DBA8B2044AE933FA19' and groupid='43C1549E222DE8BCFD975AEF5F44443A' ) ORDER BY sort,time desc  [ RunTime:0.000374s ]
SQL: SELECT * FROM `app_dir` WHERE ( pid='34BFB98606D2346CF83339AF82346B74' and groupid='43C1549E222DE8BCFD975AEF5F44443A' )  [ RunTime:0.000964s ]
SQL: SELECT * FROM `app_dir` WHERE ( pid='34BFB98606D2346CF83339AF82346B74' and groupid='43C1549E222DE8BCFD975AEF5F44443A' ) ORDER BY sort,time desc  [ RunTime:0.001163s ]
SQL: SELECT * FROM `app_dir` WHERE ( pid='EFF8620C208ED4B5F4CD323055B09890' and groupid='43C1549E222DE8BCFD975AEF5F44443A' )  [ RunTime:0.000374s ]
SQL: SELECT * FROM `app_dir` WHERE ( pid='2FE1898A898FCAA3D67385918941E7FE' and groupid='43C1549E222DE8BCFD975AEF5F44443A' )  [ RunTime:0.000336s ]
SQL: SELECT * FROM `app_dir` WHERE ( pid='E504D8144E798E001548D649ABE413DA' and groupid='43C1549E222DE8BCFD975AEF5F44443A' )  [ RunTime:0.000332s ]
SQL: SELECT * FROM `app_dir` WHERE ( pid='D1AB6C16ED3C5BF569013E900CB1C761' and groupid='43C1549E222DE8BCFD975AEF5F44443A' )  [ RunTime:0.000332s ]
SQL: SELECT * FROM `app_dir` WHERE ( pid='F5B0B6D1D7A721A2F1425B829A81C369' and groupid='43C1549E222DE8BCFD975AEF5F44443A' )  [ RunTime:0.000333s ]
SQL: SELECT * FROM `app_dir` WHERE ( pid='048B6EBE671ACF423D80F02F1F808862' and groupid='43C1549E222DE8BCFD975AEF5F44443A' )  [ RunTime:0.000338s ]
SQL: SELECT * FROM `app_dir` WHERE ( pid='86D1DA1304BD5C979B3CB73E4C9921C4' and groupid='43C1549E222DE8BCFD975AEF5F44443A' )  [ RunTime:0.000325s ]
SQL: SELECT * FROM `app_dir` WHERE ( pid='9481CDA95ACBCB099DB30AA06D6E8AD2' and groupid='43C1549E222DE8BCFD975AEF5F44443A' )  [ RunTime:0.000323s ]
SQL: SELECT * FROM `app_dir` WHERE ( pid='1DD447C4603C9B0865135C0AECD6ED62' and groupid='43C1549E222DE8BCFD975AEF5F44443A' )  [ RunTime:0.000355s ]
SQL: SELECT * FROM `app_dir` WHERE ( pid='1B03681A9B96DA18846FAA0558E5C4BF' and groupid='43C1549E222DE8BCFD975AEF5F44443A' )  [ RunTime:0.000326s ]
SQL: SELECT * FROM `app_dir` WHERE ( pid='368A9EC68A96DA25BD3FF847606D59FF' and groupid='43C1549E222DE8BCFD975AEF5F44443A' )  [ RunTime:0.000328s ]
SQL: SELECT * FROM `app_dir` WHERE ( pid='9AD594A6EDB24F8581C17C11A03C577B' and groupid='43C1549E222DE8BCFD975AEF5F44443A' )  [ RunTime:0.000324s ]
SQL: SELECT * FROM `app_dir` WHERE ( pid='54F2F7E046D7DA4D41D5DB348B84E53B' and groupid='43C1549E222DE8BCFD975AEF5F44443A' )  [ RunTime:0.000322s ]
SQL: SELECT * FROM `app_dir` WHERE ( pid='B59DF4633DA3A20EC074802B6531F03B' and groupid='43C1549E222DE8BCFD975AEF5F44443A' )  [ RunTime:0.000323s ]
SQL: SELECT * FROM `app_dir` WHERE ( pid='0CD2A271FB08FDB867F4848A02F20AF8' and groupid='43C1549E222DE8BCFD975AEF5F44443A' )  [ RunTime:0.000324s ]
SQL: SELECT * FROM `app_dir` WHERE ( pid='C1BB1F4D016151844E6ADB307640D5F9' and groupid='43C1549E222DE8BCFD975AEF5F44443A' )  [ RunTime:0.000327s ]
SQL: SELECT * FROM `app_dir` WHERE ( pid='F1197A02BFE8F389E9575D0150E9F66D' and groupid='43C1549E222DE8BCFD975AEF5F44443A' )  [ RunTime:0.000327s ]
SQL: SELECT * FROM `app_dir` WHERE ( pid='D415E2C3EC448CECD721B64AE37043FE' and groupid='43C1549E222DE8BCFD975AEF5F44443A' )  [ RunTime:0.000325s ]
SQL: SELECT * FROM `app_dir` WHERE ( pid='4A8740CC23C42F76BCF22A4371BAB30A' and groupid='43C1549E222DE8BCFD975AEF5F44443A' )  [ RunTime:0.000322s ]
SQL: SELECT * FROM `app_dir` WHERE ( pid='78C36720A9D4BC420E0DDADB33690D43' and groupid='43C1549E222DE8BCFD975AEF5F44443A' )  [ RunTime:0.000329s ]
SQL: SELECT * FROM `app_dir` WHERE ( pid='3BEB3C721ED0076012414EF86A7D38B7' and groupid='43C1549E222DE8BCFD975AEF5F44443A' )  [ RunTime:0.000328s ]
SQL: SELECT * FROM `app_dir` WHERE ( pid='112BFF5D52C9540B361CDC1D4A7AB568' and groupid='43C1549E222DE8BCFD975AEF5F44443A' )  [ RunTime:0.000327s ]
SQL: SELECT * FROM `app_dir` WHERE ( pid='8518ED49EDF0CD97454454C5BCC5287C' and groupid='43C1549E222DE8BCFD975AEF5F44443A' )  [ RunTime:0.000323s ]
SQL: SELECT * FROM `app_dir` WHERE ( pid='46DE128E5500C2F49CC99545DFF0BC94' and groupid='43C1549E222DE8BCFD975AEF5F44443A' )  [ RunTime:0.000321s ]
SQL: SELECT * FROM `app_dir` WHERE ( pid='9A6A6E0F4CEF160A0A08F49DBEE4934E' and groupid='43C1549E222DE8BCFD975AEF5F44443A' )  [ RunTime:0.000324s ]
SQL: SELECT * FROM `app_dir` WHERE ( pid='217A01C13069390748E12B85713FF072' and groupid='43C1549E222DE8BCFD975AEF5F44443A' )  [ RunTime:0.000323s ]
SQL: SELECT * FROM `app_dir` WHERE ( pid='31686FFD236FCEA086262C20400A7F25' and groupid='43C1549E222DE8BCFD975AEF5F44443A' )  [ RunTime:0.000325s ]
SQL: SELECT * FROM `app_dir` WHERE ( pid='CAA03FED07BC1EACFCD0A5F2857C350C' and groupid='43C1549E222DE8BCFD975AEF5F44443A' )  [ RunTime:0.000322s ]
SQL: SELECT * FROM `app_dir` WHERE ( pid='671257B266BD4DA819B31779296BAAB1' and groupid='43C1549E222DE8BCFD975AEF5F44443A' )  [ RunTime:0.000347s ]
SQL: SELECT * FROM `app_dir` WHERE ( pid='9DA8E9DD58647556E7767C6C64C33D6A' and groupid='43C1549E222DE8BCFD975AEF5F44443A' )  [ RunTime:0.000322s ]
SQL: SELECT * FROM `app_dir` WHERE ( pid='6D4843B6B1A14991BA60407B0A33FA68' and groupid='43C1549E222DE8BCFD975AEF5F44443A' )  [ RunTime:0.000322s ]
SQL: SELECT * FROM `app_dir` WHERE ( pid='4783F22D7E09A984EA122F16A2E23502' and groupid='43C1549E222DE8BCFD975AEF5F44443A' )  [ RunTime:0.000320s ]
SQL: SELECT * FROM `app_dir` WHERE ( pid='FDB3B9A05D771FE67C89F0B4EB9AA881' and groupid='43C1549E222DE8BCFD975AEF5F44443A' )  [ RunTime:0.000324s ]
SQL: SELECT * FROM `app_dir` WHERE ( pid='8AF8933134338FD63285519C175E6874' and groupid='43C1549E222DE8BCFD975AEF5F44443A' )  [ RunTime:0.000322s ]
SQL: SELECT * FROM `app_dir` WHERE ( pid='5D245C040FA914500D7DB4CDEC593F63' and groupid='43C1549E222DE8BCFD975AEF5F44443A' )  [ RunTime:0.000320s ]
SQL: SELECT * FROM `app_dir` WHERE ( pid='E7FAB408370792F3F0CF22C7AD848E2E' and groupid='43C1549E222DE8BCFD975AEF5F44443A' )  [ RunTime:0.000321s ]
SQL: SELECT * FROM `app_dir` WHERE ( pid='3AF14EE113628F4F1CA3E060FD9A8349' and groupid='43C1549E222DE8BCFD975AEF5F44443A' )  [ RunTime:0.000321s ]
SQL: SELECT * FROM `app_dir` WHERE ( pid='C09FF1173BC1F500B0D61DA21A97E33A' and groupid='43C1549E222DE8BCFD975AEF5F44443A' )  [ RunTime:0.000324s ]
SQL: SELECT * FROM `app_dir` WHERE ( pid='5AAB5183F7CFBB15264E14ECA576B0C3' and groupid='43C1549E222DE8BCFD975AEF5F44443A' )  [ RunTime:0.000322s ]
SQL: SELECT * FROM `app_dir` WHERE ( pid='13BDF549E1F4C35EA87A3F26E86A72BD' and groupid='43C1549E222DE8BCFD975AEF5F44443A' )  [ RunTime:0.000320s ]
SQL: SELECT * FROM `app_dir` WHERE ( pid='24FF9AE0DD3BBBFB9AA69CC7C9F644DD' and groupid='43C1549E222DE8BCFD975AEF5F44443A' )  [ RunTime:0.000321s ]
SQL: SELECT * FROM `app_dir` WHERE ( pid='7BA3272F69EA8E9465EADB9070A0D926' and groupid='43C1549E222DE8BCFD975AEF5F44443A' )  [ RunTime:0.000319s ]
SQL: SELECT * FROM `app_dir` WHERE ( pid='C3EEFC6E68FD5A1337C01EF5F6DEE917' and groupid='43C1549E222DE8BCFD975AEF5F44443A' )  [ RunTime:0.000321s ]
SQL: SELECT * FROM `app_dir` WHERE ( pid='FC29071A1DA7C0520E7B65498442E09E' and groupid='43C1549E222DE8BCFD975AEF5F44443A' )  [ RunTime:0.000325s ]
SQL: SELECT * FROM `app_dir` WHERE ( pid='6D64F692E6F5D87471745F7ADC8B7EE9' and groupid='43C1549E222DE8BCFD975AEF5F44443A' )  [ RunTime:0.000322s ]
SQL: SELECT * FROM `app_dir` WHERE ( pid='ADD24F766976385321CCEF51321F5247' and groupid='43C1549E222DE8BCFD975AEF5F44443A' )  [ RunTime:0.000320s ]
SQL: SHOW COLUMNS FROM `app_content` [ RunTime:0.001810s ]
SQL: SELECT * FROM `app_content` WHERE ( pid='893FA0DC5E991B28FF888FE3527F126A' and groupid='43C1549E222DE8BCFD975AEF5F44443A' ) ORDER BY sort,time desc LIMIT 0,20   [ RunTime:0.001827s ]
SQL: SELECT COUNT(*) AS tp_count FROM `app_content` WHERE ( pid='893FA0DC5E991B28FF888FE3527F126A' and groupid='43C1549E222DE8BCFD975AEF5F44443A' ) LIMIT 1   [ RunTime:0.001051s ]
SQL: SHOW COLUMNS FROM `app_model` [ RunTime:0.001472s ]
SQL: SELECT * FROM `app_model` WHERE ( `guid` = '8BBE400668745E274195D75FB6E8EFA5' ) LIMIT 1   [ RunTime:0.000650s ]
SQL: SELECT * FROM `app_group` WHERE ( `guid` = '43C1549E222DE8BCFD975AEF5F44443A' ) LIMIT 1   [ RunTime:0.000228s ]
INFO: [ view_parse ] --START--
NOTIC: [8] Undefined index:  error D:\PHPnow\htdocs\dongya\lyda\Runtime\Cache\195a58ed6d7d83fcd3b1cf0011a2f996.php 第 93 行.
INFO: ParseTemplate Behavior ::run [ RunTime:0.019650s ]
INFO: [ view_parse ] --END-- [ RunTime:0.019755s ]
INFO: [ view_filter ] --START--
INFO: ContentReplace Behavior ::run [ RunTime:0.001393s ]
INFO: TokenBuild Behavior ::run [ RunTime:0.001139s ]
INFO: WriteHtmlCache Behavior ::run [ RunTime:0.001111s ]
INFO: ShowRuntime Behavior ::run [ RunTime:0.001215s ]
INFO: [ view_filter ] --END-- [ RunTime:0.005082s ]
INFO: [ view_end ] --START--
INFO: ShowPageTrace Behavior ::run [ RunTime:0.001450s ]
INFO: [ view_end ] --END-- [ RunTime:0.001558s ]

[ 2016-02-29T18:44:55+08:00 ] 113.65.71.126 /lyda/index.php/Index/index/groupid/43C1549E222DE8BCFD975AEF5F44443A
INFO: [ route_check ] --START--
INFO: CheckRoute Behavior ::run [ RunTime:0.001729s ]
INFO: [ route_check ] --END-- [ RunTime:0.001848s ]
INFO: [ app_begin ] --START--
INFO: ReadHtmlCache Behavior ::run [ RunTime:0.000806s ]
INFO: [ app_begin ] --END-- [ RunTime:0.000889s ]
NOTIC: [2048] Declaration of ImpotAction::error() should be compatible with that of Action::error() D:\PHPnow\htdocs\dongya\lyda\Lib\Action\ImpotAction.class.php 第 75 行.
SQL: SHOW COLUMNS FROM `app_group` [ RunTime:0.001705s ]
SQL: SELECT * FROM `app_group` WHERE ( `guid` = '43C1549E222DE8BCFD975AEF5F44443A' ) LIMIT 1   [ RunTime:0.000840s ]
SQL: SELECT * FROM `app_group` WHERE ( `guid` = '43C1549E222DE8BCFD975AEF5F44443A' ) LIMIT 1   [ RunTime:0.000284s ]
SQL: SELECT * FROM `app_group` WHERE ( `guid` = '43C1549E222DE8BCFD975AEF5F44443A' ) LIMIT 1   [ RunTime:0.000271s ]
INFO: [ view_parse ] --START--
NOTIC: [8] Undefined index:  error D:\PHPnow\htdocs\dongya\lyda\Runtime\Cache\56e2620824352560a81a2c90b6162793.php 第 145 行.
INFO: ParseTemplate Behavior ::run [ RunTime:0.021035s ]
INFO: [ view_parse ] --END-- [ RunTime:0.021147s ]
INFO: [ view_filter ] --START--
INFO: ContentReplace Behavior ::run [ RunTime:0.001416s ]
INFO: TokenBuild Behavior ::run [ RunTime:0.001144s ]
INFO: WriteHtmlCache Behavior ::run [ RunTime:0.000999s ]
INFO: ShowRuntime Behavior ::run [ RunTime:0.001263s ]
INFO: [ view_filter ] --END-- [ RunTime:0.005085s ]
INFO: [ view_end ] --START--
INFO: ShowPageTrace Behavior ::run [ RunTime:0.001413s ]
INFO: [ view_end ] --END-- [ RunTime:0.001496s ]

[ 2016-02-29T20:10:06+08:00 ] 113.65.71.126 /lyda/index.php/Index/index/groupid/43C1549E222DE8BCFD975AEF5F44443A
INFO: [ route_check ] --START--
INFO: CheckRoute Behavior ::run [ RunTime:0.001859s ]
INFO: [ route_check ] --END-- [ RunTime:0.001991s ]
INFO: [ app_begin ] --START--
INFO: ReadHtmlCache Behavior ::run [ RunTime:0.001317s ]
INFO: [ app_begin ] --END-- [ RunTime:0.001464s ]
NOTIC: [2048] Declaration of ImpotAction::error() should be compatible with that of Action::error() D:\PHPnow\htdocs\dongya\lyda\Lib\Action\ImpotAction.class.php 第 75 行.
SQL: SHOW COLUMNS FROM `app_group` [ RunTime:0.001995s ]
SQL: SELECT * FROM `app_group` WHERE ( `guid` = '43C1549E222DE8BCFD975AEF5F44443A' ) LIMIT 1   [ RunTime:0.000898s ]
SQL: SELECT * FROM `app_group` WHERE ( `guid` = '43C1549E222DE8BCFD975AEF5F44443A' ) LIMIT 1   [ RunTime:0.000256s ]
SQL: SELECT * FROM `app_group` WHERE ( `guid` = '43C1549E222DE8BCFD975AEF5F44443A' ) LIMIT 1   [ RunTime:0.000422s ]
INFO: [ view_parse ] --START--
NOTIC: [8] Undefined index:  error D:\PHPnow\htdocs\dongya\lyda\Runtime\Cache\56e2620824352560a81a2c90b6162793.php 第 145 行.
INFO: ParseTemplate Behavior ::run [ RunTime:0.042890s ]
INFO: [ view_parse ] --END-- [ RunTime:0.043084s ]
INFO: [ view_filter ] --START--
INFO: ContentReplace Behavior ::run [ RunTime:0.004701s ]
INFO: TokenBuild Behavior ::run [ RunTime:0.003844s ]
INFO: WriteHtmlCache Behavior ::run [ RunTime:0.002990s ]
INFO: ShowRuntime Behavior ::run [ RunTime:0.002603s ]
INFO: [ view_filter ] --END-- [ RunTime:0.014511s ]
INFO: [ view_end ] --START--
INFO: ShowPageTrace Behavior ::run [ RunTime:0.003325s ]
INFO: [ view_end ] --END-- [ RunTime:0.003478s ]

[ 2016-02-29T20:10:14+08:00 ] 113.65.71.126 /lyda/index.php/index/backup/filename/43C1549E222DE8BCFD975AEF5F44443A_1456747806/groupid/43C1549E222DE8BCFD975AEF5F44443A
INFO: [ route_check ] --START--
INFO: CheckRoute Behavior ::run [ RunTime:0.001843s ]
INFO: [ route_check ] --END-- [ RunTime:0.001962s ]
INFO: [ app_begin ] --START--
INFO: ReadHtmlCache Behavior ::run [ RunTime:0.001031s ]
INFO: [ app_begin ] --END-- [ RunTime:0.001155s ]
NOTIC: [2048] Declaration of ImpotAction::error() should be compatible with that of Action::error() D:\PHPnow\htdocs\dongya\lyda\Lib\Action\ImpotAction.class.php 第 75 行.
SQL: SHOW COLUMNS FROM `app_group` [ RunTime:0.001567s ]
SQL: SELECT * FROM `app_group` WHERE ( `guid` = '43C1549E222DE8BCFD975AEF5F44443A' ) LIMIT 1   [ RunTime:0.000698s ]
SQL: SELECT * FROM `app_group` WHERE ( `guid` = '43C1549E222DE8BCFD975AEF5F44443A' ) LIMIT 1   [ RunTime:0.000224s ]
NOTIC: [2] Missing argument 1 for Model::query(), called in D:\PHPnow\htdocs\dongya\lyda\Lib\Action\IndexAction.class.php on line 33 and defined D:\PHPnow\htdocs\dongya\XThinkPHP\Lib\Core\Model.class.php 第 1119 行.
NOTIC: [8] Undefined variable: sql D:\PHPnow\htdocs\dongya\XThinkPHP\Lib\Core\Model.class.php 第 1124 行.
SQL:  [ RunTime:0.000143s ]
ERR: 1065:Query was empty
NOTIC: [2] Missing argument 1 for Model::query(), called in D:\PHPnow\htdocs\dongya\lyda\Lib\Action\IndexAction.class.php on line 33 and defined D:\PHPnow\htdocs\dongya\XThinkPHP\Lib\Core\Model.class.php 第 1119 行.
NOTIC: [8] Undefined variable: sql D:\PHPnow\htdocs\dongya\XThinkPHP\Lib\Core\Model.class.php 第 1124 行.
SQL:  [ RunTime:0.000604s ]
ERR: 1065:Query was empty
NOTIC: [2] Missing argument 1 for Model::query(), called in D:\PHPnow\htdocs\dongya\lyda\Lib\Action\IndexAction.class.php on line 33 and defined D:\PHPnow\htdocs\dongya\XThinkPHP\Lib\Core\Model.class.php 第 1119 行.
NOTIC: [8] Undefined variable: sql D:\PHPnow\htdocs\dongya\XThinkPHP\Lib\Core\Model.class.php 第 1124 行.
SQL:  [ RunTime:0.000253s ]
ERR: 1065:Query was empty
NOTIC: [2] Missing argument 1 for Model::query(), called in D:\PHPnow\htdocs\dongya\lyda\Lib\Action\IndexAction.class.php on line 33 and defined D:\PHPnow\htdocs\dongya\XThinkPHP\Lib\Core\Model.class.php 第 1119 行.
NOTIC: [8] Undefined variable: sql D:\PHPnow\htdocs\dongya\XThinkPHP\Lib\Core\Model.class.php 第 1124 行.
SQL:  [ RunTime:0.000227s ]
ERR: 1065:Query was empty
NOTIC: [2] Missing argument 1 for Model::query(), called in D:\PHPnow\htdocs\dongya\lyda\Lib\Action\IndexAction.class.php on line 33 and defined D:\PHPnow\htdocs\dongya\XThinkPHP\Lib\Core\Model.class.php 第 1119 行.
NOTIC: [8] Undefined variable: sql D:\PHPnow\htdocs\dongya\XThinkPHP\Lib\Core\Model.class.php 第 1124 行.
SQL:  [ RunTime:0.000506s ]
ERR: 1065:Query was empty
NOTIC: [2] Missing argument 1 for Model::query(), called in D:\PHPnow\htdocs\dongya\lyda\Lib\Action\IndexAction.class.php on line 33 and defined D:\PHPnow\htdocs\dongya\XThinkPHP\Lib\Core\Model.class.php 第 1119 行.
NOTIC: [8] Undefined variable: sql D:\PHPnow\htdocs\dongya\XThinkPHP\Lib\Core\Model.class.php 第 1124 行.
SQL:  [ RunTime:0.000523s ]
ERR: 1065:Query was empty
NOTIC: [2] Missing argument 1 for Model::query(), called in D:\PHPnow\htdocs\dongya\lyda\Lib\Action\IndexAction.class.php on line 33 and defined D:\PHPnow\htdocs\dongya\XThinkPHP\Lib\Core\Model.class.php 第 1119 行.
NOTIC: [8] Undefined variable: sql D:\PHPnow\htdocs\dongya\XThinkPHP\Lib\Core\Model.class.php 第 1124 行.
SQL:  [ RunTime:0.000719s ]
ERR: 1065:Query was empty
NOTIC: [2] Missing argument 1 for Model::query(), called in D:\PHPnow\htdocs\dongya\lyda\Lib\Action\IndexAction.class.php on line 33 and defined D:\PHPnow\htdocs\dongya\XThinkPHP\Lib\Core\Model.class.php 第 1119 行.
NOTIC: [8] Undefined variable: sql D:\PHPnow\htdocs\dongya\XThinkPHP\Lib\Core\Model.class.php 第 1124 行.
SQL:  [ RunTime:0.000341s ]
ERR: 1065:Query was empty
NOTIC: [2] Missing argument 1 for Model::query(), called in D:\PHPnow\htdocs\dongya\lyda\Lib\Action\IndexAction.class.php on line 33 and defined D:\PHPnow\htdocs\dongya\XThinkPHP\Lib\Core\Model.class.php 第 1119 行.
NOTIC: [8] Undefined variable: sql D:\PHPnow\htdocs\dongya\XThinkPHP\Lib\Core\Model.class.php 第 1124 行.
SQL:  [ RunTime:0.000204s ]
ERR: 1065:Query was empty
NOTIC: [2] Missing argument 1 for Model::query(), called in D:\PHPnow\htdocs\dongya\lyda\Lib\Action\IndexAction.class.php on line 33 and defined D:\PHPnow\htdocs\dongya\XThinkPHP\Lib\Core\Model.class.php 第 1119 行.
NOTIC: [8] Undefined variable: sql D:\PHPnow\htdocs\dongya\XThinkPHP\Lib\Core\Model.class.php 第 1124 行.
SQL:  [ RunTime:0.000242s ]
ERR: 1065:Query was empty
NOTIC: [2] Missing argument 1 for Model::query(), called in D:\PHPnow\htdocs\dongya\lyda\Lib\Action\IndexAction.class.php on line 33 and defined D:\PHPnow\htdocs\dongya\XThinkPHP\Lib\Core\Model.class.php 第 1119 行.
NOTIC: [8] Undefined variable: sql D:\PHPnow\htdocs\dongya\XThinkPHP\Lib\Core\Model.class.php 第 1124 行.
SQL:  [ RunTime:0.000279s ]
ERR: 1065:Query was empty
NOTIC: [2] Missing argument 1 for Model::query(), called in D:\PHPnow\htdocs\dongya\lyda\Lib\Action\IndexAction.class.php on line 33 and defined D:\PHPnow\htdocs\dongya\XThinkPHP\Lib\Core\Model.class.php 第 1119 行.
NOTIC: [8] Undefined variable: sql D:\PHPnow\htdocs\dongya\XThinkPHP\Lib\Core\Model.class.php 第 1124 行.
SQL:  [ RunTime:0.000224s ]
ERR: 1065:Query was empty
NOTIC: [2] Missing argument 1 for Model::query(), called in D:\PHPnow\htdocs\dongya\lyda\Lib\Action\IndexAction.class.php on line 33 and defined D:\PHPnow\htdocs\dongya\XThinkPHP\Lib\Core\Model.class.php 第 1119 行.
NOTIC: [8] Undefined variable: sql D:\PHPnow\htdocs\dongya\XThinkPHP\Lib\Core\Model.class.php 第 1124 行.
SQL:  [ RunTime:0.001068s ]
ERR: 1065:Query was empty
NOTIC: [2] Missing argument 1 for Model::query(), called in D:\PHPnow\htdocs\dongya\lyda\Lib\Action\IndexAction.class.php on line 33 and defined D:\PHPnow\htdocs\dongya\XThinkPHP\Lib\Core\Model.class.php 第 1119 行.
NOTIC: [8] Undefined variable: sql D:\PHPnow\htdocs\dongya\XThinkPHP\Lib\Core\Model.class.php 第 1124 行.
SQL:  [ RunTime:0.000141s ]
ERR: 1065:Query was empty
NOTIC: [2] mysql_fetch_assoc(): supplied argument is not a valid MySQL result resource D:\PHPnow\htdocs\dongya\lyda\Lib\Action\IndexAction.class.php 第 35 行.
NOTIC: [2] Missing argument 1 for Model::query(), called in D:\PHPnow\htdocs\dongya\lyda\Lib\Action\IndexAction.class.php on line 33 and defined D:\PHPnow\htdocs\dongya\XThinkPHP\Lib\Core\Model.class.php 第 1119 行.
NOTIC: [8] Undefined variable: sql D:\PHPnow\htdocs\dongya\XThinkPHP\Lib\Core\Model.class.php 第 1124 行.
SQL:  [ RunTime:0.000133s ]
ERR: 1065:Query was empty
NOTIC: [2] mysql_fetch_assoc(): supplied argument is not a valid MySQL result resource D:\PHPnow\htdocs\dongya\lyda\Lib\Action\IndexAction.class.php 第 35 行.

[ 2016-02-29T20:10:15+08:00 ] 113.65.71.126 /lyda/index.php/index/movedb/filename/43C1549E222DE8BCFD975AEF5F44443A_1456747806/groupid/43C1549E222DE8BCFD975AEF5F44443A
INFO: [ route_check ] --START--
INFO: CheckRoute Behavior ::run [ RunTime:0.001609s ]
INFO: [ route_check ] --END-- [ RunTime:0.001728s ]
INFO: [ app_begin ] --START--
INFO: ReadHtmlCache Behavior ::run [ RunTime:0.000865s ]
INFO: [ app_begin ] --END-- [ RunTime:0.000972s ]
SQL: SHOW COLUMNS FROM `app_group` [ RunTime:0.001545s ]
SQL: SELECT * FROM `app_group` WHERE ( `guid` = '43C1549E222DE8BCFD975AEF5F44443A' ) LIMIT 1   [ RunTime:0.000707s ]

[ 2016-02-29T20:14:43+08:00 ] 113.65.71.126 /lyda/index.php/Index/index/groupid/43C1549E222DE8BCFD975AEF5F44443A
INFO: [ route_check ] --START--
INFO: CheckRoute Behavior ::run [ RunTime:0.001404s ]
INFO: [ route_check ] --END-- [ RunTime:0.001524s ]
INFO: [ app_begin ] --START--
INFO: ReadHtmlCache Behavior ::run [ RunTime:0.000987s ]
INFO: [ app_begin ] --END-- [ RunTime:0.001074s ]
NOTIC: [2048] Declaration of ImpotAction::error() should be compatible with that of Action::error() D:\PHPnow\htdocs\dongya\lyda\Lib\Action\ImpotAction.class.php 第 75 行.
SQL: SHOW COLUMNS FROM `app_group` [ RunTime:0.001591s ]
SQL: SELECT * FROM `app_group` WHERE ( `guid` = '43C1549E222DE8BCFD975AEF5F44443A' ) LIMIT 1   [ RunTime:0.000674s ]
SQL: SELECT * FROM `app_group` WHERE ( `guid` = '43C1549E222DE8BCFD975AEF5F44443A' ) LIMIT 1   [ RunTime:0.000214s ]
SQL: SELECT * FROM `app_group` WHERE ( `guid` = '43C1549E222DE8BCFD975AEF5F44443A' ) LIMIT 1   [ RunTime:0.000214s ]
INFO: [ view_parse ] --START--
NOTIC: [8] Undefined index:  error D:\PHPnow\htdocs\dongya\lyda\Runtime\Cache\56e2620824352560a81a2c90b6162793.php 第 145 行.
INFO: ParseTemplate Behavior ::run [ RunTime:0.015946s ]
INFO: [ view_parse ] --END-- [ RunTime:0.016093s ]
INFO: [ view_filter ] --START--
INFO: ContentReplace Behavior ::run [ RunTime:0.000847s ]
INFO: TokenBuild Behavior ::run [ RunTime:0.000790s ]
INFO: WriteHtmlCache Behavior ::run [ RunTime:0.001001s ]
INFO: ShowRuntime Behavior ::run [ RunTime:0.001237s ]
INFO: [ view_filter ] --END-- [ RunTime:0.004101s ]
INFO: [ view_end ] --START--
INFO: ShowPageTrace Behavior ::run [ RunTime:0.001382s ]
INFO: [ view_end ] --END-- [ RunTime:0.001467s ]

[ 2016-02-29T20:14:45+08:00 ] 113.65.71.126 /lyda/index.php/Code/index/groupid/43C1549E222DE8BCFD975AEF5F44443A
INFO: [ route_check ] --START--
INFO: CheckRoute Behavior ::run [ RunTime:0.000977s ]
INFO: [ route_check ] --END-- [ RunTime:0.001101s ]
INFO: [ app_begin ] --START--
INFO: ReadHtmlCache Behavior ::run [ RunTime:0.000614s ]
INFO: [ app_begin ] --END-- [ RunTime:0.000698s ]
NOTIC: [2048] Declaration of ImpotAction::error() should be compatible with that of Action::error() D:\PHPnow\htdocs\dongya\lyda\Lib\Action\ImpotAction.class.php 第 75 行.
SQL: SHOW COLUMNS FROM `app_group` [ RunTime:0.002021s ]
SQL: SELECT * FROM `app_group` WHERE ( `guid` = '43C1549E222DE8BCFD975AEF5F44443A' ) LIMIT 1   [ RunTime:0.000813s ]
SQL: SELECT * FROM `app_group` WHERE ( `guid` = '43C1549E222DE8BCFD975AEF5F44443A' ) LIMIT 1   [ RunTime:0.000226s ]
SQL: SHOW COLUMNS FROM `app_code` [ RunTime:0.001992s ]
SQL: SELECT * FROM `app_code` WHERE ( groupid='43C1549E222DE8BCFD975AEF5F44443A' ) ORDER BY time desc LIMIT 0,20   [ RunTime:0.000778s ]
SQL: SELECT COUNT(*) AS tp_count FROM `app_code` WHERE ( groupid='43C1549E222DE8BCFD975AEF5F44443A' ) LIMIT 1   [ RunTime:0.000249s ]
SQL: SELECT * FROM `app_group` WHERE ( `guid` = '43C1549E222DE8BCFD975AEF5F44443A' ) LIMIT 1   [ RunTime:0.000300s ]
INFO: [ view_parse ] --START--
NOTIC: [8] Undefined index:  error D:\PHPnow\htdocs\dongya\lyda\Runtime\Cache\16b3f84a4eeef5578398a1255fc3f30a.php 第 93 行.
INFO: ParseTemplate Behavior ::run [ RunTime:0.040665s ]
INFO: [ view_parse ] --END-- [ RunTime:0.040775s ]
INFO: [ view_filter ] --START--
INFO: ContentReplace Behavior ::run [ RunTime:0.000491s ]
INFO: TokenBuild Behavior ::run [ RunTime:0.000404s ]
INFO: WriteHtmlCache Behavior ::run [ RunTime:0.001251s ]
INFO: ShowRuntime Behavior ::run [ RunTime:0.001524s ]
INFO: [ view_filter ] --END-- [ RunTime:0.003931s ]
INFO: [ view_end ] --START--
INFO: ShowPageTrace Behavior ::run [ RunTime:0.001415s ]
INFO: [ view_end ] --END-- [ RunTime:0.001500s ]

