[ 2016-04-07T16:42:04+08:00 ] 183.26.105.162 /lyda/index.php/Index/index/groupid/43C1549E222DE8BCFD975AEF5F44443A
INFO: [ route_check ] --START--
INFO: CheckRoute Behavior ::run [ RunTime:0.000944s ]
INFO: [ route_check ] --END-- [ RunTime:0.001049s ]
INFO: [ app_begin ] --START--
INFO: ReadHtmlCache Behavior ::run [ RunTime:0.000811s ]
INFO: [ app_begin ] --END-- [ RunTime:0.000898s ]
NOTIC: [2048] Declaration of ImpotAction::error() should be compatible with that of Action::error() D:\PHPnow\htdocs\dongya\lyda\Lib\Action\ImpotAction.class.php 第 75 行.
SQL: SHOW COLUMNS FROM `app_group` [ RunTime:0.001649s ]
SQL: SELECT * FROM `app_group` WHERE ( `guid` = '43C1549E222DE8BCFD975AEF5F44443A' ) LIMIT 1   [ RunTime:0.000698s ]
SQL: SELECT * FROM `app_group` WHERE ( `guid` = '43C1549E222DE8BCFD975AEF5F44443A' ) LIMIT 1   [ RunTime:0.000211s ]
SQL: SELECT * FROM `app_group` WHERE ( `guid` = '43C1549E222DE8BCFD975AEF5F44443A' ) LIMIT 1   [ RunTime:0.000213s ]
INFO: [ view_parse ] --START--
NOTIC: [8] Undefined index:  error D:\PHPnow\htdocs\dongya\lyda\Runtime\Cache\56e2620824352560a81a2c90b6162793.php 第 145 行.
INFO: ParseTemplate Behavior ::run [ RunTime:0.026782s ]
INFO: [ view_parse ] --END-- [ RunTime:0.026887s ]
INFO: [ view_filter ] --START--
INFO: ContentReplace Behavior ::run [ RunTime:0.001161s ]
INFO: TokenBuild Behavior ::run [ RunTime:0.001125s ]
INFO: WriteHtmlCache Behavior ::run [ RunTime:0.001063s ]
INFO: ShowRuntime Behavior ::run [ RunTime:0.001226s ]
INFO: [ view_filter ] --END-- [ RunTime:0.004802s ]
INFO: [ view_end ] --START--
INFO: ShowPageTrace Behavior ::run [ RunTime:0.001374s ]
INFO: [ view_end ] --END-- [ RunTime:0.001454s ]

[ 2016-04-07T16:42:06+08:00 ] 111.206.36.145 /lyda/index.php/Index/index/groupid/43C1549E222DE8BCFD975AEF5F44443A
INFO: [ route_check ] --START--
INFO: CheckRoute Behavior ::run [ RunTime:0.000945s ]
INFO: [ route_check ] --END-- [ RunTime:0.001050s ]
INFO: [ app_begin ] --START--
INFO: ReadHtmlCache Behavior ::run [ RunTime:0.000803s ]
INFO: [ app_begin ] --END-- [ RunTime:0.000889s ]
NOTIC: [2048] Declaration of ImpotAction::error() should be compatible with that of Action::error() D:\PHPnow\htdocs\dongya\lyda\Lib\Action\ImpotAction.class.php 第 75 行.
SQL: SHOW COLUMNS FROM `app_group` [ RunTime:0.003145s ]
SQL: SELECT * FROM `app_group` WHERE ( `guid` = '43C1549E222DE8BCFD975AEF5F44443A' ) LIMIT 1   [ RunTime:0.000660s ]
SQL: SELECT * FROM `app_group` WHERE ( `guid` = '43C1549E222DE8BCFD975AEF5F44443A' ) LIMIT 1   [ RunTime:0.000208s ]

[ 2016-04-07T16:42:52+08:00 ] 183.26.105.162 /lyda/index.php/Prodir/index/groupid/43C1549E222DE8BCFD975AEF5F44443A
INFO: [ route_check ] --START--
INFO: CheckRoute Behavior ::run [ RunTime:0.000948s ]
INFO: [ route_check ] --END-- [ RunTime:0.001054s ]
INFO: [ app_begin ] --START--
INFO: ReadHtmlCache Behavior ::run [ RunTime:0.000808s ]
INFO: [ app_begin ] --END-- [ RunTime:0.000896s ]
NOTIC: [2048] Declaration of ImpotAction::error() should be compatible with that of Action::error() D:\PHPnow\htdocs\dongya\lyda\Lib\Action\ImpotAction.class.php 第 75 行.
SQL: SHOW COLUMNS FROM `app_group` [ RunTime:0.001874s ]
SQL: SELECT * FROM `app_group` WHERE ( `guid` = '43C1549E222DE8BCFD975AEF5F44443A' ) LIMIT 1   [ RunTime:0.000665s ]
SQL: SELECT * FROM `app_group` WHERE ( `guid` = '43C1549E222DE8BCFD975AEF5F44443A' ) LIMIT 1   [ RunTime:0.000209s ]
SQL: SHOW COLUMNS FROM `app_prodir` [ RunTime:0.025344s ]
SQL: SELECT * FROM `app_prodir` WHERE ( guid='0' ) LIMIT 1   [ RunTime:0.000251s ]
SQL: SELECT * FROM `app_prodir` WHERE ( groupid="43C1549E222DE8BCFD975AEF5F44443A" and pid="0" ) ORDER BY sort,time desc  [ RunTime:0.001840s ]
SQL: SELECT * FROM `app_group` WHERE ( `guid` = '43C1549E222DE8BCFD975AEF5F44443A' ) LIMIT 1   [ RunTime:0.000227s ]
INFO: [ view_parse ] --START--
NOTIC: [8] Undefined index:  error D:\PHPnow\htdocs\dongya\lyda\Runtime\Cache\6e0304e6f4a2b1c61e0aea61ea4e70a3.php 第 93 行.
SQL: SHOW COLUMNS FROM `app_pro` [ RunTime:0.002891s ]
SQL: SELECT COUNT(*) AS tp_count FROM `app_pro` WHERE ( pid="5A95B27B00CEA43C2FA4040DCD88BEFA" ) LIMIT 1   [ RunTime:0.034298s ]
SQL: SELECT COUNT(*) AS tp_count FROM `app_prodir` WHERE ( pid="5A95B27B00CEA43C2FA4040DCD88BEFA" ) LIMIT 1   [ RunTime:0.000334s ]
SQL: SELECT COUNT(*) AS tp_count FROM `app_pro` WHERE ( pid="B16CD616EF85E2248AAE486371A28A98" ) LIMIT 1   [ RunTime:0.001187s ]
SQL: SELECT COUNT(*) AS tp_count FROM `app_prodir` WHERE ( pid="B16CD616EF85E2248AAE486371A28A98" ) LIMIT 1   [ RunTime:0.000222s ]
SQL: SELECT COUNT(*) AS tp_count FROM `app_pro` WHERE ( pid="0FF4D11EFF3FC39181B5DF0DDC8FCEB2" ) LIMIT 1   [ RunTime:0.001248s ]
SQL: SELECT COUNT(*) AS tp_count FROM `app_prodir` WHERE ( pid="0FF4D11EFF3FC39181B5DF0DDC8FCEB2" ) LIMIT 1   [ RunTime:0.000240s ]
NOTIC: [8] Undefined variable: page D:\PHPnow\htdocs\dongya\lyda\Runtime\Cache\6e0304e6f4a2b1c61e0aea61ea4e70a3.php 第 132 行.
INFO: ParseTemplate Behavior ::run [ RunTime:0.073775s ]
INFO: [ view_parse ] --END-- [ RunTime:0.073882s ]
INFO: [ view_filter ] --START--
INFO: ContentReplace Behavior ::run [ RunTime:0.001431s ]
INFO: TokenBuild Behavior ::run [ RunTime:0.001130s ]
INFO: WriteHtmlCache Behavior ::run [ RunTime:0.001097s ]
INFO: ShowRuntime Behavior ::run [ RunTime:0.001573s ]
INFO: [ view_filter ] --END-- [ RunTime:0.005496s ]
INFO: [ view_end ] --START--
INFO: ShowPageTrace Behavior ::run [ RunTime:0.001535s ]
INFO: [ view_end ] --END-- [ RunTime:0.001627s ]

[ 2016-04-07T16:42:57+08:00 ] 183.26.105.162 /lyda/index.php/Prodir/index/groupid/43C1549E222DE8BCFD975AEF5F44443A
INFO: [ route_check ] --START--
INFO: CheckRoute Behavior ::run [ RunTime:0.001033s ]
INFO: [ route_check ] --END-- [ RunTime:0.001150s ]
INFO: [ app_begin ] --START--
INFO: ReadHtmlCache Behavior ::run [ RunTime:0.000887s ]
INFO: [ app_begin ] --END-- [ RunTime:0.001005s ]
NOTIC: [2048] Declaration of ImpotAction::error() should be compatible with that of Action::error() D:\PHPnow\htdocs\dongya\lyda\Lib\Action\ImpotAction.class.php 第 75 行.
SQL: SHOW COLUMNS FROM `app_group` [ RunTime:0.001756s ]
SQL: SELECT * FROM `app_group` WHERE ( `guid` = '43C1549E222DE8BCFD975AEF5F44443A' ) LIMIT 1   [ RunTime:0.000692s ]
SQL: SELECT * FROM `app_group` WHERE ( `guid` = '43C1549E222DE8BCFD975AEF5F44443A' ) LIMIT 1   [ RunTime:0.000214s ]
SQL: SHOW COLUMNS FROM `app_prodir` [ RunTime:0.001663s ]
SQL: SELECT * FROM `app_prodir` WHERE ( guid='0' ) LIMIT 1   [ RunTime:0.000680s ]
SQL: SELECT * FROM `app_prodir` WHERE ( groupid="43C1549E222DE8BCFD975AEF5F44443A" and pid="0" ) ORDER BY sort,time desc  [ RunTime:0.000297s ]
SQL: SELECT * FROM `app_group` WHERE ( `guid` = '43C1549E222DE8BCFD975AEF5F44443A' ) LIMIT 1   [ RunTime:0.000215s ]
INFO: [ view_parse ] --START--
NOTIC: [8] Undefined index:  error D:\PHPnow\htdocs\dongya\lyda\Runtime\Cache\6e0304e6f4a2b1c61e0aea61ea4e70a3.php 第 93 行.
SQL: SHOW COLUMNS FROM `app_pro` [ RunTime:0.002347s ]
SQL: SELECT COUNT(*) AS tp_count FROM `app_pro` WHERE ( pid="5A95B27B00CEA43C2FA4040DCD88BEFA" ) LIMIT 1   [ RunTime:0.001686s ]
SQL: SELECT COUNT(*) AS tp_count FROM `app_prodir` WHERE ( pid="5A95B27B00CEA43C2FA4040DCD88BEFA" ) LIMIT 1   [ RunTime:0.000228s ]
SQL: SELECT COUNT(*) AS tp_count FROM `app_pro` WHERE ( pid="B16CD616EF85E2248AAE486371A28A98" ) LIMIT 1   [ RunTime:0.001165s ]
SQL: SELECT COUNT(*) AS tp_count FROM `app_prodir` WHERE ( pid="B16CD616EF85E2248AAE486371A28A98" ) LIMIT 1   [ RunTime:0.000215s ]
SQL: SELECT COUNT(*) AS tp_count FROM `app_pro` WHERE ( pid="0FF4D11EFF3FC39181B5DF0DDC8FCEB2" ) LIMIT 1   [ RunTime:0.001146s ]
SQL: SELECT COUNT(*) AS tp_count FROM `app_prodir` WHERE ( pid="0FF4D11EFF3FC39181B5DF0DDC8FCEB2" ) LIMIT 1   [ RunTime:0.000213s ]
NOTIC: [8] Undefined variable: page D:\PHPnow\htdocs\dongya\lyda\Runtime\Cache\6e0304e6f4a2b1c61e0aea61ea4e70a3.php 第 132 行.
INFO: ParseTemplate Behavior ::run [ RunTime:0.031314s ]
INFO: [ view_parse ] --END-- [ RunTime:0.031420s ]
INFO: [ view_filter ] --START--
INFO: ContentReplace Behavior ::run [ RunTime:0.001211s ]
INFO: TokenBuild Behavior ::run [ RunTime:0.001125s ]
INFO: WriteHtmlCache Behavior ::run [ RunTime:0.001092s ]
INFO: ShowRuntime Behavior ::run [ RunTime:0.001201s ]
INFO: [ view_filter ] --END-- [ RunTime:0.004855s ]
INFO: [ view_end ] --START--
INFO: ShowPageTrace Behavior ::run [ RunTime:0.001399s ]
INFO: [ view_end ] --END-- [ RunTime:0.001481s ]

[ 2016-04-07T16:42:58+08:00 ] 111.206.36.144 /lyda/index.php/Prodir/index/groupid/43C1549E222DE8BCFD975AEF5F44443A
INFO: [ route_check ] --START--
INFO: CheckRoute Behavior ::run [ RunTime:0.001175s ]
INFO: [ route_check ] --END-- [ RunTime:0.001294s ]
INFO: [ app_begin ] --START--
INFO: ReadHtmlCache Behavior ::run [ RunTime:0.001081s ]
INFO: [ app_begin ] --END-- [ RunTime:0.001197s ]
NOTIC: [2048] Declaration of ImpotAction::error() should be compatible with that of Action::error() D:\PHPnow\htdocs\dongya\lyda\Lib\Action\ImpotAction.class.php 第 75 行.
SQL: SHOW COLUMNS FROM `app_group` [ RunTime:0.013036s ]
SQL: SELECT * FROM `app_group` WHERE ( `guid` = '43C1549E222DE8BCFD975AEF5F44443A' ) LIMIT 1   [ RunTime:0.000728s ]
SQL: SELECT * FROM `app_group` WHERE ( `guid` = '43C1549E222DE8BCFD975AEF5F44443A' ) LIMIT 1   [ RunTime:0.000215s ]

[ 2016-04-07T16:43:02+08:00 ] 183.26.105.162 /lyda/index.php/Dongyapro/index/pid/5A95B27B00CEA43C2FA4040DCD88BEFA
INFO: [ route_check ] --START--
INFO: CheckRoute Behavior ::run [ RunTime:0.001027s ]
INFO: [ route_check ] --END-- [ RunTime:0.001142s ]
INFO: [ app_begin ] --START--
INFO: ReadHtmlCache Behavior ::run [ RunTime:0.000885s ]
INFO: [ app_begin ] --END-- [ RunTime:0.000972s ]
SQL: SHOW COLUMNS FROM `app_prodir` [ RunTime:0.001658s ]
SQL: SELECT * FROM `app_prodir` WHERE ( `guid` = '5A95B27B00CEA43C2FA4040DCD88BEFA' ) LIMIT 1   [ RunTime:0.000765s ]
NOTIC: [2048] Declaration of ImpotAction::error() should be compatible with that of Action::error() D:\PHPnow\htdocs\dongya\lyda\Lib\Action\ImpotAction.class.php 第 75 行.
SQL: SHOW COLUMNS FROM `app_group` [ RunTime:0.001319s ]
SQL: SELECT * FROM `app_group` WHERE ( `guid` = '43C1549E222DE8BCFD975AEF5F44443A' ) LIMIT 1   [ RunTime:0.000616s ]
SQL: SELECT * FROM `app_group` WHERE ( `guid` = '43C1549E222DE8BCFD975AEF5F44443A' ) LIMIT 1   [ RunTime:0.000208s ]
SQL: SELECT * FROM `app_prodir` WHERE ( guid='0' ) LIMIT 1   [ RunTime:0.000205s ]
SQL: SELECT * FROM `app_prodir` WHERE ( pid='0' and groupid='43C1549E222DE8BCFD975AEF5F44443A' ) ORDER BY sort,time desc  [ RunTime:0.000287s ]
SQL: SELECT * FROM `app_prodir` WHERE ( pid='5A95B27B00CEA43C2FA4040DCD88BEFA' and groupid='43C1549E222DE8BCFD975AEF5F44443A' )  [ RunTime:0.000228s ]
SQL: SELECT * FROM `app_prodir` WHERE ( pid='B16CD616EF85E2248AAE486371A28A98' and groupid='43C1549E222DE8BCFD975AEF5F44443A' )  [ RunTime:0.000224s ]
SQL: SELECT * FROM `app_prodir` WHERE ( pid='0FF4D11EFF3FC39181B5DF0DDC8FCEB2' and groupid='43C1549E222DE8BCFD975AEF5F44443A' )  [ RunTime:0.000226s ]
SQL: SHOW COLUMNS FROM `app_pro` [ RunTime:0.001774s ]
SQL: SELECT * FROM `app_pro` WHERE ( groupid="43C1549E222DE8BCFD975AEF5F44443A" and pid="5A95B27B00CEA43C2FA4040DCD88BEFA" ) ORDER BY sort,time desc LIMIT 0,20   [ RunTime:0.002191s ]
SQL: SELECT COUNT(*) AS tp_count FROM `app_pro` WHERE ( groupid="43C1549E222DE8BCFD975AEF5F44443A" and pid="5A95B27B00CEA43C2FA4040DCD88BEFA" ) LIMIT 1   [ RunTime:0.001307s ]
SQL: SHOW COLUMNS FROM `app_style` [ RunTime:0.004773s ]
SQL: SELECT * FROM `app_style` WHERE ( groupid="43C1549E222DE8BCFD975AEF5F44443A" ) ORDER BY sort,time desc  [ RunTime:0.001441s ]
SQL: SHOW COLUMNS FROM `app_spacestyle` [ RunTime:0.003061s ]
SQL: SELECT * FROM `app_spacestyle` WHERE ( groupid="43C1549E222DE8BCFD975AEF5F44443A" ) ORDER BY sort,time desc  [ RunTime:0.001290s ]
SQL: SHOW COLUMNS FROM `app_function` [ RunTime:0.017123s ]
SQL: SELECT * FROM `app_function` WHERE ( groupid="43C1549E222DE8BCFD975AEF5F44443A" ) ORDER BY sort,time desc  [ RunTime:0.001532s ]
SQL: SELECT * FROM `app_group` WHERE ( `guid` = '43C1549E222DE8BCFD975AEF5F44443A' ) LIMIT 1   [ RunTime:0.000241s ]
INFO: [ view_parse ] --START--
NOTIC: [8] Undefined index:  error D:\PHPnow\htdocs\dongya\lyda\Runtime\Cache\e0bf4c777610c83dcc841a732993f404.php 第 115 行.
SQL: SELECT * FROM `app_style` WHERE ( guid="679FD0C784F88A9606CAFCDFCBC0446E" ) LIMIT 1   [ RunTime:0.000686s ]
SQL: SELECT * FROM `app_function` WHERE ( guid="4B50DDB4912BFB030EDDB5A568EC5B3F" ) LIMIT 1   [ RunTime:0.000255s ]
SQL: SELECT * FROM `app_spacestyle` WHERE ( guid="9251A8BD069E44F93B30F3442587A48E" ) LIMIT 1   [ RunTime:0.000237s ]
SQL: SELECT * FROM `app_style` WHERE ( guid="679FD0C784F88A9606CAFCDFCBC0446E" ) LIMIT 1   [ RunTime:0.000222s ]
SQL: SELECT * FROM `app_function` WHERE ( guid="4B50DDB4912BFB030EDDB5A568EC5B3F" ) LIMIT 1   [ RunTime:0.000218s ]
SQL: SELECT * FROM `app_spacestyle` WHERE ( guid="9251A8BD069E44F93B30F3442587A48E" ) LIMIT 1   [ RunTime:0.000217s ]
SQL: SELECT * FROM `app_style` WHERE ( guid="679FD0C784F88A9606CAFCDFCBC0446E" ) LIMIT 1   [ RunTime:0.000285s ]
SQL: SELECT * FROM `app_function` WHERE ( guid="4B50DDB4912BFB030EDDB5A568EC5B3F" ) LIMIT 1   [ RunTime:0.000297s ]
SQL: SELECT * FROM `app_spacestyle` WHERE ( guid="499BE6506AE5A92F433CBA68043B5CD0" ) LIMIT 1   [ RunTime:0.000230s ]
SQL: SELECT * FROM `app_style` WHERE ( guid="679FD0C784F88A9606CAFCDFCBC0446E" ) LIMIT 1   [ RunTime:0.000262s ]
SQL: SELECT * FROM `app_function` WHERE ( guid="4B50DDB4912BFB030EDDB5A568EC5B3F" ) LIMIT 1   [ RunTime:0.000227s ]
SQL: SELECT * FROM `app_spacestyle` WHERE ( guid="499BE6506AE5A92F433CBA68043B5CD0" ) LIMIT 1   [ RunTime:0.000734s ]
SQL: SELECT * FROM `app_style` WHERE ( guid="679FD0C784F88A9606CAFCDFCBC0446E" ) LIMIT 1   [ RunTime:0.000247s ]
SQL: SELECT * FROM `app_function` WHERE ( guid="4B50DDB4912BFB030EDDB5A568EC5B3F" ) LIMIT 1   [ RunTime:0.000224s ]
SQL: SELECT * FROM `app_spacestyle` WHERE ( guid="9251A8BD069E44F93B30F3442587A48E" ) LIMIT 1   [ RunTime:0.000223s ]
SQL: SELECT * FROM `app_style` WHERE ( guid="679FD0C784F88A9606CAFCDFCBC0446E" ) LIMIT 1   [ RunTime:0.000220s ]
SQL: SELECT * FROM `app_function` WHERE ( guid="4B50DDB4912BFB030EDDB5A568EC5B3F" ) LIMIT 1   [ RunTime:0.000218s ]
SQL: SELECT * FROM `app_spacestyle` WHERE ( guid="9251A8BD069E44F93B30F3442587A48E" ) LIMIT 1   [ RunTime:0.000221s ]
SQL: SELECT * FROM `app_style` WHERE ( guid="679FD0C784F88A9606CAFCDFCBC0446E" ) LIMIT 1   [ RunTime:0.000224s ]
SQL: SELECT * FROM `app_function` WHERE ( guid="4B50DDB4912BFB030EDDB5A568EC5B3F" ) LIMIT 1   [ RunTime:0.000218s ]
SQL: SELECT * FROM `app_spacestyle` WHERE ( guid="499BE6506AE5A92F433CBA68043B5CD0" ) LIMIT 1   [ RunTime:0.000216s ]
SQL: SELECT * FROM `app_style` WHERE ( guid="679FD0C784F88A9606CAFCDFCBC0446E" ) LIMIT 1   [ RunTime:0.000229s ]
SQL: SELECT * FROM `app_function` WHERE ( guid="4B50DDB4912BFB030EDDB5A568EC5B3F" ) LIMIT 1   [ RunTime:0.000216s ]
SQL: SELECT * FROM `app_spacestyle` WHERE ( guid="9251A8BD069E44F93B30F3442587A48E" ) LIMIT 1   [ RunTime:0.000230s ]
SQL: SELECT * FROM `app_style` WHERE ( guid="679FD0C784F88A9606CAFCDFCBC0446E" ) LIMIT 1   [ RunTime:0.000216s ]
SQL: SELECT * FROM `app_function` WHERE ( guid="4B50DDB4912BFB030EDDB5A568EC5B3F" ) LIMIT 1   [ RunTime:0.000236s ]
SQL: SELECT * FROM `app_spacestyle` WHERE ( guid="9251A8BD069E44F93B30F3442587A48E" ) LIMIT 1   [ RunTime:0.000222s ]
SQL: SELECT * FROM `app_style` WHERE ( guid="679FD0C784F88A9606CAFCDFCBC0446E" ) LIMIT 1   [ RunTime:0.000218s ]
SQL: SELECT * FROM `app_function` WHERE ( guid="4B50DDB4912BFB030EDDB5A568EC5B3F" ) LIMIT 1   [ RunTime:0.000216s ]
SQL: SELECT * FROM `app_spacestyle` WHERE ( guid="9251A8BD069E44F93B30F3442587A48E" ) LIMIT 1   [ RunTime:0.000216s ]
SQL: SELECT * FROM `app_style` WHERE ( guid="679FD0C784F88A9606CAFCDFCBC0446E" ) LIMIT 1   [ RunTime:0.000243s ]
SQL: SELECT * FROM `app_function` WHERE ( guid="4B50DDB4912BFB030EDDB5A568EC5B3F" ) LIMIT 1   [ RunTime:0.000215s ]
SQL: SELECT * FROM `app_spacestyle` WHERE ( guid="9251A8BD069E44F93B30F3442587A48E" ) LIMIT 1   [ RunTime:0.000220s ]
SQL: SELECT * FROM `app_style` WHERE ( guid="679FD0C784F88A9606CAFCDFCBC0446E" ) LIMIT 1   [ RunTime:0.000216s ]
SQL: SELECT * FROM `app_function` WHERE ( guid="4B50DDB4912BFB030EDDB5A568EC5B3F" ) LIMIT 1   [ RunTime:0.000308s ]
SQL: SELECT * FROM `app_spacestyle` WHERE ( guid="9251A8BD069E44F93B30F3442587A48E" ) LIMIT 1   [ RunTime:0.000219s ]
SQL: SELECT * FROM `app_style` WHERE ( guid="679FD0C784F88A9606CAFCDFCBC0446E" ) LIMIT 1   [ RunTime:0.000220s ]
SQL: SELECT * FROM `app_function` WHERE ( guid="4B50DDB4912BFB030EDDB5A568EC5B3F" ) LIMIT 1   [ RunTime:0.000230s ]
SQL: SELECT * FROM `app_spacestyle` WHERE ( guid="9251A8BD069E44F93B30F3442587A48E" ) LIMIT 1   [ RunTime:0.000229s ]
SQL: SELECT * FROM `app_style` WHERE ( guid="679FD0C784F88A9606CAFCDFCBC0446E" ) LIMIT 1   [ RunTime:0.000215s ]
SQL: SELECT * FROM `app_function` WHERE ( guid="4B50DDB4912BFB030EDDB5A568EC5B3F" ) LIMIT 1   [ RunTime:0.000232s ]
SQL: SELECT * FROM `app_spacestyle` WHERE ( guid="52EB0A6DD1552064C7B86088982B04F9" ) LIMIT 1   [ RunTime:0.000214s ]
SQL: SELECT * FROM `app_style` WHERE ( guid="679FD0C784F88A9606CAFCDFCBC0446E" ) LIMIT 1   [ RunTime:0.000234s ]
SQL: SELECT * FROM `app_function` WHERE ( guid="4B50DDB4912BFB030EDDB5A568EC5B3F" ) LIMIT 1   [ RunTime:0.000216s ]
SQL: SELECT * FROM `app_spacestyle` WHERE ( guid="9251A8BD069E44F93B30F3442587A48E" ) LIMIT 1   [ RunTime:0.000226s ]
SQL: SELECT * FROM `app_style` WHERE ( guid="679FD0C784F88A9606CAFCDFCBC0446E" ) LIMIT 1   [ RunTime:0.000214s ]
SQL: SELECT * FROM `app_function` WHERE ( guid="4B50DDB4912BFB030EDDB5A568EC5B3F" ) LIMIT 1   [ RunTime:0.000223s ]
SQL: SELECT * FROM `app_spacestyle` WHERE ( guid="D292534493FC49E4E1C539597D86A55B" ) LIMIT 1   [ RunTime:0.000220s ]
SQL: SELECT * FROM `app_style` WHERE ( guid="679FD0C784F88A9606CAFCDFCBC0446E" ) LIMIT 1   [ RunTime:0.000218s ]
SQL: SELECT * FROM `app_function` WHERE ( guid="4B50DDB4912BFB030EDDB5A568EC5B3F" ) LIMIT 1   [ RunTime:0.000214s ]
SQL: SELECT * FROM `app_spacestyle` WHERE ( guid="D292534493FC49E4E1C539597D86A55B" ) LIMIT 1   [ RunTime:0.000213s ]
SQL: SELECT * FROM `app_style` WHERE ( guid="679FD0C784F88A9606CAFCDFCBC0446E" ) LIMIT 1   [ RunTime:0.000215s ]
SQL: SELECT * FROM `app_function` WHERE ( guid="4B50DDB4912BFB030EDDB5A568EC5B3F" ) LIMIT 1   [ RunTime:0.000213s ]
SQL: SELECT * FROM `app_spacestyle` WHERE ( guid="D292534493FC49E4E1C539597D86A55B" ) LIMIT 1   [ RunTime:0.000213s ]
SQL: SELECT * FROM `app_style` WHERE ( guid="679FD0C784F88A9606CAFCDFCBC0446E" ) LIMIT 1   [ RunTime:0.000212s ]
SQL: SELECT * FROM `app_function` WHERE ( guid="4B50DDB4912BFB030EDDB5A568EC5B3F" ) LIMIT 1   [ RunTime:0.000213s ]
SQL: SELECT * FROM `app_spacestyle` WHERE ( guid="D292534493FC49E4E1C539597D86A55B" ) LIMIT 1   [ RunTime:0.000240s ]
SQL: SELECT * FROM `app_style` WHERE ( guid="679FD0C784F88A9606CAFCDFCBC0446E" ) LIMIT 1   [ RunTime:0.000213s ]
SQL: SELECT * FROM `app_function` WHERE ( guid="4B50DDB4912BFB030EDDB5A568EC5B3F" ) LIMIT 1   [ RunTime:0.000213s ]
SQL: SELECT * FROM `app_spacestyle` WHERE ( guid="D292534493FC49E4E1C539597D86A55B" ) LIMIT 1   [ RunTime:0.000212s ]
INFO: ParseTemplate Behavior ::run [ RunTime:0.077398s ]
INFO: [ view_parse ] --END-- [ RunTime:0.077501s ]
INFO: [ view_filter ] --START--
INFO: ContentReplace Behavior ::run [ RunTime:0.001499s ]
INFO: TokenBuild Behavior ::run [ RunTime:0.001264s ]
INFO: WriteHtmlCache Behavior ::run [ RunTime:0.001009s ]
INFO: ShowRuntime Behavior ::run [ RunTime:0.001498s ]
INFO: [ view_filter ] --END-- [ RunTime:0.005522s ]
INFO: [ view_end ] --START--
INFO: ShowPageTrace Behavior ::run [ RunTime:0.001821s ]
INFO: [ view_end ] --END-- [ RunTime:0.001921s ]

[ 2016-04-07T16:43:06+08:00 ] 61.135.169.10 /lyda/index.php/Dongyapro/index/pid/5A95B27B00CEA43C2FA4040DCD88BEFA
INFO: [ route_check ] --START--
INFO: CheckRoute Behavior ::run [ RunTime:0.000957s ]
INFO: [ route_check ] --END-- [ RunTime:0.001066s ]
INFO: [ app_begin ] --START--
INFO: ReadHtmlCache Behavior ::run [ RunTime:0.000808s ]
INFO: [ app_begin ] --END-- [ RunTime:0.000895s ]
SQL: SHOW COLUMNS FROM `app_prodir` [ RunTime:0.003093s ]
SQL: SELECT * FROM `app_prodir` WHERE ( `guid` = '5A95B27B00CEA43C2FA4040DCD88BEFA' ) LIMIT 1   [ RunTime:0.000931s ]
NOTIC: [2048] Declaration of ImpotAction::error() should be compatible with that of Action::error() D:\PHPnow\htdocs\dongya\lyda\Lib\Action\ImpotAction.class.php 第 75 行.
SQL: SHOW COLUMNS FROM `app_group` [ RunTime:0.001560s ]
SQL: SELECT * FROM `app_group` WHERE ( `guid` = '43C1549E222DE8BCFD975AEF5F44443A' ) LIMIT 1   [ RunTime:0.000661s ]
SQL: SELECT * FROM `app_group` WHERE ( `guid` = '43C1549E222DE8BCFD975AEF5F44443A' ) LIMIT 1   [ RunTime:0.000214s ]

[ 2016-04-07T16:43:22+08:00 ] 183.26.105.162 /lyda/index.php/dongyapro/add/pid/5A95B27B00CEA43C2FA4040DCD88BEFA
INFO: [ route_check ] --START--
INFO: CheckRoute Behavior ::run [ RunTime:0.000958s ]
INFO: [ route_check ] --END-- [ RunTime:0.001074s ]
INFO: [ app_begin ] --START--
INFO: ReadHtmlCache Behavior ::run [ RunTime:0.000800s ]
INFO: [ app_begin ] --END-- [ RunTime:0.000886s ]
SQL: SHOW COLUMNS FROM `app_prodir` [ RunTime:0.009599s ]
SQL: SELECT * FROM `app_prodir` WHERE ( `guid` = '5A95B27B00CEA43C2FA4040DCD88BEFA' ) LIMIT 1   [ RunTime:0.000760s ]
NOTIC: [2048] Declaration of ImpotAction::error() should be compatible with that of Action::error() D:\PHPnow\htdocs\dongya\lyda\Lib\Action\ImpotAction.class.php 第 75 行.
SQL: SHOW COLUMNS FROM `app_group` [ RunTime:0.001378s ]
SQL: SELECT * FROM `app_group` WHERE ( `guid` = '43C1549E222DE8BCFD975AEF5F44443A' ) LIMIT 1   [ RunTime:0.000696s ]
SQL: SELECT * FROM `app_group` WHERE ( `guid` = '43C1549E222DE8BCFD975AEF5F44443A' ) LIMIT 1   [ RunTime:0.000232s ]
SQL: SELECT * FROM `app_prodir` WHERE ( guid='0' ) LIMIT 1   [ RunTime:0.000218s ]
SQL: SHOW COLUMNS FROM `app_style` [ RunTime:0.001552s ]
SQL: SELECT * FROM `app_style` WHERE ( groupid="43C1549E222DE8BCFD975AEF5F44443A" ) ORDER BY sort,time desc  [ RunTime:0.000759s ]
SQL: SHOW COLUMNS FROM `app_spacestyle` [ RunTime:0.001718s ]
SQL: SELECT * FROM `app_spacestyle` WHERE ( groupid="43C1549E222DE8BCFD975AEF5F44443A" ) ORDER BY sort,time desc  [ RunTime:0.000798s ]
SQL: SHOW COLUMNS FROM `app_function` [ RunTime:0.001469s ]
SQL: SELECT * FROM `app_function` WHERE ( groupid="43C1549E222DE8BCFD975AEF5F44443A" ) ORDER BY sort,time desc  [ RunTime:0.000657s ]
SQL: SELECT * FROM `app_group` WHERE ( `guid` = '43C1549E222DE8BCFD975AEF5F44443A' ) LIMIT 1   [ RunTime:0.000237s ]
INFO: [ view_parse ] --START--
NOTIC: [8] Undefined index:  error D:\PHPnow\htdocs\dongya\lyda\Runtime\Cache\3f3484925d38f2dfcd08bd79fce956ba.php 第 93 行.
INFO: ParseTemplate Behavior ::run [ RunTime:0.023555s ]
INFO: [ view_parse ] --END-- [ RunTime:0.023656s ]
INFO: [ view_filter ] --START--
INFO: ContentReplace Behavior ::run [ RunTime:0.001199s ]
INFO: TokenBuild Behavior ::run [ RunTime:0.001167s ]
INFO: WriteHtmlCache Behavior ::run [ RunTime:0.001026s ]
INFO: ShowRuntime Behavior ::run [ RunTime:0.001231s ]
INFO: [ view_filter ] --END-- [ RunTime:0.004849s ]
INFO: [ view_end ] --START--
INFO: ShowPageTrace Behavior ::run [ RunTime:0.001398s ]
INFO: [ view_end ] --END-- [ RunTime:0.001498s ]

[ 2016-04-07T16:43:25+08:00 ] 61.135.169.9 /lyda/index.php/dongyapro/add/pid/5A95B27B00CEA43C2FA4040DCD88BEFA
INFO: [ route_check ] --START--
INFO: CheckRoute Behavior ::run [ RunTime:0.000958s ]
INFO: [ route_check ] --END-- [ RunTime:0.001063s ]
INFO: [ app_begin ] --START--
INFO: ReadHtmlCache Behavior ::run [ RunTime:0.000817s ]
INFO: [ app_begin ] --END-- [ RunTime:0.000902s ]
SQL: SHOW COLUMNS FROM `app_prodir` [ RunTime:0.001618s ]
SQL: SELECT * FROM `app_prodir` WHERE ( `guid` = '5A95B27B00CEA43C2FA4040DCD88BEFA' ) LIMIT 1   [ RunTime:0.000698s ]
NOTIC: [2048] Declaration of ImpotAction::error() should be compatible with that of Action::error() D:\PHPnow\htdocs\dongya\lyda\Lib\Action\ImpotAction.class.php 第 75 行.
SQL: SHOW COLUMNS FROM `app_group` [ RunTime:0.001323s ]
SQL: SELECT * FROM `app_group` WHERE ( `guid` = '43C1549E222DE8BCFD975AEF5F44443A' ) LIMIT 1   [ RunTime:0.000694s ]
SQL: SELECT * FROM `app_group` WHERE ( `guid` = '43C1549E222DE8BCFD975AEF5F44443A' ) LIMIT 1   [ RunTime:0.000215s ]

[ 2016-04-07T16:43:48+08:00 ] 183.26.105.162 /lyda/index.php/Index/upload/name/oneimg/file/oneimg_upload/groupid/43C1549E222DE8BCFD975AEF5F44443A
INFO: [ route_check ] --START--
INFO: CheckRoute Behavior ::run [ RunTime:0.001344s ]
INFO: [ route_check ] --END-- [ RunTime:0.001469s ]
INFO: [ app_begin ] --START--
INFO: ReadHtmlCache Behavior ::run [ RunTime:0.001030s ]
INFO: [ app_begin ] --END-- [ RunTime:0.001117s ]
SQL: SHOW COLUMNS FROM `app_group` [ RunTime:0.015595s ]
SQL: SELECT * FROM `app_group` WHERE ( `guid` = '43C1549E222DE8BCFD975AEF5F44443A' ) LIMIT 1   [ RunTime:0.000977s ]

[ 2016-04-07T16:43:51+08:00 ] 183.26.105.162 /lyda/index.php/Index/upload/name/twoimg/file/twoimg_upload/groupid/43C1549E222DE8BCFD975AEF5F44443A
INFO: [ route_check ] --START--
INFO: CheckRoute Behavior ::run [ RunTime:0.000959s ]
INFO: [ route_check ] --END-- [ RunTime:0.001107s ]
INFO: [ app_begin ] --START--
INFO: ReadHtmlCache Behavior ::run [ RunTime:0.001082s ]
INFO: [ app_begin ] --END-- [ RunTime:0.001175s ]
SQL: SHOW COLUMNS FROM `app_group` [ RunTime:0.001766s ]
SQL: SELECT * FROM `app_group` WHERE ( `guid` = '43C1549E222DE8BCFD975AEF5F44443A' ) LIMIT 1   [ RunTime:0.000729s ]

[ 2016-04-07T16:44:16+08:00 ] 183.26.105.162 /lyda/index.php/dongyapro/submit_add
INFO: [ route_check ] --START--
INFO: CheckRoute Behavior ::run [ RunTime:0.001370s ]
INFO: [ route_check ] --END-- [ RunTime:0.001489s ]
INFO: [ app_begin ] --START--
INFO: ReadHtmlCache Behavior ::run [ RunTime:0.000811s ]
INFO: [ app_begin ] --END-- [ RunTime:0.000898s ]
SQL: SHOW COLUMNS FROM `app_prodir` [ RunTime:0.001608s ]
SQL: SELECT * FROM `app_prodir` WHERE ( `guid` = '5A95B27B00CEA43C2FA4040DCD88BEFA' ) LIMIT 1   [ RunTime:0.000683s ]
NOTIC: [2048] Declaration of ImpotAction::error() should be compatible with that of Action::error() D:\PHPnow\htdocs\dongya\lyda\Lib\Action\ImpotAction.class.php 第 75 行.
SQL: SHOW COLUMNS FROM `app_group` [ RunTime:0.001827s ]
SQL: SELECT * FROM `app_group` WHERE ( `guid` = '43C1549E222DE8BCFD975AEF5F44443A' ) LIMIT 1   [ RunTime:0.000627s ]
SQL: SELECT * FROM `app_group` WHERE ( `guid` = '43C1549E222DE8BCFD975AEF5F44443A' ) LIMIT 1   [ RunTime:0.000214s ]
SQL: SHOW COLUMNS FROM `app_pro` [ RunTime:0.001807s ]
SQL: INSERT INTO `app_pro` (`title`,`bancai`,`chicun`,`suoju`,`lashou`,`xilie`,`styleid`,`spacestyleid`,`functionid`,`oneimg`,`twoimg`,`pid`,`guid`,`time`,`groupid`,`uid`) VALUES ('DY-8827','木纹玫瑰金','','','','','679FD0C784F88A9606CAFCDFCBC0446E','9251A8BD069E44F93B30F3442587A48E','4B50DDB4912BFB030EDDB5A568EC5B3F','43C1549E222DE8BCFD975AEF5F44443A/1DFD0DAABC3D46DC89717AEDE492D154.jpg','43C1549E222DE8BCFD975AEF5F44443A/921EA40BF5C34A7CA5AE34041E532262.jpg','5A95B27B00CEA43C2FA4040DCD88BEFA','9A54704780A740CBBC305D580B6CD0FB',1460018656,'43C1549E222DE8BCFD975AEF5F44443A','4A379EF61530BD769DB3B65A47BE7C86') [ RunTime:0.000731s ]

[ 2016-04-07T16:44:17+08:00 ] 183.26.105.162 /lyda/index.php/Dongyapro/index/pid/5A95B27B00CEA43C2FA4040DCD88BEFA
INFO: [ route_check ] --START--
INFO: CheckRoute Behavior ::run [ RunTime:0.000952s ]
INFO: [ route_check ] --END-- [ RunTime:0.001061s ]
INFO: [ app_begin ] --START--
INFO: ReadHtmlCache Behavior ::run [ RunTime:0.000811s ]
INFO: [ app_begin ] --END-- [ RunTime:0.000897s ]
SQL: SHOW COLUMNS FROM `app_prodir` [ RunTime:0.001609s ]
SQL: SELECT * FROM `app_prodir` WHERE ( `guid` = '5A95B27B00CEA43C2FA4040DCD88BEFA' ) LIMIT 1   [ RunTime:0.000727s ]
NOTIC: [2048] Declaration of ImpotAction::error() should be compatible with that of Action::error() D:\PHPnow\htdocs\dongya\lyda\Lib\Action\ImpotAction.class.php 第 75 行.
SQL: SHOW COLUMNS FROM `app_group` [ RunTime:0.001478s ]
SQL: SELECT * FROM `app_group` WHERE ( `guid` = '43C1549E222DE8BCFD975AEF5F44443A' ) LIMIT 1   [ RunTime:0.000624s ]
SQL: SELECT * FROM `app_group` WHERE ( `guid` = '43C1549E222DE8BCFD975AEF5F44443A' ) LIMIT 1   [ RunTime:0.000214s ]
SQL: SELECT * FROM `app_prodir` WHERE ( guid='0' ) LIMIT 1   [ RunTime:0.000209s ]
SQL: SELECT * FROM `app_prodir` WHERE ( pid='0' and groupid='43C1549E222DE8BCFD975AEF5F44443A' ) ORDER BY sort,time desc  [ RunTime:0.000292s ]
SQL: SELECT * FROM `app_prodir` WHERE ( pid='5A95B27B00CEA43C2FA4040DCD88BEFA' and groupid='43C1549E222DE8BCFD975AEF5F44443A' )  [ RunTime:0.000233s ]
SQL: SELECT * FROM `app_prodir` WHERE ( pid='B16CD616EF85E2248AAE486371A28A98' and groupid='43C1549E222DE8BCFD975AEF5F44443A' )  [ RunTime:0.000288s ]
SQL: SELECT * FROM `app_prodir` WHERE ( pid='0FF4D11EFF3FC39181B5DF0DDC8FCEB2' and groupid='43C1549E222DE8BCFD975AEF5F44443A' )  [ RunTime:0.000228s ]
SQL: SHOW COLUMNS FROM `app_pro` [ RunTime:0.001738s ]
SQL: SELECT * FROM `app_pro` WHERE ( groupid="43C1549E222DE8BCFD975AEF5F44443A" and pid="5A95B27B00CEA43C2FA4040DCD88BEFA" ) ORDER BY sort,time desc LIMIT 0,20   [ RunTime:0.002176s ]
SQL: SELECT COUNT(*) AS tp_count FROM `app_pro` WHERE ( groupid="43C1549E222DE8BCFD975AEF5F44443A" and pid="5A95B27B00CEA43C2FA4040DCD88BEFA" ) LIMIT 1   [ RunTime:0.001310s ]
SQL: SHOW COLUMNS FROM `app_style` [ RunTime:0.001548s ]
SQL: SELECT * FROM `app_style` WHERE ( groupid="43C1549E222DE8BCFD975AEF5F44443A" ) ORDER BY sort,time desc  [ RunTime:0.000682s ]
SQL: SHOW COLUMNS FROM `app_spacestyle` [ RunTime:0.001492s ]
SQL: SELECT * FROM `app_spacestyle` WHERE ( groupid="43C1549E222DE8BCFD975AEF5F44443A" ) ORDER BY sort,time desc  [ RunTime:0.000659s ]
SQL: SHOW COLUMNS FROM `app_function` [ RunTime:0.001391s ]
SQL: SELECT * FROM `app_function` WHERE ( groupid="43C1549E222DE8BCFD975AEF5F44443A" ) ORDER BY sort,time desc  [ RunTime:0.000651s ]
SQL: SELECT * FROM `app_group` WHERE ( `guid` = '43C1549E222DE8BCFD975AEF5F44443A' ) LIMIT 1   [ RunTime:0.000217s ]
INFO: [ view_parse ] --START--
SQL: SELECT * FROM `app_style` WHERE ( guid="679FD0C784F88A9606CAFCDFCBC0446E" ) LIMIT 1   [ RunTime:0.000667s ]
SQL: SELECT * FROM `app_function` WHERE ( guid="4B50DDB4912BFB030EDDB5A568EC5B3F" ) LIMIT 1   [ RunTime:0.000224s ]
SQL: SELECT * FROM `app_spacestyle` WHERE ( guid="9251A8BD069E44F93B30F3442587A48E" ) LIMIT 1   [ RunTime:0.000220s ]
SQL: SELECT * FROM `app_style` WHERE ( guid="679FD0C784F88A9606CAFCDFCBC0446E" ) LIMIT 1   [ RunTime:0.000214s ]
SQL: SELECT * FROM `app_function` WHERE ( guid="4B50DDB4912BFB030EDDB5A568EC5B3F" ) LIMIT 1   [ RunTime:0.000211s ]
SQL: SELECT * FROM `app_spacestyle` WHERE ( guid="9251A8BD069E44F93B30F3442587A48E" ) LIMIT 1   [ RunTime:0.000210s ]
SQL: SELECT * FROM `app_style` WHERE ( guid="679FD0C784F88A9606CAFCDFCBC0446E" ) LIMIT 1   [ RunTime:0.000208s ]
SQL: SELECT * FROM `app_function` WHERE ( guid="4B50DDB4912BFB030EDDB5A568EC5B3F" ) LIMIT 1   [ RunTime:0.000207s ]
SQL: SELECT * FROM `app_spacestyle` WHERE ( guid="9251A8BD069E44F93B30F3442587A48E" ) LIMIT 1   [ RunTime:0.000207s ]
SQL: SELECT * FROM `app_style` WHERE ( guid="679FD0C784F88A9606CAFCDFCBC0446E" ) LIMIT 1   [ RunTime:0.000206s ]
SQL: SELECT * FROM `app_function` WHERE ( guid="4B50DDB4912BFB030EDDB5A568EC5B3F" ) LIMIT 1   [ RunTime:0.000206s ]
SQL: SELECT * FROM `app_spacestyle` WHERE ( guid="499BE6506AE5A92F433CBA68043B5CD0" ) LIMIT 1   [ RunTime:0.000209s ]
SQL: SELECT * FROM `app_style` WHERE ( guid="679FD0C784F88A9606CAFCDFCBC0446E" ) LIMIT 1   [ RunTime:0.000205s ]
SQL: SELECT * FROM `app_function` WHERE ( guid="4B50DDB4912BFB030EDDB5A568EC5B3F" ) LIMIT 1   [ RunTime:0.000206s ]
SQL: SELECT * FROM `app_spacestyle` WHERE ( guid="499BE6506AE5A92F433CBA68043B5CD0" ) LIMIT 1   [ RunTime:0.000209s ]
SQL: SELECT * FROM `app_style` WHERE ( guid="679FD0C784F88A9606CAFCDFCBC0446E" ) LIMIT 1   [ RunTime:0.000204s ]
SQL: SELECT * FROM `app_function` WHERE ( guid="4B50DDB4912BFB030EDDB5A568EC5B3F" ) LIMIT 1   [ RunTime:0.000209s ]
SQL: SELECT * FROM `app_spacestyle` WHERE ( guid="9251A8BD069E44F93B30F3442587A48E" ) LIMIT 1   [ RunTime:0.000289s ]
SQL: SELECT * FROM `app_style` WHERE ( guid="679FD0C784F88A9606CAFCDFCBC0446E" ) LIMIT 1   [ RunTime:0.000206s ]
SQL: SELECT * FROM `app_function` WHERE ( guid="4B50DDB4912BFB030EDDB5A568EC5B3F" ) LIMIT 1   [ RunTime:0.000204s ]
SQL: SELECT * FROM `app_spacestyle` WHERE ( guid="9251A8BD069E44F93B30F3442587A48E" ) LIMIT 1   [ RunTime:0.000204s ]
SQL: SELECT * FROM `app_style` WHERE ( guid="679FD0C784F88A9606CAFCDFCBC0446E" ) LIMIT 1   [ RunTime:0.000204s ]
SQL: SELECT * FROM `app_function` WHERE ( guid="4B50DDB4912BFB030EDDB5A568EC5B3F" ) LIMIT 1   [ RunTime:0.000202s ]
SQL: SELECT * FROM `app_spacestyle` WHERE ( guid="499BE6506AE5A92F433CBA68043B5CD0" ) LIMIT 1   [ RunTime:0.000217s ]
SQL: SELECT * FROM `app_style` WHERE ( guid="679FD0C784F88A9606CAFCDFCBC0446E" ) LIMIT 1   [ RunTime:0.000209s ]
SQL: SELECT * FROM `app_function` WHERE ( guid="4B50DDB4912BFB030EDDB5A568EC5B3F" ) LIMIT 1   [ RunTime:0.000206s ]
SQL: SELECT * FROM `app_spacestyle` WHERE ( guid="9251A8BD069E44F93B30F3442587A48E" ) LIMIT 1   [ RunTime:0.000205s ]
SQL: SELECT * FROM `app_style` WHERE ( guid="679FD0C784F88A9606CAFCDFCBC0446E" ) LIMIT 1   [ RunTime:0.000205s ]
SQL: SELECT * FROM `app_function` WHERE ( guid="4B50DDB4912BFB030EDDB5A568EC5B3F" ) LIMIT 1   [ RunTime:0.000248s ]
SQL: SELECT * FROM `app_spacestyle` WHERE ( guid="9251A8BD069E44F93B30F3442587A48E" ) LIMIT 1   [ RunTime:0.000205s ]
SQL: SELECT * FROM `app_style` WHERE ( guid="679FD0C784F88A9606CAFCDFCBC0446E" ) LIMIT 1   [ RunTime:0.000205s ]
SQL: SELECT * FROM `app_function` WHERE ( guid="4B50DDB4912BFB030EDDB5A568EC5B3F" ) LIMIT 1   [ RunTime:0.000206s ]
SQL: SELECT * FROM `app_spacestyle` WHERE ( guid="9251A8BD069E44F93B30F3442587A48E" ) LIMIT 1   [ RunTime:0.000204s ]
SQL: SELECT * FROM `app_style` WHERE ( guid="679FD0C784F88A9606CAFCDFCBC0446E" ) LIMIT 1   [ RunTime:0.000213s ]
SQL: SELECT * FROM `app_function` WHERE ( guid="4B50DDB4912BFB030EDDB5A568EC5B3F" ) LIMIT 1   [ RunTime:0.000205s ]
SQL: SELECT * FROM `app_spacestyle` WHERE ( guid="9251A8BD069E44F93B30F3442587A48E" ) LIMIT 1   [ RunTime:0.000204s ]
SQL: SELECT * FROM `app_style` WHERE ( guid="679FD0C784F88A9606CAFCDFCBC0446E" ) LIMIT 1   [ RunTime:0.000210s ]
SQL: SELECT * FROM `app_function` WHERE ( guid="4B50DDB4912BFB030EDDB5A568EC5B3F" ) LIMIT 1   [ RunTime:0.000204s ]
SQL: SELECT * FROM `app_spacestyle` WHERE ( guid="9251A8BD069E44F93B30F3442587A48E" ) LIMIT 1   [ RunTime:0.000208s ]
SQL: SELECT * FROM `app_style` WHERE ( guid="679FD0C784F88A9606CAFCDFCBC0446E" ) LIMIT 1   [ RunTime:0.000205s ]
SQL: SELECT * FROM `app_function` WHERE ( guid="4B50DDB4912BFB030EDDB5A568EC5B3F" ) LIMIT 1   [ RunTime:0.000204s ]
SQL: SELECT * FROM `app_spacestyle` WHERE ( guid="9251A8BD069E44F93B30F3442587A48E" ) LIMIT 1   [ RunTime:0.000204s ]
SQL: SELECT * FROM `app_style` WHERE ( guid="679FD0C784F88A9606CAFCDFCBC0446E" ) LIMIT 1   [ RunTime:0.000204s ]
SQL: SELECT * FROM `app_function` WHERE ( guid="4B50DDB4912BFB030EDDB5A568EC5B3F" ) LIMIT 1   [ RunTime:0.000204s ]
SQL: SELECT * FROM `app_spacestyle` WHERE ( guid="52EB0A6DD1552064C7B86088982B04F9" ) LIMIT 1   [ RunTime:0.000203s ]
SQL: SELECT * FROM `app_style` WHERE ( guid="679FD0C784F88A9606CAFCDFCBC0446E" ) LIMIT 1   [ RunTime:0.000202s ]
SQL: SELECT * FROM `app_function` WHERE ( guid="4B50DDB4912BFB030EDDB5A568EC5B3F" ) LIMIT 1   [ RunTime:0.000203s ]
SQL: SELECT * FROM `app_spacestyle` WHERE ( guid="9251A8BD069E44F93B30F3442587A48E" ) LIMIT 1   [ RunTime:0.000204s ]
SQL: SELECT * FROM `app_style` WHERE ( guid="679FD0C784F88A9606CAFCDFCBC0446E" ) LIMIT 1   [ RunTime:0.000206s ]
SQL: SELECT * FROM `app_function` WHERE ( guid="4B50DDB4912BFB030EDDB5A568EC5B3F" ) LIMIT 1   [ RunTime:0.000206s ]
SQL: SELECT * FROM `app_spacestyle` WHERE ( guid="D292534493FC49E4E1C539597D86A55B" ) LIMIT 1   [ RunTime:0.000204s ]
SQL: SELECT * FROM `app_style` WHERE ( guid="679FD0C784F88A9606CAFCDFCBC0446E" ) LIMIT 1   [ RunTime:0.000203s ]
SQL: SELECT * FROM `app_function` WHERE ( guid="4B50DDB4912BFB030EDDB5A568EC5B3F" ) LIMIT 1   [ RunTime:0.000204s ]
SQL: SELECT * FROM `app_spacestyle` WHERE ( guid="D292534493FC49E4E1C539597D86A55B" ) LIMIT 1   [ RunTime:0.000202s ]
SQL: SELECT * FROM `app_style` WHERE ( guid="679FD0C784F88A9606CAFCDFCBC0446E" ) LIMIT 1   [ RunTime:0.000203s ]
SQL: SELECT * FROM `app_function` WHERE ( guid="4B50DDB4912BFB030EDDB5A568EC5B3F" ) LIMIT 1   [ RunTime:0.000203s ]
SQL: SELECT * FROM `app_spacestyle` WHERE ( guid="D292534493FC49E4E1C539597D86A55B" ) LIMIT 1   [ RunTime:0.000203s ]
SQL: SELECT * FROM `app_style` WHERE ( guid="679FD0C784F88A9606CAFCDFCBC0446E" ) LIMIT 1   [ RunTime:0.000204s ]
SQL: SELECT * FROM `app_function` WHERE ( guid="4B50DDB4912BFB030EDDB5A568EC5B3F" ) LIMIT 1   [ RunTime:0.000203s ]
SQL: SELECT * FROM `app_spacestyle` WHERE ( guid="D292534493FC49E4E1C539597D86A55B" ) LIMIT 1   [ RunTime:0.000205s ]
INFO: ParseTemplate Behavior ::run [ RunTime:0.053456s ]
INFO: [ view_parse ] --END-- [ RunTime:0.053553s ]
INFO: [ view_filter ] --START--
INFO: ContentReplace Behavior ::run [ RunTime:0.001400s ]
INFO: TokenBuild Behavior ::run [ RunTime:0.001188s ]
INFO: WriteHtmlCache Behavior ::run [ RunTime:0.001088s ]
INFO: ShowRuntime Behavior ::run [ RunTime:0.001383s ]
INFO: [ view_filter ] --END-- [ RunTime:0.005314s ]
INFO: [ view_end ] --START--
INFO: ShowPageTrace Behavior ::run [ RunTime:0.001440s ]
INFO: [ view_end ] --END-- [ RunTime:0.001526s ]

[ 2016-04-07T16:44:22+08:00 ] 183.26.105.162 /lyda/index.php/Index/unseterror
INFO: [ route_check ] --START--
INFO: CheckRoute Behavior ::run [ RunTime:0.001202s ]
INFO: [ route_check ] --END-- [ RunTime:0.001355s ]
INFO: [ app_begin ] --START--
INFO: ReadHtmlCache Behavior ::run [ RunTime:0.000871s ]
INFO: [ app_begin ] --END-- [ RunTime:0.000954s ]

[ 2016-04-07T16:47:31+08:00 ] 183.26.105.162 /lyda/index.php/Index/index/groupid/43C1549E222DE8BCFD975AEF5F44443A
INFO: [ route_check ] --START--
INFO: CheckRoute Behavior ::run [ RunTime:0.001129s ]
INFO: [ route_check ] --END-- [ RunTime:0.001267s ]
INFO: [ app_begin ] --START--
INFO: ReadHtmlCache Behavior ::run [ RunTime:0.000826s ]
INFO: [ app_begin ] --END-- [ RunTime:0.000913s ]
NOTIC: [2048] Declaration of ImpotAction::error() should be compatible with that of Action::error() D:\PHPnow\htdocs\dongya\lyda\Lib\Action\ImpotAction.class.php 第 75 行.
SQL: SHOW COLUMNS FROM `app_group` [ RunTime:0.001934s ]
SQL: SELECT * FROM `app_group` WHERE ( `guid` = '43C1549E222DE8BCFD975AEF5F44443A' ) LIMIT 1   [ RunTime:0.000820s ]
SQL: SELECT * FROM `app_group` WHERE ( `guid` = '43C1549E222DE8BCFD975AEF5F44443A' ) LIMIT 1   [ RunTime:0.000212s ]
SQL: SELECT * FROM `app_group` WHERE ( `guid` = '43C1549E222DE8BCFD975AEF5F44443A' ) LIMIT 1   [ RunTime:0.000264s ]
INFO: [ view_parse ] --START--
NOTIC: [8] Undefined index:  error D:\PHPnow\htdocs\dongya\lyda\Runtime\Cache\56e2620824352560a81a2c90b6162793.php 第 145 行.
INFO: ParseTemplate Behavior ::run [ RunTime:0.018946s ]
INFO: [ view_parse ] --END-- [ RunTime:0.019063s ]
INFO: [ view_filter ] --START--
INFO: ContentReplace Behavior ::run [ RunTime:0.001231s ]
INFO: TokenBuild Behavior ::run [ RunTime:0.001255s ]
INFO: WriteHtmlCache Behavior ::run [ RunTime:0.001023s ]
INFO: ShowRuntime Behavior ::run [ RunTime:0.001253s ]
INFO: [ view_filter ] --END-- [ RunTime:0.004997s ]
INFO: [ view_end ] --START--
INFO: ShowPageTrace Behavior ::run [ RunTime:0.001704s ]
INFO: [ view_end ] --END-- [ RunTime:0.001805s ]

[ 2016-04-07T16:47:35+08:00 ] 183.26.105.162 /lyda/index.php/index/backup/filename/43C1549E222DE8BCFD975AEF5F44443A_1460018851/groupid/43C1549E222DE8BCFD975AEF5F44443A
INFO: [ route_check ] --START--
INFO: CheckRoute Behavior ::run [ RunTime:0.000946s ]
INFO: [ route_check ] --END-- [ RunTime:0.001054s ]
INFO: [ app_begin ] --START--
INFO: ReadHtmlCache Behavior ::run [ RunTime:0.000803s ]
INFO: [ app_begin ] --END-- [ RunTime:0.000883s ]
NOTIC: [2048] Declaration of ImpotAction::error() should be compatible with that of Action::error() D:\PHPnow\htdocs\dongya\lyda\Lib\Action\ImpotAction.class.php 第 75 行.
SQL: SHOW COLUMNS FROM `app_group` [ RunTime:0.001477s ]
SQL: SELECT * FROM `app_group` WHERE ( `guid` = '43C1549E222DE8BCFD975AEF5F44443A' ) LIMIT 1   [ RunTime:0.000671s ]
SQL: SELECT * FROM `app_group` WHERE ( `guid` = '43C1549E222DE8BCFD975AEF5F44443A' ) LIMIT 1   [ RunTime:0.000212s ]
NOTIC: [2] Missing argument 1 for Model::query(), called in D:\PHPnow\htdocs\dongya\lyda\Lib\Action\IndexAction.class.php on line 33 and defined D:\PHPnow\htdocs\dongya\XThinkPHP\Lib\Core\Model.class.php 第 1119 行.
NOTIC: [8] Undefined variable: sql D:\PHPnow\htdocs\dongya\XThinkPHP\Lib\Core\Model.class.php 第 1124 行.
SQL:  [ RunTime:0.000194s ]
ERR: 1065:Query was empty
NOTIC: [2] Missing argument 1 for Model::query(), called in D:\PHPnow\htdocs\dongya\lyda\Lib\Action\IndexAction.class.php on line 33 and defined D:\PHPnow\htdocs\dongya\XThinkPHP\Lib\Core\Model.class.php 第 1119 行.
NOTIC: [8] Undefined variable: sql D:\PHPnow\htdocs\dongya\XThinkPHP\Lib\Core\Model.class.php 第 1124 行.
SQL:  [ RunTime:0.000549s ]
ERR: 1065:Query was empty
NOTIC: [2] Missing argument 1 for Model::query(), called in D:\PHPnow\htdocs\dongya\lyda\Lib\Action\IndexAction.class.php on line 33 and defined D:\PHPnow\htdocs\dongya\XThinkPHP\Lib\Core\Model.class.php 第 1119 行.
NOTIC: [8] Undefined variable: sql D:\PHPnow\htdocs\dongya\XThinkPHP\Lib\Core\Model.class.php 第 1124 行.
SQL:  [ RunTime:0.000208s ]
ERR: 1065:Query was empty
NOTIC: [2] Missing argument 1 for Model::query(), called in D:\PHPnow\htdocs\dongya\lyda\Lib\Action\IndexAction.class.php on line 33 and defined D:\PHPnow\htdocs\dongya\XThinkPHP\Lib\Core\Model.class.php 第 1119 行.
NOTIC: [8] Undefined variable: sql D:\PHPnow\htdocs\dongya\XThinkPHP\Lib\Core\Model.class.php 第 1124 行.
SQL:  [ RunTime:0.000160s ]
ERR: 1065:Query was empty
NOTIC: [2] Missing argument 1 for Model::query(), called in D:\PHPnow\htdocs\dongya\lyda\Lib\Action\IndexAction.class.php on line 33 and defined D:\PHPnow\htdocs\dongya\XThinkPHP\Lib\Core\Model.class.php 第 1119 行.
NOTIC: [8] Undefined variable: sql D:\PHPnow\htdocs\dongya\XThinkPHP\Lib\Core\Model.class.php 第 1124 行.
SQL:  [ RunTime:0.000155s ]
ERR: 1065:Query was empty
NOTIC: [2] Missing argument 1 for Model::query(), called in D:\PHPnow\htdocs\dongya\lyda\Lib\Action\IndexAction.class.php on line 33 and defined D:\PHPnow\htdocs\dongya\XThinkPHP\Lib\Core\Model.class.php 第 1119 行.
NOTIC: [8] Undefined variable: sql D:\PHPnow\htdocs\dongya\XThinkPHP\Lib\Core\Model.class.php 第 1124 行.
SQL:  [ RunTime:0.000761s ]
ERR: 1065:Query was empty
NOTIC: [2] Missing argument 1 for Model::query(), called in D:\PHPnow\htdocs\dongya\lyda\Lib\Action\IndexAction.class.php on line 33 and defined D:\PHPnow\htdocs\dongya\XThinkPHP\Lib\Core\Model.class.php 第 1119 行.
NOTIC: [8] Undefined variable: sql D:\PHPnow\htdocs\dongya\XThinkPHP\Lib\Core\Model.class.php 第 1124 行.
SQL:  [ RunTime:0.000215s ]
ERR: 1065:Query was empty
NOTIC: [2] Missing argument 1 for Model::query(), called in D:\PHPnow\htdocs\dongya\lyda\Lib\Action\IndexAction.class.php on line 33 and defined D:\PHPnow\htdocs\dongya\XThinkPHP\Lib\Core\Model.class.php 第 1119 行.
NOTIC: [8] Undefined variable: sql D:\PHPnow\htdocs\dongya\XThinkPHP\Lib\Core\Model.class.php 第 1124 行.
SQL:  [ RunTime:0.000186s ]
ERR: 1065:Query was empty
NOTIC: [2] Missing argument 1 for Model::query(), called in D:\PHPnow\htdocs\dongya\lyda\Lib\Action\IndexAction.class.php on line 33 and defined D:\PHPnow\htdocs\dongya\XThinkPHP\Lib\Core\Model.class.php 第 1119 行.
NOTIC: [8] Undefined variable: sql D:\PHPnow\htdocs\dongya\XThinkPHP\Lib\Core\Model.class.php 第 1124 行.
SQL:  [ RunTime:0.000143s ]
ERR: 1065:Query was empty
NOTIC: [2] Missing argument 1 for Model::query(), called in D:\PHPnow\htdocs\dongya\lyda\Lib\Action\IndexAction.class.php on line 33 and defined D:\PHPnow\htdocs\dongya\XThinkPHP\Lib\Core\Model.class.php 第 1119 行.
NOTIC: [8] Undefined variable: sql D:\PHPnow\htdocs\dongya\XThinkPHP\Lib\Core\Model.class.php 第 1124 行.
SQL:  [ RunTime:0.000139s ]
ERR: 1065:Query was empty
NOTIC: [2] Missing argument 1 for Model::query(), called in D:\PHPnow\htdocs\dongya\lyda\Lib\Action\IndexAction.class.php on line 33 and defined D:\PHPnow\htdocs\dongya\XThinkPHP\Lib\Core\Model.class.php 第 1119 行.
NOTIC: [8] Undefined variable: sql D:\PHPnow\htdocs\dongya\XThinkPHP\Lib\Core\Model.class.php 第 1124 行.
SQL:  [ RunTime:0.000137s ]
ERR: 1065:Query was empty
NOTIC: [2] Missing argument 1 for Model::query(), called in D:\PHPnow\htdocs\dongya\lyda\Lib\Action\IndexAction.class.php on line 33 and defined D:\PHPnow\htdocs\dongya\XThinkPHP\Lib\Core\Model.class.php 第 1119 行.
NOTIC: [8] Undefined variable: sql D:\PHPnow\htdocs\dongya\XThinkPHP\Lib\Core\Model.class.php 第 1124 行.
SQL:  [ RunTime:0.000163s ]
ERR: 1065:Query was empty
NOTIC: [2] Missing argument 1 for Model::query(), called in D:\PHPnow\htdocs\dongya\lyda\Lib\Action\IndexAction.class.php on line 33 and defined D:\PHPnow\htdocs\dongya\XThinkPHP\Lib\Core\Model.class.php 第 1119 行.
NOTIC: [8] Undefined variable: sql D:\PHPnow\htdocs\dongya\XThinkPHP\Lib\Core\Model.class.php 第 1124 行.
SQL:  [ RunTime:0.000196s ]
ERR: 1065:Query was empty
NOTIC: [2] Missing argument 1 for Model::query(), called in D:\PHPnow\htdocs\dongya\lyda\Lib\Action\IndexAction.class.php on line 33 and defined D:\PHPnow\htdocs\dongya\XThinkPHP\Lib\Core\Model.class.php 第 1119 行.
NOTIC: [8] Undefined variable: sql D:\PHPnow\htdocs\dongya\XThinkPHP\Lib\Core\Model.class.php 第 1124 行.
SQL:  [ RunTime:0.000137s ]
ERR: 1065:Query was empty
NOTIC: [2] mysql_fetch_assoc(): supplied argument is not a valid MySQL result resource D:\PHPnow\htdocs\dongya\lyda\Lib\Action\IndexAction.class.php 第 35 行.
NOTIC: [2] Missing argument 1 for Model::query(), called in D:\PHPnow\htdocs\dongya\lyda\Lib\Action\IndexAction.class.php on line 33 and defined D:\PHPnow\htdocs\dongya\XThinkPHP\Lib\Core\Model.class.php 第 1119 行.
NOTIC: [8] Undefined variable: sql D:\PHPnow\htdocs\dongya\XThinkPHP\Lib\Core\Model.class.php 第 1124 行.
SQL:  [ RunTime:0.000148s ]
ERR: 1065:Query was empty
NOTIC: [2] mysql_fetch_assoc(): supplied argument is not a valid MySQL result resource D:\PHPnow\htdocs\dongya\lyda\Lib\Action\IndexAction.class.php 第 35 行.

[ 2016-04-07T16:47:36+08:00 ] 183.26.105.162 /lyda/index.php/index/movedb/filename/43C1549E222DE8BCFD975AEF5F44443A_1460018851/groupid/43C1549E222DE8BCFD975AEF5F44443A
INFO: [ route_check ] --START--
INFO: CheckRoute Behavior ::run [ RunTime:0.001069s ]
INFO: [ route_check ] --END-- [ RunTime:0.001192s ]
INFO: [ app_begin ] --START--
INFO: ReadHtmlCache Behavior ::run [ RunTime:0.000712s ]
INFO: [ app_begin ] --END-- [ RunTime:0.000793s ]
SQL: SHOW COLUMNS FROM `app_group` [ RunTime:0.001691s ]
SQL: SELECT * FROM `app_group` WHERE ( `guid` = '43C1549E222DE8BCFD975AEF5F44443A' ) LIMIT 1   [ RunTime:0.000702s ]

[ 2016-04-07T17:12:38+08:00 ] 183.26.105.162 /lyda/index.php/Prodir/index/groupid/43C1549E222DE8BCFD975AEF5F44443A
INFO: [ route_check ] --START--
INFO: CheckRoute Behavior ::run [ RunTime:0.001413s ]
INFO: [ route_check ] --END-- [ RunTime:0.001536s ]
INFO: [ app_begin ] --START--
INFO: ReadHtmlCache Behavior ::run [ RunTime:0.001030s ]
INFO: [ app_begin ] --END-- [ RunTime:0.001119s ]
NOTIC: [2048] Declaration of ImpotAction::error() should be compatible with that of Action::error() D:\PHPnow\htdocs\dongya\lyda\Lib\Action\ImpotAction.class.php 第 75 行.
SQL: SHOW COLUMNS FROM `app_group` [ RunTime:0.001790s ]
SQL: SELECT * FROM `app_group` WHERE ( `guid` = '43C1549E222DE8BCFD975AEF5F44443A' ) LIMIT 1   [ RunTime:0.000740s ]
SQL: SELECT * FROM `app_group` WHERE ( `guid` = '43C1549E222DE8BCFD975AEF5F44443A' ) LIMIT 1   [ RunTime:0.000215s ]
SQL: SHOW COLUMNS FROM `app_prodir` [ RunTime:0.001992s ]
SQL: SELECT * FROM `app_prodir` WHERE ( guid='0' ) LIMIT 1   [ RunTime:0.000650s ]
SQL: SELECT * FROM `app_prodir` WHERE ( groupid="43C1549E222DE8BCFD975AEF5F44443A" and pid="0" ) ORDER BY sort,time desc  [ RunTime:0.000313s ]
SQL: SELECT * FROM `app_group` WHERE ( `guid` = '43C1549E222DE8BCFD975AEF5F44443A' ) LIMIT 1   [ RunTime:0.000223s ]
INFO: [ view_parse ] --START--
NOTIC: [8] Undefined index:  error D:\PHPnow\htdocs\dongya\lyda\Runtime\Cache\6e0304e6f4a2b1c61e0aea61ea4e70a3.php 第 93 行.
SQL: SHOW COLUMNS FROM `app_pro` [ RunTime:0.002569s ]
SQL: SELECT COUNT(*) AS tp_count FROM `app_pro` WHERE ( pid="5A95B27B00CEA43C2FA4040DCD88BEFA" ) LIMIT 1   [ RunTime:0.001748s ]
SQL: SELECT COUNT(*) AS tp_count FROM `app_prodir` WHERE ( pid="5A95B27B00CEA43C2FA4040DCD88BEFA" ) LIMIT 1   [ RunTime:0.000280s ]
SQL: SELECT COUNT(*) AS tp_count FROM `app_pro` WHERE ( pid="B16CD616EF85E2248AAE486371A28A98" ) LIMIT 1   [ RunTime:0.001149s ]
SQL: SELECT COUNT(*) AS tp_count FROM `app_prodir` WHERE ( pid="B16CD616EF85E2248AAE486371A28A98" ) LIMIT 1   [ RunTime:0.000218s ]
SQL: SELECT COUNT(*) AS tp_count FROM `app_pro` WHERE ( pid="0FF4D11EFF3FC39181B5DF0DDC8FCEB2" ) LIMIT 1   [ RunTime:0.001182s ]
SQL: SELECT COUNT(*) AS tp_count FROM `app_prodir` WHERE ( pid="0FF4D11EFF3FC39181B5DF0DDC8FCEB2" ) LIMIT 1   [ RunTime:0.000222s ]
NOTIC: [8] Undefined variable: page D:\PHPnow\htdocs\dongya\lyda\Runtime\Cache\6e0304e6f4a2b1c61e0aea61ea4e70a3.php 第 132 行.
INFO: ParseTemplate Behavior ::run [ RunTime:0.031475s ]
INFO: [ view_parse ] --END-- [ RunTime:0.031584s ]
INFO: [ view_filter ] --START--
INFO: ContentReplace Behavior ::run [ RunTime:0.001341s ]
INFO: TokenBuild Behavior ::run [ RunTime:0.001290s ]
INFO: WriteHtmlCache Behavior ::run [ RunTime:0.001076s ]
INFO: ShowRuntime Behavior ::run [ RunTime:0.001246s ]
INFO: [ view_filter ] --END-- [ RunTime:0.005186s ]
INFO: [ view_end ] --START--
INFO: ShowPageTrace Behavior ::run [ RunTime:0.001416s ]
INFO: [ view_end ] --END-- [ RunTime:0.001499s ]

[ 2016-04-07T17:12:40+08:00 ] 183.26.105.162 /lyda/index.php/Dongyapro/index/pid/5A95B27B00CEA43C2FA4040DCD88BEFA
INFO: [ route_check ] --START--
INFO: CheckRoute Behavior ::run [ RunTime:0.001051s ]
INFO: [ route_check ] --END-- [ RunTime:0.001175s ]
INFO: [ app_begin ] --START--
INFO: ReadHtmlCache Behavior ::run [ RunTime:0.000821s ]
INFO: [ app_begin ] --END-- [ RunTime:0.000907s ]
SQL: SHOW COLUMNS FROM `app_prodir` [ RunTime:0.001660s ]
SQL: SELECT * FROM `app_prodir` WHERE ( `guid` = '5A95B27B00CEA43C2FA4040DCD88BEFA' ) LIMIT 1   [ RunTime:0.000690s ]
NOTIC: [2048] Declaration of ImpotAction::error() should be compatible with that of Action::error() D:\PHPnow\htdocs\dongya\lyda\Lib\Action\ImpotAction.class.php 第 75 行.
SQL: SHOW COLUMNS FROM `app_group` [ RunTime:0.001393s ]
SQL: SELECT * FROM `app_group` WHERE ( `guid` = '43C1549E222DE8BCFD975AEF5F44443A' ) LIMIT 1   [ RunTime:0.000653s ]
SQL: SELECT * FROM `app_group` WHERE ( `guid` = '43C1549E222DE8BCFD975AEF5F44443A' ) LIMIT 1   [ RunTime:0.000220s ]
SQL: SELECT * FROM `app_prodir` WHERE ( guid='0' ) LIMIT 1   [ RunTime:0.000214s ]
SQL: SELECT * FROM `app_prodir` WHERE ( pid='0' and groupid='43C1549E222DE8BCFD975AEF5F44443A' ) ORDER BY sort,time desc  [ RunTime:0.000332s ]
SQL: SELECT * FROM `app_prodir` WHERE ( pid='5A95B27B00CEA43C2FA4040DCD88BEFA' and groupid='43C1549E222DE8BCFD975AEF5F44443A' )  [ RunTime:0.000240s ]
SQL: SELECT * FROM `app_prodir` WHERE ( pid='B16CD616EF85E2248AAE486371A28A98' and groupid='43C1549E222DE8BCFD975AEF5F44443A' )  [ RunTime:0.000234s ]
SQL: SELECT * FROM `app_prodir` WHERE ( pid='0FF4D11EFF3FC39181B5DF0DDC8FCEB2' and groupid='43C1549E222DE8BCFD975AEF5F44443A' )  [ RunTime:0.000230s ]
SQL: SHOW COLUMNS FROM `app_pro` [ RunTime:0.001810s ]
SQL: SELECT * FROM `app_pro` WHERE ( groupid="43C1549E222DE8BCFD975AEF5F44443A" and pid="5A95B27B00CEA43C2FA4040DCD88BEFA" ) ORDER BY sort,time desc LIMIT 0,20   [ RunTime:0.002620s ]
SQL: SELECT COUNT(*) AS tp_count FROM `app_pro` WHERE ( groupid="43C1549E222DE8BCFD975AEF5F44443A" and pid="5A95B27B00CEA43C2FA4040DCD88BEFA" ) LIMIT 1   [ RunTime:0.001394s ]
SQL: SHOW COLUMNS FROM `app_style` [ RunTime:0.001978s ]
SQL: SELECT * FROM `app_style` WHERE ( groupid="43C1549E222DE8BCFD975AEF5F44443A" ) ORDER BY sort,time desc  [ RunTime:0.000728s ]
SQL: SHOW COLUMNS FROM `app_spacestyle` [ RunTime:0.001835s ]
SQL: SELECT * FROM `app_spacestyle` WHERE ( groupid="43C1549E222DE8BCFD975AEF5F44443A" ) ORDER BY sort,time desc  [ RunTime:0.000689s ]
SQL: SHOW COLUMNS FROM `app_function` [ RunTime:0.001606s ]
SQL: SELECT * FROM `app_function` WHERE ( groupid="43C1549E222DE8BCFD975AEF5F44443A" ) ORDER BY sort,time desc  [ RunTime:0.000699s ]
SQL: SELECT * FROM `app_group` WHERE ( `guid` = '43C1549E222DE8BCFD975AEF5F44443A' ) LIMIT 1   [ RunTime:0.000314s ]
INFO: [ view_parse ] --START--
NOTIC: [8] Undefined index:  error D:\PHPnow\htdocs\dongya\lyda\Runtime\Cache\e0bf4c777610c83dcc841a732993f404.php 第 115 行.
SQL: SELECT * FROM `app_style` WHERE ( guid="679FD0C784F88A9606CAFCDFCBC0446E" ) LIMIT 1   [ RunTime:0.000694s ]
SQL: SELECT * FROM `app_function` WHERE ( guid="4B50DDB4912BFB030EDDB5A568EC5B3F" ) LIMIT 1   [ RunTime:0.000234s ]
SQL: SELECT * FROM `app_spacestyle` WHERE ( guid="9251A8BD069E44F93B30F3442587A48E" ) LIMIT 1   [ RunTime:0.000226s ]
SQL: SELECT * FROM `app_style` WHERE ( guid="679FD0C784F88A9606CAFCDFCBC0446E" ) LIMIT 1   [ RunTime:0.000217s ]
SQL: SELECT * FROM `app_function` WHERE ( guid="4B50DDB4912BFB030EDDB5A568EC5B3F" ) LIMIT 1   [ RunTime:0.000214s ]
SQL: SELECT * FROM `app_spacestyle` WHERE ( guid="9251A8BD069E44F93B30F3442587A48E" ) LIMIT 1   [ RunTime:0.000213s ]
SQL: SELECT * FROM `app_style` WHERE ( guid="679FD0C784F88A9606CAFCDFCBC0446E" ) LIMIT 1   [ RunTime:0.000207s ]
SQL: SELECT * FROM `app_function` WHERE ( guid="4B50DDB4912BFB030EDDB5A568EC5B3F" ) LIMIT 1   [ RunTime:0.000207s ]
SQL: SELECT * FROM `app_spacestyle` WHERE ( guid="9251A8BD069E44F93B30F3442587A48E" ) LIMIT 1   [ RunTime:0.000205s ]
SQL: SELECT * FROM `app_style` WHERE ( guid="679FD0C784F88A9606CAFCDFCBC0446E" ) LIMIT 1   [ RunTime:0.000259s ]
SQL: SELECT * FROM `app_function` WHERE ( guid="4B50DDB4912BFB030EDDB5A568EC5B3F" ) LIMIT 1   [ RunTime:0.000205s ]
SQL: SELECT * FROM `app_spacestyle` WHERE ( guid="499BE6506AE5A92F433CBA68043B5CD0" ) LIMIT 1   [ RunTime:0.000203s ]
SQL: SELECT * FROM `app_style` WHERE ( guid="679FD0C784F88A9606CAFCDFCBC0446E" ) LIMIT 1   [ RunTime:0.000205s ]
SQL: SELECT * FROM `app_function` WHERE ( guid="4B50DDB4912BFB030EDDB5A568EC5B3F" ) LIMIT 1   [ RunTime:0.000204s ]
SQL: SELECT * FROM `app_spacestyle` WHERE ( guid="499BE6506AE5A92F433CBA68043B5CD0" ) LIMIT 1   [ RunTime:0.000205s ]
SQL: SELECT * FROM `app_style` WHERE ( guid="679FD0C784F88A9606CAFCDFCBC0446E" ) LIMIT 1   [ RunTime:0.000203s ]
SQL: SELECT * FROM `app_function` WHERE ( guid="4B50DDB4912BFB030EDDB5A568EC5B3F" ) LIMIT 1   [ RunTime:0.000210s ]
SQL: SELECT * FROM `app_spacestyle` WHERE ( guid="9251A8BD069E44F93B30F3442587A48E" ) LIMIT 1   [ RunTime:0.000203s ]
SQL: SELECT * FROM `app_style` WHERE ( guid="679FD0C784F88A9606CAFCDFCBC0446E" ) LIMIT 1   [ RunTime:0.000202s ]
SQL: SELECT * FROM `app_function` WHERE ( guid="4B50DDB4912BFB030EDDB5A568EC5B3F" ) LIMIT 1   [ RunTime:0.000203s ]
SQL: SELECT * FROM `app_spacestyle` WHERE ( guid="9251A8BD069E44F93B30F3442587A48E" ) LIMIT 1   [ RunTime:0.000203s ]
SQL: SELECT * FROM `app_style` WHERE ( guid="679FD0C784F88A9606CAFCDFCBC0446E" ) LIMIT 1   [ RunTime:0.000204s ]
SQL: SELECT * FROM `app_function` WHERE ( guid="4B50DDB4912BFB030EDDB5A568EC5B3F" ) LIMIT 1   [ RunTime:0.000203s ]
SQL: SELECT * FROM `app_spacestyle` WHERE ( guid="499BE6506AE5A92F433CBA68043B5CD0" ) LIMIT 1   [ RunTime:0.000230s ]
SQL: SELECT * FROM `app_style` WHERE ( guid="679FD0C784F88A9606CAFCDFCBC0446E" ) LIMIT 1   [ RunTime:0.000204s ]
SQL: SELECT * FROM `app_function` WHERE ( guid="4B50DDB4912BFB030EDDB5A568EC5B3F" ) LIMIT 1   [ RunTime:0.000204s ]
SQL: SELECT * FROM `app_spacestyle` WHERE ( guid="9251A8BD069E44F93B30F3442587A48E" ) LIMIT 1   [ RunTime:0.000202s ]
SQL: SELECT * FROM `app_style` WHERE ( guid="679FD0C784F88A9606CAFCDFCBC0446E" ) LIMIT 1   [ RunTime:0.000203s ]
SQL: SELECT * FROM `app_function` WHERE ( guid="4B50DDB4912BFB030EDDB5A568EC5B3F" ) LIMIT 1   [ RunTime:0.000202s ]
SQL: SELECT * FROM `app_spacestyle` WHERE ( guid="9251A8BD069E44F93B30F3442587A48E" ) LIMIT 1   [ RunTime:0.000204s ]
SQL: SELECT * FROM `app_style` WHERE ( guid="679FD0C784F88A9606CAFCDFCBC0446E" ) LIMIT 1   [ RunTime:0.000211s ]
SQL: SELECT * FROM `app_function` WHERE ( guid="4B50DDB4912BFB030EDDB5A568EC5B3F" ) LIMIT 1   [ RunTime:0.000201s ]
SQL: SELECT * FROM `app_spacestyle` WHERE ( guid="9251A8BD069E44F93B30F3442587A48E" ) LIMIT 1   [ RunTime:0.000204s ]
SQL: SELECT * FROM `app_style` WHERE ( guid="679FD0C784F88A9606CAFCDFCBC0446E" ) LIMIT 1   [ RunTime:0.000204s ]
SQL: SELECT * FROM `app_function` WHERE ( guid="4B50DDB4912BFB030EDDB5A568EC5B3F" ) LIMIT 1   [ RunTime:0.000280s ]
SQL: SELECT * FROM `app_spacestyle` WHERE ( guid="9251A8BD069E44F93B30F3442587A48E" ) LIMIT 1   [ RunTime:0.000202s ]
SQL: SELECT * FROM `app_style` WHERE ( guid="679FD0C784F88A9606CAFCDFCBC0446E" ) LIMIT 1   [ RunTime:0.000201s ]
SQL: SELECT * FROM `app_function` WHERE ( guid="4B50DDB4912BFB030EDDB5A568EC5B3F" ) LIMIT 1   [ RunTime:0.000202s ]
SQL: SELECT * FROM `app_spacestyle` WHERE ( guid="9251A8BD069E44F93B30F3442587A48E" ) LIMIT 1   [ RunTime:0.000201s ]
SQL: SELECT * FROM `app_style` WHERE ( guid="679FD0C784F88A9606CAFCDFCBC0446E" ) LIMIT 1   [ RunTime:0.000201s ]
SQL: SELECT * FROM `app_function` WHERE ( guid="4B50DDB4912BFB030EDDB5A568EC5B3F" ) LIMIT 1   [ RunTime:0.000202s ]
SQL: SELECT * FROM `app_spacestyle` WHERE ( guid="9251A8BD069E44F93B30F3442587A48E" ) LIMIT 1   [ RunTime:0.000203s ]
SQL: SELECT * FROM `app_style` WHERE ( guid="679FD0C784F88A9606CAFCDFCBC0446E" ) LIMIT 1   [ RunTime:0.000202s ]
SQL: SELECT * FROM `app_function` WHERE ( guid="4B50DDB4912BFB030EDDB5A568EC5B3F" ) LIMIT 1   [ RunTime:0.000204s ]
SQL: SELECT * FROM `app_spacestyle` WHERE ( guid="52EB0A6DD1552064C7B86088982B04F9" ) LIMIT 1   [ RunTime:0.000205s ]
SQL: SELECT * FROM `app_style` WHERE ( guid="679FD0C784F88A9606CAFCDFCBC0446E" ) LIMIT 1   [ RunTime:0.000201s ]
SQL: SELECT * FROM `app_function` WHERE ( guid="4B50DDB4912BFB030EDDB5A568EC5B3F" ) LIMIT 1   [ RunTime:0.000202s ]
SQL: SELECT * FROM `app_spacestyle` WHERE ( guid="9251A8BD069E44F93B30F3442587A48E" ) LIMIT 1   [ RunTime:0.000202s ]
SQL: SELECT * FROM `app_style` WHERE ( guid="679FD0C784F88A9606CAFCDFCBC0446E" ) LIMIT 1   [ RunTime:0.000202s ]
SQL: SELECT * FROM `app_function` WHERE ( guid="4B50DDB4912BFB030EDDB5A568EC5B3F" ) LIMIT 1   [ RunTime:0.000206s ]
SQL: SELECT * FROM `app_spacestyle` WHERE ( guid="D292534493FC49E4E1C539597D86A55B" ) LIMIT 1   [ RunTime:0.000202s ]
SQL: SELECT * FROM `app_style` WHERE ( guid="679FD0C784F88A9606CAFCDFCBC0446E" ) LIMIT 1   [ RunTime:0.000201s ]
SQL: SELECT * FROM `app_function` WHERE ( guid="4B50DDB4912BFB030EDDB5A568EC5B3F" ) LIMIT 1   [ RunTime:0.000201s ]
SQL: SELECT * FROM `app_spacestyle` WHERE ( guid="D292534493FC49E4E1C539597D86A55B" ) LIMIT 1   [ RunTime:0.000200s ]
SQL: SELECT * FROM `app_style` WHERE ( guid="679FD0C784F88A9606CAFCDFCBC0446E" ) LIMIT 1   [ RunTime:0.000204s ]
SQL: SELECT * FROM `app_function` WHERE ( guid="4B50DDB4912BFB030EDDB5A568EC5B3F" ) LIMIT 1   [ RunTime:0.000200s ]
SQL: SELECT * FROM `app_spacestyle` WHERE ( guid="D292534493FC49E4E1C539597D86A55B" ) LIMIT 1   [ RunTime:0.000201s ]
SQL: SELECT * FROM `app_style` WHERE ( guid="679FD0C784F88A9606CAFCDFCBC0446E" ) LIMIT 1   [ RunTime:0.000201s ]
SQL: SELECT * FROM `app_function` WHERE ( guid="4B50DDB4912BFB030EDDB5A568EC5B3F" ) LIMIT 1   [ RunTime:0.000202s ]
SQL: SELECT * FROM `app_spacestyle` WHERE ( guid="D292534493FC49E4E1C539597D86A55B" ) LIMIT 1   [ RunTime:0.000331s ]
INFO: ParseTemplate Behavior ::run [ RunTime:0.053682s ]
INFO: [ view_parse ] --END-- [ RunTime:0.053787s ]
INFO: [ view_filter ] --START--
INFO: ContentReplace Behavior ::run [ RunTime:0.001542s ]
INFO: TokenBuild Behavior ::run [ RunTime:0.001153s ]
INFO: WriteHtmlCache Behavior ::run [ RunTime:0.000991s ]
INFO: ShowRuntime Behavior ::run [ RunTime:0.001238s ]
INFO: [ view_filter ] --END-- [ RunTime:0.005160s ]
INFO: [ view_end ] --START--
INFO: ShowPageTrace Behavior ::run [ RunTime:0.001384s ]
INFO: [ view_end ] --END-- [ RunTime:0.001468s ]

[ 2016-04-07T17:12:56+08:00 ] 183.26.105.162 /lyda/index.php/dongyapro/add/pid/5A95B27B00CEA43C2FA4040DCD88BEFA
INFO: [ route_check ] --START--
INFO: CheckRoute Behavior ::run [ RunTime:0.001059s ]
INFO: [ route_check ] --END-- [ RunTime:0.001209s ]
INFO: [ app_begin ] --START--
INFO: ReadHtmlCache Behavior ::run [ RunTime:0.000916s ]
INFO: [ app_begin ] --END-- [ RunTime:0.001026s ]
SQL: SHOW COLUMNS FROM `app_prodir` [ RunTime:0.001678s ]
SQL: SELECT * FROM `app_prodir` WHERE ( `guid` = '5A95B27B00CEA43C2FA4040DCD88BEFA' ) LIMIT 1   [ RunTime:0.000693s ]
NOTIC: [2048] Declaration of ImpotAction::error() should be compatible with that of Action::error() D:\PHPnow\htdocs\dongya\lyda\Lib\Action\ImpotAction.class.php 第 75 行.
SQL: SHOW COLUMNS FROM `app_group` [ RunTime:0.001350s ]
SQL: SELECT * FROM `app_group` WHERE ( `guid` = '43C1549E222DE8BCFD975AEF5F44443A' ) LIMIT 1   [ RunTime:0.000631s ]
SQL: SELECT * FROM `app_group` WHERE ( `guid` = '43C1549E222DE8BCFD975AEF5F44443A' ) LIMIT 1   [ RunTime:0.000216s ]
SQL: SELECT * FROM `app_prodir` WHERE ( guid='0' ) LIMIT 1   [ RunTime:0.000218s ]
SQL: SHOW COLUMNS FROM `app_style` [ RunTime:0.001607s ]
SQL: SELECT * FROM `app_style` WHERE ( groupid="43C1549E222DE8BCFD975AEF5F44443A" ) ORDER BY sort,time desc  [ RunTime:0.000838s ]
SQL: SHOW COLUMNS FROM `app_spacestyle` [ RunTime:0.001425s ]
SQL: SELECT * FROM `app_spacestyle` WHERE ( groupid="43C1549E222DE8BCFD975AEF5F44443A" ) ORDER BY sort,time desc  [ RunTime:0.000661s ]
SQL: SHOW COLUMNS FROM `app_function` [ RunTime:0.001382s ]
SQL: SELECT * FROM `app_function` WHERE ( groupid="43C1549E222DE8BCFD975AEF5F44443A" ) ORDER BY sort,time desc  [ RunTime:0.000655s ]
SQL: SELECT * FROM `app_group` WHERE ( `guid` = '43C1549E222DE8BCFD975AEF5F44443A' ) LIMIT 1   [ RunTime:0.000233s ]
INFO: [ view_parse ] --START--
NOTIC: [8] Undefined index:  error D:\PHPnow\htdocs\dongya\lyda\Runtime\Cache\3f3484925d38f2dfcd08bd79fce956ba.php 第 93 行.
INFO: ParseTemplate Behavior ::run [ RunTime:0.022397s ]
INFO: [ view_parse ] --END-- [ RunTime:0.022511s ]
INFO: [ view_filter ] --START--
INFO: ContentReplace Behavior ::run [ RunTime:0.001304s ]
INFO: TokenBuild Behavior ::run [ RunTime:0.001156s ]
INFO: WriteHtmlCache Behavior ::run [ RunTime:0.001131s ]
INFO: ShowRuntime Behavior ::run [ RunTime:0.001228s ]
INFO: [ view_filter ] --END-- [ RunTime:0.005047s ]
INFO: [ view_end ] --START--
INFO: ShowPageTrace Behavior ::run [ RunTime:0.001401s ]
INFO: [ view_end ] --END-- [ RunTime:0.001486s ]

[ 2016-04-07T17:13:35+08:00 ] 183.26.105.162 /lyda/index.php/Index/upload/name/oneimg/file/oneimg_upload/groupid/43C1549E222DE8BCFD975AEF5F44443A
INFO: [ route_check ] --START--
INFO: CheckRoute Behavior ::run [ RunTime:0.000969s ]
INFO: [ route_check ] --END-- [ RunTime:0.001089s ]
INFO: [ app_begin ] --START--
INFO: ReadHtmlCache Behavior ::run [ RunTime:0.000834s ]
INFO: [ app_begin ] --END-- [ RunTime:0.000921s ]
SQL: SHOW COLUMNS FROM `app_group` [ RunTime:0.019847s ]
SQL: SELECT * FROM `app_group` WHERE ( `guid` = '43C1549E222DE8BCFD975AEF5F44443A' ) LIMIT 1   [ RunTime:0.001002s ]

[ 2016-04-07T17:13:36+08:00 ] 183.26.105.162 /lyda/index.php/Index/upload/name/twoimg/file/twoimg_upload/groupid/43C1549E222DE8BCFD975AEF5F44443A
INFO: [ route_check ] --START--
INFO: CheckRoute Behavior ::run [ RunTime:0.001336s ]
INFO: [ route_check ] --END-- [ RunTime:0.001455s ]
INFO: [ app_begin ] --START--
INFO: ReadHtmlCache Behavior ::run [ RunTime:0.000990s ]
INFO: [ app_begin ] --END-- [ RunTime:0.001078s ]
SQL: SHOW COLUMNS FROM `app_group` [ RunTime:0.001605s ]
SQL: SELECT * FROM `app_group` WHERE ( `guid` = '43C1549E222DE8BCFD975AEF5F44443A' ) LIMIT 1   [ RunTime:0.000681s ]

[ 2016-04-07T17:13:38+08:00 ] 183.26.105.162 /lyda/index.php/dongyapro/submit_add
INFO: [ route_check ] --START--
INFO: CheckRoute Behavior ::run [ RunTime:0.001585s ]
INFO: [ route_check ] --END-- [ RunTime:0.001779s ]
INFO: [ app_begin ] --START--
INFO: ReadHtmlCache Behavior ::run [ RunTime:0.001853s ]
INFO: [ app_begin ] --END-- [ RunTime:0.001984s ]
SQL: SHOW COLUMNS FROM `app_prodir` [ RunTime:0.001801s ]
SQL: SELECT * FROM `app_prodir` WHERE ( `guid` = '5A95B27B00CEA43C2FA4040DCD88BEFA' ) LIMIT 1   [ RunTime:0.000726s ]
NOTIC: [2048] Declaration of ImpotAction::error() should be compatible with that of Action::error() D:\PHPnow\htdocs\dongya\lyda\Lib\Action\ImpotAction.class.php 第 75 行.
SQL: SHOW COLUMNS FROM `app_group` [ RunTime:0.001556s ]
SQL: SELECT * FROM `app_group` WHERE ( `guid` = '43C1549E222DE8BCFD975AEF5F44443A' ) LIMIT 1   [ RunTime:0.000704s ]
SQL: SELECT * FROM `app_group` WHERE ( `guid` = '43C1549E222DE8BCFD975AEF5F44443A' ) LIMIT 1   [ RunTime:0.000228s ]
SQL: SHOW COLUMNS FROM `app_pro` [ RunTime:0.002850s ]
SQL: INSERT INTO `app_pro` (`title`,`bancai`,`chicun`,`suoju`,`lashou`,`xilie`,`styleid`,`spacestyleid`,`functionid`,`oneimg`,`twoimg`,`pid`,`guid`,`time`,`groupid`,`uid`) VALUES ('DY-3206','大理石黑钛金','','','','','679FD0C784F88A9606CAFCDFCBC0446E','52EB0A6DD1552064C7B86088982B04F9','4B50DDB4912BFB030EDDB5A568EC5B3F','43C1549E222DE8BCFD975AEF5F44443A/4B831FFE6A2644CDA0928A1C46D66462.jpg','43C1549E222DE8BCFD975AEF5F44443A/0951EC070C2F4AD9A310559A7A616345.jpg','5A95B27B00CEA43C2FA4040DCD88BEFA','3DE93F1B9FFE45308C4E8BE76D22D23B',1460020418,'43C1549E222DE8BCFD975AEF5F44443A','4A379EF61530BD769DB3B65A47BE7C86') [ RunTime:0.001199s ]

[ 2016-04-07T17:13:38+08:00 ] 183.26.105.162 /lyda/index.php/Dongyapro/index/pid/5A95B27B00CEA43C2FA4040DCD88BEFA
INFO: [ route_check ] --START--
INFO: CheckRoute Behavior ::run [ RunTime:0.001002s ]
INFO: [ route_check ] --END-- [ RunTime:0.001124s ]
INFO: [ app_begin ] --START--
INFO: ReadHtmlCache Behavior ::run [ RunTime:0.000812s ]
INFO: [ app_begin ] --END-- [ RunTime:0.000899s ]
SQL: SHOW COLUMNS FROM `app_prodir` [ RunTime:0.001876s ]
SQL: SELECT * FROM `app_prodir` WHERE ( `guid` = '5A95B27B00CEA43C2FA4040DCD88BEFA' ) LIMIT 1   [ RunTime:0.000796s ]
NOTIC: [2048] Declaration of ImpotAction::error() should be compatible with that of Action::error() D:\PHPnow\htdocs\dongya\lyda\Lib\Action\ImpotAction.class.php 第 75 行.
SQL: SHOW COLUMNS FROM `app_group` [ RunTime:0.001490s ]
SQL: SELECT * FROM `app_group` WHERE ( `guid` = '43C1549E222DE8BCFD975AEF5F44443A' ) LIMIT 1   [ RunTime:0.000642s ]
SQL: SELECT * FROM `app_group` WHERE ( `guid` = '43C1549E222DE8BCFD975AEF5F44443A' ) LIMIT 1   [ RunTime:0.000213s ]
SQL: SELECT * FROM `app_prodir` WHERE ( guid='0' ) LIMIT 1   [ RunTime:0.000228s ]
SQL: SELECT * FROM `app_prodir` WHERE ( pid='0' and groupid='43C1549E222DE8BCFD975AEF5F44443A' ) ORDER BY sort,time desc  [ RunTime:0.000298s ]
SQL: SELECT * FROM `app_prodir` WHERE ( pid='5A95B27B00CEA43C2FA4040DCD88BEFA' and groupid='43C1549E222DE8BCFD975AEF5F44443A' )  [ RunTime:0.000249s ]
SQL: SELECT * FROM `app_prodir` WHERE ( pid='B16CD616EF85E2248AAE486371A28A98' and groupid='43C1549E222DE8BCFD975AEF5F44443A' )  [ RunTime:0.000253s ]
SQL: SELECT * FROM `app_prodir` WHERE ( pid='0FF4D11EFF3FC39181B5DF0DDC8FCEB2' and groupid='43C1549E222DE8BCFD975AEF5F44443A' )  [ RunTime:0.000288s ]
SQL: SHOW COLUMNS FROM `app_pro` [ RunTime:0.002131s ]
SQL: SELECT * FROM `app_pro` WHERE ( groupid="43C1549E222DE8BCFD975AEF5F44443A" and pid="5A95B27B00CEA43C2FA4040DCD88BEFA" ) ORDER BY sort,time desc LIMIT 0,20   [ RunTime:0.002745s ]
SQL: SELECT COUNT(*) AS tp_count FROM `app_pro` WHERE ( groupid="43C1549E222DE8BCFD975AEF5F44443A" and pid="5A95B27B00CEA43C2FA4040DCD88BEFA" ) LIMIT 1   [ RunTime:0.001485s ]
SQL: SHOW COLUMNS FROM `app_style` [ RunTime:0.002026s ]
SQL: SELECT * FROM `app_style` WHERE ( groupid="43C1549E222DE8BCFD975AEF5F44443A" ) ORDER BY sort,time desc  [ RunTime:0.000799s ]
SQL: SHOW COLUMNS FROM `app_spacestyle` [ RunTime:0.001491s ]
SQL: SELECT * FROM `app_spacestyle` WHERE ( groupid="43C1549E222DE8BCFD975AEF5F44443A" ) ORDER BY sort,time desc  [ RunTime:0.000750s ]
SQL: SHOW COLUMNS FROM `app_function` [ RunTime:0.001509s ]
SQL: SELECT * FROM `app_function` WHERE ( groupid="43C1549E222DE8BCFD975AEF5F44443A" ) ORDER BY sort,time desc  [ RunTime:0.000746s ]
SQL: SELECT * FROM `app_group` WHERE ( `guid` = '43C1549E222DE8BCFD975AEF5F44443A' ) LIMIT 1   [ RunTime:0.000265s ]
INFO: [ view_parse ] --START--
SQL: SELECT * FROM `app_style` WHERE ( guid="679FD0C784F88A9606CAFCDFCBC0446E" ) LIMIT 1   [ RunTime:0.000682s ]
SQL: SELECT * FROM `app_function` WHERE ( guid="4B50DDB4912BFB030EDDB5A568EC5B3F" ) LIMIT 1   [ RunTime:0.000227s ]
SQL: SELECT * FROM `app_spacestyle` WHERE ( guid="52EB0A6DD1552064C7B86088982B04F9" ) LIMIT 1   [ RunTime:0.000223s ]
SQL: SELECT * FROM `app_style` WHERE ( guid="679FD0C784F88A9606CAFCDFCBC0446E" ) LIMIT 1   [ RunTime:0.000213s ]
SQL: SELECT * FROM `app_function` WHERE ( guid="4B50DDB4912BFB030EDDB5A568EC5B3F" ) LIMIT 1   [ RunTime:0.000216s ]
SQL: SELECT * FROM `app_spacestyle` WHERE ( guid="9251A8BD069E44F93B30F3442587A48E" ) LIMIT 1   [ RunTime:0.000211s ]
SQL: SELECT * FROM `app_style` WHERE ( guid="679FD0C784F88A9606CAFCDFCBC0446E" ) LIMIT 1   [ RunTime:0.000214s ]
SQL: SELECT * FROM `app_function` WHERE ( guid="4B50DDB4912BFB030EDDB5A568EC5B3F" ) LIMIT 1   [ RunTime:0.000211s ]
SQL: SELECT * FROM `app_spacestyle` WHERE ( guid="9251A8BD069E44F93B30F3442587A48E" ) LIMIT 1   [ RunTime:0.000235s ]
SQL: SELECT * FROM `app_style` WHERE ( guid="679FD0C784F88A9606CAFCDFCBC0446E" ) LIMIT 1   [ RunTime:0.000213s ]
SQL: SELECT * FROM `app_function` WHERE ( guid="4B50DDB4912BFB030EDDB5A568EC5B3F" ) LIMIT 1   [ RunTime:0.000289s ]
SQL: SELECT * FROM `app_spacestyle` WHERE ( guid="9251A8BD069E44F93B30F3442587A48E" ) LIMIT 1   [ RunTime:0.000211s ]
SQL: SELECT * FROM `app_style` WHERE ( guid="679FD0C784F88A9606CAFCDFCBC0446E" ) LIMIT 1   [ RunTime:0.000209s ]
SQL: SELECT * FROM `app_function` WHERE ( guid="4B50DDB4912BFB030EDDB5A568EC5B3F" ) LIMIT 1   [ RunTime:0.000208s ]
SQL: SELECT * FROM `app_spacestyle` WHERE ( guid="499BE6506AE5A92F433CBA68043B5CD0" ) LIMIT 1   [ RunTime:0.000210s ]
SQL: SELECT * FROM `app_style` WHERE ( guid="679FD0C784F88A9606CAFCDFCBC0446E" ) LIMIT 1   [ RunTime:0.000209s ]
SQL: SELECT * FROM `app_function` WHERE ( guid="4B50DDB4912BFB030EDDB5A568EC5B3F" ) LIMIT 1   [ RunTime:0.000297s ]
SQL: SELECT * FROM `app_spacestyle` WHERE ( guid="499BE6506AE5A92F433CBA68043B5CD0" ) LIMIT 1   [ RunTime:0.000217s ]
SQL: SELECT * FROM `app_style` WHERE ( guid="679FD0C784F88A9606CAFCDFCBC0446E" ) LIMIT 1   [ RunTime:0.000209s ]
SQL: SELECT * FROM `app_function` WHERE ( guid="4B50DDB4912BFB030EDDB5A568EC5B3F" ) LIMIT 1   [ RunTime:0.000205s ]
SQL: SELECT * FROM `app_spacestyle` WHERE ( guid="9251A8BD069E44F93B30F3442587A48E" ) LIMIT 1   [ RunTime:0.000205s ]
SQL: SELECT * FROM `app_style` WHERE ( guid="679FD0C784F88A9606CAFCDFCBC0446E" ) LIMIT 1   [ RunTime:0.000204s ]
SQL: SELECT * FROM `app_function` WHERE ( guid="4B50DDB4912BFB030EDDB5A568EC5B3F" ) LIMIT 1   [ RunTime:0.000204s ]
SQL: SELECT * FROM `app_spacestyle` WHERE ( guid="9251A8BD069E44F93B30F3442587A48E" ) LIMIT 1   [ RunTime:0.000205s ]
SQL: SELECT * FROM `app_style` WHERE ( guid="679FD0C784F88A9606CAFCDFCBC0446E" ) LIMIT 1   [ RunTime:0.000204s ]
SQL: SELECT * FROM `app_function` WHERE ( guid="4B50DDB4912BFB030EDDB5A568EC5B3F" ) LIMIT 1   [ RunTime:0.000205s ]
SQL: SELECT * FROM `app_spacestyle` WHERE ( guid="499BE6506AE5A92F433CBA68043B5CD0" ) LIMIT 1   [ RunTime:0.000206s ]
SQL: SELECT * FROM `app_style` WHERE ( guid="679FD0C784F88A9606CAFCDFCBC0446E" ) LIMIT 1   [ RunTime:0.000205s ]
SQL: SELECT * FROM `app_function` WHERE ( guid="4B50DDB4912BFB030EDDB5A568EC5B3F" ) LIMIT 1   [ RunTime:0.000209s ]
SQL: SELECT * FROM `app_spacestyle` WHERE ( guid="9251A8BD069E44F93B30F3442587A48E" ) LIMIT 1   [ RunTime:0.000209s ]
SQL: SELECT * FROM `app_style` WHERE ( guid="679FD0C784F88A9606CAFCDFCBC0446E" ) LIMIT 1   [ RunTime:0.000204s ]
SQL: SELECT * FROM `app_function` WHERE ( guid="4B50DDB4912BFB030EDDB5A568EC5B3F" ) LIMIT 1   [ RunTime:0.000204s ]
SQL: SELECT * FROM `app_spacestyle` WHERE ( guid="9251A8BD069E44F93B30F3442587A48E" ) LIMIT 1   [ RunTime:0.000203s ]
SQL: SELECT * FROM `app_style` WHERE ( guid="679FD0C784F88A9606CAFCDFCBC0446E" ) LIMIT 1   [ RunTime:0.000206s ]
SQL: SELECT * FROM `app_function` WHERE ( guid="4B50DDB4912BFB030EDDB5A568EC5B3F" ) LIMIT 1   [ RunTime:0.000205s ]
SQL: SELECT * FROM `app_spacestyle` WHERE ( guid="9251A8BD069E44F93B30F3442587A48E" ) LIMIT 1   [ RunTime:0.000208s ]
SQL: SELECT * FROM `app_style` WHERE ( guid="679FD0C784F88A9606CAFCDFCBC0446E" ) LIMIT 1   [ RunTime:0.000203s ]
SQL: SELECT * FROM `app_function` WHERE ( guid="4B50DDB4912BFB030EDDB5A568EC5B3F" ) LIMIT 1   [ RunTime:0.000203s ]
SQL: SELECT * FROM `app_spacestyle` WHERE ( guid="9251A8BD069E44F93B30F3442587A48E" ) LIMIT 1   [ RunTime:0.000202s ]
SQL: SELECT * FROM `app_style` WHERE ( guid="679FD0C784F88A9606CAFCDFCBC0446E" ) LIMIT 1   [ RunTime:0.000206s ]
SQL: SELECT * FROM `app_function` WHERE ( guid="4B50DDB4912BFB030EDDB5A568EC5B3F" ) LIMIT 1   [ RunTime:0.000205s ]
SQL: SELECT * FROM `app_spacestyle` WHERE ( guid="9251A8BD069E44F93B30F3442587A48E" ) LIMIT 1   [ RunTime:0.000205s ]
SQL: SELECT * FROM `app_style` WHERE ( guid="679FD0C784F88A9606CAFCDFCBC0446E" ) LIMIT 1   [ RunTime:0.000206s ]
SQL: SELECT * FROM `app_function` WHERE ( guid="4B50DDB4912BFB030EDDB5A568EC5B3F" ) LIMIT 1   [ RunTime:0.000204s ]
SQL: SELECT * FROM `app_spacestyle` WHERE ( guid="9251A8BD069E44F93B30F3442587A48E" ) LIMIT 1   [ RunTime:0.000304s ]
SQL: SELECT * FROM `app_style` WHERE ( guid="679FD0C784F88A9606CAFCDFCBC0446E" ) LIMIT 1   [ RunTime:0.000255s ]
SQL: SELECT * FROM `app_function` WHERE ( guid="4B50DDB4912BFB030EDDB5A568EC5B3F" ) LIMIT 1   [ RunTime:0.000217s ]
SQL: SELECT * FROM `app_spacestyle` WHERE ( guid="52EB0A6DD1552064C7B86088982B04F9" ) LIMIT 1   [ RunTime:0.000215s ]
SQL: SELECT * FROM `app_style` WHERE ( guid="679FD0C784F88A9606CAFCDFCBC0446E" ) LIMIT 1   [ RunTime:0.000213s ]
SQL: SELECT * FROM `app_function` WHERE ( guid="4B50DDB4912BFB030EDDB5A568EC5B3F" ) LIMIT 1   [ RunTime:0.000213s ]
SQL: SELECT * FROM `app_spacestyle` WHERE ( guid="9251A8BD069E44F93B30F3442587A48E" ) LIMIT 1   [ RunTime:0.000208s ]
SQL: SELECT * FROM `app_style` WHERE ( guid="679FD0C784F88A9606CAFCDFCBC0446E" ) LIMIT 1   [ RunTime:0.000207s ]
SQL: SELECT * FROM `app_function` WHERE ( guid="4B50DDB4912BFB030EDDB5A568EC5B3F" ) LIMIT 1   [ RunTime:0.000206s ]
SQL: SELECT * FROM `app_spacestyle` WHERE ( guid="D292534493FC49E4E1C539597D86A55B" ) LIMIT 1   [ RunTime:0.000211s ]
SQL: SELECT * FROM `app_style` WHERE ( guid="679FD0C784F88A9606CAFCDFCBC0446E" ) LIMIT 1   [ RunTime:0.000251s ]
SQL: SELECT * FROM `app_function` WHERE ( guid="4B50DDB4912BFB030EDDB5A568EC5B3F" ) LIMIT 1   [ RunTime:0.000255s ]
SQL: SELECT * FROM `app_spacestyle` WHERE ( guid="D292534493FC49E4E1C539597D86A55B" ) LIMIT 1   [ RunTime:0.000352s ]
SQL: SELECT * FROM `app_style` WHERE ( guid="679FD0C784F88A9606CAFCDFCBC0446E" ) LIMIT 1   [ RunTime:0.000210s ]
SQL: SELECT * FROM `app_function` WHERE ( guid="4B50DDB4912BFB030EDDB5A568EC5B3F" ) LIMIT 1   [ RunTime:0.000206s ]
SQL: SELECT * FROM `app_spacestyle` WHERE ( guid="D292534493FC49E4E1C539597D86A55B" ) LIMIT 1   [ RunTime:0.000206s ]
INFO: ParseTemplate Behavior ::run [ RunTime:0.055421s ]
INFO: [ view_parse ] --END-- [ RunTime:0.055521s ]
INFO: [ view_filter ] --START--
INFO: ContentReplace Behavior ::run [ RunTime:0.001537s ]
INFO: TokenBuild Behavior ::run [ RunTime:0.001163s ]
INFO: WriteHtmlCache Behavior ::run [ RunTime:0.000992s ]
INFO: ShowRuntime Behavior ::run [ RunTime:0.001253s ]
INFO: [ view_filter ] --END-- [ RunTime:0.005183s ]
INFO: [ view_end ] --START--
INFO: ShowPageTrace Behavior ::run [ RunTime:0.001483s ]
INFO: [ view_end ] --END-- [ RunTime:0.001593s ]

[ 2016-04-07T17:13:43+08:00 ] 183.26.105.162 /lyda/index.php/Index/unseterror
INFO: [ route_check ] --START--
INFO: CheckRoute Behavior ::run [ RunTime:0.000940s ]
INFO: [ route_check ] --END-- [ RunTime:0.001054s ]
INFO: [ app_begin ] --START--
INFO: ReadHtmlCache Behavior ::run [ RunTime:0.000806s ]
INFO: [ app_begin ] --END-- [ RunTime:0.000883s ]

[ 2016-04-07T17:13:45+08:00 ] 183.26.105.162 /lyda/index.php/Index/index/groupid/43C1549E222DE8BCFD975AEF5F44443A
INFO: [ route_check ] --START--
INFO: CheckRoute Behavior ::run [ RunTime:0.000967s ]
INFO: [ route_check ] --END-- [ RunTime:0.001086s ]
INFO: [ app_begin ] --START--
INFO: ReadHtmlCache Behavior ::run [ RunTime:0.000820s ]
INFO: [ app_begin ] --END-- [ RunTime:0.000978s ]
NOTIC: [2048] Declaration of ImpotAction::error() should be compatible with that of Action::error() D:\PHPnow\htdocs\dongya\lyda\Lib\Action\ImpotAction.class.php 第 75 行.
SQL: SHOW COLUMNS FROM `app_group` [ RunTime:0.002447s ]
SQL: SELECT * FROM `app_group` WHERE ( `guid` = '43C1549E222DE8BCFD975AEF5F44443A' ) LIMIT 1   [ RunTime:0.001308s ]
SQL: SELECT * FROM `app_group` WHERE ( `guid` = '43C1549E222DE8BCFD975AEF5F44443A' ) LIMIT 1   [ RunTime:0.000219s ]
SQL: SELECT * FROM `app_group` WHERE ( `guid` = '43C1549E222DE8BCFD975AEF5F44443A' ) LIMIT 1   [ RunTime:0.000233s ]
INFO: [ view_parse ] --START--
NOTIC: [8] Undefined index:  error D:\PHPnow\htdocs\dongya\lyda\Runtime\Cache\56e2620824352560a81a2c90b6162793.php 第 145 行.
INFO: ParseTemplate Behavior ::run [ RunTime:0.018770s ]
INFO: [ view_parse ] --END-- [ RunTime:0.018883s ]
INFO: [ view_filter ] --START--
INFO: ContentReplace Behavior ::run [ RunTime:0.001321s ]
INFO: TokenBuild Behavior ::run [ RunTime:0.001183s ]
INFO: WriteHtmlCache Behavior ::run [ RunTime:0.000994s ]
INFO: ShowRuntime Behavior ::run [ RunTime:0.001233s ]
INFO: [ view_filter ] --END-- [ RunTime:0.004957s ]
INFO: [ view_end ] --START--
INFO: ShowPageTrace Behavior ::run [ RunTime:0.001391s ]
INFO: [ view_end ] --END-- [ RunTime:0.001471s ]

[ 2016-04-07T17:13:48+08:00 ] 183.26.105.162 /lyda/index.php/index/backup/filename/43C1549E222DE8BCFD975AEF5F44443A_1460020424/groupid/43C1549E222DE8BCFD975AEF5F44443A
INFO: [ route_check ] --START--
INFO: CheckRoute Behavior ::run [ RunTime:0.000987s ]
INFO: [ route_check ] --END-- [ RunTime:0.001102s ]
INFO: [ app_begin ] --START--
INFO: ReadHtmlCache Behavior ::run [ RunTime:0.000861s ]
INFO: [ app_begin ] --END-- [ RunTime:0.000945s ]
NOTIC: [2048] Declaration of ImpotAction::error() should be compatible with that of Action::error() D:\PHPnow\htdocs\dongya\lyda\Lib\Action\ImpotAction.class.php 第 75 行.
SQL: SHOW COLUMNS FROM `app_group` [ RunTime:0.001625s ]
SQL: SELECT * FROM `app_group` WHERE ( `guid` = '43C1549E222DE8BCFD975AEF5F44443A' ) LIMIT 1   [ RunTime:0.000688s ]
SQL: SELECT * FROM `app_group` WHERE ( `guid` = '43C1549E222DE8BCFD975AEF5F44443A' ) LIMIT 1   [ RunTime:0.000211s ]
NOTIC: [2] Missing argument 1 for Model::query(), called in D:\PHPnow\htdocs\dongya\lyda\Lib\Action\IndexAction.class.php on line 33 and defined D:\PHPnow\htdocs\dongya\XThinkPHP\Lib\Core\Model.class.php 第 1119 行.
NOTIC: [8] Undefined variable: sql D:\PHPnow\htdocs\dongya\XThinkPHP\Lib\Core\Model.class.php 第 1124 行.
SQL:  [ RunTime:0.000133s ]
ERR: 1065:Query was empty
NOTIC: [2] Missing argument 1 for Model::query(), called in D:\PHPnow\htdocs\dongya\lyda\Lib\Action\IndexAction.class.php on line 33 and defined D:\PHPnow\htdocs\dongya\XThinkPHP\Lib\Core\Model.class.php 第 1119 行.
NOTIC: [8] Undefined variable: sql D:\PHPnow\htdocs\dongya\XThinkPHP\Lib\Core\Model.class.php 第 1124 行.
SQL:  [ RunTime:0.000235s ]
ERR: 1065:Query was empty
NOTIC: [2] Missing argument 1 for Model::query(), called in D:\PHPnow\htdocs\dongya\lyda\Lib\Action\IndexAction.class.php on line 33 and defined D:\PHPnow\htdocs\dongya\XThinkPHP\Lib\Core\Model.class.php 第 1119 行.
NOTIC: [8] Undefined variable: sql D:\PHPnow\htdocs\dongya\XThinkPHP\Lib\Core\Model.class.php 第 1124 行.
SQL:  [ RunTime:0.000234s ]
ERR: 1065:Query was empty
NOTIC: [2] Missing argument 1 for Model::query(), called in D:\PHPnow\htdocs\dongya\lyda\Lib\Action\IndexAction.class.php on line 33 and defined D:\PHPnow\htdocs\dongya\XThinkPHP\Lib\Core\Model.class.php 第 1119 行.
NOTIC: [8] Undefined variable: sql D:\PHPnow\htdocs\dongya\XThinkPHP\Lib\Core\Model.class.php 第 1124 行.
SQL:  [ RunTime:0.000132s ]
ERR: 1065:Query was empty
NOTIC: [2] Missing argument 1 for Model::query(), called in D:\PHPnow\htdocs\dongya\lyda\Lib\Action\IndexAction.class.php on line 33 and defined D:\PHPnow\htdocs\dongya\XThinkPHP\Lib\Core\Model.class.php 第 1119 行.
NOTIC: [8] Undefined variable: sql D:\PHPnow\htdocs\dongya\XThinkPHP\Lib\Core\Model.class.php 第 1124 行.
SQL:  [ RunTime:0.000176s ]
ERR: 1065:Query was empty
NOTIC: [2] Missing argument 1 for Model::query(), called in D:\PHPnow\htdocs\dongya\lyda\Lib\Action\IndexAction.class.php on line 33 and defined D:\PHPnow\htdocs\dongya\XThinkPHP\Lib\Core\Model.class.php 第 1119 行.
NOTIC: [8] Undefined variable: sql D:\PHPnow\htdocs\dongya\XThinkPHP\Lib\Core\Model.class.php 第 1124 行.
SQL:  [ RunTime:0.000261s ]
ERR: 1065:Query was empty
NOTIC: [2] Missing argument 1 for Model::query(), called in D:\PHPnow\htdocs\dongya\lyda\Lib\Action\IndexAction.class.php on line 33 and defined D:\PHPnow\htdocs\dongya\XThinkPHP\Lib\Core\Model.class.php 第 1119 行.
NOTIC: [8] Undefined variable: sql D:\PHPnow\htdocs\dongya\XThinkPHP\Lib\Core\Model.class.php 第 1124 行.
SQL:  [ RunTime:0.000239s ]
ERR: 1065:Query was empty
NOTIC: [2] Missing argument 1 for Model::query(), called in D:\PHPnow\htdocs\dongya\lyda\Lib\Action\IndexAction.class.php on line 33 and defined D:\PHPnow\htdocs\dongya\XThinkPHP\Lib\Core\Model.class.php 第 1119 行.
NOTIC: [8] Undefined variable: sql D:\PHPnow\htdocs\dongya\XThinkPHP\Lib\Core\Model.class.php 第 1124 行.
SQL:  [ RunTime:0.000194s ]
ERR: 1065:Query was empty
NOTIC: [2] Missing argument 1 for Model::query(), called in D:\PHPnow\htdocs\dongya\lyda\Lib\Action\IndexAction.class.php on line 33 and defined D:\PHPnow\htdocs\dongya\XThinkPHP\Lib\Core\Model.class.php 第 1119 行.
NOTIC: [8] Undefined variable: sql D:\PHPnow\htdocs\dongya\XThinkPHP\Lib\Core\Model.class.php 第 1124 行.
SQL:  [ RunTime:0.000136s ]
ERR: 1065:Query was empty
NOTIC: [2] Missing argument 1 for Model::query(), called in D:\PHPnow\htdocs\dongya\lyda\Lib\Action\IndexAction.class.php on line 33 and defined D:\PHPnow\htdocs\dongya\XThinkPHP\Lib\Core\Model.class.php 第 1119 行.
NOTIC: [8] Undefined variable: sql D:\PHPnow\htdocs\dongya\XThinkPHP\Lib\Core\Model.class.php 第 1124 行.
SQL:  [ RunTime:0.000153s ]
ERR: 1065:Query was empty
NOTIC: [2] Missing argument 1 for Model::query(), called in D:\PHPnow\htdocs\dongya\lyda\Lib\Action\IndexAction.class.php on line 33 and defined D:\PHPnow\htdocs\dongya\XThinkPHP\Lib\Core\Model.class.php 第 1119 行.
NOTIC: [8] Undefined variable: sql D:\PHPnow\htdocs\dongya\XThinkPHP\Lib\Core\Model.class.php 第 1124 行.
SQL:  [ RunTime:0.000131s ]
ERR: 1065:Query was empty
NOTIC: [2] Missing argument 1 for Model::query(), called in D:\PHPnow\htdocs\dongya\lyda\Lib\Action\IndexAction.class.php on line 33 and defined D:\PHPnow\htdocs\dongya\XThinkPHP\Lib\Core\Model.class.php 第 1119 行.
NOTIC: [8] Undefined variable: sql D:\PHPnow\htdocs\dongya\XThinkPHP\Lib\Core\Model.class.php 第 1124 行.
SQL:  [ RunTime:0.000128s ]
ERR: 1065:Query was empty
NOTIC: [2] Missing argument 1 for Model::query(), called in D:\PHPnow\htdocs\dongya\lyda\Lib\Action\IndexAction.class.php on line 33 and defined D:\PHPnow\htdocs\dongya\XThinkPHP\Lib\Core\Model.class.php 第 1119 行.
NOTIC: [8] Undefined variable: sql D:\PHPnow\htdocs\dongya\XThinkPHP\Lib\Core\Model.class.php 第 1124 行.
SQL:  [ RunTime:0.000246s ]
ERR: 1065:Query was empty
NOTIC: [2] Missing argument 1 for Model::query(), called in D:\PHPnow\htdocs\dongya\lyda\Lib\Action\IndexAction.class.php on line 33 and defined D:\PHPnow\htdocs\dongya\XThinkPHP\Lib\Core\Model.class.php 第 1119 行.
NOTIC: [8] Undefined variable: sql D:\PHPnow\htdocs\dongya\XThinkPHP\Lib\Core\Model.class.php 第 1124 行.
SQL:  [ RunTime:0.000125s ]
ERR: 1065:Query was empty
NOTIC: [2] mysql_fetch_assoc(): supplied argument is not a valid MySQL result resource D:\PHPnow\htdocs\dongya\lyda\Lib\Action\IndexAction.class.php 第 35 行.
NOTIC: [2] Missing argument 1 for Model::query(), called in D:\PHPnow\htdocs\dongya\lyda\Lib\Action\IndexAction.class.php on line 33 and defined D:\PHPnow\htdocs\dongya\XThinkPHP\Lib\Core\Model.class.php 第 1119 行.
NOTIC: [8] Undefined variable: sql D:\PHPnow\htdocs\dongya\XThinkPHP\Lib\Core\Model.class.php 第 1124 行.
SQL:  [ RunTime:0.000123s ]
ERR: 1065:Query was empty
NOTIC: [2] mysql_fetch_assoc(): supplied argument is not a valid MySQL result resource D:\PHPnow\htdocs\dongya\lyda\Lib\Action\IndexAction.class.php 第 35 行.

[ 2016-04-07T17:13:49+08:00 ] 183.26.105.162 /lyda/index.php/index/movedb/filename/43C1549E222DE8BCFD975AEF5F44443A_1460020424/groupid/43C1549E222DE8BCFD975AEF5F44443A
INFO: [ route_check ] --START--
INFO: CheckRoute Behavior ::run [ RunTime:0.001123s ]
INFO: [ route_check ] --END-- [ RunTime:0.001263s ]
INFO: [ app_begin ] --START--
INFO: ReadHtmlCache Behavior ::run [ RunTime:0.000692s ]
INFO: [ app_begin ] --END-- [ RunTime:0.000791s ]
SQL: SHOW COLUMNS FROM `app_group` [ RunTime:0.001610s ]
SQL: SELECT * FROM `app_group` WHERE ( `guid` = '43C1549E222DE8BCFD975AEF5F44443A' ) LIMIT 1   [ RunTime:0.000853s ]

