[ 2016-03-05T09:27:23+08:00 ] 180.153.81.183 /lyda/index.php/Diy/index/groupid/43C1549E222DE8BCFD975AEF5F44443A
INFO: [ route_check ] --START--
INFO: CheckRoute Behavior ::run [ RunTime:0.002611s ]
INFO: [ route_check ] --END-- [ RunTime:0.002726s ]
INFO: [ app_begin ] --START--
INFO: ReadHtmlCache Behavior ::run [ RunTime:0.002074s ]
INFO: [ app_begin ] --END-- [ RunTime:0.002161s ]
NOTIC: [2048] Declaration of ImpotAction::error() should be compatible with that of Action::error() D:\PHPnow\htdocs\dongya\lyda\Lib\Action\ImpotAction.class.php 第 75 行.
SQL: SHOW COLUMNS FROM `app_group` [ RunTime:0.050468s ]
SQL: SELECT * FROM `app_group` WHERE ( `guid` = '43C1549E222DE8BCFD975AEF5F44443A' ) LIMIT 1   [ RunTime:0.000842s ]
SQL: SELECT * FROM `app_group` WHERE ( `guid` = '43C1549E222DE8BCFD975AEF5F44443A' ) LIMIT 1   [ RunTime:0.000212s ]

[ 2016-03-05T09:27:29+08:00 ] 180.153.214.188 /lyda/index.php/Diy/index/groupid/43C1549E222DE8BCFD975AEF5F44443A
INFO: [ route_check ] --START--
INFO: CheckRoute Behavior ::run [ RunTime:0.001005s ]
INFO: [ route_check ] --END-- [ RunTime:0.001132s ]
INFO: [ app_begin ] --START--
INFO: ReadHtmlCache Behavior ::run [ RunTime:0.000710s ]
INFO: [ app_begin ] --END-- [ RunTime:0.000881s ]
NOTIC: [2048] Declaration of ImpotAction::error() should be compatible with that of Action::error() D:\PHPnow\htdocs\dongya\lyda\Lib\Action\ImpotAction.class.php 第 75 行.
SQL: SHOW COLUMNS FROM `app_group` [ RunTime:0.001514s ]
SQL: SELECT * FROM `app_group` WHERE ( `guid` = '43C1549E222DE8BCFD975AEF5F44443A' ) LIMIT 1   [ RunTime:0.000820s ]
SQL: SELECT * FROM `app_group` WHERE ( `guid` = '43C1549E222DE8BCFD975AEF5F44443A' ) LIMIT 1   [ RunTime:0.000211s ]

[ 2016-03-05T09:27:29+08:00 ] 123.197.168.242 /lyda/index.php/Diy/index/groupid/43C1549E222DE8BCFD975AEF5F44443A
INFO: [ route_check ] --START--
INFO: CheckRoute Behavior ::run [ RunTime:0.000993s ]
INFO: [ route_check ] --END-- [ RunTime:0.001098s ]
INFO: [ app_begin ] --START--
INFO: ReadHtmlCache Behavior ::run [ RunTime:0.000635s ]
INFO: [ app_begin ] --END-- [ RunTime:0.000718s ]
NOTIC: [2048] Declaration of ImpotAction::error() should be compatible with that of Action::error() D:\PHPnow\htdocs\dongya\lyda\Lib\Action\ImpotAction.class.php 第 75 行.
SQL: SHOW COLUMNS FROM `app_group` [ RunTime:0.001654s ]
SQL: SELECT * FROM `app_group` WHERE ( `guid` = '43C1549E222DE8BCFD975AEF5F44443A' ) LIMIT 1   [ RunTime:0.000715s ]
SQL: SELECT * FROM `app_group` WHERE ( `guid` = '43C1549E222DE8BCFD975AEF5F44443A' ) LIMIT 1   [ RunTime:0.000209s ]

[ 2016-03-05T09:27:39+08:00 ] 123.197.168.242 /lyda/index.php/Index/index/groupid/43C1549E222DE8BCFD975AEF5F44443A
INFO: [ route_check ] --START--
INFO: CheckRoute Behavior ::run [ RunTime:0.000966s ]
INFO: [ route_check ] --END-- [ RunTime:0.001071s ]
INFO: [ app_begin ] --START--
INFO: ReadHtmlCache Behavior ::run [ RunTime:0.000632s ]
INFO: [ app_begin ] --END-- [ RunTime:0.000721s ]
NOTIC: [2048] Declaration of ImpotAction::error() should be compatible with that of Action::error() D:\PHPnow\htdocs\dongya\lyda\Lib\Action\ImpotAction.class.php 第 75 行.
SQL: SHOW COLUMNS FROM `app_group` [ RunTime:0.001507s ]
SQL: SELECT * FROM `app_group` WHERE ( `guid` = '43C1549E222DE8BCFD975AEF5F44443A' ) LIMIT 1   [ RunTime:0.000668s ]
SQL: SELECT * FROM `app_group` WHERE ( `guid` = '43C1549E222DE8BCFD975AEF5F44443A' ) LIMIT 1   [ RunTime:0.000213s ]
SQL: SELECT * FROM `app_group` WHERE ( `guid` = '43C1549E222DE8BCFD975AEF5F44443A' ) LIMIT 1   [ RunTime:0.000214s ]
INFO: [ view_parse ] --START--
NOTIC: [8] Undefined index:  error D:\PHPnow\htdocs\dongya\lyda\Runtime\Cache\56e2620824352560a81a2c90b6162793.php 第 145 行.
INFO: ParseTemplate Behavior ::run [ RunTime:0.022309s ]
INFO: [ view_parse ] --END-- [ RunTime:0.022410s ]
INFO: [ view_filter ] --START--
INFO: ContentReplace Behavior ::run [ RunTime:0.001130s ]
INFO: TokenBuild Behavior ::run [ RunTime:0.001111s ]
INFO: WriteHtmlCache Behavior ::run [ RunTime:0.000973s ]
INFO: ShowRuntime Behavior ::run [ RunTime:0.001213s ]
INFO: [ view_filter ] --END-- [ RunTime:0.004646s ]
INFO: [ view_end ] --START--
INFO: ShowPageTrace Behavior ::run [ RunTime:0.001362s ]
INFO: [ view_end ] --END-- [ RunTime:0.001441s ]

[ 2016-03-05T09:36:57+08:00 ] 14.17.29.92 /lyda/index.php/Diy/index/groupid/43C1549E222DE8BCFD975AEF5F44443A
INFO: [ route_check ] --START--
INFO: CheckRoute Behavior ::run [ RunTime:0.001322s ]
INFO: [ route_check ] --END-- [ RunTime:0.001427s ]
INFO: [ app_begin ] --START--
INFO: ReadHtmlCache Behavior ::run [ RunTime:0.000976s ]
INFO: [ app_begin ] --END-- [ RunTime:0.001061s ]
NOTIC: [2048] Declaration of ImpotAction::error() should be compatible with that of Action::error() D:\PHPnow\htdocs\dongya\lyda\Lib\Action\ImpotAction.class.php 第 75 行.
SQL: SHOW COLUMNS FROM `app_group` [ RunTime:0.001851s ]
SQL: SELECT * FROM `app_group` WHERE ( `guid` = '43C1549E222DE8BCFD975AEF5F44443A' ) LIMIT 1   [ RunTime:0.000717s ]
SQL: SELECT * FROM `app_group` WHERE ( `guid` = '43C1549E222DE8BCFD975AEF5F44443A' ) LIMIT 1   [ RunTime:0.000214s ]

