[ 2015-09-24T11:32:09+08:00 ] 127.0.0.1 /sqlite/index.php/Index/index/filename/436D3F290AFDF8DF9BE1D77C8B4C9E4C_1443065527/groupid/436D3F290AFDF8DF9BE1D77C8B4C9E4C
INFO: [ route_check ] --START--
INFO: CheckRoute Behavior ::run [ RunTime:0.000357s ]
INFO: [ route_check ] --END-- [ RunTime:0.000406s ]
INFO: [ app_begin ] --START--
INFO: ReadHtmlCache Behavior ::run [ RunTime:0.000235s ]
INFO: [ app_begin ] --END-- [ RunTime:0.000270s ]

[ 2015-09-24T11:35:37+08:00 ] 127.0.0.1 /sqlite/index.php/Index/index/filename/436D3F290AFDF8DF9BE1D77C8B4C9E4C_1443065527/groupid/436D3F290AFDF8DF9BE1D77C8B4C9E4C
INFO: [ route_check ] --START--
INFO: CheckRoute Behavior ::run [ RunTime:0.001635s ]
INFO: [ route_check ] --END-- [ RunTime:0.001879s ]
INFO: [ app_begin ] --START--
INFO: ReadHtmlCache Behavior ::run [ RunTime:0.000643s ]
INFO: [ app_begin ] --END-- [ RunTime:0.000830s ]

[ 2015-09-24T15:46:02+08:00 ] 127.0.0.1 /sqlite/index.php/Index/index/filename/436D3F290AFDF8DF9BE1D77C8B4C9E4C_1443080760/groupid/436D3F290AFDF8DF9BE1D77C8B4C9E4C
INFO: [ route_check ] --START--
INFO: CheckRoute Behavior ::run [ RunTime:0.000461s ]
INFO: [ route_check ] --END-- [ RunTime:0.000526s ]
INFO: [ app_begin ] --START--
INFO: ReadHtmlCache Behavior ::run [ RunTime:0.000295s ]
INFO: [ app_begin ] --END-- [ RunTime:0.000337s ]

[ 2015-09-24T16:54:56+08:00 ] 127.0.0.1 /sqlite/index.php/Index/index/filename/436D3F290AFDF8DF9BE1D77C8B4C9E4C_1443084894/groupid/436D3F290AFDF8DF9BE1D77C8B4C9E4C
INFO: [ route_check ] --START--
INFO: CheckRoute Behavior ::run [ RunTime:0.000305s ]
INFO: [ route_check ] --END-- [ RunTime:0.000349s ]
INFO: [ app_begin ] --START--
INFO: ReadHtmlCache Behavior ::run [ RunTime:0.000202s ]
INFO: [ app_begin ] --END-- [ RunTime:0.000230s ]

