[ 2016-02-23T14:10:40+08:00 ] 113.70.239.233 /sqlite/index.php/Index/index/filename/43C1549E222DE8BCFD975AEF5F44443A_1456207838/groupid/43C1549E222DE8BCFD975AEF5F44443A
INFO: [ route_check ] --START--
INFO: CheckRoute Behavior ::run [ RunTime:0.001378s ]
INFO: [ route_check ] --END-- [ RunTime:0.001515s ]
INFO: [ app_begin ] --START--
INFO: ReadHtmlCache Behavior ::run [ RunTime:0.000997s ]
INFO: [ app_begin ] --END-- [ RunTime:0.001089s ]

[ 2016-02-23T14:10:57+08:00 ] 113.70.239.233 /sqlite/index.php/Index/index/filename/43C1549E222DE8BCFD975AEF5F44443A_1456207855/groupid/43C1549E222DE8BCFD975AEF5F44443A
INFO: [ route_check ] --START--
INFO: CheckRoute Behavior ::run [ RunTime:0.001388s ]
INFO: [ route_check ] --END-- [ RunTime:0.001521s ]
INFO: [ app_begin ] --START--
INFO: ReadHtmlCache Behavior ::run [ RunTime:0.001033s ]
INFO: [ app_begin ] --END-- [ RunTime:0.001113s ]

[ 2016-02-23T14:11:06+08:00 ] 113.70.239.233 /sqlite/index.php/Index/index/filename/436D3F290AFDF8DF9BE1D77C8B4C9E4C_1456207864/groupid/436D3F290AFDF8DF9BE1D77C8B4C9E4C
INFO: [ route_check ] --START--
INFO: CheckRoute Behavior ::run [ RunTime:0.001531s ]
INFO: [ route_check ] --END-- [ RunTime:0.001676s ]
INFO: [ app_begin ] --START--
INFO: ReadHtmlCache Behavior ::run [ RunTime:0.000994s ]
INFO: [ app_begin ] --END-- [ RunTime:0.001074s ]

[ 2016-02-23T14:11:26+08:00 ] 113.70.239.233 /sqlite/index.php/Index/index/filename/436D3F290AFDF8DF9BE1D77C8B4C9E4C_1456207867/groupid/436D3F290AFDF8DF9BE1D77C8B4C9E4C
INFO: [ route_check ] --START--
INFO: CheckRoute Behavior ::run [ RunTime:0.001383s ]
INFO: [ route_check ] --END-- [ RunTime:0.001524s ]
INFO: [ app_begin ] --START--
INFO: ReadHtmlCache Behavior ::run [ RunTime:0.001010s ]
INFO: [ app_begin ] --END-- [ RunTime:0.001091s ]

[ 2016-02-23T14:11:32+08:00 ] 113.70.239.233 /sqlite/index.php/Index/index/filename/43C1549E222DE8BCFD975AEF5F44443A_1456207889/groupid/43C1549E222DE8BCFD975AEF5F44443A
INFO: [ route_check ] --START--
INFO: CheckRoute Behavior ::run [ RunTime:0.001388s ]
INFO: [ route_check ] --END-- [ RunTime:0.001516s ]
INFO: [ app_begin ] --START--
INFO: ReadHtmlCache Behavior ::run [ RunTime:0.001071s ]
INFO: [ app_begin ] --END-- [ RunTime:0.001152s ]

