[ 2016-03-15T09:12:15+08:00 ] 183.62.183.114 /sqlite/index.php/Index/index/filename/43C1549E222DE8BCFD975AEF5F44443A_1458004330/groupid/43C1549E222DE8BCFD975AEF5F44443A
INFO: [ route_check ] --START--
INFO: CheckRoute Behavior ::run [ RunTime:0.001328s ]
INFO: [ route_check ] --END-- [ RunTime:0.001452s ]
INFO: [ app_begin ] --START--
INFO: ReadHtmlCache Behavior ::run [ RunTime:0.000976s ]
INFO: [ app_begin ] --END-- [ RunTime:0.001055s ]

[ 2016-03-15T10:10:56+08:00 ] 183.62.183.114 /sqlite/index.php/Index/index/filename/43C1549E222DE8BCFD975AEF5F44443A_1458007853/groupid/43C1549E222DE8BCFD975AEF5F44443A
INFO: [ route_check ] --START--
INFO: CheckRoute Behavior ::run [ RunTime:0.001599s ]
INFO: [ route_check ] --END-- [ RunTime:0.001764s ]
INFO: [ app_begin ] --START--
INFO: ReadHtmlCache Behavior ::run [ RunTime:0.001173s ]
INFO: [ app_begin ] --END-- [ RunTime:0.001289s ]

[ 2016-03-15T14:37:56+08:00 ] 123.197.168.242 /sqlite/index.php/Index/index/filename/436D3F290AFDF8DF9BE1D77C8B4C9E4C_1458023871/groupid/436D3F290AFDF8DF9BE1D77C8B4C9E4C
INFO: [ route_check ] --START--
INFO: CheckRoute Behavior ::run [ RunTime:0.001960s ]
INFO: [ route_check ] --END-- [ RunTime:0.002115s ]
INFO: [ app_begin ] --START--
INFO: ReadHtmlCache Behavior ::run [ RunTime:0.001622s ]
INFO: [ app_begin ] --END-- [ RunTime:0.001753s ]

[ 2016-03-15T14:42:44+08:00 ] 123.197.168.242 /sqlite/index.php/Index/index/filename/436D3F290AFDF8DF9BE1D77C8B4C9E4C_1458024160/groupid/436D3F290AFDF8DF9BE1D77C8B4C9E4C
INFO: [ route_check ] --START--
INFO: CheckRoute Behavior ::run [ RunTime:0.001388s ]
INFO: [ route_check ] --END-- [ RunTime:0.001507s ]
INFO: [ app_begin ] --START--
INFO: ReadHtmlCache Behavior ::run [ RunTime:0.001002s ]
INFO: [ app_begin ] --END-- [ RunTime:0.001099s ]

[ 2016-03-15T14:46:50+08:00 ] 123.197.168.242 /sqlite/index.php/Index/index/filename/436D3F290AFDF8DF9BE1D77C8B4C9E4C_1458024406/groupid/436D3F290AFDF8DF9BE1D77C8B4C9E4C
INFO: [ route_check ] --START--
INFO: CheckRoute Behavior ::run [ RunTime:0.001328s ]
INFO: [ route_check ] --END-- [ RunTime:0.001447s ]
INFO: [ app_begin ] --START--
INFO: ReadHtmlCache Behavior ::run [ RunTime:0.000993s ]
INFO: [ app_begin ] --END-- [ RunTime:0.001075s ]

[ 2016-03-15T15:03:38+08:00 ] 123.197.168.242 /sqlite/index.php/Index/index/filename/436D3F290AFDF8DF9BE1D77C8B4C9E4C_1458025414/groupid/436D3F290AFDF8DF9BE1D77C8B4C9E4C
INFO: [ route_check ] --START--
INFO: CheckRoute Behavior ::run [ RunTime:0.001341s ]
INFO: [ route_check ] --END-- [ RunTime:0.001472s ]
INFO: [ app_begin ] --START--
INFO: ReadHtmlCache Behavior ::run [ RunTime:0.000980s ]
INFO: [ app_begin ] --END-- [ RunTime:0.001060s ]

[ 2016-03-15T15:20:49+08:00 ] 123.197.168.242 /sqlite/index.php/Index/index/filename/436D3F290AFDF8DF9BE1D77C8B4C9E4C_1458026444/groupid/436D3F290AFDF8DF9BE1D77C8B4C9E4C
INFO: [ route_check ] --START--
INFO: CheckRoute Behavior ::run [ RunTime:0.001349s ]
INFO: [ route_check ] --END-- [ RunTime:0.001503s ]
INFO: [ app_begin ] --START--
INFO: ReadHtmlCache Behavior ::run [ RunTime:0.000985s ]
INFO: [ app_begin ] --END-- [ RunTime:0.001065s ]

[ 2016-03-15T15:31:37+08:00 ] 123.197.168.242 /sqlite/index.php/Index/index/filename/436D3F290AFDF8DF9BE1D77C8B4C9E4C_1458027092/groupid/436D3F290AFDF8DF9BE1D77C8B4C9E4C
INFO: [ route_check ] --START--
INFO: CheckRoute Behavior ::run [ RunTime:0.001531s ]
INFO: [ route_check ] --END-- [ RunTime:0.001661s ]
INFO: [ app_begin ] --START--
INFO: ReadHtmlCache Behavior ::run [ RunTime:0.001104s ]
INFO: [ app_begin ] --END-- [ RunTime:0.001186s ]

[ 2016-03-15T16:24:33+08:00 ] 123.197.168.242 /sqlite/index.php/Index/index/filename/436D3F290AFDF8DF9BE1D77C8B4C9E4C_1458030267/groupid/436D3F290AFDF8DF9BE1D77C8B4C9E4C
INFO: [ route_check ] --START--
INFO: CheckRoute Behavior ::run [ RunTime:0.001327s ]
INFO: [ route_check ] --END-- [ RunTime:0.001451s ]
INFO: [ app_begin ] --START--
INFO: ReadHtmlCache Behavior ::run [ RunTime:0.000989s ]
INFO: [ app_begin ] --END-- [ RunTime:0.001069s ]

[ 2016-03-15T16:58:54+08:00 ] 123.197.168.242 /sqlite/index.php/Index/index/filename/436D3F290AFDF8DF9BE1D77C8B4C9E4C_1458032331/groupid/436D3F290AFDF8DF9BE1D77C8B4C9E4C
INFO: [ route_check ] --START--
INFO: CheckRoute Behavior ::run [ RunTime:0.001311s ]
INFO: [ route_check ] --END-- [ RunTime:0.001426s ]
INFO: [ app_begin ] --START--
INFO: ReadHtmlCache Behavior ::run [ RunTime:0.000977s ]
INFO: [ app_begin ] --END-- [ RunTime:0.001054s ]

[ 2016-03-15T17:09:51+08:00 ] 123.197.168.242 /sqlite/index.php/Index/index/filename/436D3F290AFDF8DF9BE1D77C8B4C9E4C_1458032985/groupid/436D3F290AFDF8DF9BE1D77C8B4C9E4C
INFO: [ route_check ] --START--
INFO: CheckRoute Behavior ::run [ RunTime:0.001439s ]
INFO: [ route_check ] --END-- [ RunTime:0.001583s ]
INFO: [ app_begin ] --START--
INFO: ReadHtmlCache Behavior ::run [ RunTime:0.001163s ]
INFO: [ app_begin ] --END-- [ RunTime:0.001245s ]

[ 2016-03-15T17:29:12+08:00 ] 123.197.168.242 /sqlite/index.php/Index/index/filename/436D3F290AFDF8DF9BE1D77C8B4C9E4C_1458034147/groupid/436D3F290AFDF8DF9BE1D77C8B4C9E4C
INFO: [ route_check ] --START--
INFO: CheckRoute Behavior ::run [ RunTime:0.001442s ]
INFO: [ route_check ] --END-- [ RunTime:0.001558s ]
INFO: [ app_begin ] --START--
INFO: ReadHtmlCache Behavior ::run [ RunTime:0.001152s ]
INFO: [ app_begin ] --END-- [ RunTime:0.001302s ]

[ 2016-03-15T17:48:25+08:00 ] 123.197.168.242 /sqlite/index.php/Index/index/filename/436D3F290AFDF8DF9BE1D77C8B4C9E4C_1458035300/groupid/436D3F290AFDF8DF9BE1D77C8B4C9E4C
INFO: [ route_check ] --START--
INFO: CheckRoute Behavior ::run [ RunTime:0.001322s ]
INFO: [ route_check ] --END-- [ RunTime:0.001442s ]
INFO: [ app_begin ] --START--
INFO: ReadHtmlCache Behavior ::run [ RunTime:0.000980s ]
INFO: [ app_begin ] --END-- [ RunTime:0.001060s ]

[ 2016-03-15T18:03:58+08:00 ] 123.197.168.242 /sqlite/index.php/Index/index/filename/436D3F290AFDF8DF9BE1D77C8B4C9E4C_1458036233/groupid/436D3F290AFDF8DF9BE1D77C8B4C9E4C
INFO: [ route_check ] --START--
INFO: CheckRoute Behavior ::run [ RunTime:0.001362s ]
INFO: [ route_check ] --END-- [ RunTime:0.001501s ]
INFO: [ app_begin ] --START--
INFO: ReadHtmlCache Behavior ::run [ RunTime:0.000991s ]
INFO: [ app_begin ] --END-- [ RunTime:0.001071s ]

[ 2016-03-15T18:08:52+08:00 ] 123.197.168.242 /sqlite/index.php/Index/index/filename/436D3F290AFDF8DF9BE1D77C8B4C9E4C_1458036529/groupid/436D3F290AFDF8DF9BE1D77C8B4C9E4C
INFO: [ route_check ] --START--
INFO: CheckRoute Behavior ::run [ RunTime:0.001369s ]
INFO: [ route_check ] --END-- [ RunTime:0.001507s ]
INFO: [ app_begin ] --START--
INFO: ReadHtmlCache Behavior ::run [ RunTime:0.001012s ]
INFO: [ app_begin ] --END-- [ RunTime:0.001091s ]

[ 2016-03-15T18:24:25+08:00 ] 123.197.168.242 /sqlite/index.php/Index/index/filename/436D3F290AFDF8DF9BE1D77C8B4C9E4C_1458037461/groupid/436D3F290AFDF8DF9BE1D77C8B4C9E4C
INFO: [ route_check ] --START--
INFO: CheckRoute Behavior ::run [ RunTime:0.001335s ]
INFO: [ route_check ] --END-- [ RunTime:0.001456s ]
INFO: [ app_begin ] --START--
INFO: ReadHtmlCache Behavior ::run [ RunTime:0.000976s ]
INFO: [ app_begin ] --END-- [ RunTime:0.001055s ]

[ 2016-03-15T18:45:00+08:00 ] 123.197.168.242 /sqlite/index.php/Index/index/filename/436D3F290AFDF8DF9BE1D77C8B4C9E4C_1458038695/groupid/436D3F290AFDF8DF9BE1D77C8B4C9E4C
INFO: [ route_check ] --START--
INFO: CheckRoute Behavior ::run [ RunTime:0.001469s ]
INFO: [ route_check ] --END-- [ RunTime:0.001584s ]
INFO: [ app_begin ] --START--
INFO: ReadHtmlCache Behavior ::run [ RunTime:0.000965s ]
INFO: [ app_begin ] --END-- [ RunTime:0.001044s ]

[ 2016-03-15T19:04:01+08:00 ] 123.197.168.242 /sqlite/index.php/Index/index/filename/436D3F290AFDF8DF9BE1D77C8B4C9E4C_1458039836/groupid/436D3F290AFDF8DF9BE1D77C8B4C9E4C
INFO: [ route_check ] --START--
INFO: CheckRoute Behavior ::run [ RunTime:0.001641s ]
INFO: [ route_check ] --END-- [ RunTime:0.001811s ]
INFO: [ app_begin ] --START--
INFO: ReadHtmlCache Behavior ::run [ RunTime:0.001233s ]
INFO: [ app_begin ] --END-- [ RunTime:0.001341s ]

[ 2016-03-15T19:05:36+08:00 ] 123.197.168.242 /sqlite/index.php/Index/index/filename/436D3F290AFDF8DF9BE1D77C8B4C9E4C_1458039932/groupid/436D3F290AFDF8DF9BE1D77C8B4C9E4C
INFO: [ route_check ] --START--
INFO: CheckRoute Behavior ::run [ RunTime:0.001493s ]
INFO: [ route_check ] --END-- [ RunTime:0.001626s ]
INFO: [ app_begin ] --START--
INFO: ReadHtmlCache Behavior ::run [ RunTime:0.001026s ]
INFO: [ app_begin ] --END-- [ RunTime:0.001106s ]

