[ 2016-03-14T08:58:01+08:00 ] 183.62.183.114 /sqlite/index.php/Index/index/filename/43C1549E222DE8BCFD975AEF5F44443A_1457917078/groupid/43C1549E222DE8BCFD975AEF5F44443A
INFO: [ route_check ] --START--
INFO: CheckRoute Behavior ::run [ RunTime:0.001368s ]
INFO: [ route_check ] --END-- [ RunTime:0.001497s ]
INFO: [ app_begin ] --START--
INFO: ReadHtmlCache Behavior ::run [ RunTime:0.000978s ]
INFO: [ app_begin ] --END-- [ RunTime:0.001057s ]

[ 2016-03-14T09:13:28+08:00 ] 183.62.183.114 /sqlite/index.php/Index/index/filename/43C1549E222DE8BCFD975AEF5F44443A_1457918005/groupid/43C1549E222DE8BCFD975AEF5F44443A
INFO: [ route_check ] --START--
INFO: CheckRoute Behavior ::run [ RunTime:0.001374s ]
INFO: [ route_check ] --END-- [ RunTime:0.001526s ]
INFO: [ app_begin ] --START--
INFO: ReadHtmlCache Behavior ::run [ RunTime:0.000984s ]
INFO: [ app_begin ] --END-- [ RunTime:0.001062s ]

[ 2016-03-14T10:58:55+08:00 ] 183.62.183.114 /sqlite/index.php/Index/index/filename/43C1549E222DE8BCFD975AEF5F44443A_1457924327/groupid/43C1549E222DE8BCFD975AEF5F44443A
INFO: [ route_check ] --START--
INFO: CheckRoute Behavior ::run [ RunTime:0.001480s ]
INFO: [ route_check ] --END-- [ RunTime:0.001600s ]
INFO: [ app_begin ] --START--
INFO: ReadHtmlCache Behavior ::run [ RunTime:0.001100s ]
INFO: [ app_begin ] --END-- [ RunTime:0.001183s ]

[ 2016-03-14T11:15:22+08:00 ] 183.62.183.114 /sqlite/index.php/Index/index/filename/43C1549E222DE8BCFD975AEF5F44443A_1457925317/groupid/43C1549E222DE8BCFD975AEF5F44443A
INFO: [ route_check ] --START--
INFO: CheckRoute Behavior ::run [ RunTime:0.001365s ]
INFO: [ route_check ] --END-- [ RunTime:0.001507s ]
INFO: [ app_begin ] --START--
INFO: ReadHtmlCache Behavior ::run [ RunTime:0.001124s ]
INFO: [ app_begin ] --END-- [ RunTime:0.001207s ]

[ 2016-03-14T14:26:07+08:00 ] 123.197.168.242 /sqlite/index.php/Index/index/filename/43C1549E222DE8BCFD975AEF5F44443A_1457936760/groupid/43C1549E222DE8BCFD975AEF5F44443A
INFO: [ route_check ] --START--
INFO: CheckRoute Behavior ::run [ RunTime:0.001453s ]
INFO: [ route_check ] --END-- [ RunTime:0.001590s ]
INFO: [ app_begin ] --START--
INFO: ReadHtmlCache Behavior ::run [ RunTime:0.001021s ]
INFO: [ app_begin ] --END-- [ RunTime:0.001115s ]

[ 2016-03-14T14:33:32+08:00 ] 123.197.168.242 /sqlite/index.php/Index/index/filename/43C1549E222DE8BCFD975AEF5F44443A_1457937206/groupid/43C1549E222DE8BCFD975AEF5F44443A
INFO: [ route_check ] --START--
INFO: CheckRoute Behavior ::run [ RunTime:0.001343s ]
INFO: [ route_check ] --END-- [ RunTime:0.001465s ]
INFO: [ app_begin ] --START--
INFO: ReadHtmlCache Behavior ::run [ RunTime:0.001060s ]
INFO: [ app_begin ] --END-- [ RunTime:0.001167s ]

[ 2016-03-14T14:44:08+08:00 ] 123.197.168.242 /sqlite/index.php/Index/index/filename/43C1549E222DE8BCFD975AEF5F44443A_1457937844/groupid/43C1549E222DE8BCFD975AEF5F44443A
INFO: [ route_check ] --START--
INFO: CheckRoute Behavior ::run [ RunTime:0.000940s ]
INFO: [ route_check ] --END-- [ RunTime:0.001057s ]
INFO: [ app_begin ] --START--
INFO: ReadHtmlCache Behavior ::run [ RunTime:0.000602s ]
INFO: [ app_begin ] --END-- [ RunTime:0.000681s ]

[ 2016-03-14T14:55:03+08:00 ] 123.197.168.242 /sqlite/index.php/Index/index/filename/43C1549E222DE8BCFD975AEF5F44443A_1457938498/groupid/43C1549E222DE8BCFD975AEF5F44443A
INFO: [ route_check ] --START--
INFO: CheckRoute Behavior ::run [ RunTime:0.001355s ]
INFO: [ route_check ] --END-- [ RunTime:0.001493s ]
INFO: [ app_begin ] --START--
INFO: ReadHtmlCache Behavior ::run [ RunTime:0.000974s ]
INFO: [ app_begin ] --END-- [ RunTime:0.001055s ]

[ 2016-03-14T15:12:22+08:00 ] 123.197.168.242 /sqlite/index.php/Index/index/filename/43C1549E222DE8BCFD975AEF5F44443A_1457939531/groupid/43C1549E222DE8BCFD975AEF5F44443A
INFO: [ route_check ] --START--
INFO: CheckRoute Behavior ::run [ RunTime:0.001410s ]
INFO: [ route_check ] --END-- [ RunTime:0.001602s ]
INFO: [ app_begin ] --START--
INFO: ReadHtmlCache Behavior ::run [ RunTime:0.000994s ]
INFO: [ app_begin ] --END-- [ RunTime:0.001074s ]

[ 2016-03-14T15:25:44+08:00 ] 123.197.168.242 /sqlite/index.php/Index/index/filename/43C1549E222DE8BCFD975AEF5F44443A_1457940338/groupid/43C1549E222DE8BCFD975AEF5F44443A
INFO: [ route_check ] --START--
INFO: CheckRoute Behavior ::run [ RunTime:0.001383s ]
INFO: [ route_check ] --END-- [ RunTime:0.001522s ]
INFO: [ app_begin ] --START--
INFO: ReadHtmlCache Behavior ::run [ RunTime:0.001009s ]
INFO: [ app_begin ] --END-- [ RunTime:0.001090s ]

[ 2016-03-14T15:30:20+08:00 ] 123.197.168.242 /sqlite/index.php/Index/index/filename/43C1549E222DE8BCFD975AEF5F44443A_1457940615/groupid/43C1549E222DE8BCFD975AEF5F44443A
INFO: [ route_check ] --START--
INFO: CheckRoute Behavior ::run [ RunTime:0.001312s ]
INFO: [ route_check ] --END-- [ RunTime:0.001426s ]
INFO: [ app_begin ] --START--
INFO: ReadHtmlCache Behavior ::run [ RunTime:0.001063s ]
INFO: [ app_begin ] --END-- [ RunTime:0.001143s ]

[ 2016-03-14T15:36:03+08:00 ] 123.197.168.242 /sqlite/index.php/Index/index/filename/43C1549E222DE8BCFD975AEF5F44443A_1457940958/groupid/43C1549E222DE8BCFD975AEF5F44443A
INFO: [ route_check ] --START--
INFO: CheckRoute Behavior ::run [ RunTime:0.001380s ]
INFO: [ route_check ] --END-- [ RunTime:0.001522s ]
INFO: [ app_begin ] --START--
INFO: ReadHtmlCache Behavior ::run [ RunTime:0.000994s ]
INFO: [ app_begin ] --END-- [ RunTime:0.001080s ]

[ 2016-03-14T15:42:57+08:00 ] 123.197.168.242 /sqlite/index.php/Index/index/filename/43C1549E222DE8BCFD975AEF5F44443A_1457941372/groupid/43C1549E222DE8BCFD975AEF5F44443A
INFO: [ route_check ] --START--
INFO: CheckRoute Behavior ::run [ RunTime:0.001347s ]
INFO: [ route_check ] --END-- [ RunTime:0.001473s ]
INFO: [ app_begin ] --START--
INFO: ReadHtmlCache Behavior ::run [ RunTime:0.000979s ]
INFO: [ app_begin ] --END-- [ RunTime:0.001059s ]

[ 2016-03-14T15:50:00+08:00 ] 123.197.168.242 /sqlite/index.php/Index/index/filename/43C1549E222DE8BCFD975AEF5F44443A_1457941794/groupid/43C1549E222DE8BCFD975AEF5F44443A
INFO: [ route_check ] --START--
INFO: CheckRoute Behavior ::run [ RunTime:0.001334s ]
INFO: [ route_check ] --END-- [ RunTime:0.001458s ]
INFO: [ app_begin ] --START--
INFO: ReadHtmlCache Behavior ::run [ RunTime:0.000995s ]
INFO: [ app_begin ] --END-- [ RunTime:0.001075s ]

[ 2016-03-14T16:13:28+08:00 ] 123.197.168.242 /sqlite/index.php/Index/index/filename/43C1549E222DE8BCFD975AEF5F44443A_1457943204/groupid/43C1549E222DE8BCFD975AEF5F44443A
INFO: [ route_check ] --START--
INFO: CheckRoute Behavior ::run [ RunTime:0.001884s ]
INFO: [ route_check ] --END-- [ RunTime:0.002051s ]
INFO: [ app_begin ] --START--
INFO: ReadHtmlCache Behavior ::run [ RunTime:0.000979s ]
INFO: [ app_begin ] --END-- [ RunTime:0.001068s ]

[ 2016-03-14T16:28:51+08:00 ] 123.197.168.242 /sqlite/index.php/Index/index/filename/43C1549E222DE8BCFD975AEF5F44443A_1457944126/groupid/43C1549E222DE8BCFD975AEF5F44443A
INFO: [ route_check ] --START--
INFO: CheckRoute Behavior ::run [ RunTime:0.001341s ]
INFO: [ route_check ] --END-- [ RunTime:0.001462s ]
INFO: [ app_begin ] --START--
INFO: ReadHtmlCache Behavior ::run [ RunTime:0.000994s ]
INFO: [ app_begin ] --END-- [ RunTime:0.001071s ]

[ 2016-03-14T17:50:23+08:00 ] 123.197.168.242 /sqlite/index.php/Index/index/filename/43C1549E222DE8BCFD975AEF5F44443A_1457949012/groupid/43C1549E222DE8BCFD975AEF5F44443A
INFO: [ route_check ] --START--
INFO: CheckRoute Behavior ::run [ RunTime:0.001425s ]
INFO: [ route_check ] --END-- [ RunTime:0.001541s ]
INFO: [ app_begin ] --START--
INFO: ReadHtmlCache Behavior ::run [ RunTime:0.000977s ]
INFO: [ app_begin ] --END-- [ RunTime:0.001055s ]

[ 2016-03-14T18:03:36+08:00 ] 123.197.168.242 /sqlite/index.php/Index/index/filename/43C1549E222DE8BCFD975AEF5F44443A_1457949810/groupid/43C1549E222DE8BCFD975AEF5F44443A
INFO: [ route_check ] --START--
INFO: CheckRoute Behavior ::run [ RunTime:0.001441s ]
INFO: [ route_check ] --END-- [ RunTime:0.001574s ]
INFO: [ app_begin ] --START--
INFO: ReadHtmlCache Behavior ::run [ RunTime:0.000989s ]
INFO: [ app_begin ] --END-- [ RunTime:0.001066s ]

[ 2016-03-14T18:32:21+08:00 ] 123.197.168.242 /sqlite/index.php/Index/index/filename/43C1549E222DE8BCFD975AEF5F44443A_1457951537/groupid/43C1549E222DE8BCFD975AEF5F44443A
INFO: [ route_check ] --START--
INFO: CheckRoute Behavior ::run [ RunTime:0.001752s ]
INFO: [ route_check ] --END-- [ RunTime:0.001883s ]
INFO: [ app_begin ] --START--
INFO: ReadHtmlCache Behavior ::run [ RunTime:0.000981s ]
INFO: [ app_begin ] --END-- [ RunTime:0.001062s ]

[ 2016-03-14T18:50:23+08:00 ] 123.197.168.242 /sqlite/index.php/Index/index/filename/43C1549E222DE8BCFD975AEF5F44443A_1457952596/groupid/43C1549E222DE8BCFD975AEF5F44443A
INFO: [ route_check ] --START--
INFO: CheckRoute Behavior ::run [ RunTime:0.001377s ]
INFO: [ route_check ] --END-- [ RunTime:0.001519s ]
INFO: [ app_begin ] --START--
INFO: ReadHtmlCache Behavior ::run [ RunTime:0.000981s ]
INFO: [ app_begin ] --END-- [ RunTime:0.001060s ]

[ 2016-03-14T19:07:26+08:00 ] 123.197.168.242 /sqlite/index.php/Index/index/filename/43C1549E222DE8BCFD975AEF5F44443A_1457953637/groupid/43C1549E222DE8BCFD975AEF5F44443A
INFO: [ route_check ] --START--
INFO: CheckRoute Behavior ::run [ RunTime:0.001482s ]
INFO: [ route_check ] --END-- [ RunTime:0.001611s ]
INFO: [ app_begin ] --START--
INFO: ReadHtmlCache Behavior ::run [ RunTime:0.001065s ]
INFO: [ app_begin ] --END-- [ RunTime:0.001144s ]

