[ 2016-03-26T09:46:03+08:00 ] 113.109.26.74 /index.php/Index/iscode/groupid/43C1549E222DE8BCFD975AEF5F44443A/username/test/password/test/uuid/7AE04622-56CC-4009-B62C-EDAAF4C994D5
INFO: [ route_check ] --START--
INFO: CheckRoute Behavior ::run [ RunTime:0.003873s ]
INFO: [ route_check ] --END-- [ RunTime:0.004044s ]
INFO: [ app_begin ] --START--
INFO: ReadHtmlCache Behavior ::run [ RunTime:0.002001s ]
INFO: [ app_begin ] --END-- [ RunTime:0.002093s ]
SQL: SHOW COLUMNS FROM `app_code` [ RunTime:0.031535s ]
SQL: SELECT * FROM `app_code` WHERE ( username="test" and password="test" and groupid="43C1549E222DE8BCFD975AEF5F44443A" ) LIMIT 1   [ RunTime:0.012808s ]
SQL: SHOW COLUMNS FROM `app_group` [ RunTime:0.041725s ]
SQL: SELECT * FROM `app_group` LIMIT 1   [ RunTime:0.000825s ]

[ 2016-03-26T09:46:05+08:00 ] 113.109.26.74 /index.php/Index/iscode/groupid/43C1549E222DE8BCFD975AEF5F44443A/username/test/password/test/uuid/7AE04622-56CC-4009-B62C-EDAAF4C994D5/type/updata
INFO: [ route_check ] --START--
INFO: CheckRoute Behavior ::run [ RunTime:0.000968s ]
INFO: [ route_check ] --END-- [ RunTime:0.001091s ]
INFO: [ app_begin ] --START--
INFO: ReadHtmlCache Behavior ::run [ RunTime:0.000684s ]
INFO: [ app_begin ] --END-- [ RunTime:0.000791s ]
SQL: SHOW COLUMNS FROM `app_code` [ RunTime:0.001783s ]
SQL: SELECT * FROM `app_code` WHERE ( username="test" and password="test" and groupid="43C1549E222DE8BCFD975AEF5F44443A" ) LIMIT 1   [ RunTime:0.000793s ]
SQL: SHOW COLUMNS FROM `app_group` [ RunTime:0.001314s ]
SQL: SELECT * FROM `app_group` LIMIT 1   [ RunTime:0.000604s ]

[ 2016-03-26T10:10:15+08:00 ] 183.224.173.244 /index.php/Index/iscode/groupid/43C1549E222DE8BCFD975AEF5F44443A/username/dongya010/password/12345678/uuid/34FC33F8-CD10-4632-814F-7D5C895EF731
INFO: [ route_check ] --START--
INFO: CheckRoute Behavior ::run [ RunTime:0.001838s ]
INFO: [ route_check ] --END-- [ RunTime:0.001952s ]
INFO: [ app_begin ] --START--
INFO: ReadHtmlCache Behavior ::run [ RunTime:0.001076s ]
INFO: [ app_begin ] --END-- [ RunTime:0.001164s ]
SQL: SHOW COLUMNS FROM `app_code` [ RunTime:0.002091s ]
SQL: SELECT * FROM `app_code` WHERE ( username="dongya010" and password="12345678" and groupid="43C1549E222DE8BCFD975AEF5F44443A" ) LIMIT 1   [ RunTime:0.000791s ]
SQL: SHOW COLUMNS FROM `app_group` [ RunTime:0.001703s ]
SQL: SELECT * FROM `app_group` WHERE ( `guid` = '43C1549E222DE8BCFD975AEF5F44443A' ) LIMIT 1   [ RunTime:0.000775s ]
SQL: UPDATE `app_code` SET `uuid`='34FC33F8-CD10-4632-814F-7D5C895EF731',`binding`=0 WHERE ( `guid` = 'BC561E52860D4F0197FA769C5457056E' ) [ RunTime:0.000361s ]
NOTIC: [8] Undefined index:  type D:\PHPnow\htdocs\dongya\Lib\Action\IndexAction.class.php ç¬¬ 74 è¡Œ.

[ 2016-03-26T10:10:15+08:00 ] 183.224.173.244 /index.php/Index/iscode/groupid/43C1549E222DE8BCFD975AEF5F44443A/username/dongya010/password/12345678/uuid/34FC33F8-CD10-4632-814F-7D5C895EF731/type/updata
INFO: [ route_check ] --START--
INFO: CheckRoute Behavior ::run [ RunTime:0.001028s ]
INFO: [ route_check ] --END-- [ RunTime:0.001141s ]
INFO: [ app_begin ] --START--
INFO: ReadHtmlCache Behavior ::run [ RunTime:0.000629s ]
INFO: [ app_begin ] --END-- [ RunTime:0.000713s ]
SQL: SHOW COLUMNS FROM `app_code` [ RunTime:0.001671s ]
SQL: SELECT * FROM `app_code` WHERE ( username="dongya010" and password="12345678" and groupid="43C1549E222DE8BCFD975AEF5F44443A" ) LIMIT 1   [ RunTime:0.000751s ]
SQL: SHOW COLUMNS FROM `app_group` [ RunTime:0.001376s ]
SQL: SELECT * FROM `app_group` WHERE ( `guid` = '43C1549E222DE8BCFD975AEF5F44443A' ) LIMIT 1   [ RunTime:0.000661s ]
SQL: UPDATE `app_code` SET `uuid`='34FC33F8-CD10-4632-814F-7D5C895EF731',`binding`=0 WHERE ( `guid` = 'BC561E52860D4F0197FA769C5457056E' ) [ RunTime:0.000262s ]

[ 2016-03-26T10:10:26+08:00 ] 183.224.173.244 /index.php/Index/iscode/groupid/43C1549E222DE8BCFD975AEF5F44443A/username/dongya010/password/12345678/uuid/34FC33F8-CD10-4632-814F-7D5C895EF731/type/updata
INFO: [ route_check ] --START--
INFO: CheckRoute Behavior ::run [ RunTime:0.000995s ]
INFO: [ route_check ] --END-- [ RunTime:0.001119s ]
INFO: [ app_begin ] --START--
INFO: ReadHtmlCache Behavior ::run [ RunTime:0.000614s ]
INFO: [ app_begin ] --END-- [ RunTime:0.000697s ]
SQL: SHOW COLUMNS FROM `app_code` [ RunTime:0.001836s ]
SQL: SELECT * FROM `app_code` WHERE ( username="dongya010" and password="12345678" and groupid="43C1549E222DE8BCFD975AEF5F44443A" ) LIMIT 1   [ RunTime:0.000770s ]
SQL: SHOW COLUMNS FROM `app_group` [ RunTime:0.001395s ]
SQL: SELECT * FROM `app_group` WHERE ( `guid` = '43C1549E222DE8BCFD975AEF5F44443A' ) LIMIT 1   [ RunTime:0.000641s ]
SQL: UPDATE `app_code` SET `uuid`='34FC33F8-CD10-4632-814F-7D5C895EF731',`binding`=0 WHERE ( `guid` = 'BC561E52860D4F0197FA769C5457056E' ) [ RunTime:0.000246s ]

[ 2016-03-26T10:31:27+08:00 ] 183.224.173.244 /index.php/Index/iscode/groupid/43C1549E222DE8BCFD975AEF5F44443A/username/dongya010/password/12345678/uuid/34FC33F8-CD10-4632-814F-7D5C895EF731/type/updata
INFO: [ route_check ] --START--
INFO: CheckRoute Behavior ::run [ RunTime:0.001375s ]
INFO: [ route_check ] --END-- [ RunTime:0.001499s ]
INFO: [ app_begin ] --START--
INFO: ReadHtmlCache Behavior ::run [ RunTime:0.001396s ]
INFO: [ app_begin ] --END-- [ RunTime:0.001490s ]
SQL: SHOW COLUMNS FROM `app_code` [ RunTime:0.002004s ]
SQL: SELECT * FROM `app_code` WHERE ( username="dongya010" and password="12345678" and groupid="43C1549E222DE8BCFD975AEF5F44443A" ) LIMIT 1   [ RunTime:0.000756s ]
SQL: SHOW COLUMNS FROM `app_group` [ RunTime:0.001466s ]
SQL: SELECT * FROM `app_group` WHERE ( `guid` = '43C1549E222DE8BCFD975AEF5F44443A' ) LIMIT 1   [ RunTime:0.000639s ]
SQL: UPDATE `app_code` SET `uuid`='34FC33F8-CD10-4632-814F-7D5C895EF731',`binding`=0 WHERE ( `guid` = 'BC561E52860D4F0197FA769C5457056E' ) [ RunTime:0.000272s ]

[ 2016-03-26T10:33:52+08:00 ] 183.19.188.246 /index.php/Index/iscode/groupid/43C1549E222DE8BCFD975AEF5F44443A/username/20758-23/password/12345678/uuid/9330E98A-7F83-4533-9DEF-3B49F7C69C56
INFO: [ route_check ] --START--
INFO: CheckRoute Behavior ::run [ RunTime:0.001335s ]
INFO: [ route_check ] --END-- [ RunTime:0.001447s ]
INFO: [ app_begin ] --START--
INFO: ReadHtmlCache Behavior ::run [ RunTime:0.000992s ]
INFO: [ app_begin ] --END-- [ RunTime:0.001080s ]
SQL: SHOW COLUMNS FROM `app_code` [ RunTime:0.001612s ]
SQL: SELECT * FROM `app_code` WHERE ( username="20758-23" and password="12345678" and groupid="43C1549E222DE8BCFD975AEF5F44443A" ) LIMIT 1   [ RunTime:0.000719s ]
SQL: SHOW COLUMNS FROM `app_group` [ RunTime:0.001295s ]
SQL: SELECT * FROM `app_group` LIMIT 1   [ RunTime:0.000651s ]

[ 2016-03-26T10:33:52+08:00 ] 183.19.188.246 /index.php/Uploadprohot
INFO: [ route_check ] --START--
INFO: CheckRoute Behavior ::run [ RunTime:0.000939s ]
INFO: [ route_check ] --END-- [ RunTime:0.001046s ]
INFO: [ app_begin ] --START--
INFO: ReadHtmlCache Behavior ::run [ RunTime:0.000603s ]
INFO: [ app_begin ] --END-- [ RunTime:0.000687s ]

[ 2016-03-26T10:33:52+08:00 ] 183.19.188.246 /index.php/Index/iscode/groupid/43C1549E222DE8BCFD975AEF5F44443A/username/20758-23/password/12345678/uuid/9330E98A-7F83-4533-9DEF-3B49F7C69C56/type/updata
INFO: [ route_check ] --START--
INFO: CheckRoute Behavior ::run [ RunTime:0.000920s ]
INFO: [ route_check ] --END-- [ RunTime:0.001027s ]
INFO: [ app_begin ] --START--
INFO: ReadHtmlCache Behavior ::run [ RunTime:0.000606s ]
INFO: [ app_begin ] --END-- [ RunTime:0.000691s ]
SQL: SHOW COLUMNS FROM `app_code` [ RunTime:0.001621s ]
SQL: SELECT * FROM `app_code` WHERE ( username="20758-23" and password="12345678" and groupid="43C1549E222DE8BCFD975AEF5F44443A" ) LIMIT 1   [ RunTime:0.000706s ]
SQL: SHOW COLUMNS FROM `app_group` [ RunTime:0.001276s ]
SQL: SELECT * FROM `app_group` LIMIT 1   [ RunTime:0.000596s ]

[ 2016-03-26T11:15:17+08:00 ] 14.216.249.50 /index.php/Index/iscode/groupid/43C1549E222DE8BCFD975AEF5F44443A/username/dongya008/password/12345678/uuid/423C92B7-E540-4CB8-A628-E2603A87B55D
INFO: [ route_check ] --START--
INFO: CheckRoute Behavior ::run [ RunTime:0.001415s ]
INFO: [ route_check ] --END-- [ RunTime:0.001537s ]
INFO: [ app_begin ] --START--
INFO: ReadHtmlCache Behavior ::run [ RunTime:0.001106s ]
INFO: [ app_begin ] --END-- [ RunTime:0.001210s ]
SQL: SHOW COLUMNS FROM `app_code` [ RunTime:0.002005s ]
SQL: SELECT * FROM `app_code` WHERE ( username="dongya008" and password="12345678" and groupid="43C1549E222DE8BCFD975AEF5F44443A" ) LIMIT 1   [ RunTime:0.000744s ]
SQL: SHOW COLUMNS FROM `app_group` [ RunTime:0.002046s ]
SQL: SELECT * FROM `app_group` WHERE ( `guid` = '43C1549E222DE8BCFD975AEF5F44443A' ) LIMIT 1   [ RunTime:0.000880s ]
SQL: UPDATE `app_code` SET `uuid`='423C92B7-E540-4CB8-A628-E2603A87B55D',`binding`=0 WHERE ( `guid` = 'C215052EF9AE478B8CD892CF337B4B31' ) [ RunTime:0.000397s ]
NOTIC: [8] Undefined index:  type D:\PHPnow\htdocs\dongya\Lib\Action\IndexAction.class.php ç¬¬ 74 è¡Œ.

[ 2016-03-26T11:15:19+08:00 ] 14.216.249.50 /index.php/Uploadprohot
INFO: [ route_check ] --START--
INFO: CheckRoute Behavior ::run [ RunTime:0.001075s ]
INFO: [ route_check ] --END-- [ RunTime:0.001219s ]
INFO: [ app_begin ] --START--
INFO: ReadHtmlCache Behavior ::run [ RunTime:0.000885s ]
INFO: [ app_begin ] --END-- [ RunTime:0.001013s ]

[ 2016-03-26T11:15:19+08:00 ] 14.216.249.50 /index.php/Index/iscode/groupid/43C1549E222DE8BCFD975AEF5F44443A/username/dongya008/password/12345678/uuid/423C92B7-E540-4CB8-A628-E2603A87B55D/type/updata
INFO: [ route_check ] --START--
INFO: CheckRoute Behavior ::run [ RunTime:0.000956s ]
INFO: [ route_check ] --END-- [ RunTime:0.001069s ]
INFO: [ app_begin ] --START--
INFO: ReadHtmlCache Behavior ::run [ RunTime:0.000794s ]
INFO: [ app_begin ] --END-- [ RunTime:0.000907s ]
SQL: SHOW COLUMNS FROM `app_code` [ RunTime:0.001655s ]
SQL: SELECT * FROM `app_code` WHERE ( username="dongya008" and password="12345678" and groupid="43C1549E222DE8BCFD975AEF5F44443A" ) LIMIT 1   [ RunTime:0.000727s ]
SQL: SHOW COLUMNS FROM `app_group` [ RunTime:0.001311s ]
SQL: SELECT * FROM `app_group` WHERE ( `guid` = '43C1549E222DE8BCFD975AEF5F44443A' ) LIMIT 1   [ RunTime:0.000631s ]
SQL: UPDATE `app_code` SET `uuid`='423C92B7-E540-4CB8-A628-E2603A87B55D',`binding`=0 WHERE ( `guid` = 'C215052EF9AE478B8CD892CF337B4B31' ) [ RunTime:0.000252s ]

[ 2016-03-26T11:36:41+08:00 ] 39.168.192.188 /index.php/Index/iscode/groupid/43C1549E222DE8BCFD975AEF5F44443A/username/dongya003/password/12345678/uuid/F8164170-9E3E-4168-9BD2-B5A797F8EB4B
INFO: [ route_check ] --START--
INFO: CheckRoute Behavior ::run [ RunTime:0.001390s ]
INFO: [ route_check ] --END-- [ RunTime:0.001511s ]
INFO: [ app_begin ] --START--
INFO: ReadHtmlCache Behavior ::run [ RunTime:0.001028s ]
INFO: [ app_begin ] --END-- [ RunTime:0.001115s ]
SQL: SHOW COLUMNS FROM `app_code` [ RunTime:0.001782s ]
SQL: SELECT * FROM `app_code` WHERE ( username="dongya003" and password="12345678" and groupid="43C1549E222DE8BCFD975AEF5F44443A" ) LIMIT 1   [ RunTime:0.000803s ]
SQL: SHOW COLUMNS FROM `app_group` [ RunTime:0.001471s ]
SQL: SELECT * FROM `app_group` WHERE ( `guid` = '43C1549E222DE8BCFD975AEF5F44443A' ) LIMIT 1   [ RunTime:0.000679s ]
SQL: UPDATE `app_code` SET `uuid`='F8164170-9E3E-4168-9BD2-B5A797F8EB4B',`binding`=0 WHERE ( `guid` = '956A973D03644B18A70B0EF34BF76995' ) [ RunTime:0.000257s ]
NOTIC: [8] Undefined index:  type D:\PHPnow\htdocs\dongya\Lib\Action\IndexAction.class.php ç¬¬ 74 è¡Œ.

[ 2016-03-26T11:36:56+08:00 ] 39.168.192.188 /index.php/Uploadprohot
INFO: [ route_check ] --START--
INFO: CheckRoute Behavior ::run [ RunTime:0.001358s ]
INFO: [ route_check ] --END-- [ RunTime:0.001472s ]
INFO: [ app_begin ] --START--
INFO: ReadHtmlCache Behavior ::run [ RunTime:0.001097s ]
INFO: [ app_begin ] --END-- [ RunTime:0.001182s ]

[ 2016-03-26T11:53:25+08:00 ] 183.53.99.164 /index.php/Index/iscode/groupid/43C1549E222DE8BCFD975AEF5F44443A/username/10769510/password/12345678/uuid/533D2876-B9EC-493A-8A79-881585BF3215
INFO: [ route_check ] --START--
INFO: CheckRoute Behavior ::run [ RunTime:0.001428s ]
INFO: [ route_check ] --END-- [ RunTime:0.001549s ]
INFO: [ app_begin ] --START--
INFO: ReadHtmlCache Behavior ::run [ RunTime:0.001033s ]
INFO: [ app_begin ] --END-- [ RunTime:0.001125s ]
SQL: SHOW COLUMNS FROM `app_code` [ RunTime:0.001879s ]
SQL: SELECT * FROM `app_code` WHERE ( username="10769510" and password="12345678" and groupid="43C1549E222DE8BCFD975AEF5F44443A" ) LIMIT 1   [ RunTime:0.000838s ]
SQL: SHOW COLUMNS FROM `app_group` [ RunTime:0.001439s ]
SQL: SELECT * FROM `app_group` LIMIT 1   [ RunTime:0.000753s ]

[ 2016-03-26T11:53:25+08:00 ] 183.53.99.164 /index.php/Index/iscode/groupid/43C1549E222DE8BCFD975AEF5F44443A/username/10769510/password/12345678/uuid/533D2876-B9EC-493A-8A79-881585BF3215/type/updata
INFO: [ route_check ] --START--
INFO: CheckRoute Behavior ::run [ RunTime:0.001037s ]
INFO: [ route_check ] --END-- [ RunTime:0.001153s ]
INFO: [ app_begin ] --START--
INFO: ReadHtmlCache Behavior ::run [ RunTime:0.000643s ]
INFO: [ app_begin ] --END-- [ RunTime:0.000728s ]
SQL: SHOW COLUMNS FROM `app_code` [ RunTime:0.001667s ]
SQL: SELECT * FROM `app_code` WHERE ( username="10769510" and password="12345678" and groupid="43C1549E222DE8BCFD975AEF5F44443A" ) LIMIT 1   [ RunTime:0.000728s ]
SQL: SHOW COLUMNS FROM `app_group` [ RunTime:0.001315s ]
SQL: SELECT * FROM `app_group` LIMIT 1   [ RunTime:0.000594s ]

[ 2016-03-26T12:33:05+08:00 ] 111.151.89.113 /index.php/Index/iscode/groupid/43C1549E222DE8BCFD975AEF5F44443A/username/F076930/password/12345678/uuid/90B93C1F-CC8E-41D9-A8A9-E1EC05EEC78F
INFO: [ route_check ] --START--
INFO: CheckRoute Behavior ::run [ RunTime:0.001350s ]
INFO: [ route_check ] --END-- [ RunTime:0.001469s ]
INFO: [ app_begin ] --START--
INFO: ReadHtmlCache Behavior ::run [ RunTime:0.001061s ]
INFO: [ app_begin ] --END-- [ RunTime:0.001150s ]
SQL: SHOW COLUMNS FROM `app_code` [ RunTime:0.001896s ]
SQL: SELECT * FROM `app_code` WHERE ( username="F076930" and password="12345678" and groupid="43C1549E222DE8BCFD975AEF5F44443A" ) LIMIT 1   [ RunTime:0.000738s ]
SQL: SHOW COLUMNS FROM `app_group` [ RunTime:0.001549s ]
SQL: SELECT * FROM `app_group` LIMIT 1   [ RunTime:0.000616s ]

[ 2016-03-26T12:33:06+08:00 ] 111.151.89.113 /index.php/Index/iscode/groupid/43C1549E222DE8BCFD975AEF5F44443A/username/F076930/password/12345678/uuid/90B93C1F-CC8E-41D9-A8A9-E1EC05EEC78F/type/updata
INFO: [ route_check ] --START--
INFO: CheckRoute Behavior ::run [ RunTime:0.001033s ]
INFO: [ route_check ] --END-- [ RunTime:0.001156s ]
INFO: [ app_begin ] --START--
INFO: ReadHtmlCache Behavior ::run [ RunTime:0.000624s ]
INFO: [ app_begin ] --END-- [ RunTime:0.000710s ]
SQL: SHOW COLUMNS FROM `app_code` [ RunTime:0.001625s ]
SQL: SELECT * FROM `app_code` WHERE ( username="F076930" and password="12345678" and groupid="43C1549E222DE8BCFD975AEF5F44443A" ) LIMIT 1   [ RunTime:0.000729s ]
SQL: SHOW COLUMNS FROM `app_group` [ RunTime:0.001280s ]
SQL: SELECT * FROM `app_group` LIMIT 1   [ RunTime:0.000647s ]

[ 2016-03-26T12:41:05+08:00 ] 111.151.89.113 /index.php/Index/iscode/groupid/43C1549E222DE8BCFD975AEF5F44443A/username/F076930/password/12345678/uuid/90B93C1F-CC8E-41D9-A8A9-E1EC05EEC78F/type/updata
INFO: [ route_check ] --START--
INFO: CheckRoute Behavior ::run [ RunTime:0.001374s ]
INFO: [ route_check ] --END-- [ RunTime:0.001483s ]
INFO: [ app_begin ] --START--
INFO: ReadHtmlCache Behavior ::run [ RunTime:0.001079s ]
INFO: [ app_begin ] --END-- [ RunTime:0.001183s ]
SQL: SHOW COLUMNS FROM `app_code` [ RunTime:0.002051s ]
SQL: SELECT * FROM `app_code` WHERE ( username="F076930" and password="12345678" and groupid="43C1549E222DE8BCFD975AEF5F44443A" ) LIMIT 1   [ RunTime:0.000778s ]
SQL: SHOW COLUMNS FROM `app_group` [ RunTime:0.001388s ]
SQL: SELECT * FROM `app_group` LIMIT 1   [ RunTime:0.000617s ]

[ 2016-03-26T12:41:59+08:00 ] 111.151.89.113 /index.php/Index/iscode/groupid/43C1549E222DE8BCFD975AEF5F44443A/username/F076930/password/12345678/uuid/90B93C1F-CC8E-41D9-A8A9-E1EC05EEC78F/type/updata
INFO: [ route_check ] --START--
INFO: CheckRoute Behavior ::run [ RunTime:0.000954s ]
INFO: [ route_check ] --END-- [ RunTime:0.001072s ]
INFO: [ app_begin ] --START--
INFO: ReadHtmlCache Behavior ::run [ RunTime:0.000610s ]
INFO: [ app_begin ] --END-- [ RunTime:0.000694s ]
SQL: SHOW COLUMNS FROM `app_code` [ RunTime:0.001618s ]
SQL: SELECT * FROM `app_code` WHERE ( username="F076930" and password="12345678" and groupid="43C1549E222DE8BCFD975AEF5F44443A" ) LIMIT 1   [ RunTime:0.000711s ]
SQL: SHOW COLUMNS FROM `app_group` [ RunTime:0.001312s ]
SQL: SELECT * FROM `app_group` LIMIT 1   [ RunTime:0.000601s ]

[ 2016-03-26T12:50:40+08:00 ] 14.119.37.47 /index.php/Index/iscode/groupid/43C1549E222DE8BCFD975AEF5F44443A/username/dongya/password/12345678/uuid/C85F80C0-9E77-4B3B-940F-6FE03BB966C2
INFO: [ route_check ] --START--
INFO: CheckRoute Behavior ::run [ RunTime:0.001451s ]
INFO: [ route_check ] --END-- [ RunTime:0.001559s ]
INFO: [ app_begin ] --START--
INFO: ReadHtmlCache Behavior ::run [ RunTime:0.000996s ]
INFO: [ app_begin ] --END-- [ RunTime:0.001083s ]
SQL: SHOW COLUMNS FROM `app_code` [ RunTime:0.001732s ]
SQL: SELECT * FROM `app_code` WHERE ( username="dongya" and password="12345678" and groupid="43C1549E222DE8BCFD975AEF5F44443A" ) LIMIT 1   [ RunTime:0.000816s ]
SQL: SHOW COLUMNS FROM `app_group` [ RunTime:0.001374s ]
SQL: SELECT * FROM `app_group` LIMIT 1   [ RunTime:0.000604s ]

[ 2016-03-26T12:50:40+08:00 ] 14.119.37.47 /index.php/Uploadprohot
INFO: [ route_check ] --START--
INFO: CheckRoute Behavior ::run [ RunTime:0.000939s ]
INFO: [ route_check ] --END-- [ RunTime:0.001042s ]
INFO: [ app_begin ] --START--
INFO: ReadHtmlCache Behavior ::run [ RunTime:0.000645s ]
INFO: [ app_begin ] --END-- [ RunTime:0.000754s ]

[ 2016-03-26T12:50:40+08:00 ] 14.119.37.47 /index.php/Index/iscode/groupid/43C1549E222DE8BCFD975AEF5F44443A/username/dongya/password/12345678/uuid/C85F80C0-9E77-4B3B-940F-6FE03BB966C2/type/updata
INFO: [ route_check ] --START--
INFO: CheckRoute Behavior ::run [ RunTime:0.000932s ]
INFO: [ route_check ] --END-- [ RunTime:0.001037s ]
INFO: [ app_begin ] --START--
INFO: ReadHtmlCache Behavior ::run [ RunTime:0.000602s ]
INFO: [ app_begin ] --END-- [ RunTime:0.000686s ]
SQL: SHOW COLUMNS FROM `app_code` [ RunTime:0.001620s ]
SQL: SELECT * FROM `app_code` WHERE ( username="dongya" and password="12345678" and groupid="43C1549E222DE8BCFD975AEF5F44443A" ) LIMIT 1   [ RunTime:0.000714s ]
SQL: SHOW COLUMNS FROM `app_group` [ RunTime:0.001285s ]
SQL: SELECT * FROM `app_group` LIMIT 1   [ RunTime:0.000605s ]

[ 2016-03-26T14:03:58+08:00 ] 14.216.249.50 /index.php/Index/iscode/groupid/43C1549E222DE8BCFD975AEF5F44443A/username/dongya008/password/12345678/uuid/423C92B7-E540-4CB8-A628-E2603A87B55D
INFO: [ route_check ] --START--
INFO: CheckRoute Behavior ::run [ RunTime:0.001435s ]
INFO: [ route_check ] --END-- [ RunTime:0.001541s ]
INFO: [ app_begin ] --START--
INFO: ReadHtmlCache Behavior ::run [ RunTime:0.001004s ]
INFO: [ app_begin ] --END-- [ RunTime:0.001089s ]
SQL: SHOW COLUMNS FROM `app_code` [ RunTime:0.001875s ]
SQL: SELECT * FROM `app_code` WHERE ( username="dongya008" and password="12345678" and groupid="43C1549E222DE8BCFD975AEF5F44443A" ) LIMIT 1   [ RunTime:0.001073s ]
SQL: SHOW COLUMNS FROM `app_group` [ RunTime:0.001513s ]
SQL: SELECT * FROM `app_group` WHERE ( `guid` = '43C1549E222DE8BCFD975AEF5F44443A' ) LIMIT 1   [ RunTime:0.000633s ]
SQL: UPDATE `app_code` SET `uuid`='423C92B7-E540-4CB8-A628-E2603A87B55D',`binding`=0 WHERE ( `guid` = 'C215052EF9AE478B8CD892CF337B4B31' ) [ RunTime:0.000243s ]
NOTIC: [8] Undefined index:  type D:\PHPnow\htdocs\dongya\Lib\Action\IndexAction.class.php ç¬¬ 74 è¡Œ.

[ 2016-03-26T14:04:01+08:00 ] 14.216.249.50 /index.php/Index/iscode/groupid/43C1549E222DE8BCFD975AEF5F44443A/username/dongya008/password/12345678/uuid/423C92B7-E540-4CB8-A628-E2603A87B55D/type/updata
INFO: [ route_check ] --START--
INFO: CheckRoute Behavior ::run [ RunTime:0.000939s ]
INFO: [ route_check ] --END-- [ RunTime:0.001057s ]
INFO: [ app_begin ] --START--
INFO: ReadHtmlCache Behavior ::run [ RunTime:0.000607s ]
INFO: [ app_begin ] --END-- [ RunTime:0.000700s ]
SQL: SHOW COLUMNS FROM `app_code` [ RunTime:0.001736s ]
SQL: SELECT * FROM `app_code` WHERE ( username="dongya008" and password="12345678" and groupid="43C1549E222DE8BCFD975AEF5F44443A" ) LIMIT 1   [ RunTime:0.000728s ]
SQL: SHOW COLUMNS FROM `app_group` [ RunTime:0.001930s ]
SQL: SELECT * FROM `app_group` WHERE ( `guid` = '43C1549E222DE8BCFD975AEF5F44443A' ) LIMIT 1   [ RunTime:0.000615s ]
SQL: UPDATE `app_code` SET `uuid`='423C92B7-E540-4CB8-A628-E2603A87B55D',`binding`=0 WHERE ( `guid` = 'C215052EF9AE478B8CD892CF337B4B31' ) [ RunTime:0.000240s ]

[ 2016-03-26T14:04:01+08:00 ] 14.216.249.50 /index.php/Uploadprohot
INFO: [ route_check ] --START--
INFO: CheckRoute Behavior ::run [ RunTime:0.001376s ]
INFO: [ route_check ] --END-- [ RunTime:0.001489s ]
INFO: [ app_begin ] --START--
INFO: ReadHtmlCache Behavior ::run [ RunTime:0.001003s ]
INFO: [ app_begin ] --END-- [ RunTime:0.001088s ]

[ 2016-03-26T14:23:58+08:00 ] 113.101.144.158 /index.php/Index/iscode/groupid/43C1549E222DE8BCFD975AEF5F44443A/username/dongya001/password/12345678/uuid/79A1181A-9730-47A6-9C14-FC9BE9871C7E
INFO: [ route_check ] --START--
INFO: CheckRoute Behavior ::run [ RunTime:0.001352s ]
INFO: [ route_check ] --END-- [ RunTime:0.001456s ]
INFO: [ app_begin ] --START--
INFO: ReadHtmlCache Behavior ::run [ RunTime:0.001007s ]
INFO: [ app_begin ] --END-- [ RunTime:0.001092s ]
SQL: SHOW COLUMNS FROM `app_code` [ RunTime:0.001621s ]
SQL: SELECT * FROM `app_code` WHERE ( username="dongya001" and password="12345678" and groupid="43C1549E222DE8BCFD975AEF5F44443A" ) LIMIT 1   [ RunTime:0.000745s ]
SQL: SHOW COLUMNS FROM `app_group` [ RunTime:0.001300s ]
SQL: SELECT * FROM `app_group` WHERE ( `guid` = '43C1549E222DE8BCFD975AEF5F44443A' ) LIMIT 1   [ RunTime:0.000622s ]
SQL: UPDATE `app_code` SET `uuid`='79A1181A-9730-47A6-9C14-FC9BE9871C7E',`binding`=0 WHERE ( `guid` = '277E551928CA4412BF6CFDDD3F9AAB44' ) [ RunTime:0.000241s ]
NOTIC: [8] Undefined index:  type D:\PHPnow\htdocs\dongya\Lib\Action\IndexAction.class.php ç¬¬ 74 è¡Œ.

[ 2016-03-26T14:23:58+08:00 ] 113.101.144.158 /index.php/Index/iscode/groupid/43C1549E222DE8BCFD975AEF5F44443A/username/dongya001/password/12345678/uuid/79A1181A-9730-47A6-9C14-FC9BE9871C7E/type/updata
INFO: [ route_check ] --START--
INFO: CheckRoute Behavior ::run [ RunTime:0.000938s ]
INFO: [ route_check ] --END-- [ RunTime:0.001049s ]
INFO: [ app_begin ] --START--
INFO: ReadHtmlCache Behavior ::run [ RunTime:0.000610s ]
INFO: [ app_begin ] --END-- [ RunTime:0.000695s ]
SQL: SHOW COLUMNS FROM `app_code` [ RunTime:0.001724s ]
SQL: SELECT * FROM `app_code` WHERE ( username="dongya001" and password="12345678" and groupid="43C1549E222DE8BCFD975AEF5F44443A" ) LIMIT 1   [ RunTime:0.000797s ]
SQL: SHOW COLUMNS FROM `app_group` [ RunTime:0.001302s ]
SQL: SELECT * FROM `app_group` WHERE ( `guid` = '43C1549E222DE8BCFD975AEF5F44443A' ) LIMIT 1   [ RunTime:0.000626s ]
SQL: UPDATE `app_code` SET `uuid`='79A1181A-9730-47A6-9C14-FC9BE9871C7E',`binding`=0 WHERE ( `guid` = '277E551928CA4412BF6CFDDD3F9AAB44' ) [ RunTime:0.000240s ]

[ 2016-03-26T14:41:06+08:00 ] 183.35.213.162 /index.php/Index/iscode/groupid/43C1549E222DE8BCFD975AEF5F44443A/username/dyyangshan/password/12345678/uuid/CC86BE3B-73D2-4213-807B-123EBFBD792D
INFO: [ route_check ] --START--
INFO: CheckRoute Behavior ::run [ RunTime:0.001393s ]
INFO: [ route_check ] --END-- [ RunTime:0.001515s ]
INFO: [ app_begin ] --START--
INFO: ReadHtmlCache Behavior ::run [ RunTime:0.001046s ]
INFO: [ app_begin ] --END-- [ RunTime:0.001134s ]
SQL: SHOW COLUMNS FROM `app_code` [ RunTime:0.002298s ]
SQL: SELECT * FROM `app_code` WHERE ( username="dyyangshan" and password="12345678" and groupid="43C1549E222DE8BCFD975AEF5F44443A" ) LIMIT 1   [ RunTime:0.000738s ]
SQL: SHOW COLUMNS FROM `app_group` [ RunTime:0.001585s ]
SQL: SELECT * FROM `app_group` LIMIT 1   [ RunTime:0.000604s ]

[ 2016-03-26T14:41:06+08:00 ] 183.35.213.162 /index.php/Uploadprohot
INFO: [ route_check ] --START--
INFO: CheckRoute Behavior ::run [ RunTime:0.001215s ]
INFO: [ route_check ] --END-- [ RunTime:0.001348s ]
INFO: [ app_begin ] --START--
INFO: ReadHtmlCache Behavior ::run [ RunTime:0.000899s ]
INFO: [ app_begin ] --END-- [ RunTime:0.001026s ]

[ 2016-03-26T14:41:06+08:00 ] 183.35.213.162 /index.php/Index/iscode/groupid/43C1549E222DE8BCFD975AEF5F44443A/username/dyyangshan/password/12345678/uuid/CC86BE3B-73D2-4213-807B-123EBFBD792D/type/updata
INFO: [ route_check ] --START--
INFO: CheckRoute Behavior ::run [ RunTime:0.001042s ]
INFO: [ route_check ] --END-- [ RunTime:0.001195s ]
INFO: [ app_begin ] --START--
INFO: ReadHtmlCache Behavior ::run [ RunTime:0.000620s ]
INFO: [ app_begin ] --END-- [ RunTime:0.000704s ]
SQL: SHOW COLUMNS FROM `app_code` [ RunTime:0.001606s ]
SQL: SELECT * FROM `app_code` WHERE ( username="dyyangshan" and password="12345678" and groupid="43C1549E222DE8BCFD975AEF5F44443A" ) LIMIT 1   [ RunTime:0.000796s ]
SQL: SHOW COLUMNS FROM `app_group` [ RunTime:0.001332s ]
SQL: SELECT * FROM `app_group` LIMIT 1   [ RunTime:0.000801s ]

[ 2016-03-26T15:48:26+08:00 ] 183.53.99.164 /index.php/Index/iscode/groupid/43C1549E222DE8BCFD975AEF5F44443A/username/10769510/password/12345678/uuid/533D2876-B9EC-493A-8A79-881585BF3215
INFO: [ route_check ] --START--
INFO: CheckRoute Behavior ::run [ RunTime:0.001464s ]
INFO: [ route_check ] --END-- [ RunTime:0.001594s ]
INFO: [ app_begin ] --START--
INFO: ReadHtmlCache Behavior ::run [ RunTime:0.001284s ]
INFO: [ app_begin ] --END-- [ RunTime:0.001372s ]
SQL: SHOW COLUMNS FROM `app_code` [ RunTime:0.001893s ]
SQL: SELECT * FROM `app_code` WHERE ( username="10769510" and password="12345678" and groupid="43C1549E222DE8BCFD975AEF5F44443A" ) LIMIT 1   [ RunTime:0.000743s ]
SQL: SHOW COLUMNS FROM `app_group` [ RunTime:0.001837s ]
SQL: SELECT * FROM `app_group` LIMIT 1   [ RunTime:0.000652s ]

[ 2016-03-26T15:48:26+08:00 ] 183.53.99.164 /index.php/Index/iscode/groupid/43C1549E222DE8BCFD975AEF5F44443A/username/10769510/password/12345678/uuid/533D2876-B9EC-493A-8A79-881585BF3215/type/updata
INFO: [ route_check ] --START--
INFO: CheckRoute Behavior ::run [ RunTime:0.001059s ]
INFO: [ route_check ] --END-- [ RunTime:0.001174s ]
INFO: [ app_begin ] --START--
INFO: ReadHtmlCache Behavior ::run [ RunTime:0.000614s ]
INFO: [ app_begin ] --END-- [ RunTime:0.000703s ]
SQL: SHOW COLUMNS FROM `app_code` [ RunTime:0.001615s ]
SQL: SELECT * FROM `app_code` WHERE ( username="10769510" and password="12345678" and groupid="43C1549E222DE8BCFD975AEF5F44443A" ) LIMIT 1   [ RunTime:0.000865s ]
SQL: SHOW COLUMNS FROM `app_group` [ RunTime:0.001308s ]
SQL: SELECT * FROM `app_group` LIMIT 1   [ RunTime:0.000728s ]

[ 2016-03-26T18:06:15+08:00 ] 223.146.9.221 /index.php/Index/iscode/groupid/43C1549E222DE8BCFD975AEF5F44443A/username/Ò»Ò»Ò»Ò»Ò»°Ë/password/tyyuii/uuid/902FAE22-573C-44CC-92C3-2A46BBFFA3D6
INFO: [ route_check ] --START--
INFO: CheckRoute Behavior ::run [ RunTime:0.001423s ]
INFO: [ route_check ] --END-- [ RunTime:0.001544s ]
INFO: [ app_begin ] --START--
INFO: ReadHtmlCache Behavior ::run [ RunTime:0.001017s ]
INFO: [ app_begin ] --END-- [ RunTime:0.001104s ]
SQL: SHOW COLUMNS FROM `app_code` [ RunTime:0.001891s ]
SQL: SELECT * FROM `app_code` WHERE ( username="Ò»Ò»Ò»Ò»Ò»°Ë" and password="tyyuii" and groupid="43C1549E222DE8BCFD975AEF5F44443A" ) LIMIT 1   [ RunTime:0.000747s ]
SQL: SHOW COLUMNS FROM `app_group` [ RunTime:0.001578s ]
SQL: SELECT * FROM `app_group` LIMIT 1   [ RunTime:0.000640s ]

[ 2016-03-26T18:06:15+08:00 ] 223.146.9.221 /index.php/Index/iscode/groupid/43C1549E222DE8BCFD975AEF5F44443A/username/Ò»Ò»Ò»Ò»Ò»°Ë/password/tyyuii/uuid/902FAE22-573C-44CC-92C3-2A46BBFFA3D6/type/updata
INFO: [ route_check ] --START--
INFO: CheckRoute Behavior ::run [ RunTime:0.001038s ]
INFO: [ route_check ] --END-- [ RunTime:0.001151s ]
INFO: [ app_begin ] --START--
INFO: ReadHtmlCache Behavior ::run [ RunTime:0.000715s ]
INFO: [ app_begin ] --END-- [ RunTime:0.000797s ]
SQL: SHOW COLUMNS FROM `app_code` [ RunTime:0.001683s ]
SQL: SELECT * FROM `app_code` WHERE ( username="Ò»Ò»Ò»Ò»Ò»°Ë" and password="tyyuii" and groupid="43C1549E222DE8BCFD975AEF5F44443A" ) LIMIT 1   [ RunTime:0.000780s ]
SQL: SHOW COLUMNS FROM `app_group` [ RunTime:0.001512s ]
SQL: SELECT * FROM `app_group` LIMIT 1   [ RunTime:0.000601s ]

[ 2016-03-26T21:19:33+08:00 ] 171.109.210.87 /index.php/Index/iscode/groupid/43C1549E222DE8BCFD975AEF5F44443A/username/dongya003/password/12345678/uuid/F2BD55CD-42E5-48B6-9DDA-44D228FF2BF7
INFO: [ route_check ] --START--
INFO: CheckRoute Behavior ::run [ RunTime:0.003774s ]
INFO: [ route_check ] --END-- [ RunTime:0.003906s ]
INFO: [ app_begin ] --START--
INFO: ReadHtmlCache Behavior ::run [ RunTime:0.002034s ]
INFO: [ app_begin ] --END-- [ RunTime:0.002129s ]
SQL: SHOW COLUMNS FROM `app_code` [ RunTime:0.030413s ]
SQL: SELECT * FROM `app_code` WHERE ( username="dongya003" and password="12345678" and groupid="43C1549E222DE8BCFD975AEF5F44443A" ) LIMIT 1   [ RunTime:0.016452s ]
SQL: SHOW COLUMNS FROM `app_group` [ RunTime:0.026290s ]
SQL: SELECT * FROM `app_group` WHERE ( `guid` = '43C1549E222DE8BCFD975AEF5F44443A' ) LIMIT 1   [ RunTime:0.000848s ]
SQL: UPDATE `app_code` SET `uuid`='F2BD55CD-42E5-48B6-9DDA-44D228FF2BF7',`binding`=0 WHERE ( `guid` = '956A973D03644B18A70B0EF34BF76995' ) [ RunTime:0.000272s ]
NOTIC: [8] Undefined index:  type D:\PHPnow\htdocs\dongya\Lib\Action\IndexAction.class.php ç¬¬ 74 è¡Œ.

[ 2016-03-26T21:19:33+08:00 ] 171.109.210.87 /index.php/Uploadprohot
INFO: [ route_check ] --START--
INFO: CheckRoute Behavior ::run [ RunTime:0.000980s ]
INFO: [ route_check ] --END-- [ RunTime:0.001100s ]
INFO: [ app_begin ] --START--
INFO: ReadHtmlCache Behavior ::run [ RunTime:0.000935s ]
INFO: [ app_begin ] --END-- [ RunTime:0.001046s ]

[ 2016-03-26T21:19:33+08:00 ] 171.109.210.87 /index.php/Index/iscode/groupid/43C1549E222DE8BCFD975AEF5F44443A/username/dongya003/password/12345678/uuid/F2BD55CD-42E5-48B6-9DDA-44D228FF2BF7/type/updata
INFO: [ route_check ] --START--
INFO: CheckRoute Behavior ::run [ RunTime:0.000947s ]
INFO: [ route_check ] --END-- [ RunTime:0.001069s ]
INFO: [ app_begin ] --START--
INFO: ReadHtmlCache Behavior ::run [ RunTime:0.000632s ]
INFO: [ app_begin ] --END-- [ RunTime:0.000732s ]
SQL: SHOW COLUMNS FROM `app_code` [ RunTime:0.001642s ]
SQL: SELECT * FROM `app_code` WHERE ( username="dongya003" and password="12345678" and groupid="43C1549E222DE8BCFD975AEF5F44443A" ) LIMIT 1   [ RunTime:0.000729s ]
SQL: SHOW COLUMNS FROM `app_group` [ RunTime:0.001297s ]
SQL: SELECT * FROM `app_group` WHERE ( `guid` = '43C1549E222DE8BCFD975AEF5F44443A' ) LIMIT 1   [ RunTime:0.000634s ]
SQL: UPDATE `app_code` SET `uuid`='F2BD55CD-42E5-48B6-9DDA-44D228FF2BF7',`binding`=0 WHERE ( `guid` = '956A973D03644B18A70B0EF34BF76995' ) [ RunTime:0.000241s ]

