[ 2016-05-05T02:40:17+08:00 ] 176.96.82.165 /index.php
INFO: [ app_begin ] --START--
INFO: ReadHtmlCache Behavior ::run [ RunTime:0.001459s ]
INFO: [ app_begin ] --END-- [ RunTime:0.001586s ]
INFO: [ view_parse ] --START--
INFO: ParseTemplate Behavior ::run [ RunTime:0.058898s ]
INFO: [ view_parse ] --END-- [ RunTime:0.059031s ]
INFO: [ view_filter ] --START--
INFO: ContentReplace Behavior ::run [ RunTime:0.010555s ]
INFO: TokenBuild Behavior ::run [ RunTime:0.002647s ]
INFO: WriteHtmlCache Behavior ::run [ RunTime:0.002918s ]
INFO: ShowRuntime Behavior ::run [ RunTime:0.002915s ]
INFO: [ view_filter ] --END-- [ RunTime:0.019278s ]
INFO: [ view_end ] --START--
INFO: ShowPageTrace Behavior ::run [ RunTime:0.002629s ]
INFO: [ view_end ] --END-- [ RunTime:0.002711s ]

[ 2016-05-05T04:01:19+08:00 ] 59.37.184.18 /index.php/Index/iscode/groupid/43C1549E222DE8BCFD975AEF5F44443A/username/dongya015/password/12345678/uuid/F8590617-8EC3-4CDD-AB95-5F42F084FD94/type/updata
INFO: [ route_check ] --START--
INFO: CheckRoute Behavior ::run [ RunTime:0.003785s ]
INFO: [ route_check ] --END-- [ RunTime:0.003920s ]
INFO: [ app_begin ] --START--
INFO: ReadHtmlCache Behavior ::run [ RunTime:0.002010s ]
INFO: [ app_begin ] --END-- [ RunTime:0.002130s ]
SQL: SHOW COLUMNS FROM `app_code` [ RunTime:0.031467s ]
SQL: SELECT * FROM `app_code` WHERE ( username="dongya015" and password="12345678" and groupid="43C1549E222DE8BCFD975AEF5F44443A" ) LIMIT 1   [ RunTime:0.010923s ]
SQL: SHOW COLUMNS FROM `app_group` [ RunTime:0.036549s ]
SQL: SELECT * FROM `app_group` WHERE ( `guid` = '43C1549E222DE8BCFD975AEF5F44443A' ) LIMIT 1   [ RunTime:0.000918s ]
SQL: UPDATE `app_code` SET `uuid`='F8590617-8EC3-4CDD-AB95-5F42F084FD94',`binding`=0 WHERE ( `guid` = '3816EC48214D465BB7FF219AC09651E6' ) [ RunTime:0.000273s ]

[ 2016-05-05T04:04:10+08:00 ] 59.37.184.18 /index.php/Index/iscode/groupid/43C1549E222DE8BCFD975AEF5F44443A/username/dongya015/password/12345678/uuid/F8590617-8EC3-4CDD-AB95-5F42F084FD94/type/updata
INFO: [ route_check ] --START--
INFO: CheckRoute Behavior ::run [ RunTime:0.001388s ]
INFO: [ route_check ] --END-- [ RunTime:0.001512s ]
INFO: [ app_begin ] --START--
INFO: ReadHtmlCache Behavior ::run [ RunTime:0.001029s ]
INFO: [ app_begin ] --END-- [ RunTime:0.001168s ]
SQL: SHOW COLUMNS FROM `app_code` [ RunTime:0.001694s ]
SQL: SELECT * FROM `app_code` WHERE ( username="dongya015" and password="12345678" and groupid="43C1549E222DE8BCFD975AEF5F44443A" ) LIMIT 1   [ RunTime:0.000756s ]
SQL: SHOW COLUMNS FROM `app_group` [ RunTime:0.001324s ]
SQL: SELECT * FROM `app_group` WHERE ( `guid` = '43C1549E222DE8BCFD975AEF5F44443A' ) LIMIT 1   [ RunTime:0.000654s ]
SQL: UPDATE `app_code` SET `uuid`='F8590617-8EC3-4CDD-AB95-5F42F084FD94',`binding`=0 WHERE ( `guid` = '3816EC48214D465BB7FF219AC09651E6' ) [ RunTime:0.000244s ]

[ 2016-05-05T04:04:48+08:00 ] 59.37.184.18 /index.php/Index/iscode/groupid/43C1549E222DE8BCFD975AEF5F44443A/username/dongya015/password/12345678/uuid/F8590617-8EC3-4CDD-AB95-5F42F084FD94/type/updata
INFO: [ route_check ] --START--
INFO: CheckRoute Behavior ::run [ RunTime:0.000936s ]
INFO: [ route_check ] --END-- [ RunTime:0.001040s ]
INFO: [ app_begin ] --START--
INFO: ReadHtmlCache Behavior ::run [ RunTime:0.000697s ]
INFO: [ app_begin ] --END-- [ RunTime:0.000782s ]
SQL: SHOW COLUMNS FROM `app_code` [ RunTime:0.001664s ]
SQL: SELECT * FROM `app_code` WHERE ( username="dongya015" and password="12345678" and groupid="43C1549E222DE8BCFD975AEF5F44443A" ) LIMIT 1   [ RunTime:0.000779s ]
SQL: SHOW COLUMNS FROM `app_group` [ RunTime:0.001296s ]
SQL: SELECT * FROM `app_group` WHERE ( `guid` = '43C1549E222DE8BCFD975AEF5F44443A' ) LIMIT 1   [ RunTime:0.000649s ]
SQL: UPDATE `app_code` SET `uuid`='F8590617-8EC3-4CDD-AB95-5F42F084FD94',`binding`=0 WHERE ( `guid` = '3816EC48214D465BB7FF219AC09651E6' ) [ RunTime:0.000237s ]

[ 2016-05-05T07:59:37+08:00 ] 14.18.189.181 /index.php/Index/iscode/groupid/43C1549E222DE8BCFD975AEF5F44443A/username/dongya002/password/12345678/uuid/2BD16442-92E4-4320-913F-0727A9FBCCC2
INFO: [ route_check ] --START--
INFO: CheckRoute Behavior ::run [ RunTime:0.002776s ]
INFO: [ route_check ] --END-- [ RunTime:0.002919s ]
INFO: [ app_begin ] --START--
INFO: ReadHtmlCache Behavior ::run [ RunTime:0.001998s ]
INFO: [ app_begin ] --END-- [ RunTime:0.002096s ]
SQL: SHOW COLUMNS FROM `app_code` [ RunTime:0.018921s ]
SQL: SELECT * FROM `app_code` WHERE ( username="dongya002" and password="12345678" and groupid="43C1549E222DE8BCFD975AEF5F44443A" ) LIMIT 1   [ RunTime:0.008689s ]
SQL: SHOW COLUMNS FROM `app_group` [ RunTime:0.062997s ]
SQL: SELECT * FROM `app_group` WHERE ( `guid` = '43C1549E222DE8BCFD975AEF5F44443A' ) LIMIT 1   [ RunTime:0.000937s ]
SQL: UPDATE `app_code` SET `uuid`='2BD16442-92E4-4320-913F-0727A9FBCCC2',`binding`=0 WHERE ( `guid` = 'B1F9C6DE677E4184896E95D835A46518' ) [ RunTime:0.000430s ]
NOTIC: [8] Undefined index:  type D:\PHPnow\htdocs\dongya\Lib\Action\IndexAction.class.php ç¬¬ 74 è¡Œ.

[ 2016-05-05T07:59:37+08:00 ] 14.18.189.181 /index.php/Index/iscode/groupid/43C1549E222DE8BCFD975AEF5F44443A/username/dongya002/password/12345678/uuid/2BD16442-92E4-4320-913F-0727A9FBCCC2/type/updata
INFO: [ route_check ] --START--
INFO: CheckRoute Behavior ::run [ RunTime:0.000963s ]
INFO: [ route_check ] --END-- [ RunTime:0.001078s ]
INFO: [ app_begin ] --START--
INFO: ReadHtmlCache Behavior ::run [ RunTime:0.000618s ]
INFO: [ app_begin ] --END-- [ RunTime:0.000700s ]
SQL: SHOW COLUMNS FROM `app_code` [ RunTime:0.001662s ]
SQL: SELECT * FROM `app_code` WHERE ( username="dongya002" and password="12345678" and groupid="43C1549E222DE8BCFD975AEF5F44443A" ) LIMIT 1   [ RunTime:0.000729s ]
SQL: SHOW COLUMNS FROM `app_group` [ RunTime:0.001320s ]
SQL: SELECT * FROM `app_group` WHERE ( `guid` = '43C1549E222DE8BCFD975AEF5F44443A' ) LIMIT 1   [ RunTime:0.000629s ]
SQL: UPDATE `app_code` SET `uuid`='2BD16442-92E4-4320-913F-0727A9FBCCC2',`binding`=0 WHERE ( `guid` = 'B1F9C6DE677E4184896E95D835A46518' ) [ RunTime:0.000238s ]

[ 2016-05-05T07:59:49+08:00 ] 14.18.189.181 /index.php/Index/iscode/groupid/43C1549E222DE8BCFD975AEF5F44443A/username/dongya002/password/12345678/uuid/2BD16442-92E4-4320-913F-0727A9FBCCC2/type/updata
INFO: [ route_check ] --START--
INFO: CheckRoute Behavior ::run [ RunTime:0.000983s ]
INFO: [ route_check ] --END-- [ RunTime:0.001102s ]
INFO: [ app_begin ] --START--
INFO: ReadHtmlCache Behavior ::run [ RunTime:0.000612s ]
INFO: [ app_begin ] --END-- [ RunTime:0.000696s ]
SQL: SHOW COLUMNS FROM `app_code` [ RunTime:0.001856s ]
SQL: SELECT * FROM `app_code` WHERE ( username="dongya002" and password="12345678" and groupid="43C1549E222DE8BCFD975AEF5F44443A" ) LIMIT 1   [ RunTime:0.000737s ]
SQL: SHOW COLUMNS FROM `app_group` [ RunTime:0.001437s ]
SQL: SELECT * FROM `app_group` WHERE ( `guid` = '43C1549E222DE8BCFD975AEF5F44443A' ) LIMIT 1   [ RunTime:0.000648s ]
SQL: UPDATE `app_code` SET `uuid`='2BD16442-92E4-4320-913F-0727A9FBCCC2',`binding`=0 WHERE ( `guid` = 'B1F9C6DE677E4184896E95D835A46518' ) [ RunTime:0.000246s ]

[ 2016-05-05T08:26:14+08:00 ] 113.70.57.205 /index.php
INFO: [ app_begin ] --START--
INFO: ReadHtmlCache Behavior ::run [ RunTime:0.001079s ]
INFO: [ app_begin ] --END-- [ RunTime:0.001178s ]
INFO: [ view_parse ] --START--
INFO: ParseTemplate Behavior ::run [ RunTime:0.055975s ]
INFO: [ view_parse ] --END-- [ RunTime:0.056096s ]
INFO: [ view_filter ] --START--
INFO: ContentReplace Behavior ::run [ RunTime:0.002003s ]
INFO: TokenBuild Behavior ::run [ RunTime:0.018071s ]
INFO: WriteHtmlCache Behavior ::run [ RunTime:0.001692s ]
INFO: ShowRuntime Behavior ::run [ RunTime:0.002284s ]
INFO: [ view_filter ] --END-- [ RunTime:0.024300s ]
INFO: [ view_end ] --START--
INFO: ShowPageTrace Behavior ::run [ RunTime:0.001999s ]
INFO: [ view_end ] --END-- [ RunTime:0.002080s ]

[ 2016-05-05T08:26:14+08:00 ] 113.70.57.205 /index.php
INFO: [ app_begin ] --START--
INFO: ReadHtmlCache Behavior ::run [ RunTime:0.000625s ]
INFO: [ app_begin ] --END-- [ RunTime:0.000726s ]
INFO: [ view_parse ] --START--
INFO: ParseTemplate Behavior ::run [ RunTime:0.008159s ]
INFO: [ view_parse ] --END-- [ RunTime:0.008253s ]
INFO: [ view_filter ] --START--
INFO: ContentReplace Behavior ::run [ RunTime:0.000375s ]
INFO: TokenBuild Behavior ::run [ RunTime:0.000400s ]
INFO: WriteHtmlCache Behavior ::run [ RunTime:0.000259s ]
INFO: ShowRuntime Behavior ::run [ RunTime:0.000552s ]
INFO: [ view_filter ] --END-- [ RunTime:0.001801s ]
INFO: [ view_end ] --START--
INFO: ShowPageTrace Behavior ::run [ RunTime:0.000705s ]
INFO: [ view_end ] --END-- [ RunTime:0.000801s ]

[ 2016-05-05T08:36:12+08:00 ] 222.218.221.161 /index.php/Index/iscode/groupid/43C1549E222DE8BCFD975AEF5F44443A/username/dongya003/password/12345678/uuid/F2BD55CD-42E5-48B6-9DDA-44D228FF2BF7
INFO: [ route_check ] --START--
INFO: CheckRoute Behavior ::run [ RunTime:0.001371s ]
INFO: [ route_check ] --END-- [ RunTime:0.001495s ]
INFO: [ app_begin ] --START--
INFO: ReadHtmlCache Behavior ::run [ RunTime:0.000985s ]
INFO: [ app_begin ] --END-- [ RunTime:0.001070s ]
SQL: SHOW COLUMNS FROM `app_code` [ RunTime:0.001996s ]
SQL: SELECT * FROM `app_code` WHERE ( username="dongya003" and password="12345678" and groupid="43C1549E222DE8BCFD975AEF5F44443A" ) LIMIT 1   [ RunTime:0.000739s ]
SQL: SHOW COLUMNS FROM `app_group` [ RunTime:0.001644s ]
SQL: SELECT * FROM `app_group` WHERE ( `guid` = '43C1549E222DE8BCFD975AEF5F44443A' ) LIMIT 1   [ RunTime:0.000682s ]
SQL: UPDATE `app_code` SET `uuid`='F2BD55CD-42E5-48B6-9DDA-44D228FF2BF7',`binding`=0 WHERE ( `guid` = '956A973D03644B18A70B0EF34BF76995' ) [ RunTime:0.000252s ]
NOTIC: [8] Undefined index:  type D:\PHPnow\htdocs\dongya\Lib\Action\IndexAction.class.php ç¬¬ 74 è¡Œ.

[ 2016-05-05T08:36:12+08:00 ] 222.218.221.161 /index.php/Uploadprohot
INFO: [ route_check ] --START--
INFO: CheckRoute Behavior ::run [ RunTime:0.000953s ]
INFO: [ route_check ] --END-- [ RunTime:0.001057s ]
INFO: [ app_begin ] --START--
INFO: ReadHtmlCache Behavior ::run [ RunTime:0.000624s ]
INFO: [ app_begin ] --END-- [ RunTime:0.000705s ]
SQL: SHOW COLUMNS FROM `app_pro` [ RunTime:0.053827s ]
SQL: SELECT * FROM `app_pro` WHERE ( guid="BB080642D4B2254A6ECE9788D722CCF5" ) LIMIT 1   [ RunTime:0.016987s ]
SQL: UPDATE `app_pro` SET `hot`=28 WHERE ( `guid` = 'BB080642D4B2254A6ECE9788D722CCF5' ) [ RunTime:0.000367s ]
SQL: SELECT * FROM `app_pro` WHERE ( guid="5D622616AE824F739D4C1770B5683665" ) LIMIT 1   [ RunTime:0.031866s ]
SQL: UPDATE `app_pro` SET `hot`=86 WHERE ( `guid` = '5D622616AE824F739D4C1770B5683665' ) [ RunTime:0.000391s ]

[ 2016-05-05T08:36:12+08:00 ] 222.218.221.161 /index.php/Index/iscode/groupid/43C1549E222DE8BCFD975AEF5F44443A/username/dongya003/password/12345678/uuid/F2BD55CD-42E5-48B6-9DDA-44D228FF2BF7/type/updata
INFO: [ route_check ] --START--
INFO: CheckRoute Behavior ::run [ RunTime:0.001138s ]
INFO: [ route_check ] --END-- [ RunTime:0.001281s ]
INFO: [ app_begin ] --START--
INFO: ReadHtmlCache Behavior ::run [ RunTime:0.000665s ]
INFO: [ app_begin ] --END-- [ RunTime:0.000788s ]
SQL: SHOW COLUMNS FROM `app_code` [ RunTime:0.001700s ]
SQL: SELECT * FROM `app_code` WHERE ( username="dongya003" and password="12345678" and groupid="43C1549E222DE8BCFD975AEF5F44443A" ) LIMIT 1   [ RunTime:0.000814s ]
SQL: SHOW COLUMNS FROM `app_group` [ RunTime:0.001401s ]
SQL: SELECT * FROM `app_group` WHERE ( `guid` = '43C1549E222DE8BCFD975AEF5F44443A' ) LIMIT 1   [ RunTime:0.000643s ]
SQL: UPDATE `app_code` SET `uuid`='F2BD55CD-42E5-48B6-9DDA-44D228FF2BF7',`binding`=0 WHERE ( `guid` = '956A973D03644B18A70B0EF34BF76995' ) [ RunTime:0.000238s ]

[ 2016-05-05T08:36:42+08:00 ] 222.218.221.161 /index.php/Index/iscode/groupid/43C1549E222DE8BCFD975AEF5F44443A/username/dongya003/password/12345678/uuid/F2BD55CD-42E5-48B6-9DDA-44D228FF2BF7/type/updata
INFO: [ route_check ] --START--
INFO: CheckRoute Behavior ::run [ RunTime:0.001035s ]
INFO: [ route_check ] --END-- [ RunTime:0.001166s ]
INFO: [ app_begin ] --START--
INFO: ReadHtmlCache Behavior ::run [ RunTime:0.000646s ]
INFO: [ app_begin ] --END-- [ RunTime:0.000730s ]
SQL: SHOW COLUMNS FROM `app_code` [ RunTime:0.001724s ]
SQL: SELECT * FROM `app_code` WHERE ( username="dongya003" and password="12345678" and groupid="43C1549E222DE8BCFD975AEF5F44443A" ) LIMIT 1   [ RunTime:0.000782s ]
SQL: SHOW COLUMNS FROM `app_group` [ RunTime:0.001487s ]
SQL: SELECT * FROM `app_group` WHERE ( `guid` = '43C1549E222DE8BCFD975AEF5F44443A' ) LIMIT 1   [ RunTime:0.000643s ]
SQL: UPDATE `app_code` SET `uuid`='F2BD55CD-42E5-48B6-9DDA-44D228FF2BF7',`binding`=0 WHERE ( `guid` = '956A973D03644B18A70B0EF34BF76995' ) [ RunTime:0.000249s ]

[ 2016-05-05T09:12:17+08:00 ] 116.20.42.41 /index.php/Index/iscode/groupid/43C1549E222DE8BCFD975AEF5F44443A/username/dongya009/password/12345678/uuid/FE825D56-81F7-4A62-8136-66BE56E60711
INFO: [ route_check ] --START--
INFO: CheckRoute Behavior ::run [ RunTime:0.001438s ]
INFO: [ route_check ] --END-- [ RunTime:0.001557s ]
INFO: [ app_begin ] --START--
INFO: ReadHtmlCache Behavior ::run [ RunTime:0.001377s ]
INFO: [ app_begin ] --END-- [ RunTime:0.001472s ]
SQL: SHOW COLUMNS FROM `app_code` [ RunTime:0.001895s ]
SQL: SELECT * FROM `app_code` WHERE ( username="dongya009" and password="12345678" and groupid="43C1549E222DE8BCFD975AEF5F44443A" ) LIMIT 1   [ RunTime:0.000735s ]
SQL: SHOW COLUMNS FROM `app_group` [ RunTime:0.001512s ]
SQL: SELECT * FROM `app_group` LIMIT 1   [ RunTime:0.000625s ]

[ 2016-05-05T09:12:17+08:00 ] 116.20.42.41 /index.php/Uploadprohot
INFO: [ route_check ] --START--
INFO: CheckRoute Behavior ::run [ RunTime:0.000945s ]
INFO: [ route_check ] --END-- [ RunTime:0.001056s ]
INFO: [ app_begin ] --START--
INFO: ReadHtmlCache Behavior ::run [ RunTime:0.001346s ]
INFO: [ app_begin ] --END-- [ RunTime:0.001432s ]
SQL: SHOW COLUMNS FROM `app_pro` [ RunTime:0.002361s ]
SQL: SELECT * FROM `app_pro` WHERE ( guid="CA44D866E5EC4F959B9A9FB2D8864875" ) LIMIT 1   [ RunTime:0.000817s ]
SQL: UPDATE `app_pro` SET `hot`=173 WHERE ( `guid` = 'CA44D866E5EC4F959B9A9FB2D8864875' ) [ RunTime:0.000281s ]
SQL: SELECT * FROM `app_pro` WHERE ( guid="327A9048FC0A4266994F8EB8CB78AC61" ) LIMIT 1   [ RunTime:0.000281s ]
SQL: UPDATE `app_pro` SET `hot`=117 WHERE ( `guid` = '327A9048FC0A4266994F8EB8CB78AC61' ) [ RunTime:0.000250s ]
SQL: SELECT * FROM `app_pro` WHERE ( guid="E3BFBE9FE2107E1720F413F453127AC5" ) LIMIT 1   [ RunTime:0.000276s ]
SQL: UPDATE `app_pro` SET `hot`=16 WHERE ( `guid` = 'E3BFBE9FE2107E1720F413F453127AC5' ) [ RunTime:0.000242s ]
SQL: SELECT * FROM `app_pro` WHERE ( guid="921DC0144E1E597BDE934BA871B19984" ) LIMIT 1   [ RunTime:0.000271s ]
SQL: UPDATE `app_pro` SET `hot`=39 WHERE ( `guid` = '921DC0144E1E597BDE934BA871B19984' ) [ RunTime:0.000257s ]
SQL: SELECT * FROM `app_pro` WHERE ( guid="2030BF7E93A2B44A6517D9994CD29A79" ) LIMIT 1   [ RunTime:0.000273s ]
SQL: UPDATE `app_pro` SET `hot`=16 WHERE ( `guid` = '2030BF7E93A2B44A6517D9994CD29A79' ) [ RunTime:0.000231s ]
SQL: SELECT * FROM `app_pro` WHERE ( guid="225EE086815A34A76BA54A5FFFB8F61A" ) LIMIT 1   [ RunTime:0.000271s ]
SQL: UPDATE `app_pro` SET `hot`=69 WHERE ( `guid` = '225EE086815A34A76BA54A5FFFB8F61A' ) [ RunTime:0.000234s ]
SQL: SELECT * FROM `app_pro` WHERE ( guid="2877B6078B7D17EAE58A7CE631FBC568" ) LIMIT 1   [ RunTime:0.000266s ]
SQL: UPDATE `app_pro` SET `hot`=37 WHERE ( `guid` = '2877B6078B7D17EAE58A7CE631FBC568' ) [ RunTime:0.000224s ]
SQL: SELECT * FROM `app_pro` WHERE ( guid="D4A9178525A148F9A353A0AF24E26CEA" ) LIMIT 1   [ RunTime:0.000276s ]
SQL: UPDATE `app_pro` SET `hot`=100 WHERE ( `guid` = 'D4A9178525A148F9A353A0AF24E26CEA' ) [ RunTime:0.000224s ]
SQL: SELECT * FROM `app_pro` WHERE ( guid="FBD7186F6358C0237CAD134366F97D83" ) LIMIT 1   [ RunTime:0.000268s ]
SQL: UPDATE `app_pro` SET `hot`=21 WHERE ( `guid` = 'FBD7186F6358C0237CAD134366F97D83' ) [ RunTime:0.000238s ]
SQL: SELECT * FROM `app_pro` WHERE ( guid="1BDD0617E5AF4EDE9D5982BE9536FB36" ) LIMIT 1   [ RunTime:0.000287s ]
SQL: UPDATE `app_pro` SET `hot`=140 WHERE ( `guid` = '1BDD0617E5AF4EDE9D5982BE9536FB36' ) [ RunTime:0.000225s ]
SQL: SELECT * FROM `app_pro` WHERE ( guid="DD8C29E3BE67BFDF7E3F39E18520DF59" ) LIMIT 1   [ RunTime:0.008743s ]
SQL: UPDATE `app_pro` SET `hot`=82 WHERE ( `guid` = 'DD8C29E3BE67BFDF7E3F39E18520DF59' ) [ RunTime:0.000306s ]

[ 2016-05-05T09:12:17+08:00 ] 116.20.42.41 /index.php/Index/iscode/groupid/43C1549E222DE8BCFD975AEF5F44443A/username/dongya009/password/12345678/uuid/FE825D56-81F7-4A62-8136-66BE56E60711/type/updata
INFO: [ route_check ] --START--
INFO: CheckRoute Behavior ::run [ RunTime:0.000968s ]
INFO: [ route_check ] --END-- [ RunTime:0.001079s ]
INFO: [ app_begin ] --START--
INFO: ReadHtmlCache Behavior ::run [ RunTime:0.001495s ]
INFO: [ app_begin ] --END-- [ RunTime:0.001581s ]
SQL: SHOW COLUMNS FROM `app_code` [ RunTime:0.001718s ]
SQL: SELECT * FROM `app_code` WHERE ( username="dongya009" and password="12345678" and groupid="43C1549E222DE8BCFD975AEF5F44443A" ) LIMIT 1   [ RunTime:0.000810s ]
SQL: SHOW COLUMNS FROM `app_group` [ RunTime:0.001365s ]
SQL: SELECT * FROM `app_group` LIMIT 1   [ RunTime:0.000648s ]

[ 2016-05-05T09:15:30+08:00 ] 116.20.42.41 /index.php/Index/iscode/groupid/43C1549E222DE8BCFD975AEF5F44443A/username/dongya009/password/12345678/uuid/FE825D56-81F7-4A62-8136-66BE56E60711
INFO: [ route_check ] --START--
INFO: CheckRoute Behavior ::run [ RunTime:0.001662s ]
INFO: [ route_check ] --END-- [ RunTime:0.001782s ]
INFO: [ app_begin ] --START--
INFO: ReadHtmlCache Behavior ::run [ RunTime:0.001009s ]
INFO: [ app_begin ] --END-- [ RunTime:0.001097s ]
SQL: SHOW COLUMNS FROM `app_code` [ RunTime:0.001829s ]
SQL: SELECT * FROM `app_code` WHERE ( username="dongya009" and password="12345678" and groupid="43C1549E222DE8BCFD975AEF5F44443A" ) LIMIT 1   [ RunTime:0.000791s ]
SQL: SHOW COLUMNS FROM `app_group` [ RunTime:0.001357s ]
SQL: SELECT * FROM `app_group` LIMIT 1   [ RunTime:0.000613s ]

[ 2016-05-05T09:15:30+08:00 ] 116.20.42.41 /index.php/Uploadprohot
INFO: [ route_check ] --START--
INFO: CheckRoute Behavior ::run [ RunTime:0.000953s ]
INFO: [ route_check ] --END-- [ RunTime:0.001061s ]
INFO: [ app_begin ] --START--
INFO: ReadHtmlCache Behavior ::run [ RunTime:0.000873s ]
INFO: [ app_begin ] --END-- [ RunTime:0.000957s ]
SQL: SHOW COLUMNS FROM `app_pro` [ RunTime:0.001975s ]
SQL: SELECT * FROM `app_pro` WHERE ( guid="CA44D866E5EC4F959B9A9FB2D8864875" ) LIMIT 1   [ RunTime:0.000778s ]
SQL: UPDATE `app_pro` SET `hot`=174 WHERE ( `guid` = 'CA44D866E5EC4F959B9A9FB2D8864875' ) [ RunTime:0.000272s ]
SQL: SELECT * FROM `app_pro` WHERE ( guid="327A9048FC0A4266994F8EB8CB78AC61" ) LIMIT 1   [ RunTime:0.000318s ]
SQL: UPDATE `app_pro` SET `hot`=119 WHERE ( `guid` = '327A9048FC0A4266994F8EB8CB78AC61' ) [ RunTime:0.000238s ]
SQL: SELECT * FROM `app_pro` WHERE ( guid="E3BFBE9FE2107E1720F413F453127AC5" ) LIMIT 1   [ RunTime:0.000271s ]
SQL: UPDATE `app_pro` SET `hot`=17 WHERE ( `guid` = 'E3BFBE9FE2107E1720F413F453127AC5' ) [ RunTime:0.000245s ]
SQL: SELECT * FROM `app_pro` WHERE ( guid="921DC0144E1E597BDE934BA871B19984" ) LIMIT 1   [ RunTime:0.000346s ]
SQL: UPDATE `app_pro` SET `hot`=40 WHERE ( `guid` = '921DC0144E1E597BDE934BA871B19984' ) [ RunTime:0.000297s ]
SQL: SELECT * FROM `app_pro` WHERE ( guid="2030BF7E93A2B44A6517D9994CD29A79" ) LIMIT 1   [ RunTime:0.000345s ]
SQL: UPDATE `app_pro` SET `hot`=17 WHERE ( `guid` = '2030BF7E93A2B44A6517D9994CD29A79' ) [ RunTime:0.000285s ]
SQL: SELECT * FROM `app_pro` WHERE ( guid="225EE086815A34A76BA54A5FFFB8F61A" ) LIMIT 1   [ RunTime:0.000345s ]
SQL: UPDATE `app_pro` SET `hot`=72 WHERE ( `guid` = '225EE086815A34A76BA54A5FFFB8F61A' ) [ RunTime:0.000440s ]
SQL: SELECT * FROM `app_pro` WHERE ( guid="2877B6078B7D17EAE58A7CE631FBC568" ) LIMIT 1   [ RunTime:0.000349s ]
SQL: UPDATE `app_pro` SET `hot`=38 WHERE ( `guid` = '2877B6078B7D17EAE58A7CE631FBC568' ) [ RunTime:0.000284s ]
SQL: SELECT * FROM `app_pro` WHERE ( guid="D4A9178525A148F9A353A0AF24E26CEA" ) LIMIT 1   [ RunTime:0.000350s ]
SQL: UPDATE `app_pro` SET `hot`=102 WHERE ( `guid` = 'D4A9178525A148F9A353A0AF24E26CEA' ) [ RunTime:0.000228s ]
SQL: SELECT * FROM `app_pro` WHERE ( guid="FBD7186F6358C0237CAD134366F97D83" ) LIMIT 1   [ RunTime:0.000265s ]
SQL: UPDATE `app_pro` SET `hot`=22 WHERE ( `guid` = 'FBD7186F6358C0237CAD134366F97D83' ) [ RunTime:0.000224s ]
SQL: SELECT * FROM `app_pro` WHERE ( guid="1BDD0617E5AF4EDE9D5982BE9536FB36" ) LIMIT 1   [ RunTime:0.000266s ]
SQL: UPDATE `app_pro` SET `hot`=141 WHERE ( `guid` = '1BDD0617E5AF4EDE9D5982BE9536FB36' ) [ RunTime:0.000222s ]
SQL: SELECT * FROM `app_pro` WHERE ( guid="DD8C29E3BE67BFDF7E3F39E18520DF59" ) LIMIT 1   [ RunTime:0.000263s ]
SQL: UPDATE `app_pro` SET `hot`=83 WHERE ( `guid` = 'DD8C29E3BE67BFDF7E3F39E18520DF59' ) [ RunTime:0.000225s ]

[ 2016-05-05T09:15:30+08:00 ] 116.20.42.41 /index.php/Index/iscode/groupid/43C1549E222DE8BCFD975AEF5F44443A/username/dongya009/password/12345678/uuid/FE825D56-81F7-4A62-8136-66BE56E60711/type/updata
INFO: [ route_check ] --START--
INFO: CheckRoute Behavior ::run [ RunTime:0.000998s ]
INFO: [ route_check ] --END-- [ RunTime:0.001124s ]
INFO: [ app_begin ] --START--
INFO: ReadHtmlCache Behavior ::run [ RunTime:0.001082s ]
INFO: [ app_begin ] --END-- [ RunTime:0.001211s ]
SQL: SHOW COLUMNS FROM `app_code` [ RunTime:0.001720s ]
SQL: SELECT * FROM `app_code` WHERE ( username="dongya009" and password="12345678" and groupid="43C1549E222DE8BCFD975AEF5F44443A" ) LIMIT 1   [ RunTime:0.000768s ]
SQL: SHOW COLUMNS FROM `app_group` [ RunTime:0.001393s ]
SQL: SELECT * FROM `app_group` LIMIT 1   [ RunTime:0.000641s ]

[ 2016-05-05T09:15:55+08:00 ] 116.20.42.41 /index.php/Index/iscode/groupid/43C1549E222DE8BCFD975AEF5F44443A/username/dongya009/password/12345678/uuid/FE825D56-81F7-4A62-8136-66BE56E60711/type/updata
INFO: [ route_check ] --START--
INFO: CheckRoute Behavior ::run [ RunTime:0.000974s ]
INFO: [ route_check ] --END-- [ RunTime:0.001089s ]
INFO: [ app_begin ] --START--
INFO: ReadHtmlCache Behavior ::run [ RunTime:0.000848s ]
INFO: [ app_begin ] --END-- [ RunTime:0.000936s ]
SQL: SHOW COLUMNS FROM `app_code` [ RunTime:0.001692s ]
SQL: SELECT * FROM `app_code` WHERE ( username="dongya009" and password="12345678" and groupid="43C1549E222DE8BCFD975AEF5F44443A" ) LIMIT 1   [ RunTime:0.000841s ]
SQL: SHOW COLUMNS FROM `app_group` [ RunTime:0.001344s ]
SQL: SELECT * FROM `app_group` LIMIT 1   [ RunTime:0.000712s ]

[ 2016-05-05T09:20:26+08:00 ] 175.3.178.208 /index.php/Index/iscode/groupid/43C1549E222DE8BCFD975AEF5F44443A/username/ÁúÌ¶¶«ÑÇ¼ªÏé/password/19721006/uuid/C620CD8D-FAD9-45A5-8D3D-294B60139BE4
INFO: [ route_check ] --START--
INFO: CheckRoute Behavior ::run [ RunTime:0.001384s ]
INFO: [ route_check ] --END-- [ RunTime:0.001493s ]
INFO: [ app_begin ] --START--
INFO: ReadHtmlCache Behavior ::run [ RunTime:0.001001s ]
INFO: [ app_begin ] --END-- [ RunTime:0.001087s ]
SQL: SHOW COLUMNS FROM `app_code` [ RunTime:0.001806s ]
SQL: SELECT * FROM `app_code` WHERE ( username="ÁúÌ¶¶«ÑÇ¼ªÏé" and password="19721006" and groupid="43C1549E222DE8BCFD975AEF5F44443A" ) LIMIT 1   [ RunTime:0.000767s ]
SQL: SHOW COLUMNS FROM `app_group` [ RunTime:0.001357s ]
SQL: SELECT * FROM `app_group` LIMIT 1   [ RunTime:0.000644s ]

[ 2016-05-05T09:20:26+08:00 ] 175.3.178.208 /index.php/Uploadprohot
INFO: [ route_check ] --START--
INFO: CheckRoute Behavior ::run [ RunTime:0.000920s ]
INFO: [ route_check ] --END-- [ RunTime:0.001025s ]
INFO: [ app_begin ] --START--
INFO: ReadHtmlCache Behavior ::run [ RunTime:0.000610s ]
INFO: [ app_begin ] --END-- [ RunTime:0.000690s ]
SQL: SHOW COLUMNS FROM `app_pro` [ RunTime:0.002245s ]
SQL: SELECT * FROM `app_pro` WHERE ( guid="1DF5EC29F9AC9462CE163DCDF1F45CB4" ) LIMIT 1   [ RunTime:0.000797s ]
SQL: UPDATE `app_pro` SET `hot`=94 WHERE ( `guid` = '1DF5EC29F9AC9462CE163DCDF1F45CB4' ) [ RunTime:0.000258s ]
SQL: SELECT * FROM `app_pro` WHERE ( guid="E2AB6B858E7A6FFCFF691A7051CEA03E" ) LIMIT 1   [ RunTime:0.000274s ]
SQL: UPDATE `app_pro` SET `hot`=44 WHERE ( `guid` = 'E2AB6B858E7A6FFCFF691A7051CEA03E' ) [ RunTime:0.000223s ]

[ 2016-05-05T09:20:26+08:00 ] 175.3.178.208 /index.php/Index/iscode/groupid/43C1549E222DE8BCFD975AEF5F44443A/username/ÁúÌ¶¶«ÑÇ¼ªÏé/password/19721006/uuid/C620CD8D-FAD9-45A5-8D3D-294B60139BE4/type/updata
INFO: [ route_check ] --START--
INFO: CheckRoute Behavior ::run [ RunTime:0.000931s ]
INFO: [ route_check ] --END-- [ RunTime:0.001032s ]
INFO: [ app_begin ] --START--
INFO: ReadHtmlCache Behavior ::run [ RunTime:0.000597s ]
INFO: [ app_begin ] --END-- [ RunTime:0.000680s ]
SQL: SHOW COLUMNS FROM `app_code` [ RunTime:0.001602s ]
SQL: SELECT * FROM `app_code` WHERE ( username="ÁúÌ¶¶«ÑÇ¼ªÏé" and password="19721006" and groupid="43C1549E222DE8BCFD975AEF5F44443A" ) LIMIT 1   [ RunTime:0.000752s ]
SQL: SHOW COLUMNS FROM `app_group` [ RunTime:0.001292s ]
SQL: SELECT * FROM `app_group` LIMIT 1   [ RunTime:0.000741s ]

[ 2016-05-05T09:20:47+08:00 ] 175.3.178.208 /index.php/Index/iscode/groupid/43C1549E222DE8BCFD975AEF5F44443A/username/ÁúÌ¶¶«ÑÇ¼ªÏé/password/19721006/uuid/C620CD8D-FAD9-45A5-8D3D-294B60139BE4/type/updata
INFO: [ route_check ] --START--
INFO: CheckRoute Behavior ::run [ RunTime:0.001026s ]
INFO: [ route_check ] --END-- [ RunTime:0.001142s ]
INFO: [ app_begin ] --START--
INFO: ReadHtmlCache Behavior ::run [ RunTime:0.000611s ]
INFO: [ app_begin ] --END-- [ RunTime:0.000696s ]
SQL: SHOW COLUMNS FROM `app_code` [ RunTime:0.001741s ]
SQL: SELECT * FROM `app_code` WHERE ( username="ÁúÌ¶¶«ÑÇ¼ªÏé" and password="19721006" and groupid="43C1549E222DE8BCFD975AEF5F44443A" ) LIMIT 1   [ RunTime:0.000770s ]
SQL: SHOW COLUMNS FROM `app_group` [ RunTime:0.001356s ]
SQL: SELECT * FROM `app_group` LIMIT 1   [ RunTime:0.000623s ]

[ 2016-05-05T09:20:59+08:00 ] 175.3.178.208 /index.php/Index/iscode/groupid/43C1549E222DE8BCFD975AEF5F44443A/username/ÁúÌ¶¶«ÑÇ¼ªÏé/password/19721006/uuid/C620CD8D-FAD9-45A5-8D3D-294B60139BE4/type/updata
INFO: [ route_check ] --START--
INFO: CheckRoute Behavior ::run [ RunTime:0.001349s ]
INFO: [ route_check ] --END-- [ RunTime:0.001457s ]
INFO: [ app_begin ] --START--
INFO: ReadHtmlCache Behavior ::run [ RunTime:0.000997s ]
INFO: [ app_begin ] --END-- [ RunTime:0.001084s ]
SQL: SHOW COLUMNS FROM `app_code` [ RunTime:0.001718s ]
SQL: SELECT * FROM `app_code` WHERE ( username="ÁúÌ¶¶«ÑÇ¼ªÏé" and password="19721006" and groupid="43C1549E222DE8BCFD975AEF5F44443A" ) LIMIT 1   [ RunTime:0.000742s ]
SQL: SHOW COLUMNS FROM `app_group` [ RunTime:0.001344s ]
SQL: SELECT * FROM `app_group` LIMIT 1   [ RunTime:0.000703s ]

[ 2016-05-05T10:41:38+08:00 ] 112.93.234.124 /index.php/Index/iscode/groupid/43C1549E222DE8BCFD975AEF5F44443A/username/¶¡¹ãº£/password/2971/uuid/5A713543-81C0-462B-B334-D758D6D862A0
INFO: [ route_check ] --START--
INFO: CheckRoute Behavior ::run [ RunTime:0.001679s ]
INFO: [ route_check ] --END-- [ RunTime:0.001784s ]
INFO: [ app_begin ] --START--
INFO: ReadHtmlCache Behavior ::run [ RunTime:0.001537s ]
INFO: [ app_begin ] --END-- [ RunTime:0.001624s ]
SQL: SHOW COLUMNS FROM `app_code` [ RunTime:0.001852s ]
SQL: SELECT * FROM `app_code` WHERE ( username="¶¡¹ãº£" and password="2971" and groupid="43C1549E222DE8BCFD975AEF5F44443A" ) LIMIT 1   [ RunTime:0.000751s ]
SQL: SHOW COLUMNS FROM `app_group` [ RunTime:0.001509s ]
SQL: SELECT * FROM `app_group` LIMIT 1   [ RunTime:0.000615s ]

[ 2016-05-05T10:41:38+08:00 ] 112.93.234.124 /index.php/Index/iscode/groupid/43C1549E222DE8BCFD975AEF5F44443A/username/¶¡¹ãº£/password/2971/uuid/5A713543-81C0-462B-B334-D758D6D862A0/type/updata
INFO: [ route_check ] --START--
INFO: CheckRoute Behavior ::run [ RunTime:0.001658s ]
INFO: [ route_check ] --END-- [ RunTime:0.001761s ]
INFO: [ app_begin ] --START--
INFO: ReadHtmlCache Behavior ::run [ RunTime:0.001340s ]
INFO: [ app_begin ] --END-- [ RunTime:0.001424s ]
SQL: SHOW COLUMNS FROM `app_code` [ RunTime:0.001568s ]
SQL: SELECT * FROM `app_code` WHERE ( username="¶¡¹ãº£" and password="2971" and groupid="43C1549E222DE8BCFD975AEF5F44443A" ) LIMIT 1   [ RunTime:0.000710s ]
SQL: SHOW COLUMNS FROM `app_group` [ RunTime:0.001521s ]
SQL: SELECT * FROM `app_group` LIMIT 1   [ RunTime:0.000605s ]

[ 2016-05-05T11:11:57+08:00 ] 112.93.234.124 /index.php/Index/iscode/groupid/43C1549E222DE8BCFD975AEF5F44443A/username/¶¡¹ãº£/password/2971/uuid/5A713543-81C0-462B-B334-D758D6D862A0/type/updata
INFO: [ route_check ] --START--
INFO: CheckRoute Behavior ::run [ RunTime:0.001308s ]
INFO: [ route_check ] --END-- [ RunTime:0.001414s ]
INFO: [ app_begin ] --START--
INFO: ReadHtmlCache Behavior ::run [ RunTime:0.001005s ]
INFO: [ app_begin ] --END-- [ RunTime:0.001091s ]
SQL: SHOW COLUMNS FROM `app_code` [ RunTime:0.001905s ]
SQL: SELECT * FROM `app_code` WHERE ( username="¶¡¹ãº£" and password="2971" and groupid="43C1549E222DE8BCFD975AEF5F44443A" ) LIMIT 1   [ RunTime:0.000825s ]
SQL: SHOW COLUMNS FROM `app_group` [ RunTime:0.001723s ]
SQL: SELECT * FROM `app_group` LIMIT 1   [ RunTime:0.000648s ]

[ 2016-05-05T11:33:51+08:00 ] 14.211.249.146 /index.php/Index/iscode/groupid/43C1549E222DE8BCFD975AEF5F44443A/username/dongya002/password/12345678/uuid/8F02F746-72F5-4C98-BCF0-AC8E66A2FAB4
INFO: [ route_check ] --START--
INFO: CheckRoute Behavior ::run [ RunTime:0.001552s ]
INFO: [ route_check ] --END-- [ RunTime:0.001702s ]
INFO: [ app_begin ] --START--
INFO: ReadHtmlCache Behavior ::run [ RunTime:0.001017s ]
INFO: [ app_begin ] --END-- [ RunTime:0.001107s ]
SQL: SHOW COLUMNS FROM `app_code` [ RunTime:0.001892s ]
SQL: SELECT * FROM `app_code` WHERE ( username="dongya002" and password="12345678" and groupid="43C1549E222DE8BCFD975AEF5F44443A" ) LIMIT 1   [ RunTime:0.000784s ]
SQL: SHOW COLUMNS FROM `app_group` [ RunTime:0.001525s ]
SQL: SELECT * FROM `app_group` WHERE ( `guid` = '43C1549E222DE8BCFD975AEF5F44443A' ) LIMIT 1   [ RunTime:0.000683s ]
SQL: UPDATE `app_code` SET `uuid`='8F02F746-72F5-4C98-BCF0-AC8E66A2FAB4',`binding`=0 WHERE ( `guid` = 'B1F9C6DE677E4184896E95D835A46518' ) [ RunTime:0.000262s ]
NOTIC: [8] Undefined index:  type D:\PHPnow\htdocs\dongya\Lib\Action\IndexAction.class.php ç¬¬ 74 è¡Œ.

[ 2016-05-05T11:33:52+08:00 ] 14.211.249.146 /index.php/Uploadprohot
INFO: [ route_check ] --START--
INFO: CheckRoute Behavior ::run [ RunTime:0.000931s ]
INFO: [ route_check ] --END-- [ RunTime:0.001065s ]
INFO: [ app_begin ] --START--
INFO: ReadHtmlCache Behavior ::run [ RunTime:0.001001s ]
INFO: [ app_begin ] --END-- [ RunTime:0.001094s ]
SQL: SHOW COLUMNS FROM `app_pro` [ RunTime:0.002229s ]
SQL: SELECT * FROM `app_pro` WHERE ( guid="18253A323CC900A5D07A6A09AAC3D757" ) LIMIT 1   [ RunTime:0.000782s ]
SQL: UPDATE `app_pro` SET `hot`=46 WHERE ( `guid` = '18253A323CC900A5D07A6A09AAC3D757' ) [ RunTime:0.000271s ]

[ 2016-05-05T11:33:52+08:00 ] 14.211.249.146 /index.php/Index/iscode/groupid/43C1549E222DE8BCFD975AEF5F44443A/username/dongya002/password/12345678/uuid/8F02F746-72F5-4C98-BCF0-AC8E66A2FAB4/type/updata
INFO: [ route_check ] --START--
INFO: CheckRoute Behavior ::run [ RunTime:0.000924s ]
INFO: [ route_check ] --END-- [ RunTime:0.001028s ]
INFO: [ app_begin ] --START--
INFO: ReadHtmlCache Behavior ::run [ RunTime:0.001161s ]
INFO: [ app_begin ] --END-- [ RunTime:0.001246s ]
SQL: SHOW COLUMNS FROM `app_code` [ RunTime:0.001651s ]
SQL: SELECT * FROM `app_code` WHERE ( username="dongya002" and password="12345678" and groupid="43C1549E222DE8BCFD975AEF5F44443A" ) LIMIT 1   [ RunTime:0.000807s ]
SQL: SHOW COLUMNS FROM `app_group` [ RunTime:0.001490s ]
SQL: SELECT * FROM `app_group` WHERE ( `guid` = '43C1549E222DE8BCFD975AEF5F44443A' ) LIMIT 1   [ RunTime:0.000651s ]
SQL: UPDATE `app_code` SET `uuid`='8F02F746-72F5-4C98-BCF0-AC8E66A2FAB4',`binding`=0 WHERE ( `guid` = 'B1F9C6DE677E4184896E95D835A46518' ) [ RunTime:0.000294s ]

[ 2016-05-05T11:34:11+08:00 ] 14.211.249.146 /index.php/Index/iscode/groupid/43C1549E222DE8BCFD975AEF5F44443A/username/dongya002/password/12345678/uuid/8F02F746-72F5-4C98-BCF0-AC8E66A2FAB4/type/updata
INFO: [ route_check ] --START--
INFO: CheckRoute Behavior ::run [ RunTime:0.000951s ]
INFO: [ route_check ] --END-- [ RunTime:0.001064s ]
INFO: [ app_begin ] --START--
INFO: ReadHtmlCache Behavior ::run [ RunTime:0.000827s ]
INFO: [ app_begin ] --END-- [ RunTime:0.000912s ]
SQL: SHOW COLUMNS FROM `app_code` [ RunTime:0.001854s ]
SQL: SELECT * FROM `app_code` WHERE ( username="dongya002" and password="12345678" and groupid="43C1549E222DE8BCFD975AEF5F44443A" ) LIMIT 1   [ RunTime:0.000721s ]
SQL: SHOW COLUMNS FROM `app_group` [ RunTime:0.001516s ]
SQL: SELECT * FROM `app_group` WHERE ( `guid` = '43C1549E222DE8BCFD975AEF5F44443A' ) LIMIT 1   [ RunTime:0.000634s ]
SQL: UPDATE `app_code` SET `uuid`='8F02F746-72F5-4C98-BCF0-AC8E66A2FAB4',`binding`=0 WHERE ( `guid` = 'B1F9C6DE677E4184896E95D835A46518' ) [ RunTime:0.000245s ]

[ 2016-05-05T11:39:49+08:00 ] 113.70.247.169 /index.php
INFO: [ app_begin ] --START--
INFO: ReadHtmlCache Behavior ::run [ RunTime:0.001356s ]
INFO: [ app_begin ] --END-- [ RunTime:0.001475s ]
INFO: [ view_parse ] --START--
INFO: ParseTemplate Behavior ::run [ RunTime:0.012829s ]
INFO: [ view_parse ] --END-- [ RunTime:0.012933s ]
INFO: [ view_filter ] --START--
INFO: ContentReplace Behavior ::run [ RunTime:0.001100s ]
INFO: TokenBuild Behavior ::run [ RunTime:0.001236s ]
INFO: WriteHtmlCache Behavior ::run [ RunTime:0.001045s ]
INFO: ShowRuntime Behavior ::run [ RunTime:0.001260s ]
INFO: [ view_filter ] --END-- [ RunTime:0.004887s ]
INFO: [ view_end ] --START--
INFO: ShowPageTrace Behavior ::run [ RunTime:0.001541s ]
INFO: [ view_end ] --END-- [ RunTime:0.001619s ]

[ 2016-05-05T11:39:49+08:00 ] 113.70.247.169 /index.php
INFO: [ app_begin ] --START--
INFO: ReadHtmlCache Behavior ::run [ RunTime:0.001324s ]
INFO: [ app_begin ] --END-- [ RunTime:0.001424s ]
INFO: [ view_parse ] --START--
INFO: ParseTemplate Behavior ::run [ RunTime:0.011685s ]
INFO: [ view_parse ] --END-- [ RunTime:0.011780s ]
INFO: [ view_filter ] --START--
INFO: ContentReplace Behavior ::run [ RunTime:0.001076s ]
INFO: TokenBuild Behavior ::run [ RunTime:0.001091s ]
INFO: WriteHtmlCache Behavior ::run [ RunTime:0.000958s ]
INFO: ShowRuntime Behavior ::run [ RunTime:0.001184s ]
INFO: [ view_filter ] --END-- [ RunTime:0.004530s ]
INFO: [ view_end ] --START--
INFO: ShowPageTrace Behavior ::run [ RunTime:0.001365s ]
INFO: [ view_end ] --END-- [ RunTime:0.001442s ]

[ 2016-05-05T11:43:23+08:00 ] 14.211.249.146 /index.php/Index/iscode/groupid/43C1549E222DE8BCFD975AEF5F44443A/username/dongya002/password/12345678/uuid/8F02F746-72F5-4C98-BCF0-AC8E66A2FAB4
INFO: [ route_check ] --START--
INFO: CheckRoute Behavior ::run [ RunTime:0.001735s ]
INFO: [ route_check ] --END-- [ RunTime:0.001839s ]
INFO: [ app_begin ] --START--
INFO: ReadHtmlCache Behavior ::run [ RunTime:0.001311s ]
INFO: [ app_begin ] --END-- [ RunTime:0.001397s ]
SQL: SHOW COLUMNS FROM `app_code` [ RunTime:0.001628s ]
SQL: SELECT * FROM `app_code` WHERE ( username="dongya002" and password="12345678" and groupid="43C1549E222DE8BCFD975AEF5F44443A" ) LIMIT 1   [ RunTime:0.000719s ]
SQL: SHOW COLUMNS FROM `app_group` [ RunTime:0.001300s ]
SQL: SELECT * FROM `app_group` WHERE ( `guid` = '43C1549E222DE8BCFD975AEF5F44443A' ) LIMIT 1   [ RunTime:0.000631s ]
SQL: UPDATE `app_code` SET `uuid`='8F02F746-72F5-4C98-BCF0-AC8E66A2FAB4',`binding`=0 WHERE ( `guid` = 'B1F9C6DE677E4184896E95D835A46518' ) [ RunTime:0.000249s ]
NOTIC: [8] Undefined index:  type D:\PHPnow\htdocs\dongya\Lib\Action\IndexAction.class.php ç¬¬ 74 è¡Œ.

[ 2016-05-05T11:43:23+08:00 ] 14.211.249.146 /index.php/Uploadprohot
INFO: [ route_check ] --START--
INFO: CheckRoute Behavior ::run [ RunTime:0.001691s ]
INFO: [ route_check ] --END-- [ RunTime:0.001806s ]
INFO: [ app_begin ] --START--
INFO: ReadHtmlCache Behavior ::run [ RunTime:0.001386s ]
INFO: [ app_begin ] --END-- [ RunTime:0.001470s ]
SQL: SHOW COLUMNS FROM `app_pro` [ RunTime:0.002013s ]
SQL: SELECT * FROM `app_pro` WHERE ( guid="18253A323CC900A5D07A6A09AAC3D757" ) LIMIT 1   [ RunTime:0.000767s ]
SQL: UPDATE `app_pro` SET `hot`=47 WHERE ( `guid` = '18253A323CC900A5D07A6A09AAC3D757' ) [ RunTime:0.000268s ]

[ 2016-05-05T11:43:23+08:00 ] 14.211.249.146 /index.php/Index/iscode/groupid/43C1549E222DE8BCFD975AEF5F44443A/username/dongya002/password/12345678/uuid/8F02F746-72F5-4C98-BCF0-AC8E66A2FAB4/type/updata
INFO: [ route_check ] --START--
INFO: CheckRoute Behavior ::run [ RunTime:0.001687s ]
INFO: [ route_check ] --END-- [ RunTime:0.001792s ]
INFO: [ app_begin ] --START--
INFO: ReadHtmlCache Behavior ::run [ RunTime:0.001391s ]
INFO: [ app_begin ] --END-- [ RunTime:0.001485s ]
SQL: SHOW COLUMNS FROM `app_code` [ RunTime:0.001750s ]
SQL: SELECT * FROM `app_code` WHERE ( username="dongya002" and password="12345678" and groupid="43C1549E222DE8BCFD975AEF5F44443A" ) LIMIT 1   [ RunTime:0.001078s ]
SQL: SHOW COLUMNS FROM `app_group` [ RunTime:0.001320s ]
SQL: SELECT * FROM `app_group` WHERE ( `guid` = '43C1549E222DE8BCFD975AEF5F44443A' ) LIMIT 1   [ RunTime:0.000635s ]
SQL: UPDATE `app_code` SET `uuid`='8F02F746-72F5-4C98-BCF0-AC8E66A2FAB4',`binding`=0 WHERE ( `guid` = 'B1F9C6DE677E4184896E95D835A46518' ) [ RunTime:0.000239s ]

[ 2016-05-05T11:47:55+08:00 ] 14.18.174.166 /index.php/Index/iscode/groupid/43C1549E222DE8BCFD975AEF5F44443A/username/dongya008/password/12345678/uuid/2C891F67-6C7F-4B2D-A6A1-B1A16F77061A
INFO: [ route_check ] --START--
INFO: CheckRoute Behavior ::run [ RunTime:0.001726s ]
INFO: [ route_check ] --END-- [ RunTime:0.001843s ]
INFO: [ app_begin ] --START--
INFO: ReadHtmlCache Behavior ::run [ RunTime:0.001346s ]
INFO: [ app_begin ] --END-- [ RunTime:0.001431s ]
SQL: SHOW COLUMNS FROM `app_code` [ RunTime:0.001788s ]
SQL: SELECT * FROM `app_code` WHERE ( username="dongya008" and password="12345678" and groupid="43C1549E222DE8BCFD975AEF5F44443A" ) LIMIT 1   [ RunTime:0.000715s ]
SQL: SHOW COLUMNS FROM `app_group` [ RunTime:0.001352s ]
SQL: SELECT * FROM `app_group` WHERE ( `guid` = '43C1549E222DE8BCFD975AEF5F44443A' ) LIMIT 1   [ RunTime:0.000712s ]
SQL: UPDATE `app_code` SET `uuid`='2C891F67-6C7F-4B2D-A6A1-B1A16F77061A',`binding`=0 WHERE ( `guid` = 'C215052EF9AE478B8CD892CF337B4B31' ) [ RunTime:0.000241s ]
NOTIC: [8] Undefined index:  type D:\PHPnow\htdocs\dongya\Lib\Action\IndexAction.class.php ç¬¬ 74 è¡Œ.

[ 2016-05-05T11:47:55+08:00 ] 14.18.174.166 /index.php/Uploadprohot
INFO: [ route_check ] --START--
INFO: CheckRoute Behavior ::run [ RunTime:0.001717s ]
INFO: [ route_check ] --END-- [ RunTime:0.001835s ]
INFO: [ app_begin ] --START--
INFO: ReadHtmlCache Behavior ::run [ RunTime:0.001343s ]
INFO: [ app_begin ] --END-- [ RunTime:0.001434s ]
SQL: SHOW COLUMNS FROM `app_pro` [ RunTime:0.002025s ]
SQL: SELECT * FROM `app_pro` WHERE ( guid="C78496C65E3402C26642CC699534B47E" ) LIMIT 1   [ RunTime:0.000814s ]
SQL: UPDATE `app_pro` SET `hot`=13 WHERE ( `guid` = 'C78496C65E3402C26642CC699534B47E' ) [ RunTime:0.000284s ]
SQL: SELECT * FROM `app_pro` WHERE ( guid="29F1CC9337030645856179C91F104A61" ) LIMIT 1   [ RunTime:0.000282s ]
SQL: UPDATE `app_pro` SET `hot`=23 WHERE ( `guid` = '29F1CC9337030645856179C91F104A61' ) [ RunTime:0.000236s ]
SQL: SELECT * FROM `app_pro` WHERE ( guid="2EF8029A10E1723CFC39F1EC28648392" ) LIMIT 1   [ RunTime:0.000283s ]
SQL: UPDATE `app_pro` SET `hot`=30 WHERE ( `guid` = '2EF8029A10E1723CFC39F1EC28648392' ) [ RunTime:0.000243s ]
SQL: SELECT * FROM `app_pro` WHERE ( guid="E2972327EF7C08621DEFA2FFA362793B" ) LIMIT 1   [ RunTime:0.000277s ]
SQL: UPDATE `app_pro` SET `hot`=51 WHERE ( `guid` = 'E2972327EF7C08621DEFA2FFA362793B' ) [ RunTime:0.000229s ]
SQL: SELECT * FROM `app_pro` WHERE ( guid="AAE66116F743675FEFED6B628FE4171E" ) LIMIT 1   [ RunTime:0.000272s ]
SQL: UPDATE `app_pro` SET `hot`=9 WHERE ( `guid` = 'AAE66116F743675FEFED6B628FE4171E' ) [ RunTime:0.000353s ]
SQL: SELECT * FROM `app_pro` WHERE ( guid="C5CAB2D466BC4C5BBDB277667A618AC9" ) LIMIT 1   [ RunTime:0.000363s ]
SQL: UPDATE `app_pro` SET `hot`=54 WHERE ( `guid` = 'C5CAB2D466BC4C5BBDB277667A618AC9' ) [ RunTime:0.000242s ]

[ 2016-05-05T11:47:55+08:00 ] 14.18.174.166 /index.php/Index/iscode/groupid/43C1549E222DE8BCFD975AEF5F44443A/username/dongya008/password/12345678/uuid/2C891F67-6C7F-4B2D-A6A1-B1A16F77061A/type/updata
INFO: [ route_check ] --START--
INFO: CheckRoute Behavior ::run [ RunTime:0.001700s ]
INFO: [ route_check ] --END-- [ RunTime:0.001802s ]
INFO: [ app_begin ] --START--
INFO: ReadHtmlCache Behavior ::run [ RunTime:0.001308s ]
INFO: [ app_begin ] --END-- [ RunTime:0.001394s ]
SQL: SHOW COLUMNS FROM `app_code` [ RunTime:0.001685s ]
SQL: SELECT * FROM `app_code` WHERE ( username="dongya008" and password="12345678" and groupid="43C1549E222DE8BCFD975AEF5F44443A" ) LIMIT 1   [ RunTime:0.000752s ]
SQL: SHOW COLUMNS FROM `app_group` [ RunTime:0.001352s ]
SQL: SELECT * FROM `app_group` WHERE ( `guid` = '43C1549E222DE8BCFD975AEF5F44443A' ) LIMIT 1   [ RunTime:0.000650s ]
SQL: UPDATE `app_code` SET `uuid`='2C891F67-6C7F-4B2D-A6A1-B1A16F77061A',`binding`=0 WHERE ( `guid` = 'C215052EF9AE478B8CD892CF337B4B31' ) [ RunTime:0.000243s ]

[ 2016-05-05T11:47:59+08:00 ] 14.18.174.166 /index.php/Index/iscode/groupid/43C1549E222DE8BCFD975AEF5F44443A/username/dongya008/password/12345678/uuid/2C891F67-6C7F-4B2D-A6A1-B1A16F77061A/type/updata
INFO: [ route_check ] --START--
INFO: CheckRoute Behavior ::run [ RunTime:0.001712s ]
INFO: [ route_check ] --END-- [ RunTime:0.001815s ]
INFO: [ app_begin ] --START--
INFO: ReadHtmlCache Behavior ::run [ RunTime:0.001651s ]
INFO: [ app_begin ] --END-- [ RunTime:0.001768s ]
SQL: SHOW COLUMNS FROM `app_code` [ RunTime:0.001753s ]
SQL: SELECT * FROM `app_code` WHERE ( username="dongya008" and password="12345678" and groupid="43C1549E222DE8BCFD975AEF5F44443A" ) LIMIT 1   [ RunTime:0.000743s ]
SQL: SHOW COLUMNS FROM `app_group` [ RunTime:0.001379s ]
SQL: SELECT * FROM `app_group` WHERE ( `guid` = '43C1549E222DE8BCFD975AEF5F44443A' ) LIMIT 1   [ RunTime:0.000664s ]
SQL: UPDATE `app_code` SET `uuid`='2C891F67-6C7F-4B2D-A6A1-B1A16F77061A',`binding`=0 WHERE ( `guid` = 'C215052EF9AE478B8CD892CF337B4B31' ) [ RunTime:0.000279s ]

[ 2016-05-05T13:47:11+08:00 ] 123.89.254.2 /index.php/Index/iscode/groupid/43C1549E222DE8BCFD975AEF5F44443A/username/ 1669744802/password/Cy123456/uuid/A9955567-87AC-487E-A411-FEAB02E0E30C
INFO: [ route_check ] --START--
INFO: CheckRoute Behavior ::run [ RunTime:0.001850s ]
INFO: [ route_check ] --END-- [ RunTime:0.001966s ]
INFO: [ app_begin ] --START--
INFO: ReadHtmlCache Behavior ::run [ RunTime:0.001035s ]
INFO: [ app_begin ] --END-- [ RunTime:0.001123s ]
SQL: SHOW COLUMNS FROM `app_code` [ RunTime:0.001812s ]
SQL: SELECT * FROM `app_code` WHERE ( username=" 1669744802" and password="Cy123456" and groupid="43C1549E222DE8BCFD975AEF5F44443A" ) LIMIT 1   [ RunTime:0.000719s ]
SQL: SHOW COLUMNS FROM `app_group` [ RunTime:0.001567s ]
SQL: SELECT * FROM `app_group` LIMIT 1   [ RunTime:0.000614s ]

[ 2016-05-05T13:47:11+08:00 ] 123.89.254.2 /index.php/Uploadprohot
INFO: [ route_check ] --START--
INFO: CheckRoute Behavior ::run [ RunTime:0.000972s ]
INFO: [ route_check ] --END-- [ RunTime:0.001077s ]
INFO: [ app_begin ] --START--
INFO: ReadHtmlCache Behavior ::run [ RunTime:0.000611s ]
INFO: [ app_begin ] --END-- [ RunTime:0.000702s ]
SQL: SHOW COLUMNS FROM `app_pro` [ RunTime:0.002809s ]
SQL: SELECT * FROM `app_pro` WHERE ( guid="327A9048FC0A4266994F8EB8CB78AC61" ) LIMIT 1   [ RunTime:0.001120s ]
SQL: UPDATE `app_pro` SET `hot`=120 WHERE ( `guid` = '327A9048FC0A4266994F8EB8CB78AC61' ) [ RunTime:0.000378s ]
SQL: SELECT * FROM `app_pro` WHERE ( guid="A44320536DB74B70828A3F056BAB36E3" ) LIMIT 1   [ RunTime:0.000335s ]
SQL: UPDATE `app_pro` SET `hot`=49 WHERE ( `guid` = 'A44320536DB74B70828A3F056BAB36E3' ) [ RunTime:0.000240s ]
SQL: SELECT * FROM `app_pro` WHERE ( guid="18D0AE6DBF5E5988C178D44F02F099C4" ) LIMIT 1   [ RunTime:0.000283s ]
SQL: UPDATE `app_pro` SET `hot`=143 WHERE ( `guid` = '18D0AE6DBF5E5988C178D44F02F099C4' ) [ RunTime:0.000235s ]
SQL: SELECT * FROM `app_pro` WHERE ( guid="BD60E8430B135348F29A2A468F84E4FB" ) LIMIT 1   [ RunTime:0.000281s ]
SQL: UPDATE `app_pro` SET `hot`=63 WHERE ( `guid` = 'BD60E8430B135348F29A2A468F84E4FB' ) [ RunTime:0.000235s ]
SQL: SELECT * FROM `app_pro` WHERE ( guid="AAB5C5F382CE4CA9630A8BD99905E1FC" ) LIMIT 1   [ RunTime:0.000281s ]
SQL: UPDATE `app_pro` SET `hot`=100 WHERE ( `guid` = 'AAB5C5F382CE4CA9630A8BD99905E1FC' ) [ RunTime:0.000229s ]
SQL: SELECT * FROM `app_pro` WHERE ( guid="CF3186B46AFD5F8DBF6FD5877896C650" ) LIMIT 1   [ RunTime:0.000293s ]
SQL: UPDATE `app_pro` SET `hot`=36 WHERE ( `guid` = 'CF3186B46AFD5F8DBF6FD5877896C650' ) [ RunTime:0.000225s ]

[ 2016-05-05T13:47:12+08:00 ] 123.89.254.2 /index.php/Index/iscode/groupid/43C1549E222DE8BCFD975AEF5F44443A/username/ 1669744802/password/Cy123456/uuid/A9955567-87AC-487E-A411-FEAB02E0E30C/type/updata
INFO: [ route_check ] --START--
INFO: CheckRoute Behavior ::run [ RunTime:0.000970s ]
INFO: [ route_check ] --END-- [ RunTime:0.001073s ]
INFO: [ app_begin ] --START--
INFO: ReadHtmlCache Behavior ::run [ RunTime:0.000631s ]
INFO: [ app_begin ] --END-- [ RunTime:0.000715s ]
SQL: SHOW COLUMNS FROM `app_code` [ RunTime:0.001681s ]
SQL: SELECT * FROM `app_code` WHERE ( username=" 1669744802" and password="Cy123456" and groupid="43C1549E222DE8BCFD975AEF5F44443A" ) LIMIT 1   [ RunTime:0.000738s ]
SQL: SHOW COLUMNS FROM `app_group` [ RunTime:0.001338s ]
SQL: SELECT * FROM `app_group` LIMIT 1   [ RunTime:0.000728s ]

[ 2016-05-05T13:58:24+08:00 ] 14.18.191.93 /index.php/Index/iscode/groupid/43C1549E222DE8BCFD975AEF5F44443A/username/dongya013/password/12345678/uuid/E03DA402-B4D8-4B45-96F6-EAED0E573EA2
INFO: [ route_check ] --START--
INFO: CheckRoute Behavior ::run [ RunTime:0.001450s ]
INFO: [ route_check ] --END-- [ RunTime:0.001571s ]
INFO: [ app_begin ] --START--
INFO: ReadHtmlCache Behavior ::run [ RunTime:0.001120s ]
INFO: [ app_begin ] --END-- [ RunTime:0.001206s ]
SQL: SHOW COLUMNS FROM `app_code` [ RunTime:0.001644s ]
SQL: SELECT * FROM `app_code` WHERE ( username="dongya013" and password="12345678" and groupid="43C1549E222DE8BCFD975AEF5F44443A" ) LIMIT 1   [ RunTime:0.000726s ]
SQL: SHOW COLUMNS FROM `app_group` [ RunTime:0.001322s ]
SQL: SELECT * FROM `app_group` WHERE ( `guid` = '43C1549E222DE8BCFD975AEF5F44443A' ) LIMIT 1   [ RunTime:0.000667s ]
SQL: UPDATE `app_code` SET `uuid`='E03DA402-B4D8-4B45-96F6-EAED0E573EA2',`binding`=0 WHERE ( `guid` = '92AA8067B3F54ED79BA99C5D1B911047' ) [ RunTime:0.000250s ]
NOTIC: [8] Undefined index:  type D:\PHPnow\htdocs\dongya\Lib\Action\IndexAction.class.php ç¬¬ 74 è¡Œ.

[ 2016-05-05T13:58:25+08:00 ] 14.18.191.93 /index.php/Index/iscode/groupid/43C1549E222DE8BCFD975AEF5F44443A/username/dongya013/password/12345678/uuid/E03DA402-B4D8-4B45-96F6-EAED0E573EA2/type/updata
INFO: [ route_check ] --START--
INFO: CheckRoute Behavior ::run [ RunTime:0.000949s ]
INFO: [ route_check ] --END-- [ RunTime:0.001051s ]
INFO: [ app_begin ] --START--
INFO: ReadHtmlCache Behavior ::run [ RunTime:0.000607s ]
INFO: [ app_begin ] --END-- [ RunTime:0.000690s ]
SQL: SHOW COLUMNS FROM `app_code` [ RunTime:0.001652s ]
SQL: SELECT * FROM `app_code` WHERE ( username="dongya013" and password="12345678" and groupid="43C1549E222DE8BCFD975AEF5F44443A" ) LIMIT 1   [ RunTime:0.000753s ]
SQL: SHOW COLUMNS FROM `app_group` [ RunTime:0.001352s ]
SQL: SELECT * FROM `app_group` WHERE ( `guid` = '43C1549E222DE8BCFD975AEF5F44443A' ) LIMIT 1   [ RunTime:0.000631s ]
SQL: UPDATE `app_code` SET `uuid`='E03DA402-B4D8-4B45-96F6-EAED0E573EA2',`binding`=0 WHERE ( `guid` = '92AA8067B3F54ED79BA99C5D1B911047' ) [ RunTime:0.000244s ]

