[ 2016-04-07T01:06:24+08:00 ] 121.42.0.74 /index.php
INFO: [ app_begin ] --START--
INFO: ReadHtmlCache Behavior ::run [ RunTime:0.001095s ]
INFO: [ app_begin ] --END-- [ RunTime:0.001231s ]
INFO: [ view_parse ] --START--
INFO: ParseTemplate Behavior ::run [ RunTime:0.072457s ]
INFO: [ view_parse ] --END-- [ RunTime:0.072604s ]
INFO: [ view_filter ] --START--
INFO: ContentReplace Behavior ::run [ RunTime:0.011324s ]
INFO: TokenBuild Behavior ::run [ RunTime:0.002281s ]
INFO: WriteHtmlCache Behavior ::run [ RunTime:0.001960s ]
INFO: ShowRuntime Behavior ::run [ RunTime:0.002269s ]
INFO: [ view_filter ] --END-- [ RunTime:0.018071s ]
INFO: [ view_end ] --START--
INFO: ShowPageTrace Behavior ::run [ RunTime:0.002404s ]
INFO: [ view_end ] --END-- [ RunTime:0.002484s ]

[ 2016-04-07T03:15:19+08:00 ] 121.42.0.74 /index.php
INFO: [ app_begin ] --START--
INFO: ReadHtmlCache Behavior ::run [ RunTime:0.002037s ]
INFO: [ app_begin ] --END-- [ RunTime:0.002155s ]
INFO: [ view_parse ] --START--
INFO: ParseTemplate Behavior ::run [ RunTime:0.028651s ]
INFO: [ view_parse ] --END-- [ RunTime:0.028781s ]
INFO: [ view_filter ] --START--
INFO: ContentReplace Behavior ::run [ RunTime:0.002348s ]
INFO: TokenBuild Behavior ::run [ RunTime:0.002288s ]
INFO: WriteHtmlCache Behavior ::run [ RunTime:0.002806s ]
INFO: ShowRuntime Behavior ::run [ RunTime:0.002466s ]
INFO: [ view_filter ] --END-- [ RunTime:0.010204s ]
INFO: [ view_end ] --START--
INFO: ShowPageTrace Behavior ::run [ RunTime:0.002389s ]
INFO: [ view_end ] --END-- [ RunTime:0.002475s ]

[ 2016-04-07T10:07:54+08:00 ] 171.109.127.51 /index.php/Index/iscode/groupid/43C1549E222DE8BCFD975AEF5F44443A/username/dongya003/password/12345678/uuid/F2BD55CD-42E5-48B6-9DDA-44D228FF2BF7/type/updata
INFO: [ route_check ] --START--
INFO: CheckRoute Behavior ::run [ RunTime:0.003015s ]
INFO: [ route_check ] --END-- [ RunTime:0.003157s ]
INFO: [ app_begin ] --START--
INFO: ReadHtmlCache Behavior ::run [ RunTime:0.002794s ]
INFO: [ app_begin ] --END-- [ RunTime:0.002920s ]
SQL: SHOW COLUMNS FROM `app_code` [ RunTime:0.033550s ]
SQL: SELECT * FROM `app_code` WHERE ( username="dongya003" and password="12345678" and groupid="43C1549E222DE8BCFD975AEF5F44443A" ) LIMIT 1   [ RunTime:0.014284s ]
SQL: SHOW COLUMNS FROM `app_group` [ RunTime:0.017449s ]
SQL: SELECT * FROM `app_group` WHERE ( `guid` = '43C1549E222DE8BCFD975AEF5F44443A' ) LIMIT 1   [ RunTime:0.000880s ]
SQL: UPDATE `app_code` SET `uuid`='F2BD55CD-42E5-48B6-9DDA-44D228FF2BF7',`binding`=0 WHERE ( `guid` = '956A973D03644B18A70B0EF34BF76995' ) [ RunTime:0.000256s ]

[ 2016-04-07T10:18:47+08:00 ] 120.84.140.134 /index.php/Index/iscode/groupid/43C1549E222DE8BCFD975AEF5F44443A/username/¶¡¹ãº£/password/2971/uuid/5A713543-81C0-462B-B334-D758D6D862A0/type/updata
INFO: [ route_check ] --START--
INFO: CheckRoute Behavior ::run [ RunTime:0.001321s ]
INFO: [ route_check ] --END-- [ RunTime:0.001430s ]
INFO: [ app_begin ] --START--
INFO: ReadHtmlCache Behavior ::run [ RunTime:0.000988s ]
INFO: [ app_begin ] --END-- [ RunTime:0.001077s ]
SQL: SHOW COLUMNS FROM `app_code` [ RunTime:0.001698s ]
SQL: SELECT * FROM `app_code` WHERE ( username="¶¡¹ãº£" and password="2971" and groupid="43C1549E222DE8BCFD975AEF5F44443A" ) LIMIT 1   [ RunTime:0.000726s ]
SQL: SHOW COLUMNS FROM `app_group` [ RunTime:0.001293s ]
SQL: SELECT * FROM `app_group` LIMIT 1   [ RunTime:0.000606s ]

[ 2016-04-07T10:19:06+08:00 ] 120.84.140.134 /index.php/Index/iscode/groupid/43C1549E222DE8BCFD975AEF5F44443A/username/¶¡¹ãº£/password/2971/uuid/5A713543-81C0-462B-B334-D758D6D862A0/type/updata
INFO: [ route_check ] --START--
INFO: CheckRoute Behavior ::run [ RunTime:0.001008s ]
INFO: [ route_check ] --END-- [ RunTime:0.001255s ]
INFO: [ app_begin ] --START--
INFO: ReadHtmlCache Behavior ::run [ RunTime:0.000836s ]
INFO: [ app_begin ] --END-- [ RunTime:0.000924s ]
SQL: SHOW COLUMNS FROM `app_code` [ RunTime:0.001845s ]
SQL: SELECT * FROM `app_code` WHERE ( username="¶¡¹ãº£" and password="2971" and groupid="43C1549E222DE8BCFD975AEF5F44443A" ) LIMIT 1   [ RunTime:0.000736s ]
SQL: SHOW COLUMNS FROM `app_group` [ RunTime:0.001310s ]
SQL: SELECT * FROM `app_group` LIMIT 1   [ RunTime:0.000718s ]

[ 2016-04-07T10:19:42+08:00 ] 120.84.140.134 /index.php/Index/iscode/groupid/43C1549E222DE8BCFD975AEF5F44443A/username/¶¡¹ãº£/password/2971/uuid/5A713543-81C0-462B-B334-D758D6D862A0/type/updata
INFO: [ route_check ] --START--
INFO: CheckRoute Behavior ::run [ RunTime:0.000942s ]
INFO: [ route_check ] --END-- [ RunTime:0.001051s ]
INFO: [ app_begin ] --START--
INFO: ReadHtmlCache Behavior ::run [ RunTime:0.000816s ]
INFO: [ app_begin ] --END-- [ RunTime:0.000906s ]
SQL: SHOW COLUMNS FROM `app_code` [ RunTime:0.001653s ]
SQL: SELECT * FROM `app_code` WHERE ( username="¶¡¹ãº£" and password="2971" and groupid="43C1549E222DE8BCFD975AEF5F44443A" ) LIMIT 1   [ RunTime:0.000730s ]
SQL: SHOW COLUMNS FROM `app_group` [ RunTime:0.001338s ]
SQL: SELECT * FROM `app_group` LIMIT 1   [ RunTime:0.000620s ]

[ 2016-04-07T10:23:16+08:00 ] 59.51.117.8 /index.php/Index/iscode/groupid/43C1549E222DE8BCFD975AEF5F44443A/username/Ò»Ò»Ò»Ò»Ò»°Ë/password/tyyuii/uuid/902FAE22-573C-44CC-92C3-2A46BBFFA3D6
INFO: [ route_check ] --START--
INFO: CheckRoute Behavior ::run [ RunTime:0.001329s ]
INFO: [ route_check ] --END-- [ RunTime:0.001440s ]
INFO: [ app_begin ] --START--
INFO: ReadHtmlCache Behavior ::run [ RunTime:0.000991s ]
INFO: [ app_begin ] --END-- [ RunTime:0.001079s ]
SQL: SHOW COLUMNS FROM `app_code` [ RunTime:0.001716s ]
SQL: SELECT * FROM `app_code` WHERE ( username="Ò»Ò»Ò»Ò»Ò»°Ë" and password="tyyuii" and groupid="43C1549E222DE8BCFD975AEF5F44443A" ) LIMIT 1   [ RunTime:0.000725s ]
SQL: SHOW COLUMNS FROM `app_group` [ RunTime:0.001377s ]
SQL: SELECT * FROM `app_group` LIMIT 1   [ RunTime:0.000615s ]

[ 2016-04-07T10:23:16+08:00 ] 59.51.117.8 /index.php/Index/iscode/groupid/43C1549E222DE8BCFD975AEF5F44443A/username/Ò»Ò»Ò»Ò»Ò»°Ë/password/tyyuii/uuid/902FAE22-573C-44CC-92C3-2A46BBFFA3D6/type/updata
INFO: [ route_check ] --START--
INFO: CheckRoute Behavior ::run [ RunTime:0.000939s ]
INFO: [ route_check ] --END-- [ RunTime:0.001051s ]
INFO: [ app_begin ] --START--
INFO: ReadHtmlCache Behavior ::run [ RunTime:0.000802s ]
INFO: [ app_begin ] --END-- [ RunTime:0.000890s ]
SQL: SHOW COLUMNS FROM `app_code` [ RunTime:0.002191s ]
SQL: SELECT * FROM `app_code` WHERE ( username="Ò»Ò»Ò»Ò»Ò»°Ë" and password="tyyuii" and groupid="43C1549E222DE8BCFD975AEF5F44443A" ) LIMIT 1   [ RunTime:0.000762s ]
SQL: SHOW COLUMNS FROM `app_group` [ RunTime:0.001360s ]
SQL: SELECT * FROM `app_group` LIMIT 1   [ RunTime:0.000706s ]

[ 2016-04-07T10:57:45+08:00 ] 14.120.146.183 /index.php/Index/iscode/groupid/43C1549E222DE8BCFD975AEF5F44443A/username/10769510/password/12345678/uuid/533D2876-B9EC-493A-8A79-881585BF3215
INFO: [ route_check ] --START--
INFO: CheckRoute Behavior ::run [ RunTime:0.001726s ]
INFO: [ route_check ] --END-- [ RunTime:0.001833s ]
INFO: [ app_begin ] --START--
INFO: ReadHtmlCache Behavior ::run [ RunTime:0.001323s ]
INFO: [ app_begin ] --END-- [ RunTime:0.001409s ]
SQL: SHOW COLUMNS FROM `app_code` [ RunTime:0.001837s ]
SQL: SELECT * FROM `app_code` WHERE ( username="10769510" and password="12345678" and groupid="43C1549E222DE8BCFD975AEF5F44443A" ) LIMIT 1   [ RunTime:0.000749s ]
SQL: SHOW COLUMNS FROM `app_group` [ RunTime:0.001601s ]
SQL: SELECT * FROM `app_group` LIMIT 1   [ RunTime:0.000612s ]

[ 2016-04-07T10:57:45+08:00 ] 14.120.146.183 /index.php/Index/iscode/groupid/43C1549E222DE8BCFD975AEF5F44443A/username/10769510/password/12345678/uuid/533D2876-B9EC-493A-8A79-881585BF3215/type/updata
INFO: [ route_check ] --START--
INFO: CheckRoute Behavior ::run [ RunTime:0.001692s ]
INFO: [ route_check ] --END-- [ RunTime:0.001807s ]
INFO: [ app_begin ] --START--
INFO: ReadHtmlCache Behavior ::run [ RunTime:0.001402s ]
INFO: [ app_begin ] --END-- [ RunTime:0.001489s ]
SQL: SHOW COLUMNS FROM `app_code` [ RunTime:0.001672s ]
SQL: SELECT * FROM `app_code` WHERE ( username="10769510" and password="12345678" and groupid="43C1549E222DE8BCFD975AEF5F44443A" ) LIMIT 1   [ RunTime:0.000753s ]
SQL: SHOW COLUMNS FROM `app_group` [ RunTime:0.001280s ]
SQL: SELECT * FROM `app_group` LIMIT 1   [ RunTime:0.000623s ]

[ 2016-04-07T12:19:09+08:00 ] 121.42.0.16 /index.php
INFO: [ app_begin ] --START--
INFO: ReadHtmlCache Behavior ::run [ RunTime:0.001461s ]
INFO: [ app_begin ] --END-- [ RunTime:0.001567s ]
INFO: [ view_parse ] --START--
INFO: ParseTemplate Behavior ::run [ RunTime:0.042455s ]
INFO: [ view_parse ] --END-- [ RunTime:0.042567s ]
INFO: [ view_filter ] --START--
INFO: ContentReplace Behavior ::run [ RunTime:0.010803s ]
INFO: TokenBuild Behavior ::run [ RunTime:0.002022s ]
INFO: WriteHtmlCache Behavior ::run [ RunTime:0.002025s ]
INFO: ShowRuntime Behavior ::run [ RunTime:0.002102s ]
INFO: [ view_filter ] --END-- [ RunTime:0.017190s ]
INFO: [ view_end ] --START--
INFO: ShowPageTrace Behavior ::run [ RunTime:0.002296s ]
INFO: [ view_end ] --END-- [ RunTime:0.002376s ]

[ 2016-04-07T12:57:33+08:00 ] 14.154.193.185 /index.php/Index/iscode/groupid/43C1549E222DE8BCFD975AEF5F44443A/username/dongya013/password/12345678/uuid/E32E923F-998B-4D60-A576-EB29F4A75816
INFO: [ route_check ] --START--
INFO: CheckRoute Behavior ::run [ RunTime:0.001331s ]
INFO: [ route_check ] --END-- [ RunTime:0.001438s ]
INFO: [ app_begin ] --START--
INFO: ReadHtmlCache Behavior ::run [ RunTime:0.000988s ]
INFO: [ app_begin ] --END-- [ RunTime:0.001074s ]
SQL: SHOW COLUMNS FROM `app_code` [ RunTime:0.003301s ]
SQL: SELECT * FROM `app_code` WHERE ( username="dongya013" and password="12345678" and groupid="43C1549E222DE8BCFD975AEF5F44443A" ) LIMIT 1   [ RunTime:0.000736s ]
SQL: SHOW COLUMNS FROM `app_group` [ RunTime:0.001861s ]
SQL: SELECT * FROM `app_group` WHERE ( `guid` = '43C1549E222DE8BCFD975AEF5F44443A' ) LIMIT 1   [ RunTime:0.000652s ]
SQL: UPDATE `app_code` SET `uuid`='E32E923F-998B-4D60-A576-EB29F4A75816',`binding`=0 WHERE ( `guid` = '92AA8067B3F54ED79BA99C5D1B911047' ) [ RunTime:0.000255s ]
NOTIC: [8] Undefined index:  type D:\PHPnow\htdocs\dongya\Lib\Action\IndexAction.class.php ç¬¬ 74 è¡Œ.

[ 2016-04-07T12:57:33+08:00 ] 14.154.193.185 /index.php/Uploadprohot
INFO: [ route_check ] --START--
INFO: CheckRoute Behavior ::run [ RunTime:0.000955s ]
INFO: [ route_check ] --END-- [ RunTime:0.001060s ]
INFO: [ app_begin ] --START--
INFO: ReadHtmlCache Behavior ::run [ RunTime:0.000844s ]
INFO: [ app_begin ] --END-- [ RunTime:0.000928s ]
SQL: SHOW COLUMNS FROM `app_pro` [ RunTime:0.051791s ]
SQL: SELECT * FROM `app_pro` WHERE ( guid="CA44D866E5EC4F959B9A9FB2D8864875" ) LIMIT 1   [ RunTime:0.046639s ]
SQL: UPDATE `app_pro` SET `hot`=32 WHERE ( `guid` = 'CA44D866E5EC4F959B9A9FB2D8864875' ) [ RunTime:0.000368s ]

[ 2016-04-07T12:57:33+08:00 ] 14.154.193.185 /index.php/Index/iscode/groupid/43C1549E222DE8BCFD975AEF5F44443A/username/dongya013/password/12345678/uuid/E32E923F-998B-4D60-A576-EB29F4A75816/type/updata
INFO: [ route_check ] --START--
INFO: CheckRoute Behavior ::run [ RunTime:0.001314s ]
INFO: [ route_check ] --END-- [ RunTime:0.001423s ]
INFO: [ app_begin ] --START--
INFO: ReadHtmlCache Behavior ::run [ RunTime:0.000992s ]
INFO: [ app_begin ] --END-- [ RunTime:0.001081s ]
SQL: SHOW COLUMNS FROM `app_code` [ RunTime:0.002112s ]
SQL: SELECT * FROM `app_code` WHERE ( username="dongya013" and password="12345678" and groupid="43C1549E222DE8BCFD975AEF5F44443A" ) LIMIT 1   [ RunTime:0.000723s ]
SQL: SHOW COLUMNS FROM `app_group` [ RunTime:0.001407s ]
SQL: SELECT * FROM `app_group` WHERE ( `guid` = '43C1549E222DE8BCFD975AEF5F44443A' ) LIMIT 1   [ RunTime:0.000833s ]
SQL: UPDATE `app_code` SET `uuid`='E32E923F-998B-4D60-A576-EB29F4A75816',`binding`=0 WHERE ( `guid` = '92AA8067B3F54ED79BA99C5D1B911047' ) [ RunTime:0.000240s ]

[ 2016-04-07T12:57:50+08:00 ] 14.154.193.185 /index.php/Index/iscode/groupid/43C1549E222DE8BCFD975AEF5F44443A/username/dongya013/password/12345678/uuid/E32E923F-998B-4D60-A576-EB29F4A75816/type/updata
INFO: [ route_check ] --START--
INFO: CheckRoute Behavior ::run [ RunTime:0.001203s ]
INFO: [ route_check ] --END-- [ RunTime:0.001331s ]
INFO: [ app_begin ] --START--
INFO: ReadHtmlCache Behavior ::run [ RunTime:0.001109s ]
INFO: [ app_begin ] --END-- [ RunTime:0.001199s ]
SQL: SHOW COLUMNS FROM `app_code` [ RunTime:0.002131s ]
SQL: SELECT * FROM `app_code` WHERE ( username="dongya013" and password="12345678" and groupid="43C1549E222DE8BCFD975AEF5F44443A" ) LIMIT 1   [ RunTime:0.000805s ]
SQL: SHOW COLUMNS FROM `app_group` [ RunTime:0.001380s ]
SQL: SELECT * FROM `app_group` WHERE ( `guid` = '43C1549E222DE8BCFD975AEF5F44443A' ) LIMIT 1   [ RunTime:0.000683s ]
SQL: UPDATE `app_code` SET `uuid`='E32E923F-998B-4D60-A576-EB29F4A75816',`binding`=0 WHERE ( `guid` = '92AA8067B3F54ED79BA99C5D1B911047' ) [ RunTime:0.000244s ]

[ 2016-04-07T13:00:50+08:00 ] 14.154.193.185 /index.php/Index/iscode/groupid/43C1549E222DE8BCFD975AEF5F44443A/username/dongya013/password/12345678/uuid/E32E923F-998B-4D60-A576-EB29F4A75816/type/updata
INFO: [ route_check ] --START--
INFO: CheckRoute Behavior ::run [ RunTime:0.001470s ]
INFO: [ route_check ] --END-- [ RunTime:0.001581s ]
INFO: [ app_begin ] --START--
INFO: ReadHtmlCache Behavior ::run [ RunTime:0.001073s ]
INFO: [ app_begin ] --END-- [ RunTime:0.001163s ]
SQL: SHOW COLUMNS FROM `app_code` [ RunTime:0.001905s ]
SQL: SELECT * FROM `app_code` WHERE ( username="dongya013" and password="12345678" and groupid="43C1549E222DE8BCFD975AEF5F44443A" ) LIMIT 1   [ RunTime:0.000747s ]
SQL: SHOW COLUMNS FROM `app_group` [ RunTime:0.001470s ]
SQL: SELECT * FROM `app_group` WHERE ( `guid` = '43C1549E222DE8BCFD975AEF5F44443A' ) LIMIT 1   [ RunTime:0.000637s ]
SQL: UPDATE `app_code` SET `uuid`='E32E923F-998B-4D60-A576-EB29F4A75816',`binding`=0 WHERE ( `guid` = '92AA8067B3F54ED79BA99C5D1B911047' ) [ RunTime:0.000247s ]

[ 2016-04-07T13:17:43+08:00 ] 120.84.140.134 /index.php/Index/iscode/groupid/43C1549E222DE8BCFD975AEF5F44443A/username/¶¡¹ãº£/password/2971/uuid/5A713543-81C0-462B-B334-D758D6D862A0/type/updata
INFO: [ route_check ] --START--
INFO: CheckRoute Behavior ::run [ RunTime:0.006231s ]
INFO: [ route_check ] --END-- [ RunTime:0.006357s ]
INFO: [ app_begin ] --START--
INFO: ReadHtmlCache Behavior ::run [ RunTime:0.002344s ]
INFO: [ app_begin ] --END-- [ RunTime:0.002440s ]
SQL: SHOW COLUMNS FROM `app_code` [ RunTime:0.002247s ]
SQL: SELECT * FROM `app_code` WHERE ( username="¶¡¹ãº£" and password="2971" and groupid="43C1549E222DE8BCFD975AEF5F44443A" ) LIMIT 1   [ RunTime:0.000845s ]
SQL: SHOW COLUMNS FROM `app_group` [ RunTime:0.001565s ]
SQL: SELECT * FROM `app_group` LIMIT 1   [ RunTime:0.000682s ]

[ 2016-04-07T13:21:14+08:00 ] 183.26.105.162 /index.php/Index/iscode/groupid/43C1549E222DE8BCFD975AEF5F44443A/username/dongya010/password/12345678/uuid/6C96832B-6553-460E-83BF-02E6A72082AB
INFO: [ route_check ] --START--
INFO: CheckRoute Behavior ::run [ RunTime:0.001659s ]
INFO: [ route_check ] --END-- [ RunTime:0.001764s ]
INFO: [ app_begin ] --START--
INFO: ReadHtmlCache Behavior ::run [ RunTime:0.001403s ]
INFO: [ app_begin ] --END-- [ RunTime:0.001489s ]
SQL: SHOW COLUMNS FROM `app_code` [ RunTime:0.001808s ]
SQL: SELECT * FROM `app_code` WHERE ( username="dongya010" and password="12345678" and groupid="43C1549E222DE8BCFD975AEF5F44443A" ) LIMIT 1   [ RunTime:0.000737s ]
SQL: SHOW COLUMNS FROM `app_group` [ RunTime:0.001427s ]
SQL: SELECT * FROM `app_group` WHERE ( `guid` = '43C1549E222DE8BCFD975AEF5F44443A' ) LIMIT 1   [ RunTime:0.000746s ]
SQL: UPDATE `app_code` SET `uuid`='6C96832B-6553-460E-83BF-02E6A72082AB',`binding`=0 WHERE ( `guid` = 'BC561E52860D4F0197FA769C5457056E' ) [ RunTime:0.000325s ]
NOTIC: [8] Undefined index:  type D:\PHPnow\htdocs\dongya\Lib\Action\IndexAction.class.php ç¬¬ 74 è¡Œ.

[ 2016-04-07T13:21:15+08:00 ] 183.26.105.162 /index.php/Uploadprohot
INFO: [ route_check ] --START--
INFO: CheckRoute Behavior ::run [ RunTime:0.001749s ]
INFO: [ route_check ] --END-- [ RunTime:0.001870s ]
INFO: [ app_begin ] --START--
INFO: ReadHtmlCache Behavior ::run [ RunTime:0.001330s ]
INFO: [ app_begin ] --END-- [ RunTime:0.001416s ]
SQL: SHOW COLUMNS FROM `app_pro` [ RunTime:0.032259s ]
SQL: SELECT * FROM `app_pro` WHERE ( guid="E69DD61C6E3A4B4EB47BFAAB04A42620" ) LIMIT 1   [ RunTime:0.023654s ]
SQL: UPDATE `app_pro` SET `hot`=7 WHERE ( `guid` = 'E69DD61C6E3A4B4EB47BFAAB04A42620' ) [ RunTime:0.000291s ]
SQL: SELECT * FROM `app_pro` WHERE ( guid="E2972327EF7C08621DEFA2FFA362793B" ) LIMIT 1   [ RunTime:0.001544s ]
SQL: UPDATE `app_pro` SET `hot`=11 WHERE ( `guid` = 'E2972327EF7C08621DEFA2FFA362793B' ) [ RunTime:0.000237s ]
SQL: SELECT * FROM `app_pro` WHERE ( guid="A26A337292F04A76B0396CAFE4CA3BA8" ) LIMIT 1   [ RunTime:0.000277s ]
SQL: UPDATE `app_pro` SET `hot`=15 WHERE ( `guid` = 'A26A337292F04A76B0396CAFE4CA3BA8' ) [ RunTime:0.000227s ]
SQL: SELECT * FROM `app_pro` WHERE ( guid="08F54CB1ADF8FB9642EA599EA3CD0D35" ) LIMIT 1   [ RunTime:0.005135s ]
SQL: UPDATE `app_pro` SET `hot`=18 WHERE ( `guid` = '08F54CB1ADF8FB9642EA599EA3CD0D35' ) [ RunTime:0.000228s ]
SQL: SELECT * FROM `app_pro` WHERE ( guid="FBD304FD465462FE112F71E9365D87BE" ) LIMIT 1   [ RunTime:0.001254s ]
SQL: UPDATE `app_pro` SET `hot`=8 WHERE ( `guid` = 'FBD304FD465462FE112F71E9365D87BE' ) [ RunTime:0.000228s ]
SQL: SELECT * FROM `app_pro` WHERE ( guid="85BADD968937332227A124B37421B0F4" ) LIMIT 1   [ RunTime:0.000274s ]
SQL: UPDATE `app_pro` SET `hot`=8 WHERE ( `guid` = '85BADD968937332227A124B37421B0F4' ) [ RunTime:0.000228s ]
SQL: SELECT * FROM `app_pro` WHERE ( guid="3BE8201996E64BCA885B6067349FB61F" ) LIMIT 1   [ RunTime:0.017744s ]
SQL: UPDATE `app_pro` SET `hot`=10 WHERE ( `guid` = '3BE8201996E64BCA885B6067349FB61F' ) [ RunTime:0.000252s ]
SQL: SELECT * FROM `app_pro` WHERE ( guid="5D622616AE824F739D4C1770B5683665" ) LIMIT 1   [ RunTime:0.000275s ]
SQL: UPDATE `app_pro` SET `hot`=24 WHERE ( `guid` = '5D622616AE824F739D4C1770B5683665' ) [ RunTime:0.000232s ]
SQL: SELECT * FROM `app_pro` WHERE ( guid="CA44D866E5EC4F959B9A9FB2D8864875" ) LIMIT 1   [ RunTime:0.000270s ]
SQL: UPDATE `app_pro` SET `hot`=34 WHERE ( `guid` = 'CA44D866E5EC4F959B9A9FB2D8864875' ) [ RunTime:0.000225s ]
SQL: SELECT * FROM `app_pro` WHERE ( guid="F35D0AC97144ECF26210C9BB709F2FBE" ) LIMIT 1   [ RunTime:0.000272s ]
SQL: UPDATE `app_pro` SET `hot`=16 WHERE ( `guid` = 'F35D0AC97144ECF26210C9BB709F2FBE' ) [ RunTime:0.000228s ]
SQL: SELECT * FROM `app_pro` WHERE ( guid="2EF170F1F941C350FA2DF936CDFA8CC0" ) LIMIT 1   [ RunTime:0.000266s ]
SQL: UPDATE `app_pro` SET `hot`=8 WHERE ( `guid` = '2EF170F1F941C350FA2DF936CDFA8CC0' ) [ RunTime:0.000225s ]
SQL: SELECT * FROM `app_pro` WHERE ( guid="BA4CE57A08CB970F90FE8FFE9B9E6D5C" ) LIMIT 1   [ RunTime:0.000263s ]
SQL: UPDATE `app_pro` SET `hot`=4 WHERE ( `guid` = 'BA4CE57A08CB970F90FE8FFE9B9E6D5C' ) [ RunTime:0.000227s ]
SQL: SELECT * FROM `app_pro` WHERE ( guid="2EF8029A10E1723CFC39F1EC28648392" ) LIMIT 1   [ RunTime:0.000261s ]
SQL: UPDATE `app_pro` SET `hot`=7 WHERE ( `guid` = '2EF8029A10E1723CFC39F1EC28648392' ) [ RunTime:0.000228s ]
SQL: SELECT * FROM `app_pro` WHERE ( guid="D1EC7A074E00618464ECC81CA724521C" ) LIMIT 1   [ RunTime:0.000264s ]
SQL: UPDATE `app_pro` SET `hot`=4 WHERE ( `guid` = 'D1EC7A074E00618464ECC81CA724521C' ) [ RunTime:0.000226s ]
SQL: SELECT * FROM `app_pro` WHERE ( guid="89763FC4FF8F4FF1E22AC7294300C1D9" ) LIMIT 1   [ RunTime:0.000268s ]
SQL: UPDATE `app_pro` SET `hot`=4 WHERE ( `guid` = '89763FC4FF8F4FF1E22AC7294300C1D9' ) [ RunTime:0.000221s ]
SQL: SELECT * FROM `app_pro` WHERE ( guid="454340E9BB8EB218ADDF05A129409234" ) LIMIT 1   [ RunTime:0.000296s ]
SQL: UPDATE `app_pro` SET `hot`=4 WHERE ( `guid` = '454340E9BB8EB218ADDF05A129409234' ) [ RunTime:0.000227s ]
SQL: SELECT * FROM `app_pro` WHERE ( guid="225EE086815A34A76BA54A5FFFB8F61A" ) LIMIT 1   [ RunTime:0.000271s ]
SQL: UPDATE `app_pro` SET `hot`=4 WHERE ( `guid` = '225EE086815A34A76BA54A5FFFB8F61A' ) [ RunTime:0.000223s ]
SQL: SELECT * FROM `app_pro` WHERE ( guid="C468F54BDE46F3F245E1432D11E67D98" ) LIMIT 1   [ RunTime:0.000265s ]
SQL: UPDATE `app_pro` SET `hot`=4 WHERE ( `guid` = 'C468F54BDE46F3F245E1432D11E67D98' ) [ RunTime:0.000230s ]
SQL: SELECT * FROM `app_pro` WHERE ( guid="FB7274A0F2AF49BC97FC0D259B640CA9" ) LIMIT 1   [ RunTime:0.000267s ]
SQL: UPDATE `app_pro` SET `hot`=9 WHERE ( `guid` = 'FB7274A0F2AF49BC97FC0D259B640CA9' ) [ RunTime:0.000229s ]
SQL: SELECT * FROM `app_pro` WHERE ( guid="E1D89BB3396C43CD0454CC0411C0320A" ) LIMIT 1   [ RunTime:0.000259s ]
SQL: UPDATE `app_pro` SET `hot`=4 WHERE ( `guid` = 'E1D89BB3396C43CD0454CC0411C0320A' ) [ RunTime:0.000222s ]
SQL: SELECT * FROM `app_pro` WHERE ( guid="066B900FD221F5E0376B9FC8B041625A" ) LIMIT 1   [ RunTime:0.000324s ]
SQL: UPDATE `app_pro` SET `hot`=6 WHERE ( `guid` = '066B900FD221F5E0376B9FC8B041625A' ) [ RunTime:0.000222s ]
SQL: SELECT * FROM `app_pro` WHERE ( guid="54940FBC319BECBEDBE133291BEBF041" ) LIMIT 1   [ RunTime:0.000263s ]
SQL: UPDATE `app_pro` SET `hot`=5 WHERE ( `guid` = '54940FBC319BECBEDBE133291BEBF041' ) [ RunTime:0.000221s ]
SQL: SELECT * FROM `app_pro` WHERE ( guid="2877B6078B7D17EAE58A7CE631FBC568" ) LIMIT 1   [ RunTime:0.000261s ]
SQL: UPDATE `app_pro` SET `hot`=4 WHERE ( `guid` = '2877B6078B7D17EAE58A7CE631FBC568' ) [ RunTime:0.000228s ]
SQL: SELECT * FROM `app_pro` WHERE ( guid="1BDD0617E5AF4EDE9D5982BE9536FB36" ) LIMIT 1   [ RunTime:0.000262s ]
SQL: UPDATE `app_pro` SET `hot`=18 WHERE ( `guid` = '1BDD0617E5AF4EDE9D5982BE9536FB36' ) [ RunTime:0.000222s ]
SQL: SELECT * FROM `app_pro` WHERE ( guid="C451A527D88B3FA9881DED7185749484" ) LIMIT 1   [ RunTime:0.000262s ]
SQL: UPDATE `app_pro` SET `hot`=4 WHERE ( `guid` = 'C451A527D88B3FA9881DED7185749484' ) [ RunTime:0.000221s ]
SQL: SELECT * FROM `app_pro` WHERE ( guid="621E6B8AC7765BC9502AF098651B128C" ) LIMIT 1   [ RunTime:0.000262s ]
SQL: UPDATE `app_pro` SET `hot`=4 WHERE ( `guid` = '621E6B8AC7765BC9502AF098651B128C' ) [ RunTime:0.000223s ]
SQL: SELECT * FROM `app_pro` WHERE ( guid="6FD990A9EEDDD28F2C07BF70CB1672A5" ) LIMIT 1   [ RunTime:0.000267s ]
SQL: UPDATE `app_pro` SET `hot`=4 WHERE ( `guid` = '6FD990A9EEDDD28F2C07BF70CB1672A5' ) [ RunTime:0.000224s ]
SQL: SELECT * FROM `app_pro` WHERE ( guid="DD8C29E3BE67BFDF7E3F39E18520DF59" ) LIMIT 1   [ RunTime:0.000269s ]
SQL: UPDATE `app_pro` SET `hot`=12 WHERE ( `guid` = 'DD8C29E3BE67BFDF7E3F39E18520DF59' ) [ RunTime:0.000693s ]
SQL: SELECT * FROM `app_pro` WHERE ( guid="AAB5C5F382CE4CA9630A8BD99905E1FC" ) LIMIT 1   [ RunTime:0.000268s ]
SQL: UPDATE `app_pro` SET `hot`=19 WHERE ( `guid` = 'AAB5C5F382CE4CA9630A8BD99905E1FC' ) [ RunTime:0.000224s ]
SQL: SELECT * FROM `app_pro` WHERE ( guid="533B0B2E58E8005CE94DB842F2E5B686" ) LIMIT 1   [ RunTime:0.000263s ]
SQL: UPDATE `app_pro` SET `hot`=7 WHERE ( `guid` = '533B0B2E58E8005CE94DB842F2E5B686' ) [ RunTime:0.000222s ]
SQL: SELECT * FROM `app_pro` WHERE ( guid="2AB54C967F62D3B8FEAA9D846310CE5B" ) LIMIT 1   [ RunTime:0.000266s ]
SQL: UPDATE `app_pro` SET `hot`=4 WHERE ( `guid` = '2AB54C967F62D3B8FEAA9D846310CE5B' ) [ RunTime:0.000226s ]
SQL: SELECT * FROM `app_pro` WHERE ( guid="53BC5194B51787BE1EDA41FDFFEA1167" ) LIMIT 1   [ RunTime:0.000262s ]
SQL: UPDATE `app_pro` SET `hot`=4 WHERE ( `guid` = '53BC5194B51787BE1EDA41FDFFEA1167' ) [ RunTime:0.000223s ]
SQL: SELECT * FROM `app_pro` WHERE ( guid="D521CD969FD7DCCBCD2B5FA8BB75DBE7" ) LIMIT 1   [ RunTime:0.000265s ]
SQL: UPDATE `app_pro` SET `hot`=4 WHERE ( `guid` = 'D521CD969FD7DCCBCD2B5FA8BB75DBE7' ) [ RunTime:0.000222s ]
SQL: SELECT * FROM `app_pro` WHERE ( guid="1DF5EC29F9AC9462CE163DCDF1F45CB4" ) LIMIT 1   [ RunTime:0.000257s ]
SQL: UPDATE `app_pro` SET `hot`=18 WHERE ( `guid` = '1DF5EC29F9AC9462CE163DCDF1F45CB4' ) [ RunTime:0.000216s ]
SQL: SELECT * FROM `app_pro` WHERE ( guid="E2AB6B858E7A6FFCFF691A7051CEA03E" ) LIMIT 1   [ RunTime:0.000257s ]
SQL: UPDATE `app_pro` SET `hot`=9 WHERE ( `guid` = 'E2AB6B858E7A6FFCFF691A7051CEA03E' ) [ RunTime:0.000216s ]
SQL: SELECT * FROM `app_pro` WHERE ( guid="1649D8ED6274BE2131D13F0E17F5EC38" ) LIMIT 1   [ RunTime:0.000261s ]
SQL: UPDATE `app_pro` SET `hot`=15 WHERE ( `guid` = '1649D8ED6274BE2131D13F0E17F5EC38' ) [ RunTime:0.000214s ]
SQL: SELECT * FROM `app_pro` WHERE ( guid="7329ABA8FABDD2BA22149564B2594730" ) LIMIT 1   [ RunTime:0.000265s ]
SQL: UPDATE `app_pro` SET `hot`=4 WHERE ( `guid` = '7329ABA8FABDD2BA22149564B2594730' ) [ RunTime:0.000419s ]
SQL: SELECT * FROM `app_pro` WHERE ( guid="BD6A319AF56EFC138FDEF4C0AC6357D9" ) LIMIT 1   [ RunTime:0.000286s ]
SQL: UPDATE `app_pro` SET `hot`=13 WHERE ( `guid` = 'BD6A319AF56EFC138FDEF4C0AC6357D9' ) [ RunTime:0.000236s ]
SQL: SELECT * FROM `app_pro` WHERE ( guid="18D0AE6DBF5E5988C178D44F02F099C4" ) LIMIT 1   [ RunTime:0.000269s ]
SQL: UPDATE `app_pro` SET `hot`=30 WHERE ( `guid` = '18D0AE6DBF5E5988C178D44F02F099C4' ) [ RunTime:0.000234s ]
SQL: SELECT * FROM `app_pro` WHERE ( guid="BD60E8430B135348F29A2A468F84E4FB" ) LIMIT 1   [ RunTime:0.000270s ]
SQL: UPDATE `app_pro` SET `hot`=13 WHERE ( `guid` = 'BD60E8430B135348F29A2A468F84E4FB' ) [ RunTime:0.000234s ]
SQL: SELECT * FROM `app_pro` WHERE ( guid="4BCE14DA7A0E2D32BD8F3B3423B1768B" ) LIMIT 1   [ RunTime:0.000395s ]
SQL: UPDATE `app_pro` SET `hot`=10 WHERE ( `guid` = '4BCE14DA7A0E2D32BD8F3B3423B1768B' ) [ RunTime:0.000236s ]

[ 2016-04-07T13:21:15+08:00 ] 183.26.105.162 /index.php/Index/iscode/groupid/43C1549E222DE8BCFD975AEF5F44443A/username/dongya010/password/12345678/uuid/6C96832B-6553-460E-83BF-02E6A72082AB/type/updata
INFO: [ route_check ] --START--
INFO: CheckRoute Behavior ::run [ RunTime:0.001483s ]
INFO: [ route_check ] --END-- [ RunTime:0.001584s ]
INFO: [ app_begin ] --START--
INFO: ReadHtmlCache Behavior ::run [ RunTime:0.001307s ]
INFO: [ app_begin ] --END-- [ RunTime:0.001395s ]
SQL: SHOW COLUMNS FROM `app_code` [ RunTime:0.001741s ]
SQL: SELECT * FROM `app_code` WHERE ( username="dongya010" and password="12345678" and groupid="43C1549E222DE8BCFD975AEF5F44443A" ) LIMIT 1   [ RunTime:0.000720s ]
SQL: SHOW COLUMNS FROM `app_group` [ RunTime:0.001297s ]
SQL: SELECT * FROM `app_group` WHERE ( `guid` = '43C1549E222DE8BCFD975AEF5F44443A' ) LIMIT 1   [ RunTime:0.000626s ]
SQL: UPDATE `app_code` SET `uuid`='6C96832B-6553-460E-83BF-02E6A72082AB',`binding`=0 WHERE ( `guid` = 'BC561E52860D4F0197FA769C5457056E' ) [ RunTime:0.000272s ]

[ 2016-04-07T14:40:01+08:00 ] 120.84.140.134 /index.php/Index/iscode/groupid/43C1549E222DE8BCFD975AEF5F44443A/username/¶¡¹ãº£/password/2971/uuid/5A713543-81C0-462B-B334-D758D6D862A0/type/updata
INFO: [ route_check ] --START--
INFO: CheckRoute Behavior ::run [ RunTime:0.001796s ]
INFO: [ route_check ] --END-- [ RunTime:0.001966s ]
INFO: [ app_begin ] --START--
INFO: ReadHtmlCache Behavior ::run [ RunTime:0.001041s ]
INFO: [ app_begin ] --END-- [ RunTime:0.001157s ]
SQL: SHOW COLUMNS FROM `app_code` [ RunTime:0.002057s ]
SQL: SELECT * FROM `app_code` WHERE ( username="¶¡¹ãº£" and password="2971" and groupid="43C1549E222DE8BCFD975AEF5F44443A" ) LIMIT 1   [ RunTime:0.000849s ]
SQL: SHOW COLUMNS FROM `app_group` [ RunTime:0.001597s ]
SQL: SELECT * FROM `app_group` LIMIT 1   [ RunTime:0.000626s ]

[ 2016-04-07T14:40:16+08:00 ] 120.84.140.134 /index.php/Index/iscode/groupid/43C1549E222DE8BCFD975AEF5F44443A/username/¶¡¹ãº£/password/2971/uuid/5A713543-81C0-462B-B334-D758D6D862A0/type/updata
INFO: [ route_check ] --START--
INFO: CheckRoute Behavior ::run [ RunTime:0.000948s ]
INFO: [ route_check ] --END-- [ RunTime:0.001052s ]
INFO: [ app_begin ] --START--
INFO: ReadHtmlCache Behavior ::run [ RunTime:0.001011s ]
INFO: [ app_begin ] --END-- [ RunTime:0.001097s ]
SQL: SHOW COLUMNS FROM `app_code` [ RunTime:0.001789s ]
SQL: SELECT * FROM `app_code` WHERE ( username="¶¡¹ãº£" and password="2971" and groupid="43C1549E222DE8BCFD975AEF5F44443A" ) LIMIT 1   [ RunTime:0.000744s ]
SQL: SHOW COLUMNS FROM `app_group` [ RunTime:0.001376s ]
SQL: SELECT * FROM `app_group` LIMIT 1   [ RunTime:0.000622s ]

[ 2016-04-07T14:41:13+08:00 ] 120.84.140.134 /index.php/Index/iscode/groupid/43C1549E222DE8BCFD975AEF5F44443A/username/¶¡¹ãº£/password/2971/uuid/5A713543-81C0-462B-B334-D758D6D862A0/type/updata
INFO: [ route_check ] --START--
INFO: CheckRoute Behavior ::run [ RunTime:0.001125s ]
INFO: [ route_check ] --END-- [ RunTime:0.001236s ]
INFO: [ app_begin ] --START--
INFO: ReadHtmlCache Behavior ::run [ RunTime:0.000821s ]
INFO: [ app_begin ] --END-- [ RunTime:0.000905s ]
SQL: SHOW COLUMNS FROM `app_code` [ RunTime:0.001807s ]
SQL: SELECT * FROM `app_code` WHERE ( username="¶¡¹ãº£" and password="2971" and groupid="43C1549E222DE8BCFD975AEF5F44443A" ) LIMIT 1   [ RunTime:0.000729s ]
SQL: SHOW COLUMNS FROM `app_group` [ RunTime:0.001387s ]
SQL: SELECT * FROM `app_group` LIMIT 1   [ RunTime:0.000596s ]

[ 2016-04-07T15:19:28+08:00 ] 171.109.127.51 /index.php/Index/iscode/groupid/43C1549E222DE8BCFD975AEF5F44443A/username/dongya003/password/12345678/uuid/F2BD55CD-42E5-48B6-9DDA-44D228FF2BF7/type/updata
INFO: [ route_check ] --START--
INFO: CheckRoute Behavior ::run [ RunTime:0.001446s ]
INFO: [ route_check ] --END-- [ RunTime:0.001584s ]
INFO: [ app_begin ] --START--
INFO: ReadHtmlCache Behavior ::run [ RunTime:0.001029s ]
INFO: [ app_begin ] --END-- [ RunTime:0.001115s ]
SQL: SHOW COLUMNS FROM `app_code` [ RunTime:0.001981s ]
SQL: SELECT * FROM `app_code` WHERE ( username="dongya003" and password="12345678" and groupid="43C1549E222DE8BCFD975AEF5F44443A" ) LIMIT 1   [ RunTime:0.000732s ]
SQL: SHOW COLUMNS FROM `app_group` [ RunTime:0.001670s ]
SQL: SELECT * FROM `app_group` WHERE ( `guid` = '43C1549E222DE8BCFD975AEF5F44443A' ) LIMIT 1   [ RunTime:0.000688s ]
SQL: UPDATE `app_code` SET `uuid`='F2BD55CD-42E5-48B6-9DDA-44D228FF2BF7',`binding`=0 WHERE ( `guid` = '956A973D03644B18A70B0EF34BF76995' ) [ RunTime:0.000279s ]

[ 2016-04-07T15:20:10+08:00 ] 183.26.105.162 /index.php/Index/iscode/groupid/43C1549E222DE8BCFD975AEF5F44443A/username/dongya010/password/12345678/uuid/6C96832B-6553-460E-83BF-02E6A72082AB/type/updata
INFO: [ route_check ] --START--
INFO: CheckRoute Behavior ::run [ RunTime:0.000943s ]
INFO: [ route_check ] --END-- [ RunTime:0.001051s ]
INFO: [ app_begin ] --START--
INFO: ReadHtmlCache Behavior ::run [ RunTime:0.000829s ]
INFO: [ app_begin ] --END-- [ RunTime:0.000913s ]
SQL: SHOW COLUMNS FROM `app_code` [ RunTime:0.001669s ]
SQL: SELECT * FROM `app_code` WHERE ( username="dongya010" and password="12345678" and groupid="43C1549E222DE8BCFD975AEF5F44443A" ) LIMIT 1   [ RunTime:0.000734s ]
SQL: SHOW COLUMNS FROM `app_group` [ RunTime:0.001446s ]
SQL: SELECT * FROM `app_group` WHERE ( `guid` = '43C1549E222DE8BCFD975AEF5F44443A' ) LIMIT 1   [ RunTime:0.000685s ]
SQL: UPDATE `app_code` SET `uuid`='6C96832B-6553-460E-83BF-02E6A72082AB',`binding`=0 WHERE ( `guid` = 'BC561E52860D4F0197FA769C5457056E' ) [ RunTime:0.000245s ]

[ 2016-04-07T15:31:38+08:00 ] 120.84.140.134 /index.php/Index/iscode/groupid/43C1549E222DE8BCFD975AEF5F44443A/username/¶¡¹ãº£/password/2971/uuid/5A713543-81C0-462B-B334-D758D6D862A0/type/updata
INFO: [ route_check ] --START--
INFO: CheckRoute Behavior ::run [ RunTime:0.001417s ]
INFO: [ route_check ] --END-- [ RunTime:0.001540s ]
INFO: [ app_begin ] --START--
INFO: ReadHtmlCache Behavior ::run [ RunTime:0.001027s ]
INFO: [ app_begin ] --END-- [ RunTime:0.001114s ]
SQL: SHOW COLUMNS FROM `app_code` [ RunTime:0.001965s ]
SQL: SELECT * FROM `app_code` WHERE ( username="¶¡¹ãº£" and password="2971" and groupid="43C1549E222DE8BCFD975AEF5F44443A" ) LIMIT 1   [ RunTime:0.000785s ]
SQL: SHOW COLUMNS FROM `app_group` [ RunTime:0.001681s ]
SQL: SELECT * FROM `app_group` LIMIT 1   [ RunTime:0.000675s ]

[ 2016-04-07T15:33:00+08:00 ] 183.26.105.162 /index.php/Index/iscode/groupid/43C1549E222DE8BCFD975AEF5F44443A/username/dongya010/password/12345678/uuid/6C96832B-6553-460E-83BF-02E6A72082AB/type/updata
INFO: [ route_check ] --START--
INFO: CheckRoute Behavior ::run [ RunTime:0.000950s ]
INFO: [ route_check ] --END-- [ RunTime:0.001077s ]
INFO: [ app_begin ] --START--
INFO: ReadHtmlCache Behavior ::run [ RunTime:0.000828s ]
INFO: [ app_begin ] --END-- [ RunTime:0.000926s ]
SQL: SHOW COLUMNS FROM `app_code` [ RunTime:0.001692s ]
SQL: SELECT * FROM `app_code` WHERE ( username="dongya010" and password="12345678" and groupid="43C1549E222DE8BCFD975AEF5F44443A" ) LIMIT 1   [ RunTime:0.000742s ]
SQL: SHOW COLUMNS FROM `app_group` [ RunTime:0.001398s ]
SQL: SELECT * FROM `app_group` WHERE ( `guid` = '43C1549E222DE8BCFD975AEF5F44443A' ) LIMIT 1   [ RunTime:0.000687s ]
SQL: UPDATE `app_code` SET `uuid`='6C96832B-6553-460E-83BF-02E6A72082AB',`binding`=0 WHERE ( `guid` = 'BC561E52860D4F0197FA769C5457056E' ) [ RunTime:0.000288s ]

[ 2016-04-07T15:34:20+08:00 ] 120.84.140.134 /index.php/Index/iscode/groupid/43C1549E222DE8BCFD975AEF5F44443A/username/¶¡¹ãº£/password/2971/uuid/5A713543-81C0-462B-B334-D758D6D862A0/type/updata
INFO: [ route_check ] --START--
INFO: CheckRoute Behavior ::run [ RunTime:0.001338s ]
INFO: [ route_check ] --END-- [ RunTime:0.001463s ]
INFO: [ app_begin ] --START--
INFO: ReadHtmlCache Behavior ::run [ RunTime:0.001070s ]
INFO: [ app_begin ] --END-- [ RunTime:0.001160s ]
SQL: SHOW COLUMNS FROM `app_code` [ RunTime:0.001681s ]
SQL: SELECT * FROM `app_code` WHERE ( username="¶¡¹ãº£" and password="2971" and groupid="43C1549E222DE8BCFD975AEF5F44443A" ) LIMIT 1   [ RunTime:0.000717s ]
SQL: SHOW COLUMNS FROM `app_group` [ RunTime:0.001303s ]
SQL: SELECT * FROM `app_group` LIMIT 1   [ RunTime:0.000722s ]

[ 2016-04-07T15:35:56+08:00 ] 14.154.193.185 /index.php/Index/iscode/groupid/43C1549E222DE8BCFD975AEF5F44443A/username/dongya013/password/12345678/uuid/E32E923F-998B-4D60-A576-EB29F4A75816/type/updata
INFO: [ route_check ] --START--
INFO: CheckRoute Behavior ::run [ RunTime:0.001401s ]
INFO: [ route_check ] --END-- [ RunTime:0.001505s ]
INFO: [ app_begin ] --START--
INFO: ReadHtmlCache Behavior ::run [ RunTime:0.001051s ]
INFO: [ app_begin ] --END-- [ RunTime:0.001141s ]
SQL: SHOW COLUMNS FROM `app_code` [ RunTime:0.001753s ]
SQL: SELECT * FROM `app_code` WHERE ( username="dongya013" and password="12345678" and groupid="43C1549E222DE8BCFD975AEF5F44443A" ) LIMIT 1   [ RunTime:0.000732s ]
SQL: SHOW COLUMNS FROM `app_group` [ RunTime:0.001559s ]
SQL: SELECT * FROM `app_group` WHERE ( `guid` = '43C1549E222DE8BCFD975AEF5F44443A' ) LIMIT 1   [ RunTime:0.000656s ]
SQL: UPDATE `app_code` SET `uuid`='E32E923F-998B-4D60-A576-EB29F4A75816',`binding`=0 WHERE ( `guid` = '92AA8067B3F54ED79BA99C5D1B911047' ) [ RunTime:0.000241s ]

[ 2016-04-07T15:36:06+08:00 ] 120.84.140.134 /index.php/Index/iscode/groupid/43C1549E222DE8BCFD975AEF5F44443A/username/¶¡¹ãº£/password/2971/uuid/5A713543-81C0-462B-B334-D758D6D862A0/type/updata
INFO: [ route_check ] --START--
INFO: CheckRoute Behavior ::run [ RunTime:0.001079s ]
INFO: [ route_check ] --END-- [ RunTime:0.001209s ]
INFO: [ app_begin ] --START--
INFO: ReadHtmlCache Behavior ::run [ RunTime:0.000969s ]
INFO: [ app_begin ] --END-- [ RunTime:0.001059s ]
SQL: SHOW COLUMNS FROM `app_code` [ RunTime:0.001867s ]
SQL: SELECT * FROM `app_code` WHERE ( username="¶¡¹ãº£" and password="2971" and groupid="43C1549E222DE8BCFD975AEF5F44443A" ) LIMIT 1   [ RunTime:0.000824s ]
SQL: SHOW COLUMNS FROM `app_group` [ RunTime:0.001327s ]
SQL: SELECT * FROM `app_group` LIMIT 1   [ RunTime:0.000628s ]

[ 2016-04-07T15:41:55+08:00 ] 14.154.193.185 /index.php/Index/iscode/groupid/43C1549E222DE8BCFD975AEF5F44443A/username/dongya013/password/12345678/uuid/E32E923F-998B-4D60-A576-EB29F4A75816/type/updata
INFO: [ route_check ] --START--
INFO: CheckRoute Behavior ::run [ RunTime:0.001383s ]
INFO: [ route_check ] --END-- [ RunTime:0.001498s ]
INFO: [ app_begin ] --START--
INFO: ReadHtmlCache Behavior ::run [ RunTime:0.000999s ]
INFO: [ app_begin ] --END-- [ RunTime:0.001090s ]
SQL: SHOW COLUMNS FROM `app_code` [ RunTime:0.001864s ]
SQL: SELECT * FROM `app_code` WHERE ( username="dongya013" and password="12345678" and groupid="43C1549E222DE8BCFD975AEF5F44443A" ) LIMIT 1   [ RunTime:0.000732s ]
SQL: SHOW COLUMNS FROM `app_group` [ RunTime:0.002227s ]
SQL: SELECT * FROM `app_group` WHERE ( `guid` = '43C1549E222DE8BCFD975AEF5F44443A' ) LIMIT 1   [ RunTime:0.000985s ]
SQL: UPDATE `app_code` SET `uuid`='E32E923F-998B-4D60-A576-EB29F4A75816',`binding`=0 WHERE ( `guid` = '92AA8067B3F54ED79BA99C5D1B911047' ) [ RunTime:0.000295s ]

[ 2016-04-07T15:45:29+08:00 ] 120.84.140.134 /index.php/Index/iscode/groupid/43C1549E222DE8BCFD975AEF5F44443A/username/¶¡¹ãº£/password/2971/uuid/5A713543-81C0-462B-B334-D758D6D862A0/type/updata
INFO: [ route_check ] --START--
INFO: CheckRoute Behavior ::run [ RunTime:0.001943s ]
INFO: [ route_check ] --END-- [ RunTime:0.002066s ]
INFO: [ app_begin ] --START--
INFO: ReadHtmlCache Behavior ::run [ RunTime:0.001784s ]
INFO: [ app_begin ] --END-- [ RunTime:0.001873s ]
SQL: SHOW COLUMNS FROM `app_code` [ RunTime:0.001629s ]
SQL: SELECT * FROM `app_code` WHERE ( username="¶¡¹ãº£" and password="2971" and groupid="43C1549E222DE8BCFD975AEF5F44443A" ) LIMIT 1   [ RunTime:0.000743s ]
SQL: SHOW COLUMNS FROM `app_group` [ RunTime:0.001291s ]
SQL: SELECT * FROM `app_group` LIMIT 1   [ RunTime:0.000599s ]

[ 2016-04-07T15:46:35+08:00 ] 120.84.140.134 /index.php/Index/iscode/groupid/43C1549E222DE8BCFD975AEF5F44443A/username/¶¡¹ãº£/password/2971/uuid/5A713543-81C0-462B-B334-D758D6D862A0/type/updata
INFO: [ route_check ] --START--
INFO: CheckRoute Behavior ::run [ RunTime:0.001556s ]
INFO: [ route_check ] --END-- [ RunTime:0.001668s ]
INFO: [ app_begin ] --START--
INFO: ReadHtmlCache Behavior ::run [ RunTime:0.001316s ]
INFO: [ app_begin ] --END-- [ RunTime:0.001402s ]
SQL: SHOW COLUMNS FROM `app_code` [ RunTime:0.001647s ]
SQL: SELECT * FROM `app_code` WHERE ( username="¶¡¹ãº£" and password="2971" and groupid="43C1549E222DE8BCFD975AEF5F44443A" ) LIMIT 1   [ RunTime:0.000707s ]
SQL: SHOW COLUMNS FROM `app_group` [ RunTime:0.001441s ]
SQL: SELECT * FROM `app_group` LIMIT 1   [ RunTime:0.000641s ]

[ 2016-04-07T15:46:39+08:00 ] 120.84.140.134 /index.php/Index/iscode/groupid/43C1549E222DE8BCFD975AEF5F44443A/username/¶¡¹ãº£/password/2971/uuid/5A713543-81C0-462B-B334-D758D6D862A0/type/updata
INFO: [ route_check ] --START--
INFO: CheckRoute Behavior ::run [ RunTime:0.001489s ]
INFO: [ route_check ] --END-- [ RunTime:0.001592s ]
INFO: [ app_begin ] --START--
INFO: ReadHtmlCache Behavior ::run [ RunTime:0.001320s ]
INFO: [ app_begin ] --END-- [ RunTime:0.001406s ]
SQL: SHOW COLUMNS FROM `app_code` [ RunTime:0.001729s ]
SQL: SELECT * FROM `app_code` WHERE ( username="¶¡¹ãº£" and password="2971" and groupid="43C1549E222DE8BCFD975AEF5F44443A" ) LIMIT 1   [ RunTime:0.000742s ]
SQL: SHOW COLUMNS FROM `app_group` [ RunTime:0.001354s ]
SQL: SELECT * FROM `app_group` LIMIT 1   [ RunTime:0.000608s ]

[ 2016-04-07T15:50:53+08:00 ] 110.211.53.66 /index.php/Index/iscode/groupid/43C1549E222DE8BCFD975AEF5F44443A/username/ 1669744802/password/Cy123456/uuid/A9955567-87AC-487E-A411-FEAB02E0E30C
INFO: [ route_check ] --START--
INFO: CheckRoute Behavior ::run [ RunTime:0.001712s ]
INFO: [ route_check ] --END-- [ RunTime:0.001823s ]
INFO: [ app_begin ] --START--
INFO: ReadHtmlCache Behavior ::run [ RunTime:0.001365s ]
INFO: [ app_begin ] --END-- [ RunTime:0.001455s ]
SQL: SHOW COLUMNS FROM `app_code` [ RunTime:0.001593s ]
SQL: SELECT * FROM `app_code` WHERE ( username=" 1669744802" and password="Cy123456" and groupid="43C1549E222DE8BCFD975AEF5F44443A" ) LIMIT 1   [ RunTime:0.000717s ]
SQL: SHOW COLUMNS FROM `app_group` [ RunTime:0.001305s ]
SQL: SELECT * FROM `app_group` LIMIT 1   [ RunTime:0.000644s ]

[ 2016-04-07T15:50:53+08:00 ] 110.211.53.66 /index.php/Uploadprohot
INFO: [ route_check ] --START--
INFO: CheckRoute Behavior ::run [ RunTime:0.001507s ]
INFO: [ route_check ] --END-- [ RunTime:0.001620s ]
INFO: [ app_begin ] --START--
INFO: ReadHtmlCache Behavior ::run [ RunTime:0.001335s ]
INFO: [ app_begin ] --END-- [ RunTime:0.001422s ]
SQL: SHOW COLUMNS FROM `app_pro` [ RunTime:0.002205s ]
SQL: SELECT * FROM `app_pro` WHERE ( guid="327A9048FC0A4266994F8EB8CB78AC61" ) LIMIT 1   [ RunTime:0.000956s ]
SQL: UPDATE `app_pro` SET `hot`=15 WHERE ( `guid` = '327A9048FC0A4266994F8EB8CB78AC61' ) [ RunTime:0.000305s ]
SQL: SELECT * FROM `app_pro` WHERE ( guid="A44320536DB74B70828A3F056BAB36E3" ) LIMIT 1   [ RunTime:0.000278s ]
SQL: UPDATE `app_pro` SET `hot`=14 WHERE ( `guid` = 'A44320536DB74B70828A3F056BAB36E3' ) [ RunTime:0.000231s ]
SQL: SELECT * FROM `app_pro` WHERE ( guid="18D0AE6DBF5E5988C178D44F02F099C4" ) LIMIT 1   [ RunTime:0.000270s ]
SQL: UPDATE `app_pro` SET `hot`=32 WHERE ( `guid` = '18D0AE6DBF5E5988C178D44F02F099C4' ) [ RunTime:0.000228s ]
SQL: SELECT * FROM `app_pro` WHERE ( guid="BD60E8430B135348F29A2A468F84E4FB" ) LIMIT 1   [ RunTime:0.000269s ]
SQL: UPDATE `app_pro` SET `hot`=14 WHERE ( `guid` = 'BD60E8430B135348F29A2A468F84E4FB' ) [ RunTime:0.000227s ]
SQL: SELECT * FROM `app_pro` WHERE ( guid="AAB5C5F382CE4CA9630A8BD99905E1FC" ) LIMIT 1   [ RunTime:0.000268s ]
SQL: UPDATE `app_pro` SET `hot`=20 WHERE ( `guid` = 'AAB5C5F382CE4CA9630A8BD99905E1FC' ) [ RunTime:0.000227s ]
SQL: SELECT * FROM `app_pro` WHERE ( guid="CF3186B46AFD5F8DBF6FD5877896C650" ) LIMIT 1   [ RunTime:0.000267s ]
SQL: UPDATE `app_pro` SET `hot`=6 WHERE ( `guid` = 'CF3186B46AFD5F8DBF6FD5877896C650' ) [ RunTime:0.000226s ]

[ 2016-04-07T15:50:53+08:00 ] 110.211.53.66 /index.php/Index/iscode/groupid/43C1549E222DE8BCFD975AEF5F44443A/username/ 1669744802/password/Cy123456/uuid/A9955567-87AC-487E-A411-FEAB02E0E30C/type/updata
INFO: [ route_check ] --START--
INFO: CheckRoute Behavior ::run [ RunTime:0.001476s ]
INFO: [ route_check ] --END-- [ RunTime:0.001580s ]
INFO: [ app_begin ] --START--
INFO: ReadHtmlCache Behavior ::run [ RunTime:0.001322s ]
INFO: [ app_begin ] --END-- [ RunTime:0.001409s ]
SQL: SHOW COLUMNS FROM `app_code` [ RunTime:0.001717s ]
SQL: SELECT * FROM `app_code` WHERE ( username=" 1669744802" and password="Cy123456" and groupid="43C1549E222DE8BCFD975AEF5F44443A" ) LIMIT 1   [ RunTime:0.000730s ]
SQL: SHOW COLUMNS FROM `app_group` [ RunTime:0.001292s ]
SQL: SELECT * FROM `app_group` LIMIT 1   [ RunTime:0.000613s ]

[ 2016-04-07T15:51:07+08:00 ] 120.84.140.134 /index.php/Index/iscode/groupid/43C1549E222DE8BCFD975AEF5F44443A/username/¶¡¹ãº£/password/2971/uuid/5A713543-81C0-462B-B334-D758D6D862A0/type/updata
INFO: [ route_check ] --START--
INFO: CheckRoute Behavior ::run [ RunTime:0.001502s ]
INFO: [ route_check ] --END-- [ RunTime:0.001612s ]
INFO: [ app_begin ] --START--
INFO: ReadHtmlCache Behavior ::run [ RunTime:0.001418s ]
INFO: [ app_begin ] --END-- [ RunTime:0.001504s ]
SQL: SHOW COLUMNS FROM `app_code` [ RunTime:0.001606s ]
SQL: SELECT * FROM `app_code` WHERE ( username="¶¡¹ãº£" and password="2971" and groupid="43C1549E222DE8BCFD975AEF5F44443A" ) LIMIT 1   [ RunTime:0.000812s ]
SQL: SHOW COLUMNS FROM `app_group` [ RunTime:0.001413s ]
SQL: SELECT * FROM `app_group` LIMIT 1   [ RunTime:0.000627s ]

[ 2016-04-07T15:51:15+08:00 ] 120.84.140.134 /index.php/Index/iscode/groupid/43C1549E222DE8BCFD975AEF5F44443A/username/¶¡¹ãº£/password/2971/uuid/5A713543-81C0-462B-B334-D758D6D862A0/type/updata
INFO: [ route_check ] --START--
INFO: CheckRoute Behavior ::run [ RunTime:0.001549s ]
INFO: [ route_check ] --END-- [ RunTime:0.001661s ]
INFO: [ app_begin ] --START--
INFO: ReadHtmlCache Behavior ::run [ RunTime:0.001423s ]
INFO: [ app_begin ] --END-- [ RunTime:0.001511s ]
SQL: SHOW COLUMNS FROM `app_code` [ RunTime:0.001840s ]
SQL: SELECT * FROM `app_code` WHERE ( username="¶¡¹ãº£" and password="2971" and groupid="43C1549E222DE8BCFD975AEF5F44443A" ) LIMIT 1   [ RunTime:0.000736s ]
SQL: SHOW COLUMNS FROM `app_group` [ RunTime:0.001435s ]
SQL: SELECT * FROM `app_group` LIMIT 1   [ RunTime:0.000730s ]

[ 2016-04-07T15:51:22+08:00 ] 120.84.140.134 /index.php/Index/iscode/groupid/43C1549E222DE8BCFD975AEF5F44443A/username/¶¡¹ãº£/password/2971/uuid/5A713543-81C0-462B-B334-D758D6D862A0/type/updata
INFO: [ route_check ] --START--
INFO: CheckRoute Behavior ::run [ RunTime:0.001314s ]
INFO: [ route_check ] --END-- [ RunTime:0.001417s ]
INFO: [ app_begin ] --START--
INFO: ReadHtmlCache Behavior ::run [ RunTime:0.000980s ]
INFO: [ app_begin ] --END-- [ RunTime:0.001067s ]
SQL: SHOW COLUMNS FROM `app_code` [ RunTime:0.001605s ]
SQL: SELECT * FROM `app_code` WHERE ( username="¶¡¹ãº£" and password="2971" and groupid="43C1549E222DE8BCFD975AEF5F44443A" ) LIMIT 1   [ RunTime:0.000777s ]
SQL: SHOW COLUMNS FROM `app_group` [ RunTime:0.001334s ]
SQL: SELECT * FROM `app_group` LIMIT 1   [ RunTime:0.000598s ]

[ 2016-04-07T15:51:25+08:00 ] 120.84.140.134 /index.php/Index/iscode/groupid/43C1549E222DE8BCFD975AEF5F44443A/username/¶¡¹ãº£/password/2971/uuid/5A713543-81C0-462B-B334-D758D6D862A0/type/updata
INFO: [ route_check ] --START--
INFO: CheckRoute Behavior ::run [ RunTime:0.000977s ]
INFO: [ route_check ] --END-- [ RunTime:0.001086s ]
INFO: [ app_begin ] --START--
INFO: ReadHtmlCache Behavior ::run [ RunTime:0.000826s ]
INFO: [ app_begin ] --END-- [ RunTime:0.001024s ]
SQL: SHOW COLUMNS FROM `app_code` [ RunTime:0.001879s ]
SQL: SELECT * FROM `app_code` WHERE ( username="¶¡¹ãº£" and password="2971" and groupid="43C1549E222DE8BCFD975AEF5F44443A" ) LIMIT 1   [ RunTime:0.000772s ]
SQL: SHOW COLUMNS FROM `app_group` [ RunTime:0.001611s ]
SQL: SELECT * FROM `app_group` LIMIT 1   [ RunTime:0.000639s ]

[ 2016-04-07T15:51:40+08:00 ] 120.84.140.134 /index.php/Index/iscode/groupid/43C1549E222DE8BCFD975AEF5F44443A/username/¶¡¹ãº£/password/2971/uuid/5A713543-81C0-462B-B334-D758D6D862A0/type/updata
INFO: [ route_check ] --START--
INFO: CheckRoute Behavior ::run [ RunTime:0.001016s ]
INFO: [ route_check ] --END-- [ RunTime:0.001134s ]
INFO: [ app_begin ] --START--
INFO: ReadHtmlCache Behavior ::run [ RunTime:0.000854s ]
INFO: [ app_begin ] --END-- [ RunTime:0.000963s ]
SQL: SHOW COLUMNS FROM `app_code` [ RunTime:0.002409s ]
SQL: SELECT * FROM `app_code` WHERE ( username="¶¡¹ãº£" and password="2971" and groupid="43C1549E222DE8BCFD975AEF5F44443A" ) LIMIT 1   [ RunTime:0.000711s ]
SQL: SHOW COLUMNS FROM `app_group` [ RunTime:0.001290s ]
SQL: SELECT * FROM `app_group` LIMIT 1   [ RunTime:0.000597s ]

[ 2016-04-07T15:51:42+08:00 ] 120.84.140.134 /index.php/Index/iscode/groupid/43C1549E222DE8BCFD975AEF5F44443A/username/¶¡¹ãº£/password/2971/uuid/5A713543-81C0-462B-B334-D758D6D862A0/type/updata
INFO: [ route_check ] --START--
INFO: CheckRoute Behavior ::run [ RunTime:0.000992s ]
INFO: [ route_check ] --END-- [ RunTime:0.001099s ]
INFO: [ app_begin ] --START--
INFO: ReadHtmlCache Behavior ::run [ RunTime:0.000870s ]
INFO: [ app_begin ] --END-- [ RunTime:0.000960s ]
SQL: SHOW COLUMNS FROM `app_code` [ RunTime:0.001702s ]
SQL: SELECT * FROM `app_code` WHERE ( username="¶¡¹ãº£" and password="2971" and groupid="43C1549E222DE8BCFD975AEF5F44443A" ) LIMIT 1   [ RunTime:0.000727s ]
SQL: SHOW COLUMNS FROM `app_group` [ RunTime:0.001334s ]
SQL: SELECT * FROM `app_group` LIMIT 1   [ RunTime:0.001777s ]

[ 2016-04-07T15:51:43+08:00 ] 120.84.140.134 /index.php/Index/iscode/groupid/43C1549E222DE8BCFD975AEF5F44443A/username/¶¡¹ãº£/password/2971/uuid/5A713543-81C0-462B-B334-D758D6D862A0/type/updata
INFO: [ route_check ] --START--
INFO: CheckRoute Behavior ::run [ RunTime:0.000977s ]
INFO: [ route_check ] --END-- [ RunTime:0.001094s ]
INFO: [ app_begin ] --START--
INFO: ReadHtmlCache Behavior ::run [ RunTime:0.000844s ]
INFO: [ app_begin ] --END-- [ RunTime:0.000953s ]
SQL: SHOW COLUMNS FROM `app_code` [ RunTime:0.001748s ]
SQL: SELECT * FROM `app_code` WHERE ( username="¶¡¹ãº£" and password="2971" and groupid="43C1549E222DE8BCFD975AEF5F44443A" ) LIMIT 1   [ RunTime:0.000780s ]
SQL: SHOW COLUMNS FROM `app_group` [ RunTime:0.001384s ]
SQL: SELECT * FROM `app_group` LIMIT 1   [ RunTime:0.000756s ]

[ 2016-04-07T15:51:44+08:00 ] 120.84.140.134 /index.php/Index/iscode/groupid/43C1549E222DE8BCFD975AEF5F44443A/username/¶¡¹ãº£/password/2971/uuid/5A713543-81C0-462B-B334-D758D6D862A0/type/updata
INFO: [ route_check ] --START--
INFO: CheckRoute Behavior ::run [ RunTime:0.000938s ]
INFO: [ route_check ] --END-- [ RunTime:0.001041s ]
INFO: [ app_begin ] --START--
INFO: ReadHtmlCache Behavior ::run [ RunTime:0.000811s ]
INFO: [ app_begin ] --END-- [ RunTime:0.000896s ]
SQL: SHOW COLUMNS FROM `app_code` [ RunTime:0.001760s ]
SQL: SELECT * FROM `app_code` WHERE ( username="¶¡¹ãº£" and password="2971" and groupid="43C1549E222DE8BCFD975AEF5F44443A" ) LIMIT 1   [ RunTime:0.000763s ]
SQL: SHOW COLUMNS FROM `app_group` [ RunTime:0.001453s ]
SQL: SELECT * FROM `app_group` LIMIT 1   [ RunTime:0.000677s ]

[ 2016-04-07T15:51:45+08:00 ] 120.84.140.134 /index.php/Index/iscode/groupid/43C1549E222DE8BCFD975AEF5F44443A/username/¶¡¹ãº£/password/2971/uuid/5A713543-81C0-462B-B334-D758D6D862A0/type/updata
INFO: [ route_check ] --START--
INFO: CheckRoute Behavior ::run [ RunTime:0.000973s ]
INFO: [ route_check ] --END-- [ RunTime:0.001081s ]
INFO: [ app_begin ] --START--
INFO: ReadHtmlCache Behavior ::run [ RunTime:0.000881s ]
INFO: [ app_begin ] --END-- [ RunTime:0.000970s ]
SQL: SHOW COLUMNS FROM `app_code` [ RunTime:0.001854s ]
SQL: SELECT * FROM `app_code` WHERE ( username="¶¡¹ãº£" and password="2971" and groupid="43C1549E222DE8BCFD975AEF5F44443A" ) LIMIT 1   [ RunTime:0.000732s ]
SQL: SHOW COLUMNS FROM `app_group` [ RunTime:0.001585s ]
SQL: SELECT * FROM `app_group` LIMIT 1   [ RunTime:0.000608s ]

[ 2016-04-07T16:15:54+08:00 ] 183.26.105.162 /index.php/Index/iscode/groupid/43C1549E222DE8BCFD975AEF5F44443A/username/dongya010/password/12345678/uuid/6C96832B-6553-460E-83BF-02E6A72082AB/type/updata
INFO: [ route_check ] --START--
INFO: CheckRoute Behavior ::run [ RunTime:0.001367s ]
INFO: [ route_check ] --END-- [ RunTime:0.001491s ]
INFO: [ app_begin ] --START--
INFO: ReadHtmlCache Behavior ::run [ RunTime:0.001045s ]
INFO: [ app_begin ] --END-- [ RunTime:0.001140s ]
SQL: SHOW COLUMNS FROM `app_code` [ RunTime:0.001859s ]
SQL: SELECT * FROM `app_code` WHERE ( username="dongya010" and password="12345678" and groupid="43C1549E222DE8BCFD975AEF5F44443A" ) LIMIT 1   [ RunTime:0.000748s ]
SQL: SHOW COLUMNS FROM `app_group` [ RunTime:0.001628s ]
SQL: SELECT * FROM `app_group` WHERE ( `guid` = '43C1549E222DE8BCFD975AEF5F44443A' ) LIMIT 1   [ RunTime:0.000687s ]
SQL: UPDATE `app_code` SET `uuid`='6C96832B-6553-460E-83BF-02E6A72082AB',`binding`=0 WHERE ( `guid` = 'BC561E52860D4F0197FA769C5457056E' ) [ RunTime:0.000244s ]

[ 2016-04-07T16:19:55+08:00 ] 113.101.144.208 /index.php/Index/iscode/groupid/43C1549E222DE8BCFD975AEF5F44443A/username/dongya001/password/12345678/uuid/79A1181A-9730-47A6-9C14-FC9BE9871C7E
INFO: [ route_check ] --START--
INFO: CheckRoute Behavior ::run [ RunTime:0.001346s ]
INFO: [ route_check ] --END-- [ RunTime:0.001461s ]
INFO: [ app_begin ] --START--
INFO: ReadHtmlCache Behavior ::run [ RunTime:0.000998s ]
INFO: [ app_begin ] --END-- [ RunTime:0.001086s ]
SQL: SHOW COLUMNS FROM `app_code` [ RunTime:0.001648s ]
SQL: SELECT * FROM `app_code` WHERE ( username="dongya001" and password="12345678" and groupid="43C1549E222DE8BCFD975AEF5F44443A" ) LIMIT 1   [ RunTime:0.000720s ]
SQL: SHOW COLUMNS FROM `app_group` [ RunTime:0.001336s ]
SQL: SELECT * FROM `app_group` WHERE ( `guid` = '43C1549E222DE8BCFD975AEF5F44443A' ) LIMIT 1   [ RunTime:0.000629s ]
SQL: UPDATE `app_code` SET `uuid`='79A1181A-9730-47A6-9C14-FC9BE9871C7E',`binding`=0 WHERE ( `guid` = '277E551928CA4412BF6CFDDD3F9AAB44' ) [ RunTime:0.000247s ]
NOTIC: [8] Undefined index:  type D:\PHPnow\htdocs\dongya\Lib\Action\IndexAction.class.php ç¬¬ 74 è¡Œ.

[ 2016-04-07T16:19:55+08:00 ] 113.101.144.208 /index.php/Index/iscode/groupid/43C1549E222DE8BCFD975AEF5F44443A/username/dongya001/password/12345678/uuid/79A1181A-9730-47A6-9C14-FC9BE9871C7E/type/updata
INFO: [ route_check ] --START--
INFO: CheckRoute Behavior ::run [ RunTime:0.001098s ]
INFO: [ route_check ] --END-- [ RunTime:0.001249s ]
INFO: [ app_begin ] --START--
INFO: ReadHtmlCache Behavior ::run [ RunTime:0.001007s ]
INFO: [ app_begin ] --END-- [ RunTime:0.001097s ]
SQL: SHOW COLUMNS FROM `app_code` [ RunTime:0.002181s ]
SQL: SELECT * FROM `app_code` WHERE ( username="dongya001" and password="12345678" and groupid="43C1549E222DE8BCFD975AEF5F44443A" ) LIMIT 1   [ RunTime:0.000874s ]
SQL: SHOW COLUMNS FROM `app_group` [ RunTime:0.001361s ]
SQL: SELECT * FROM `app_group` WHERE ( `guid` = '43C1549E222DE8BCFD975AEF5F44443A' ) LIMIT 1   [ RunTime:0.000621s ]
SQL: UPDATE `app_code` SET `uuid`='79A1181A-9730-47A6-9C14-FC9BE9871C7E',`binding`=0 WHERE ( `guid` = '277E551928CA4412BF6CFDDD3F9AAB44' ) [ RunTime:0.000247s ]

[ 2016-04-07T16:32:41+08:00 ] 120.84.140.134 /index.php/Index/iscode/groupid/43C1549E222DE8BCFD975AEF5F44443A/username/¶¡¹ãº£/password/2971/uuid/5A713543-81C0-462B-B334-D758D6D862A0/type/updata
INFO: [ route_check ] --START--
INFO: CheckRoute Behavior ::run [ RunTime:0.001432s ]
INFO: [ route_check ] --END-- [ RunTime:0.001552s ]
INFO: [ app_begin ] --START--
INFO: ReadHtmlCache Behavior ::run [ RunTime:0.000999s ]
INFO: [ app_begin ] --END-- [ RunTime:0.001089s ]
SQL: SHOW COLUMNS FROM `app_code` [ RunTime:0.001873s ]
SQL: SELECT * FROM `app_code` WHERE ( username="¶¡¹ãº£" and password="2971" and groupid="43C1549E222DE8BCFD975AEF5F44443A" ) LIMIT 1   [ RunTime:0.000730s ]
SQL: SHOW COLUMNS FROM `app_group` [ RunTime:0.001547s ]
SQL: SELECT * FROM `app_group` LIMIT 1   [ RunTime:0.000634s ]

[ 2016-04-07T16:41:40+08:00 ] 183.26.105.162 /index.php
INFO: [ app_begin ] --START--
INFO: ReadHtmlCache Behavior ::run [ RunTime:0.001016s ]
INFO: [ app_begin ] --END-- [ RunTime:0.001123s ]
INFO: [ view_parse ] --START--
INFO: ParseTemplate Behavior ::run [ RunTime:0.080815s ]
INFO: [ view_parse ] --END-- [ RunTime:0.080998s ]
INFO: [ view_filter ] --START--
INFO: ContentReplace Behavior ::run [ RunTime:0.020856s ]
INFO: TokenBuild Behavior ::run [ RunTime:0.002364s ]
INFO: WriteHtmlCache Behavior ::run [ RunTime:0.002265s ]
INFO: ShowRuntime Behavior ::run [ RunTime:0.003811s ]
INFO: [ view_filter ] --END-- [ RunTime:0.029570s ]
INFO: [ view_end ] --START--
INFO: ShowPageTrace Behavior ::run [ RunTime:0.002476s ]
INFO: [ view_end ] --END-- [ RunTime:0.002561s ]

[ 2016-04-07T16:41:40+08:00 ] 61.135.169.8 /index.php
INFO: [ app_begin ] --START--
INFO: ReadHtmlCache Behavior ::run [ RunTime:0.001342s ]
INFO: [ app_begin ] --END-- [ RunTime:0.001437s ]
INFO: [ view_parse ] --START--
INFO: ParseTemplate Behavior ::run [ RunTime:0.043564s ]
INFO: [ view_parse ] --END-- [ RunTime:0.043670s ]
INFO: [ view_filter ] --START--
INFO: ContentReplace Behavior ::run [ RunTime:0.016440s ]
INFO: TokenBuild Behavior ::run [ RunTime:0.002458s ]
INFO: WriteHtmlCache Behavior ::run [ RunTime:0.002193s ]
INFO: ShowRuntime Behavior ::run [ RunTime:0.004047s ]
INFO: [ view_filter ] --END-- [ RunTime:0.025371s ]
INFO: [ view_end ] --START--
INFO: ShowPageTrace Behavior ::run [ RunTime:0.004180s ]
INFO: [ view_end ] --END-- [ RunTime:0.004263s ]

[ 2016-04-07T16:42:04+08:00 ] 183.26.105.162 /index.php/index/code_login
INFO: [ route_check ] --START--
INFO: CheckRoute Behavior ::run [ RunTime:0.001414s ]
INFO: [ route_check ] --END-- [ RunTime:0.001535s ]
INFO: [ app_begin ] --START--
INFO: ReadHtmlCache Behavior ::run [ RunTime:0.001092s ]
INFO: [ app_begin ] --END-- [ RunTime:0.001196s ]
SQL: SHOW COLUMNS FROM `app_member` [ RunTime:0.038206s ]
SQL: SELECT * FROM `app_member` WHERE ( username="dongya" and password="4297f44b13955235245b2497399d7a93" ) LIMIT 1   [ RunTime:0.000954s ]
SQL: SHOW COLUMNS FROM `app_admin` [ RunTime:0.033774s ]
SQL: SELECT * FROM `app_admin` WHERE ( username="dongya" and password="4297f44b13955235245b2497399d7a93" ) LIMIT 1   [ RunTime:0.000838s ]
SQL: SHOW COLUMNS FROM `app_group` [ RunTime:0.001448s ]
SQL: SELECT * FROM `app_group` WHERE ( `guid` = '43C1549E222DE8BCFD975AEF5F44443A' ) LIMIT 1   [ RunTime:0.000632s ]

[ 2016-04-07T16:42:04+08:00 ] 183.26.105.162 /index.php/Index/
INFO: [ route_check ] --START--
INFO: CheckRoute Behavior ::run [ RunTime:0.000941s ]
INFO: [ route_check ] --END-- [ RunTime:0.001049s ]
INFO: [ app_begin ] --START--
INFO: ReadHtmlCache Behavior ::run [ RunTime:0.000985s ]
INFO: [ app_begin ] --END-- [ RunTime:0.001072s ]

[ 2016-04-07T16:42:06+08:00 ] 111.206.36.19 /index.php
INFO: [ app_begin ] --START--
INFO: ReadHtmlCache Behavior ::run [ RunTime:0.000844s ]
INFO: [ app_begin ] --END-- [ RunTime:0.000957s ]
INFO: [ view_parse ] --START--
INFO: ParseTemplate Behavior ::run [ RunTime:0.012359s ]
INFO: [ view_parse ] --END-- [ RunTime:0.012485s ]
INFO: [ view_filter ] --START--
INFO: ContentReplace Behavior ::run [ RunTime:0.001113s ]
INFO: TokenBuild Behavior ::run [ RunTime:0.001279s ]
INFO: WriteHtmlCache Behavior ::run [ RunTime:0.000973s ]
INFO: ShowRuntime Behavior ::run [ RunTime:0.001216s ]
INFO: [ view_filter ] --END-- [ RunTime:0.004810s ]
INFO: [ view_end ] --START--
INFO: ShowPageTrace Behavior ::run [ RunTime:0.001380s ]
INFO: [ view_end ] --END-- [ RunTime:0.001460s ]

[ 2016-04-07T16:42:58+08:00 ] 111.206.36.13 /index.php
INFO: [ app_begin ] --START--
INFO: ReadHtmlCache Behavior ::run [ RunTime:0.000928s ]
INFO: [ app_begin ] --END-- [ RunTime:0.001136s ]
INFO: [ view_parse ] --START--
INFO: ParseTemplate Behavior ::run [ RunTime:0.012094s ]
INFO: [ view_parse ] --END-- [ RunTime:0.012192s ]
INFO: [ view_filter ] --START--
INFO: ContentReplace Behavior ::run [ RunTime:0.001247s ]
INFO: TokenBuild Behavior ::run [ RunTime:0.001232s ]
INFO: WriteHtmlCache Behavior ::run [ RunTime:0.001061s ]
INFO: ShowRuntime Behavior ::run [ RunTime:0.001950s ]
INFO: [ view_filter ] --END-- [ RunTime:0.005745s ]
INFO: [ view_end ] --START--
INFO: ShowPageTrace Behavior ::run [ RunTime:0.001679s ]
INFO: [ view_end ] --END-- [ RunTime:0.001764s ]

[ 2016-04-07T16:43:06+08:00 ] 61.135.169.43 /index.php
INFO: [ app_begin ] --START--
INFO: ReadHtmlCache Behavior ::run [ RunTime:0.000815s ]
INFO: [ app_begin ] --END-- [ RunTime:0.000916s ]
INFO: [ view_parse ] --START--
INFO: ParseTemplate Behavior ::run [ RunTime:0.012188s ]
INFO: [ view_parse ] --END-- [ RunTime:0.012285s ]
INFO: [ view_filter ] --START--
INFO: ContentReplace Behavior ::run [ RunTime:0.001129s ]
INFO: TokenBuild Behavior ::run [ RunTime:0.001137s ]
INFO: WriteHtmlCache Behavior ::run [ RunTime:0.000998s ]
INFO: ShowRuntime Behavior ::run [ RunTime:0.001237s ]
INFO: [ view_filter ] --END-- [ RunTime:0.004741s ]
INFO: [ view_end ] --START--
INFO: ShowPageTrace Behavior ::run [ RunTime:0.001413s ]
INFO: [ view_end ] --END-- [ RunTime:0.001492s ]

[ 2016-04-07T16:43:25+08:00 ] 61.135.165.8 /index.php
INFO: [ app_begin ] --START--
INFO: ReadHtmlCache Behavior ::run [ RunTime:0.000828s ]
INFO: [ app_begin ] --END-- [ RunTime:0.000932s ]
INFO: [ view_parse ] --START--
INFO: ParseTemplate Behavior ::run [ RunTime:0.012198s ]
INFO: [ view_parse ] --END-- [ RunTime:0.012301s ]
INFO: [ view_filter ] --START--
INFO: ContentReplace Behavior ::run [ RunTime:0.001235s ]
INFO: TokenBuild Behavior ::run [ RunTime:0.001144s ]
INFO: WriteHtmlCache Behavior ::run [ RunTime:0.000987s ]
INFO: ShowRuntime Behavior ::run [ RunTime:0.001231s ]
INFO: [ view_filter ] --END-- [ RunTime:0.004828s ]
INFO: [ view_end ] --START--
INFO: ShowPageTrace Behavior ::run [ RunTime:0.001519s ]
INFO: [ view_end ] --END-- [ RunTime:0.001608s ]

[ 2016-04-07T16:45:33+08:00 ] 183.26.105.162 /index.php/Index/iscode/groupid/43C1549E222DE8BCFD975AEF5F44443A/username/dongya010/password/12345678/uuid/6C96832B-6553-460E-83BF-02E6A72082AB/type/updata
INFO: [ route_check ] --START--
INFO: CheckRoute Behavior ::run [ RunTime:0.001018s ]
INFO: [ route_check ] --END-- [ RunTime:0.001122s ]
INFO: [ app_begin ] --START--
INFO: ReadHtmlCache Behavior ::run [ RunTime:0.000809s ]
INFO: [ app_begin ] --END-- [ RunTime:0.000897s ]
SQL: SHOW COLUMNS FROM `app_code` [ RunTime:0.001892s ]
SQL: SELECT * FROM `app_code` WHERE ( username="dongya010" and password="12345678" and groupid="43C1549E222DE8BCFD975AEF5F44443A" ) LIMIT 1   [ RunTime:0.000792s ]
SQL: SHOW COLUMNS FROM `app_group` [ RunTime:0.001324s ]
SQL: SELECT * FROM `app_group` WHERE ( `guid` = '43C1549E222DE8BCFD975AEF5F44443A' ) LIMIT 1   [ RunTime:0.000653s ]
SQL: UPDATE `app_code` SET `uuid`='6C96832B-6553-460E-83BF-02E6A72082AB',`binding`=0 WHERE ( `guid` = 'BC561E52860D4F0197FA769C5457056E' ) [ RunTime:0.000250s ]

[ 2016-04-07T16:46:43+08:00 ] 183.26.105.162 /index.php/Index/iscode/groupid/43C1549E222DE8BCFD975AEF5F44443A/username/dongya010/password/12345678/uuid/6C96832B-6553-460E-83BF-02E6A72082AB/type/updata
INFO: [ route_check ] --START--
INFO: CheckRoute Behavior ::run [ RunTime:0.001370s ]
INFO: [ route_check ] --END-- [ RunTime:0.001490s ]
INFO: [ app_begin ] --START--
INFO: ReadHtmlCache Behavior ::run [ RunTime:0.001004s ]
INFO: [ app_begin ] --END-- [ RunTime:0.001094s ]
SQL: SHOW COLUMNS FROM `app_code` [ RunTime:0.001877s ]
SQL: SELECT * FROM `app_code` WHERE ( username="dongya010" and password="12345678" and groupid="43C1549E222DE8BCFD975AEF5F44443A" ) LIMIT 1   [ RunTime:0.001037s ]
SQL: SHOW COLUMNS FROM `app_group` [ RunTime:0.001500s ]
SQL: SELECT * FROM `app_group` WHERE ( `guid` = '43C1549E222DE8BCFD975AEF5F44443A' ) LIMIT 1   [ RunTime:0.000617s ]
SQL: UPDATE `app_code` SET `uuid`='6C96832B-6553-460E-83BF-02E6A72082AB',`binding`=0 WHERE ( `guid` = 'BC561E52860D4F0197FA769C5457056E' ) [ RunTime:0.000239s ]

[ 2016-04-07T16:47:43+08:00 ] 183.26.105.162 /index.php/Index/iscode/groupid/43C1549E222DE8BCFD975AEF5F44443A/username/dongya010/password/12345678/uuid/6C96832B-6553-460E-83BF-02E6A72082AB/type/updata
INFO: [ route_check ] --START--
INFO: CheckRoute Behavior ::run [ RunTime:0.001380s ]
INFO: [ route_check ] --END-- [ RunTime:0.001504s ]
INFO: [ app_begin ] --START--
INFO: ReadHtmlCache Behavior ::run [ RunTime:0.000989s ]
INFO: [ app_begin ] --END-- [ RunTime:0.001078s ]
SQL: SHOW COLUMNS FROM `app_code` [ RunTime:0.001743s ]
SQL: SELECT * FROM `app_code` WHERE ( username="dongya010" and password="12345678" and groupid="43C1549E222DE8BCFD975AEF5F44443A" ) LIMIT 1   [ RunTime:0.000707s ]
SQL: SHOW COLUMNS FROM `app_group` [ RunTime:0.001384s ]
SQL: SELECT * FROM `app_group` WHERE ( `guid` = '43C1549E222DE8BCFD975AEF5F44443A' ) LIMIT 1   [ RunTime:0.000668s ]
SQL: UPDATE `app_code` SET `uuid`='6C96832B-6553-460E-83BF-02E6A72082AB',`binding`=0 WHERE ( `guid` = 'BC561E52860D4F0197FA769C5457056E' ) [ RunTime:0.000236s ]

[ 2016-04-07T17:13:31+08:00 ] 119.124.217.96 /index.php/Index/iscode/groupid/436D3F290AFDF8DF9BE1D77C8B4C9E4C/username/longshu/password/123123/uuid/6BD992EB-0C1E-4125-A825-363EB8AB7767
INFO: [ route_check ] --START--
INFO: CheckRoute Behavior ::run [ RunTime:0.000985s ]
INFO: [ route_check ] --END-- [ RunTime:0.001111s ]
INFO: [ app_begin ] --START--
INFO: ReadHtmlCache Behavior ::run [ RunTime:0.000920s ]
INFO: [ app_begin ] --END-- [ RunTime:0.001008s ]
SQL: SHOW COLUMNS FROM `app_code` [ RunTime:0.001898s ]
SQL: SELECT * FROM `app_code` WHERE ( username="longshu" and password="123123" and groupid="436D3F290AFDF8DF9BE1D77C8B4C9E4C" ) LIMIT 1   [ RunTime:0.000740s ]
SQL: SHOW COLUMNS FROM `app_group` [ RunTime:0.001429s ]
SQL: SELECT * FROM `app_group` WHERE ( `guid` = '436D3F290AFDF8DF9BE1D77C8B4C9E4C' ) LIMIT 1   [ RunTime:0.000644s ]
SQL: UPDATE `app_code` SET `uuid`='6BD992EB-0C1E-4125-A825-363EB8AB7767',`binding`=0 WHERE ( `guid` = '378918795D8AA5596251035B65683CCE' ) [ RunTime:0.000265s ]
NOTIC: [8] Undefined index:  type D:\PHPnow\htdocs\dongya\Lib\Action\IndexAction.class.php ç¬¬ 74 è¡Œ.

[ 2016-04-07T17:13:40+08:00 ] 119.124.217.96 /index.php/Index/iscode/groupid/436D3F290AFDF8DF9BE1D77C8B4C9E4C/username/longshu/password/123123/uuid/6BD992EB-0C1E-4125-A825-363EB8AB7767/type/updata
INFO: [ route_check ] --START--
INFO: CheckRoute Behavior ::run [ RunTime:0.000987s ]
INFO: [ route_check ] --END-- [ RunTime:0.001133s ]
INFO: [ app_begin ] --START--
INFO: ReadHtmlCache Behavior ::run [ RunTime:0.000835s ]
INFO: [ app_begin ] --END-- [ RunTime:0.000922s ]
SQL: SHOW COLUMNS FROM `app_code` [ RunTime:0.001718s ]
SQL: SELECT * FROM `app_code` WHERE ( username="longshu" and password="123123" and groupid="436D3F290AFDF8DF9BE1D77C8B4C9E4C" ) LIMIT 1   [ RunTime:0.000743s ]
SQL: SHOW COLUMNS FROM `app_group` [ RunTime:0.001332s ]
SQL: SELECT * FROM `app_group` WHERE ( `guid` = '436D3F290AFDF8DF9BE1D77C8B4C9E4C' ) LIMIT 1   [ RunTime:0.000681s ]
SQL: UPDATE `app_code` SET `uuid`='6BD992EB-0C1E-4125-A825-363EB8AB7767',`binding`=0 WHERE ( `guid` = '378918795D8AA5596251035B65683CCE' ) [ RunTime:0.000266s ]

[ 2016-04-07T17:13:54+08:00 ] 183.26.105.162 /index.php/Index/iscode/groupid/43C1549E222DE8BCFD975AEF5F44443A/username/dongya010/password/12345678/uuid/6C96832B-6553-460E-83BF-02E6A72082AB/type/updata
INFO: [ route_check ] --START--
INFO: CheckRoute Behavior ::run [ RunTime:0.001601s ]
INFO: [ route_check ] --END-- [ RunTime:0.001741s ]
INFO: [ app_begin ] --START--
INFO: ReadHtmlCache Behavior ::run [ RunTime:0.001304s ]
INFO: [ app_begin ] --END-- [ RunTime:0.001417s ]
SQL: SHOW COLUMNS FROM `app_code` [ RunTime:0.001898s ]
SQL: SELECT * FROM `app_code` WHERE ( username="dongya010" and password="12345678" and groupid="43C1549E222DE8BCFD975AEF5F44443A" ) LIMIT 1   [ RunTime:0.001026s ]
SQL: SHOW COLUMNS FROM `app_group` [ RunTime:0.001769s ]
SQL: SELECT * FROM `app_group` WHERE ( `guid` = '43C1549E222DE8BCFD975AEF5F44443A' ) LIMIT 1   [ RunTime:0.001158s ]
SQL: UPDATE `app_code` SET `uuid`='6C96832B-6553-460E-83BF-02E6A72082AB',`binding`=0 WHERE ( `guid` = 'BC561E52860D4F0197FA769C5457056E' ) [ RunTime:0.000333s ]

[ 2016-04-07T17:15:34+08:00 ] 119.124.217.96 /index.php/Index/iscode/groupid/436D3F290AFDF8DF9BE1D77C8B4C9E4C/username/longshu/password/123123/uuid/6BD992EB-0C1E-4125-A825-363EB8AB7767/type/updata
INFO: [ route_check ] --START--
INFO: CheckRoute Behavior ::run [ RunTime:0.001214s ]
INFO: [ route_check ] --END-- [ RunTime:0.001327s ]
INFO: [ app_begin ] --START--
INFO: ReadHtmlCache Behavior ::run [ RunTime:0.000621s ]
INFO: [ app_begin ] --END-- [ RunTime:0.000710s ]
SQL: SHOW COLUMNS FROM `app_code` [ RunTime:0.001678s ]
SQL: SELECT * FROM `app_code` WHERE ( username="longshu" and password="123123" and groupid="436D3F290AFDF8DF9BE1D77C8B4C9E4C" ) LIMIT 1   [ RunTime:0.000786s ]
SQL: SHOW COLUMNS FROM `app_group` [ RunTime:0.001315s ]
SQL: SELECT * FROM `app_group` WHERE ( `guid` = '436D3F290AFDF8DF9BE1D77C8B4C9E4C' ) LIMIT 1   [ RunTime:0.000674s ]
SQL: UPDATE `app_code` SET `uuid`='6BD992EB-0C1E-4125-A825-363EB8AB7767',`binding`=0 WHERE ( `guid` = '378918795D8AA5596251035B65683CCE' ) [ RunTime:0.000245s ]

[ 2016-04-07T17:15:36+08:00 ] 119.124.217.96 /index.php/Index/iscode/groupid/436D3F290AFDF8DF9BE1D77C8B4C9E4C/username/longshu/password/123123/uuid/6BD992EB-0C1E-4125-A825-363EB8AB7767/type/updata
INFO: [ route_check ] --START--
INFO: CheckRoute Behavior ::run [ RunTime:0.000999s ]
INFO: [ route_check ] --END-- [ RunTime:0.001123s ]
INFO: [ app_begin ] --START--
INFO: ReadHtmlCache Behavior ::run [ RunTime:0.000750s ]
INFO: [ app_begin ] --END-- [ RunTime:0.000840s ]
SQL: SHOW COLUMNS FROM `app_code` [ RunTime:0.001701s ]
SQL: SELECT * FROM `app_code` WHERE ( username="longshu" and password="123123" and groupid="436D3F290AFDF8DF9BE1D77C8B4C9E4C" ) LIMIT 1   [ RunTime:0.000789s ]
SQL: SHOW COLUMNS FROM `app_group` [ RunTime:0.001277s ]
SQL: SELECT * FROM `app_group` WHERE ( `guid` = '436D3F290AFDF8DF9BE1D77C8B4C9E4C' ) LIMIT 1   [ RunTime:0.000657s ]
SQL: UPDATE `app_code` SET `uuid`='6BD992EB-0C1E-4125-A825-363EB8AB7767',`binding`=0 WHERE ( `guid` = '378918795D8AA5596251035B65683CCE' ) [ RunTime:0.000237s ]

[ 2016-04-07T17:26:58+08:00 ] 119.124.217.96 /index.php/Index/iscode/groupid/436D3F290AFDF8DF9BE1D77C8B4C9E4C/username/longshu/password/123123/uuid/6BD992EB-0C1E-4125-A825-363EB8AB7767/type/updata
INFO: [ route_check ] --START--
INFO: CheckRoute Behavior ::run [ RunTime:0.001311s ]
INFO: [ route_check ] --END-- [ RunTime:0.001416s ]
INFO: [ app_begin ] --START--
INFO: ReadHtmlCache Behavior ::run [ RunTime:0.000994s ]
INFO: [ app_begin ] --END-- [ RunTime:0.001082s ]
SQL: SHOW COLUMNS FROM `app_code` [ RunTime:0.001665s ]
SQL: SELECT * FROM `app_code` WHERE ( username="longshu" and password="123123" and groupid="436D3F290AFDF8DF9BE1D77C8B4C9E4C" ) LIMIT 1   [ RunTime:0.000702s ]
SQL: SHOW COLUMNS FROM `app_group` [ RunTime:0.001283s ]
SQL: SELECT * FROM `app_group` WHERE ( `guid` = '436D3F290AFDF8DF9BE1D77C8B4C9E4C' ) LIMIT 1   [ RunTime:0.000622s ]
SQL: UPDATE `app_code` SET `uuid`='6BD992EB-0C1E-4125-A825-363EB8AB7767',`binding`=0 WHERE ( `guid` = '378918795D8AA5596251035B65683CCE' ) [ RunTime:0.000242s ]

[ 2016-04-07T17:30:41+08:00 ] 119.124.217.96 /index.php/Index/iscode/groupid/436D3F290AFDF8DF9BE1D77C8B4C9E4C/username/longshu/password/123123/uuid/6BD992EB-0C1E-4125-A825-363EB8AB7767/type/updata
INFO: [ route_check ] --START--
INFO: CheckRoute Behavior ::run [ RunTime:0.001492s ]
INFO: [ route_check ] --END-- [ RunTime:0.001606s ]
INFO: [ app_begin ] --START--
INFO: ReadHtmlCache Behavior ::run [ RunTime:0.001026s ]
INFO: [ app_begin ] --END-- [ RunTime:0.001118s ]
SQL: SHOW COLUMNS FROM `app_code` [ RunTime:0.001783s ]
SQL: SELECT * FROM `app_code` WHERE ( username="longshu" and password="123123" and groupid="436D3F290AFDF8DF9BE1D77C8B4C9E4C" ) LIMIT 1   [ RunTime:0.000747s ]
SQL: SHOW COLUMNS FROM `app_group` [ RunTime:0.001380s ]
SQL: SELECT * FROM `app_group` WHERE ( `guid` = '436D3F290AFDF8DF9BE1D77C8B4C9E4C' ) LIMIT 1   [ RunTime:0.000690s ]
SQL: UPDATE `app_code` SET `uuid`='6BD992EB-0C1E-4125-A825-363EB8AB7767',`binding`=0 WHERE ( `guid` = '378918795D8AA5596251035B65683CCE' ) [ RunTime:0.000241s ]

[ 2016-04-07T17:31:38+08:00 ] 119.124.217.96 /index.php/Index/iscode/groupid/436D3F290AFDF8DF9BE1D77C8B4C9E4C/username/longshu/password/123123/uuid/6BD992EB-0C1E-4125-A825-363EB8AB7767/type/updata
INFO: [ route_check ] --START--
INFO: CheckRoute Behavior ::run [ RunTime:0.000965s ]
INFO: [ route_check ] --END-- [ RunTime:0.001082s ]
INFO: [ app_begin ] --START--
INFO: ReadHtmlCache Behavior ::run [ RunTime:0.000812s ]
INFO: [ app_begin ] --END-- [ RunTime:0.000898s ]
SQL: SHOW COLUMNS FROM `app_code` [ RunTime:0.001992s ]
SQL: SELECT * FROM `app_code` WHERE ( username="longshu" and password="123123" and groupid="436D3F290AFDF8DF9BE1D77C8B4C9E4C" ) LIMIT 1   [ RunTime:0.000751s ]
SQL: SHOW COLUMNS FROM `app_group` [ RunTime:0.001693s ]
SQL: SELECT * FROM `app_group` WHERE ( `guid` = '436D3F290AFDF8DF9BE1D77C8B4C9E4C' ) LIMIT 1   [ RunTime:0.000976s ]
SQL: UPDATE `app_code` SET `uuid`='6BD992EB-0C1E-4125-A825-363EB8AB7767',`binding`=0 WHERE ( `guid` = '378918795D8AA5596251035B65683CCE' ) [ RunTime:0.000343s ]

[ 2016-04-07T17:47:36+08:00 ] 119.124.217.96 /index.php/Index/iscode/groupid/436D3F290AFDF8DF9BE1D77C8B4C9E4C/username/longshu/password/123123/uuid/6BD992EB-0C1E-4125-A825-363EB8AB7767/type/updata
INFO: [ route_check ] --START--
INFO: CheckRoute Behavior ::run [ RunTime:0.001367s ]
INFO: [ route_check ] --END-- [ RunTime:0.001491s ]
INFO: [ app_begin ] --START--
INFO: ReadHtmlCache Behavior ::run [ RunTime:0.000989s ]
INFO: [ app_begin ] --END-- [ RunTime:0.001138s ]
SQL: SHOW COLUMNS FROM `app_code` [ RunTime:0.001902s ]
SQL: SELECT * FROM `app_code` WHERE ( username="longshu" and password="123123" and groupid="436D3F290AFDF8DF9BE1D77C8B4C9E4C" ) LIMIT 1   [ RunTime:0.000769s ]
SQL: SHOW COLUMNS FROM `app_group` [ RunTime:0.001512s ]
SQL: SELECT * FROM `app_group` WHERE ( `guid` = '436D3F290AFDF8DF9BE1D77C8B4C9E4C' ) LIMIT 1   [ RunTime:0.000625s ]
SQL: UPDATE `app_code` SET `uuid`='6BD992EB-0C1E-4125-A825-363EB8AB7767',`binding`=0 WHERE ( `guid` = '378918795D8AA5596251035B65683CCE' ) [ RunTime:0.000256s ]

[ 2016-04-07T18:01:52+08:00 ] 120.84.140.134 /index.php/Index/iscode/groupid/43C1549E222DE8BCFD975AEF5F44443A/username/¶¡¹ãº£/password/2971/uuid/5A713543-81C0-462B-B334-D758D6D862A0/type/updata
INFO: [ route_check ] --START--
INFO: CheckRoute Behavior ::run [ RunTime:0.001388s ]
INFO: [ route_check ] --END-- [ RunTime:0.001499s ]
INFO: [ app_begin ] --START--
INFO: ReadHtmlCache Behavior ::run [ RunTime:0.000995s ]
INFO: [ app_begin ] --END-- [ RunTime:0.001082s ]
SQL: SHOW COLUMNS FROM `app_code` [ RunTime:0.001967s ]
SQL: SELECT * FROM `app_code` WHERE ( username="¶¡¹ãº£" and password="2971" and groupid="43C1549E222DE8BCFD975AEF5F44443A" ) LIMIT 1   [ RunTime:0.000744s ]
SQL: SHOW COLUMNS FROM `app_group` [ RunTime:0.001482s ]
SQL: SELECT * FROM `app_group` LIMIT 1   [ RunTime:0.000651s ]

[ 2016-04-07T18:01:57+08:00 ] 120.84.140.134 /index.php/Index/iscode/groupid/43C1549E222DE8BCFD975AEF5F44443A/username/¶¡¹ãº£/password/2971/uuid/5A713543-81C0-462B-B334-D758D6D862A0/type/updata
INFO: [ route_check ] --START--
INFO: CheckRoute Behavior ::run [ RunTime:0.000994s ]
INFO: [ route_check ] --END-- [ RunTime:0.001118s ]
INFO: [ app_begin ] --START--
INFO: ReadHtmlCache Behavior ::run [ RunTime:0.000879s ]
INFO: [ app_begin ] --END-- [ RunTime:0.000965s ]
SQL: SHOW COLUMNS FROM `app_code` [ RunTime:0.001686s ]
SQL: SELECT * FROM `app_code` WHERE ( username="¶¡¹ãº£" and password="2971" and groupid="43C1549E222DE8BCFD975AEF5F44443A" ) LIMIT 1   [ RunTime:0.000709s ]
SQL: SHOW COLUMNS FROM `app_group` [ RunTime:0.001274s ]
SQL: SELECT * FROM `app_group` LIMIT 1   [ RunTime:0.000616s ]

[ 2016-04-07T18:34:52+08:00 ] 120.84.140.134 /index.php/Index/iscode/groupid/43C1549E222DE8BCFD975AEF5F44443A/username/¶¡¹ãº£/password/2971/uuid/5A713543-81C0-462B-B334-D758D6D862A0/type/updata
INFO: [ route_check ] --START--
INFO: CheckRoute Behavior ::run [ RunTime:0.003115s ]
INFO: [ route_check ] --END-- [ RunTime:0.003239s ]
INFO: [ app_begin ] --START--
INFO: ReadHtmlCache Behavior ::run [ RunTime:0.002451s ]
INFO: [ app_begin ] --END-- [ RunTime:0.002556s ]
SQL: SHOW COLUMNS FROM `app_code` [ RunTime:0.001932s ]
SQL: SELECT * FROM `app_code` WHERE ( username="¶¡¹ãº£" and password="2971" and groupid="43C1549E222DE8BCFD975AEF5F44443A" ) LIMIT 1   [ RunTime:0.000734s ]
SQL: SHOW COLUMNS FROM `app_group` [ RunTime:0.001795s ]
SQL: SELECT * FROM `app_group` LIMIT 1   [ RunTime:0.000657s ]

[ 2016-04-07T18:34:55+08:00 ] 120.84.140.134 /index.php/Index/iscode/groupid/43C1549E222DE8BCFD975AEF5F44443A/username/¶¡¹ãº£/password/2971/uuid/5A713543-81C0-462B-B334-D758D6D862A0/type/updata
INFO: [ route_check ] --START--
INFO: CheckRoute Behavior ::run [ RunTime:0.001071s ]
INFO: [ route_check ] --END-- [ RunTime:0.001295s ]
INFO: [ app_begin ] --START--
INFO: ReadHtmlCache Behavior ::run [ RunTime:0.001077s ]
INFO: [ app_begin ] --END-- [ RunTime:0.001194s ]
SQL: SHOW COLUMNS FROM `app_code` [ RunTime:0.002370s ]
SQL: SELECT * FROM `app_code` WHERE ( username="¶¡¹ãº£" and password="2971" and groupid="43C1549E222DE8BCFD975AEF5F44443A" ) LIMIT 1   [ RunTime:0.000796s ]
SQL: SHOW COLUMNS FROM `app_group` [ RunTime:0.001720s ]
SQL: SELECT * FROM `app_group` LIMIT 1   [ RunTime:0.000725s ]

[ 2016-04-07T19:24:31+08:00 ] 116.18.178.195 /index.php/Index/iscode/groupid/43C1549E222DE8BCFD975AEF5F44443A/username/10769510/password/12345678/uuid/533D2876-B9EC-493A-8A79-881585BF3215
INFO: [ route_check ] --START--
INFO: CheckRoute Behavior ::run [ RunTime:0.001344s ]
INFO: [ route_check ] --END-- [ RunTime:0.001469s ]
INFO: [ app_begin ] --START--
INFO: ReadHtmlCache Behavior ::run [ RunTime:0.001350s ]
INFO: [ app_begin ] --END-- [ RunTime:0.001458s ]
SQL: SHOW COLUMNS FROM `app_code` [ RunTime:0.002201s ]
SQL: SELECT * FROM `app_code` WHERE ( username="10769510" and password="12345678" and groupid="43C1549E222DE8BCFD975AEF5F44443A" ) LIMIT 1   [ RunTime:0.000838s ]
SQL: SHOW COLUMNS FROM `app_group` [ RunTime:0.002007s ]
SQL: SELECT * FROM `app_group` LIMIT 1   [ RunTime:0.000700s ]

[ 2016-04-07T19:24:32+08:00 ] 116.18.178.195 /index.php/Index/iscode/groupid/43C1549E222DE8BCFD975AEF5F44443A/username/10769510/password/12345678/uuid/533D2876-B9EC-493A-8A79-881585BF3215/type/updata
INFO: [ route_check ] --START--
INFO: CheckRoute Behavior ::run [ RunTime:0.001196s ]
INFO: [ route_check ] --END-- [ RunTime:0.001342s ]
INFO: [ app_begin ] --START--
INFO: ReadHtmlCache Behavior ::run [ RunTime:0.001084s ]
INFO: [ app_begin ] --END-- [ RunTime:0.001173s ]
SQL: SHOW COLUMNS FROM `app_code` [ RunTime:0.002098s ]
SQL: SELECT * FROM `app_code` WHERE ( username="10769510" and password="12345678" and groupid="43C1549E222DE8BCFD975AEF5F44443A" ) LIMIT 1   [ RunTime:0.000800s ]
SQL: SHOW COLUMNS FROM `app_group` [ RunTime:0.001720s ]
SQL: SELECT * FROM `app_group` LIMIT 1   [ RunTime:0.000765s ]

[ 2016-04-07T20:02:38+08:00 ] 171.109.127.51 /index.php/Index/iscode/groupid/43C1549E222DE8BCFD975AEF5F44443A/username/dongya003/password/12345678/uuid/F2BD55CD-42E5-48B6-9DDA-44D228FF2BF7/type/updata
INFO: [ route_check ] --START--
INFO: CheckRoute Behavior ::run [ RunTime:0.001331s ]
INFO: [ route_check ] --END-- [ RunTime:0.001435s ]
INFO: [ app_begin ] --START--
INFO: ReadHtmlCache Behavior ::run [ RunTime:0.000999s ]
INFO: [ app_begin ] --END-- [ RunTime:0.001308s ]
SQL: SHOW COLUMNS FROM `app_code` [ RunTime:0.001986s ]
SQL: SELECT * FROM `app_code` WHERE ( username="dongya003" and password="12345678" and groupid="43C1549E222DE8BCFD975AEF5F44443A" ) LIMIT 1   [ RunTime:0.000721s ]
SQL: SHOW COLUMNS FROM `app_group` [ RunTime:0.001572s ]
SQL: SELECT * FROM `app_group` WHERE ( `guid` = '43C1549E222DE8BCFD975AEF5F44443A' ) LIMIT 1   [ RunTime:0.000709s ]
SQL: UPDATE `app_code` SET `uuid`='F2BD55CD-42E5-48B6-9DDA-44D228FF2BF7',`binding`=0 WHERE ( `guid` = '956A973D03644B18A70B0EF34BF76995' ) [ RunTime:0.000246s ]

[ 2016-04-07T22:11:04+08:00 ] 171.109.127.51 /index.php/Index/iscode/groupid/43C1549E222DE8BCFD975AEF5F44443A/username/dongya003/password/12345678/uuid/F2BD55CD-42E5-48B6-9DDA-44D228FF2BF7/type/updata
INFO: [ route_check ] --START--
INFO: CheckRoute Behavior ::run [ RunTime:0.001977s ]
INFO: [ route_check ] --END-- [ RunTime:0.002106s ]
INFO: [ app_begin ] --START--
INFO: ReadHtmlCache Behavior ::run [ RunTime:0.001688s ]
INFO: [ app_begin ] --END-- [ RunTime:0.001820s ]
SQL: SHOW COLUMNS FROM `app_code` [ RunTime:0.002103s ]
SQL: SELECT * FROM `app_code` WHERE ( username="dongya003" and password="12345678" and groupid="43C1549E222DE8BCFD975AEF5F44443A" ) LIMIT 1   [ RunTime:0.000784s ]
SQL: SHOW COLUMNS FROM `app_group` [ RunTime:0.001514s ]
SQL: SELECT * FROM `app_group` WHERE ( `guid` = '43C1549E222DE8BCFD975AEF5F44443A' ) LIMIT 1   [ RunTime:0.000642s ]
SQL: UPDATE `app_code` SET `uuid`='F2BD55CD-42E5-48B6-9DDA-44D228FF2BF7',`binding`=0 WHERE ( `guid` = '956A973D03644B18A70B0EF34BF76995' ) [ RunTime:0.000244s ]

[ 2016-04-07T22:11:09+08:00 ] 202.105.74.233 /index.php/Index/iscode/groupid/43C1549E222DE8BCFD975AEF5F44443A/username/18665059848/password/028104mls/uuid/BA411558-928F-4C7A-828A-B7E8D077118D
INFO: [ route_check ] --START--
INFO: CheckRoute Behavior ::run [ RunTime:0.001840s ]
INFO: [ route_check ] --END-- [ RunTime:0.002039s ]
INFO: [ app_begin ] --START--
INFO: ReadHtmlCache Behavior ::run [ RunTime:0.001620s ]
INFO: [ app_begin ] --END-- [ RunTime:0.001715s ]
SQL: SHOW COLUMNS FROM `app_code` [ RunTime:0.001675s ]
SQL: SELECT * FROM `app_code` WHERE ( username="18665059848" and password="028104mls" and groupid="43C1549E222DE8BCFD975AEF5F44443A" ) LIMIT 1   [ RunTime:0.000714s ]
SQL: SHOW COLUMNS FROM `app_group` [ RunTime:0.001328s ]
SQL: SELECT * FROM `app_group` LIMIT 1   [ RunTime:0.000693s ]

[ 2016-04-07T22:11:09+08:00 ] 202.105.74.233 /index.php/Index/iscode/groupid/43C1549E222DE8BCFD975AEF5F44443A/username/18665059848/password/028104mls/uuid/BA411558-928F-4C7A-828A-B7E8D077118D/type/updata
INFO: [ route_check ] --START--
INFO: CheckRoute Behavior ::run [ RunTime:0.001560s ]
INFO: [ route_check ] --END-- [ RunTime:0.001697s ]
INFO: [ app_begin ] --START--
INFO: ReadHtmlCache Behavior ::run [ RunTime:0.001444s ]
INFO: [ app_begin ] --END-- [ RunTime:0.001531s ]
SQL: SHOW COLUMNS FROM `app_code` [ RunTime:0.002268s ]
SQL: SELECT * FROM `app_code` WHERE ( username="18665059848" and password="028104mls" and groupid="43C1549E222DE8BCFD975AEF5F44443A" ) LIMIT 1   [ RunTime:0.000747s ]
SQL: SHOW COLUMNS FROM `app_group` [ RunTime:0.001317s ]
SQL: SELECT * FROM `app_group` LIMIT 1   [ RunTime:0.000618s ]

[ 2016-04-07T22:11:18+08:00 ] 202.105.74.233 /index.php/Index/iscode/groupid/43C1549E222DE8BCFD975AEF5F44443A/username/18665059848/password/028104mls/uuid/BA411558-928F-4C7A-828A-B7E8D077118D/type/updata
INFO: [ route_check ] --START--
INFO: CheckRoute Behavior ::run [ RunTime:0.002119s ]
INFO: [ route_check ] --END-- [ RunTime:0.002289s ]
INFO: [ app_begin ] --START--
INFO: ReadHtmlCache Behavior ::run [ RunTime:0.001604s ]
INFO: [ app_begin ] --END-- [ RunTime:0.001714s ]
SQL: SHOW COLUMNS FROM `app_code` [ RunTime:0.001745s ]
SQL: SELECT * FROM `app_code` WHERE ( username="18665059848" and password="028104mls" and groupid="43C1549E222DE8BCFD975AEF5F44443A" ) LIMIT 1   [ RunTime:0.000770s ]
SQL: SHOW COLUMNS FROM `app_group` [ RunTime:0.001364s ]
SQL: SELECT * FROM `app_group` LIMIT 1   [ RunTime:0.000627s ]

[ 2016-04-07T22:36:14+08:00 ] 183.21.142.76 /index.php/Index/iscode/groupid/43C1549E222DE8BCFD975AEF5F44443A/username/dongya/password/123/uuid/DD074A15-5224-4BFB-AA5E-E2B8758A993A
INFO: [ route_check ] --START--
INFO: CheckRoute Behavior ::run [ RunTime:0.001510s ]
INFO: [ route_check ] --END-- [ RunTime:0.001621s ]
INFO: [ app_begin ] --START--
INFO: ReadHtmlCache Behavior ::run [ RunTime:0.001048s ]
INFO: [ app_begin ] --END-- [ RunTime:0.001136s ]
SQL: SHOW COLUMNS FROM `app_code` [ RunTime:0.002076s ]
SQL: SELECT * FROM `app_code` WHERE ( username="dongya" and password="123" and groupid="43C1549E222DE8BCFD975AEF5F44443A" ) LIMIT 1   [ RunTime:0.000743s ]
SQL: SHOW COLUMNS FROM `app_group` [ RunTime:0.001557s ]
SQL: SELECT * FROM `app_group` LIMIT 1   [ RunTime:0.000628s ]

[ 2016-04-07T22:36:15+08:00 ] 183.21.142.76 /index.php/Index/iscode/groupid/43C1549E222DE8BCFD975AEF5F44443A/username/dongya/password/123/uuid/DD074A15-5224-4BFB-AA5E-E2B8758A993A/type/updata
INFO: [ route_check ] --START--
INFO: CheckRoute Behavior ::run [ RunTime:0.001173s ]
INFO: [ route_check ] --END-- [ RunTime:0.001297s ]
INFO: [ app_begin ] --START--
INFO: ReadHtmlCache Behavior ::run [ RunTime:0.000607s ]
INFO: [ app_begin ] --END-- [ RunTime:0.000709s ]
SQL: SHOW COLUMNS FROM `app_code` [ RunTime:0.001753s ]
SQL: SELECT * FROM `app_code` WHERE ( username="dongya" and password="123" and groupid="43C1549E222DE8BCFD975AEF5F44443A" ) LIMIT 1   [ RunTime:0.000726s ]
SQL: SHOW COLUMNS FROM `app_group` [ RunTime:0.001376s ]
SQL: SELECT * FROM `app_group` LIMIT 1   [ RunTime:0.000610s ]

[ 2016-04-07T22:36:21+08:00 ] 183.21.142.76 /index.php/Index/iscode/groupid/43C1549E222DE8BCFD975AEF5F44443A/username/dongya/password/123/uuid/DD074A15-5224-4BFB-AA5E-E2B8758A993A/type/updata
INFO: [ route_check ] --START--
INFO: CheckRoute Behavior ::run [ RunTime:0.001018s ]
INFO: [ route_check ] --END-- [ RunTime:0.001134s ]
INFO: [ app_begin ] --START--
INFO: ReadHtmlCache Behavior ::run [ RunTime:0.000617s ]
INFO: [ app_begin ] --END-- [ RunTime:0.000701s ]
SQL: SHOW COLUMNS FROM `app_code` [ RunTime:0.001868s ]
SQL: SELECT * FROM `app_code` WHERE ( username="dongya" and password="123" and groupid="43C1549E222DE8BCFD975AEF5F44443A" ) LIMIT 1   [ RunTime:0.000932s ]
SQL: SHOW COLUMNS FROM `app_group` [ RunTime:0.001360s ]
SQL: SELECT * FROM `app_group` LIMIT 1   [ RunTime:0.000611s ]

[ 2016-04-07T22:38:49+08:00 ] 183.21.142.76 /index.php/Index/iscode/groupid/43C1549E222DE8BCFD975AEF5F44443A/username/dongya/password/123/uuid/DD074A15-5224-4BFB-AA5E-E2B8758A993A/type/updata
INFO: [ route_check ] --START--
INFO: CheckRoute Behavior ::run [ RunTime:0.001358s ]
INFO: [ route_check ] --END-- [ RunTime:0.001477s ]
INFO: [ app_begin ] --START--
INFO: ReadHtmlCache Behavior ::run [ RunTime:0.000994s ]
INFO: [ app_begin ] --END-- [ RunTime:0.001080s ]
SQL: SHOW COLUMNS FROM `app_code` [ RunTime:0.001793s ]
SQL: SELECT * FROM `app_code` WHERE ( username="dongya" and password="123" and groupid="43C1549E222DE8BCFD975AEF5F44443A" ) LIMIT 1   [ RunTime:0.000715s ]
SQL: SHOW COLUMNS FROM `app_group` [ RunTime:0.001324s ]
SQL: SELECT * FROM `app_group` LIMIT 1   [ RunTime:0.000745s ]

[ 2016-04-07T22:49:45+08:00 ] 202.105.74.233 /index.php/Index/iscode/groupid/43C1549E222DE8BCFD975AEF5F44443A/username/18665059848/password/028104mls/uuid/BA411558-928F-4C7A-828A-B7E8D077118D/type/updata
INFO: [ route_check ] --START--
INFO: CheckRoute Behavior ::run [ RunTime:0.001501s ]
INFO: [ route_check ] --END-- [ RunTime:0.001628s ]
INFO: [ app_begin ] --START--
INFO: ReadHtmlCache Behavior ::run [ RunTime:0.001203s ]
INFO: [ app_begin ] --END-- [ RunTime:0.001314s ]
SQL: SHOW COLUMNS FROM `app_code` [ RunTime:0.001822s ]
SQL: SELECT * FROM `app_code` WHERE ( username="18665059848" and password="028104mls" and groupid="43C1549E222DE8BCFD975AEF5F44443A" ) LIMIT 1   [ RunTime:0.000776s ]
SQL: SHOW COLUMNS FROM `app_group` [ RunTime:0.001357s ]
SQL: SELECT * FROM `app_group` LIMIT 1   [ RunTime:0.000640s ]

[ 2016-04-07T22:56:00+08:00 ] 202.105.74.233 /index.php/Index/iscode/groupid/43C1549E222DE8BCFD975AEF5F44443A/username/18665059848/password/028104mls/uuid/BA411558-928F-4C7A-828A-B7E8D077118D/type/updata
INFO: [ route_check ] --START--
INFO: CheckRoute Behavior ::run [ RunTime:0.001402s ]
INFO: [ route_check ] --END-- [ RunTime:0.001517s ]
INFO: [ app_begin ] --START--
INFO: ReadHtmlCache Behavior ::run [ RunTime:0.001044s ]
INFO: [ app_begin ] --END-- [ RunTime:0.001132s ]
SQL: SHOW COLUMNS FROM `app_code` [ RunTime:0.001722s ]
SQL: SELECT * FROM `app_code` WHERE ( username="18665059848" and password="028104mls" and groupid="43C1549E222DE8BCFD975AEF5F44443A" ) LIMIT 1   [ RunTime:0.000720s ]
SQL: SHOW COLUMNS FROM `app_group` [ RunTime:0.001548s ]
SQL: SELECT * FROM `app_group` LIMIT 1   [ RunTime:0.000638s ]

[ 2016-04-07T23:00:02+08:00 ] 202.105.74.233 /index.php/Index/iscode/groupid/43C1549E222DE8BCFD975AEF5F44443A/username/18665059848/password/028104mls/uuid/BA411558-928F-4C7A-828A-B7E8D077118D
INFO: [ route_check ] --START--
INFO: CheckRoute Behavior ::run [ RunTime:0.001562s ]
INFO: [ route_check ] --END-- [ RunTime:0.001685s ]
INFO: [ app_begin ] --START--
INFO: ReadHtmlCache Behavior ::run [ RunTime:0.001042s ]
INFO: [ app_begin ] --END-- [ RunTime:0.001141s ]
SQL: SHOW COLUMNS FROM `app_code` [ RunTime:0.001930s ]
SQL: SELECT * FROM `app_code` WHERE ( username="18665059848" and password="028104mls" and groupid="43C1549E222DE8BCFD975AEF5F44443A" ) LIMIT 1   [ RunTime:0.000783s ]
SQL: SHOW COLUMNS FROM `app_group` [ RunTime:0.001376s ]
SQL: SELECT * FROM `app_group` LIMIT 1   [ RunTime:0.000843s ]

[ 2016-04-07T23:00:03+08:00 ] 202.105.74.233 /index.php/Index/iscode/groupid/43C1549E222DE8BCFD975AEF5F44443A/username/18665059848/password/028104mls/uuid/BA411558-928F-4C7A-828A-B7E8D077118D/type/updata
INFO: [ route_check ] --START--
INFO: CheckRoute Behavior ::run [ RunTime:0.000960s ]
INFO: [ route_check ] --END-- [ RunTime:0.001078s ]
INFO: [ app_begin ] --START--
INFO: ReadHtmlCache Behavior ::run [ RunTime:0.000606s ]
INFO: [ app_begin ] --END-- [ RunTime:0.000690s ]
SQL: SHOW COLUMNS FROM `app_code` [ RunTime:0.002170s ]
SQL: SELECT * FROM `app_code` WHERE ( username="18665059848" and password="028104mls" and groupid="43C1549E222DE8BCFD975AEF5F44443A" ) LIMIT 1   [ RunTime:0.001148s ]
SQL: SHOW COLUMNS FROM `app_group` [ RunTime:0.001694s ]
SQL: SELECT * FROM `app_group` LIMIT 1   [ RunTime:0.000794s ]

