[ 2016-03-10T08:24:04+08:00 ] 221.172.134.98 /index.php/Index/iscode/groupid/43C1549E222DE8BCFD975AEF5F44443A/username/F076930/password/12345678/uuid/90B93C1F-CC8E-41D9-A8A9-E1EC05EEC78F
INFO: [ route_check ] --START--
INFO: CheckRoute Behavior ::run [ RunTime:0.004178s ]
INFO: [ route_check ] --END-- [ RunTime:0.004322s ]
INFO: [ app_begin ] --START--
INFO: ReadHtmlCache Behavior ::run [ RunTime:0.002657s ]
INFO: [ app_begin ] --END-- [ RunTime:0.002768s ]
SQL: SHOW COLUMNS FROM `app_code` [ RunTime:0.031394s ]
SQL: SELECT * FROM `app_code` WHERE ( username="F076930" and password="12345678" and groupid="43C1549E222DE8BCFD975AEF5F44443A" ) LIMIT 1   [ RunTime:0.000804s ]
SQL: SHOW COLUMNS FROM `app_group` [ RunTime:0.053604s ]
SQL: SELECT * FROM `app_group` LIMIT 1   [ RunTime:0.000819s ]

[ 2016-03-10T08:24:05+08:00 ] 221.172.134.98 /index.php/Index/iscode/groupid/43C1549E222DE8BCFD975AEF5F44443A/username/F076930/password/12345678/uuid/90B93C1F-CC8E-41D9-A8A9-E1EC05EEC78F/type/updata
INFO: [ route_check ] --START--
INFO: CheckRoute Behavior ::run [ RunTime:0.000970s ]
INFO: [ route_check ] --END-- [ RunTime:0.001075s ]
INFO: [ app_begin ] --START--
INFO: ReadHtmlCache Behavior ::run [ RunTime:0.000599s ]
INFO: [ app_begin ] --END-- [ RunTime:0.000684s ]
SQL: SHOW COLUMNS FROM `app_code` [ RunTime:0.001600s ]
SQL: SELECT * FROM `app_code` WHERE ( username="F076930" and password="12345678" and groupid="43C1549E222DE8BCFD975AEF5F44443A" ) LIMIT 1   [ RunTime:0.000787s ]
SQL: SHOW COLUMNS FROM `app_group` [ RunTime:0.014785s ]
SQL: SELECT * FROM `app_group` LIMIT 1   [ RunTime:0.000652s ]

[ 2016-03-10T08:24:28+08:00 ] 221.172.134.98 /index.php/Index/iscode/groupid/43C1549E222DE8BCFD975AEF5F44443A/username/F076930/password/12345678/uuid/90B93C1F-CC8E-41D9-A8A9-E1EC05EEC78F/type/updata
INFO: [ route_check ] --START--
INFO: CheckRoute Behavior ::run [ RunTime:0.001043s ]
INFO: [ route_check ] --END-- [ RunTime:0.001162s ]
INFO: [ app_begin ] --START--
INFO: ReadHtmlCache Behavior ::run [ RunTime:0.000624s ]
INFO: [ app_begin ] --END-- [ RunTime:0.000707s ]
SQL: SHOW COLUMNS FROM `app_code` [ RunTime:0.002112s ]
SQL: SELECT * FROM `app_code` WHERE ( username="F076930" and password="12345678" and groupid="43C1549E222DE8BCFD975AEF5F44443A" ) LIMIT 1   [ RunTime:0.001037s ]
SQL: SHOW COLUMNS FROM `app_group` [ RunTime:0.001422s ]
SQL: SELECT * FROM `app_group` LIMIT 1   [ RunTime:0.000613s ]

[ 2016-03-10T08:24:52+08:00 ] 221.172.134.98 /index.php/Index/iscode/groupid/43C1549E222DE8BCFD975AEF5F44443A/username/F076930/password/12345678/uuid/90B93C1F-CC8E-41D9-A8A9-E1EC05EEC78F/type/updata
INFO: [ route_check ] --START--
INFO: CheckRoute Behavior ::run [ RunTime:0.000931s ]
INFO: [ route_check ] --END-- [ RunTime:0.001032s ]
INFO: [ app_begin ] --START--
INFO: ReadHtmlCache Behavior ::run [ RunTime:0.001331s ]
INFO: [ app_begin ] --END-- [ RunTime:0.001415s ]
SQL: SHOW COLUMNS FROM `app_code` [ RunTime:0.001652s ]
SQL: SELECT * FROM `app_code` WHERE ( username="F076930" and password="12345678" and groupid="43C1549E222DE8BCFD975AEF5F44443A" ) LIMIT 1   [ RunTime:0.000707s ]
SQL: SHOW COLUMNS FROM `app_group` [ RunTime:0.001290s ]
SQL: SELECT * FROM `app_group` LIMIT 1   [ RunTime:0.000599s ]

[ 2016-03-10T08:25:04+08:00 ] 221.172.134.98 /index.php/Index/iscode/groupid/43C1549E222DE8BCFD975AEF5F44443A/username/F076930/password/12345678/uuid/90B93C1F-CC8E-41D9-A8A9-E1EC05EEC78F/type/updata
INFO: [ route_check ] --START--
INFO: CheckRoute Behavior ::run [ RunTime:0.001064s ]
INFO: [ route_check ] --END-- [ RunTime:0.001182s ]
INFO: [ app_begin ] --START--
INFO: ReadHtmlCache Behavior ::run [ RunTime:0.000613s ]
INFO: [ app_begin ] --END-- [ RunTime:0.000696s ]
SQL: SHOW COLUMNS FROM `app_code` [ RunTime:0.001936s ]
SQL: SELECT * FROM `app_code` WHERE ( username="F076930" and password="12345678" and groupid="43C1549E222DE8BCFD975AEF5F44443A" ) LIMIT 1   [ RunTime:0.000721s ]
SQL: SHOW COLUMNS FROM `app_group` [ RunTime:0.001419s ]
SQL: SELECT * FROM `app_group` LIMIT 1   [ RunTime:0.000636s ]

[ 2016-03-10T08:25:07+08:00 ] 221.172.134.98 /index.php/Index/iscode/groupid/43C1549E222DE8BCFD975AEF5F44443A/username/F076930/password/12345678/uuid/90B93C1F-CC8E-41D9-A8A9-E1EC05EEC78F/type/updata
INFO: [ route_check ] --START--
INFO: CheckRoute Behavior ::run [ RunTime:0.000938s ]
INFO: [ route_check ] --END-- [ RunTime:0.001238s ]
INFO: [ app_begin ] --START--
INFO: ReadHtmlCache Behavior ::run [ RunTime:0.000611s ]
INFO: [ app_begin ] --END-- [ RunTime:0.000695s ]
SQL: SHOW COLUMNS FROM `app_code` [ RunTime:0.001700s ]
SQL: SELECT * FROM `app_code` WHERE ( username="F076930" and password="12345678" and groupid="43C1549E222DE8BCFD975AEF5F44443A" ) LIMIT 1   [ RunTime:0.000705s ]
SQL: SHOW COLUMNS FROM `app_group` [ RunTime:0.001298s ]
SQL: SELECT * FROM `app_group` LIMIT 1   [ RunTime:0.000685s ]

[ 2016-03-10T10:50:52+08:00 ] 183.26.212.252 /index.php/Index/iscode/groupid/43C1549E222DE8BCFD975AEF5F44443A/username/2075724/password/12345678/uuid/1C496CAB-42C7-4EEA-BF46-120265B554B9
INFO: [ route_check ] --START--
INFO: CheckRoute Behavior ::run [ RunTime:0.001387s ]
INFO: [ route_check ] --END-- [ RunTime:0.001506s ]
INFO: [ app_begin ] --START--
INFO: ReadHtmlCache Behavior ::run [ RunTime:0.001037s ]
INFO: [ app_begin ] --END-- [ RunTime:0.001127s ]
SQL: SHOW COLUMNS FROM `app_code` [ RunTime:0.001875s ]
SQL: SELECT * FROM `app_code` WHERE ( username="2075724" and password="12345678" and groupid="43C1549E222DE8BCFD975AEF5F44443A" ) LIMIT 1   [ RunTime:0.000741s ]
SQL: SHOW COLUMNS FROM `app_group` [ RunTime:0.001490s ]
SQL: SELECT * FROM `app_group` WHERE ( `guid` = '43C1549E222DE8BCFD975AEF5F44443A' ) LIMIT 1   [ RunTime:0.000647s ]
SQL: UPDATE `app_code` SET `uuid`='1C496CAB-42C7-4EEA-BF46-120265B554B9',`binding`=0 WHERE ( `guid` = 'E70B053B348D470891F433D064F5DEF3' ) [ RunTime:0.000297s ]
NOTIC: [8] Undefined index:  type D:\PHPnow\htdocs\dongya\Lib\Action\IndexAction.class.php 第 74 行.

[ 2016-03-10T10:50:53+08:00 ] 183.26.212.252 /index.php/Index/iscode/groupid/43C1549E222DE8BCFD975AEF5F44443A/username/2075724/password/12345678/uuid/1C496CAB-42C7-4EEA-BF46-120265B554B9/type/updata
INFO: [ route_check ] --START--
INFO: CheckRoute Behavior ::run [ RunTime:0.001219s ]
INFO: [ route_check ] --END-- [ RunTime:0.001353s ]
INFO: [ app_begin ] --START--
INFO: ReadHtmlCache Behavior ::run [ RunTime:0.000700s ]
INFO: [ app_begin ] --END-- [ RunTime:0.000810s ]
SQL: SHOW COLUMNS FROM `app_code` [ RunTime:0.001789s ]
SQL: SELECT * FROM `app_code` WHERE ( username="2075724" and password="12345678" and groupid="43C1549E222DE8BCFD975AEF5F44443A" ) LIMIT 1   [ RunTime:0.000775s ]
SQL: SHOW COLUMNS FROM `app_group` [ RunTime:0.001593s ]
SQL: SELECT * FROM `app_group` WHERE ( `guid` = '43C1549E222DE8BCFD975AEF5F44443A' ) LIMIT 1   [ RunTime:0.000678s ]
SQL: UPDATE `app_code` SET `uuid`='1C496CAB-42C7-4EEA-BF46-120265B554B9',`binding`=0 WHERE ( `guid` = 'E70B053B348D470891F433D064F5DEF3' ) [ RunTime:0.000309s ]

[ 2016-03-10T10:51:25+08:00 ] 183.26.212.252 /index.php/Index/iscode/groupid/43C1549E222DE8BCFD975AEF5F44443A/username/2075724/password/12345678/uuid/1C496CAB-42C7-4EEA-BF46-120265B554B9/type/updata
INFO: [ route_check ] --START--
INFO: CheckRoute Behavior ::run [ RunTime:0.000964s ]
INFO: [ route_check ] --END-- [ RunTime:0.001073s ]
INFO: [ app_begin ] --START--
INFO: ReadHtmlCache Behavior ::run [ RunTime:0.000647s ]
INFO: [ app_begin ] --END-- [ RunTime:0.000732s ]
SQL: SHOW COLUMNS FROM `app_code` [ RunTime:0.001710s ]
SQL: SELECT * FROM `app_code` WHERE ( username="2075724" and password="12345678" and groupid="43C1549E222DE8BCFD975AEF5F44443A" ) LIMIT 1   [ RunTime:0.000697s ]
SQL: SHOW COLUMNS FROM `app_group` [ RunTime:0.001377s ]
SQL: SELECT * FROM `app_group` WHERE ( `guid` = '43C1549E222DE8BCFD975AEF5F44443A' ) LIMIT 1   [ RunTime:0.000657s ]
SQL: UPDATE `app_code` SET `uuid`='1C496CAB-42C7-4EEA-BF46-120265B554B9',`binding`=0 WHERE ( `guid` = 'E70B053B348D470891F433D064F5DEF3' ) [ RunTime:0.000241s ]

[ 2016-03-10T12:24:21+08:00 ] 113.83.154.11 /index.php/Index/iscode/groupid/43C1549E222DE8BCFD975AEF5F44443A/username/1075232/password/12345678/uuid/3C61DE75-04CE-49AD-B2ED-BF9C48CC6E6B
INFO: [ route_check ] --START--
INFO: CheckRoute Behavior ::run [ RunTime:0.002837s ]
INFO: [ route_check ] --END-- [ RunTime:0.002986s ]
INFO: [ app_begin ] --START--
INFO: ReadHtmlCache Behavior ::run [ RunTime:0.002002s ]
INFO: [ app_begin ] --END-- [ RunTime:0.002100s ]
SQL: SHOW COLUMNS FROM `app_code` [ RunTime:0.002986s ]
SQL: SELECT * FROM `app_code` WHERE ( username="1075232" and password="12345678" and groupid="43C1549E222DE8BCFD975AEF5F44443A" ) LIMIT 1   [ RunTime:0.000794s ]
SQL: SHOW COLUMNS FROM `app_group` [ RunTime:0.020636s ]
SQL: SELECT * FROM `app_group` LIMIT 1   [ RunTime:0.000719s ]

[ 2016-03-10T12:24:21+08:00 ] 113.83.154.11 /index.php/Index/iscode/groupid/43C1549E222DE8BCFD975AEF5F44443A/username/1075232/password/12345678/uuid/3C61DE75-04CE-49AD-B2ED-BF9C48CC6E6B/type/updata
INFO: [ route_check ] --START--
INFO: CheckRoute Behavior ::run [ RunTime:0.000936s ]
INFO: [ route_check ] --END-- [ RunTime:0.001039s ]
INFO: [ app_begin ] --START--
INFO: ReadHtmlCache Behavior ::run [ RunTime:0.000604s ]
INFO: [ app_begin ] --END-- [ RunTime:0.000688s ]
SQL: SHOW COLUMNS FROM `app_code` [ RunTime:0.001721s ]
SQL: SELECT * FROM `app_code` WHERE ( username="1075232" and password="12345678" and groupid="43C1549E222DE8BCFD975AEF5F44443A" ) LIMIT 1   [ RunTime:0.000716s ]
SQL: SHOW COLUMNS FROM `app_group` [ RunTime:0.001657s ]
SQL: SELECT * FROM `app_group` LIMIT 1   [ RunTime:0.000624s ]

[ 2016-03-10T12:24:43+08:00 ] 113.83.154.11 /index.php/Index/iscode/groupid/43C1549E222DE8BCFD975AEF5F44443A/username/1075232/password/12345678/uuid/3C61DE75-04CE-49AD-B2ED-BF9C48CC6E6B/type/updata
INFO: [ route_check ] --START--
INFO: CheckRoute Behavior ::run [ RunTime:0.000959s ]
INFO: [ route_check ] --END-- [ RunTime:0.001077s ]
INFO: [ app_begin ] --START--
INFO: ReadHtmlCache Behavior ::run [ RunTime:0.000603s ]
INFO: [ app_begin ] --END-- [ RunTime:0.000685s ]
SQL: SHOW COLUMNS FROM `app_code` [ RunTime:0.001818s ]
SQL: SELECT * FROM `app_code` WHERE ( username="1075232" and password="12345678" and groupid="43C1549E222DE8BCFD975AEF5F44443A" ) LIMIT 1   [ RunTime:0.000701s ]
SQL: SHOW COLUMNS FROM `app_group` [ RunTime:0.001397s ]
SQL: SELECT * FROM `app_group` LIMIT 1   [ RunTime:0.000726s ]

[ 2016-03-10T12:55:41+08:00 ] 113.83.154.11 /index.php/Index/iscode/groupid/43C1549E222DE8BCFD975AEF5F44443A/username/1075232/password/12345678/uuid/3C61DE75-04CE-49AD-B2ED-BF9C48CC6E6B/type/updata
INFO: [ route_check ] --START--
INFO: CheckRoute Behavior ::run [ RunTime:0.001331s ]
INFO: [ route_check ] --END-- [ RunTime:0.001441s ]
INFO: [ app_begin ] --START--
INFO: ReadHtmlCache Behavior ::run [ RunTime:0.000990s ]
INFO: [ app_begin ] --END-- [ RunTime:0.001080s ]
SQL: SHOW COLUMNS FROM `app_code` [ RunTime:0.001894s ]
SQL: SELECT * FROM `app_code` WHERE ( username="1075232" and password="12345678" and groupid="43C1549E222DE8BCFD975AEF5F44443A" ) LIMIT 1   [ RunTime:0.000729s ]
SQL: SHOW COLUMNS FROM `app_group` [ RunTime:0.001480s ]
SQL: SELECT * FROM `app_group` LIMIT 1   [ RunTime:0.000735s ]

[ 2016-03-10T14:07:11+08:00 ] 113.83.154.11 /index.php/Index/iscode/groupid/43C1549E222DE8BCFD975AEF5F44443A/username/1075232/password/12345678/uuid/3C61DE75-04CE-49AD-B2ED-BF9C48CC6E6B/type/updata
INFO: [ route_check ] --START--
INFO: CheckRoute Behavior ::run [ RunTime:0.001649s ]
INFO: [ route_check ] --END-- [ RunTime:0.001754s ]
INFO: [ app_begin ] --START--
INFO: ReadHtmlCache Behavior ::run [ RunTime:0.001328s ]
INFO: [ app_begin ] --END-- [ RunTime:0.001415s ]
SQL: SHOW COLUMNS FROM `app_code` [ RunTime:0.001828s ]
SQL: SELECT * FROM `app_code` WHERE ( username="1075232" and password="12345678" and groupid="43C1549E222DE8BCFD975AEF5F44443A" ) LIMIT 1   [ RunTime:0.000773s ]
SQL: SHOW COLUMNS FROM `app_group` [ RunTime:0.001496s ]
SQL: SELECT * FROM `app_group` LIMIT 1   [ RunTime:0.000618s ]

[ 2016-03-10T14:32:17+08:00 ] 183.62.183.114 /index.php
INFO: [ app_begin ] --START--
INFO: ReadHtmlCache Behavior ::run [ RunTime:0.001047s ]
INFO: [ app_begin ] --END-- [ RunTime:0.001165s ]
INFO: [ view_parse ] --START--
INFO: ParseTemplate Behavior ::run [ RunTime:0.081248s ]
INFO: [ view_parse ] --END-- [ RunTime:0.081419s ]
INFO: [ view_filter ] --START--
INFO: ContentReplace Behavior ::run [ RunTime:0.009765s ]
INFO: TokenBuild Behavior ::run [ RunTime:0.005814s ]
INFO: WriteHtmlCache Behavior ::run [ RunTime:0.002113s ]
INFO: ShowRuntime Behavior ::run [ RunTime:0.002223s ]
INFO: [ view_filter ] --END-- [ RunTime:0.020198s ]
INFO: [ view_end ] --START--
INFO: ShowPageTrace Behavior ::run [ RunTime:0.002096s ]
INFO: [ view_end ] --END-- [ RunTime:0.002177s ]

[ 2016-03-10T14:32:25+08:00 ] 183.62.183.114 /index.php/index/code_login
INFO: [ route_check ] --START--
INFO: CheckRoute Behavior ::run [ RunTime:0.001437s ]
INFO: [ route_check ] --END-- [ RunTime:0.001577s ]
INFO: [ app_begin ] --START--
INFO: ReadHtmlCache Behavior ::run [ RunTime:0.000729s ]
INFO: [ app_begin ] --END-- [ RunTime:0.000806s ]
SQL: SHOW COLUMNS FROM `app_member` [ RunTime:0.029318s ]
SQL: SELECT * FROM `app_member` WHERE ( username="dongya" and password="e10adc3949ba59abbe56e057f20f883e" ) LIMIT 1   [ RunTime:0.000859s ]
SQL: SHOW COLUMNS FROM `app_admin` [ RunTime:0.032265s ]
SQL: SELECT * FROM `app_admin` WHERE ( username="dongya" and password="e10adc3949ba59abbe56e057f20f883e" ) LIMIT 1   [ RunTime:0.000881s ]

[ 2016-03-10T14:32:31+08:00 ] 183.62.183.114 /index.php/index/code_login
INFO: [ route_check ] --START--
INFO: CheckRoute Behavior ::run [ RunTime:0.001241s ]
INFO: [ route_check ] --END-- [ RunTime:0.001378s ]
INFO: [ app_begin ] --START--
INFO: ReadHtmlCache Behavior ::run [ RunTime:0.000610s ]
INFO: [ app_begin ] --END-- [ RunTime:0.000684s ]
SQL: SHOW COLUMNS FROM `app_member` [ RunTime:0.001580s ]
SQL: SELECT * FROM `app_member` WHERE ( username="dongya" and password="4297f44b13955235245b2497399d7a93" ) LIMIT 1   [ RunTime:0.000728s ]
SQL: SHOW COLUMNS FROM `app_admin` [ RunTime:0.001321s ]
SQL: SELECT * FROM `app_admin` WHERE ( username="dongya" and password="4297f44b13955235245b2497399d7a93" ) LIMIT 1   [ RunTime:0.000620s ]
SQL: SHOW COLUMNS FROM `app_group` [ RunTime:0.001585s ]
SQL: SELECT * FROM `app_group` WHERE ( `guid` = '43C1549E222DE8BCFD975AEF5F44443A' ) LIMIT 1   [ RunTime:0.000659s ]

[ 2016-03-10T14:32:32+08:00 ] 183.62.183.114 /index.php/Index/
INFO: [ route_check ] --START--
INFO: CheckRoute Behavior ::run [ RunTime:0.000986s ]
INFO: [ route_check ] --END-- [ RunTime:0.001104s ]
INFO: [ app_begin ] --START--
INFO: ReadHtmlCache Behavior ::run [ RunTime:0.000657s ]
INFO: [ app_begin ] --END-- [ RunTime:0.000739s ]

[ 2016-03-10T14:49:11+08:00 ] 183.62.183.114 /index.php/Index/iscode/groupid/43C1549E222DE8BCFD975AEF5F44443A/username/dongya/password/123123/uuid/6C96832B-6553-460E-83BF-02E6A72082AB
INFO: [ route_check ] --START--
INFO: CheckRoute Behavior ::run [ RunTime:0.001408s ]
INFO: [ route_check ] --END-- [ RunTime:0.001529s ]
INFO: [ app_begin ] --START--
INFO: ReadHtmlCache Behavior ::run [ RunTime:0.000988s ]
INFO: [ app_begin ] --END-- [ RunTime:0.001074s ]
SQL: SHOW COLUMNS FROM `app_code` [ RunTime:0.001839s ]
SQL: SELECT * FROM `app_code` WHERE ( username="dongya" and password="123123" and groupid="43C1549E222DE8BCFD975AEF5F44443A" ) LIMIT 1   [ RunTime:0.000775s ]
SQL: SHOW COLUMNS FROM `app_group` [ RunTime:0.001286s ]
SQL: SELECT * FROM `app_group` WHERE ( `guid` = '43C1549E222DE8BCFD975AEF5F44443A' ) LIMIT 1   [ RunTime:0.000615s ]
SQL: UPDATE `app_code` SET `uuid`='6C96832B-6553-460E-83BF-02E6A72082AB',`binding`=0 WHERE ( `guid` = 'FBD28554EC0105185717D33AF9592F58' ) [ RunTime:0.000256s ]
NOTIC: [8] Undefined index:  type D:\PHPnow\htdocs\dongya\Lib\Action\IndexAction.class.php 第 74 行.

[ 2016-03-10T14:49:12+08:00 ] 183.62.183.114 /index.php/Index/iscode/groupid/43C1549E222DE8BCFD975AEF5F44443A/username/dongya/password/123123/uuid/6C96832B-6553-460E-83BF-02E6A72082AB/type/updata
INFO: [ route_check ] --START--
INFO: CheckRoute Behavior ::run [ RunTime:0.001083s ]
INFO: [ route_check ] --END-- [ RunTime:0.001199s ]
INFO: [ app_begin ] --START--
INFO: ReadHtmlCache Behavior ::run [ RunTime:0.000830s ]
INFO: [ app_begin ] --END-- [ RunTime:0.000947s ]
SQL: SHOW COLUMNS FROM `app_code` [ RunTime:0.001721s ]
SQL: SELECT * FROM `app_code` WHERE ( username="dongya" and password="123123" and groupid="43C1549E222DE8BCFD975AEF5F44443A" ) LIMIT 1   [ RunTime:0.000764s ]
SQL: SHOW COLUMNS FROM `app_group` [ RunTime:0.001583s ]
SQL: SELECT * FROM `app_group` WHERE ( `guid` = '43C1549E222DE8BCFD975AEF5F44443A' ) LIMIT 1   [ RunTime:0.000787s ]
SQL: UPDATE `app_code` SET `uuid`='6C96832B-6553-460E-83BF-02E6A72082AB',`binding`=0 WHERE ( `guid` = 'FBD28554EC0105185717D33AF9592F58' ) [ RunTime:0.000330s ]

[ 2016-03-10T14:49:21+08:00 ] 183.62.183.114 /index.php/Index/iscode/groupid/43C1549E222DE8BCFD975AEF5F44443A/username/dongya/password/123123/uuid/6C96832B-6553-460E-83BF-02E6A72082AB/type/updata
INFO: [ route_check ] --START--
INFO: CheckRoute Behavior ::run [ RunTime:0.000966s ]
INFO: [ route_check ] --END-- [ RunTime:0.001091s ]
INFO: [ app_begin ] --START--
INFO: ReadHtmlCache Behavior ::run [ RunTime:0.000627s ]
INFO: [ app_begin ] --END-- [ RunTime:0.000710s ]
SQL: SHOW COLUMNS FROM `app_code` [ RunTime:0.001651s ]
SQL: SELECT * FROM `app_code` WHERE ( username="dongya" and password="123123" and groupid="43C1549E222DE8BCFD975AEF5F44443A" ) LIMIT 1   [ RunTime:0.000738s ]
SQL: SHOW COLUMNS FROM `app_group` [ RunTime:0.001301s ]
SQL: SELECT * FROM `app_group` WHERE ( `guid` = '43C1549E222DE8BCFD975AEF5F44443A' ) LIMIT 1   [ RunTime:0.000658s ]
SQL: UPDATE `app_code` SET `uuid`='6C96832B-6553-460E-83BF-02E6A72082AB',`binding`=0 WHERE ( `guid` = 'FBD28554EC0105185717D33AF9592F58' ) [ RunTime:0.000239s ]

[ 2016-03-10T14:49:41+08:00 ] 113.65.70.137 /index.php/Index/iscode/groupid/43C1549E222DE8BCFD975AEF5F44443A/username/dyapple/password/dyapple/uuid/FF59E84A-CAC4-417D-8569-DE6D1C62176F
INFO: [ route_check ] --START--
INFO: CheckRoute Behavior ::run [ RunTime:0.000944s ]
INFO: [ route_check ] --END-- [ RunTime:0.001050s ]
INFO: [ app_begin ] --START--
INFO: ReadHtmlCache Behavior ::run [ RunTime:0.000992s ]
INFO: [ app_begin ] --END-- [ RunTime:0.001108s ]
SQL: SHOW COLUMNS FROM `app_code` [ RunTime:0.001637s ]
SQL: SELECT * FROM `app_code` WHERE ( username="dyapple" and password="dyapple" and groupid="43C1549E222DE8BCFD975AEF5F44443A" ) LIMIT 1   [ RunTime:0.000704s ]
SQL: SHOW COLUMNS FROM `app_group` [ RunTime:0.001298s ]
SQL: SELECT * FROM `app_group` WHERE ( `guid` = '43C1549E222DE8BCFD975AEF5F44443A' ) LIMIT 1   [ RunTime:0.000615s ]
SQL: UPDATE `app_code` SET `uuid`='FF59E84A-CAC4-417D-8569-DE6D1C62176F',`binding`=0 WHERE ( `guid` = '458F36224D0DF3409E492D7F15A3D4CB' ) [ RunTime:0.000236s ]
NOTIC: [8] Undefined index:  type D:\PHPnow\htdocs\dongya\Lib\Action\IndexAction.class.php 第 74 行.

[ 2016-03-10T14:49:42+08:00 ] 113.65.70.137 /index.php/Index/iscode/groupid/43C1549E222DE8BCFD975AEF5F44443A/username/dyapple/password/dyapple/uuid/FF59E84A-CAC4-417D-8569-DE6D1C62176F/type/updata
INFO: [ route_check ] --START--
INFO: CheckRoute Behavior ::run [ RunTime:0.001124s ]
INFO: [ route_check ] --END-- [ RunTime:0.001233s ]
INFO: [ app_begin ] --START--
INFO: ReadHtmlCache Behavior ::run [ RunTime:0.000627s ]
INFO: [ app_begin ] --END-- [ RunTime:0.000712s ]
SQL: SHOW COLUMNS FROM `app_code` [ RunTime:0.001647s ]
SQL: SELECT * FROM `app_code` WHERE ( username="dyapple" and password="dyapple" and groupid="43C1549E222DE8BCFD975AEF5F44443A" ) LIMIT 1   [ RunTime:0.000795s ]
SQL: SHOW COLUMNS FROM `app_group` [ RunTime:0.001304s ]
SQL: SELECT * FROM `app_group` WHERE ( `guid` = '43C1549E222DE8BCFD975AEF5F44443A' ) LIMIT 1   [ RunTime:0.000627s ]
SQL: UPDATE `app_code` SET `uuid`='FF59E84A-CAC4-417D-8569-DE6D1C62176F',`binding`=0 WHERE ( `guid` = '458F36224D0DF3409E492D7F15A3D4CB' ) [ RunTime:0.000233s ]

[ 2016-03-10T15:11:46+08:00 ] 183.26.212.252 /index.php/Index/iscode/groupid/43C1549E222DE8BCFD975AEF5F44443A/username/2075724/password/12345678/uuid/1C496CAB-42C7-4EEA-BF46-120265B554B9/type/updata
INFO: [ route_check ] --START--
INFO: CheckRoute Behavior ::run [ RunTime:0.001700s ]
INFO: [ route_check ] --END-- [ RunTime:0.001807s ]
INFO: [ app_begin ] --START--
INFO: ReadHtmlCache Behavior ::run [ RunTime:0.001356s ]
INFO: [ app_begin ] --END-- [ RunTime:0.001443s ]
SQL: SHOW COLUMNS FROM `app_code` [ RunTime:0.001880s ]
SQL: SELECT * FROM `app_code` WHERE ( username="2075724" and password="12345678" and groupid="43C1549E222DE8BCFD975AEF5F44443A" ) LIMIT 1   [ RunTime:0.000729s ]
SQL: SHOW COLUMNS FROM `app_group` [ RunTime:0.001619s ]
SQL: SELECT * FROM `app_group` WHERE ( `guid` = '43C1549E222DE8BCFD975AEF5F44443A' ) LIMIT 1   [ RunTime:0.000642s ]
SQL: UPDATE `app_code` SET `uuid`='1C496CAB-42C7-4EEA-BF46-120265B554B9',`binding`=0 WHERE ( `guid` = 'E70B053B348D470891F433D064F5DEF3' ) [ RunTime:0.000246s ]

[ 2016-03-10T15:42:15+08:00 ] 183.26.212.252 /index.php/Index/iscode/groupid/43C1549E222DE8BCFD975AEF5F44443A/username/2075724/password/12345678/uuid/1C496CAB-42C7-4EEA-BF46-120265B554B9/type/updata
INFO: [ route_check ] --START--
INFO: CheckRoute Behavior ::run [ RunTime:0.001342s ]
INFO: [ route_check ] --END-- [ RunTime:0.001459s ]
INFO: [ app_begin ] --START--
INFO: ReadHtmlCache Behavior ::run [ RunTime:0.000986s ]
INFO: [ app_begin ] --END-- [ RunTime:0.001073s ]
SQL: SHOW COLUMNS FROM `app_code` [ RunTime:0.001859s ]
SQL: SELECT * FROM `app_code` WHERE ( username="2075724" and password="12345678" and groupid="43C1549E222DE8BCFD975AEF5F44443A" ) LIMIT 1   [ RunTime:0.000776s ]
SQL: SHOW COLUMNS FROM `app_group` [ RunTime:0.001789s ]
SQL: SELECT * FROM `app_group` WHERE ( `guid` = '43C1549E222DE8BCFD975AEF5F44443A' ) LIMIT 1   [ RunTime:0.000639s ]
SQL: UPDATE `app_code` SET `uuid`='1C496CAB-42C7-4EEA-BF46-120265B554B9',`binding`=0 WHERE ( `guid` = 'E70B053B348D470891F433D064F5DEF3' ) [ RunTime:0.000245s ]

[ 2016-03-10T15:44:05+08:00 ] 183.26.212.252 /index.php/Index/iscode/groupid/43C1549E222DE8BCFD975AEF5F44443A/username/2075724/password/12345678/uuid/1C496CAB-42C7-4EEA-BF46-120265B554B9/type/updata
INFO: [ route_check ] --START--
INFO: CheckRoute Behavior ::run [ RunTime:0.001730s ]
INFO: [ route_check ] --END-- [ RunTime:0.001855s ]
INFO: [ app_begin ] --START--
INFO: ReadHtmlCache Behavior ::run [ RunTime:0.001503s ]
INFO: [ app_begin ] --END-- [ RunTime:0.001599s ]
SQL: SHOW COLUMNS FROM `app_code` [ RunTime:0.001924s ]
SQL: SELECT * FROM `app_code` WHERE ( username="2075724" and password="12345678" and groupid="43C1549E222DE8BCFD975AEF5F44443A" ) LIMIT 1   [ RunTime:0.000782s ]
SQL: SHOW COLUMNS FROM `app_group` [ RunTime:0.001361s ]
SQL: SELECT * FROM `app_group` WHERE ( `guid` = '43C1549E222DE8BCFD975AEF5F44443A' ) LIMIT 1   [ RunTime:0.000663s ]
SQL: UPDATE `app_code` SET `uuid`='1C496CAB-42C7-4EEA-BF46-120265B554B9',`binding`=0 WHERE ( `guid` = 'E70B053B348D470891F433D064F5DEF3' ) [ RunTime:0.000247s ]

[ 2016-03-10T16:59:29+08:00 ] 113.83.154.11 /index.php/Index/iscode/groupid/43C1549E222DE8BCFD975AEF5F44443A/username/1075232/password/12345678/uuid/3C61DE75-04CE-49AD-B2ED-BF9C48CC6E6B
INFO: [ route_check ] --START--
INFO: CheckRoute Behavior ::run [ RunTime:0.001363s ]
INFO: [ route_check ] --END-- [ RunTime:0.001469s ]
INFO: [ app_begin ] --START--
INFO: ReadHtmlCache Behavior ::run [ RunTime:0.001075s ]
INFO: [ app_begin ] --END-- [ RunTime:0.001161s ]
SQL: SHOW COLUMNS FROM `app_code` [ RunTime:0.001853s ]
SQL: SELECT * FROM `app_code` WHERE ( username="1075232" and password="12345678" and groupid="43C1549E222DE8BCFD975AEF5F44443A" ) LIMIT 1   [ RunTime:0.000708s ]
SQL: SHOW COLUMNS FROM `app_group` [ RunTime:0.001480s ]
SQL: SELECT * FROM `app_group` LIMIT 1   [ RunTime:0.000630s ]

[ 2016-03-10T16:59:30+08:00 ] 113.83.154.11 /index.php/Index/iscode/groupid/43C1549E222DE8BCFD975AEF5F44443A/username/1075232/password/12345678/uuid/3C61DE75-04CE-49AD-B2ED-BF9C48CC6E6B/type/updata
INFO: [ route_check ] --START--
INFO: CheckRoute Behavior ::run [ RunTime:0.000935s ]
INFO: [ route_check ] --END-- [ RunTime:0.001045s ]
INFO: [ app_begin ] --START--
INFO: ReadHtmlCache Behavior ::run [ RunTime:0.000607s ]
INFO: [ app_begin ] --END-- [ RunTime:0.000690s ]
SQL: SHOW COLUMNS FROM `app_code` [ RunTime:0.002120s ]
SQL: SELECT * FROM `app_code` WHERE ( username="1075232" and password="12345678" and groupid="43C1549E222DE8BCFD975AEF5F44443A" ) LIMIT 1   [ RunTime:0.000941s ]
SQL: SHOW COLUMNS FROM `app_group` [ RunTime:0.002261s ]
SQL: SELECT * FROM `app_group` LIMIT 1   [ RunTime:0.000650s ]

[ 2016-03-10T17:01:58+08:00 ] 113.83.154.11 /index.php/Index/iscode/groupid/43C1549E222DE8BCFD975AEF5F44443A/username/1075232/password/12345678/uuid/3C61DE75-04CE-49AD-B2ED-BF9C48CC6E6B/type/updata
INFO: [ route_check ] --START--
INFO: CheckRoute Behavior ::run [ RunTime:0.001569s ]
INFO: [ route_check ] --END-- [ RunTime:0.001689s ]
INFO: [ app_begin ] --START--
INFO: ReadHtmlCache Behavior ::run [ RunTime:0.001023s ]
INFO: [ app_begin ] --END-- [ RunTime:0.001109s ]
SQL: SHOW COLUMNS FROM `app_code` [ RunTime:0.002180s ]
SQL: SELECT * FROM `app_code` WHERE ( username="1075232" and password="12345678" and groupid="43C1549E222DE8BCFD975AEF5F44443A" ) LIMIT 1   [ RunTime:0.000767s ]
SQL: SHOW COLUMNS FROM `app_group` [ RunTime:0.001662s ]
SQL: SELECT * FROM `app_group` LIMIT 1   [ RunTime:0.000604s ]

[ 2016-03-10T17:43:43+08:00 ] 183.26.212.252 /index.php/Index/iscode/groupid/43C1549E222DE8BCFD975AEF5F44443A/username/2075724/password/12345678/uuid/1C496CAB-42C7-4EEA-BF46-120265B554B9/type/updata
INFO: [ route_check ] --START--
INFO: CheckRoute Behavior ::run [ RunTime:0.001384s ]
INFO: [ route_check ] --END-- [ RunTime:0.001505s ]
INFO: [ app_begin ] --START--
INFO: ReadHtmlCache Behavior ::run [ RunTime:0.001030s ]
INFO: [ app_begin ] --END-- [ RunTime:0.001128s ]
SQL: SHOW COLUMNS FROM `app_code` [ RunTime:0.001919s ]
SQL: SELECT * FROM `app_code` WHERE ( username="2075724" and password="12345678" and groupid="43C1549E222DE8BCFD975AEF5F44443A" ) LIMIT 1   [ RunTime:0.000746s ]
SQL: SHOW COLUMNS FROM `app_group` [ RunTime:0.001637s ]
SQL: SELECT * FROM `app_group` WHERE ( `guid` = '43C1549E222DE8BCFD975AEF5F44443A' ) LIMIT 1   [ RunTime:0.000636s ]
SQL: UPDATE `app_code` SET `uuid`='1C496CAB-42C7-4EEA-BF46-120265B554B9',`binding`=0 WHERE ( `guid` = 'E70B053B348D470891F433D064F5DEF3' ) [ RunTime:0.000248s ]

[ 2016-03-10T17:48:00+08:00 ] 183.62.183.114 /index.php/Index/iscode/groupid/43C1549E222DE8BCFD975AEF5F44443A/username/dongya/password/123123/uuid/6C96832B-6553-460E-83BF-02E6A72082AB/type/updata
INFO: [ route_check ] --START--
INFO: CheckRoute Behavior ::run [ RunTime:0.001321s ]
INFO: [ route_check ] --END-- [ RunTime:0.001426s ]
INFO: [ app_begin ] --START--
INFO: ReadHtmlCache Behavior ::run [ RunTime:0.001082s ]
INFO: [ app_begin ] --END-- [ RunTime:0.001169s ]
SQL: SHOW COLUMNS FROM `app_code` [ RunTime:0.001874s ]
SQL: SELECT * FROM `app_code` WHERE ( username="dongya" and password="123123" and groupid="43C1549E222DE8BCFD975AEF5F44443A" ) LIMIT 1   [ RunTime:0.000878s ]
SQL: SHOW COLUMNS FROM `app_group` [ RunTime:0.001618s ]
SQL: SELECT * FROM `app_group` WHERE ( `guid` = '43C1549E222DE8BCFD975AEF5F44443A' ) LIMIT 1   [ RunTime:0.000654s ]
SQL: UPDATE `app_code` SET `uuid`='6C96832B-6553-460E-83BF-02E6A72082AB',`binding`=0 WHERE ( `guid` = 'FBD28554EC0105185717D33AF9592F58' ) [ RunTime:0.000244s ]

[ 2016-03-10T17:57:56+08:00 ] 183.62.183.114 /index.php/Index/iscode/groupid/43C1549E222DE8BCFD975AEF5F44443A/username/dongya/password/123123/uuid/6C96832B-6553-460E-83BF-02E6A72082AB/type/updata
INFO: [ route_check ] --START--
INFO: CheckRoute Behavior ::run [ RunTime:0.001662s ]
INFO: [ route_check ] --END-- [ RunTime:0.001823s ]
INFO: [ app_begin ] --START--
INFO: ReadHtmlCache Behavior ::run [ RunTime:0.001389s ]
INFO: [ app_begin ] --END-- [ RunTime:0.001474s ]
SQL: SHOW COLUMNS FROM `app_code` [ RunTime:0.001731s ]
SQL: SELECT * FROM `app_code` WHERE ( username="dongya" and password="123123" and groupid="43C1549E222DE8BCFD975AEF5F44443A" ) LIMIT 1   [ RunTime:0.000716s ]
SQL: SHOW COLUMNS FROM `app_group` [ RunTime:0.001466s ]
SQL: SELECT * FROM `app_group` WHERE ( `guid` = '43C1549E222DE8BCFD975AEF5F44443A' ) LIMIT 1   [ RunTime:0.000744s ]
SQL: UPDATE `app_code` SET `uuid`='6C96832B-6553-460E-83BF-02E6A72082AB',`binding`=0 WHERE ( `guid` = 'FBD28554EC0105185717D33AF9592F58' ) [ RunTime:0.000267s ]

[ 2016-03-10T18:17:55+08:00 ] 183.233.179.71 /index.php/Index/iscode/groupid/43C1549E222DE8BCFD975AEF5F44443A/username/dongya/password/123123/uuid/6C96832B-6553-460E-83BF-02E6A72082AB/type/updata
INFO: [ route_check ] --START--
INFO: CheckRoute Behavior ::run [ RunTime:0.001331s ]
INFO: [ route_check ] --END-- [ RunTime:0.001446s ]
INFO: [ app_begin ] --START--
INFO: ReadHtmlCache Behavior ::run [ RunTime:0.001002s ]
INFO: [ app_begin ] --END-- [ RunTime:0.001092s ]
SQL: SHOW COLUMNS FROM `app_code` [ RunTime:0.001922s ]
SQL: SELECT * FROM `app_code` WHERE ( username="dongya" and password="123123" and groupid="43C1549E222DE8BCFD975AEF5F44443A" ) LIMIT 1   [ RunTime:0.000740s ]
SQL: SHOW COLUMNS FROM `app_group` [ RunTime:0.001484s ]
SQL: SELECT * FROM `app_group` WHERE ( `guid` = '43C1549E222DE8BCFD975AEF5F44443A' ) LIMIT 1   [ RunTime:0.000712s ]
SQL: UPDATE `app_code` SET `uuid`='6C96832B-6553-460E-83BF-02E6A72082AB',`binding`=0 WHERE ( `guid` = 'FBD28554EC0105185717D33AF9592F58' ) [ RunTime:0.000244s ]

[ 2016-03-10T19:12:07+08:00 ] 121.11.197.157 /index.php/Index/iscode/groupid/43C1549E222DE8BCFD975AEF5F44443A/username/1075232/password/12345678/uuid/1947EEEE-9A4B-4815-BE5B-4F1BF5B8E7BF
INFO: [ route_check ] --START--
INFO: CheckRoute Behavior ::run [ RunTime:0.001854s ]
INFO: [ route_check ] --END-- [ RunTime:0.001975s ]
INFO: [ app_begin ] --START--
INFO: ReadHtmlCache Behavior ::run [ RunTime:0.001017s ]
INFO: [ app_begin ] --END-- [ RunTime:0.001104s ]
SQL: SHOW COLUMNS FROM `app_code` [ RunTime:0.001908s ]
SQL: SELECT * FROM `app_code` WHERE ( username="1075232" and password="12345678" and groupid="43C1549E222DE8BCFD975AEF5F44443A" ) LIMIT 1   [ RunTime:0.000734s ]
SQL: SHOW COLUMNS FROM `app_group` [ RunTime:0.001488s ]
SQL: SELECT * FROM `app_group` LIMIT 1   [ RunTime:0.000607s ]

[ 2016-03-10T19:12:08+08:00 ] 121.11.197.157 /index.php/Index/iscode/groupid/43C1549E222DE8BCFD975AEF5F44443A/username/1075232/password/12345678/uuid/1947EEEE-9A4B-4815-BE5B-4F1BF5B8E7BF/type/updata
INFO: [ route_check ] --START--
INFO: CheckRoute Behavior ::run [ RunTime:0.000989s ]
INFO: [ route_check ] --END-- [ RunTime:0.001101s ]
INFO: [ app_begin ] --START--
INFO: ReadHtmlCache Behavior ::run [ RunTime:0.000618s ]
INFO: [ app_begin ] --END-- [ RunTime:0.000703s ]
SQL: SHOW COLUMNS FROM `app_code` [ RunTime:0.001705s ]
SQL: SELECT * FROM `app_code` WHERE ( username="1075232" and password="12345678" and groupid="43C1549E222DE8BCFD975AEF5F44443A" ) LIMIT 1   [ RunTime:0.000694s ]
SQL: SHOW COLUMNS FROM `app_group` [ RunTime:0.001317s ]
SQL: SELECT * FROM `app_group` LIMIT 1   [ RunTime:0.000606s ]

[ 2016-03-10T19:12:47+08:00 ] 121.11.197.157 /index.php/Index/iscode/groupid/43C1549E222DE8BCFD975AEF5F44443A/username/1075232/password/12345678/uuid/1947EEEE-9A4B-4815-BE5B-4F1BF5B8E7BF/type/updata
INFO: [ route_check ] --START--
INFO: CheckRoute Behavior ::run [ RunTime:0.001079s ]
INFO: [ route_check ] --END-- [ RunTime:0.001211s ]
INFO: [ app_begin ] --START--
INFO: ReadHtmlCache Behavior ::run [ RunTime:0.000729s ]
INFO: [ app_begin ] --END-- [ RunTime:0.000818s ]
SQL: SHOW COLUMNS FROM `app_code` [ RunTime:0.001726s ]
SQL: SELECT * FROM `app_code` WHERE ( username="1075232" and password="12345678" and groupid="43C1549E222DE8BCFD975AEF5F44443A" ) LIMIT 1   [ RunTime:0.000705s ]
SQL: SHOW COLUMNS FROM `app_group` [ RunTime:0.001371s ]
SQL: SELECT * FROM `app_group` LIMIT 1   [ RunTime:0.000599s ]

[ 2016-03-10T19:13:13+08:00 ] 121.11.197.157 /index.php/Index/iscode/groupid/43C1549E222DE8BCFD975AEF5F44443A/username/1075232/password/12345678/uuid/1947EEEE-9A4B-4815-BE5B-4F1BF5B8E7BF/type/updata
INFO: [ route_check ] --START--
INFO: CheckRoute Behavior ::run [ RunTime:0.000962s ]
INFO: [ route_check ] --END-- [ RunTime:0.001082s ]
INFO: [ app_begin ] --START--
INFO: ReadHtmlCache Behavior ::run [ RunTime:0.000615s ]
INFO: [ app_begin ] --END-- [ RunTime:0.000698s ]
SQL: SHOW COLUMNS FROM `app_code` [ RunTime:0.001808s ]
SQL: SELECT * FROM `app_code` WHERE ( username="1075232" and password="12345678" and groupid="43C1549E222DE8BCFD975AEF5F44443A" ) LIMIT 1   [ RunTime:0.000723s ]
SQL: SHOW COLUMNS FROM `app_group` [ RunTime:0.001340s ]
SQL: SELECT * FROM `app_group` LIMIT 1   [ RunTime:0.000609s ]

[ 2016-03-10T22:24:15+08:00 ] 14.209.109.78 /index.php/Index/iscode/groupid/43C1549E222DE8BCFD975AEF5F44443A/username/dongya/password/123123/uuid/0A2D6BC7-BD01-4430-8CD3-9A5AAA024CAB
INFO: [ route_check ] --START--
INFO: CheckRoute Behavior ::run [ RunTime:0.001400s ]
INFO: [ route_check ] --END-- [ RunTime:0.001529s ]
INFO: [ app_begin ] --START--
INFO: ReadHtmlCache Behavior ::run [ RunTime:0.001105s ]
INFO: [ app_begin ] --END-- [ RunTime:0.001193s ]
SQL: SHOW COLUMNS FROM `app_code` [ RunTime:0.002238s ]
SQL: SELECT * FROM `app_code` WHERE ( username="dongya" and password="123123" and groupid="43C1549E222DE8BCFD975AEF5F44443A" ) LIMIT 1   [ RunTime:0.000907s ]
SQL: SHOW COLUMNS FROM `app_group` [ RunTime:0.001545s ]
SQL: SELECT * FROM `app_group` WHERE ( `guid` = '43C1549E222DE8BCFD975AEF5F44443A' ) LIMIT 1   [ RunTime:0.000642s ]
SQL: UPDATE `app_code` SET `uuid`='0A2D6BC7-BD01-4430-8CD3-9A5AAA024CAB',`binding`=0 WHERE ( `guid` = 'FBD28554EC0105185717D33AF9592F58' ) [ RunTime:0.000343s ]
NOTIC: [8] Undefined index:  type D:\PHPnow\htdocs\dongya\Lib\Action\IndexAction.class.php 第 74 行.

[ 2016-03-10T22:24:16+08:00 ] 14.209.109.78 /index.php/Index/iscode/groupid/43C1549E222DE8BCFD975AEF5F44443A/username/dongya/password/123123/uuid/0A2D6BC7-BD01-4430-8CD3-9A5AAA024CAB/type/updata
INFO: [ route_check ] --START--
INFO: CheckRoute Behavior ::run [ RunTime:0.001124s ]
INFO: [ route_check ] --END-- [ RunTime:0.001255s ]
INFO: [ app_begin ] --START--
INFO: ReadHtmlCache Behavior ::run [ RunTime:0.000640s ]
INFO: [ app_begin ] --END-- [ RunTime:0.000725s ]
SQL: SHOW COLUMNS FROM `app_code` [ RunTime:0.001731s ]
SQL: SELECT * FROM `app_code` WHERE ( username="dongya" and password="123123" and groupid="43C1549E222DE8BCFD975AEF5F44443A" ) LIMIT 1   [ RunTime:0.000727s ]
SQL: SHOW COLUMNS FROM `app_group` [ RunTime:0.001494s ]
SQL: SELECT * FROM `app_group` WHERE ( `guid` = '43C1549E222DE8BCFD975AEF5F44443A' ) LIMIT 1   [ RunTime:0.000638s ]
SQL: UPDATE `app_code` SET `uuid`='0A2D6BC7-BD01-4430-8CD3-9A5AAA024CAB',`binding`=0 WHERE ( `guid` = 'FBD28554EC0105185717D33AF9592F58' ) [ RunTime:0.000239s ]

[ 2016-03-10T22:25:11+08:00 ] 14.209.109.78 /index.php/Index/iscode/groupid/43C1549E222DE8BCFD975AEF5F44443A/username/dongya/password/123123/uuid/0A2D6BC7-BD01-4430-8CD3-9A5AAA024CAB/type/updata
INFO: [ route_check ] --START--
INFO: CheckRoute Behavior ::run [ RunTime:0.000933s ]
INFO: [ route_check ] --END-- [ RunTime:0.001038s ]
INFO: [ app_begin ] --START--
INFO: ReadHtmlCache Behavior ::run [ RunTime:0.000615s ]
INFO: [ app_begin ] --END-- [ RunTime:0.000700s ]
SQL: SHOW COLUMNS FROM `app_code` [ RunTime:0.001646s ]
SQL: SELECT * FROM `app_code` WHERE ( username="dongya" and password="123123" and groupid="43C1549E222DE8BCFD975AEF5F44443A" ) LIMIT 1   [ RunTime:0.000718s ]
SQL: SHOW COLUMNS FROM `app_group` [ RunTime:0.001697s ]
SQL: SELECT * FROM `app_group` WHERE ( `guid` = '43C1549E222DE8BCFD975AEF5F44443A' ) LIMIT 1   [ RunTime:0.000612s ]
SQL: UPDATE `app_code` SET `uuid`='0A2D6BC7-BD01-4430-8CD3-9A5AAA024CAB',`binding`=0 WHERE ( `guid` = 'FBD28554EC0105185717D33AF9592F58' ) [ RunTime:0.000237s ]

[ 2016-03-10T22:25:25+08:00 ] 14.209.109.78 /index.php/Index/iscode/groupid/43C1549E222DE8BCFD975AEF5F44443A/username/dongya/password/123123/uuid/0A2D6BC7-BD01-4430-8CD3-9A5AAA024CAB/type/updata
INFO: [ route_check ] --START--
INFO: CheckRoute Behavior ::run [ RunTime:0.000933s ]
INFO: [ route_check ] --END-- [ RunTime:0.001038s ]
INFO: [ app_begin ] --START--
INFO: ReadHtmlCache Behavior ::run [ RunTime:0.000605s ]
INFO: [ app_begin ] --END-- [ RunTime:0.000689s ]
SQL: SHOW COLUMNS FROM `app_code` [ RunTime:0.001694s ]
SQL: SELECT * FROM `app_code` WHERE ( username="dongya" and password="123123" and groupid="43C1549E222DE8BCFD975AEF5F44443A" ) LIMIT 1   [ RunTime:0.000699s ]
SQL: SHOW COLUMNS FROM `app_group` [ RunTime:0.001349s ]
SQL: SELECT * FROM `app_group` WHERE ( `guid` = '43C1549E222DE8BCFD975AEF5F44443A' ) LIMIT 1   [ RunTime:0.000682s ]
SQL: UPDATE `app_code` SET `uuid`='0A2D6BC7-BD01-4430-8CD3-9A5AAA024CAB',`binding`=0 WHERE ( `guid` = 'FBD28554EC0105185717D33AF9592F58' ) [ RunTime:0.000244s ]

[ 2016-03-10T22:31:24+08:00 ] 14.209.109.78 /index.php/Index/iscode/groupid/43C1549E222DE8BCFD975AEF5F44443A/username/dongya/password/123123/uuid/0A2D6BC7-BD01-4430-8CD3-9A5AAA024CAB/type/updata
INFO: [ route_check ] --START--
INFO: CheckRoute Behavior ::run [ RunTime:0.001461s ]
INFO: [ route_check ] --END-- [ RunTime:0.001589s ]
INFO: [ app_begin ] --START--
INFO: ReadHtmlCache Behavior ::run [ RunTime:0.001012s ]
INFO: [ app_begin ] --END-- [ RunTime:0.001111s ]
SQL: SHOW COLUMNS FROM `app_code` [ RunTime:0.001854s ]
SQL: SELECT * FROM `app_code` WHERE ( username="dongya" and password="123123" and groupid="43C1549E222DE8BCFD975AEF5F44443A" ) LIMIT 1   [ RunTime:0.000759s ]
SQL: SHOW COLUMNS FROM `app_group` [ RunTime:0.001537s ]
SQL: SELECT * FROM `app_group` WHERE ( `guid` = '43C1549E222DE8BCFD975AEF5F44443A' ) LIMIT 1   [ RunTime:0.000650s ]
SQL: UPDATE `app_code` SET `uuid`='0A2D6BC7-BD01-4430-8CD3-9A5AAA024CAB',`binding`=0 WHERE ( `guid` = 'FBD28554EC0105185717D33AF9592F58' ) [ RunTime:0.000248s ]

[ 2016-03-10T22:36:33+08:00 ] 14.209.109.78 /index.php/Index/iscode/groupid/43C1549E222DE8BCFD975AEF5F44443A/username/dongya/password/123123/uuid/0A2D6BC7-BD01-4430-8CD3-9A5AAA024CAB/type/updata
INFO: [ route_check ] --START--
INFO: CheckRoute Behavior ::run [ RunTime:0.001340s ]
INFO: [ route_check ] --END-- [ RunTime:0.001446s ]
INFO: [ app_begin ] --START--
INFO: ReadHtmlCache Behavior ::run [ RunTime:0.000997s ]
INFO: [ app_begin ] --END-- [ RunTime:0.001083s ]
SQL: SHOW COLUMNS FROM `app_code` [ RunTime:0.001660s ]
SQL: SELECT * FROM `app_code` WHERE ( username="dongya" and password="123123" and groupid="43C1549E222DE8BCFD975AEF5F44443A" ) LIMIT 1   [ RunTime:0.000713s ]
SQL: SHOW COLUMNS FROM `app_group` [ RunTime:0.001272s ]
SQL: SELECT * FROM `app_group` WHERE ( `guid` = '43C1549E222DE8BCFD975AEF5F44443A' ) LIMIT 1   [ RunTime:0.000610s ]
SQL: UPDATE `app_code` SET `uuid`='0A2D6BC7-BD01-4430-8CD3-9A5AAA024CAB',`binding`=0 WHERE ( `guid` = 'FBD28554EC0105185717D33AF9592F58' ) [ RunTime:0.000236s ]

[ 2016-03-10T22:36:33+08:00 ] 14.209.109.78 /index.php/Index/iscode/groupid/43C1549E222DE8BCFD975AEF5F44443A/username/dongya/password/123123/uuid/0A2D6BC7-BD01-4430-8CD3-9A5AAA024CAB/type/updata
INFO: [ route_check ] --START--
INFO: CheckRoute Behavior ::run [ RunTime:0.000988s ]
INFO: [ route_check ] --END-- [ RunTime:0.001120s ]
INFO: [ app_begin ] --START--
INFO: ReadHtmlCache Behavior ::run [ RunTime:0.000615s ]
INFO: [ app_begin ] --END-- [ RunTime:0.000704s ]
SQL: SHOW COLUMNS FROM `app_code` [ RunTime:0.001763s ]
SQL: SELECT * FROM `app_code` WHERE ( username="dongya" and password="123123" and groupid="43C1549E222DE8BCFD975AEF5F44443A" ) LIMIT 1   [ RunTime:0.000703s ]
SQL: SHOW COLUMNS FROM `app_group` [ RunTime:0.001283s ]
SQL: SELECT * FROM `app_group` WHERE ( `guid` = '43C1549E222DE8BCFD975AEF5F44443A' ) LIMIT 1   [ RunTime:0.000638s ]
SQL: UPDATE `app_code` SET `uuid`='0A2D6BC7-BD01-4430-8CD3-9A5AAA024CAB',`binding`=0 WHERE ( `guid` = 'FBD28554EC0105185717D33AF9592F58' ) [ RunTime:0.000236s ]

[ 2016-03-10T22:36:35+08:00 ] 14.209.109.78 /index.php/Index/iscode/groupid/43C1549E222DE8BCFD975AEF5F44443A/username/dongya/password/123123/uuid/0A2D6BC7-BD01-4430-8CD3-9A5AAA024CAB/type/updata
INFO: [ route_check ] --START--
INFO: CheckRoute Behavior ::run [ RunTime:0.001378s ]
INFO: [ route_check ] --END-- [ RunTime:0.001537s ]
INFO: [ app_begin ] --START--
INFO: ReadHtmlCache Behavior ::run [ RunTime:0.000852s ]
INFO: [ app_begin ] --END-- [ RunTime:0.001005s ]
SQL: SHOW COLUMNS FROM `app_code` [ RunTime:0.001654s ]
SQL: SELECT * FROM `app_code` WHERE ( username="dongya" and password="123123" and groupid="43C1549E222DE8BCFD975AEF5F44443A" ) LIMIT 1   [ RunTime:0.000730s ]
SQL: SHOW COLUMNS FROM `app_group` [ RunTime:0.001290s ]
SQL: SELECT * FROM `app_group` WHERE ( `guid` = '43C1549E222DE8BCFD975AEF5F44443A' ) LIMIT 1   [ RunTime:0.000632s ]
SQL: UPDATE `app_code` SET `uuid`='0A2D6BC7-BD01-4430-8CD3-9A5AAA024CAB',`binding`=0 WHERE ( `guid` = 'FBD28554EC0105185717D33AF9592F58' ) [ RunTime:0.000239s ]

[ 2016-03-10T22:42:34+08:00 ] 14.209.109.78 /index.php/Index/iscode/groupid/43C1549E222DE8BCFD975AEF5F44443A/username/dongya/password/123123/uuid/0A2D6BC7-BD01-4430-8CD3-9A5AAA024CAB/type/updata
INFO: [ route_check ] --START--
INFO: CheckRoute Behavior ::run [ RunTime:0.001351s ]
INFO: [ route_check ] --END-- [ RunTime:0.001465s ]
INFO: [ app_begin ] --START--
INFO: ReadHtmlCache Behavior ::run [ RunTime:0.001330s ]
INFO: [ app_begin ] --END-- [ RunTime:0.001418s ]
SQL: SHOW COLUMNS FROM `app_code` [ RunTime:0.001632s ]
SQL: SELECT * FROM `app_code` WHERE ( username="dongya" and password="123123" and groupid="43C1549E222DE8BCFD975AEF5F44443A" ) LIMIT 1   [ RunTime:0.000703s ]
SQL: SHOW COLUMNS FROM `app_group` [ RunTime:0.001286s ]
SQL: SELECT * FROM `app_group` WHERE ( `guid` = '43C1549E222DE8BCFD975AEF5F44443A' ) LIMIT 1   [ RunTime:0.000644s ]
SQL: UPDATE `app_code` SET `uuid`='0A2D6BC7-BD01-4430-8CD3-9A5AAA024CAB',`binding`=0 WHERE ( `guid` = 'FBD28554EC0105185717D33AF9592F58' ) [ RunTime:0.000242s ]

[ 2016-03-10T22:59:19+08:00 ] 14.209.109.78 /index.php/Index/iscode/groupid/43C1549E222DE8BCFD975AEF5F44443A/username/dongya/password/123123/uuid/0A2D6BC7-BD01-4430-8CD3-9A5AAA024CAB/type/updata
INFO: [ route_check ] --START--
INFO: CheckRoute Behavior ::run [ RunTime:0.001586s ]
INFO: [ route_check ] --END-- [ RunTime:0.001715s ]
INFO: [ app_begin ] --START--
INFO: ReadHtmlCache Behavior ::run [ RunTime:0.001300s ]
INFO: [ app_begin ] --END-- [ RunTime:0.001419s ]
SQL: SHOW COLUMNS FROM `app_code` [ RunTime:0.001682s ]
SQL: SELECT * FROM `app_code` WHERE ( username="dongya" and password="123123" and groupid="43C1549E222DE8BCFD975AEF5F44443A" ) LIMIT 1   [ RunTime:0.000701s ]
SQL: SHOW COLUMNS FROM `app_group` [ RunTime:0.001293s ]
SQL: SELECT * FROM `app_group` WHERE ( `guid` = '43C1549E222DE8BCFD975AEF5F44443A' ) LIMIT 1   [ RunTime:0.000621s ]
SQL: UPDATE `app_code` SET `uuid`='0A2D6BC7-BD01-4430-8CD3-9A5AAA024CAB',`binding`=0 WHERE ( `guid` = 'FBD28554EC0105185717D33AF9592F58' ) [ RunTime:0.000238s ]

[ 2016-03-10T22:59:20+08:00 ] 14.209.109.78 /index.php/Index/iscode/groupid/43C1549E222DE8BCFD975AEF5F44443A/username/dongya/password/123123/uuid/0A2D6BC7-BD01-4430-8CD3-9A5AAA024CAB/type/updata
INFO: [ route_check ] --START--
INFO: CheckRoute Behavior ::run [ RunTime:0.000937s ]
INFO: [ route_check ] --END-- [ RunTime:0.001048s ]
INFO: [ app_begin ] --START--
INFO: ReadHtmlCache Behavior ::run [ RunTime:0.000641s ]
INFO: [ app_begin ] --END-- [ RunTime:0.000726s ]
SQL: SHOW COLUMNS FROM `app_code` [ RunTime:0.001766s ]
SQL: SELECT * FROM `app_code` WHERE ( username="dongya" and password="123123" and groupid="43C1549E222DE8BCFD975AEF5F44443A" ) LIMIT 1   [ RunTime:0.000759s ]
SQL: SHOW COLUMNS FROM `app_group` [ RunTime:0.001317s ]
SQL: SELECT * FROM `app_group` WHERE ( `guid` = '43C1549E222DE8BCFD975AEF5F44443A' ) LIMIT 1   [ RunTime:0.000640s ]
SQL: UPDATE `app_code` SET `uuid`='0A2D6BC7-BD01-4430-8CD3-9A5AAA024CAB',`binding`=0 WHERE ( `guid` = 'FBD28554EC0105185717D33AF9592F58' ) [ RunTime:0.000234s ]

[ 2016-03-10T22:59:23+08:00 ] 14.209.109.78 /index.php/Index/iscode/groupid/43C1549E222DE8BCFD975AEF5F44443A/username/dongya/password/123123/uuid/0A2D6BC7-BD01-4430-8CD3-9A5AAA024CAB/type/updata
INFO: [ route_check ] --START--
INFO: CheckRoute Behavior ::run [ RunTime:0.001039s ]
INFO: [ route_check ] --END-- [ RunTime:0.001159s ]
INFO: [ app_begin ] --START--
INFO: ReadHtmlCache Behavior ::run [ RunTime:0.000614s ]
INFO: [ app_begin ] --END-- [ RunTime:0.000700s ]
SQL: SHOW COLUMNS FROM `app_code` [ RunTime:0.001644s ]
SQL: SELECT * FROM `app_code` WHERE ( username="dongya" and password="123123" and groupid="43C1549E222DE8BCFD975AEF5F44443A" ) LIMIT 1   [ RunTime:0.000704s ]
SQL: SHOW COLUMNS FROM `app_group` [ RunTime:0.001312s ]
SQL: SELECT * FROM `app_group` WHERE ( `guid` = '43C1549E222DE8BCFD975AEF5F44443A' ) LIMIT 1   [ RunTime:0.000640s ]
SQL: UPDATE `app_code` SET `uuid`='0A2D6BC7-BD01-4430-8CD3-9A5AAA024CAB',`binding`=0 WHERE ( `guid` = 'FBD28554EC0105185717D33AF9592F58' ) [ RunTime:0.000238s ]

