[ 2016-05-09T08:23:07+08:00 ] 113.70.56.69 /index.php
INFO: [ app_begin ] --START--
INFO: ReadHtmlCache Behavior ::run [ RunTime:0.003368s ]
INFO: [ app_begin ] --END-- [ RunTime:0.003500s ]
INFO: [ view_parse ] --START--
INFO: ParseTemplate Behavior ::run [ RunTime:0.053832s ]
INFO: [ view_parse ] --END-- [ RunTime:0.053975s ]
INFO: [ view_filter ] --START--
INFO: ContentReplace Behavior ::run [ RunTime:0.001668s ]
INFO: TokenBuild Behavior ::run [ RunTime:0.001692s ]
INFO: WriteHtmlCache Behavior ::run [ RunTime:0.001565s ]
INFO: ShowRuntime Behavior ::run [ RunTime:0.001892s ]
INFO: [ view_filter ] --END-- [ RunTime:0.007088s ]
INFO: [ view_end ] --START--
INFO: ShowPageTrace Behavior ::run [ RunTime:0.002075s ]
INFO: [ view_end ] --END-- [ RunTime:0.002167s ]

[ 2016-05-09T08:23:07+08:00 ] 113.70.56.69 /index.php
INFO: [ app_begin ] --START--
INFO: ReadHtmlCache Behavior ::run [ RunTime:0.000771s ]
INFO: [ app_begin ] --END-- [ RunTime:0.000908s ]
INFO: [ view_parse ] --START--
INFO: ParseTemplate Behavior ::run [ RunTime:0.009429s ]
INFO: [ view_parse ] --END-- [ RunTime:0.009566s ]
INFO: [ view_filter ] --START--
INFO: ContentReplace Behavior ::run [ RunTime:0.000449s ]
INFO: TokenBuild Behavior ::run [ RunTime:0.000439s ]
INFO: WriteHtmlCache Behavior ::run [ RunTime:0.000331s ]
INFO: ShowRuntime Behavior ::run [ RunTime:0.000603s ]
INFO: [ view_filter ] --END-- [ RunTime:0.002058s ]
INFO: [ view_end ] --START--
INFO: ShowPageTrace Behavior ::run [ RunTime:0.000806s ]
INFO: [ view_end ] --END-- [ RunTime:0.000909s ]

[ 2016-05-09T09:25:07+08:00 ] 14.147.85.236 /index.php/Index/iscode/groupid/43C1549E222DE8BCFD975AEF5F44443A/username/1749367742/password/rxhRxg200423/uuid/CB1E6652-9310-4D0D-AEF2-A805012C9A09
INFO: [ route_check ] --START--
INFO: CheckRoute Behavior ::run [ RunTime:0.001388s ]
INFO: [ route_check ] --END-- [ RunTime:0.001494s ]
INFO: [ app_begin ] --START--
INFO: ReadHtmlCache Behavior ::run [ RunTime:0.001350s ]
INFO: [ app_begin ] --END-- [ RunTime:0.001438s ]
SQL: SHOW COLUMNS FROM `app_code` [ RunTime:0.055718s ]
SQL: SELECT * FROM `app_code` WHERE ( username="1749367742" and password="rxhRxg200423" and groupid="43C1549E222DE8BCFD975AEF5F44443A" ) LIMIT 1   [ RunTime:0.013052s ]
SQL: SHOW COLUMNS FROM `app_group` [ RunTime:0.001956s ]
SQL: SELECT * FROM `app_group` LIMIT 1   [ RunTime:0.000646s ]

[ 2016-05-09T09:25:08+08:00 ] 14.147.85.236 /index.php/Uploadprohot
INFO: [ route_check ] --START--
INFO: CheckRoute Behavior ::run [ RunTime:0.000971s ]
INFO: [ route_check ] --END-- [ RunTime:0.001090s ]
INFO: [ app_begin ] --START--
INFO: ReadHtmlCache Behavior ::run [ RunTime:0.000696s ]
INFO: [ app_begin ] --END-- [ RunTime:0.000776s ]
SQL: SHOW COLUMNS FROM `app_pro` [ RunTime:0.046672s ]
SQL: SELECT * FROM `app_pro` WHERE ( guid="BD6A319AF56EFC138FDEF4C0AC6357D9" ) LIMIT 1   [ RunTime:0.039876s ]
SQL: UPDATE `app_pro` SET `hot`=92 WHERE ( `guid` = 'BD6A319AF56EFC138FDEF4C0AC6357D9' ) [ RunTime:0.009600s ]

[ 2016-05-09T09:25:08+08:00 ] 14.147.85.236 /index.php/Index/iscode/groupid/43C1549E222DE8BCFD975AEF5F44443A/username/1749367742/password/rxhRxg200423/uuid/CB1E6652-9310-4D0D-AEF2-A805012C9A09/type/updata
INFO: [ route_check ] --START--
INFO: CheckRoute Behavior ::run [ RunTime:0.001378s ]
INFO: [ route_check ] --END-- [ RunTime:0.001495s ]
INFO: [ app_begin ] --START--
INFO: ReadHtmlCache Behavior ::run [ RunTime:0.000999s ]
INFO: [ app_begin ] --END-- [ RunTime:0.001084s ]
SQL: SHOW COLUMNS FROM `app_code` [ RunTime:0.001866s ]
SQL: SELECT * FROM `app_code` WHERE ( username="1749367742" and password="rxhRxg200423" and groupid="43C1549E222DE8BCFD975AEF5F44443A" ) LIMIT 1   [ RunTime:0.000809s ]
SQL: SHOW COLUMNS FROM `app_group` [ RunTime:0.001372s ]
SQL: SELECT * FROM `app_group` LIMIT 1   [ RunTime:0.000620s ]

[ 2016-05-09T09:25:20+08:00 ] 14.147.85.236 /index.php/Index/iscode/groupid/43C1549E222DE8BCFD975AEF5F44443A/username/1749367742/password/rxhRxg200423/uuid/CB1E6652-9310-4D0D-AEF2-A805012C9A09/type/updata
INFO: [ route_check ] --START--
INFO: CheckRoute Behavior ::run [ RunTime:0.001091s ]
INFO: [ route_check ] --END-- [ RunTime:0.001216s ]
INFO: [ app_begin ] --START--
INFO: ReadHtmlCache Behavior ::run [ RunTime:0.000781s ]
INFO: [ app_begin ] --END-- [ RunTime:0.000871s ]
SQL: SHOW COLUMNS FROM `app_code` [ RunTime:0.001786s ]
SQL: SELECT * FROM `app_code` WHERE ( username="1749367742" and password="rxhRxg200423" and groupid="43C1549E222DE8BCFD975AEF5F44443A" ) LIMIT 1   [ RunTime:0.000808s ]
SQL: SHOW COLUMNS FROM `app_group` [ RunTime:0.001679s ]
SQL: SELECT * FROM `app_group` LIMIT 1   [ RunTime:0.000693s ]

[ 2016-05-09T10:05:51+08:00 ] 183.11.152.71 /index.php/Index/iscode/groupid/43C1549E222DE8BCFD975AEF5F44443A/username/dongya008/password/12345678/uuid/B7349022-5675-455A-B66C-4C7F36F8BAAB
INFO: [ route_check ] --START--
INFO: CheckRoute Behavior ::run [ RunTime:0.001384s ]
INFO: [ route_check ] --END-- [ RunTime:0.001501s ]
INFO: [ app_begin ] --START--
INFO: ReadHtmlCache Behavior ::run [ RunTime:0.001354s ]
INFO: [ app_begin ] --END-- [ RunTime:0.001440s ]
SQL: SHOW COLUMNS FROM `app_code` [ RunTime:0.001868s ]
SQL: SELECT * FROM `app_code` WHERE ( username="dongya008" and password="12345678" and groupid="43C1549E222DE8BCFD975AEF5F44443A" ) LIMIT 1   [ RunTime:0.000991s ]
SQL: SHOW COLUMNS FROM `app_group` [ RunTime:0.001789s ]
SQL: SELECT * FROM `app_group` WHERE ( `guid` = '43C1549E222DE8BCFD975AEF5F44443A' ) LIMIT 1   [ RunTime:0.000660s ]
SQL: UPDATE `app_code` SET `uuid`='B7349022-5675-455A-B66C-4C7F36F8BAAB',`binding`=0 WHERE ( `guid` = 'C215052EF9AE478B8CD892CF337B4B31' ) [ RunTime:0.000248s ]
NOTIC: [8] Undefined index:  type D:\PHPnow\htdocs\dongya\Lib\Action\IndexAction.class.php 第 74 行.

[ 2016-05-09T10:05:52+08:00 ] 183.11.152.71 /index.php/Uploadprohot
INFO: [ route_check ] --START--
INFO: CheckRoute Behavior ::run [ RunTime:0.001177s ]
INFO: [ route_check ] --END-- [ RunTime:0.001313s ]
INFO: [ app_begin ] --START--
INFO: ReadHtmlCache Behavior ::run [ RunTime:0.001400s ]
INFO: [ app_begin ] --END-- [ RunTime:0.001484s ]
SQL: SHOW COLUMNS FROM `app_pro` [ RunTime:0.002265s ]
SQL: SELECT * FROM `app_pro` WHERE ( guid="D521CD969FD7DCCBCD2B5FA8BB75DBE7" ) LIMIT 1   [ RunTime:0.009111s ]
SQL: UPDATE `app_pro` SET `hot`=41 WHERE ( `guid` = 'D521CD969FD7DCCBCD2B5FA8BB75DBE7' ) [ RunTime:0.000290s ]

[ 2016-05-09T10:05:52+08:00 ] 183.11.152.71 /index.php/Index/iscode/groupid/43C1549E222DE8BCFD975AEF5F44443A/username/dongya008/password/12345678/uuid/B7349022-5675-455A-B66C-4C7F36F8BAAB/type/updata
INFO: [ route_check ] --START--
INFO: CheckRoute Behavior ::run [ RunTime:0.000952s ]
INFO: [ route_check ] --END-- [ RunTime:0.001058s ]
INFO: [ app_begin ] --START--
INFO: ReadHtmlCache Behavior ::run [ RunTime:0.001404s ]
INFO: [ app_begin ] --END-- [ RunTime:0.001500s ]
SQL: SHOW COLUMNS FROM `app_code` [ RunTime:0.001700s ]
SQL: SELECT * FROM `app_code` WHERE ( username="dongya008" and password="12345678" and groupid="43C1549E222DE8BCFD975AEF5F44443A" ) LIMIT 1   [ RunTime:0.000727s ]
SQL: SHOW COLUMNS FROM `app_group` [ RunTime:0.001939s ]
SQL: SELECT * FROM `app_group` WHERE ( `guid` = '43C1549E222DE8BCFD975AEF5F44443A' ) LIMIT 1   [ RunTime:0.000970s ]
SQL: UPDATE `app_code` SET `uuid`='B7349022-5675-455A-B66C-4C7F36F8BAAB',`binding`=0 WHERE ( `guid` = 'C215052EF9AE478B8CD892CF337B4B31' ) [ RunTime:0.000285s ]

[ 2016-05-09T10:06:24+08:00 ] 183.11.152.71 /index.php/Index/iscode/groupid/43C1549E222DE8BCFD975AEF5F44443A/username/dongya008/password/12345678/uuid/B7349022-5675-455A-B66C-4C7F36F8BAAB/type/updata
INFO: [ route_check ] --START--
INFO: CheckRoute Behavior ::run [ RunTime:0.000962s ]
INFO: [ route_check ] --END-- [ RunTime:0.001069s ]
INFO: [ app_begin ] --START--
INFO: ReadHtmlCache Behavior ::run [ RunTime:0.001460s ]
INFO: [ app_begin ] --END-- [ RunTime:0.001545s ]
SQL: SHOW COLUMNS FROM `app_code` [ RunTime:0.002135s ]
SQL: SELECT * FROM `app_code` WHERE ( username="dongya008" and password="12345678" and groupid="43C1549E222DE8BCFD975AEF5F44443A" ) LIMIT 1   [ RunTime:0.000933s ]
SQL: SHOW COLUMNS FROM `app_group` [ RunTime:0.001543s ]
SQL: SELECT * FROM `app_group` WHERE ( `guid` = '43C1549E222DE8BCFD975AEF5F44443A' ) LIMIT 1   [ RunTime:0.000689s ]
SQL: UPDATE `app_code` SET `uuid`='B7349022-5675-455A-B66C-4C7F36F8BAAB',`binding`=0 WHERE ( `guid` = 'C215052EF9AE478B8CD892CF337B4B31' ) [ RunTime:0.000252s ]

[ 2016-05-09T10:06:58+08:00 ] 183.11.152.71 /index.php/Index/iscode/groupid/43C1549E222DE8BCFD975AEF5F44443A/username/dongya008/password/12345678/uuid/B7349022-5675-455A-B66C-4C7F36F8BAAB/type/updata
INFO: [ route_check ] --START--
INFO: CheckRoute Behavior ::run [ RunTime:0.000944s ]
INFO: [ route_check ] --END-- [ RunTime:0.001049s ]
INFO: [ app_begin ] --START--
INFO: ReadHtmlCache Behavior ::run [ RunTime:0.001194s ]
INFO: [ app_begin ] --END-- [ RunTime:0.001278s ]
SQL: SHOW COLUMNS FROM `app_code` [ RunTime:0.001626s ]
SQL: SELECT * FROM `app_code` WHERE ( username="dongya008" and password="12345678" and groupid="43C1549E222DE8BCFD975AEF5F44443A" ) LIMIT 1   [ RunTime:0.000715s ]
SQL: SHOW COLUMNS FROM `app_group` [ RunTime:0.001294s ]
SQL: SELECT * FROM `app_group` WHERE ( `guid` = '43C1549E222DE8BCFD975AEF5F44443A' ) LIMIT 1   [ RunTime:0.000622s ]
SQL: UPDATE `app_code` SET `uuid`='B7349022-5675-455A-B66C-4C7F36F8BAAB',`binding`=0 WHERE ( `guid` = 'C215052EF9AE478B8CD892CF337B4B31' ) [ RunTime:0.000239s ]

[ 2016-05-09T10:07:04+08:00 ] 183.11.152.71 /index.php/Index/iscode/groupid/43C1549E222DE8BCFD975AEF5F44443A/username/dongya008/password/12345678/uuid/B7349022-5675-455A-B66C-4C7F36F8BAAB/type/updata
INFO: [ route_check ] --START--
INFO: CheckRoute Behavior ::run [ RunTime:0.000971s ]
INFO: [ route_check ] --END-- [ RunTime:0.001193s ]
INFO: [ app_begin ] --START--
INFO: ReadHtmlCache Behavior ::run [ RunTime:0.001191s ]
INFO: [ app_begin ] --END-- [ RunTime:0.001274s ]
SQL: SHOW COLUMNS FROM `app_code` [ RunTime:0.001689s ]
SQL: SELECT * FROM `app_code` WHERE ( username="dongya008" and password="12345678" and groupid="43C1549E222DE8BCFD975AEF5F44443A" ) LIMIT 1   [ RunTime:0.000716s ]
SQL: SHOW COLUMNS FROM `app_group` [ RunTime:0.001527s ]
SQL: SELECT * FROM `app_group` WHERE ( `guid` = '43C1549E222DE8BCFD975AEF5F44443A' ) LIMIT 1   [ RunTime:0.000631s ]
SQL: UPDATE `app_code` SET `uuid`='B7349022-5675-455A-B66C-4C7F36F8BAAB',`binding`=0 WHERE ( `guid` = 'C215052EF9AE478B8CD892CF337B4B31' ) [ RunTime:0.000239s ]

[ 2016-05-09T10:07:16+08:00 ] 183.11.152.71 /index.php/Index/iscode/groupid/43C1549E222DE8BCFD975AEF5F44443A/username/dongya008/password/12345678/uuid/B7349022-5675-455A-B66C-4C7F36F8BAAB/type/updata
INFO: [ route_check ] --START--
INFO: CheckRoute Behavior ::run [ RunTime:0.000981s ]
INFO: [ route_check ] --END-- [ RunTime:0.001100s ]
INFO: [ app_begin ] --START--
INFO: ReadHtmlCache Behavior ::run [ RunTime:0.001291s ]
INFO: [ app_begin ] --END-- [ RunTime:0.001379s ]
SQL: SHOW COLUMNS FROM `app_code` [ RunTime:0.002329s ]
SQL: SELECT * FROM `app_code` WHERE ( username="dongya008" and password="12345678" and groupid="43C1549E222DE8BCFD975AEF5F44443A" ) LIMIT 1   [ RunTime:0.000852s ]
SQL: SHOW COLUMNS FROM `app_group` [ RunTime:0.001342s ]
SQL: SELECT * FROM `app_group` WHERE ( `guid` = '43C1549E222DE8BCFD975AEF5F44443A' ) LIMIT 1   [ RunTime:0.000638s ]
SQL: UPDATE `app_code` SET `uuid`='B7349022-5675-455A-B66C-4C7F36F8BAAB',`binding`=0 WHERE ( `guid` = 'C215052EF9AE478B8CD892CF337B4B31' ) [ RunTime:0.000251s ]

[ 2016-05-09T10:07:20+08:00 ] 183.11.152.71 /index.php/Index/iscode/groupid/43C1549E222DE8BCFD975AEF5F44443A/username/dongya008/password/12345678/uuid/B7349022-5675-455A-B66C-4C7F36F8BAAB/type/updata
INFO: [ route_check ] --START--
INFO: CheckRoute Behavior ::run [ RunTime:0.001214s ]
INFO: [ route_check ] --END-- [ RunTime:0.001322s ]
INFO: [ app_begin ] --START--
INFO: ReadHtmlCache Behavior ::run [ RunTime:0.001188s ]
INFO: [ app_begin ] --END-- [ RunTime:0.001276s ]
SQL: SHOW COLUMNS FROM `app_code` [ RunTime:0.001765s ]
SQL: SELECT * FROM `app_code` WHERE ( username="dongya008" and password="12345678" and groupid="43C1549E222DE8BCFD975AEF5F44443A" ) LIMIT 1   [ RunTime:0.000747s ]
SQL: SHOW COLUMNS FROM `app_group` [ RunTime:0.001518s ]
SQL: SELECT * FROM `app_group` WHERE ( `guid` = '43C1549E222DE8BCFD975AEF5F44443A' ) LIMIT 1   [ RunTime:0.000652s ]
SQL: UPDATE `app_code` SET `uuid`='B7349022-5675-455A-B66C-4C7F36F8BAAB',`binding`=0 WHERE ( `guid` = 'C215052EF9AE478B8CD892CF337B4B31' ) [ RunTime:0.000246s ]

[ 2016-05-09T10:07:29+08:00 ] 183.11.152.71 /index.php/Index/iscode/groupid/43C1549E222DE8BCFD975AEF5F44443A/username/dongya008/password/12345678/uuid/B7349022-5675-455A-B66C-4C7F36F8BAAB/type/updata
INFO: [ route_check ] --START--
INFO: CheckRoute Behavior ::run [ RunTime:0.000999s ]
INFO: [ route_check ] --END-- [ RunTime:0.001111s ]
INFO: [ app_begin ] --START--
INFO: ReadHtmlCache Behavior ::run [ RunTime:0.001182s ]
INFO: [ app_begin ] --END-- [ RunTime:0.001265s ]
SQL: SHOW COLUMNS FROM `app_code` [ RunTime:0.001640s ]
SQL: SELECT * FROM `app_code` WHERE ( username="dongya008" and password="12345678" and groupid="43C1549E222DE8BCFD975AEF5F44443A" ) LIMIT 1   [ RunTime:0.000718s ]
SQL: SHOW COLUMNS FROM `app_group` [ RunTime:0.001297s ]
SQL: SELECT * FROM `app_group` WHERE ( `guid` = '43C1549E222DE8BCFD975AEF5F44443A' ) LIMIT 1   [ RunTime:0.000619s ]
SQL: UPDATE `app_code` SET `uuid`='B7349022-5675-455A-B66C-4C7F36F8BAAB',`binding`=0 WHERE ( `guid` = 'C215052EF9AE478B8CD892CF337B4B31' ) [ RunTime:0.000243s ]

[ 2016-05-09T10:07:32+08:00 ] 183.11.152.71 /index.php/Index/iscode/groupid/43C1549E222DE8BCFD975AEF5F44443A/username/dongya008/password/12345678/uuid/B7349022-5675-455A-B66C-4C7F36F8BAAB/type/updata
INFO: [ route_check ] --START--
INFO: CheckRoute Behavior ::run [ RunTime:0.000935s ]
INFO: [ route_check ] --END-- [ RunTime:0.001038s ]
INFO: [ app_begin ] --START--
INFO: ReadHtmlCache Behavior ::run [ RunTime:0.001348s ]
INFO: [ app_begin ] --END-- [ RunTime:0.001460s ]
SQL: SHOW COLUMNS FROM `app_code` [ RunTime:0.001754s ]
SQL: SELECT * FROM `app_code` WHERE ( username="dongya008" and password="12345678" and groupid="43C1549E222DE8BCFD975AEF5F44443A" ) LIMIT 1   [ RunTime:0.000739s ]
SQL: SHOW COLUMNS FROM `app_group` [ RunTime:0.001371s ]
SQL: SELECT * FROM `app_group` WHERE ( `guid` = '43C1549E222DE8BCFD975AEF5F44443A' ) LIMIT 1   [ RunTime:0.000878s ]
SQL: UPDATE `app_code` SET `uuid`='B7349022-5675-455A-B66C-4C7F36F8BAAB',`binding`=0 WHERE ( `guid` = 'C215052EF9AE478B8CD892CF337B4B31' ) [ RunTime:0.000262s ]

[ 2016-05-09T10:07:35+08:00 ] 183.11.152.71 /index.php/Index/iscode/groupid/43C1549E222DE8BCFD975AEF5F44443A/username/dongya008/password/12345678/uuid/B7349022-5675-455A-B66C-4C7F36F8BAAB/type/updata
INFO: [ route_check ] --START--
INFO: CheckRoute Behavior ::run [ RunTime:0.001094s ]
INFO: [ route_check ] --END-- [ RunTime:0.001221s ]
INFO: [ app_begin ] --START--
INFO: ReadHtmlCache Behavior ::run [ RunTime:0.001351s ]
INFO: [ app_begin ] --END-- [ RunTime:0.001445s ]
SQL: SHOW COLUMNS FROM `app_code` [ RunTime:0.001689s ]
SQL: SELECT * FROM `app_code` WHERE ( username="dongya008" and password="12345678" and groupid="43C1549E222DE8BCFD975AEF5F44443A" ) LIMIT 1   [ RunTime:0.000730s ]
SQL: SHOW COLUMNS FROM `app_group` [ RunTime:0.001317s ]
SQL: SELECT * FROM `app_group` WHERE ( `guid` = '43C1549E222DE8BCFD975AEF5F44443A' ) LIMIT 1   [ RunTime:0.000738s ]
SQL: UPDATE `app_code` SET `uuid`='B7349022-5675-455A-B66C-4C7F36F8BAAB',`binding`=0 WHERE ( `guid` = 'C215052EF9AE478B8CD892CF337B4B31' ) [ RunTime:0.000260s ]

[ 2016-05-09T10:08:27+08:00 ] 183.11.152.71 /index.php/Index/iscode/groupid/43C1549E222DE8BCFD975AEF5F44443A/username/dongya008/password/12345678/uuid/B7349022-5675-455A-B66C-4C7F36F8BAAB/type/updata
INFO: [ route_check ] --START--
INFO: CheckRoute Behavior ::run [ RunTime:0.001441s ]
INFO: [ route_check ] --END-- [ RunTime:0.001568s ]
INFO: [ app_begin ] --START--
INFO: ReadHtmlCache Behavior ::run [ RunTime:0.001591s ]
INFO: [ app_begin ] --END-- [ RunTime:0.001704s ]
SQL: SHOW COLUMNS FROM `app_code` [ RunTime:0.001743s ]
SQL: SELECT * FROM `app_code` WHERE ( username="dongya008" and password="12345678" and groupid="43C1549E222DE8BCFD975AEF5F44443A" ) LIMIT 1   [ RunTime:0.000764s ]
SQL: SHOW COLUMNS FROM `app_group` [ RunTime:0.001323s ]
SQL: SELECT * FROM `app_group` WHERE ( `guid` = '43C1549E222DE8BCFD975AEF5F44443A' ) LIMIT 1   [ RunTime:0.000637s ]
SQL: UPDATE `app_code` SET `uuid`='B7349022-5675-455A-B66C-4C7F36F8BAAB',`binding`=0 WHERE ( `guid` = 'C215052EF9AE478B8CD892CF337B4B31' ) [ RunTime:0.000290s ]

[ 2016-05-09T10:22:17+08:00 ] 27.42.98.59 /index.php/Index/iscode/groupid/43C1549E222DE8BCFD975AEF5F44443A/username/dongya002/password/12345678/uuid/25F219F2-8117-4223-ACC7-5910AD06A546
INFO: [ route_check ] --START--
INFO: CheckRoute Behavior ::run [ RunTime:0.001561s ]
INFO: [ route_check ] --END-- [ RunTime:0.001718s ]
INFO: [ app_begin ] --START--
INFO: ReadHtmlCache Behavior ::run [ RunTime:0.001707s ]
INFO: [ app_begin ] --END-- [ RunTime:0.001793s ]
SQL: SHOW COLUMNS FROM `app_code` [ RunTime:0.002174s ]
SQL: SELECT * FROM `app_code` WHERE ( username="dongya002" and password="12345678" and groupid="43C1549E222DE8BCFD975AEF5F44443A" ) LIMIT 1   [ RunTime:0.001282s ]
SQL: SHOW COLUMNS FROM `app_group` [ RunTime:0.001627s ]
SQL: SELECT * FROM `app_group` WHERE ( `guid` = '43C1549E222DE8BCFD975AEF5F44443A' ) LIMIT 1   [ RunTime:0.000695s ]
SQL: UPDATE `app_code` SET `uuid`='25F219F2-8117-4223-ACC7-5910AD06A546',`binding`=0 WHERE ( `guid` = 'B1F9C6DE677E4184896E95D835A46518' ) [ RunTime:0.000286s ]
NOTIC: [8] Undefined index:  type D:\PHPnow\htdocs\dongya\Lib\Action\IndexAction.class.php 第 74 行.

[ 2016-05-09T10:22:18+08:00 ] 27.42.98.59 /index.php/Uploadprohot
INFO: [ route_check ] --START--
INFO: CheckRoute Behavior ::run [ RunTime:0.001142s ]
INFO: [ route_check ] --END-- [ RunTime:0.001248s ]
INFO: [ app_begin ] --START--
INFO: ReadHtmlCache Behavior ::run [ RunTime:0.001145s ]
INFO: [ app_begin ] --END-- [ RunTime:0.001228s ]
SQL: SHOW COLUMNS FROM `app_pro` [ RunTime:0.002445s ]
SQL: SELECT * FROM `app_pro` WHERE ( guid="18D0AE6DBF5E5988C178D44F02F099C4" ) LIMIT 1   [ RunTime:0.000792s ]
SQL: UPDATE `app_pro` SET `hot`=152 WHERE ( `guid` = '18D0AE6DBF5E5988C178D44F02F099C4' ) [ RunTime:0.000291s ]
SQL: SELECT * FROM `app_pro` WHERE ( guid="1649D8ED6274BE2131D13F0E17F5EC38" ) LIMIT 1   [ RunTime:0.000293s ]
SQL: UPDATE `app_pro` SET `hot`=99 WHERE ( `guid` = '1649D8ED6274BE2131D13F0E17F5EC38' ) [ RunTime:0.000232s ]
SQL: SELECT * FROM `app_pro` WHERE ( guid="3BFEE9A06DAD7BE04A177FCA9665EA0A" ) LIMIT 1   [ RunTime:0.000272s ]
SQL: UPDATE `app_pro` SET `hot`=50 WHERE ( `guid` = '3BFEE9A06DAD7BE04A177FCA9665EA0A' ) [ RunTime:0.000231s ]
SQL: SELECT * FROM `app_pro` WHERE ( guid="8DC685DE72110D6365CADD2320D759D6" ) LIMIT 1   [ RunTime:0.000269s ]
SQL: UPDATE `app_pro` SET `hot`=28 WHERE ( `guid` = '8DC685DE72110D6365CADD2320D759D6' ) [ RunTime:0.000227s ]
SQL: SELECT * FROM `app_pro` WHERE ( guid="D60B508E4A50135FD053D33258290A44" ) LIMIT 1   [ RunTime:0.000269s ]
SQL: UPDATE `app_pro` SET `hot`=34 WHERE ( `guid` = 'D60B508E4A50135FD053D33258290A44' ) [ RunTime:0.000257s ]
SQL: SELECT * FROM `app_pro` WHERE ( guid="DEE0F763137A2F1AC39BDD8B054963F0" ) LIMIT 1   [ RunTime:0.000267s ]
SQL: UPDATE `app_pro` SET `hot`=37 WHERE ( `guid` = 'DEE0F763137A2F1AC39BDD8B054963F0' ) [ RunTime:0.000223s ]
SQL: SELECT * FROM `app_pro` WHERE ( guid="328FA3AB2CF3056A76D595AD079422BE" ) LIMIT 1   [ RunTime:0.000269s ]
SQL: UPDATE `app_pro` SET `hot`=36 WHERE ( `guid` = '328FA3AB2CF3056A76D595AD079422BE' ) [ RunTime:0.000226s ]
SQL: SELECT * FROM `app_pro` WHERE ( guid="042F0F252A3462108D63D96784ED3174" ) LIMIT 1   [ RunTime:0.000270s ]
SQL: UPDATE `app_pro` SET `hot`=46 WHERE ( `guid` = '042F0F252A3462108D63D96784ED3174' ) [ RunTime:0.000224s ]
SQL: SELECT * FROM `app_pro` WHERE ( guid="032AABB7BA0EDC87D16F3D3B5801294C" ) LIMIT 1   [ RunTime:0.000261s ]
SQL: UPDATE `app_pro` SET `hot`=56 WHERE ( `guid` = '032AABB7BA0EDC87D16F3D3B5801294C' ) [ RunTime:0.000223s ]
SQL: SELECT * FROM `app_pro` WHERE ( guid="18253A323CC900A5D07A6A09AAC3D757" ) LIMIT 1   [ RunTime:0.000266s ]
SQL: UPDATE `app_pro` SET `hot`=53 WHERE ( `guid` = '18253A323CC900A5D07A6A09AAC3D757' ) [ RunTime:0.000223s ]
SQL: SELECT * FROM `app_pro` WHERE ( guid="E12EF73FCB8B62A5D20DE0E2182A06A1" ) LIMIT 1   [ RunTime:0.000279s ]
SQL: UPDATE `app_pro` SET `hot`=34 WHERE ( `guid` = 'E12EF73FCB8B62A5D20DE0E2182A06A1' ) [ RunTime:0.000223s ]
SQL: SELECT * FROM `app_pro` WHERE ( guid="A68AEC908BC919E31E3EC565802CF3D5" ) LIMIT 1   [ RunTime:0.000293s ]
SQL: UPDATE `app_pro` SET `hot`=42 WHERE ( `guid` = 'A68AEC908BC919E31E3EC565802CF3D5' ) [ RunTime:0.000253s ]
SQL: SELECT * FROM `app_pro` WHERE ( guid="BD6A319AF56EFC138FDEF4C0AC6357D9" ) LIMIT 1   [ RunTime:0.000295s ]
SQL: UPDATE `app_pro` SET `hot`=93 WHERE ( `guid` = 'BD6A319AF56EFC138FDEF4C0AC6357D9' ) [ RunTime:0.000227s ]
SQL: SELECT * FROM `app_pro` WHERE ( guid="3B774DAD6460F6BB7B3974069A667DA5" ) LIMIT 1   [ RunTime:0.000267s ]
SQL: UPDATE `app_pro` SET `hot`=11 WHERE ( `guid` = '3B774DAD6460F6BB7B3974069A667DA5' ) [ RunTime:0.000224s ]
SQL: SELECT * FROM `app_pro` WHERE ( guid="9A54704780A740CBBC305D580B6CD0FB" ) LIMIT 1   [ RunTime:0.000263s ]
SQL: UPDATE `app_pro` SET `hot`=82 WHERE ( `guid` = '9A54704780A740CBBC305D580B6CD0FB' ) [ RunTime:0.000219s ]
SQL: SELECT * FROM `app_pro` WHERE ( guid="3DE93F1B9FFE45308C4E8BE76D22D23B" ) LIMIT 1   [ RunTime:0.000303s ]
SQL: UPDATE `app_pro` SET `hot`=80 WHERE ( `guid` = '3DE93F1B9FFE45308C4E8BE76D22D23B' ) [ RunTime:0.000221s ]
SQL: SELECT * FROM `app_pro` WHERE ( guid="CA44D866E5EC4F959B9A9FB2D8864875" ) LIMIT 1   [ RunTime:0.017503s ]
SQL: UPDATE `app_pro` SET `hot`=190 WHERE ( `guid` = 'CA44D866E5EC4F959B9A9FB2D8864875' ) [ RunTime:0.000256s ]

[ 2016-05-09T10:22:18+08:00 ] 27.42.98.59 /index.php/Index/iscode/groupid/43C1549E222DE8BCFD975AEF5F44443A/username/dongya002/password/12345678/uuid/25F219F2-8117-4223-ACC7-5910AD06A546/type/updata
INFO: [ route_check ] --START--
INFO: CheckRoute Behavior ::run [ RunTime:0.001136s ]
INFO: [ route_check ] --END-- [ RunTime:0.001240s ]
INFO: [ app_begin ] --START--
INFO: ReadHtmlCache Behavior ::run [ RunTime:0.001150s ]
INFO: [ app_begin ] --END-- [ RunTime:0.001236s ]
SQL: SHOW COLUMNS FROM `app_code` [ RunTime:0.001600s ]
SQL: SELECT * FROM `app_code` WHERE ( username="dongya002" and password="12345678" and groupid="43C1549E222DE8BCFD975AEF5F44443A" ) LIMIT 1   [ RunTime:0.000820s ]
SQL: SHOW COLUMNS FROM `app_group` [ RunTime:0.001317s ]
SQL: SELECT * FROM `app_group` WHERE ( `guid` = '43C1549E222DE8BCFD975AEF5F44443A' ) LIMIT 1   [ RunTime:0.000649s ]
SQL: UPDATE `app_code` SET `uuid`='25F219F2-8117-4223-ACC7-5910AD06A546',`binding`=0 WHERE ( `guid` = 'B1F9C6DE677E4184896E95D835A46518' ) [ RunTime:0.000243s ]

[ 2016-05-09T11:45:43+08:00 ] 113.70.57.128 /index.php/Index/iscode/groupid/43C1549E222DE8BCFD975AEF5F44443A/username/dongya015/password/12345678/uuid/6C96832B-6553-460E-83BF-02E6A72082AB
INFO: [ route_check ] --START--
INFO: CheckRoute Behavior ::run [ RunTime:0.001743s ]
INFO: [ route_check ] --END-- [ RunTime:0.001849s ]
INFO: [ app_begin ] --START--
INFO: ReadHtmlCache Behavior ::run [ RunTime:0.001328s ]
INFO: [ app_begin ] --END-- [ RunTime:0.001415s ]
SQL: SHOW COLUMNS FROM `app_code` [ RunTime:0.009700s ]
SQL: SELECT * FROM `app_code` WHERE ( username="dongya015" and password="12345678" and groupid="43C1549E222DE8BCFD975AEF5F44443A" ) LIMIT 1   [ RunTime:0.000752s ]
SQL: SHOW COLUMNS FROM `app_group` [ RunTime:0.001512s ]
SQL: SELECT * FROM `app_group` WHERE ( `guid` = '43C1549E222DE8BCFD975AEF5F44443A' ) LIMIT 1   [ RunTime:0.000645s ]
SQL: UPDATE `app_code` SET `uuid`='6C96832B-6553-460E-83BF-02E6A72082AB',`binding`=0 WHERE ( `guid` = '3816EC48214D465BB7FF219AC09651E6' ) [ RunTime:0.000264s ]
NOTIC: [8] Undefined index:  type D:\PHPnow\htdocs\dongya\Lib\Action\IndexAction.class.php 第 74 行.

[ 2016-05-09T11:45:43+08:00 ] 113.70.57.128 /index.php/Uploadprohot
INFO: [ route_check ] --START--
INFO: CheckRoute Behavior ::run [ RunTime:0.001993s ]
INFO: [ route_check ] --END-- [ RunTime:0.002131s ]
INFO: [ app_begin ] --START--
INFO: ReadHtmlCache Behavior ::run [ RunTime:0.001678s ]
INFO: [ app_begin ] --END-- [ RunTime:0.001795s ]
SQL: SHOW COLUMNS FROM `app_pro` [ RunTime:0.002180s ]
SQL: SELECT * FROM `app_pro` WHERE ( guid="E69DD61C6E3A4B4EB47BFAAB04A42620" ) LIMIT 1   [ RunTime:0.000846s ]
SQL: UPDATE `app_pro` SET `hot`=56 WHERE ( `guid` = 'E69DD61C6E3A4B4EB47BFAAB04A42620' ) [ RunTime:0.000273s ]
SQL: SELECT * FROM `app_pro` WHERE ( guid="E2972327EF7C08621DEFA2FFA362793B" ) LIMIT 1   [ RunTime:0.000295s ]
SQL: UPDATE `app_pro` SET `hot`=58 WHERE ( `guid` = 'E2972327EF7C08621DEFA2FFA362793B' ) [ RunTime:0.000236s ]
SQL: SELECT * FROM `app_pro` WHERE ( guid="A26A337292F04A76B0396CAFE4CA3BA8" ) LIMIT 1   [ RunTime:0.000274s ]
SQL: UPDATE `app_pro` SET `hot`=66 WHERE ( `guid` = 'A26A337292F04A76B0396CAFE4CA3BA8' ) [ RunTime:0.000282s ]
SQL: SELECT * FROM `app_pro` WHERE ( guid="08F54CB1ADF8FB9642EA599EA3CD0D35" ) LIMIT 1   [ RunTime:0.000278s ]
SQL: UPDATE `app_pro` SET `hot`=88 WHERE ( `guid` = '08F54CB1ADF8FB9642EA599EA3CD0D35' ) [ RunTime:0.000229s ]
SQL: SELECT * FROM `app_pro` WHERE ( guid="FBD304FD465462FE112F71E9365D87BE" ) LIMIT 1   [ RunTime:0.000330s ]
SQL: UPDATE `app_pro` SET `hot`=46 WHERE ( `guid` = 'FBD304FD465462FE112F71E9365D87BE' ) [ RunTime:0.000226s ]
SQL: SELECT * FROM `app_pro` WHERE ( guid="85BADD968937332227A124B37421B0F4" ) LIMIT 1   [ RunTime:0.000275s ]
SQL: UPDATE `app_pro` SET `hot`=49 WHERE ( `guid` = '85BADD968937332227A124B37421B0F4' ) [ RunTime:0.000231s ]
SQL: SELECT * FROM `app_pro` WHERE ( guid="3BE8201996E64BCA885B6067349FB61F" ) LIMIT 1   [ RunTime:0.014300s ]
SQL: UPDATE `app_pro` SET `hot`=39 WHERE ( `guid` = '3BE8201996E64BCA885B6067349FB61F' ) [ RunTime:0.000232s ]
SQL: SELECT * FROM `app_pro` WHERE ( guid="5D622616AE824F739D4C1770B5683665" ) LIMIT 1   [ RunTime:0.000274s ]
SQL: UPDATE `app_pro` SET `hot`=95 WHERE ( `guid` = '5D622616AE824F739D4C1770B5683665' ) [ RunTime:0.000230s ]
SQL: SELECT * FROM `app_pro` WHERE ( guid="CA44D866E5EC4F959B9A9FB2D8864875" ) LIMIT 1   [ RunTime:0.000277s ]
SQL: UPDATE `app_pro` SET `hot`=193 WHERE ( `guid` = 'CA44D866E5EC4F959B9A9FB2D8864875' ) [ RunTime:0.000223s ]
SQL: SELECT * FROM `app_pro` WHERE ( guid="F35D0AC97144ECF26210C9BB709F2FBE" ) LIMIT 1   [ RunTime:0.000269s ]
SQL: UPDATE `app_pro` SET `hot`=69 WHERE ( `guid` = 'F35D0AC97144ECF26210C9BB709F2FBE' ) [ RunTime:0.000228s ]
SQL: SELECT * FROM `app_pro` WHERE ( guid="2EF170F1F941C350FA2DF936CDFA8CC0" ) LIMIT 1   [ RunTime:0.000273s ]
SQL: UPDATE `app_pro` SET `hot`=42 WHERE ( `guid` = '2EF170F1F941C350FA2DF936CDFA8CC0' ) [ RunTime:0.000224s ]
SQL: SELECT * FROM `app_pro` WHERE ( guid="BA4CE57A08CB970F90FE8FFE9B9E6D5C" ) LIMIT 1   [ RunTime:0.000266s ]
SQL: UPDATE `app_pro` SET `hot`=23 WHERE ( `guid` = 'BA4CE57A08CB970F90FE8FFE9B9E6D5C' ) [ RunTime:0.000239s ]
SQL: SELECT * FROM `app_pro` WHERE ( guid="2EF8029A10E1723CFC39F1EC28648392" ) LIMIT 1   [ RunTime:0.000260s ]
SQL: UPDATE `app_pro` SET `hot`=35 WHERE ( `guid` = '2EF8029A10E1723CFC39F1EC28648392' ) [ RunTime:0.000222s ]
SQL: SELECT * FROM `app_pro` WHERE ( guid="D1EC7A074E00618464ECC81CA724521C" ) LIMIT 1   [ RunTime:0.000260s ]
SQL: UPDATE `app_pro` SET `hot`=23 WHERE ( `guid` = 'D1EC7A074E00618464ECC81CA724521C' ) [ RunTime:0.000226s ]
SQL: SELECT * FROM `app_pro` WHERE ( guid="89763FC4FF8F4FF1E22AC7294300C1D9" ) LIMIT 1   [ RunTime:0.000264s ]
SQL: UPDATE `app_pro` SET `hot`=25 WHERE ( `guid` = '89763FC4FF8F4FF1E22AC7294300C1D9' ) [ RunTime:0.000218s ]
SQL: SELECT * FROM `app_pro` WHERE ( guid="454340E9BB8EB218ADDF05A129409234" ) LIMIT 1   [ RunTime:0.000329s ]
SQL: UPDATE `app_pro` SET `hot`=25 WHERE ( `guid` = '454340E9BB8EB218ADDF05A129409234' ) [ RunTime:0.000220s ]
SQL: SELECT * FROM `app_pro` WHERE ( guid="225EE086815A34A76BA54A5FFFB8F61A" ) LIMIT 1   [ RunTime:0.000257s ]
SQL: UPDATE `app_pro` SET `hot`=77 WHERE ( `guid` = '225EE086815A34A76BA54A5FFFB8F61A' ) [ RunTime:0.000282s ]
SQL: SELECT * FROM `app_pro` WHERE ( guid="C468F54BDE46F3F245E1432D11E67D98" ) LIMIT 1   [ RunTime:0.000263s ]
SQL: UPDATE `app_pro` SET `hot`=26 WHERE ( `guid` = 'C468F54BDE46F3F245E1432D11E67D98' ) [ RunTime:0.000228s ]
SQL: SELECT * FROM `app_pro` WHERE ( guid="FB7274A0F2AF49BC97FC0D259B640CA9" ) LIMIT 1   [ RunTime:0.000331s ]
SQL: UPDATE `app_pro` SET `hot`=52 WHERE ( `guid` = 'FB7274A0F2AF49BC97FC0D259B640CA9' ) [ RunTime:0.000230s ]
SQL: SELECT * FROM `app_pro` WHERE ( guid="E1D89BB3396C43CD0454CC0411C0320A" ) LIMIT 1   [ RunTime:0.000256s ]
SQL: UPDATE `app_pro` SET `hot`=35 WHERE ( `guid` = 'E1D89BB3396C43CD0454CC0411C0320A' ) [ RunTime:0.000233s ]
SQL: SELECT * FROM `app_pro` WHERE ( guid="066B900FD221F5E0376B9FC8B041625A" ) LIMIT 1   [ RunTime:0.000264s ]
SQL: UPDATE `app_pro` SET `hot`=47 WHERE ( `guid` = '066B900FD221F5E0376B9FC8B041625A' ) [ RunTime:0.000222s ]
SQL: SELECT * FROM `app_pro` WHERE ( guid="54940FBC319BECBEDBE133291BEBF041" ) LIMIT 1   [ RunTime:0.000260s ]
SQL: UPDATE `app_pro` SET `hot`=30 WHERE ( `guid` = '54940FBC319BECBEDBE133291BEBF041' ) [ RunTime:0.000223s ]
SQL: SELECT * FROM `app_pro` WHERE ( guid="2877B6078B7D17EAE58A7CE631FBC568" ) LIMIT 1   [ RunTime:0.000260s ]
SQL: UPDATE `app_pro` SET `hot`=41 WHERE ( `guid` = '2877B6078B7D17EAE58A7CE631FBC568' ) [ RunTime:0.000282s ]
SQL: SELECT * FROM `app_pro` WHERE ( guid="1BDD0617E5AF4EDE9D5982BE9536FB36" ) LIMIT 1   [ RunTime:0.000262s ]
SQL: UPDATE `app_pro` SET `hot`=155 WHERE ( `guid` = '1BDD0617E5AF4EDE9D5982BE9536FB36' ) [ RunTime:0.000224s ]
SQL: SELECT * FROM `app_pro` WHERE ( guid="C451A527D88B3FA9881DED7185749484" ) LIMIT 1   [ RunTime:0.000314s ]
SQL: UPDATE `app_pro` SET `hot`=28 WHERE ( `guid` = 'C451A527D88B3FA9881DED7185749484' ) [ RunTime:0.000221s ]
SQL: SELECT * FROM `app_pro` WHERE ( guid="621E6B8AC7765BC9502AF098651B128C" ) LIMIT 1   [ RunTime:0.000263s ]
SQL: UPDATE `app_pro` SET `hot`=28 WHERE ( `guid` = '621E6B8AC7765BC9502AF098651B128C' ) [ RunTime:0.000289s ]
SQL: SELECT * FROM `app_pro` WHERE ( guid="6FD990A9EEDDD28F2C07BF70CB1672A5" ) LIMIT 1   [ RunTime:0.000261s ]
SQL: UPDATE `app_pro` SET `hot`=34 WHERE ( `guid` = '6FD990A9EEDDD28F2C07BF70CB1672A5' ) [ RunTime:0.000219s ]
SQL: SELECT * FROM `app_pro` WHERE ( guid="DD8C29E3BE67BFDF7E3F39E18520DF59" ) LIMIT 1   [ RunTime:0.000267s ]
SQL: UPDATE `app_pro` SET `hot`=90 WHERE ( `guid` = 'DD8C29E3BE67BFDF7E3F39E18520DF59' ) [ RunTime:0.000277s ]
SQL: SELECT * FROM `app_pro` WHERE ( guid="AAB5C5F382CE4CA9630A8BD99905E1FC" ) LIMIT 1   [ RunTime:0.000314s ]
SQL: UPDATE `app_pro` SET `hot`=106 WHERE ( `guid` = 'AAB5C5F382CE4CA9630A8BD99905E1FC' ) [ RunTime:0.000225s ]
SQL: SELECT * FROM `app_pro` WHERE ( guid="533B0B2E58E8005CE94DB842F2E5B686" ) LIMIT 1   [ RunTime:0.000263s ]
SQL: UPDATE `app_pro` SET `hot`=38 WHERE ( `guid` = '533B0B2E58E8005CE94DB842F2E5B686' ) [ RunTime:0.000224s ]
SQL: SELECT * FROM `app_pro` WHERE ( guid="2AB54C967F62D3B8FEAA9D846310CE5B" ) LIMIT 1   [ RunTime:0.000259s ]
SQL: UPDATE `app_pro` SET `hot`=29 WHERE ( `guid` = '2AB54C967F62D3B8FEAA9D846310CE5B' ) [ RunTime:0.000218s ]
SQL: SELECT * FROM `app_pro` WHERE ( guid="53BC5194B51787BE1EDA41FDFFEA1167" ) LIMIT 1   [ RunTime:0.000332s ]
SQL: UPDATE `app_pro` SET `hot`=32 WHERE ( `guid` = '53BC5194B51787BE1EDA41FDFFEA1167' ) [ RunTime:0.000224s ]
SQL: SELECT * FROM `app_pro` WHERE ( guid="D521CD969FD7DCCBCD2B5FA8BB75DBE7" ) LIMIT 1   [ RunTime:0.000266s ]
SQL: UPDATE `app_pro` SET `hot`=42 WHERE ( `guid` = 'D521CD969FD7DCCBCD2B5FA8BB75DBE7' ) [ RunTime:0.000217s ]
SQL: SELECT * FROM `app_pro` WHERE ( guid="1DF5EC29F9AC9462CE163DCDF1F45CB4" ) LIMIT 1   [ RunTime:0.000265s ]
SQL: UPDATE `app_pro` SET `hot`=100 WHERE ( `guid` = '1DF5EC29F9AC9462CE163DCDF1F45CB4' ) [ RunTime:0.000212s ]
SQL: SELECT * FROM `app_pro` WHERE ( guid="E2AB6B858E7A6FFCFF691A7051CEA03E" ) LIMIT 1   [ RunTime:0.000269s ]
SQL: UPDATE `app_pro` SET `hot`=46 WHERE ( `guid` = 'E2AB6B858E7A6FFCFF691A7051CEA03E' ) [ RunTime:0.000217s ]
SQL: SELECT * FROM `app_pro` WHERE ( guid="1649D8ED6274BE2131D13F0E17F5EC38" ) LIMIT 1   [ RunTime:0.000261s ]
SQL: UPDATE `app_pro` SET `hot`=100 WHERE ( `guid` = '1649D8ED6274BE2131D13F0E17F5EC38' ) [ RunTime:0.000214s ]
SQL: SELECT * FROM `app_pro` WHERE ( guid="7329ABA8FABDD2BA22149564B2594730" ) LIMIT 1   [ RunTime:0.000263s ]
SQL: UPDATE `app_pro` SET `hot`=39 WHERE ( `guid` = '7329ABA8FABDD2BA22149564B2594730' ) [ RunTime:0.000220s ]
SQL: SELECT * FROM `app_pro` WHERE ( guid="BD6A319AF56EFC138FDEF4C0AC6357D9" ) LIMIT 1   [ RunTime:0.000270s ]
SQL: UPDATE `app_pro` SET `hot`=94 WHERE ( `guid` = 'BD6A319AF56EFC138FDEF4C0AC6357D9' ) [ RunTime:0.000221s ]
SQL: SELECT * FROM `app_pro` WHERE ( guid="18D0AE6DBF5E5988C178D44F02F099C4" ) LIMIT 1   [ RunTime:0.000261s ]
SQL: UPDATE `app_pro` SET `hot`=153 WHERE ( `guid` = '18D0AE6DBF5E5988C178D44F02F099C4' ) [ RunTime:0.000224s ]
SQL: SELECT * FROM `app_pro` WHERE ( guid="BD60E8430B135348F29A2A468F84E4FB" ) LIMIT 1   [ RunTime:0.000253s ]
SQL: UPDATE `app_pro` SET `hot`=65 WHERE ( `guid` = 'BD60E8430B135348F29A2A468F84E4FB' ) [ RunTime:0.000281s ]
SQL: SELECT * FROM `app_pro` WHERE ( guid="4BCE14DA7A0E2D32BD8F3B3423B1768B" ) LIMIT 1   [ RunTime:0.000258s ]
SQL: UPDATE `app_pro` SET `hot`=57 WHERE ( `guid` = '4BCE14DA7A0E2D32BD8F3B3423B1768B' ) [ RunTime:0.000219s ]
SQL: SELECT * FROM `app_pro` WHERE ( guid="D4A9178525A148F9A353A0AF24E26CEA" ) LIMIT 1   [ RunTime:0.000259s ]
SQL: UPDATE `app_pro` SET `hot`=114 WHERE ( `guid` = 'D4A9178525A148F9A353A0AF24E26CEA' ) [ RunTime:0.000221s ]
SQL: SELECT * FROM `app_pro` WHERE ( guid="BA7AA8CEF92D4D40931AC4F91B714B9E" ) LIMIT 1   [ RunTime:0.000318s ]
SQL: UPDATE `app_pro` SET `hot`=72 WHERE ( `guid` = 'BA7AA8CEF92D4D40931AC4F91B714B9E' ) [ RunTime:0.000237s ]
SQL: SELECT * FROM `app_pro` WHERE ( guid="88134345BA30468FAFEE816A6C7DC053" ) LIMIT 1   [ RunTime:0.000254s ]
SQL: UPDATE `app_pro` SET `hot`=67 WHERE ( `guid` = '88134345BA30468FAFEE816A6C7DC053' ) [ RunTime:0.000279s ]
SQL: SELECT * FROM `app_pro` WHERE ( guid="327A9048FC0A4266994F8EB8CB78AC61" ) LIMIT 1   [ RunTime:0.000257s ]
SQL: UPDATE `app_pro` SET `hot`=129 WHERE ( `guid` = '327A9048FC0A4266994F8EB8CB78AC61' ) [ RunTime:0.000225s ]
SQL: SELECT * FROM `app_pro` WHERE ( guid="9A54704780A740CBBC305D580B6CD0FB" ) LIMIT 1   [ RunTime:0.000262s ]
SQL: UPDATE `app_pro` SET `hot`=85 WHERE ( `guid` = '9A54704780A740CBBC305D580B6CD0FB' ) [ RunTime:0.000287s ]
SQL: SELECT * FROM `app_pro` WHERE ( guid="3DE93F1B9FFE45308C4E8BE76D22D23B" ) LIMIT 1   [ RunTime:0.000259s ]
SQL: UPDATE `app_pro` SET `hot`=81 WHERE ( `guid` = '3DE93F1B9FFE45308C4E8BE76D22D23B' ) [ RunTime:0.000227s ]

[ 2016-05-09T11:45:43+08:00 ] 113.70.57.128 /index.php/Index/iscode/groupid/43C1549E222DE8BCFD975AEF5F44443A/username/dongya015/password/12345678/uuid/6C96832B-6553-460E-83BF-02E6A72082AB/type/updata
INFO: [ route_check ] --START--
INFO: CheckRoute Behavior ::run [ RunTime:0.001412s ]
INFO: [ route_check ] --END-- [ RunTime:0.001509s ]
INFO: [ app_begin ] --START--
INFO: ReadHtmlCache Behavior ::run [ RunTime:0.001480s ]
INFO: [ app_begin ] --END-- [ RunTime:0.001566s ]
SQL: SHOW COLUMNS FROM `app_code` [ RunTime:0.001837s ]
SQL: SELECT * FROM `app_code` WHERE ( username="dongya015" and password="12345678" and groupid="43C1549E222DE8BCFD975AEF5F44443A" ) LIMIT 1   [ RunTime:0.000781s ]
SQL: SHOW COLUMNS FROM `app_group` [ RunTime:0.001503s ]
SQL: SELECT * FROM `app_group` WHERE ( `guid` = '43C1549E222DE8BCFD975AEF5F44443A' ) LIMIT 1   [ RunTime:0.000704s ]
SQL: UPDATE `app_code` SET `uuid`='6C96832B-6553-460E-83BF-02E6A72082AB',`binding`=0 WHERE ( `guid` = '3816EC48214D465BB7FF219AC09651E6' ) [ RunTime:0.000225s ]

[ 2016-05-09T13:10:05+08:00 ] 183.33.72.173 /index.php/Index/iscode/groupid/43C1549E222DE8BCFD975AEF5F44443A/username/dongya002/password/12345678/uuid/2BD16442-92E4-4320-913F-0727A9FBCCC2
INFO: [ route_check ] --START--
INFO: CheckRoute Behavior ::run [ RunTime:0.004247s ]
INFO: [ route_check ] --END-- [ RunTime:0.004370s ]
INFO: [ app_begin ] --START--
INFO: ReadHtmlCache Behavior ::run [ RunTime:0.002417s ]
INFO: [ app_begin ] --END-- [ RunTime:0.002509s ]
SQL: SHOW COLUMNS FROM `app_code` [ RunTime:0.016071s ]
SQL: SELECT * FROM `app_code` WHERE ( username="dongya002" and password="12345678" and groupid="43C1549E222DE8BCFD975AEF5F44443A" ) LIMIT 1   [ RunTime:0.012275s ]
SQL: SHOW COLUMNS FROM `app_group` [ RunTime:0.012586s ]
SQL: SELECT * FROM `app_group` WHERE ( `guid` = '43C1549E222DE8BCFD975AEF5F44443A' ) LIMIT 1   [ RunTime:0.000912s ]
SQL: UPDATE `app_code` SET `uuid`='2BD16442-92E4-4320-913F-0727A9FBCCC2',`binding`=0 WHERE ( `guid` = 'B1F9C6DE677E4184896E95D835A46518' ) [ RunTime:0.000280s ]
NOTIC: [8] Undefined index:  type D:\PHPnow\htdocs\dongya\Lib\Action\IndexAction.class.php 第 74 行.

[ 2016-05-09T13:10:06+08:00 ] 183.33.72.173 /index.php/Index/iscode/groupid/43C1549E222DE8BCFD975AEF5F44443A/username/dongya002/password/12345678/uuid/2BD16442-92E4-4320-913F-0727A9FBCCC2/type/updata
INFO: [ route_check ] --START--
INFO: CheckRoute Behavior ::run [ RunTime:0.001739s ]
INFO: [ route_check ] --END-- [ RunTime:0.001864s ]
INFO: [ app_begin ] --START--
INFO: ReadHtmlCache Behavior ::run [ RunTime:0.001438s ]
INFO: [ app_begin ] --END-- [ RunTime:0.001543s ]
SQL: SHOW COLUMNS FROM `app_code` [ RunTime:0.001732s ]
SQL: SELECT * FROM `app_code` WHERE ( username="dongya002" and password="12345678" and groupid="43C1549E222DE8BCFD975AEF5F44443A" ) LIMIT 1   [ RunTime:0.000782s ]
SQL: SHOW COLUMNS FROM `app_group` [ RunTime:0.001341s ]
SQL: SELECT * FROM `app_group` WHERE ( `guid` = '43C1549E222DE8BCFD975AEF5F44443A' ) LIMIT 1   [ RunTime:0.000656s ]
SQL: UPDATE `app_code` SET `uuid`='2BD16442-92E4-4320-913F-0727A9FBCCC2',`binding`=0 WHERE ( `guid` = 'B1F9C6DE677E4184896E95D835A46518' ) [ RunTime:0.000666s ]

[ 2016-05-09T14:43:26+08:00 ] 112.96.124.118 /index.php/Index/iscode/groupid/43C1549E222DE8BCFD975AEF5F44443A/username/dongya002/password/12345678/uuid/C0D8E4A1-B813-4614-A527-ADC6B3AE12DE
INFO: [ route_check ] --START--
INFO: CheckRoute Behavior ::run [ RunTime:0.001689s ]
INFO: [ route_check ] --END-- [ RunTime:0.001796s ]
INFO: [ app_begin ] --START--
INFO: ReadHtmlCache Behavior ::run [ RunTime:0.001342s ]
INFO: [ app_begin ] --END-- [ RunTime:0.001429s ]
SQL: SHOW COLUMNS FROM `app_code` [ RunTime:0.002106s ]
SQL: SELECT * FROM `app_code` WHERE ( username="dongya002" and password="12345678" and groupid="43C1549E222DE8BCFD975AEF5F44443A" ) LIMIT 1   [ RunTime:0.000757s ]
SQL: SHOW COLUMNS FROM `app_group` [ RunTime:0.001532s ]
SQL: SELECT * FROM `app_group` WHERE ( `guid` = '43C1549E222DE8BCFD975AEF5F44443A' ) LIMIT 1   [ RunTime:0.000659s ]
SQL: UPDATE `app_code` SET `uuid`='C0D8E4A1-B813-4614-A527-ADC6B3AE12DE',`binding`=0 WHERE ( `guid` = 'B1F9C6DE677E4184896E95D835A46518' ) [ RunTime:0.000268s ]
NOTIC: [8] Undefined index:  type D:\PHPnow\htdocs\dongya\Lib\Action\IndexAction.class.php 第 74 行.

[ 2016-05-09T14:43:26+08:00 ] 112.96.124.118 /index.php/Uploadprohot
INFO: [ route_check ] --START--
INFO: CheckRoute Behavior ::run [ RunTime:0.001674s ]
INFO: [ route_check ] --END-- [ RunTime:0.001780s ]
INFO: [ app_begin ] --START--
INFO: ReadHtmlCache Behavior ::run [ RunTime:0.001354s ]
INFO: [ app_begin ] --END-- [ RunTime:0.001439s ]
SQL: SHOW COLUMNS FROM `app_pro` [ RunTime:0.030679s ]
SQL: SELECT * FROM `app_pro` WHERE ( guid="F35D0AC97144ECF26210C9BB709F2FBE" ) LIMIT 1   [ RunTime:0.033961s ]
SQL: UPDATE `app_pro` SET `hot`=70 WHERE ( `guid` = 'F35D0AC97144ECF26210C9BB709F2FBE' ) [ RunTime:0.000310s ]

[ 2016-05-09T14:43:26+08:00 ] 112.96.124.118 /index.php/Index/iscode/groupid/43C1549E222DE8BCFD975AEF5F44443A/username/dongya002/password/12345678/uuid/C0D8E4A1-B813-4614-A527-ADC6B3AE12DE/type/updata
INFO: [ route_check ] --START--
INFO: CheckRoute Behavior ::run [ RunTime:0.001715s ]
INFO: [ route_check ] --END-- [ RunTime:0.001818s ]
INFO: [ app_begin ] --START--
INFO: ReadHtmlCache Behavior ::run [ RunTime:0.001322s ]
INFO: [ app_begin ] --END-- [ RunTime:0.001413s ]
SQL: SHOW COLUMNS FROM `app_code` [ RunTime:0.001614s ]
SQL: SELECT * FROM `app_code` WHERE ( username="dongya002" and password="12345678" and groupid="43C1549E222DE8BCFD975AEF5F44443A" ) LIMIT 1   [ RunTime:0.000725s ]
SQL: SHOW COLUMNS FROM `app_group` [ RunTime:0.001402s ]
SQL: SELECT * FROM `app_group` WHERE ( `guid` = '43C1549E222DE8BCFD975AEF5F44443A' ) LIMIT 1   [ RunTime:0.000631s ]
SQL: UPDATE `app_code` SET `uuid`='C0D8E4A1-B813-4614-A527-ADC6B3AE12DE',`binding`=0 WHERE ( `guid` = 'B1F9C6DE677E4184896E95D835A46518' ) [ RunTime:0.000242s ]

[ 2016-05-09T15:59:54+08:00 ] 183.28.46.130 /index.php/Index/iscode/groupid/43C1549E222DE8BCFD975AEF5F44443A/username/dongya009/password/12345678/uuid/FE825D56-81F7-4A62-8136-66BE56E60711
INFO: [ route_check ] --START--
INFO: CheckRoute Behavior ::run [ RunTime:0.001368s ]
INFO: [ route_check ] --END-- [ RunTime:0.001481s ]
INFO: [ app_begin ] --START--
INFO: ReadHtmlCache Behavior ::run [ RunTime:0.001036s ]
INFO: [ app_begin ] --END-- [ RunTime:0.001123s ]
SQL: SHOW COLUMNS FROM `app_code` [ RunTime:0.001828s ]
SQL: SELECT * FROM `app_code` WHERE ( username="dongya009" and password="12345678" and groupid="43C1549E222DE8BCFD975AEF5F44443A" ) LIMIT 1   [ RunTime:0.000739s ]
SQL: SHOW COLUMNS FROM `app_group` [ RunTime:0.001512s ]
SQL: SELECT * FROM `app_group` LIMIT 1   [ RunTime:0.000660s ]

[ 2016-05-09T15:59:54+08:00 ] 183.28.46.130 /index.php/Uploadprohot
INFO: [ route_check ] --START--
INFO: CheckRoute Behavior ::run [ RunTime:0.000946s ]
INFO: [ route_check ] --END-- [ RunTime:0.001059s ]
INFO: [ app_begin ] --START--
INFO: ReadHtmlCache Behavior ::run [ RunTime:0.000821s ]
INFO: [ app_begin ] --END-- [ RunTime:0.000904s ]
SQL: SHOW COLUMNS FROM `app_pro` [ RunTime:0.002098s ]
SQL: SELECT * FROM `app_pro` WHERE ( guid="CA44D866E5EC4F959B9A9FB2D8864875" ) LIMIT 1   [ RunTime:0.030563s ]
SQL: UPDATE `app_pro` SET `hot`=194 WHERE ( `guid` = 'CA44D866E5EC4F959B9A9FB2D8864875' ) [ RunTime:0.000348s ]
SQL: SELECT * FROM `app_pro` WHERE ( guid="327A9048FC0A4266994F8EB8CB78AC61" ) LIMIT 1   [ RunTime:0.000306s ]
SQL: UPDATE `app_pro` SET `hot`=131 WHERE ( `guid` = '327A9048FC0A4266994F8EB8CB78AC61' ) [ RunTime:0.000266s ]
SQL: SELECT * FROM `app_pro` WHERE ( guid="E3BFBE9FE2107E1720F413F453127AC5" ) LIMIT 1   [ RunTime:0.000272s ]
SQL: UPDATE `app_pro` SET `hot`=20 WHERE ( `guid` = 'E3BFBE9FE2107E1720F413F453127AC5' ) [ RunTime:0.000230s ]
SQL: SELECT * FROM `app_pro` WHERE ( guid="921DC0144E1E597BDE934BA871B19984" ) LIMIT 1   [ RunTime:0.000266s ]
SQL: UPDATE `app_pro` SET `hot`=45 WHERE ( `guid` = '921DC0144E1E597BDE934BA871B19984' ) [ RunTime:0.000225s ]
SQL: SELECT * FROM `app_pro` WHERE ( guid="2030BF7E93A2B44A6517D9994CD29A79" ) LIMIT 1   [ RunTime:0.000275s ]
SQL: UPDATE `app_pro` SET `hot`=19 WHERE ( `guid` = '2030BF7E93A2B44A6517D9994CD29A79' ) [ RunTime:0.000226s ]
SQL: SELECT * FROM `app_pro` WHERE ( guid="225EE086815A34A76BA54A5FFFB8F61A" ) LIMIT 1   [ RunTime:0.000264s ]
SQL: UPDATE `app_pro` SET `hot`=80 WHERE ( `guid` = '225EE086815A34A76BA54A5FFFB8F61A' ) [ RunTime:0.000226s ]
SQL: SELECT * FROM `app_pro` WHERE ( guid="2877B6078B7D17EAE58A7CE631FBC568" ) LIMIT 1   [ RunTime:0.000262s ]
SQL: UPDATE `app_pro` SET `hot`=42 WHERE ( `guid` = '2877B6078B7D17EAE58A7CE631FBC568' ) [ RunTime:0.000224s ]
SQL: SELECT * FROM `app_pro` WHERE ( guid="D4A9178525A148F9A353A0AF24E26CEA" ) LIMIT 1   [ RunTime:0.012055s ]
SQL: UPDATE `app_pro` SET `hot`=116 WHERE ( `guid` = 'D4A9178525A148F9A353A0AF24E26CEA' ) [ RunTime:0.000235s ]
SQL: SELECT * FROM `app_pro` WHERE ( guid="FBD7186F6358C0237CAD134366F97D83" ) LIMIT 1   [ RunTime:0.000269s ]
SQL: UPDATE `app_pro` SET `hot`=24 WHERE ( `guid` = 'FBD7186F6358C0237CAD134366F97D83' ) [ RunTime:0.000224s ]
SQL: SELECT * FROM `app_pro` WHERE ( guid="1BDD0617E5AF4EDE9D5982BE9536FB36" ) LIMIT 1   [ RunTime:0.000263s ]
SQL: UPDATE `app_pro` SET `hot`=156 WHERE ( `guid` = '1BDD0617E5AF4EDE9D5982BE9536FB36' ) [ RunTime:0.000222s ]
SQL: SELECT * FROM `app_pro` WHERE ( guid="DD8C29E3BE67BFDF7E3F39E18520DF59" ) LIMIT 1   [ RunTime:0.000276s ]
SQL: UPDATE `app_pro` SET `hot`=91 WHERE ( `guid` = 'DD8C29E3BE67BFDF7E3F39E18520DF59' ) [ RunTime:0.000233s ]

[ 2016-05-09T15:59:55+08:00 ] 183.28.46.130 /index.php/Index/iscode/groupid/43C1549E222DE8BCFD975AEF5F44443A/username/dongya009/password/12345678/uuid/FE825D56-81F7-4A62-8136-66BE56E60711/type/updata
INFO: [ route_check ] --START--
INFO: CheckRoute Behavior ::run [ RunTime:0.000963s ]
INFO: [ route_check ] --END-- [ RunTime:0.001067s ]
INFO: [ app_begin ] --START--
INFO: ReadHtmlCache Behavior ::run [ RunTime:0.000819s ]
INFO: [ app_begin ] --END-- [ RunTime:0.000916s ]
SQL: SHOW COLUMNS FROM `app_code` [ RunTime:0.001646s ]
SQL: SELECT * FROM `app_code` WHERE ( username="dongya009" and password="12345678" and groupid="43C1549E222DE8BCFD975AEF5F44443A" ) LIMIT 1   [ RunTime:0.000731s ]
SQL: SHOW COLUMNS FROM `app_group` [ RunTime:0.001615s ]
SQL: SELECT * FROM `app_group` LIMIT 1   [ RunTime:0.000676s ]

[ 2016-05-09T16:04:42+08:00 ] 125.95.24.239 /index.php/Index/iscode/groupid/43C1549E222DE8BCFD975AEF5F44443A/username/dongya008/password/12345678/uuid/2C891F67-6C7F-4B2D-A6A1-B1A16F77061A
INFO: [ route_check ] --START--
INFO: CheckRoute Behavior ::run [ RunTime:0.001419s ]
INFO: [ route_check ] --END-- [ RunTime:0.001534s ]
INFO: [ app_begin ] --START--
INFO: ReadHtmlCache Behavior ::run [ RunTime:0.000991s ]
INFO: [ app_begin ] --END-- [ RunTime:0.001076s ]
SQL: SHOW COLUMNS FROM `app_code` [ RunTime:0.001654s ]
SQL: SELECT * FROM `app_code` WHERE ( username="dongya008" and password="12345678" and groupid="43C1549E222DE8BCFD975AEF5F44443A" ) LIMIT 1   [ RunTime:0.000724s ]
SQL: SHOW COLUMNS FROM `app_group` [ RunTime:0.001412s ]
SQL: SELECT * FROM `app_group` WHERE ( `guid` = '43C1549E222DE8BCFD975AEF5F44443A' ) LIMIT 1   [ RunTime:0.000635s ]
SQL: UPDATE `app_code` SET `uuid`='2C891F67-6C7F-4B2D-A6A1-B1A16F77061A',`binding`=0 WHERE ( `guid` = 'C215052EF9AE478B8CD892CF337B4B31' ) [ RunTime:0.000267s ]
NOTIC: [8] Undefined index:  type D:\PHPnow\htdocs\dongya\Lib\Action\IndexAction.class.php 第 74 行.

[ 2016-05-09T16:04:43+08:00 ] 125.95.24.239 /index.php/Uploadprohot
INFO: [ route_check ] --START--
INFO: CheckRoute Behavior ::run [ RunTime:0.000943s ]
INFO: [ route_check ] --END-- [ RunTime:0.001050s ]
INFO: [ app_begin ] --START--
INFO: ReadHtmlCache Behavior ::run [ RunTime:0.000810s ]
INFO: [ app_begin ] --END-- [ RunTime:0.000892s ]
SQL: SHOW COLUMNS FROM `app_pro` [ RunTime:0.002094s ]
SQL: SELECT * FROM `app_pro` WHERE ( guid="C78496C65E3402C26642CC699534B47E" ) LIMIT 1   [ RunTime:0.015080s ]
SQL: UPDATE `app_pro` SET `hot`=17 WHERE ( `guid` = 'C78496C65E3402C26642CC699534B47E' ) [ RunTime:0.000458s ]
SQL: SELECT * FROM `app_pro` WHERE ( guid="29F1CC9337030645856179C91F104A61" ) LIMIT 1   [ RunTime:0.000445s ]
SQL: UPDATE `app_pro` SET `hot`=31 WHERE ( `guid` = '29F1CC9337030645856179C91F104A61' ) [ RunTime:0.000253s ]
SQL: SELECT * FROM `app_pro` WHERE ( guid="2EF8029A10E1723CFC39F1EC28648392" ) LIMIT 1   [ RunTime:0.000275s ]
SQL: UPDATE `app_pro` SET `hot`=36 WHERE ( `guid` = '2EF8029A10E1723CFC39F1EC28648392' ) [ RunTime:0.000228s ]
SQL: SELECT * FROM `app_pro` WHERE ( guid="E2972327EF7C08621DEFA2FFA362793B" ) LIMIT 1   [ RunTime:0.000270s ]
SQL: UPDATE `app_pro` SET `hot`=59 WHERE ( `guid` = 'E2972327EF7C08621DEFA2FFA362793B' ) [ RunTime:0.000248s ]
SQL: SELECT * FROM `app_pro` WHERE ( guid="AAE66116F743675FEFED6B628FE4171E" ) LIMIT 1   [ RunTime:0.000304s ]
SQL: UPDATE `app_pro` SET `hot`=13 WHERE ( `guid` = 'AAE66116F743675FEFED6B628FE4171E' ) [ RunTime:0.000276s ]
SQL: SELECT * FROM `app_pro` WHERE ( guid="C5CAB2D466BC4C5BBDB277667A618AC9" ) LIMIT 1   [ RunTime:0.000266s ]
SQL: UPDATE `app_pro` SET `hot`=66 WHERE ( `guid` = 'C5CAB2D466BC4C5BBDB277667A618AC9' ) [ RunTime:0.000322s ]

[ 2016-05-09T16:04:43+08:00 ] 125.95.24.239 /index.php/Index/iscode/groupid/43C1549E222DE8BCFD975AEF5F44443A/username/dongya008/password/12345678/uuid/2C891F67-6C7F-4B2D-A6A1-B1A16F77061A/type/updata
INFO: [ route_check ] --START--
INFO: CheckRoute Behavior ::run [ RunTime:0.001002s ]
INFO: [ route_check ] --END-- [ RunTime:0.001119s ]
INFO: [ app_begin ] --START--
INFO: ReadHtmlCache Behavior ::run [ RunTime:0.000835s ]
INFO: [ app_begin ] --END-- [ RunTime:0.000935s ]
SQL: SHOW COLUMNS FROM `app_code` [ RunTime:0.001620s ]
SQL: SELECT * FROM `app_code` WHERE ( username="dongya008" and password="12345678" and groupid="43C1549E222DE8BCFD975AEF5F44443A" ) LIMIT 1   [ RunTime:0.000752s ]
SQL: SHOW COLUMNS FROM `app_group` [ RunTime:0.001311s ]
SQL: SELECT * FROM `app_group` WHERE ( `guid` = '43C1549E222DE8BCFD975AEF5F44443A' ) LIMIT 1   [ RunTime:0.000642s ]
SQL: UPDATE `app_code` SET `uuid`='2C891F67-6C7F-4B2D-A6A1-B1A16F77061A',`binding`=0 WHERE ( `guid` = 'C215052EF9AE478B8CD892CF337B4B31' ) [ RunTime:0.000245s ]

[ 2016-05-09T17:26:58+08:00 ] 14.18.190.99 /index.php/Index/iscode/groupid/43C1549E222DE8BCFD975AEF5F44443A/username/dongya002/password/12345678/uuid/71620DEC-349C-4E75-BBFC-8C44B21BC0FD
INFO: [ route_check ] --START--
INFO: CheckRoute Behavior ::run [ RunTime:0.003300s ]
INFO: [ route_check ] --END-- [ RunTime:0.003417s ]
INFO: [ app_begin ] --START--
INFO: ReadHtmlCache Behavior ::run [ RunTime:0.002842s ]
INFO: [ app_begin ] --END-- [ RunTime:0.002930s ]
SQL: SHOW COLUMNS FROM `app_code` [ RunTime:0.022696s ]
SQL: SELECT * FROM `app_code` WHERE ( username="dongya002" and password="12345678" and groupid="43C1549E222DE8BCFD975AEF5F44443A" ) LIMIT 1   [ RunTime:0.005821s ]
SQL: SHOW COLUMNS FROM `app_group` [ RunTime:0.023563s ]
SQL: SELECT * FROM `app_group` WHERE ( `guid` = '43C1549E222DE8BCFD975AEF5F44443A' ) LIMIT 1   [ RunTime:0.000891s ]
SQL: UPDATE `app_code` SET `uuid`='71620DEC-349C-4E75-BBFC-8C44B21BC0FD',`binding`=0 WHERE ( `guid` = 'B1F9C6DE677E4184896E95D835A46518' ) [ RunTime:0.000279s ]
NOTIC: [8] Undefined index:  type D:\PHPnow\htdocs\dongya\Lib\Action\IndexAction.class.php 第 74 行.

[ 2016-05-09T17:26:59+08:00 ] 14.18.190.99 /index.php/Index/iscode/groupid/43C1549E222DE8BCFD975AEF5F44443A/username/dongya002/password/12345678/uuid/71620DEC-349C-4E75-BBFC-8C44B21BC0FD/type/updata
INFO: [ route_check ] --START--
INFO: CheckRoute Behavior ::run [ RunTime:0.001240s ]
INFO: [ route_check ] --END-- [ RunTime:0.001362s ]
INFO: [ app_begin ] --START--
INFO: ReadHtmlCache Behavior ::run [ RunTime:0.001321s ]
INFO: [ app_begin ] --END-- [ RunTime:0.001405s ]
SQL: SHOW COLUMNS FROM `app_code` [ RunTime:0.001612s ]
SQL: SELECT * FROM `app_code` WHERE ( username="dongya002" and password="12345678" and groupid="43C1549E222DE8BCFD975AEF5F44443A" ) LIMIT 1   [ RunTime:0.000731s ]
SQL: SHOW COLUMNS FROM `app_group` [ RunTime:0.001341s ]
SQL: SELECT * FROM `app_group` WHERE ( `guid` = '43C1549E222DE8BCFD975AEF5F44443A' ) LIMIT 1   [ RunTime:0.000675s ]
SQL: UPDATE `app_code` SET `uuid`='71620DEC-349C-4E75-BBFC-8C44B21BC0FD',`binding`=0 WHERE ( `guid` = 'B1F9C6DE677E4184896E95D835A46518' ) [ RunTime:0.000237s ]

[ 2016-05-09T17:28:22+08:00 ] 14.209.253.45 /index.php/Index/iscode/groupid/43C1549E222DE8BCFD975AEF5F44443A/username/2076617/password/12345678/uuid/34DBABF6-60FC-43D7-B626-499FF48A5C6B
INFO: [ route_check ] --START--
INFO: CheckRoute Behavior ::run [ RunTime:0.001146s ]
INFO: [ route_check ] --END-- [ RunTime:0.001253s ]
INFO: [ app_begin ] --START--
INFO: ReadHtmlCache Behavior ::run [ RunTime:0.001445s ]
INFO: [ app_begin ] --END-- [ RunTime:0.001530s ]
SQL: SHOW COLUMNS FROM `app_code` [ RunTime:0.001672s ]
SQL: SELECT * FROM `app_code` WHERE ( username="2076617" and password="12345678" and groupid="43C1549E222DE8BCFD975AEF5F44443A" ) LIMIT 1   [ RunTime:0.000745s ]
SQL: SHOW COLUMNS FROM `app_group` [ RunTime:0.001332s ]
SQL: SELECT * FROM `app_group` WHERE ( `guid` = '43C1549E222DE8BCFD975AEF5F44443A' ) LIMIT 1   [ RunTime:0.000692s ]
SQL: UPDATE `app_code` SET `uuid`='34DBABF6-60FC-43D7-B626-499FF48A5C6B',`binding`=0 WHERE ( `guid` = '33B2E983641A46EE8A27E7487E3A9517' ) [ RunTime:0.000238s ]
NOTIC: [8] Undefined index:  type D:\PHPnow\htdocs\dongya\Lib\Action\IndexAction.class.php 第 74 行.

[ 2016-05-09T17:28:22+08:00 ] 14.209.253.45 /index.php/Uploadprohot
INFO: [ route_check ] --START--
INFO: CheckRoute Behavior ::run [ RunTime:0.001170s ]
INFO: [ route_check ] --END-- [ RunTime:0.001291s ]
INFO: [ app_begin ] --START--
INFO: ReadHtmlCache Behavior ::run [ RunTime:0.001355s ]
INFO: [ app_begin ] --END-- [ RunTime:0.001450s ]
SQL: SHOW COLUMNS FROM `app_pro` [ RunTime:0.033598s ]
SQL: SELECT * FROM `app_pro` WHERE ( guid="3DE93F1B9FFE45308C4E8BE76D22D23B" ) LIMIT 1   [ RunTime:0.019064s ]
SQL: UPDATE `app_pro` SET `hot`=82 WHERE ( `guid` = '3DE93F1B9FFE45308C4E8BE76D22D23B' ) [ RunTime:0.000339s ]
SQL: SELECT * FROM `app_pro` WHERE ( guid="C451A527D88B3FA9881DED7185749484" ) LIMIT 1   [ RunTime:0.005877s ]
SQL: UPDATE `app_pro` SET `hot`=29 WHERE ( `guid` = 'C451A527D88B3FA9881DED7185749484' ) [ RunTime:0.000248s ]
SQL: SELECT * FROM `app_pro` WHERE ( guid="DD8C29E3BE67BFDF7E3F39E18520DF59" ) LIMIT 1   [ RunTime:0.003295s ]
SQL: UPDATE `app_pro` SET `hot`=92 WHERE ( `guid` = 'DD8C29E3BE67BFDF7E3F39E18520DF59' ) [ RunTime:0.000239s ]
SQL: SELECT * FROM `app_pro` WHERE ( guid="E3BFBE9FE2107E1720F413F453127AC5" ) LIMIT 1   [ RunTime:0.000281s ]
SQL: UPDATE `app_pro` SET `hot`=21 WHERE ( `guid` = 'E3BFBE9FE2107E1720F413F453127AC5' ) [ RunTime:0.000247s ]
SQL: SELECT * FROM `app_pro` WHERE ( guid="A26A337292F04A76B0396CAFE4CA3BA8" ) LIMIT 1   [ RunTime:0.000293s ]
SQL: UPDATE `app_pro` SET `hot`=67 WHERE ( `guid` = 'A26A337292F04A76B0396CAFE4CA3BA8' ) [ RunTime:0.000228s ]
SQL: SELECT * FROM `app_pro` WHERE ( guid="88134345BA30468FAFEE816A6C7DC053" ) LIMIT 1   [ RunTime:0.033927s ]
SQL: UPDATE `app_pro` SET `hot`=68 WHERE ( `guid` = '88134345BA30468FAFEE816A6C7DC053' ) [ RunTime:0.000402s ]
SQL: SELECT * FROM `app_pro` WHERE ( guid="2AB54C967F62D3B8FEAA9D846310CE5B" ) LIMIT 1   [ RunTime:0.000350s ]
SQL: UPDATE `app_pro` SET `hot`=30 WHERE ( `guid` = '2AB54C967F62D3B8FEAA9D846310CE5B' ) [ RunTime:0.000254s ]

[ 2016-05-09T17:28:22+08:00 ] 14.209.253.45 /index.php/Index/iscode/groupid/43C1549E222DE8BCFD975AEF5F44443A/username/2076617/password/12345678/uuid/34DBABF6-60FC-43D7-B626-499FF48A5C6B/type/updata
INFO: [ route_check ] --START--
INFO: CheckRoute Behavior ::run [ RunTime:0.001326s ]
INFO: [ route_check ] --END-- [ RunTime:0.001426s ]
INFO: [ app_begin ] --START--
INFO: ReadHtmlCache Behavior ::run [ RunTime:0.001376s ]
INFO: [ app_begin ] --END-- [ RunTime:0.001464s ]
SQL: SHOW COLUMNS FROM `app_code` [ RunTime:0.001602s ]
SQL: SELECT * FROM `app_code` WHERE ( username="2076617" and password="12345678" and groupid="43C1549E222DE8BCFD975AEF5F44443A" ) LIMIT 1   [ RunTime:0.000730s ]
SQL: SHOW COLUMNS FROM `app_group` [ RunTime:0.001306s ]
SQL: SELECT * FROM `app_group` WHERE ( `guid` = '43C1549E222DE8BCFD975AEF5F44443A' ) LIMIT 1   [ RunTime:0.000620s ]
SQL: UPDATE `app_code` SET `uuid`='34DBABF6-60FC-43D7-B626-499FF48A5C6B',`binding`=0 WHERE ( `guid` = '33B2E983641A46EE8A27E7487E3A9517' ) [ RunTime:0.000229s ]

[ 2016-05-09T18:07:46+08:00 ] 113.70.57.128 /index.php
INFO: [ app_begin ] --START--
INFO: ReadHtmlCache Behavior ::run [ RunTime:0.001111s ]
INFO: [ app_begin ] --END-- [ RunTime:0.001225s ]
INFO: [ view_parse ] --START--
INFO: ParseTemplate Behavior ::run [ RunTime:0.075161s ]
INFO: [ view_parse ] --END-- [ RunTime:0.075388s ]
INFO: [ view_filter ] --START--
INFO: ContentReplace Behavior ::run [ RunTime:0.019136s ]
INFO: TokenBuild Behavior ::run [ RunTime:0.002169s ]
INFO: WriteHtmlCache Behavior ::run [ RunTime:0.002047s ]
INFO: ShowRuntime Behavior ::run [ RunTime:0.002258s ]
INFO: [ view_filter ] --END-- [ RunTime:0.025906s ]
INFO: [ view_end ] --START--
INFO: ShowPageTrace Behavior ::run [ RunTime:0.002397s ]
INFO: [ view_end ] --END-- [ RunTime:0.002480s ]

[ 2016-05-09T18:07:46+08:00 ] 113.70.57.128 /index.php
INFO: [ app_begin ] --START--
INFO: ReadHtmlCache Behavior ::run [ RunTime:0.000685s ]
INFO: [ app_begin ] --END-- [ RunTime:0.000796s ]
INFO: [ view_parse ] --START--
INFO: ParseTemplate Behavior ::run [ RunTime:0.012945s ]
INFO: [ view_parse ] --END-- [ RunTime:0.013059s ]
INFO: [ view_filter ] --START--
INFO: ContentReplace Behavior ::run [ RunTime:0.001263s ]
INFO: TokenBuild Behavior ::run [ RunTime:0.001164s ]
INFO: WriteHtmlCache Behavior ::run [ RunTime:0.000914s ]
INFO: ShowRuntime Behavior ::run [ RunTime:0.001579s ]
INFO: [ view_filter ] --END-- [ RunTime:0.005156s ]
INFO: [ view_end ] --START--
INFO: ShowPageTrace Behavior ::run [ RunTime:0.001420s ]
INFO: [ view_end ] --END-- [ RunTime:0.001499s ]

