[ 2016-03-01T09:57:07+08:00 ] 113.70.56.45 /index.php/Index/iscode/groupid/43C1549E222DE8BCFD975AEF5F44443A/username/dyapple/password/123123/uuid/2DE9FA44-5815-47C2-95BC-55336CEB9786
INFO: [ route_check ] --START--
INFO: CheckRoute Behavior ::run [ RunTime:0.001665s ]
INFO: [ route_check ] --END-- [ RunTime:0.001779s ]
INFO: [ app_begin ] --START--
INFO: ReadHtmlCache Behavior ::run [ RunTime:0.001318s ]
INFO: [ app_begin ] --END-- [ RunTime:0.001404s ]
SQL: SHOW COLUMNS FROM `app_code` [ RunTime:0.001651s ]
SQL: SELECT * FROM `app_code` WHERE ( username="dyapple" and password="123123" and groupid="43C1549E222DE8BCFD975AEF5F44443A" ) LIMIT 1   [ RunTime:0.000701s ]
SQL: SHOW COLUMNS FROM `app_group` [ RunTime:0.001306s ]
SQL: SELECT * FROM `app_group` LIMIT 1   [ RunTime:0.000594s ]

[ 2016-03-01T09:58:17+08:00 ] 113.70.56.45 /index.php/Index/iscode/groupid/43C1549E222DE8BCFD975AEF5F44443A/username/dyapple/password/dyapple/uuid/2DE9FA44-5815-47C2-95BC-55336CEB9786
INFO: [ route_check ] --START--
INFO: CheckRoute Behavior ::run [ RunTime:0.001725s ]
INFO: [ route_check ] --END-- [ RunTime:0.001850s ]
INFO: [ app_begin ] --START--
INFO: ReadHtmlCache Behavior ::run [ RunTime:0.001318s ]
INFO: [ app_begin ] --END-- [ RunTime:0.001403s ]
SQL: SHOW COLUMNS FROM `app_code` [ RunTime:0.001687s ]
SQL: SELECT * FROM `app_code` WHERE ( username="dyapple" and password="dyapple" and groupid="43C1549E222DE8BCFD975AEF5F44443A" ) LIMIT 1   [ RunTime:0.000707s ]
SQL: SHOW COLUMNS FROM `app_group` [ RunTime:0.001322s ]
SQL: SELECT * FROM `app_group` WHERE ( `guid` = '43C1549E222DE8BCFD975AEF5F44443A' ) LIMIT 1   [ RunTime:0.000626s ]
SQL: UPDATE `app_code` SET `uuid`='2DE9FA44-5815-47C2-95BC-55336CEB9786',`binding`=0 WHERE ( `guid` = '458F36224D0DF3409E492D7F15A3D4CB' ) [ RunTime:0.000258s ]
NOTIC: [8] Undefined index:  type D:\PHPnow\htdocs\dongya\Lib\Action\IndexAction.class.php 第 75 行.

[ 2016-03-01T09:58:17+08:00 ] 113.70.56.45 /index.php/Index/iscode/groupid/43C1549E222DE8BCFD975AEF5F44443A/username/dyapple/password/dyapple/uuid/2DE9FA44-5815-47C2-95BC-55336CEB9786/type/updata
INFO: [ route_check ] --START--
INFO: CheckRoute Behavior ::run [ RunTime:0.001731s ]
INFO: [ route_check ] --END-- [ RunTime:0.001849s ]
INFO: [ app_begin ] --START--
INFO: ReadHtmlCache Behavior ::run [ RunTime:0.001333s ]
INFO: [ app_begin ] --END-- [ RunTime:0.001421s ]
SQL: SHOW COLUMNS FROM `app_code` [ RunTime:0.002375s ]
SQL: SELECT * FROM `app_code` WHERE ( username="dyapple" and password="dyapple" and groupid="43C1549E222DE8BCFD975AEF5F44443A" ) LIMIT 1   [ RunTime:0.000710s ]
SQL: SHOW COLUMNS FROM `app_group` [ RunTime:0.001303s ]
SQL: SELECT * FROM `app_group` WHERE ( `guid` = '43C1549E222DE8BCFD975AEF5F44443A' ) LIMIT 1   [ RunTime:0.000628s ]
SQL: UPDATE `app_code` SET `uuid`='2DE9FA44-5815-47C2-95BC-55336CEB9786',`binding`=0 WHERE ( `guid` = '458F36224D0DF3409E492D7F15A3D4CB' ) [ RunTime:0.000247s ]

[ 2016-03-01T09:58:26+08:00 ] 113.70.56.45 /index.php/Index/iscode/groupid/43C1549E222DE8BCFD975AEF5F44443A/username/dyapple/password/dyapple/uuid/2DE9FA44-5815-47C2-95BC-55336CEB9786/type/updata
INFO: [ route_check ] --START--
INFO: CheckRoute Behavior ::run [ RunTime:0.001690s ]
INFO: [ route_check ] --END-- [ RunTime:0.001795s ]
INFO: [ app_begin ] --START--
INFO: ReadHtmlCache Behavior ::run [ RunTime:0.001322s ]
INFO: [ app_begin ] --END-- [ RunTime:0.001409s ]
SQL: SHOW COLUMNS FROM `app_code` [ RunTime:0.001633s ]
SQL: SELECT * FROM `app_code` WHERE ( username="dyapple" and password="dyapple" and groupid="43C1549E222DE8BCFD975AEF5F44443A" ) LIMIT 1   [ RunTime:0.000712s ]
SQL: SHOW COLUMNS FROM `app_group` [ RunTime:0.001345s ]
SQL: SELECT * FROM `app_group` WHERE ( `guid` = '43C1549E222DE8BCFD975AEF5F44443A' ) LIMIT 1   [ RunTime:0.000634s ]
SQL: UPDATE `app_code` SET `uuid`='2DE9FA44-5815-47C2-95BC-55336CEB9786',`binding`=0 WHERE ( `guid` = '458F36224D0DF3409E492D7F15A3D4CB' ) [ RunTime:0.000244s ]

[ 2016-03-01T09:58:39+08:00 ] 113.70.56.45 /index.php/Index/iscode/groupid/43C1549E222DE8BCFD975AEF5F44443A/username/dyapple/password/123123/uuid/2DE9FA44-5815-47C2-95BC-55336CEB9786
INFO: [ route_check ] --START--
INFO: CheckRoute Behavior ::run [ RunTime:0.001701s ]
INFO: [ route_check ] --END-- [ RunTime:0.001822s ]
INFO: [ app_begin ] --START--
INFO: ReadHtmlCache Behavior ::run [ RunTime:0.001323s ]
INFO: [ app_begin ] --END-- [ RunTime:0.001410s ]
SQL: SHOW COLUMNS FROM `app_code` [ RunTime:0.001666s ]
SQL: SELECT * FROM `app_code` WHERE ( username="dyapple" and password="123123" and groupid="43C1549E222DE8BCFD975AEF5F44443A" ) LIMIT 1   [ RunTime:0.000779s ]
SQL: SHOW COLUMNS FROM `app_group` [ RunTime:0.001409s ]
SQL: SELECT * FROM `app_group` LIMIT 1   [ RunTime:0.000613s ]

[ 2016-03-01T09:58:40+08:00 ] 113.70.56.45 /index.php/Index/iscode/groupid/43C1549E222DE8BCFD975AEF5F44443A/username/dyapple/password/123123/uuid/2DE9FA44-5815-47C2-95BC-55336CEB9786
INFO: [ route_check ] --START--
INFO: CheckRoute Behavior ::run [ RunTime:0.002251s ]
INFO: [ route_check ] --END-- [ RunTime:0.002371s ]
INFO: [ app_begin ] --START--
INFO: ReadHtmlCache Behavior ::run [ RunTime:0.001391s ]
INFO: [ app_begin ] --END-- [ RunTime:0.001483s ]
SQL: SHOW COLUMNS FROM `app_code` [ RunTime:0.001661s ]
SQL: SELECT * FROM `app_code` WHERE ( username="dyapple" and password="123123" and groupid="43C1549E222DE8BCFD975AEF5F44443A" ) LIMIT 1   [ RunTime:0.000740s ]
SQL: SHOW COLUMNS FROM `app_group` [ RunTime:0.001309s ]
SQL: SELECT * FROM `app_group` LIMIT 1   [ RunTime:0.000615s ]

[ 2016-03-01T09:58:41+08:00 ] 113.70.56.45 /index.php/Index/iscode/groupid/43C1549E222DE8BCFD975AEF5F44443A/username/dyapple/password/123123/uuid/2DE9FA44-5815-47C2-95BC-55336CEB9786
INFO: [ route_check ] --START--
INFO: CheckRoute Behavior ::run [ RunTime:0.001753s ]
INFO: [ route_check ] --END-- [ RunTime:0.001881s ]
INFO: [ app_begin ] --START--
INFO: ReadHtmlCache Behavior ::run [ RunTime:0.001324s ]
INFO: [ app_begin ] --END-- [ RunTime:0.001412s ]
SQL: SHOW COLUMNS FROM `app_code` [ RunTime:0.001787s ]
SQL: SELECT * FROM `app_code` WHERE ( username="dyapple" and password="123123" and groupid="43C1549E222DE8BCFD975AEF5F44443A" ) LIMIT 1   [ RunTime:0.000740s ]
SQL: SHOW COLUMNS FROM `app_group` [ RunTime:0.001329s ]
SQL: SELECT * FROM `app_group` LIMIT 1   [ RunTime:0.000627s ]

[ 2016-03-01T09:58:41+08:00 ] 113.70.56.45 /index.php/Index/iscode/groupid/43C1549E222DE8BCFD975AEF5F44443A/username/dyapple/password/123123/uuid/2DE9FA44-5815-47C2-95BC-55336CEB9786
INFO: [ route_check ] --START--
INFO: CheckRoute Behavior ::run [ RunTime:0.001679s ]
INFO: [ route_check ] --END-- [ RunTime:0.001793s ]
INFO: [ app_begin ] --START--
INFO: ReadHtmlCache Behavior ::run [ RunTime:0.001795s ]
INFO: [ app_begin ] --END-- [ RunTime:0.001912s ]
SQL: SHOW COLUMNS FROM `app_code` [ RunTime:0.001701s ]
SQL: SELECT * FROM `app_code` WHERE ( username="dyapple" and password="123123" and groupid="43C1549E222DE8BCFD975AEF5F44443A" ) LIMIT 1   [ RunTime:0.000719s ]
SQL: SHOW COLUMNS FROM `app_group` [ RunTime:0.001321s ]
SQL: SELECT * FROM `app_group` LIMIT 1   [ RunTime:0.000614s ]

[ 2016-03-01T09:58:47+08:00 ] 113.70.56.45 /index.php/Index/iscode/groupid/43C1549E222DE8BCFD975AEF5F44443A/username/dyapple/password/dyapple/uuid/2DE9FA44-5815-47C2-95BC-55336CEB9786
INFO: [ route_check ] --START--
INFO: CheckRoute Behavior ::run [ RunTime:0.001734s ]
INFO: [ route_check ] --END-- [ RunTime:0.001853s ]
INFO: [ app_begin ] --START--
INFO: ReadHtmlCache Behavior ::run [ RunTime:0.001325s ]
INFO: [ app_begin ] --END-- [ RunTime:0.001412s ]
SQL: SHOW COLUMNS FROM `app_code` [ RunTime:0.001820s ]
SQL: SELECT * FROM `app_code` WHERE ( username="dyapple" and password="dyapple" and groupid="43C1549E222DE8BCFD975AEF5F44443A" ) LIMIT 1   [ RunTime:0.000726s ]
SQL: SHOW COLUMNS FROM `app_group` [ RunTime:0.001402s ]
SQL: SELECT * FROM `app_group` WHERE ( `guid` = '43C1549E222DE8BCFD975AEF5F44443A' ) LIMIT 1   [ RunTime:0.000627s ]
SQL: UPDATE `app_code` SET `uuid`='2DE9FA44-5815-47C2-95BC-55336CEB9786',`binding`=0 WHERE ( `guid` = '458F36224D0DF3409E492D7F15A3D4CB' ) [ RunTime:0.000238s ]
NOTIC: [8] Undefined index:  type D:\PHPnow\htdocs\dongya\Lib\Action\IndexAction.class.php 第 75 行.

[ 2016-03-01T09:59:03+08:00 ] 113.70.56.45 /index.php/Index/iscode/groupid/43C1549E222DE8BCFD975AEF5F44443A/username/dyapple/password/dyapple/uuid/2DE9FA44-5815-47C2-95BC-55336CEB9786
INFO: [ route_check ] --START--
INFO: CheckRoute Behavior ::run [ RunTime:0.001709s ]
INFO: [ route_check ] --END-- [ RunTime:0.001866s ]
INFO: [ app_begin ] --START--
INFO: ReadHtmlCache Behavior ::run [ RunTime:0.001092s ]
INFO: [ app_begin ] --END-- [ RunTime:0.001201s ]
SQL: SHOW COLUMNS FROM `app_code` [ RunTime:0.001729s ]
SQL: SELECT * FROM `app_code` WHERE ( username="dyapple" and password="dyapple" and groupid="43C1549E222DE8BCFD975AEF5F44443A" ) LIMIT 1   [ RunTime:0.000952s ]
SQL: SHOW COLUMNS FROM `app_group` [ RunTime:0.001662s ]
SQL: SELECT * FROM `app_group` WHERE ( `guid` = '43C1549E222DE8BCFD975AEF5F44443A' ) LIMIT 1   [ RunTime:0.000667s ]
SQL: UPDATE `app_code` SET `uuid`='2DE9FA44-5815-47C2-95BC-55336CEB9786',`binding`=0 WHERE ( `guid` = '458F36224D0DF3409E492D7F15A3D4CB' ) [ RunTime:0.000254s ]
NOTIC: [8] Undefined index:  type D:\PHPnow\htdocs\dongya\Lib\Action\IndexAction.class.php 第 74 行.

[ 2016-03-01T09:59:15+08:00 ] 113.70.56.45 /index.php/Index/iscode/groupid/43C1549E222DE8BCFD975AEF5F44443A/username/dyapple/password/dyapple/uuid/2DE9FA44-5815-47C2-95BC-55336CEB9786
INFO: [ route_check ] --START--
INFO: CheckRoute Behavior ::run [ RunTime:0.001008s ]
INFO: [ route_check ] --END-- [ RunTime:0.001123s ]
INFO: [ app_begin ] --START--
INFO: ReadHtmlCache Behavior ::run [ RunTime:0.000816s ]
INFO: [ app_begin ] --END-- [ RunTime:0.000905s ]
SQL: SHOW COLUMNS FROM `app_code` [ RunTime:0.001775s ]
SQL: SELECT * FROM `app_code` WHERE ( username="dyapple" and password="dyapple" and groupid="43C1549E222DE8BCFD975AEF5F44443A" ) LIMIT 1   [ RunTime:0.000732s ]
SQL: SHOW COLUMNS FROM `app_group` [ RunTime:0.001351s ]
SQL: SELECT * FROM `app_group` WHERE ( `guid` = '43C1549E222DE8BCFD975AEF5F44443A' ) LIMIT 1   [ RunTime:0.000673s ]
SQL: UPDATE `app_code` SET `uuid`='2DE9FA44-5815-47C2-95BC-55336CEB9786',`binding`=0 WHERE ( `guid` = '458F36224D0DF3409E492D7F15A3D4CB' ) [ RunTime:0.000245s ]
NOTIC: [8] Undefined index:  type D:\PHPnow\htdocs\dongya\Lib\Action\IndexAction.class.php 第 74 行.

[ 2016-03-01T09:59:22+08:00 ] 113.70.56.45 /index.php/Index/iscode/groupid/43C1549E222DE8BCFD975AEF5F44443A/username/dyapple/password/dyapple/uuid/2DE9FA44-5815-47C2-95BC-55336CEB9786/type/updata
INFO: [ route_check ] --START--
INFO: CheckRoute Behavior ::run [ RunTime:0.001728s ]
INFO: [ route_check ] --END-- [ RunTime:0.001842s ]
INFO: [ app_begin ] --START--
INFO: ReadHtmlCache Behavior ::run [ RunTime:0.001412s ]
INFO: [ app_begin ] --END-- [ RunTime:0.001498s ]
SQL: SHOW COLUMNS FROM `app_code` [ RunTime:0.001780s ]
SQL: SELECT * FROM `app_code` WHERE ( username="dyapple" and password="dyapple" and groupid="43C1549E222DE8BCFD975AEF5F44443A" ) LIMIT 1   [ RunTime:0.000732s ]
SQL: SHOW COLUMNS FROM `app_group` [ RunTime:0.001297s ]
SQL: SELECT * FROM `app_group` WHERE ( `guid` = '43C1549E222DE8BCFD975AEF5F44443A' ) LIMIT 1   [ RunTime:0.000626s ]
SQL: UPDATE `app_code` SET `uuid`='2DE9FA44-5815-47C2-95BC-55336CEB9786',`binding`=0 WHERE ( `guid` = '458F36224D0DF3409E492D7F15A3D4CB' ) [ RunTime:0.000263s ]

[ 2016-03-01T09:59:23+08:00 ] 113.70.56.45 /index.php/Index/iscode/groupid/43C1549E222DE8BCFD975AEF5F44443A/username/dyapple/password/dyapple/uuid/2DE9FA44-5815-47C2-95BC-55336CEB9786/type/updata
INFO: [ route_check ] --START--
INFO: CheckRoute Behavior ::run [ RunTime:0.001522s ]
INFO: [ route_check ] --END-- [ RunTime:0.001638s ]
INFO: [ app_begin ] --START--
INFO: ReadHtmlCache Behavior ::run [ RunTime:0.001350s ]
INFO: [ app_begin ] --END-- [ RunTime:0.001438s ]
SQL: SHOW COLUMNS FROM `app_code` [ RunTime:0.001854s ]
SQL: SELECT * FROM `app_code` WHERE ( username="dyapple" and password="dyapple" and groupid="43C1549E222DE8BCFD975AEF5F44443A" ) LIMIT 1   [ RunTime:0.000737s ]
SQL: SHOW COLUMNS FROM `app_group` [ RunTime:0.001313s ]
SQL: SELECT * FROM `app_group` WHERE ( `guid` = '43C1549E222DE8BCFD975AEF5F44443A' ) LIMIT 1   [ RunTime:0.000632s ]
SQL: UPDATE `app_code` SET `uuid`='2DE9FA44-5815-47C2-95BC-55336CEB9786',`binding`=0 WHERE ( `guid` = '458F36224D0DF3409E492D7F15A3D4CB' ) [ RunTime:0.000243s ]

[ 2016-03-01T09:59:24+08:00 ] 113.70.56.45 /index.php/Index/iscode/groupid/43C1549E222DE8BCFD975AEF5F44443A/username/dyapple/password/dyapple/uuid/2DE9FA44-5815-47C2-95BC-55336CEB9786/type/updata
INFO: [ route_check ] --START--
INFO: CheckRoute Behavior ::run [ RunTime:0.001931s ]
INFO: [ route_check ] --END-- [ RunTime:0.002067s ]
INFO: [ app_begin ] --START--
INFO: ReadHtmlCache Behavior ::run [ RunTime:0.001451s ]
INFO: [ app_begin ] --END-- [ RunTime:0.001543s ]
SQL: SHOW COLUMNS FROM `app_code` [ RunTime:0.001710s ]
SQL: SELECT * FROM `app_code` WHERE ( username="dyapple" and password="dyapple" and groupid="43C1549E222DE8BCFD975AEF5F44443A" ) LIMIT 1   [ RunTime:0.000748s ]
SQL: SHOW COLUMNS FROM `app_group` [ RunTime:0.001452s ]
SQL: SELECT * FROM `app_group` WHERE ( `guid` = '43C1549E222DE8BCFD975AEF5F44443A' ) LIMIT 1   [ RunTime:0.000680s ]
SQL: UPDATE `app_code` SET `uuid`='2DE9FA44-5815-47C2-95BC-55336CEB9786',`binding`=0 WHERE ( `guid` = '458F36224D0DF3409E492D7F15A3D4CB' ) [ RunTime:0.000526s ]

[ 2016-03-01T09:59:25+08:00 ] 113.70.56.45 /index.php/Index/iscode/groupid/43C1549E222DE8BCFD975AEF5F44443A/username/dyapple/password/dyapple/uuid/2DE9FA44-5815-47C2-95BC-55336CEB9786/type/updata
INFO: [ route_check ] --START--
INFO: CheckRoute Behavior ::run [ RunTime:0.001515s ]
INFO: [ route_check ] --END-- [ RunTime:0.001638s ]
INFO: [ app_begin ] --START--
INFO: ReadHtmlCache Behavior ::run [ RunTime:0.001327s ]
INFO: [ app_begin ] --END-- [ RunTime:0.001413s ]
SQL: SHOW COLUMNS FROM `app_code` [ RunTime:0.001667s ]
SQL: SELECT * FROM `app_code` WHERE ( username="dyapple" and password="dyapple" and groupid="43C1549E222DE8BCFD975AEF5F44443A" ) LIMIT 1   [ RunTime:0.000714s ]
SQL: SHOW COLUMNS FROM `app_group` [ RunTime:0.001445s ]
SQL: SELECT * FROM `app_group` WHERE ( `guid` = '43C1549E222DE8BCFD975AEF5F44443A' ) LIMIT 1   [ RunTime:0.000852s ]
SQL: UPDATE `app_code` SET `uuid`='2DE9FA44-5815-47C2-95BC-55336CEB9786',`binding`=0 WHERE ( `guid` = '458F36224D0DF3409E492D7F15A3D4CB' ) [ RunTime:0.000245s ]

[ 2016-03-01T09:59:26+08:00 ] 113.70.56.45 /index.php/Index/iscode/groupid/43C1549E222DE8BCFD975AEF5F44443A/username/dyapple/password/dyapple/uuid/2DE9FA44-5815-47C2-95BC-55336CEB9786/type/updata
INFO: [ route_check ] --START--
INFO: CheckRoute Behavior ::run [ RunTime:0.001958s ]
INFO: [ route_check ] --END-- [ RunTime:0.002099s ]
INFO: [ app_begin ] --START--
INFO: ReadHtmlCache Behavior ::run [ RunTime:0.001567s ]
INFO: [ app_begin ] --END-- [ RunTime:0.001692s ]
SQL: SHOW COLUMNS FROM `app_code` [ RunTime:0.001651s ]
SQL: SELECT * FROM `app_code` WHERE ( username="dyapple" and password="dyapple" and groupid="43C1549E222DE8BCFD975AEF5F44443A" ) LIMIT 1   [ RunTime:0.000756s ]
SQL: SHOW COLUMNS FROM `app_group` [ RunTime:0.001387s ]
SQL: SELECT * FROM `app_group` WHERE ( `guid` = '43C1549E222DE8BCFD975AEF5F44443A' ) LIMIT 1   [ RunTime:0.000744s ]
SQL: UPDATE `app_code` SET `uuid`='2DE9FA44-5815-47C2-95BC-55336CEB9786',`binding`=0 WHERE ( `guid` = '458F36224D0DF3409E492D7F15A3D4CB' ) [ RunTime:0.000262s ]

[ 2016-03-01T09:59:26+08:00 ] 113.70.56.45 /index.php/Index/iscode/groupid/43C1549E222DE8BCFD975AEF5F44443A/username/dyapple/password/dyapple/uuid/2DE9FA44-5815-47C2-95BC-55336CEB9786/type/updata
INFO: [ route_check ] --START--
INFO: CheckRoute Behavior ::run [ RunTime:0.001502s ]
INFO: [ route_check ] --END-- [ RunTime:0.001608s ]
INFO: [ app_begin ] --START--
INFO: ReadHtmlCache Behavior ::run [ RunTime:0.001516s ]
INFO: [ app_begin ] --END-- [ RunTime:0.001623s ]
SQL: SHOW COLUMNS FROM `app_code` [ RunTime:0.002064s ]
SQL: SELECT * FROM `app_code` WHERE ( username="dyapple" and password="dyapple" and groupid="43C1549E222DE8BCFD975AEF5F44443A" ) LIMIT 1   [ RunTime:0.000854s ]
SQL: SHOW COLUMNS FROM `app_group` [ RunTime:0.001781s ]
SQL: SELECT * FROM `app_group` WHERE ( `guid` = '43C1549E222DE8BCFD975AEF5F44443A' ) LIMIT 1   [ RunTime:0.000645s ]
SQL: UPDATE `app_code` SET `uuid`='2DE9FA44-5815-47C2-95BC-55336CEB9786',`binding`=0 WHERE ( `guid` = '458F36224D0DF3409E492D7F15A3D4CB' ) [ RunTime:0.000244s ]

[ 2016-03-01T09:59:27+08:00 ] 113.70.56.45 /index.php/Index/iscode/groupid/43C1549E222DE8BCFD975AEF5F44443A/username/dyapple/password/dyapple/uuid/2DE9FA44-5815-47C2-95BC-55336CEB9786/type/updata
INFO: [ route_check ] --START--
INFO: CheckRoute Behavior ::run [ RunTime:0.001515s ]
INFO: [ route_check ] --END-- [ RunTime:0.001618s ]
INFO: [ app_begin ] --START--
INFO: ReadHtmlCache Behavior ::run [ RunTime:0.001324s ]
INFO: [ app_begin ] --END-- [ RunTime:0.001411s ]
SQL: SHOW COLUMNS FROM `app_code` [ RunTime:0.001654s ]
SQL: SELECT * FROM `app_code` WHERE ( username="dyapple" and password="dyapple" and groupid="43C1549E222DE8BCFD975AEF5F44443A" ) LIMIT 1   [ RunTime:0.000722s ]
SQL: SHOW COLUMNS FROM `app_group` [ RunTime:0.001370s ]
SQL: SELECT * FROM `app_group` WHERE ( `guid` = '43C1549E222DE8BCFD975AEF5F44443A' ) LIMIT 1   [ RunTime:0.000634s ]
SQL: UPDATE `app_code` SET `uuid`='2DE9FA44-5815-47C2-95BC-55336CEB9786',`binding`=0 WHERE ( `guid` = '458F36224D0DF3409E492D7F15A3D4CB' ) [ RunTime:0.000242s ]

[ 2016-03-01T09:59:27+08:00 ] 113.70.56.45 /index.php/Index/iscode/groupid/43C1549E222DE8BCFD975AEF5F44443A/username/dyapple/password/dyapple/uuid/2DE9FA44-5815-47C2-95BC-55336CEB9786/type/updata
INFO: [ route_check ] --START--
INFO: CheckRoute Behavior ::run [ RunTime:0.001471s ]
INFO: [ route_check ] --END-- [ RunTime:0.001580s ]
INFO: [ app_begin ] --START--
INFO: ReadHtmlCache Behavior ::run [ RunTime:0.001326s ]
INFO: [ app_begin ] --END-- [ RunTime:0.001411s ]
SQL: SHOW COLUMNS FROM `app_code` [ RunTime:0.001692s ]
SQL: SELECT * FROM `app_code` WHERE ( username="dyapple" and password="dyapple" and groupid="43C1549E222DE8BCFD975AEF5F44443A" ) LIMIT 1   [ RunTime:0.000708s ]
SQL: SHOW COLUMNS FROM `app_group` [ RunTime:0.001283s ]
SQL: SELECT * FROM `app_group` WHERE ( `guid` = '43C1549E222DE8BCFD975AEF5F44443A' ) LIMIT 1   [ RunTime:0.000628s ]
SQL: UPDATE `app_code` SET `uuid`='2DE9FA44-5815-47C2-95BC-55336CEB9786',`binding`=0 WHERE ( `guid` = '458F36224D0DF3409E492D7F15A3D4CB' ) [ RunTime:0.000235s ]

[ 2016-03-01T09:59:28+08:00 ] 113.70.56.45 /index.php/Index/iscode/groupid/43C1549E222DE8BCFD975AEF5F44443A/username/dyapple/password/dyapple/uuid/2DE9FA44-5815-47C2-95BC-55336CEB9786/type/updata
INFO: [ route_check ] --START--
INFO: CheckRoute Behavior ::run [ RunTime:0.001539s ]
INFO: [ route_check ] --END-- [ RunTime:0.001657s ]
INFO: [ app_begin ] --START--
INFO: ReadHtmlCache Behavior ::run [ RunTime:0.001461s ]
INFO: [ app_begin ] --END-- [ RunTime:0.001548s ]
SQL: SHOW COLUMNS FROM `app_code` [ RunTime:0.001672s ]
SQL: SELECT * FROM `app_code` WHERE ( username="dyapple" and password="dyapple" and groupid="43C1549E222DE8BCFD975AEF5F44443A" ) LIMIT 1   [ RunTime:0.000984s ]
SQL: SHOW COLUMNS FROM `app_group` [ RunTime:0.001351s ]
SQL: SELECT * FROM `app_group` WHERE ( `guid` = '43C1549E222DE8BCFD975AEF5F44443A' ) LIMIT 1   [ RunTime:0.000663s ]
SQL: UPDATE `app_code` SET `uuid`='2DE9FA44-5815-47C2-95BC-55336CEB9786',`binding`=0 WHERE ( `guid` = '458F36224D0DF3409E492D7F15A3D4CB' ) [ RunTime:0.000242s ]

[ 2016-03-01T09:59:28+08:00 ] 113.70.56.45 /index.php/Index/iscode/groupid/43C1549E222DE8BCFD975AEF5F44443A/username/dyapple/password/dyapple/uuid/2DE9FA44-5815-47C2-95BC-55336CEB9786/type/updata
INFO: [ route_check ] --START--
INFO: CheckRoute Behavior ::run [ RunTime:0.001504s ]
INFO: [ route_check ] --END-- [ RunTime:0.001618s ]
INFO: [ app_begin ] --START--
INFO: ReadHtmlCache Behavior ::run [ RunTime:0.001324s ]
INFO: [ app_begin ] --END-- [ RunTime:0.001411s ]
SQL: SHOW COLUMNS FROM `app_code` [ RunTime:0.001636s ]
SQL: SELECT * FROM `app_code` WHERE ( username="dyapple" and password="dyapple" and groupid="43C1549E222DE8BCFD975AEF5F44443A" ) LIMIT 1   [ RunTime:0.000715s ]
SQL: SHOW COLUMNS FROM `app_group` [ RunTime:0.001347s ]
SQL: SELECT * FROM `app_group` WHERE ( `guid` = '43C1549E222DE8BCFD975AEF5F44443A' ) LIMIT 1   [ RunTime:0.000641s ]
SQL: UPDATE `app_code` SET `uuid`='2DE9FA44-5815-47C2-95BC-55336CEB9786',`binding`=0 WHERE ( `guid` = '458F36224D0DF3409E492D7F15A3D4CB' ) [ RunTime:0.000240s ]

[ 2016-03-01T09:59:28+08:00 ] 113.65.71.126 /index.php
INFO: [ app_begin ] --START--
INFO: ReadHtmlCache Behavior ::run [ RunTime:0.001428s ]
INFO: [ app_begin ] --END-- [ RunTime:0.001536s ]
INFO: [ view_parse ] --START--
INFO: ParseTemplate Behavior ::run [ RunTime:0.013752s ]
INFO: [ view_parse ] --END-- [ RunTime:0.013886s ]
INFO: [ view_filter ] --START--
INFO: ContentReplace Behavior ::run [ RunTime:0.001278s ]
INFO: TokenBuild Behavior ::run [ RunTime:0.001249s ]
INFO: WriteHtmlCache Behavior ::run [ RunTime:0.001329s ]
INFO: ShowRuntime Behavior ::run [ RunTime:0.001336s ]
INFO: [ view_filter ] --END-- [ RunTime:0.005431s ]
INFO: [ view_end ] --START--
INFO: ShowPageTrace Behavior ::run [ RunTime:0.001835s ]
INFO: [ view_end ] --END-- [ RunTime:0.001950s ]

[ 2016-03-01T09:59:29+08:00 ] 113.70.56.45 /index.php/Index/iscode/groupid/43C1549E222DE8BCFD975AEF5F44443A/username/dyapple/password/dyapple/uuid/2DE9FA44-5815-47C2-95BC-55336CEB9786/type/updata
INFO: [ route_check ] --START--
INFO: CheckRoute Behavior ::run [ RunTime:0.001554s ]
INFO: [ route_check ] --END-- [ RunTime:0.001680s ]
INFO: [ app_begin ] --START--
INFO: ReadHtmlCache Behavior ::run [ RunTime:0.001464s ]
INFO: [ app_begin ] --END-- [ RunTime:0.001551s ]
SQL: SHOW COLUMNS FROM `app_code` [ RunTime:0.001797s ]
SQL: SELECT * FROM `app_code` WHERE ( username="dyapple" and password="dyapple" and groupid="43C1549E222DE8BCFD975AEF5F44443A" ) LIMIT 1   [ RunTime:0.000711s ]
SQL: SHOW COLUMNS FROM `app_group` [ RunTime:0.001320s ]
SQL: SELECT * FROM `app_group` WHERE ( `guid` = '43C1549E222DE8BCFD975AEF5F44443A' ) LIMIT 1   [ RunTime:0.000829s ]
SQL: UPDATE `app_code` SET `uuid`='2DE9FA44-5815-47C2-95BC-55336CEB9786',`binding`=0 WHERE ( `guid` = '458F36224D0DF3409E492D7F15A3D4CB' ) [ RunTime:0.000237s ]

[ 2016-03-01T09:59:30+08:00 ] 113.70.56.45 /index.php/Index/iscode/groupid/43C1549E222DE8BCFD975AEF5F44443A/username/dyapple/password/dyapple/uuid/2DE9FA44-5815-47C2-95BC-55336CEB9786/type/updata
INFO: [ route_check ] --START--
INFO: CheckRoute Behavior ::run [ RunTime:0.001492s ]
INFO: [ route_check ] --END-- [ RunTime:0.001598s ]
INFO: [ app_begin ] --START--
INFO: ReadHtmlCache Behavior ::run [ RunTime:0.001324s ]
INFO: [ app_begin ] --END-- [ RunTime:0.001410s ]
SQL: SHOW COLUMNS FROM `app_code` [ RunTime:0.001780s ]
SQL: SELECT * FROM `app_code` WHERE ( username="dyapple" and password="dyapple" and groupid="43C1549E222DE8BCFD975AEF5F44443A" ) LIMIT 1   [ RunTime:0.000747s ]
SQL: SHOW COLUMNS FROM `app_group` [ RunTime:0.001374s ]
SQL: SELECT * FROM `app_group` WHERE ( `guid` = '43C1549E222DE8BCFD975AEF5F44443A' ) LIMIT 1   [ RunTime:0.000745s ]
SQL: UPDATE `app_code` SET `uuid`='2DE9FA44-5815-47C2-95BC-55336CEB9786',`binding`=0 WHERE ( `guid` = '458F36224D0DF3409E492D7F15A3D4CB' ) [ RunTime:0.000253s ]

[ 2016-03-01T09:59:30+08:00 ] 113.70.56.45 /index.php/Index/iscode/groupid/43C1549E222DE8BCFD975AEF5F44443A/username/dyapple/password/dyapple/uuid/2DE9FA44-5815-47C2-95BC-55336CEB9786/type/updata
INFO: [ route_check ] --START--
INFO: CheckRoute Behavior ::run [ RunTime:0.001811s ]
INFO: [ route_check ] --END-- [ RunTime:0.001970s ]
INFO: [ app_begin ] --START--
INFO: ReadHtmlCache Behavior ::run [ RunTime:0.001843s ]
INFO: [ app_begin ] --END-- [ RunTime:0.001983s ]
SQL: SHOW COLUMNS FROM `app_code` [ RunTime:0.001619s ]
SQL: SELECT * FROM `app_code` WHERE ( username="dyapple" and password="dyapple" and groupid="43C1549E222DE8BCFD975AEF5F44443A" ) LIMIT 1   [ RunTime:0.000709s ]
SQL: SHOW COLUMNS FROM `app_group` [ RunTime:0.001327s ]
SQL: SELECT * FROM `app_group` WHERE ( `guid` = '43C1549E222DE8BCFD975AEF5F44443A' ) LIMIT 1   [ RunTime:0.000629s ]
SQL: UPDATE `app_code` SET `uuid`='2DE9FA44-5815-47C2-95BC-55336CEB9786',`binding`=0 WHERE ( `guid` = '458F36224D0DF3409E492D7F15A3D4CB' ) [ RunTime:0.000237s ]

[ 2016-03-01T09:59:31+08:00 ] 113.70.56.45 /index.php/Index/iscode/groupid/43C1549E222DE8BCFD975AEF5F44443A/username/dyapple/password/dyapple/uuid/2DE9FA44-5815-47C2-95BC-55336CEB9786/type/updata
INFO: [ route_check ] --START--
INFO: CheckRoute Behavior ::run [ RunTime:0.001620s ]
INFO: [ route_check ] --END-- [ RunTime:0.001754s ]
INFO: [ app_begin ] --START--
INFO: ReadHtmlCache Behavior ::run [ RunTime:0.001502s ]
INFO: [ app_begin ] --END-- [ RunTime:0.001590s ]
SQL: SHOW COLUMNS FROM `app_code` [ RunTime:0.002022s ]
SQL: SELECT * FROM `app_code` WHERE ( username="dyapple" and password="dyapple" and groupid="43C1549E222DE8BCFD975AEF5F44443A" ) LIMIT 1   [ RunTime:0.000728s ]
SQL: SHOW COLUMNS FROM `app_group` [ RunTime:0.001448s ]
SQL: SELECT * FROM `app_group` WHERE ( `guid` = '43C1549E222DE8BCFD975AEF5F44443A' ) LIMIT 1   [ RunTime:0.000660s ]
SQL: UPDATE `app_code` SET `uuid`='2DE9FA44-5815-47C2-95BC-55336CEB9786',`binding`=0 WHERE ( `guid` = '458F36224D0DF3409E492D7F15A3D4CB' ) [ RunTime:0.000243s ]

[ 2016-03-01T09:59:44+08:00 ] 113.65.71.126 /index.php/index/code_login
INFO: [ route_check ] --START--
INFO: CheckRoute Behavior ::run [ RunTime:0.001703s ]
INFO: [ route_check ] --END-- [ RunTime:0.001827s ]
INFO: [ app_begin ] --START--
INFO: ReadHtmlCache Behavior ::run [ RunTime:0.001387s ]
INFO: [ app_begin ] --END-- [ RunTime:0.001467s ]
SQL: SHOW COLUMNS FROM `app_member` [ RunTime:0.001814s ]
SQL: SELECT * FROM `app_member` WHERE ( username="dongya" and password="4297f44b13955235245b2497399d7a93" ) LIMIT 1   [ RunTime:0.000711s ]
SQL: SHOW COLUMNS FROM `app_admin` [ RunTime:0.001294s ]
SQL: SELECT * FROM `app_admin` WHERE ( username="dongya" and password="4297f44b13955235245b2497399d7a93" ) LIMIT 1   [ RunTime:0.000641s ]
SQL: SHOW COLUMNS FROM `app_group` [ RunTime:0.001519s ]
SQL: SELECT * FROM `app_group` WHERE ( `guid` = '43C1549E222DE8BCFD975AEF5F44443A' ) LIMIT 1   [ RunTime:0.000653s ]

[ 2016-03-01T09:59:44+08:00 ] 113.65.71.126 /index.php/Index/
INFO: [ route_check ] --START--
INFO: CheckRoute Behavior ::run [ RunTime:0.001523s ]
INFO: [ route_check ] --END-- [ RunTime:0.001630s ]
INFO: [ app_begin ] --START--
INFO: ReadHtmlCache Behavior ::run [ RunTime:0.001467s ]
INFO: [ app_begin ] --END-- [ RunTime:0.001566s ]

[ 2016-03-01T10:01:47+08:00 ] 113.70.56.45 /index.php/Index/iscode/groupid/43C1549E222DE8BCFD975AEF5F44443A/username/dyapple/password/dyapple/uuid/2DE9FA44-5815-47C2-95BC-55336CEB9786
INFO: [ route_check ] --START--
INFO: CheckRoute Behavior ::run [ RunTime:0.001559s ]
INFO: [ route_check ] --END-- [ RunTime:0.001673s ]
INFO: [ app_begin ] --START--
INFO: ReadHtmlCache Behavior ::run [ RunTime:0.001611s ]
INFO: [ app_begin ] --END-- [ RunTime:0.001702s ]
SQL: SHOW COLUMNS FROM `app_code` [ RunTime:0.017066s ]
SQL: SELECT * FROM `app_code` WHERE ( username="dyapple" and password="dyapple" and groupid="43C1549E222DE8BCFD975AEF5F44443A" ) LIMIT 1   [ RunTime:0.000761s ]
SQL: SHOW COLUMNS FROM `app_group` [ RunTime:0.001321s ]
SQL: SELECT * FROM `app_group` WHERE ( `guid` = '43C1549E222DE8BCFD975AEF5F44443A' ) LIMIT 1   [ RunTime:0.000705s ]
SQL: UPDATE `app_code` SET `uuid`='2DE9FA44-5815-47C2-95BC-55336CEB9786',`binding`=0 WHERE ( `guid` = '458F36224D0DF3409E492D7F15A3D4CB' ) [ RunTime:0.000251s ]
NOTIC: [8] Undefined index:  type D:\PHPnow\htdocs\dongya\Lib\Action\IndexAction.class.php 第 74 行.

[ 2016-03-01T10:01:47+08:00 ] 113.70.56.45 /index.php/Index/iscode/groupid/43C1549E222DE8BCFD975AEF5F44443A/username/dyapple/password/dyapple/uuid/2DE9FA44-5815-47C2-95BC-55336CEB9786/type/updata
INFO: [ route_check ] --START--
INFO: CheckRoute Behavior ::run [ RunTime:0.001547s ]
INFO: [ route_check ] --END-- [ RunTime:0.001662s ]
INFO: [ app_begin ] --START--
INFO: ReadHtmlCache Behavior ::run [ RunTime:0.001348s ]
INFO: [ app_begin ] --END-- [ RunTime:0.001436s ]
SQL: SHOW COLUMNS FROM `app_code` [ RunTime:0.001713s ]
SQL: SELECT * FROM `app_code` WHERE ( username="dyapple" and password="dyapple" and groupid="43C1549E222DE8BCFD975AEF5F44443A" ) LIMIT 1   [ RunTime:0.000726s ]
SQL: SHOW COLUMNS FROM `app_group` [ RunTime:0.001438s ]
SQL: SELECT * FROM `app_group` WHERE ( `guid` = '43C1549E222DE8BCFD975AEF5F44443A' ) LIMIT 1   [ RunTime:0.000679s ]
SQL: UPDATE `app_code` SET `uuid`='2DE9FA44-5815-47C2-95BC-55336CEB9786',`binding`=0 WHERE ( `guid` = '458F36224D0DF3409E492D7F15A3D4CB' ) [ RunTime:0.000246s ]

[ 2016-03-01T10:18:08+08:00 ] 113.65.71.126 /index.php/Index/iscode/groupid/FBD28554EC0105185717D33AF9592F58/username/dongya/password/123123/uuid/AD555B69-E05F-440F-8017-F8D6F2C5C55A
INFO: [ route_check ] --START--
INFO: CheckRoute Behavior ::run [ RunTime:0.001718s ]
INFO: [ route_check ] --END-- [ RunTime:0.001836s ]
INFO: [ app_begin ] --START--
INFO: ReadHtmlCache Behavior ::run [ RunTime:0.001363s ]
INFO: [ app_begin ] --END-- [ RunTime:0.001449s ]
SQL: SHOW COLUMNS FROM `app_code` [ RunTime:0.002192s ]
SQL: SELECT * FROM `app_code` WHERE ( username="dongya" and password="123123" and groupid="FBD28554EC0105185717D33AF9592F58" ) LIMIT 1   [ RunTime:0.000952s ]
SQL: SHOW COLUMNS FROM `app_group` [ RunTime:0.001632s ]
SQL: SELECT * FROM `app_group` LIMIT 1   [ RunTime:0.000815s ]

[ 2016-03-01T10:18:08+08:00 ] 113.65.71.126 /index.php/Index/iscode/groupid/FBD28554EC0105185717D33AF9592F58/username/dongya/password/123123/uuid/AD555B69-E05F-440F-8017-F8D6F2C5C55A/type/updata
INFO: [ route_check ] --START--
INFO: CheckRoute Behavior ::run [ RunTime:0.001928s ]
INFO: [ route_check ] --END-- [ RunTime:0.002043s ]
INFO: [ app_begin ] --START--
INFO: ReadHtmlCache Behavior ::run [ RunTime:0.001409s ]
INFO: [ app_begin ] --END-- [ RunTime:0.001500s ]
SQL: SHOW COLUMNS FROM `app_code` [ RunTime:0.001722s ]
SQL: SELECT * FROM `app_code` WHERE ( username="dongya" and password="123123" and groupid="FBD28554EC0105185717D33AF9592F58" ) LIMIT 1   [ RunTime:0.000834s ]
SQL: SHOW COLUMNS FROM `app_group` [ RunTime:0.001355s ]
SQL: SELECT * FROM `app_group` LIMIT 1   [ RunTime:0.000614s ]

[ 2016-03-01T10:18:11+08:00 ] 113.65.71.126 /index.php/Index/iscode/groupid/FBD28554EC0105185717D33AF9592F58/username/dongya/password/123123/uuid/AD555B69-E05F-440F-8017-F8D6F2C5C55A/type/updata
INFO: [ route_check ] --START--
INFO: CheckRoute Behavior ::run [ RunTime:0.001883s ]
INFO: [ route_check ] --END-- [ RunTime:0.002009s ]
INFO: [ app_begin ] --START--
INFO: ReadHtmlCache Behavior ::run [ RunTime:0.001543s ]
INFO: [ app_begin ] --END-- [ RunTime:0.001665s ]
SQL: SHOW COLUMNS FROM `app_code` [ RunTime:0.001770s ]
SQL: SELECT * FROM `app_code` WHERE ( username="dongya" and password="123123" and groupid="FBD28554EC0105185717D33AF9592F58" ) LIMIT 1   [ RunTime:0.000728s ]
SQL: SHOW COLUMNS FROM `app_group` [ RunTime:0.001302s ]
SQL: SELECT * FROM `app_group` LIMIT 1   [ RunTime:0.000675s ]

[ 2016-03-01T10:18:13+08:00 ] 113.65.71.126 /index.php/Index/iscode/groupid/FBD28554EC0105185717D33AF9592F58/username/dongya/password/123123/uuid/AD555B69-E05F-440F-8017-F8D6F2C5C55A/type/updata
INFO: [ route_check ] --START--
INFO: CheckRoute Behavior ::run [ RunTime:0.001711s ]
INFO: [ route_check ] --END-- [ RunTime:0.001829s ]
INFO: [ app_begin ] --START--
INFO: ReadHtmlCache Behavior ::run [ RunTime:0.002435s ]
INFO: [ app_begin ] --END-- [ RunTime:0.002590s ]
SQL: SHOW COLUMNS FROM `app_code` [ RunTime:0.001919s ]
SQL: SELECT * FROM `app_code` WHERE ( username="dongya" and password="123123" and groupid="FBD28554EC0105185717D33AF9592F58" ) LIMIT 1   [ RunTime:0.000871s ]
SQL: SHOW COLUMNS FROM `app_group` [ RunTime:0.001529s ]
SQL: SELECT * FROM `app_group` LIMIT 1   [ RunTime:0.000698s ]

[ 2016-03-01T10:26:10+08:00 ] 113.65.71.126 /index.php/Index/iscode/groupid/FBD28554EC0105185717D33AF9592F58/username/dongya/password/123123/uuid/AD555B69-E05F-440F-8017-F8D6F2C5C55A
INFO: [ route_check ] --START--
INFO: CheckRoute Behavior ::run [ RunTime:0.001372s ]
INFO: [ route_check ] --END-- [ RunTime:0.001482s ]
INFO: [ app_begin ] --START--
INFO: ReadHtmlCache Behavior ::run [ RunTime:0.001031s ]
INFO: [ app_begin ] --END-- [ RunTime:0.001134s ]
SQL: SHOW COLUMNS FROM `app_code` [ RunTime:0.001652s ]
SQL: SELECT * FROM `app_code` WHERE ( username="dongya" and password="123123" and groupid="FBD28554EC0105185717D33AF9592F58" ) LIMIT 1   [ RunTime:0.000720s ]
SQL: SHOW COLUMNS FROM `app_group` [ RunTime:0.001434s ]
SQL: SELECT * FROM `app_group` LIMIT 1   [ RunTime:0.000606s ]

[ 2016-03-01T10:26:10+08:00 ] 113.65.71.126 /index.php/Index/iscode/groupid/FBD28554EC0105185717D33AF9592F58/username/dongya/password/123123/uuid/AD555B69-E05F-440F-8017-F8D6F2C5C55A/type/updata
INFO: [ route_check ] --START--
INFO: CheckRoute Behavior ::run [ RunTime:0.001181s ]
INFO: [ route_check ] --END-- [ RunTime:0.001331s ]
INFO: [ app_begin ] --START--
INFO: ReadHtmlCache Behavior ::run [ RunTime:0.000825s ]
INFO: [ app_begin ] --END-- [ RunTime:0.000934s ]
SQL: SHOW COLUMNS FROM `app_code` [ RunTime:0.001884s ]
SQL: SELECT * FROM `app_code` WHERE ( username="dongya" and password="123123" and groupid="FBD28554EC0105185717D33AF9592F58" ) LIMIT 1   [ RunTime:0.000730s ]
SQL: SHOW COLUMNS FROM `app_group` [ RunTime:0.001456s ]
SQL: SELECT * FROM `app_group` LIMIT 1   [ RunTime:0.000698s ]

[ 2016-03-01T13:32:13+08:00 ] 183.62.183.114 /index.php/Index/iscode/groupid/43C1549E222DE8BCFD975AEF5F44443A/username/dongya/password/123123/uuid/318D4A23-6C42-4661-BEA9-5F736EA74902
INFO: [ route_check ] --START--
INFO: CheckRoute Behavior ::run [ RunTime:0.003787s ]
INFO: [ route_check ] --END-- [ RunTime:0.003913s ]
INFO: [ app_begin ] --START--
INFO: ReadHtmlCache Behavior ::run [ RunTime:0.002109s ]
INFO: [ app_begin ] --END-- [ RunTime:0.002202s ]
SQL: SHOW COLUMNS FROM `app_code` [ RunTime:0.026510s ]
SQL: SELECT * FROM `app_code` WHERE ( username="dongya" and password="123123" and groupid="43C1549E222DE8BCFD975AEF5F44443A" ) LIMIT 1   [ RunTime:0.000937s ]
SQL: SHOW COLUMNS FROM `app_group` [ RunTime:0.027006s ]
SQL: SELECT * FROM `app_group` WHERE ( `guid` = '43C1549E222DE8BCFD975AEF5F44443A' ) LIMIT 1   [ RunTime:0.000953s ]
SQL: UPDATE `app_code` SET `uuid`='318D4A23-6C42-4661-BEA9-5F736EA74902',`binding`=0 WHERE ( `guid` = 'FBD28554EC0105185717D33AF9592F58' ) [ RunTime:0.000297s ]
NOTIC: [8] Undefined index:  type D:\PHPnow\htdocs\dongya\Lib\Action\IndexAction.class.php 第 74 行.

[ 2016-03-01T13:32:13+08:00 ] 183.62.183.114 /index.php/Index/iscode/groupid/43C1549E222DE8BCFD975AEF5F44443A/username/dongya/password/123123/uuid/318D4A23-6C42-4661-BEA9-5F736EA74902/type/updata
INFO: [ route_check ] --START--
INFO: CheckRoute Behavior ::run [ RunTime:0.000967s ]
INFO: [ route_check ] --END-- [ RunTime:0.001080s ]
INFO: [ app_begin ] --START--
INFO: ReadHtmlCache Behavior ::run [ RunTime:0.000612s ]
INFO: [ app_begin ] --END-- [ RunTime:0.000695s ]
SQL: SHOW COLUMNS FROM `app_code` [ RunTime:0.001580s ]
SQL: SELECT * FROM `app_code` WHERE ( username="dongya" and password="123123" and groupid="43C1549E222DE8BCFD975AEF5F44443A" ) LIMIT 1   [ RunTime:0.000694s ]
SQL: SHOW COLUMNS FROM `app_group` [ RunTime:0.001280s ]
SQL: SELECT * FROM `app_group` WHERE ( `guid` = '43C1549E222DE8BCFD975AEF5F44443A' ) LIMIT 1   [ RunTime:0.000617s ]
SQL: UPDATE `app_code` SET `uuid`='318D4A23-6C42-4661-BEA9-5F736EA74902',`binding`=0 WHERE ( `guid` = 'FBD28554EC0105185717D33AF9592F58' ) [ RunTime:0.000233s ]

[ 2016-03-01T13:32:31+08:00 ] 183.62.183.114 /index.php/Index/iscode/groupid/43C1549E222DE8BCFD975AEF5F44443A/username/dongya/password/123123/uuid/318D4A23-6C42-4661-BEA9-5F736EA74902/type/updata
INFO: [ route_check ] --START--
INFO: CheckRoute Behavior ::run [ RunTime:0.000969s ]
INFO: [ route_check ] --END-- [ RunTime:0.001116s ]
INFO: [ app_begin ] --START--
INFO: ReadHtmlCache Behavior ::run [ RunTime:0.000626s ]
INFO: [ app_begin ] --END-- [ RunTime:0.000718s ]
SQL: SHOW COLUMNS FROM `app_code` [ RunTime:0.001818s ]
SQL: SELECT * FROM `app_code` WHERE ( username="dongya" and password="123123" and groupid="43C1549E222DE8BCFD975AEF5F44443A" ) LIMIT 1   [ RunTime:0.000877s ]
SQL: SHOW COLUMNS FROM `app_group` [ RunTime:0.001680s ]
SQL: SELECT * FROM `app_group` WHERE ( `guid` = '43C1549E222DE8BCFD975AEF5F44443A' ) LIMIT 1   [ RunTime:0.001221s ]
SQL: UPDATE `app_code` SET `uuid`='318D4A23-6C42-4661-BEA9-5F736EA74902',`binding`=0 WHERE ( `guid` = 'FBD28554EC0105185717D33AF9592F58' ) [ RunTime:0.000344s ]

[ 2016-03-01T13:46:30+08:00 ] 113.66.11.92 /index.php/Index/iscode/groupid/FBD28554EC0105185717D33AF9592F58/username/dongya/password/123123/uuid/FF59E84A-CAC4-417D-8569-DE6D1C62176F
INFO: [ route_check ] --START--
INFO: CheckRoute Behavior ::run [ RunTime:0.001542s ]
INFO: [ route_check ] --END-- [ RunTime:0.001690s ]
INFO: [ app_begin ] --START--
INFO: ReadHtmlCache Behavior ::run [ RunTime:0.001023s ]
INFO: [ app_begin ] --END-- [ RunTime:0.001112s ]
SQL: SHOW COLUMNS FROM `app_code` [ RunTime:0.001761s ]
SQL: SELECT * FROM `app_code` WHERE ( username="dongya" and password="123123" and groupid="FBD28554EC0105185717D33AF9592F58" ) LIMIT 1   [ RunTime:0.000750s ]
SQL: SHOW COLUMNS FROM `app_group` [ RunTime:0.001395s ]
SQL: SELECT * FROM `app_group` LIMIT 1   [ RunTime:0.000650s ]

[ 2016-03-01T13:46:31+08:00 ] 113.66.11.92 /index.php/Index/iscode/groupid/FBD28554EC0105185717D33AF9592F58/username/dongya/password/123123/uuid/FF59E84A-CAC4-417D-8569-DE6D1C62176F/type/updata
INFO: [ route_check ] --START--
INFO: CheckRoute Behavior ::run [ RunTime:0.000990s ]
INFO: [ route_check ] --END-- [ RunTime:0.001093s ]
INFO: [ app_begin ] --START--
INFO: ReadHtmlCache Behavior ::run [ RunTime:0.000607s ]
INFO: [ app_begin ] --END-- [ RunTime:0.000688s ]
SQL: SHOW COLUMNS FROM `app_code` [ RunTime:0.001748s ]
SQL: SELECT * FROM `app_code` WHERE ( username="dongya" and password="123123" and groupid="FBD28554EC0105185717D33AF9592F58" ) LIMIT 1   [ RunTime:0.000706s ]
SQL: SHOW COLUMNS FROM `app_group` [ RunTime:0.001485s ]
SQL: SELECT * FROM `app_group` LIMIT 1   [ RunTime:0.000663s ]

[ 2016-03-01T13:53:31+08:00 ] 113.66.11.92 /index.php/Index/iscode/groupid/FBD28554EC0105185717D33AF9592F58/username/dongya/password/123123/uuid/AD555B69-E05F-440F-8017-F8D6F2C5C55A
INFO: [ route_check ] --START--
INFO: CheckRoute Behavior ::run [ RunTime:0.001376s ]
INFO: [ route_check ] --END-- [ RunTime:0.001484s ]
INFO: [ app_begin ] --START--
INFO: ReadHtmlCache Behavior ::run [ RunTime:0.000997s ]
INFO: [ app_begin ] --END-- [ RunTime:0.001081s ]
SQL: SHOW COLUMNS FROM `app_code` [ RunTime:0.001812s ]
SQL: SELECT * FROM `app_code` WHERE ( username="dongya" and password="123123" and groupid="FBD28554EC0105185717D33AF9592F58" ) LIMIT 1   [ RunTime:0.000762s ]
SQL: SHOW COLUMNS FROM `app_group` [ RunTime:0.001433s ]
SQL: SELECT * FROM `app_group` LIMIT 1   [ RunTime:0.000648s ]

[ 2016-03-01T13:53:31+08:00 ] 113.66.11.92 /index.php/Index/iscode/groupid/FBD28554EC0105185717D33AF9592F58/username/dongya/password/123123/uuid/AD555B69-E05F-440F-8017-F8D6F2C5C55A/type/updata
INFO: [ route_check ] --START--
INFO: CheckRoute Behavior ::run [ RunTime:0.001070s ]
INFO: [ route_check ] --END-- [ RunTime:0.001200s ]
INFO: [ app_begin ] --START--
INFO: ReadHtmlCache Behavior ::run [ RunTime:0.000654s ]
INFO: [ app_begin ] --END-- [ RunTime:0.000742s ]
SQL: SHOW COLUMNS FROM `app_code` [ RunTime:0.001605s ]
SQL: SELECT * FROM `app_code` WHERE ( username="dongya" and password="123123" and groupid="FBD28554EC0105185717D33AF9592F58" ) LIMIT 1   [ RunTime:0.000710s ]
SQL: SHOW COLUMNS FROM `app_group` [ RunTime:0.001416s ]
SQL: SELECT * FROM `app_group` LIMIT 1   [ RunTime:0.000608s ]

[ 2016-03-01T13:55:51+08:00 ] 183.62.183.114 /index.php/Index/iscode/groupid/43C1549E222DE8BCFD975AEF5F44443A/username/dongya/password/123123/uuid/318D4A23-6C42-4661-BEA9-5F736EA74902/type/updata
INFO: [ route_check ] --START--
INFO: CheckRoute Behavior ::run [ RunTime:0.001620s ]
INFO: [ route_check ] --END-- [ RunTime:0.001744s ]
INFO: [ app_begin ] --START--
INFO: ReadHtmlCache Behavior ::run [ RunTime:0.001008s ]
INFO: [ app_begin ] --END-- [ RunTime:0.001097s ]
SQL: SHOW COLUMNS FROM `app_code` [ RunTime:0.001673s ]
SQL: SELECT * FROM `app_code` WHERE ( username="dongya" and password="123123" and groupid="43C1549E222DE8BCFD975AEF5F44443A" ) LIMIT 1   [ RunTime:0.000762s ]
SQL: SHOW COLUMNS FROM `app_group` [ RunTime:0.001298s ]
SQL: SELECT * FROM `app_group` WHERE ( `guid` = '43C1549E222DE8BCFD975AEF5F44443A' ) LIMIT 1   [ RunTime:0.000877s ]
SQL: UPDATE `app_code` SET `uuid`='318D4A23-6C42-4661-BEA9-5F736EA74902',`binding`=0 WHERE ( `guid` = 'FBD28554EC0105185717D33AF9592F58' ) [ RunTime:0.000242s ]

[ 2016-03-01T14:12:37+08:00 ] 183.62.183.114 /index.php/Index/iscode/groupid/43C1549E222DE8BCFD975AEF5F44443A/username/dongya/password/123123/uuid/318D4A23-6C42-4661-BEA9-5F736EA74902/type/updata
INFO: [ route_check ] --START--
INFO: CheckRoute Behavior ::run [ RunTime:0.001394s ]
INFO: [ route_check ] --END-- [ RunTime:0.001515s ]
INFO: [ app_begin ] --START--
INFO: ReadHtmlCache Behavior ::run [ RunTime:0.001025s ]
INFO: [ app_begin ] --END-- [ RunTime:0.001113s ]
SQL: SHOW COLUMNS FROM `app_code` [ RunTime:0.002019s ]
SQL: SELECT * FROM `app_code` WHERE ( username="dongya" and password="123123" and groupid="43C1549E222DE8BCFD975AEF5F44443A" ) LIMIT 1   [ RunTime:0.000796s ]
SQL: SHOW COLUMNS FROM `app_group` [ RunTime:0.002023s ]
SQL: SELECT * FROM `app_group` WHERE ( `guid` = '43C1549E222DE8BCFD975AEF5F44443A' ) LIMIT 1   [ RunTime:0.000903s ]
SQL: UPDATE `app_code` SET `uuid`='318D4A23-6C42-4661-BEA9-5F736EA74902',`binding`=0 WHERE ( `guid` = 'FBD28554EC0105185717D33AF9592F58' ) [ RunTime:0.000334s ]

[ 2016-03-01T14:26:55+08:00 ] 180.153.81.163 /index.php
INFO: [ app_begin ] --START--
INFO: ReadHtmlCache Behavior ::run [ RunTime:0.001223s ]
INFO: [ app_begin ] --END-- [ RunTime:0.001388s ]
INFO: [ view_parse ] --START--
INFO: ParseTemplate Behavior ::run [ RunTime:0.029866s ]
INFO: [ view_parse ] --END-- [ RunTime:0.030030s ]
INFO: [ view_filter ] --START--
INFO: ContentReplace Behavior ::run [ RunTime:0.009855s ]
INFO: TokenBuild Behavior ::run [ RunTime:0.002169s ]
INFO: WriteHtmlCache Behavior ::run [ RunTime:0.001964s ]
INFO: ShowRuntime Behavior ::run [ RunTime:0.002200s ]
INFO: [ view_filter ] --END-- [ RunTime:0.016482s ]
INFO: [ view_end ] --START--
INFO: ShowPageTrace Behavior ::run [ RunTime:0.002366s ]
INFO: [ view_end ] --END-- [ RunTime:0.002447s ]

[ 2016-03-01T14:27:06+08:00 ] 101.226.33.217 /index.php
INFO: [ app_begin ] --START--
INFO: ReadHtmlCache Behavior ::run [ RunTime:0.000745s ]
INFO: [ app_begin ] --END-- [ RunTime:0.000905s ]
INFO: [ view_parse ] --START--
INFO: ParseTemplate Behavior ::run [ RunTime:0.008436s ]
INFO: [ view_parse ] --END-- [ RunTime:0.008536s ]
INFO: [ view_filter ] --START--
INFO: ContentReplace Behavior ::run [ RunTime:0.000391s ]
INFO: TokenBuild Behavior ::run [ RunTime:0.000485s ]
INFO: WriteHtmlCache Behavior ::run [ RunTime:0.000278s ]
INFO: ShowRuntime Behavior ::run [ RunTime:0.000506s ]
INFO: [ view_filter ] --END-- [ RunTime:0.001891s ]
INFO: [ view_end ] --START--
INFO: ShowPageTrace Behavior ::run [ RunTime:0.000681s ]
INFO: [ view_end ] --END-- [ RunTime:0.000761s ]

[ 2016-03-01T14:37:46+08:00 ] 183.62.183.114 /index.php/Index/iscode/groupid/43C1549E222DE8BCFD975AEF5F44443A/username/dongya/password/123123/uuid/318D4A23-6C42-4661-BEA9-5F736EA74902/type/updata
INFO: [ route_check ] --START--
INFO: CheckRoute Behavior ::run [ RunTime:0.001332s ]
INFO: [ route_check ] --END-- [ RunTime:0.001451s ]
INFO: [ app_begin ] --START--
INFO: ReadHtmlCache Behavior ::run [ RunTime:0.001006s ]
INFO: [ app_begin ] --END-- [ RunTime:0.001094s ]
SQL: SHOW COLUMNS FROM `app_code` [ RunTime:0.002099s ]
SQL: SELECT * FROM `app_code` WHERE ( username="dongya" and password="123123" and groupid="43C1549E222DE8BCFD975AEF5F44443A" ) LIMIT 1   [ RunTime:0.000837s ]
SQL: SHOW COLUMNS FROM `app_group` [ RunTime:0.001671s ]
SQL: SELECT * FROM `app_group` WHERE ( `guid` = '43C1549E222DE8BCFD975AEF5F44443A' ) LIMIT 1   [ RunTime:0.000671s ]
SQL: UPDATE `app_code` SET `uuid`='318D4A23-6C42-4661-BEA9-5F736EA74902',`binding`=0 WHERE ( `guid` = 'FBD28554EC0105185717D33AF9592F58' ) [ RunTime:0.000268s ]

[ 2016-03-01T15:55:38+08:00 ] 113.66.11.92 /index.php/Index/iscode/groupid/FBD28554EC0105185717D33AF9592F58/username/dongya/password/123123/uuid/AD555B69-E05F-440F-8017-F8D6F2C5C55A
INFO: [ route_check ] --START--
INFO: CheckRoute Behavior ::run [ RunTime:0.001345s ]
INFO: [ route_check ] --END-- [ RunTime:0.001466s ]
INFO: [ app_begin ] --START--
INFO: ReadHtmlCache Behavior ::run [ RunTime:0.000992s ]
INFO: [ app_begin ] --END-- [ RunTime:0.001082s ]
SQL: SHOW COLUMNS FROM `app_code` [ RunTime:0.002103s ]
SQL: SELECT * FROM `app_code` WHERE ( username="dongya" and password="123123" and groupid="FBD28554EC0105185717D33AF9592F58" ) LIMIT 1   [ RunTime:0.000812s ]
SQL: SHOW COLUMNS FROM `app_group` [ RunTime:0.001551s ]
SQL: SELECT * FROM `app_group` LIMIT 1   [ RunTime:0.000617s ]

[ 2016-03-01T15:55:39+08:00 ] 113.66.11.92 /index.php/Index/iscode/groupid/FBD28554EC0105185717D33AF9592F58/username/dongya/password/123123/uuid/AD555B69-E05F-440F-8017-F8D6F2C5C55A/type/updata
INFO: [ route_check ] --START--
INFO: CheckRoute Behavior ::run [ RunTime:0.000947s ]
INFO: [ route_check ] --END-- [ RunTime:0.001053s ]
INFO: [ app_begin ] --START--
INFO: ReadHtmlCache Behavior ::run [ RunTime:0.000606s ]
INFO: [ app_begin ] --END-- [ RunTime:0.000690s ]
SQL: SHOW COLUMNS FROM `app_code` [ RunTime:0.001974s ]
SQL: SELECT * FROM `app_code` WHERE ( username="dongya" and password="123123" and groupid="FBD28554EC0105185717D33AF9592F58" ) LIMIT 1   [ RunTime:0.000744s ]
SQL: SHOW COLUMNS FROM `app_group` [ RunTime:0.001297s ]
SQL: SELECT * FROM `app_group` LIMIT 1   [ RunTime:0.000684s ]

[ 2016-03-01T16:09:39+08:00 ] 113.66.11.92 /index.php/Index/iscode/groupid/FBD28554EC0105185717D33AF9592F58/username/dongya/password/123123/uuid/AD555B69-E05F-440F-8017-F8D6F2C5C55A
INFO: [ route_check ] --START--
INFO: CheckRoute Behavior ::run [ RunTime:0.001640s ]
INFO: [ route_check ] --END-- [ RunTime:0.001757s ]
INFO: [ app_begin ] --START--
INFO: ReadHtmlCache Behavior ::run [ RunTime:0.001005s ]
INFO: [ app_begin ] --END-- [ RunTime:0.001091s ]
SQL: SHOW COLUMNS FROM `app_code` [ RunTime:0.002021s ]
SQL: SELECT * FROM `app_code` WHERE ( username="dongya" and password="123123" and groupid="FBD28554EC0105185717D33AF9592F58" ) LIMIT 1   [ RunTime:0.000738s ]
SQL: SHOW COLUMNS FROM `app_group` [ RunTime:0.001678s ]
SQL: SELECT * FROM `app_group` LIMIT 1   [ RunTime:0.000660s ]

[ 2016-03-01T16:09:39+08:00 ] 113.66.11.92 /index.php/Index/iscode/groupid/FBD28554EC0105185717D33AF9592F58/username/dongya/password/123123/uuid/AD555B69-E05F-440F-8017-F8D6F2C5C55A/type/updata
INFO: [ route_check ] --START--
INFO: CheckRoute Behavior ::run [ RunTime:0.001349s ]
INFO: [ route_check ] --END-- [ RunTime:0.001504s ]
INFO: [ app_begin ] --START--
INFO: ReadHtmlCache Behavior ::run [ RunTime:0.001192s ]
INFO: [ app_begin ] --END-- [ RunTime:0.001311s ]
SQL: SHOW COLUMNS FROM `app_code` [ RunTime:0.001648s ]
SQL: SELECT * FROM `app_code` WHERE ( username="dongya" and password="123123" and groupid="FBD28554EC0105185717D33AF9592F58" ) LIMIT 1   [ RunTime:0.000952s ]
SQL: SHOW COLUMNS FROM `app_group` [ RunTime:0.001281s ]
SQL: SELECT * FROM `app_group` LIMIT 1   [ RunTime:0.000589s ]

[ 2016-03-01T16:11:04+08:00 ] 113.66.11.92 /index.php/Index/iscode/groupid/FBD28554EC0105185717D33AF9592F58/username/dongya/password/123123/uuid/AD555B69-E05F-440F-8017-F8D6F2C5C55A
INFO: [ route_check ] --START--
INFO: CheckRoute Behavior ::run [ RunTime:0.000952s ]
INFO: [ route_check ] --END-- [ RunTime:0.001070s ]
INFO: [ app_begin ] --START--
INFO: ReadHtmlCache Behavior ::run [ RunTime:0.000820s ]
INFO: [ app_begin ] --END-- [ RunTime:0.000905s ]
SQL: SHOW COLUMNS FROM `app_code` [ RunTime:0.002136s ]
SQL: SELECT * FROM `app_code` WHERE ( username="dongya" and password="123123" and groupid="FBD28554EC0105185717D33AF9592F58" ) LIMIT 1   [ RunTime:0.000901s ]
SQL: SHOW COLUMNS FROM `app_group` [ RunTime:0.001793s ]
SQL: SELECT * FROM `app_group` LIMIT 1   [ RunTime:0.000659s ]

[ 2016-03-01T16:11:04+08:00 ] 113.66.11.92 /index.php/Index/iscode/groupid/FBD28554EC0105185717D33AF9592F58/username/dongya/password/123123/uuid/AD555B69-E05F-440F-8017-F8D6F2C5C55A/type/updata
INFO: [ route_check ] --START--
INFO: CheckRoute Behavior ::run [ RunTime:0.000939s ]
INFO: [ route_check ] --END-- [ RunTime:0.001057s ]
INFO: [ app_begin ] --START--
INFO: ReadHtmlCache Behavior ::run [ RunTime:0.000816s ]
INFO: [ app_begin ] --END-- [ RunTime:0.000900s ]
SQL: SHOW COLUMNS FROM `app_code` [ RunTime:0.001672s ]
SQL: SELECT * FROM `app_code` WHERE ( username="dongya" and password="123123" and groupid="FBD28554EC0105185717D33AF9592F58" ) LIMIT 1   [ RunTime:0.000708s ]
SQL: SHOW COLUMNS FROM `app_group` [ RunTime:0.001534s ]
SQL: SELECT * FROM `app_group` LIMIT 1   [ RunTime:0.000619s ]

[ 2016-03-01T16:16:53+08:00 ] 121.42.0.39 /index.php
INFO: [ app_begin ] --START--
INFO: ReadHtmlCache Behavior ::run [ RunTime:0.001062s ]
INFO: [ app_begin ] --END-- [ RunTime:0.001190s ]
INFO: [ view_parse ] --START--
INFO: ParseTemplate Behavior ::run [ RunTime:0.011057s ]
INFO: [ view_parse ] --END-- [ RunTime:0.011181s ]
INFO: [ view_filter ] --START--
INFO: ContentReplace Behavior ::run [ RunTime:0.000985s ]
INFO: TokenBuild Behavior ::run [ RunTime:0.000803s ]
INFO: WriteHtmlCache Behavior ::run [ RunTime:0.000666s ]
INFO: ShowRuntime Behavior ::run [ RunTime:0.000945s ]
INFO: [ view_filter ] --END-- [ RunTime:0.003632s ]
INFO: [ view_end ] --START--
INFO: ShowPageTrace Behavior ::run [ RunTime:0.001122s ]
INFO: [ view_end ] --END-- [ RunTime:0.001205s ]

[ 2016-03-01T16:40:28+08:00 ] 113.66.11.92 /index.php/Index/iscode/groupid/FBD28554EC0105185717D33AF9592F58/username/dongya/password/123123/uuid/AD555B69-E05F-440F-8017-F8D6F2C5C55A/type/updata
INFO: [ route_check ] --START--
INFO: CheckRoute Behavior ::run [ RunTime:0.002242s ]
INFO: [ route_check ] --END-- [ RunTime:0.002483s ]
INFO: [ app_begin ] --START--
INFO: ReadHtmlCache Behavior ::run [ RunTime:0.001369s ]
INFO: [ app_begin ] --END-- [ RunTime:0.001512s ]
SQL: SHOW COLUMNS FROM `app_code` [ RunTime:0.002050s ]
SQL: SELECT * FROM `app_code` WHERE ( username="dongya" and password="123123" and groupid="FBD28554EC0105185717D33AF9592F58" ) LIMIT 1   [ RunTime:0.000802s ]
SQL: SHOW COLUMNS FROM `app_group` [ RunTime:0.001546s ]
SQL: SELECT * FROM `app_group` LIMIT 1   [ RunTime:0.000627s ]

[ 2016-03-01T17:11:40+08:00 ] 183.62.183.114 /index.php/Index/iscode/groupid/43C1549E222DE8BCFD975AEF5F44443A/username/dongya/password/123123/uuid/318D4A23-6C42-4661-BEA9-5F736EA74902/type/updata
INFO: [ route_check ] --START--
INFO: CheckRoute Behavior ::run [ RunTime:0.001330s ]
INFO: [ route_check ] --END-- [ RunTime:0.001447s ]
INFO: [ app_begin ] --START--
INFO: ReadHtmlCache Behavior ::run [ RunTime:0.001001s ]
INFO: [ app_begin ] --END-- [ RunTime:0.001090s ]
SQL: SHOW COLUMNS FROM `app_code` [ RunTime:0.002058s ]
SQL: SELECT * FROM `app_code` WHERE ( username="dongya" and password="123123" and groupid="43C1549E222DE8BCFD975AEF5F44443A" ) LIMIT 1   [ RunTime:0.000766s ]
SQL: SHOW COLUMNS FROM `app_group` [ RunTime:0.001789s ]
SQL: SELECT * FROM `app_group` WHERE ( `guid` = '43C1549E222DE8BCFD975AEF5F44443A' ) LIMIT 1   [ RunTime:0.000709s ]
SQL: UPDATE `app_code` SET `uuid`='318D4A23-6C42-4661-BEA9-5F736EA74902',`binding`=0 WHERE ( `guid` = 'FBD28554EC0105185717D33AF9592F58' ) [ RunTime:0.000308s ]

[ 2016-03-01T17:13:01+08:00 ] 183.62.183.114 /index.php/Index/iscode/groupid/43C1549E222DE8BCFD975AEF5F44443A/username/dongya/password/123123/uuid/318D4A23-6C42-4661-BEA9-5F736EA74902/type/updata
INFO: [ route_check ] --START--
INFO: CheckRoute Behavior ::run [ RunTime:0.001353s ]
INFO: [ route_check ] --END-- [ RunTime:0.001473s ]
INFO: [ app_begin ] --START--
INFO: ReadHtmlCache Behavior ::run [ RunTime:0.001017s ]
INFO: [ app_begin ] --END-- [ RunTime:0.001120s ]
SQL: SHOW COLUMNS FROM `app_code` [ RunTime:0.002792s ]
SQL: SELECT * FROM `app_code` WHERE ( username="dongya" and password="123123" and groupid="43C1549E222DE8BCFD975AEF5F44443A" ) LIMIT 1   [ RunTime:0.000712s ]
SQL: SHOW COLUMNS FROM `app_group` [ RunTime:0.001627s ]
SQL: SELECT * FROM `app_group` WHERE ( `guid` = '43C1549E222DE8BCFD975AEF5F44443A' ) LIMIT 1   [ RunTime:0.000643s ]
SQL: UPDATE `app_code` SET `uuid`='318D4A23-6C42-4661-BEA9-5F736EA74902',`binding`=0 WHERE ( `guid` = 'FBD28554EC0105185717D33AF9592F58' ) [ RunTime:0.000247s ]

[ 2016-03-01T17:13:56+08:00 ] 183.62.183.114 /index.php/Index/iscode/groupid/43C1549E222DE8BCFD975AEF5F44443A/username/dongya/password/123123/uuid/318D4A23-6C42-4661-BEA9-5F736EA74902/type/updata
INFO: [ route_check ] --START--
INFO: CheckRoute Behavior ::run [ RunTime:0.001018s ]
INFO: [ route_check ] --END-- [ RunTime:0.001143s ]
INFO: [ app_begin ] --START--
INFO: ReadHtmlCache Behavior ::run [ RunTime:0.000818s ]
INFO: [ app_begin ] --END-- [ RunTime:0.000906s ]
SQL: SHOW COLUMNS FROM `app_code` [ RunTime:0.002270s ]
SQL: SELECT * FROM `app_code` WHERE ( username="dongya" and password="123123" and groupid="43C1549E222DE8BCFD975AEF5F44443A" ) LIMIT 1   [ RunTime:0.000742s ]
SQL: SHOW COLUMNS FROM `app_group` [ RunTime:0.001302s ]
SQL: SELECT * FROM `app_group` WHERE ( `guid` = '43C1549E222DE8BCFD975AEF5F44443A' ) LIMIT 1   [ RunTime:0.000743s ]
SQL: UPDATE `app_code` SET `uuid`='318D4A23-6C42-4661-BEA9-5F736EA74902',`binding`=0 WHERE ( `guid` = 'FBD28554EC0105185717D33AF9592F58' ) [ RunTime:0.000252s ]

[ 2016-03-01T17:14:09+08:00 ] 183.62.183.114 /index.php/Index/iscode/groupid/43C1549E222DE8BCFD975AEF5F44443A/username/dongya/password/123123/uuid/318D4A23-6C42-4661-BEA9-5F736EA74902/type/updata
INFO: [ route_check ] --START--
INFO: CheckRoute Behavior ::run [ RunTime:0.001273s ]
INFO: [ route_check ] --END-- [ RunTime:0.001416s ]
INFO: [ app_begin ] --START--
INFO: ReadHtmlCache Behavior ::run [ RunTime:0.001276s ]
INFO: [ app_begin ] --END-- [ RunTime:0.001397s ]
SQL: SHOW COLUMNS FROM `app_code` [ RunTime:0.002509s ]
SQL: SELECT * FROM `app_code` WHERE ( username="dongya" and password="123123" and groupid="43C1549E222DE8BCFD975AEF5F44443A" ) LIMIT 1   [ RunTime:0.001164s ]
SQL: SHOW COLUMNS FROM `app_group` [ RunTime:0.002146s ]
SQL: SELECT * FROM `app_group` WHERE ( `guid` = '43C1549E222DE8BCFD975AEF5F44443A' ) LIMIT 1   [ RunTime:0.000880s ]
SQL: UPDATE `app_code` SET `uuid`='318D4A23-6C42-4661-BEA9-5F736EA74902',`binding`=0 WHERE ( `guid` = 'FBD28554EC0105185717D33AF9592F58' ) [ RunTime:0.000325s ]

[ 2016-03-01T17:17:23+08:00 ] 183.62.183.114 /index.php/Index/iscode/groupid/43C1549E222DE8BCFD975AEF5F44443A/username/dongya/password/123123/uuid/318D4A23-6C42-4661-BEA9-5F736EA74902/type/updata
INFO: [ route_check ] --START--
INFO: CheckRoute Behavior ::run [ RunTime:0.001344s ]
INFO: [ route_check ] --END-- [ RunTime:0.001464s ]
INFO: [ app_begin ] --START--
INFO: ReadHtmlCache Behavior ::run [ RunTime:0.000995s ]
INFO: [ app_begin ] --END-- [ RunTime:0.001082s ]
SQL: SHOW COLUMNS FROM `app_code` [ RunTime:0.001812s ]
SQL: SELECT * FROM `app_code` WHERE ( username="dongya" and password="123123" and groupid="43C1549E222DE8BCFD975AEF5F44443A" ) LIMIT 1   [ RunTime:0.000726s ]
SQL: SHOW COLUMNS FROM `app_group` [ RunTime:0.001693s ]
SQL: SELECT * FROM `app_group` WHERE ( `guid` = '43C1549E222DE8BCFD975AEF5F44443A' ) LIMIT 1   [ RunTime:0.000707s ]
SQL: UPDATE `app_code` SET `uuid`='318D4A23-6C42-4661-BEA9-5F736EA74902',`binding`=0 WHERE ( `guid` = 'FBD28554EC0105185717D33AF9592F58' ) [ RunTime:0.000255s ]

[ 2016-03-01T17:19:11+08:00 ] 183.62.183.114 /index.php/Index/iscode/groupid/43C1549E222DE8BCFD975AEF5F44443A/username/dongya/password/123123/uuid/318D4A23-6C42-4661-BEA9-5F736EA74902/type/updata
INFO: [ route_check ] --START--
INFO: CheckRoute Behavior ::run [ RunTime:0.001543s ]
INFO: [ route_check ] --END-- [ RunTime:0.001681s ]
INFO: [ app_begin ] --START--
INFO: ReadHtmlCache Behavior ::run [ RunTime:0.001113s ]
INFO: [ app_begin ] --END-- [ RunTime:0.001205s ]
SQL: SHOW COLUMNS FROM `app_code` [ RunTime:0.001837s ]
SQL: SELECT * FROM `app_code` WHERE ( username="dongya" and password="123123" and groupid="43C1549E222DE8BCFD975AEF5F44443A" ) LIMIT 1   [ RunTime:0.000833s ]
SQL: SHOW COLUMNS FROM `app_group` [ RunTime:0.001709s ]
SQL: SELECT * FROM `app_group` WHERE ( `guid` = '43C1549E222DE8BCFD975AEF5F44443A' ) LIMIT 1   [ RunTime:0.000837s ]
SQL: UPDATE `app_code` SET `uuid`='318D4A23-6C42-4661-BEA9-5F736EA74902',`binding`=0 WHERE ( `guid` = 'FBD28554EC0105185717D33AF9592F58' ) [ RunTime:0.000276s ]

[ 2016-03-01T17:21:59+08:00 ] 183.62.183.114 /index.php/Index/iscode/groupid/43C1549E222DE8BCFD975AEF5F44443A/username/dongya/password/123123/uuid/318D4A23-6C42-4661-BEA9-5F736EA74902/type/updata
INFO: [ route_check ] --START--
INFO: CheckRoute Behavior ::run [ RunTime:0.001520s ]
INFO: [ route_check ] --END-- [ RunTime:0.001637s ]
INFO: [ app_begin ] --START--
INFO: ReadHtmlCache Behavior ::run [ RunTime:0.001025s ]
INFO: [ app_begin ] --END-- [ RunTime:0.001111s ]
SQL: SHOW COLUMNS FROM `app_code` [ RunTime:0.001693s ]
SQL: SELECT * FROM `app_code` WHERE ( username="dongya" and password="123123" and groupid="43C1549E222DE8BCFD975AEF5F44443A" ) LIMIT 1   [ RunTime:0.000733s ]
SQL: SHOW COLUMNS FROM `app_group` [ RunTime:0.001341s ]
SQL: SELECT * FROM `app_group` WHERE ( `guid` = '43C1549E222DE8BCFD975AEF5F44443A' ) LIMIT 1   [ RunTime:0.000633s ]
SQL: UPDATE `app_code` SET `uuid`='318D4A23-6C42-4661-BEA9-5F736EA74902',`binding`=0 WHERE ( `guid` = 'FBD28554EC0105185717D33AF9592F58' ) [ RunTime:0.000242s ]

[ 2016-03-01T17:25:30+08:00 ] 183.62.183.114 /index.php/Index/iscode/groupid/43C1549E222DE8BCFD975AEF5F44443A/username/dongya/password/123123/uuid/318D4A23-6C42-4661-BEA9-5F736EA74902/type/updata
INFO: [ route_check ] --START--
INFO: CheckRoute Behavior ::run [ RunTime:0.002037s ]
INFO: [ route_check ] --END-- [ RunTime:0.002172s ]
INFO: [ app_begin ] --START--
INFO: ReadHtmlCache Behavior ::run [ RunTime:0.001545s ]
INFO: [ app_begin ] --END-- [ RunTime:0.001656s ]
SQL: SHOW COLUMNS FROM `app_code` [ RunTime:0.001684s ]
SQL: SELECT * FROM `app_code` WHERE ( username="dongya" and password="123123" and groupid="43C1549E222DE8BCFD975AEF5F44443A" ) LIMIT 1   [ RunTime:0.000702s ]
SQL: SHOW COLUMNS FROM `app_group` [ RunTime:0.001322s ]
SQL: SELECT * FROM `app_group` WHERE ( `guid` = '43C1549E222DE8BCFD975AEF5F44443A' ) LIMIT 1   [ RunTime:0.000645s ]
SQL: UPDATE `app_code` SET `uuid`='318D4A23-6C42-4661-BEA9-5F736EA74902',`binding`=0 WHERE ( `guid` = 'FBD28554EC0105185717D33AF9592F58' ) [ RunTime:0.000246s ]

[ 2016-03-01T17:25:41+08:00 ] 183.62.183.114 /index.php/Index/iscode/groupid/43C1549E222DE8BCFD975AEF5F44443A/username/dongya/password/123123/uuid/318D4A23-6C42-4661-BEA9-5F736EA74902/type/updata
INFO: [ route_check ] --START--
INFO: CheckRoute Behavior ::run [ RunTime:0.001700s ]
INFO: [ route_check ] --END-- [ RunTime:0.001821s ]
INFO: [ app_begin ] --START--
INFO: ReadHtmlCache Behavior ::run [ RunTime:0.001372s ]
INFO: [ app_begin ] --END-- [ RunTime:0.001461s ]
SQL: SHOW COLUMNS FROM `app_code` [ RunTime:0.001762s ]
SQL: SELECT * FROM `app_code` WHERE ( username="dongya" and password="123123" and groupid="43C1549E222DE8BCFD975AEF5F44443A" ) LIMIT 1   [ RunTime:0.000703s ]
SQL: SHOW COLUMNS FROM `app_group` [ RunTime:0.001299s ]
SQL: SELECT * FROM `app_group` WHERE ( `guid` = '43C1549E222DE8BCFD975AEF5F44443A' ) LIMIT 1   [ RunTime:0.000623s ]
SQL: UPDATE `app_code` SET `uuid`='318D4A23-6C42-4661-BEA9-5F736EA74902',`binding`=0 WHERE ( `guid` = 'FBD28554EC0105185717D33AF9592F58' ) [ RunTime:0.000263s ]

[ 2016-03-01T17:25:52+08:00 ] 183.62.183.114 /index.php/Index/iscode/groupid/43C1549E222DE8BCFD975AEF5F44443A/username/dongya/password/123123/uuid/318D4A23-6C42-4661-BEA9-5F736EA74902/type/updata
INFO: [ route_check ] --START--
INFO: CheckRoute Behavior ::run [ RunTime:0.001796s ]
INFO: [ route_check ] --END-- [ RunTime:0.001919s ]
INFO: [ app_begin ] --START--
INFO: ReadHtmlCache Behavior ::run [ RunTime:0.001588s ]
INFO: [ app_begin ] --END-- [ RunTime:0.001696s ]
SQL: SHOW COLUMNS FROM `app_code` [ RunTime:0.001669s ]
SQL: SELECT * FROM `app_code` WHERE ( username="dongya" and password="123123" and groupid="43C1549E222DE8BCFD975AEF5F44443A" ) LIMIT 1   [ RunTime:0.000701s ]
SQL: SHOW COLUMNS FROM `app_group` [ RunTime:0.001345s ]
SQL: SELECT * FROM `app_group` WHERE ( `guid` = '43C1549E222DE8BCFD975AEF5F44443A' ) LIMIT 1   [ RunTime:0.000620s ]
SQL: UPDATE `app_code` SET `uuid`='318D4A23-6C42-4661-BEA9-5F736EA74902',`binding`=0 WHERE ( `guid` = 'FBD28554EC0105185717D33AF9592F58' ) [ RunTime:0.000248s ]

[ 2016-03-01T17:28:24+08:00 ] 183.62.183.114 /index.php/Index/iscode/groupid/43C1549E222DE8BCFD975AEF5F44443A/username/dongya/password/123123/uuid/318D4A23-6C42-4661-BEA9-5F736EA74902/type/updata
INFO: [ route_check ] --START--
INFO: CheckRoute Behavior ::run [ RunTime:0.001663s ]
INFO: [ route_check ] --END-- [ RunTime:0.001774s ]
INFO: [ app_begin ] --START--
INFO: ReadHtmlCache Behavior ::run [ RunTime:0.001310s ]
INFO: [ app_begin ] --END-- [ RunTime:0.001396s ]
SQL: SHOW COLUMNS FROM `app_code` [ RunTime:0.001696s ]
SQL: SELECT * FROM `app_code` WHERE ( username="dongya" and password="123123" and groupid="43C1549E222DE8BCFD975AEF5F44443A" ) LIMIT 1   [ RunTime:0.000702s ]
SQL: SHOW COLUMNS FROM `app_group` [ RunTime:0.001330s ]
SQL: SELECT * FROM `app_group` WHERE ( `guid` = '43C1549E222DE8BCFD975AEF5F44443A' ) LIMIT 1   [ RunTime:0.000705s ]
SQL: UPDATE `app_code` SET `uuid`='318D4A23-6C42-4661-BEA9-5F736EA74902',`binding`=0 WHERE ( `guid` = 'FBD28554EC0105185717D33AF9592F58' ) [ RunTime:0.000244s ]

[ 2016-03-01T17:30:53+08:00 ] 183.62.183.114 /index.php/Index/iscode/groupid/43C1549E222DE8BCFD975AEF5F44443A/username/dongya/password/123123/uuid/318D4A23-6C42-4661-BEA9-5F736EA74902/type/updata
INFO: [ route_check ] --START--
INFO: CheckRoute Behavior ::run [ RunTime:0.002296s ]
INFO: [ route_check ] --END-- [ RunTime:0.002476s ]
INFO: [ app_begin ] --START--
INFO: ReadHtmlCache Behavior ::run [ RunTime:0.001860s ]
INFO: [ app_begin ] --END-- [ RunTime:0.001984s ]
SQL: SHOW COLUMNS FROM `app_code` [ RunTime:0.001988s ]
SQL: SELECT * FROM `app_code` WHERE ( username="dongya" and password="123123" and groupid="43C1549E222DE8BCFD975AEF5F44443A" ) LIMIT 1   [ RunTime:0.000838s ]
SQL: SHOW COLUMNS FROM `app_group` [ RunTime:0.001679s ]
SQL: SELECT * FROM `app_group` WHERE ( `guid` = '43C1549E222DE8BCFD975AEF5F44443A' ) LIMIT 1   [ RunTime:0.000827s ]
SQL: UPDATE `app_code` SET `uuid`='318D4A23-6C42-4661-BEA9-5F736EA74902',`binding`=0 WHERE ( `guid` = 'FBD28554EC0105185717D33AF9592F58' ) [ RunTime:0.000398s ]

