[ 2016-03-28T07:47:42+08:00 ] 119.137.255.170 /index.php/Index/iscode/groupid/43C1549E222DE8BCFD975AEF5F44443A/username/dongya002/password/12345678/uuid/BE9B7044-8F7E-44CD-9886-A0F5F3129604
INFO: [ route_check ] --START--
INFO: CheckRoute Behavior ::run [ RunTime:0.003183s ]
INFO: [ route_check ] --END-- [ RunTime:0.003300s ]
INFO: [ app_begin ] --START--
INFO: ReadHtmlCache Behavior ::run [ RunTime:0.001920s ]
INFO: [ app_begin ] --END-- [ RunTime:0.002010s ]
SQL: SHOW COLUMNS FROM `app_code` [ RunTime:0.031194s ]
SQL: SELECT * FROM `app_code` WHERE ( username="dongya002" and password="12345678" and groupid="43C1549E222DE8BCFD975AEF5F44443A" ) LIMIT 1   [ RunTime:0.012665s ]
SQL: SHOW COLUMNS FROM `app_group` [ RunTime:0.030452s ]
SQL: SELECT * FROM `app_group` WHERE ( `guid` = '43C1549E222DE8BCFD975AEF5F44443A' ) LIMIT 1   [ RunTime:0.001097s ]
SQL: UPDATE `app_code` SET `uuid`='BE9B7044-8F7E-44CD-9886-A0F5F3129604',`binding`=0 WHERE ( `guid` = 'B1F9C6DE677E4184896E95D835A46518' ) [ RunTime:0.000342s ]
NOTIC: [8] Undefined index:  type D:\PHPnow\htdocs\dongya\Lib\Action\IndexAction.class.php 第 74 行.

[ 2016-03-28T07:47:42+08:00 ] 119.137.255.170 /index.php/Uploadprohot
INFO: [ route_check ] --START--
INFO: CheckRoute Behavior ::run [ RunTime:0.000949s ]
INFO: [ route_check ] --END-- [ RunTime:0.001066s ]
INFO: [ app_begin ] --START--
INFO: ReadHtmlCache Behavior ::run [ RunTime:0.000596s ]
INFO: [ app_begin ] --END-- [ RunTime:0.000682s ]

[ 2016-03-28T07:47:43+08:00 ] 119.137.255.170 /index.php/Index/iscode/groupid/43C1549E222DE8BCFD975AEF5F44443A/username/dongya002/password/12345678/uuid/BE9B7044-8F7E-44CD-9886-A0F5F3129604/type/updata
INFO: [ route_check ] --START--
INFO: CheckRoute Behavior ::run [ RunTime:0.000947s ]
INFO: [ route_check ] --END-- [ RunTime:0.001065s ]
INFO: [ app_begin ] --START--
INFO: ReadHtmlCache Behavior ::run [ RunTime:0.000784s ]
INFO: [ app_begin ] --END-- [ RunTime:0.000933s ]
SQL: SHOW COLUMNS FROM `app_code` [ RunTime:0.001778s ]
SQL: SELECT * FROM `app_code` WHERE ( username="dongya002" and password="12345678" and groupid="43C1549E222DE8BCFD975AEF5F44443A" ) LIMIT 1   [ RunTime:0.000870s ]
SQL: SHOW COLUMNS FROM `app_group` [ RunTime:0.001304s ]
SQL: SELECT * FROM `app_group` WHERE ( `guid` = '43C1549E222DE8BCFD975AEF5F44443A' ) LIMIT 1   [ RunTime:0.000681s ]
SQL: UPDATE `app_code` SET `uuid`='BE9B7044-8F7E-44CD-9886-A0F5F3129604',`binding`=0 WHERE ( `guid` = 'B1F9C6DE677E4184896E95D835A46518' ) [ RunTime:0.000242s ]

[ 2016-03-28T08:53:21+08:00 ] 113.220.5.37 /index.php/Index/iscode/groupid/43C1549E222DE8BCFD975AEF5F44443A/username/5073912/password/ddkkjhjj/uuid/14A53E13-55AA-4464-BBDF-412354E6AA73
INFO: [ route_check ] --START--
INFO: CheckRoute Behavior ::run [ RunTime:0.001563s ]
INFO: [ route_check ] --END-- [ RunTime:0.001692s ]
INFO: [ app_begin ] --START--
INFO: ReadHtmlCache Behavior ::run [ RunTime:0.001061s ]
INFO: [ app_begin ] --END-- [ RunTime:0.001152s ]
SQL: SHOW COLUMNS FROM `app_code` [ RunTime:0.001774s ]
SQL: SELECT * FROM `app_code` WHERE ( username="5073912" and password="ddkkjhjj" and groupid="43C1549E222DE8BCFD975AEF5F44443A" ) LIMIT 1   [ RunTime:0.000722s ]
SQL: SHOW COLUMNS FROM `app_group` [ RunTime:0.001519s ]
SQL: SELECT * FROM `app_group` LIMIT 1   [ RunTime:0.000620s ]

[ 2016-03-28T08:53:21+08:00 ] 113.220.5.37 /index.php/Uploadprohot
INFO: [ route_check ] --START--
INFO: CheckRoute Behavior ::run [ RunTime:0.000923s ]
INFO: [ route_check ] --END-- [ RunTime:0.001025s ]
INFO: [ app_begin ] --START--
INFO: ReadHtmlCache Behavior ::run [ RunTime:0.000597s ]
INFO: [ app_begin ] --END-- [ RunTime:0.000678s ]

[ 2016-03-28T08:53:21+08:00 ] 113.220.5.37 /index.php/Index/iscode/groupid/43C1549E222DE8BCFD975AEF5F44443A/username/5073912/password/ddkkjhjj/uuid/14A53E13-55AA-4464-BBDF-412354E6AA73/type/updata
INFO: [ route_check ] --START--
INFO: CheckRoute Behavior ::run [ RunTime:0.000952s ]
INFO: [ route_check ] --END-- [ RunTime:0.001049s ]
INFO: [ app_begin ] --START--
INFO: ReadHtmlCache Behavior ::run [ RunTime:0.000600s ]
INFO: [ app_begin ] --END-- [ RunTime:0.000682s ]
SQL: SHOW COLUMNS FROM `app_code` [ RunTime:0.020562s ]
SQL: SELECT * FROM `app_code` WHERE ( username="5073912" and password="ddkkjhjj" and groupid="43C1549E222DE8BCFD975AEF5F44443A" ) LIMIT 1   [ RunTime:0.000764s ]
SQL: SHOW COLUMNS FROM `app_group` [ RunTime:0.001296s ]
SQL: SELECT * FROM `app_group` LIMIT 1   [ RunTime:0.000641s ]

[ 2016-03-28T08:53:28+08:00 ] 113.220.5.37 /index.php/Index/iscode/groupid/43C1549E222DE8BCFD975AEF5F44443A/username/5073912/password/ddkkjhjj/uuid/14A53E13-55AA-4464-BBDF-412354E6AA73/type/updata
INFO: [ route_check ] --START--
INFO: CheckRoute Behavior ::run [ RunTime:0.000980s ]
INFO: [ route_check ] --END-- [ RunTime:0.001081s ]
INFO: [ app_begin ] --START--
INFO: ReadHtmlCache Behavior ::run [ RunTime:0.000605s ]
INFO: [ app_begin ] --END-- [ RunTime:0.000691s ]
SQL: SHOW COLUMNS FROM `app_code` [ RunTime:0.001629s ]
SQL: SELECT * FROM `app_code` WHERE ( username="5073912" and password="ddkkjhjj" and groupid="43C1549E222DE8BCFD975AEF5F44443A" ) LIMIT 1   [ RunTime:0.000704s ]
SQL: SHOW COLUMNS FROM `app_group` [ RunTime:0.002801s ]
SQL: SELECT * FROM `app_group` LIMIT 1   [ RunTime:0.000625s ]

[ 2016-03-28T08:58:43+08:00 ] 183.45.123.133 /index.php/Index/iscode/groupid/43C1549E222DE8BCFD975AEF5F44443A/username/dongya002/password/12345678/uuid/B4A82401-BBF4-4B37-A8CA-FFD781F4548C
INFO: [ route_check ] --START--
INFO: CheckRoute Behavior ::run [ RunTime:0.001300s ]
INFO: [ route_check ] --END-- [ RunTime:0.001403s ]
INFO: [ app_begin ] --START--
INFO: ReadHtmlCache Behavior ::run [ RunTime:0.000967s ]
INFO: [ app_begin ] --END-- [ RunTime:0.001050s ]
SQL: SHOW COLUMNS FROM `app_code` [ RunTime:0.001770s ]
SQL: SELECT * FROM `app_code` WHERE ( username="dongya002" and password="12345678" and groupid="43C1549E222DE8BCFD975AEF5F44443A" ) LIMIT 1   [ RunTime:0.000709s ]
SQL: SHOW COLUMNS FROM `app_group` [ RunTime:0.001281s ]
SQL: SELECT * FROM `app_group` WHERE ( `guid` = '43C1549E222DE8BCFD975AEF5F44443A' ) LIMIT 1   [ RunTime:0.000623s ]
SQL: UPDATE `app_code` SET `uuid`='B4A82401-BBF4-4B37-A8CA-FFD781F4548C',`binding`=0 WHERE ( `guid` = 'B1F9C6DE677E4184896E95D835A46518' ) [ RunTime:0.000261s ]
NOTIC: [8] Undefined index:  type D:\PHPnow\htdocs\dongya\Lib\Action\IndexAction.class.php 第 74 行.

[ 2016-03-28T08:58:43+08:00 ] 183.45.123.133 /index.php/Uploadprohot
INFO: [ route_check ] --START--
INFO: CheckRoute Behavior ::run [ RunTime:0.000931s ]
INFO: [ route_check ] --END-- [ RunTime:0.001032s ]
INFO: [ app_begin ] --START--
INFO: ReadHtmlCache Behavior ::run [ RunTime:0.000594s ]
INFO: [ app_begin ] --END-- [ RunTime:0.000674s ]

[ 2016-03-28T08:58:43+08:00 ] 183.45.123.133 /index.php/Index/iscode/groupid/43C1549E222DE8BCFD975AEF5F44443A/username/dongya002/password/12345678/uuid/B4A82401-BBF4-4B37-A8CA-FFD781F4548C/type/updata
INFO: [ route_check ] --START--
INFO: CheckRoute Behavior ::run [ RunTime:0.000929s ]
INFO: [ route_check ] --END-- [ RunTime:0.001031s ]
INFO: [ app_begin ] --START--
INFO: ReadHtmlCache Behavior ::run [ RunTime:0.000600s ]
INFO: [ app_begin ] --END-- [ RunTime:0.000683s ]
SQL: SHOW COLUMNS FROM `app_code` [ RunTime:0.001629s ]
SQL: SELECT * FROM `app_code` WHERE ( username="dongya002" and password="12345678" and groupid="43C1549E222DE8BCFD975AEF5F44443A" ) LIMIT 1   [ RunTime:0.000708s ]
SQL: SHOW COLUMNS FROM `app_group` [ RunTime:0.001279s ]
SQL: SELECT * FROM `app_group` WHERE ( `guid` = '43C1549E222DE8BCFD975AEF5F44443A' ) LIMIT 1   [ RunTime:0.000661s ]
SQL: UPDATE `app_code` SET `uuid`='B4A82401-BBF4-4B37-A8CA-FFD781F4548C',`binding`=0 WHERE ( `guid` = 'B1F9C6DE677E4184896E95D835A46518' ) [ RunTime:0.000240s ]

[ 2016-03-28T09:09:54+08:00 ] 42.49.9.76 /index.php/Index/iscode/groupid/43C1549E222DE8BCFD975AEF5F44443A/username/dongya/password/123123/uuid/D3B28927-BC4C-4B42-8428-840F8FC22720
INFO: [ route_check ] --START--
INFO: CheckRoute Behavior ::run [ RunTime:0.001324s ]
INFO: [ route_check ] --END-- [ RunTime:0.001431s ]
INFO: [ app_begin ] --START--
INFO: ReadHtmlCache Behavior ::run [ RunTime:0.000995s ]
INFO: [ app_begin ] --END-- [ RunTime:0.001138s ]
SQL: SHOW COLUMNS FROM `app_code` [ RunTime:0.001936s ]
SQL: SELECT * FROM `app_code` WHERE ( username="dongya" and password="123123" and groupid="43C1549E222DE8BCFD975AEF5F44443A" ) LIMIT 1   [ RunTime:0.000719s ]
SQL: SHOW COLUMNS FROM `app_group` [ RunTime:0.001796s ]
SQL: SELECT * FROM `app_group` WHERE ( `guid` = '43C1549E222DE8BCFD975AEF5F44443A' ) LIMIT 1   [ RunTime:0.000675s ]
SQL: UPDATE `app_code` SET `uuid`='D3B28927-BC4C-4B42-8428-840F8FC22720',`binding`=0 WHERE ( `guid` = 'FBD28554EC0105185717D33AF9592F58' ) [ RunTime:0.000259s ]
NOTIC: [8] Undefined index:  type D:\PHPnow\htdocs\dongya\Lib\Action\IndexAction.class.php 第 74 行.

[ 2016-03-28T09:09:55+08:00 ] 42.49.9.76 /index.php/Index/iscode/groupid/43C1549E222DE8BCFD975AEF5F44443A/username/dongya/password/123123/uuid/D3B28927-BC4C-4B42-8428-840F8FC22720/type/updata
INFO: [ route_check ] --START--
INFO: CheckRoute Behavior ::run [ RunTime:0.000986s ]
INFO: [ route_check ] --END-- [ RunTime:0.001099s ]
INFO: [ app_begin ] --START--
INFO: ReadHtmlCache Behavior ::run [ RunTime:0.000739s ]
INFO: [ app_begin ] --END-- [ RunTime:0.000880s ]
SQL: SHOW COLUMNS FROM `app_code` [ RunTime:0.002007s ]
SQL: SELECT * FROM `app_code` WHERE ( username="dongya" and password="123123" and groupid="43C1549E222DE8BCFD975AEF5F44443A" ) LIMIT 1   [ RunTime:0.000793s ]
SQL: SHOW COLUMNS FROM `app_group` [ RunTime:0.001320s ]
SQL: SELECT * FROM `app_group` WHERE ( `guid` = '43C1549E222DE8BCFD975AEF5F44443A' ) LIMIT 1   [ RunTime:0.000742s ]
SQL: UPDATE `app_code` SET `uuid`='D3B28927-BC4C-4B42-8428-840F8FC22720',`binding`=0 WHERE ( `guid` = 'FBD28554EC0105185717D33AF9592F58' ) [ RunTime:0.000267s ]

[ 2016-03-28T09:11:11+08:00 ] 42.49.9.76 /index.php/Index/iscode/groupid/43C1549E222DE8BCFD975AEF5F44443A/username/dongya/password/123123/uuid/D3B28927-BC4C-4B42-8428-840F8FC22720/type/updata
INFO: [ route_check ] --START--
INFO: CheckRoute Behavior ::run [ RunTime:0.000980s ]
INFO: [ route_check ] --END-- [ RunTime:0.001100s ]
INFO: [ app_begin ] --START--
INFO: ReadHtmlCache Behavior ::run [ RunTime:0.000611s ]
INFO: [ app_begin ] --END-- [ RunTime:0.000694s ]
SQL: SHOW COLUMNS FROM `app_code` [ RunTime:0.001881s ]
SQL: SELECT * FROM `app_code` WHERE ( username="dongya" and password="123123" and groupid="43C1549E222DE8BCFD975AEF5F44443A" ) LIMIT 1   [ RunTime:0.000911s ]
SQL: SHOW COLUMNS FROM `app_group` [ RunTime:0.001516s ]
SQL: SELECT * FROM `app_group` WHERE ( `guid` = '43C1549E222DE8BCFD975AEF5F44443A' ) LIMIT 1   [ RunTime:0.000759s ]
SQL: UPDATE `app_code` SET `uuid`='D3B28927-BC4C-4B42-8428-840F8FC22720',`binding`=0 WHERE ( `guid` = 'FBD28554EC0105185717D33AF9592F58' ) [ RunTime:0.000251s ]

[ 2016-03-28T09:11:32+08:00 ] 42.49.9.76 /index.php/Index/iscode/groupid/43C1549E222DE8BCFD975AEF5F44443A/username/dongya/password/123123/uuid/D3B28927-BC4C-4B42-8428-840F8FC22720/type/updata
INFO: [ route_check ] --START--
INFO: CheckRoute Behavior ::run [ RunTime:0.000950s ]
INFO: [ route_check ] --END-- [ RunTime:0.001072s ]
INFO: [ app_begin ] --START--
INFO: ReadHtmlCache Behavior ::run [ RunTime:0.000607s ]
INFO: [ app_begin ] --END-- [ RunTime:0.000688s ]
SQL: SHOW COLUMNS FROM `app_code` [ RunTime:0.001678s ]
SQL: SELECT * FROM `app_code` WHERE ( username="dongya" and password="123123" and groupid="43C1549E222DE8BCFD975AEF5F44443A" ) LIMIT 1   [ RunTime:0.000759s ]
SQL: SHOW COLUMNS FROM `app_group` [ RunTime:0.001482s ]
SQL: SELECT * FROM `app_group` WHERE ( `guid` = '43C1549E222DE8BCFD975AEF5F44443A' ) LIMIT 1   [ RunTime:0.000789s ]
SQL: UPDATE `app_code` SET `uuid`='D3B28927-BC4C-4B42-8428-840F8FC22720',`binding`=0 WHERE ( `guid` = 'FBD28554EC0105185717D33AF9592F58' ) [ RunTime:0.000289s ]

[ 2016-03-28T09:11:53+08:00 ] 42.49.9.76 /index.php/Index/iscode/groupid/43C1549E222DE8BCFD975AEF5F44443A/username/dongya/password/123123/uuid/D3B28927-BC4C-4B42-8428-840F8FC22720/type/updata
INFO: [ route_check ] --START--
INFO: CheckRoute Behavior ::run [ RunTime:0.001009s ]
INFO: [ route_check ] --END-- [ RunTime:0.001131s ]
INFO: [ app_begin ] --START--
INFO: ReadHtmlCache Behavior ::run [ RunTime:0.000653s ]
INFO: [ app_begin ] --END-- [ RunTime:0.000751s ]
SQL: SHOW COLUMNS FROM `app_code` [ RunTime:0.001650s ]
SQL: SELECT * FROM `app_code` WHERE ( username="dongya" and password="123123" and groupid="43C1549E222DE8BCFD975AEF5F44443A" ) LIMIT 1   [ RunTime:0.000701s ]
SQL: SHOW COLUMNS FROM `app_group` [ RunTime:0.001344s ]
SQL: SELECT * FROM `app_group` WHERE ( `guid` = '43C1549E222DE8BCFD975AEF5F44443A' ) LIMIT 1   [ RunTime:0.000615s ]
SQL: UPDATE `app_code` SET `uuid`='D3B28927-BC4C-4B42-8428-840F8FC22720',`binding`=0 WHERE ( `guid` = 'FBD28554EC0105185717D33AF9592F58' ) [ RunTime:0.000238s ]

[ 2016-03-28T09:13:32+08:00 ] 42.49.9.76 /index.php/Index/iscode/groupid/43C1549E222DE8BCFD975AEF5F44443A/username/dongya/password/123123/uuid/D3B28927-BC4C-4B42-8428-840F8FC22720/type/updata
INFO: [ route_check ] --START--
INFO: CheckRoute Behavior ::run [ RunTime:0.001428s ]
INFO: [ route_check ] --END-- [ RunTime:0.001542s ]
INFO: [ app_begin ] --START--
INFO: ReadHtmlCache Behavior ::run [ RunTime:0.001265s ]
INFO: [ app_begin ] --END-- [ RunTime:0.001381s ]
SQL: SHOW COLUMNS FROM `app_code` [ RunTime:0.001627s ]
SQL: SELECT * FROM `app_code` WHERE ( username="dongya" and password="123123" and groupid="43C1549E222DE8BCFD975AEF5F44443A" ) LIMIT 1   [ RunTime:0.000692s ]
SQL: SHOW COLUMNS FROM `app_group` [ RunTime:0.001315s ]
SQL: SELECT * FROM `app_group` WHERE ( `guid` = '43C1549E222DE8BCFD975AEF5F44443A' ) LIMIT 1   [ RunTime:0.000618s ]
SQL: UPDATE `app_code` SET `uuid`='D3B28927-BC4C-4B42-8428-840F8FC22720',`binding`=0 WHERE ( `guid` = 'FBD28554EC0105185717D33AF9592F58' ) [ RunTime:0.000237s ]

[ 2016-03-28T09:16:17+08:00 ] 42.49.9.76 /index.php/Index/iscode/groupid/43C1549E222DE8BCFD975AEF5F44443A/username/dongya/password/123123/uuid/D3B28927-BC4C-4B42-8428-840F8FC22720/type/updata
INFO: [ route_check ] --START--
INFO: CheckRoute Behavior ::run [ RunTime:0.001349s ]
INFO: [ route_check ] --END-- [ RunTime:0.001467s ]
INFO: [ app_begin ] --START--
INFO: ReadHtmlCache Behavior ::run [ RunTime:0.000980s ]
INFO: [ app_begin ] --END-- [ RunTime:0.001070s ]
SQL: SHOW COLUMNS FROM `app_code` [ RunTime:0.001636s ]
SQL: SELECT * FROM `app_code` WHERE ( username="dongya" and password="123123" and groupid="43C1549E222DE8BCFD975AEF5F44443A" ) LIMIT 1   [ RunTime:0.000726s ]
SQL: SHOW COLUMNS FROM `app_group` [ RunTime:0.001348s ]
SQL: SELECT * FROM `app_group` WHERE ( `guid` = '43C1549E222DE8BCFD975AEF5F44443A' ) LIMIT 1   [ RunTime:0.000633s ]
SQL: UPDATE `app_code` SET `uuid`='D3B28927-BC4C-4B42-8428-840F8FC22720',`binding`=0 WHERE ( `guid` = 'FBD28554EC0105185717D33AF9592F58' ) [ RunTime:0.000244s ]

[ 2016-03-28T09:35:56+08:00 ] 61.146.225.131 /index.php/Index/iscode/groupid/43C1549E222DE8BCFD975AEF5F44443A/username/dongya002/password/12345678/uuid/52F6CCCF-F7F5-43A0-85B2-5817AA69935E
INFO: [ route_check ] --START--
INFO: CheckRoute Behavior ::run [ RunTime:0.001353s ]
INFO: [ route_check ] --END-- [ RunTime:0.001464s ]
INFO: [ app_begin ] --START--
INFO: ReadHtmlCache Behavior ::run [ RunTime:0.001000s ]
INFO: [ app_begin ] --END-- [ RunTime:0.001088s ]
SQL: SHOW COLUMNS FROM `app_code` [ RunTime:0.021351s ]
SQL: SELECT * FROM `app_code` WHERE ( username="dongya002" and password="12345678" and groupid="43C1549E222DE8BCFD975AEF5F44443A" ) LIMIT 1   [ RunTime:0.000729s ]
SQL: SHOW COLUMNS FROM `app_group` [ RunTime:0.001489s ]
SQL: SELECT * FROM `app_group` WHERE ( `guid` = '43C1549E222DE8BCFD975AEF5F44443A' ) LIMIT 1   [ RunTime:0.000636s ]
SQL: UPDATE `app_code` SET `uuid`='52F6CCCF-F7F5-43A0-85B2-5817AA69935E',`binding`=0 WHERE ( `guid` = 'B1F9C6DE677E4184896E95D835A46518' ) [ RunTime:0.000266s ]
NOTIC: [8] Undefined index:  type D:\PHPnow\htdocs\dongya\Lib\Action\IndexAction.class.php 第 74 行.

[ 2016-03-28T09:35:56+08:00 ] 61.146.225.131 /index.php/Uploadprohot
INFO: [ route_check ] --START--
INFO: CheckRoute Behavior ::run [ RunTime:0.000973s ]
INFO: [ route_check ] --END-- [ RunTime:0.001091s ]
INFO: [ app_begin ] --START--
INFO: ReadHtmlCache Behavior ::run [ RunTime:0.000664s ]
INFO: [ app_begin ] --END-- [ RunTime:0.000745s ]

[ 2016-03-28T09:35:56+08:00 ] 61.146.225.131 /index.php/Index/iscode/groupid/43C1549E222DE8BCFD975AEF5F44443A/username/dongya002/password/12345678/uuid/52F6CCCF-F7F5-43A0-85B2-5817AA69935E/type/updata
INFO: [ route_check ] --START--
INFO: CheckRoute Behavior ::run [ RunTime:0.000932s ]
INFO: [ route_check ] --END-- [ RunTime:0.001037s ]
INFO: [ app_begin ] --START--
INFO: ReadHtmlCache Behavior ::run [ RunTime:0.000597s ]
INFO: [ app_begin ] --END-- [ RunTime:0.000679s ]
SQL: SHOW COLUMNS FROM `app_code` [ RunTime:0.001615s ]
SQL: SELECT * FROM `app_code` WHERE ( username="dongya002" and password="12345678" and groupid="43C1549E222DE8BCFD975AEF5F44443A" ) LIMIT 1   [ RunTime:0.000712s ]
SQL: SHOW COLUMNS FROM `app_group` [ RunTime:0.001619s ]
SQL: SELECT * FROM `app_group` WHERE ( `guid` = '43C1549E222DE8BCFD975AEF5F44443A' ) LIMIT 1   [ RunTime:0.000632s ]
SQL: UPDATE `app_code` SET `uuid`='52F6CCCF-F7F5-43A0-85B2-5817AA69935E',`binding`=0 WHERE ( `guid` = 'B1F9C6DE677E4184896E95D835A46518' ) [ RunTime:0.000239s ]

[ 2016-03-28T09:40:35+08:00 ] 113.220.5.37 /index.php/Index/iscode/groupid/43C1549E222DE8BCFD975AEF5F44443A/username/5073912/password/ddkkjhjj/uuid/14A53E13-55AA-4464-BBDF-412354E6AA73/type/updata
INFO: [ route_check ] --START--
INFO: CheckRoute Behavior ::run [ RunTime:0.001351s ]
INFO: [ route_check ] --END-- [ RunTime:0.001464s ]
INFO: [ app_begin ] --START--
INFO: ReadHtmlCache Behavior ::run [ RunTime:0.001032s ]
INFO: [ app_begin ] --END-- [ RunTime:0.001118s ]
SQL: SHOW COLUMNS FROM `app_code` [ RunTime:0.001658s ]
SQL: SELECT * FROM `app_code` WHERE ( username="5073912" and password="ddkkjhjj" and groupid="43C1549E222DE8BCFD975AEF5F44443A" ) LIMIT 1   [ RunTime:0.000730s ]
SQL: SHOW COLUMNS FROM `app_group` [ RunTime:0.001301s ]
SQL: SELECT * FROM `app_group` LIMIT 1   [ RunTime:0.000661s ]

[ 2016-03-28T09:40:41+08:00 ] 113.220.5.37 /index.php/Index/iscode/groupid/43C1549E222DE8BCFD975AEF5F44443A/username/5073912/password/ddkkjhjj/uuid/14A53E13-55AA-4464-BBDF-412354E6AA73/type/updata
INFO: [ route_check ] --START--
INFO: CheckRoute Behavior ::run [ RunTime:0.000985s ]
INFO: [ route_check ] --END-- [ RunTime:0.001086s ]
INFO: [ app_begin ] --START--
INFO: ReadHtmlCache Behavior ::run [ RunTime:0.000613s ]
INFO: [ app_begin ] --END-- [ RunTime:0.000695s ]
SQL: SHOW COLUMNS FROM `app_code` [ RunTime:0.001735s ]
SQL: SELECT * FROM `app_code` WHERE ( username="5073912" and password="ddkkjhjj" and groupid="43C1549E222DE8BCFD975AEF5F44443A" ) LIMIT 1   [ RunTime:0.000753s ]
SQL: SHOW COLUMNS FROM `app_group` [ RunTime:0.001307s ]
SQL: SELECT * FROM `app_group` LIMIT 1   [ RunTime:0.000643s ]

[ 2016-03-28T09:42:02+08:00 ] 61.146.225.131 /index.php/Index/iscode/groupid/43C1549E222DE8BCFD975AEF5F44443A/username/dongya002/password/12345678/uuid/52F6CCCF-F7F5-43A0-85B2-5817AA69935E/type/updata
INFO: [ route_check ] --START--
INFO: CheckRoute Behavior ::run [ RunTime:0.001320s ]
INFO: [ route_check ] --END-- [ RunTime:0.001425s ]
INFO: [ app_begin ] --START--
INFO: ReadHtmlCache Behavior ::run [ RunTime:0.000979s ]
INFO: [ app_begin ] --END-- [ RunTime:0.001066s ]
SQL: SHOW COLUMNS FROM `app_code` [ RunTime:0.001664s ]
SQL: SELECT * FROM `app_code` WHERE ( username="dongya002" and password="12345678" and groupid="43C1549E222DE8BCFD975AEF5F44443A" ) LIMIT 1   [ RunTime:0.000737s ]
SQL: SHOW COLUMNS FROM `app_group` [ RunTime:0.001369s ]
SQL: SELECT * FROM `app_group` WHERE ( `guid` = '43C1549E222DE8BCFD975AEF5F44443A' ) LIMIT 1   [ RunTime:0.000629s ]
SQL: UPDATE `app_code` SET `uuid`='52F6CCCF-F7F5-43A0-85B2-5817AA69935E',`binding`=0 WHERE ( `guid` = 'B1F9C6DE677E4184896E95D835A46518' ) [ RunTime:0.000249s ]

[ 2016-03-28T10:08:02+08:00 ] 183.62.183.114 /index.php
INFO: [ app_begin ] --START--
INFO: ReadHtmlCache Behavior ::run [ RunTime:0.000640s ]
INFO: [ app_begin ] --END-- [ RunTime:0.000749s ]
INFO: [ view_parse ] --START--
INFO: ParseTemplate Behavior ::run [ RunTime:0.054451s ]
INFO: [ view_parse ] --END-- [ RunTime:0.054639s ]
INFO: [ view_filter ] --START--
INFO: ContentReplace Behavior ::run [ RunTime:0.005889s ]
INFO: TokenBuild Behavior ::run [ RunTime:0.002235s ]
INFO: WriteHtmlCache Behavior ::run [ RunTime:0.002175s ]
INFO: ShowRuntime Behavior ::run [ RunTime:0.002309s ]
INFO: [ view_filter ] --END-- [ RunTime:0.012843s ]
INFO: [ view_end ] --START--
INFO: ShowPageTrace Behavior ::run [ RunTime:0.002508s ]
INFO: [ view_end ] --END-- [ RunTime:0.002589s ]

[ 2016-03-28T10:08:03+08:00 ] 111.206.36.144 /index.php
INFO: [ app_begin ] --START--
INFO: ReadHtmlCache Behavior ::run [ RunTime:0.001126s ]
INFO: [ app_begin ] --END-- [ RunTime:0.001242s ]
INFO: [ view_parse ] --START--
INFO: ParseTemplate Behavior ::run [ RunTime:0.019427s ]
INFO: [ view_parse ] --END-- [ RunTime:0.019555s ]
INFO: [ view_filter ] --START--
INFO: ContentReplace Behavior ::run [ RunTime:0.001022s ]
INFO: TokenBuild Behavior ::run [ RunTime:0.001192s ]
INFO: WriteHtmlCache Behavior ::run [ RunTime:0.000688s ]
INFO: ShowRuntime Behavior ::run [ RunTime:0.000902s ]
INFO: [ view_filter ] --END-- [ RunTime:0.004081s ]
INFO: [ view_end ] --START--
INFO: ShowPageTrace Behavior ::run [ RunTime:0.001054s ]
INFO: [ view_end ] --END-- [ RunTime:0.001134s ]

[ 2016-03-28T10:08:08+08:00 ] 183.62.183.114 /index.php/index/code_login
INFO: [ route_check ] --START--
INFO: CheckRoute Behavior ::run [ RunTime:0.001414s ]
INFO: [ route_check ] --END-- [ RunTime:0.001526s ]
INFO: [ app_begin ] --START--
INFO: ReadHtmlCache Behavior ::run [ RunTime:0.000634s ]
INFO: [ app_begin ] --END-- [ RunTime:0.000709s ]
SQL: SHOW COLUMNS FROM `app_member` [ RunTime:0.029111s ]
SQL: SELECT * FROM `app_member` WHERE ( username="dongya" and password="4297f44b13955235245b2497399d7a93" ) LIMIT 1   [ RunTime:0.000976s ]
SQL: SHOW COLUMNS FROM `app_admin` [ RunTime:0.037932s ]
SQL: SELECT * FROM `app_admin` WHERE ( username="dongya" and password="4297f44b13955235245b2497399d7a93" ) LIMIT 1   [ RunTime:0.001038s ]
SQL: SHOW COLUMNS FROM `app_group` [ RunTime:0.001364s ]
SQL: SELECT * FROM `app_group` WHERE ( `guid` = '43C1549E222DE8BCFD975AEF5F44443A' ) LIMIT 1   [ RunTime:0.000630s ]

[ 2016-03-28T10:08:08+08:00 ] 183.62.183.114 /index.php/Index/
INFO: [ route_check ] --START--
INFO: CheckRoute Behavior ::run [ RunTime:0.001320s ]
INFO: [ route_check ] --END-- [ RunTime:0.001464s ]
INFO: [ app_begin ] --START--
INFO: ReadHtmlCache Behavior ::run [ RunTime:0.000842s ]
INFO: [ app_begin ] --END-- [ RunTime:0.000956s ]

[ 2016-03-28T10:08:13+08:00 ] 61.135.169.43 /index.php
INFO: [ app_begin ] --START--
INFO: ReadHtmlCache Behavior ::run [ RunTime:0.000776s ]
INFO: [ app_begin ] --END-- [ RunTime:0.000910s ]
INFO: [ view_parse ] --START--
INFO: ParseTemplate Behavior ::run [ RunTime:0.009032s ]
INFO: [ view_parse ] --END-- [ RunTime:0.009152s ]
INFO: [ view_filter ] --START--
INFO: ContentReplace Behavior ::run [ RunTime:0.000404s ]
INFO: TokenBuild Behavior ::run [ RunTime:0.000440s ]
INFO: WriteHtmlCache Behavior ::run [ RunTime:0.000304s ]
INFO: ShowRuntime Behavior ::run [ RunTime:0.000572s ]
INFO: [ view_filter ] --END-- [ RunTime:0.001967s ]
INFO: [ view_end ] --START--
INFO: ShowPageTrace Behavior ::run [ RunTime:0.000731s ]
INFO: [ view_end ] --END-- [ RunTime:0.000811s ]

[ 2016-03-28T10:08:15+08:00 ] 111.206.36.133 /index.php
INFO: [ app_begin ] --START--
INFO: ReadHtmlCache Behavior ::run [ RunTime:0.000618s ]
INFO: [ app_begin ] --END-- [ RunTime:0.000722s ]
INFO: [ view_parse ] --START--
INFO: ParseTemplate Behavior ::run [ RunTime:0.008283s ]
INFO: [ view_parse ] --END-- [ RunTime:0.008391s ]
INFO: [ view_filter ] --START--
INFO: ContentReplace Behavior ::run [ RunTime:0.000385s ]
INFO: TokenBuild Behavior ::run [ RunTime:0.000411s ]
INFO: WriteHtmlCache Behavior ::run [ RunTime:0.000267s ]
INFO: ShowRuntime Behavior ::run [ RunTime:0.000636s ]
INFO: [ view_filter ] --END-- [ RunTime:0.001919s ]
INFO: [ view_end ] --START--
INFO: ShowPageTrace Behavior ::run [ RunTime:0.000715s ]
INFO: [ view_end ] --END-- [ RunTime:0.000791s ]

[ 2016-03-28T10:08:23+08:00 ] 61.135.169.43 /index.php
INFO: [ app_begin ] --START--
INFO: ReadHtmlCache Behavior ::run [ RunTime:0.000624s ]
INFO: [ app_begin ] --END-- [ RunTime:0.000734s ]
INFO: [ view_parse ] --START--
INFO: ParseTemplate Behavior ::run [ RunTime:0.008280s ]
INFO: [ view_parse ] --END-- [ RunTime:0.008390s ]
INFO: [ view_filter ] --START--
INFO: ContentReplace Behavior ::run [ RunTime:0.000388s ]
INFO: TokenBuild Behavior ::run [ RunTime:0.000406s ]
INFO: WriteHtmlCache Behavior ::run [ RunTime:0.000265s ]
INFO: ShowRuntime Behavior ::run [ RunTime:0.000495s ]
INFO: [ view_filter ] --END-- [ RunTime:0.001768s ]
INFO: [ view_end ] --START--
INFO: ShowPageTrace Behavior ::run [ RunTime:0.000664s ]
INFO: [ view_end ] --END-- [ RunTime:0.000739s ]

[ 2016-03-28T10:08:54+08:00 ] 110.210.205.58 /index.php/Index/iscode/groupid/43C1549E222DE8BCFD975AEF5F44443A/username/ 1669744802/password/Cy123456/uuid/A9955567-87AC-487E-A411-FEAB02E0E30C
INFO: [ route_check ] --START--
INFO: CheckRoute Behavior ::run [ RunTime:0.001367s ]
INFO: [ route_check ] --END-- [ RunTime:0.001480s ]
INFO: [ app_begin ] --START--
INFO: ReadHtmlCache Behavior ::run [ RunTime:0.001055s ]
INFO: [ app_begin ] --END-- [ RunTime:0.001141s ]
SQL: SHOW COLUMNS FROM `app_code` [ RunTime:0.001914s ]
SQL: SELECT * FROM `app_code` WHERE ( username=" 1669744802" and password="Cy123456" and groupid="43C1549E222DE8BCFD975AEF5F44443A" ) LIMIT 1   [ RunTime:0.000714s ]
SQL: SHOW COLUMNS FROM `app_group` [ RunTime:0.001403s ]
SQL: SELECT * FROM `app_group` LIMIT 1   [ RunTime:0.000625s ]

[ 2016-03-28T10:08:55+08:00 ] 110.210.205.58 /index.php/Index/iscode/groupid/43C1549E222DE8BCFD975AEF5F44443A/username/ 1669744802/password/Cy123456/uuid/A9955567-87AC-487E-A411-FEAB02E0E30C/type/updata
INFO: [ route_check ] --START--
INFO: CheckRoute Behavior ::run [ RunTime:0.000999s ]
INFO: [ route_check ] --END-- [ RunTime:0.001119s ]
INFO: [ app_begin ] --START--
INFO: ReadHtmlCache Behavior ::run [ RunTime:0.000664s ]
INFO: [ app_begin ] --END-- [ RunTime:0.000748s ]
SQL: SHOW COLUMNS FROM `app_code` [ RunTime:0.001708s ]
SQL: SELECT * FROM `app_code` WHERE ( username=" 1669744802" and password="Cy123456" and groupid="43C1549E222DE8BCFD975AEF5F44443A" ) LIMIT 1   [ RunTime:0.000761s ]
SQL: SHOW COLUMNS FROM `app_group` [ RunTime:0.001372s ]
SQL: SELECT * FROM `app_group` LIMIT 1   [ RunTime:0.000769s ]

[ 2016-03-28T10:10:52+08:00 ] 110.210.205.58 /index.php/Index/iscode/groupid/43C1549E222DE8BCFD975AEF5F44443A/username/ 1669744802/password/Cy123456/uuid/A9955567-87AC-487E-A411-FEAB02E0E30C/type/updata
INFO: [ route_check ] --START--
INFO: CheckRoute Behavior ::run [ RunTime:0.000944s ]
INFO: [ route_check ] --END-- [ RunTime:0.001049s ]
INFO: [ app_begin ] --START--
INFO: ReadHtmlCache Behavior ::run [ RunTime:0.000613s ]
INFO: [ app_begin ] --END-- [ RunTime:0.000697s ]
SQL: SHOW COLUMNS FROM `app_code` [ RunTime:0.001679s ]
SQL: SELECT * FROM `app_code` WHERE ( username=" 1669744802" and password="Cy123456" and groupid="43C1549E222DE8BCFD975AEF5F44443A" ) LIMIT 1   [ RunTime:0.000718s ]
SQL: SHOW COLUMNS FROM `app_group` [ RunTime:0.001315s ]
SQL: SELECT * FROM `app_group` LIMIT 1   [ RunTime:0.000602s ]

[ 2016-03-28T10:11:11+08:00 ] 110.210.205.58 /index.php/Index/iscode/groupid/43C1549E222DE8BCFD975AEF5F44443A/username/ 1669744802/password/Cy123456/uuid/A9955567-87AC-487E-A411-FEAB02E0E30C/type/updata
INFO: [ route_check ] --START--
INFO: CheckRoute Behavior ::run [ RunTime:0.001029s ]
INFO: [ route_check ] --END-- [ RunTime:0.001155s ]
INFO: [ app_begin ] --START--
INFO: ReadHtmlCache Behavior ::run [ RunTime:0.000630s ]
INFO: [ app_begin ] --END-- [ RunTime:0.000725s ]
SQL: SHOW COLUMNS FROM `app_code` [ RunTime:0.001670s ]
SQL: SELECT * FROM `app_code` WHERE ( username=" 1669744802" and password="Cy123456" and groupid="43C1549E222DE8BCFD975AEF5F44443A" ) LIMIT 1   [ RunTime:0.000724s ]
SQL: SHOW COLUMNS FROM `app_group` [ RunTime:0.001320s ]
SQL: SELECT * FROM `app_group` LIMIT 1   [ RunTime:0.000616s ]

[ 2016-03-28T10:15:37+08:00 ] 14.216.235.200 /index.php/Index/iscode/groupid/43C1549E222DE8BCFD975AEF5F44443A/username/dongya008/password/12345678/uuid/423C92B7-E540-4CB8-A628-E2603A87B55D
INFO: [ route_check ] --START--
INFO: CheckRoute Behavior ::run [ RunTime:0.001049s ]
INFO: [ route_check ] --END-- [ RunTime:0.001162s ]
INFO: [ app_begin ] --START--
INFO: ReadHtmlCache Behavior ::run [ RunTime:0.000825s ]
INFO: [ app_begin ] --END-- [ RunTime:0.000912s ]
SQL: SHOW COLUMNS FROM `app_code` [ RunTime:0.001652s ]
SQL: SELECT * FROM `app_code` WHERE ( username="dongya008" and password="12345678" and groupid="43C1549E222DE8BCFD975AEF5F44443A" ) LIMIT 1   [ RunTime:0.000763s ]
SQL: SHOW COLUMNS FROM `app_group` [ RunTime:0.001344s ]
SQL: SELECT * FROM `app_group` WHERE ( `guid` = '43C1549E222DE8BCFD975AEF5F44443A' ) LIMIT 1   [ RunTime:0.000637s ]
SQL: UPDATE `app_code` SET `uuid`='423C92B7-E540-4CB8-A628-E2603A87B55D',`binding`=0 WHERE ( `guid` = 'C215052EF9AE478B8CD892CF337B4B31' ) [ RunTime:0.000254s ]
NOTIC: [8] Undefined index:  type D:\PHPnow\htdocs\dongya\Lib\Action\IndexAction.class.php 第 74 行.

[ 2016-03-28T10:15:37+08:00 ] 14.216.235.200 /index.php/Uploadprohot
INFO: [ route_check ] --START--
INFO: CheckRoute Behavior ::run [ RunTime:0.000956s ]
INFO: [ route_check ] --END-- [ RunTime:0.001082s ]
INFO: [ app_begin ] --START--
INFO: ReadHtmlCache Behavior ::run [ RunTime:0.000859s ]
INFO: [ app_begin ] --END-- [ RunTime:0.000943s ]

[ 2016-03-28T10:15:37+08:00 ] 14.216.235.200 /index.php/Index/iscode/groupid/43C1549E222DE8BCFD975AEF5F44443A/username/dongya008/password/12345678/uuid/423C92B7-E540-4CB8-A628-E2603A87B55D/type/updata
INFO: [ route_check ] --START--
INFO: CheckRoute Behavior ::run [ RunTime:0.000947s ]
INFO: [ route_check ] --END-- [ RunTime:0.001067s ]
INFO: [ app_begin ] --START--
INFO: ReadHtmlCache Behavior ::run [ RunTime:0.000866s ]
INFO: [ app_begin ] --END-- [ RunTime:0.000954s ]
SQL: SHOW COLUMNS FROM `app_code` [ RunTime:0.001661s ]
SQL: SELECT * FROM `app_code` WHERE ( username="dongya008" and password="12345678" and groupid="43C1549E222DE8BCFD975AEF5F44443A" ) LIMIT 1   [ RunTime:0.000712s ]
SQL: SHOW COLUMNS FROM `app_group` [ RunTime:0.001438s ]
SQL: SELECT * FROM `app_group` WHERE ( `guid` = '43C1549E222DE8BCFD975AEF5F44443A' ) LIMIT 1   [ RunTime:0.000623s ]
SQL: UPDATE `app_code` SET `uuid`='423C92B7-E540-4CB8-A628-E2603A87B55D',`binding`=0 WHERE ( `guid` = 'C215052EF9AE478B8CD892CF337B4B31' ) [ RunTime:0.000397s ]

[ 2016-03-28T10:15:58+08:00 ] 14.216.235.200 /index.php/Index/iscode/groupid/43C1549E222DE8BCFD975AEF5F44443A/username/dongya008/password/12345678/uuid/423C92B7-E540-4CB8-A628-E2603A87B55D/type/updata
INFO: [ route_check ] --START--
INFO: CheckRoute Behavior ::run [ RunTime:0.000953s ]
INFO: [ route_check ] --END-- [ RunTime:0.001060s ]
INFO: [ app_begin ] --START--
INFO: ReadHtmlCache Behavior ::run [ RunTime:0.000815s ]
INFO: [ app_begin ] --END-- [ RunTime:0.000899s ]
SQL: SHOW COLUMNS FROM `app_code` [ RunTime:0.001688s ]
SQL: SELECT * FROM `app_code` WHERE ( username="dongya008" and password="12345678" and groupid="43C1549E222DE8BCFD975AEF5F44443A" ) LIMIT 1   [ RunTime:0.000758s ]
SQL: SHOW COLUMNS FROM `app_group` [ RunTime:0.001350s ]
SQL: SELECT * FROM `app_group` WHERE ( `guid` = '43C1549E222DE8BCFD975AEF5F44443A' ) LIMIT 1   [ RunTime:0.000624s ]
SQL: UPDATE `app_code` SET `uuid`='423C92B7-E540-4CB8-A628-E2603A87B55D',`binding`=0 WHERE ( `guid` = 'C215052EF9AE478B8CD892CF337B4B31' ) [ RunTime:0.000253s ]

[ 2016-03-28T10:16:26+08:00 ] 110.210.205.58 /index.php/Index/iscode/groupid/43C1549E222DE8BCFD975AEF5F44443A/username/ 1669744802/password/Cy123456/uuid/A9955567-87AC-487E-A411-FEAB02E0E30C
INFO: [ route_check ] --START--
INFO: CheckRoute Behavior ::run [ RunTime:0.001422s ]
INFO: [ route_check ] --END-- [ RunTime:0.001539s ]
INFO: [ app_begin ] --START--
INFO: ReadHtmlCache Behavior ::run [ RunTime:0.001034s ]
INFO: [ app_begin ] --END-- [ RunTime:0.001122s ]
SQL: SHOW COLUMNS FROM `app_code` [ RunTime:0.001759s ]
SQL: SELECT * FROM `app_code` WHERE ( username=" 1669744802" and password="Cy123456" and groupid="43C1549E222DE8BCFD975AEF5F44443A" ) LIMIT 1   [ RunTime:0.000829s ]
SQL: SHOW COLUMNS FROM `app_group` [ RunTime:0.001547s ]
SQL: SELECT * FROM `app_group` LIMIT 1   [ RunTime:0.000638s ]

[ 2016-03-28T10:16:26+08:00 ] 110.210.205.58 /index.php/Index/iscode/groupid/43C1549E222DE8BCFD975AEF5F44443A/username/ 1669744802/password/Cy123456/uuid/A9955567-87AC-487E-A411-FEAB02E0E30C/type/updata
INFO: [ route_check ] --START--
INFO: CheckRoute Behavior ::run [ RunTime:0.000932s ]
INFO: [ route_check ] --END-- [ RunTime:0.001042s ]
INFO: [ app_begin ] --START--
INFO: ReadHtmlCache Behavior ::run [ RunTime:0.000801s ]
INFO: [ app_begin ] --END-- [ RunTime:0.000883s ]
SQL: SHOW COLUMNS FROM `app_code` [ RunTime:0.001712s ]
SQL: SELECT * FROM `app_code` WHERE ( username=" 1669744802" and password="Cy123456" and groupid="43C1549E222DE8BCFD975AEF5F44443A" ) LIMIT 1   [ RunTime:0.000744s ]
SQL: SHOW COLUMNS FROM `app_group` [ RunTime:0.001580s ]
SQL: SELECT * FROM `app_group` LIMIT 1   [ RunTime:0.000661s ]

[ 2016-03-28T10:16:56+08:00 ] 110.210.205.58 /index.php/Index/iscode/groupid/43C1549E222DE8BCFD975AEF5F44443A/username/ 1669744802/password/Cy123456/uuid/A9955567-87AC-487E-A411-FEAB02E0E30C/type/updata
INFO: [ route_check ] --START--
INFO: CheckRoute Behavior ::run [ RunTime:0.000932s ]
INFO: [ route_check ] --END-- [ RunTime:0.001035s ]
INFO: [ app_begin ] --START--
INFO: ReadHtmlCache Behavior ::run [ RunTime:0.000808s ]
INFO: [ app_begin ] --END-- [ RunTime:0.000893s ]
SQL: SHOW COLUMNS FROM `app_code` [ RunTime:0.001893s ]
SQL: SELECT * FROM `app_code` WHERE ( username=" 1669744802" and password="Cy123456" and groupid="43C1549E222DE8BCFD975AEF5F44443A" ) LIMIT 1   [ RunTime:0.001003s ]
SQL: SHOW COLUMNS FROM `app_group` [ RunTime:0.001297s ]
SQL: SELECT * FROM `app_group` LIMIT 1   [ RunTime:0.000624s ]

[ 2016-03-28T10:54:33+08:00 ] 42.49.9.76 /index.php/Index/iscode/groupid/43C1549E222DE8BCFD975AEF5F44443A/username/dongya/password/123123/uuid/D3B28927-BC4C-4B42-8428-840F8FC22720/type/updata
INFO: [ route_check ] --START--
INFO: CheckRoute Behavior ::run [ RunTime:0.001401s ]
INFO: [ route_check ] --END-- [ RunTime:0.001541s ]
INFO: [ app_begin ] --START--
INFO: ReadHtmlCache Behavior ::run [ RunTime:0.001002s ]
INFO: [ app_begin ] --END-- [ RunTime:0.001091s ]
SQL: SHOW COLUMNS FROM `app_code` [ RunTime:0.001976s ]
SQL: SELECT * FROM `app_code` WHERE ( username="dongya" and password="123123" and groupid="43C1549E222DE8BCFD975AEF5F44443A" ) LIMIT 1   [ RunTime:0.001216s ]
SQL: SHOW COLUMNS FROM `app_group` [ RunTime:0.001797s ]
SQL: SELECT * FROM `app_group` WHERE ( `guid` = '43C1549E222DE8BCFD975AEF5F44443A' ) LIMIT 1   [ RunTime:0.000686s ]
SQL: UPDATE `app_code` SET `uuid`='D3B28927-BC4C-4B42-8428-840F8FC22720',`binding`=0 WHERE ( `guid` = 'FBD28554EC0105185717D33AF9592F58' ) [ RunTime:0.000268s ]

[ 2016-03-28T10:56:24+08:00 ] 42.49.9.76 /index.php/Index/iscode/groupid/43C1549E222DE8BCFD975AEF5F44443A/username/dongya/password/123123/uuid/D3B28927-BC4C-4B42-8428-840F8FC22720/type/updata
INFO: [ route_check ] --START--
INFO: CheckRoute Behavior ::run [ RunTime:0.000933s ]
INFO: [ route_check ] --END-- [ RunTime:0.001036s ]
INFO: [ app_begin ] --START--
INFO: ReadHtmlCache Behavior ::run [ RunTime:0.000810s ]
INFO: [ app_begin ] --END-- [ RunTime:0.000895s ]
SQL: SHOW COLUMNS FROM `app_code` [ RunTime:0.001630s ]
SQL: SELECT * FROM `app_code` WHERE ( username="dongya" and password="123123" and groupid="43C1549E222DE8BCFD975AEF5F44443A" ) LIMIT 1   [ RunTime:0.000708s ]
SQL: SHOW COLUMNS FROM `app_group` [ RunTime:0.001375s ]
SQL: SELECT * FROM `app_group` WHERE ( `guid` = '43C1549E222DE8BCFD975AEF5F44443A' ) LIMIT 1   [ RunTime:0.000687s ]
SQL: UPDATE `app_code` SET `uuid`='D3B28927-BC4C-4B42-8428-840F8FC22720',`binding`=0 WHERE ( `guid` = 'FBD28554EC0105185717D33AF9592F58' ) [ RunTime:0.000243s ]

[ 2016-03-28T10:59:49+08:00 ] 42.49.9.76 /index.php/Index/iscode/groupid/43C1549E222DE8BCFD975AEF5F44443A/username/dongya/password/123123/uuid/D3B28927-BC4C-4B42-8428-840F8FC22720/type/updata
INFO: [ route_check ] --START--
INFO: CheckRoute Behavior ::run [ RunTime:0.001310s ]
INFO: [ route_check ] --END-- [ RunTime:0.001415s ]
INFO: [ app_begin ] --START--
INFO: ReadHtmlCache Behavior ::run [ RunTime:0.001017s ]
INFO: [ app_begin ] --END-- [ RunTime:0.001189s ]
SQL: SHOW COLUMNS FROM `app_code` [ RunTime:0.001714s ]
SQL: SELECT * FROM `app_code` WHERE ( username="dongya" and password="123123" and groupid="43C1549E222DE8BCFD975AEF5F44443A" ) LIMIT 1   [ RunTime:0.000702s ]
SQL: SHOW COLUMNS FROM `app_group` [ RunTime:0.001286s ]
SQL: SELECT * FROM `app_group` WHERE ( `guid` = '43C1549E222DE8BCFD975AEF5F44443A' ) LIMIT 1   [ RunTime:0.000652s ]
SQL: UPDATE `app_code` SET `uuid`='D3B28927-BC4C-4B42-8428-840F8FC22720',`binding`=0 WHERE ( `guid` = 'FBD28554EC0105185717D33AF9592F58' ) [ RunTime:0.000264s ]

[ 2016-03-28T11:10:31+08:00 ] 113.95.41.251 /index.php/Index/iscode/groupid/43C1549E222DE8BCFD975AEF5F44443A/username/4J0766-04A/password/12345678/uuid/6ED5ADDA-8966-480E-8D36-39A545A96AE2
INFO: [ route_check ] --START--
INFO: CheckRoute Behavior ::run [ RunTime:0.001326s ]
INFO: [ route_check ] --END-- [ RunTime:0.001446s ]
INFO: [ app_begin ] --START--
INFO: ReadHtmlCache Behavior ::run [ RunTime:0.000973s ]
INFO: [ app_begin ] --END-- [ RunTime:0.001058s ]
SQL: SHOW COLUMNS FROM `app_code` [ RunTime:0.001820s ]
SQL: SELECT * FROM `app_code` WHERE ( username="4J0766-04A" and password="12345678" and groupid="43C1549E222DE8BCFD975AEF5F44443A" ) LIMIT 1   [ RunTime:0.000727s ]
SQL: SHOW COLUMNS FROM `app_group` [ RunTime:0.001560s ]
SQL: SELECT * FROM `app_group` LIMIT 1   [ RunTime:0.000834s ]

[ 2016-03-28T11:10:31+08:00 ] 113.95.41.251 /index.php/Index/iscode/groupid/43C1549E222DE8BCFD975AEF5F44443A/username/4J0766-04A/password/12345678/uuid/6ED5ADDA-8966-480E-8D36-39A545A96AE2/type/updata
INFO: [ route_check ] --START--
INFO: CheckRoute Behavior ::run [ RunTime:0.001135s ]
INFO: [ route_check ] --END-- [ RunTime:0.001249s ]
INFO: [ app_begin ] --START--
INFO: ReadHtmlCache Behavior ::run [ RunTime:0.000798s ]
INFO: [ app_begin ] --END-- [ RunTime:0.000882s ]
SQL: SHOW COLUMNS FROM `app_code` [ RunTime:0.001638s ]
SQL: SELECT * FROM `app_code` WHERE ( username="4J0766-04A" and password="12345678" and groupid="43C1549E222DE8BCFD975AEF5F44443A" ) LIMIT 1   [ RunTime:0.000719s ]
SQL: SHOW COLUMNS FROM `app_group` [ RunTime:0.001351s ]
SQL: SELECT * FROM `app_group` LIMIT 1   [ RunTime:0.000603s ]

[ 2016-03-28T11:18:48+08:00 ] 223.74.37.98 /index.php/Index/iscode/groupid/43C1549E222DE8BCFD975AEF5F44443A/username/dongya015/password/12345678/uuid/0A438F5A-5F65-4EAF-87A6-ABFB7A39B4F6
INFO: [ route_check ] --START--
INFO: CheckRoute Behavior ::run [ RunTime:0.001345s ]
INFO: [ route_check ] --END-- [ RunTime:0.001456s ]
INFO: [ app_begin ] --START--
INFO: ReadHtmlCache Behavior ::run [ RunTime:0.001113s ]
INFO: [ app_begin ] --END-- [ RunTime:0.001204s ]
SQL: SHOW COLUMNS FROM `app_code` [ RunTime:0.001581s ]
SQL: SELECT * FROM `app_code` WHERE ( username="dongya015" and password="12345678" and groupid="43C1549E222DE8BCFD975AEF5F44443A" ) LIMIT 1   [ RunTime:0.000708s ]
SQL: SHOW COLUMNS FROM `app_group` [ RunTime:0.001295s ]
SQL: SELECT * FROM `app_group` WHERE ( `guid` = '43C1549E222DE8BCFD975AEF5F44443A' ) LIMIT 1   [ RunTime:0.000623s ]
SQL: UPDATE `app_code` SET `uuid`='0A438F5A-5F65-4EAF-87A6-ABFB7A39B4F6',`binding`=0 WHERE ( `guid` = '3816EC48214D465BB7FF219AC09651E6' ) [ RunTime:0.000275s ]
NOTIC: [8] Undefined index:  type D:\PHPnow\htdocs\dongya\Lib\Action\IndexAction.class.php 第 74 行.

[ 2016-03-28T11:18:48+08:00 ] 223.74.37.98 /index.php/Index/iscode/groupid/43C1549E222DE8BCFD975AEF5F44443A/username/dongya015/password/12345678/uuid/0A438F5A-5F65-4EAF-87A6-ABFB7A39B4F6/type/updata
INFO: [ route_check ] --START--
INFO: CheckRoute Behavior ::run [ RunTime:0.000955s ]
INFO: [ route_check ] --END-- [ RunTime:0.001067s ]
INFO: [ app_begin ] --START--
INFO: ReadHtmlCache Behavior ::run [ RunTime:0.000805s ]
INFO: [ app_begin ] --END-- [ RunTime:0.000892s ]
SQL: SHOW COLUMNS FROM `app_code` [ RunTime:0.001640s ]
SQL: SELECT * FROM `app_code` WHERE ( username="dongya015" and password="12345678" and groupid="43C1549E222DE8BCFD975AEF5F44443A" ) LIMIT 1   [ RunTime:0.000711s ]
SQL: SHOW COLUMNS FROM `app_group` [ RunTime:0.001270s ]
SQL: SELECT * FROM `app_group` WHERE ( `guid` = '43C1549E222DE8BCFD975AEF5F44443A' ) LIMIT 1   [ RunTime:0.000612s ]
SQL: UPDATE `app_code` SET `uuid`='0A438F5A-5F65-4EAF-87A6-ABFB7A39B4F6',`binding`=0 WHERE ( `guid` = '3816EC48214D465BB7FF219AC09651E6' ) [ RunTime:0.000235s ]

[ 2016-03-28T11:24:01+08:00 ] 223.74.37.98 /index.php/Index/iscode/groupid/43C1549E222DE8BCFD975AEF5F44443A/username/dongya015/password/12345678/uuid/0A438F5A-5F65-4EAF-87A6-ABFB7A39B4F6/type/updata
INFO: [ route_check ] --START--
INFO: CheckRoute Behavior ::run [ RunTime:0.001354s ]
INFO: [ route_check ] --END-- [ RunTime:0.001467s ]
INFO: [ app_begin ] --START--
INFO: ReadHtmlCache Behavior ::run [ RunTime:0.000998s ]
INFO: [ app_begin ] --END-- [ RunTime:0.001084s ]
SQL: SHOW COLUMNS FROM `app_code` [ RunTime:0.002076s ]
SQL: SELECT * FROM `app_code` WHERE ( username="dongya015" and password="12345678" and groupid="43C1549E222DE8BCFD975AEF5F44443A" ) LIMIT 1   [ RunTime:0.000719s ]
SQL: SHOW COLUMNS FROM `app_group` [ RunTime:0.001471s ]
SQL: SELECT * FROM `app_group` WHERE ( `guid` = '43C1549E222DE8BCFD975AEF5F44443A' ) LIMIT 1   [ RunTime:0.000732s ]
SQL: UPDATE `app_code` SET `uuid`='0A438F5A-5F65-4EAF-87A6-ABFB7A39B4F6',`binding`=0 WHERE ( `guid` = '3816EC48214D465BB7FF219AC09651E6' ) [ RunTime:0.000242s ]

[ 2016-03-28T11:55:21+08:00 ] 183.28.131.64 /index.php/Index/iscode/groupid/43C1549E222DE8BCFD975AEF5F44443A/username/dongya009/password/12345678/uuid/FE825D56-81F7-4A62-8136-66BE56E60711/type/updata
INFO: [ route_check ] --START--
INFO: CheckRoute Behavior ::run [ RunTime:0.001377s ]
INFO: [ route_check ] --END-- [ RunTime:0.001480s ]
INFO: [ app_begin ] --START--
INFO: ReadHtmlCache Behavior ::run [ RunTime:0.001090s ]
INFO: [ app_begin ] --END-- [ RunTime:0.001178s ]
SQL: SHOW COLUMNS FROM `app_code` [ RunTime:0.001817s ]
SQL: SELECT * FROM `app_code` WHERE ( username="dongya009" and password="12345678" and groupid="43C1549E222DE8BCFD975AEF5F44443A" ) LIMIT 1   [ RunTime:0.000723s ]
SQL: SHOW COLUMNS FROM `app_group` [ RunTime:0.001520s ]
SQL: SELECT * FROM `app_group` LIMIT 1   [ RunTime:0.000649s ]

[ 2016-03-28T11:55:26+08:00 ] 183.28.131.64 /index.php/Index/iscode/groupid/43C1549E222DE8BCFD975AEF5F44443A/username/dongya009/password/12345678/uuid/FE825D56-81F7-4A62-8136-66BE56E60711/type/updata
INFO: [ route_check ] --START--
INFO: CheckRoute Behavior ::run [ RunTime:0.001113s ]
INFO: [ route_check ] --END-- [ RunTime:0.001243s ]
INFO: [ app_begin ] --START--
INFO: ReadHtmlCache Behavior ::run [ RunTime:0.001058s ]
INFO: [ app_begin ] --END-- [ RunTime:0.001180s ]
SQL: SHOW COLUMNS FROM `app_code` [ RunTime:0.002422s ]
SQL: SELECT * FROM `app_code` WHERE ( username="dongya009" and password="12345678" and groupid="43C1549E222DE8BCFD975AEF5F44443A" ) LIMIT 1   [ RunTime:0.000834s ]
SQL: SHOW COLUMNS FROM `app_group` [ RunTime:0.001342s ]
SQL: SELECT * FROM `app_group` LIMIT 1   [ RunTime:0.000623s ]

[ 2016-03-28T11:55:28+08:00 ] 183.28.131.64 /index.php/Index/iscode/groupid/43C1549E222DE8BCFD975AEF5F44443A/username/dongya009/password/12345678/uuid/FE825D56-81F7-4A62-8136-66BE56E60711/type/updata
INFO: [ route_check ] --START--
INFO: CheckRoute Behavior ::run [ RunTime:0.000969s ]
INFO: [ route_check ] --END-- [ RunTime:0.001072s ]
INFO: [ app_begin ] --START--
INFO: ReadHtmlCache Behavior ::run [ RunTime:0.000813s ]
INFO: [ app_begin ] --END-- [ RunTime:0.000906s ]
SQL: SHOW COLUMNS FROM `app_code` [ RunTime:0.001779s ]
SQL: SELECT * FROM `app_code` WHERE ( username="dongya009" and password="12345678" and groupid="43C1549E222DE8BCFD975AEF5F44443A" ) LIMIT 1   [ RunTime:0.000733s ]
SQL: SHOW COLUMNS FROM `app_group` [ RunTime:0.001335s ]
SQL: SELECT * FROM `app_group` LIMIT 1   [ RunTime:0.000633s ]

[ 2016-03-28T11:55:49+08:00 ] 183.28.131.64 /index.php/Index/iscode/groupid/43C1549E222DE8BCFD975AEF5F44443A/username/dongya009/password/12345678/uuid/FE825D56-81F7-4A62-8136-66BE56E60711/type/updata
INFO: [ route_check ] --START--
INFO: CheckRoute Behavior ::run [ RunTime:0.001115s ]
INFO: [ route_check ] --END-- [ RunTime:0.001253s ]
INFO: [ app_begin ] --START--
INFO: ReadHtmlCache Behavior ::run [ RunTime:0.000808s ]
INFO: [ app_begin ] --END-- [ RunTime:0.000890s ]
SQL: SHOW COLUMNS FROM `app_code` [ RunTime:0.001718s ]
SQL: SELECT * FROM `app_code` WHERE ( username="dongya009" and password="12345678" and groupid="43C1549E222DE8BCFD975AEF5F44443A" ) LIMIT 1   [ RunTime:0.000710s ]
SQL: SHOW COLUMNS FROM `app_group` [ RunTime:0.001294s ]
SQL: SELECT * FROM `app_group` LIMIT 1   [ RunTime:0.000685s ]

[ 2016-03-28T11:55:54+08:00 ] 183.28.131.64 /index.php/Index/iscode/groupid/43C1549E222DE8BCFD975AEF5F44443A/username/dongya009/password/12345678/uuid/FE825D56-81F7-4A62-8136-66BE56E60711/type/updata
INFO: [ route_check ] --START--
INFO: CheckRoute Behavior ::run [ RunTime:0.000950s ]
INFO: [ route_check ] --END-- [ RunTime:0.001066s ]
INFO: [ app_begin ] --START--
INFO: ReadHtmlCache Behavior ::run [ RunTime:0.001100s ]
INFO: [ app_begin ] --END-- [ RunTime:0.001217s ]
SQL: SHOW COLUMNS FROM `app_code` [ RunTime:0.001671s ]
SQL: SELECT * FROM `app_code` WHERE ( username="dongya009" and password="12345678" and groupid="43C1549E222DE8BCFD975AEF5F44443A" ) LIMIT 1   [ RunTime:0.000717s ]
SQL: SHOW COLUMNS FROM `app_group` [ RunTime:0.001297s ]
SQL: SELECT * FROM `app_group` LIMIT 1   [ RunTime:0.000601s ]

[ 2016-03-28T12:10:57+08:00 ] 121.42.0.75 /index.php
INFO: [ app_begin ] --START--
INFO: ReadHtmlCache Behavior ::run [ RunTime:0.001306s ]
INFO: [ app_begin ] --END-- [ RunTime:0.001451s ]
INFO: [ view_parse ] --START--
INFO: ParseTemplate Behavior ::run [ RunTime:0.011065s ]
INFO: [ view_parse ] --END-- [ RunTime:0.011178s ]
INFO: [ view_filter ] --START--
INFO: ContentReplace Behavior ::run [ RunTime:0.000773s ]
INFO: TokenBuild Behavior ::run [ RunTime:0.000801s ]
INFO: WriteHtmlCache Behavior ::run [ RunTime:0.000645s ]
INFO: ShowRuntime Behavior ::run [ RunTime:0.001220s ]
INFO: [ view_filter ] --END-- [ RunTime:0.003688s ]
INFO: [ view_end ] --START--
INFO: ShowPageTrace Behavior ::run [ RunTime:0.001373s ]
INFO: [ view_end ] --END-- [ RunTime:0.001451s ]

[ 2016-03-28T12:37:06+08:00 ] 113.220.5.37 /index.php/Index/iscode/groupid/43C1549E222DE8BCFD975AEF5F44443A/username/dongya003/password/12345678/uuid/0583C3D1-9F00-428C-B7C5-C4EB395958B0
INFO: [ route_check ] --START--
INFO: CheckRoute Behavior ::run [ RunTime:0.001639s ]
INFO: [ route_check ] --END-- [ RunTime:0.001757s ]
INFO: [ app_begin ] --START--
INFO: ReadHtmlCache Behavior ::run [ RunTime:0.001211s ]
INFO: [ app_begin ] --END-- [ RunTime:0.001301s ]
SQL: SHOW COLUMNS FROM `app_code` [ RunTime:0.001820s ]
SQL: SELECT * FROM `app_code` WHERE ( username="dongya003" and password="12345678" and groupid="43C1549E222DE8BCFD975AEF5F44443A" ) LIMIT 1   [ RunTime:0.000715s ]
SQL: SHOW COLUMNS FROM `app_group` [ RunTime:0.001491s ]
SQL: SELECT * FROM `app_group` WHERE ( `guid` = '43C1549E222DE8BCFD975AEF5F44443A' ) LIMIT 1   [ RunTime:0.000638s ]
SQL: UPDATE `app_code` SET `uuid`='0583C3D1-9F00-428C-B7C5-C4EB395958B0',`binding`=0 WHERE ( `guid` = '956A973D03644B18A70B0EF34BF76995' ) [ RunTime:0.000256s ]
NOTIC: [8] Undefined index:  type D:\PHPnow\htdocs\dongya\Lib\Action\IndexAction.class.php 第 74 行.

[ 2016-03-28T12:37:06+08:00 ] 113.220.5.37 /index.php/Index/iscode/groupid/43C1549E222DE8BCFD975AEF5F44443A/username/dongya003/password/12345678/uuid/0583C3D1-9F00-428C-B7C5-C4EB395958B0/type/updata
INFO: [ route_check ] --START--
INFO: CheckRoute Behavior ::run [ RunTime:0.000986s ]
INFO: [ route_check ] --END-- [ RunTime:0.001110s ]
INFO: [ app_begin ] --START--
INFO: ReadHtmlCache Behavior ::run [ RunTime:0.000840s ]
INFO: [ app_begin ] --END-- [ RunTime:0.000929s ]
SQL: SHOW COLUMNS FROM `app_code` [ RunTime:0.001840s ]
SQL: SELECT * FROM `app_code` WHERE ( username="dongya003" and password="12345678" and groupid="43C1549E222DE8BCFD975AEF5F44443A" ) LIMIT 1   [ RunTime:0.000844s ]
SQL: SHOW COLUMNS FROM `app_group` [ RunTime:0.001826s ]
SQL: SELECT * FROM `app_group` WHERE ( `guid` = '43C1549E222DE8BCFD975AEF5F44443A' ) LIMIT 1   [ RunTime:0.000796s ]
SQL: UPDATE `app_code` SET `uuid`='0583C3D1-9F00-428C-B7C5-C4EB395958B0',`binding`=0 WHERE ( `guid` = '956A973D03644B18A70B0EF34BF76995' ) [ RunTime:0.000245s ]

[ 2016-03-28T12:37:16+08:00 ] 113.220.5.37 /index.php/Index/iscode/groupid/43C1549E222DE8BCFD975AEF5F44443A/username/dongya003/password/12345678/uuid/0583C3D1-9F00-428C-B7C5-C4EB395958B0/type/updata
INFO: [ route_check ] --START--
INFO: CheckRoute Behavior ::run [ RunTime:0.000958s ]
INFO: [ route_check ] --END-- [ RunTime:0.001077s ]
INFO: [ app_begin ] --START--
INFO: ReadHtmlCache Behavior ::run [ RunTime:0.000950s ]
INFO: [ app_begin ] --END-- [ RunTime:0.001043s ]
SQL: SHOW COLUMNS FROM `app_code` [ RunTime:0.001614s ]
SQL: SELECT * FROM `app_code` WHERE ( username="dongya003" and password="12345678" and groupid="43C1549E222DE8BCFD975AEF5F44443A" ) LIMIT 1   [ RunTime:0.000718s ]
SQL: SHOW COLUMNS FROM `app_group` [ RunTime:0.001355s ]
SQL: SELECT * FROM `app_group` WHERE ( `guid` = '43C1549E222DE8BCFD975AEF5F44443A' ) LIMIT 1   [ RunTime:0.000677s ]
SQL: UPDATE `app_code` SET `uuid`='0583C3D1-9F00-428C-B7C5-C4EB395958B0',`binding`=0 WHERE ( `guid` = '956A973D03644B18A70B0EF34BF76995' ) [ RunTime:0.000246s ]

[ 2016-03-28T12:37:19+08:00 ] 113.220.5.37 /index.php/Index/iscode/groupid/43C1549E222DE8BCFD975AEF5F44443A/username/dongya003/password/12345678/uuid/0583C3D1-9F00-428C-B7C5-C4EB395958B0/type/updata
INFO: [ route_check ] --START--
INFO: CheckRoute Behavior ::run [ RunTime:0.000932s ]
INFO: [ route_check ] --END-- [ RunTime:0.001038s ]
INFO: [ app_begin ] --START--
INFO: ReadHtmlCache Behavior ::run [ RunTime:0.000810s ]
INFO: [ app_begin ] --END-- [ RunTime:0.000895s ]
SQL: SHOW COLUMNS FROM `app_code` [ RunTime:0.001595s ]
SQL: SELECT * FROM `app_code` WHERE ( username="dongya003" and password="12345678" and groupid="43C1549E222DE8BCFD975AEF5F44443A" ) LIMIT 1   [ RunTime:0.000710s ]
SQL: SHOW COLUMNS FROM `app_group` [ RunTime:0.001313s ]
SQL: SELECT * FROM `app_group` WHERE ( `guid` = '43C1549E222DE8BCFD975AEF5F44443A' ) LIMIT 1   [ RunTime:0.000630s ]
SQL: UPDATE `app_code` SET `uuid`='0583C3D1-9F00-428C-B7C5-C4EB395958B0',`binding`=0 WHERE ( `guid` = '956A973D03644B18A70B0EF34BF76995' ) [ RunTime:0.000239s ]

[ 2016-03-28T12:39:31+08:00 ] 223.74.37.98 /index.php/Index/iscode/groupid/43C1549E222DE8BCFD975AEF5F44443A/username/dongya015/password/12345678/uuid/0A438F5A-5F65-4EAF-87A6-ABFB7A39B4F6/type/updata
INFO: [ route_check ] --START--
INFO: CheckRoute Behavior ::run [ RunTime:0.001366s ]
INFO: [ route_check ] --END-- [ RunTime:0.001471s ]
INFO: [ app_begin ] --START--
INFO: ReadHtmlCache Behavior ::run [ RunTime:0.000984s ]
INFO: [ app_begin ] --END-- [ RunTime:0.001069s ]
SQL: SHOW COLUMNS FROM `app_code` [ RunTime:0.001702s ]
SQL: SELECT * FROM `app_code` WHERE ( username="dongya015" and password="12345678" and groupid="43C1549E222DE8BCFD975AEF5F44443A" ) LIMIT 1   [ RunTime:0.000728s ]
SQL: SHOW COLUMNS FROM `app_group` [ RunTime:0.001321s ]
SQL: SELECT * FROM `app_group` WHERE ( `guid` = '43C1549E222DE8BCFD975AEF5F44443A' ) LIMIT 1   [ RunTime:0.000619s ]
SQL: UPDATE `app_code` SET `uuid`='0A438F5A-5F65-4EAF-87A6-ABFB7A39B4F6',`binding`=0 WHERE ( `guid` = '3816EC48214D465BB7FF219AC09651E6' ) [ RunTime:0.000238s ]

[ 2016-03-28T12:39:43+08:00 ] 223.74.37.98 /index.php/Index/iscode/groupid/43C1549E222DE8BCFD975AEF5F44443A/username/dongya015/password/12345678/uuid/0A438F5A-5F65-4EAF-87A6-ABFB7A39B4F6/type/updata
INFO: [ route_check ] --START--
INFO: CheckRoute Behavior ::run [ RunTime:0.000939s ]
INFO: [ route_check ] --END-- [ RunTime:0.001048s ]
INFO: [ app_begin ] --START--
INFO: ReadHtmlCache Behavior ::run [ RunTime:0.000803s ]
INFO: [ app_begin ] --END-- [ RunTime:0.000886s ]
SQL: SHOW COLUMNS FROM `app_code` [ RunTime:0.001866s ]
SQL: SELECT * FROM `app_code` WHERE ( username="dongya015" and password="12345678" and groupid="43C1549E222DE8BCFD975AEF5F44443A" ) LIMIT 1   [ RunTime:0.000819s ]
SQL: SHOW COLUMNS FROM `app_group` [ RunTime:0.001346s ]
SQL: SELECT * FROM `app_group` WHERE ( `guid` = '43C1549E222DE8BCFD975AEF5F44443A' ) LIMIT 1   [ RunTime:0.000702s ]
SQL: UPDATE `app_code` SET `uuid`='0A438F5A-5F65-4EAF-87A6-ABFB7A39B4F6',`binding`=0 WHERE ( `guid` = '3816EC48214D465BB7FF219AC09651E6' ) [ RunTime:0.000258s ]

[ 2016-03-28T12:42:34+08:00 ] 113.220.5.37 /index.php/Index/iscode/groupid/43C1549E222DE8BCFD975AEF5F44443A/username/dongya003/password/12345678/uuid/0583C3D1-9F00-428C-B7C5-C4EB395958B0/type/updata
INFO: [ route_check ] --START--
INFO: CheckRoute Behavior ::run [ RunTime:0.001327s ]
INFO: [ route_check ] --END-- [ RunTime:0.001430s ]
INFO: [ app_begin ] --START--
INFO: ReadHtmlCache Behavior ::run [ RunTime:0.001027s ]
INFO: [ app_begin ] --END-- [ RunTime:0.001113s ]
SQL: SHOW COLUMNS FROM `app_code` [ RunTime:0.001623s ]
SQL: SELECT * FROM `app_code` WHERE ( username="dongya003" and password="12345678" and groupid="43C1549E222DE8BCFD975AEF5F44443A" ) LIMIT 1   [ RunTime:0.000711s ]
SQL: SHOW COLUMNS FROM `app_group` [ RunTime:0.001326s ]
SQL: SELECT * FROM `app_group` WHERE ( `guid` = '43C1549E222DE8BCFD975AEF5F44443A' ) LIMIT 1   [ RunTime:0.000632s ]
SQL: UPDATE `app_code` SET `uuid`='0583C3D1-9F00-428C-B7C5-C4EB395958B0',`binding`=0 WHERE ( `guid` = '956A973D03644B18A70B0EF34BF76995' ) [ RunTime:0.000243s ]

[ 2016-03-28T13:03:23+08:00 ] 223.74.37.98 /index.php/Index/iscode/groupid/43C1549E222DE8BCFD975AEF5F44443A/username/dongya015/password/12345678/uuid/0A438F5A-5F65-4EAF-87A6-ABFB7A39B4F6/type/updata
INFO: [ route_check ] --START--
INFO: CheckRoute Behavior ::run [ RunTime:0.001362s ]
INFO: [ route_check ] --END-- [ RunTime:0.001478s ]
INFO: [ app_begin ] --START--
INFO: ReadHtmlCache Behavior ::run [ RunTime:0.001016s ]
INFO: [ app_begin ] --END-- [ RunTime:0.001103s ]
SQL: SHOW COLUMNS FROM `app_code` [ RunTime:0.001959s ]
SQL: SELECT * FROM `app_code` WHERE ( username="dongya015" and password="12345678" and groupid="43C1549E222DE8BCFD975AEF5F44443A" ) LIMIT 1   [ RunTime:0.000774s ]
SQL: SHOW COLUMNS FROM `app_group` [ RunTime:0.002242s ]
SQL: SELECT * FROM `app_group` WHERE ( `guid` = '43C1549E222DE8BCFD975AEF5F44443A' ) LIMIT 1   [ RunTime:0.000748s ]
SQL: UPDATE `app_code` SET `uuid`='0A438F5A-5F65-4EAF-87A6-ABFB7A39B4F6',`binding`=0 WHERE ( `guid` = '3816EC48214D465BB7FF219AC09651E6' ) [ RunTime:0.000279s ]

[ 2016-03-28T13:56:31+08:00 ] 14.114.46.217 /index.php/Index/iscode/groupid/43C1549E222DE8BCFD975AEF5F44443A/username/dongya002/password/12345678/uuid/B4A82401-BBF4-4B37-A8CA-FFD781F4548C
INFO: [ route_check ] --START--
INFO: CheckRoute Behavior ::run [ RunTime:0.001318s ]
INFO: [ route_check ] --END-- [ RunTime:0.001422s ]
INFO: [ app_begin ] --START--
INFO: ReadHtmlCache Behavior ::run [ RunTime:0.000981s ]
INFO: [ app_begin ] --END-- [ RunTime:0.001067s ]
SQL: SHOW COLUMNS FROM `app_code` [ RunTime:0.001826s ]
SQL: SELECT * FROM `app_code` WHERE ( username="dongya002" and password="12345678" and groupid="43C1549E222DE8BCFD975AEF5F44443A" ) LIMIT 1   [ RunTime:0.000739s ]
SQL: SHOW COLUMNS FROM `app_group` [ RunTime:0.001488s ]
SQL: SELECT * FROM `app_group` WHERE ( `guid` = '43C1549E222DE8BCFD975AEF5F44443A' ) LIMIT 1   [ RunTime:0.000642s ]
SQL: UPDATE `app_code` SET `uuid`='B4A82401-BBF4-4B37-A8CA-FFD781F4548C',`binding`=0 WHERE ( `guid` = 'B1F9C6DE677E4184896E95D835A46518' ) [ RunTime:0.000263s ]
NOTIC: [8] Undefined index:  type D:\PHPnow\htdocs\dongya\Lib\Action\IndexAction.class.php 第 74 行.

[ 2016-03-28T13:56:31+08:00 ] 14.114.46.217 /index.php/Uploadprohot
INFO: [ route_check ] --START--
INFO: CheckRoute Behavior ::run [ RunTime:0.001185s ]
INFO: [ route_check ] --END-- [ RunTime:0.001325s ]
INFO: [ app_begin ] --START--
INFO: ReadHtmlCache Behavior ::run [ RunTime:0.000856s ]
INFO: [ app_begin ] --END-- [ RunTime:0.000951s ]

[ 2016-03-28T13:56:31+08:00 ] 14.114.46.217 /index.php/Index/iscode/groupid/43C1549E222DE8BCFD975AEF5F44443A/username/dongya002/password/12345678/uuid/B4A82401-BBF4-4B37-A8CA-FFD781F4548C/type/updata
INFO: [ route_check ] --START--
INFO: CheckRoute Behavior ::run [ RunTime:0.000964s ]
INFO: [ route_check ] --END-- [ RunTime:0.001081s ]
INFO: [ app_begin ] --START--
INFO: ReadHtmlCache Behavior ::run [ RunTime:0.000811s ]
INFO: [ app_begin ] --END-- [ RunTime:0.000896s ]
SQL: SHOW COLUMNS FROM `app_code` [ RunTime:0.001633s ]
SQL: SELECT * FROM `app_code` WHERE ( username="dongya002" and password="12345678" and groupid="43C1549E222DE8BCFD975AEF5F44443A" ) LIMIT 1   [ RunTime:0.000780s ]
SQL: SHOW COLUMNS FROM `app_group` [ RunTime:0.001389s ]
SQL: SELECT * FROM `app_group` WHERE ( `guid` = '43C1549E222DE8BCFD975AEF5F44443A' ) LIMIT 1   [ RunTime:0.000626s ]
SQL: UPDATE `app_code` SET `uuid`='B4A82401-BBF4-4B37-A8CA-FFD781F4548C',`binding`=0 WHERE ( `guid` = 'B1F9C6DE677E4184896E95D835A46518' ) [ RunTime:0.000257s ]

[ 2016-03-28T14:00:41+08:00 ] 183.233.179.71 /index.php/Index/iscode/groupid/43C1549E222DE8BCFD975AEF5F44443A/username/dongya003/password/12345678/uuid/360BAA62-79DB-4264-B5DC-BC8AC4EECA90
INFO: [ route_check ] --START--
INFO: CheckRoute Behavior ::run [ RunTime:0.001633s ]
INFO: [ route_check ] --END-- [ RunTime:0.001738s ]
INFO: [ app_begin ] --START--
INFO: ReadHtmlCache Behavior ::run [ RunTime:0.000981s ]
INFO: [ app_begin ] --END-- [ RunTime:0.001066s ]
SQL: SHOW COLUMNS FROM `app_code` [ RunTime:0.001927s ]
SQL: SELECT * FROM `app_code` WHERE ( username="dongya003" and password="12345678" and groupid="43C1549E222DE8BCFD975AEF5F44443A" ) LIMIT 1   [ RunTime:0.000760s ]
SQL: SHOW COLUMNS FROM `app_group` [ RunTime:0.001494s ]
SQL: SELECT * FROM `app_group` WHERE ( `guid` = '43C1549E222DE8BCFD975AEF5F44443A' ) LIMIT 1   [ RunTime:0.000720s ]
SQL: UPDATE `app_code` SET `uuid`='360BAA62-79DB-4264-B5DC-BC8AC4EECA90',`binding`=0 WHERE ( `guid` = '956A973D03644B18A70B0EF34BF76995' ) [ RunTime:0.000256s ]
NOTIC: [8] Undefined index:  type D:\PHPnow\htdocs\dongya\Lib\Action\IndexAction.class.php 第 74 行.

[ 2016-03-28T14:00:41+08:00 ] 183.233.179.71 /index.php/Uploadprohot
INFO: [ route_check ] --START--
INFO: CheckRoute Behavior ::run [ RunTime:0.000957s ]
INFO: [ route_check ] --END-- [ RunTime:0.001067s ]
INFO: [ app_begin ] --START--
INFO: ReadHtmlCache Behavior ::run [ RunTime:0.000811s ]
INFO: [ app_begin ] --END-- [ RunTime:0.000892s ]

[ 2016-03-28T14:00:42+08:00 ] 183.233.179.71 /index.php/Index/iscode/groupid/43C1549E222DE8BCFD975AEF5F44443A/username/dongya003/password/12345678/uuid/360BAA62-79DB-4264-B5DC-BC8AC4EECA90/type/updata
INFO: [ route_check ] --START--
INFO: CheckRoute Behavior ::run [ RunTime:0.000984s ]
INFO: [ route_check ] --END-- [ RunTime:0.001112s ]
INFO: [ app_begin ] --START--
INFO: ReadHtmlCache Behavior ::run [ RunTime:0.000856s ]
INFO: [ app_begin ] --END-- [ RunTime:0.000941s ]
SQL: SHOW COLUMNS FROM `app_code` [ RunTime:0.001594s ]
SQL: SELECT * FROM `app_code` WHERE ( username="dongya003" and password="12345678" and groupid="43C1549E222DE8BCFD975AEF5F44443A" ) LIMIT 1   [ RunTime:0.000717s ]
SQL: SHOW COLUMNS FROM `app_group` [ RunTime:0.001276s ]
SQL: SELECT * FROM `app_group` WHERE ( `guid` = '43C1549E222DE8BCFD975AEF5F44443A' ) LIMIT 1   [ RunTime:0.000612s ]
SQL: UPDATE `app_code` SET `uuid`='360BAA62-79DB-4264-B5DC-BC8AC4EECA90',`binding`=0 WHERE ( `guid` = '956A973D03644B18A70B0EF34BF76995' ) [ RunTime:0.000233s ]

[ 2016-03-28T14:00:53+08:00 ] 183.233.179.71 /index.php/Index/iscode/groupid/43C1549E222DE8BCFD975AEF5F44443A/username/dongya003/password/12345678/uuid/360BAA62-79DB-4264-B5DC-BC8AC4EECA90/type/updata
INFO: [ route_check ] --START--
INFO: CheckRoute Behavior ::run [ RunTime:0.000964s ]
INFO: [ route_check ] --END-- [ RunTime:0.001083s ]
INFO: [ app_begin ] --START--
INFO: ReadHtmlCache Behavior ::run [ RunTime:0.000899s ]
INFO: [ app_begin ] --END-- [ RunTime:0.000985s ]
SQL: SHOW COLUMNS FROM `app_code` [ RunTime:0.001811s ]
SQL: SELECT * FROM `app_code` WHERE ( username="dongya003" and password="12345678" and groupid="43C1549E222DE8BCFD975AEF5F44443A" ) LIMIT 1   [ RunTime:0.000758s ]
SQL: SHOW COLUMNS FROM `app_group` [ RunTime:0.001303s ]
SQL: SELECT * FROM `app_group` WHERE ( `guid` = '43C1549E222DE8BCFD975AEF5F44443A' ) LIMIT 1   [ RunTime:0.000637s ]
SQL: UPDATE `app_code` SET `uuid`='360BAA62-79DB-4264-B5DC-BC8AC4EECA90',`binding`=0 WHERE ( `guid` = '956A973D03644B18A70B0EF34BF76995' ) [ RunTime:0.000240s ]

[ 2016-03-28T14:11:29+08:00 ] 116.16.202.136 /index.php/Index/iscode/groupid/43C1549E222DE8BCFD975AEF5F44443A/username/dongya002/password/12345678/uuid/BE9B7044-8F7E-44CD-9886-A0F5F3129604
INFO: [ route_check ] --START--
INFO: CheckRoute Behavior ::run [ RunTime:0.001515s ]
INFO: [ route_check ] --END-- [ RunTime:0.001695s ]
INFO: [ app_begin ] --START--
INFO: ReadHtmlCache Behavior ::run [ RunTime:0.001155s ]
INFO: [ app_begin ] --END-- [ RunTime:0.001242s ]
SQL: SHOW COLUMNS FROM `app_code` [ RunTime:0.001636s ]
SQL: SELECT * FROM `app_code` WHERE ( username="dongya002" and password="12345678" and groupid="43C1549E222DE8BCFD975AEF5F44443A" ) LIMIT 1   [ RunTime:0.000720s ]
SQL: SHOW COLUMNS FROM `app_group` [ RunTime:0.001289s ]
SQL: SELECT * FROM `app_group` WHERE ( `guid` = '43C1549E222DE8BCFD975AEF5F44443A' ) LIMIT 1   [ RunTime:0.000617s ]
SQL: UPDATE `app_code` SET `uuid`='BE9B7044-8F7E-44CD-9886-A0F5F3129604',`binding`=0 WHERE ( `guid` = 'B1F9C6DE677E4184896E95D835A46518' ) [ RunTime:0.000256s ]
NOTIC: [8] Undefined index:  type D:\PHPnow\htdocs\dongya\Lib\Action\IndexAction.class.php 第 74 行.

[ 2016-03-28T14:11:29+08:00 ] 116.16.202.136 /index.php/Uploadprohot
INFO: [ route_check ] --START--
INFO: CheckRoute Behavior ::run [ RunTime:0.000939s ]
INFO: [ route_check ] --END-- [ RunTime:0.001055s ]
INFO: [ app_begin ] --START--
INFO: ReadHtmlCache Behavior ::run [ RunTime:0.000791s ]
INFO: [ app_begin ] --END-- [ RunTime:0.000873s ]

[ 2016-03-28T14:11:30+08:00 ] 116.16.202.136 /index.php/Index/iscode/groupid/43C1549E222DE8BCFD975AEF5F44443A/username/dongya002/password/12345678/uuid/BE9B7044-8F7E-44CD-9886-A0F5F3129604/type/updata
INFO: [ route_check ] --START--
INFO: CheckRoute Behavior ::run [ RunTime:0.000991s ]
INFO: [ route_check ] --END-- [ RunTime:0.001111s ]
INFO: [ app_begin ] --START--
INFO: ReadHtmlCache Behavior ::run [ RunTime:0.000842s ]
INFO: [ app_begin ] --END-- [ RunTime:0.000934s ]
SQL: SHOW COLUMNS FROM `app_code` [ RunTime:0.002026s ]
SQL: SELECT * FROM `app_code` WHERE ( username="dongya002" and password="12345678" and groupid="43C1549E222DE8BCFD975AEF5F44443A" ) LIMIT 1   [ RunTime:0.000794s ]
SQL: SHOW COLUMNS FROM `app_group` [ RunTime:0.001591s ]
SQL: SELECT * FROM `app_group` WHERE ( `guid` = '43C1549E222DE8BCFD975AEF5F44443A' ) LIMIT 1   [ RunTime:0.000633s ]
SQL: UPDATE `app_code` SET `uuid`='BE9B7044-8F7E-44CD-9886-A0F5F3129604',`binding`=0 WHERE ( `guid` = 'B1F9C6DE677E4184896E95D835A46518' ) [ RunTime:0.000244s ]

[ 2016-03-28T15:15:32+08:00 ] 36.1.229.93 /index.php/Index/iscode/groupid/43C1549E222DE8BCFD975AEF5F44443A/username/dongya002/password/12345678/uuid/EBA3B442-B26F-4B64-AB40-BD0C182DF5D7
INFO: [ route_check ] --START--
INFO: CheckRoute Behavior ::run [ RunTime:0.001560s ]
INFO: [ route_check ] --END-- [ RunTime:0.001710s ]
INFO: [ app_begin ] --START--
INFO: ReadHtmlCache Behavior ::run [ RunTime:0.001056s ]
INFO: [ app_begin ] --END-- [ RunTime:0.001151s ]
SQL: SHOW COLUMNS FROM `app_code` [ RunTime:0.002278s ]
SQL: SELECT * FROM `app_code` WHERE ( username="dongya002" and password="12345678" and groupid="43C1549E222DE8BCFD975AEF5F44443A" ) LIMIT 1   [ RunTime:0.001095s ]
SQL: SHOW COLUMNS FROM `app_group` [ RunTime:0.002069s ]
SQL: SELECT * FROM `app_group` WHERE ( `guid` = '43C1549E222DE8BCFD975AEF5F44443A' ) LIMIT 1   [ RunTime:0.000687s ]
SQL: UPDATE `app_code` SET `uuid`='EBA3B442-B26F-4B64-AB40-BD0C182DF5D7',`binding`=0 WHERE ( `guid` = 'B1F9C6DE677E4184896E95D835A46518' ) [ RunTime:0.000284s ]
NOTIC: [8] Undefined index:  type D:\PHPnow\htdocs\dongya\Lib\Action\IndexAction.class.php 第 74 行.

[ 2016-03-28T15:15:32+08:00 ] 36.1.229.93 /index.php/Index/iscode/groupid/43C1549E222DE8BCFD975AEF5F44443A/username/dongya002/password/12345678/uuid/EBA3B442-B26F-4B64-AB40-BD0C182DF5D7/type/updata
INFO: [ route_check ] --START--
INFO: CheckRoute Behavior ::run [ RunTime:0.000984s ]
INFO: [ route_check ] --END-- [ RunTime:0.001101s ]
INFO: [ app_begin ] --START--
INFO: ReadHtmlCache Behavior ::run [ RunTime:0.000839s ]
INFO: [ app_begin ] --END-- [ RunTime:0.000945s ]
SQL: SHOW COLUMNS FROM `app_code` [ RunTime:0.001781s ]
SQL: SELECT * FROM `app_code` WHERE ( username="dongya002" and password="12345678" and groupid="43C1549E222DE8BCFD975AEF5F44443A" ) LIMIT 1   [ RunTime:0.000720s ]
SQL: SHOW COLUMNS FROM `app_group` [ RunTime:0.001539s ]
SQL: SELECT * FROM `app_group` WHERE ( `guid` = '43C1549E222DE8BCFD975AEF5F44443A' ) LIMIT 1   [ RunTime:0.000643s ]
SQL: UPDATE `app_code` SET `uuid`='EBA3B442-B26F-4B64-AB40-BD0C182DF5D7',`binding`=0 WHERE ( `guid` = 'B1F9C6DE677E4184896E95D835A46518' ) [ RunTime:0.000273s ]

[ 2016-03-28T15:16:35+08:00 ] 39.128.175.173 /index.php/Index/iscode/groupid/43C1549E222DE8BCFD975AEF5F44443A/username/dongya010/password/12345678/uuid/34FC33F8-CD10-4632-814F-7D5C895EF731/type/updata
INFO: [ route_check ] --START--
INFO: CheckRoute Behavior ::run [ RunTime:0.001347s ]
INFO: [ route_check ] --END-- [ RunTime:0.001505s ]
INFO: [ app_begin ] --START--
INFO: ReadHtmlCache Behavior ::run [ RunTime:0.001156s ]
INFO: [ app_begin ] --END-- [ RunTime:0.001270s ]
SQL: SHOW COLUMNS FROM `app_code` [ RunTime:0.001681s ]
SQL: SELECT * FROM `app_code` WHERE ( username="dongya010" and password="12345678" and groupid="43C1549E222DE8BCFD975AEF5F44443A" ) LIMIT 1   [ RunTime:0.000801s ]
SQL: SHOW COLUMNS FROM `app_group` [ RunTime:0.001357s ]
SQL: SELECT * FROM `app_group` WHERE ( `guid` = '43C1549E222DE8BCFD975AEF5F44443A' ) LIMIT 1   [ RunTime:0.000617s ]
SQL: UPDATE `app_code` SET `uuid`='34FC33F8-CD10-4632-814F-7D5C895EF731',`binding`=0 WHERE ( `guid` = 'BC561E52860D4F0197FA769C5457056E' ) [ RunTime:0.000252s ]

[ 2016-03-28T16:38:11+08:00 ] 222.50.173.6 /index.php/Index/iscode/groupid/436D3F290AFDF8DF9BE1D77C8B4C9E4C/username/longshu/password/123123/uuid/E8A26653-0FCE-4DAB-ACDC-676C09A32ADD
INFO: [ route_check ] --START--
INFO: CheckRoute Behavior ::run [ RunTime:0.001685s ]
INFO: [ route_check ] --END-- [ RunTime:0.001804s ]
INFO: [ app_begin ] --START--
INFO: ReadHtmlCache Behavior ::run [ RunTime:0.001437s ]
INFO: [ app_begin ] --END-- [ RunTime:0.001529s ]
SQL: SHOW COLUMNS FROM `app_code` [ RunTime:0.001868s ]
SQL: SELECT * FROM `app_code` WHERE ( username="longshu" and password="123123" and groupid="436D3F290AFDF8DF9BE1D77C8B4C9E4C" ) LIMIT 1   [ RunTime:0.000709s ]
SQL: SHOW COLUMNS FROM `app_group` [ RunTime:0.001491s ]
SQL: SELECT * FROM `app_group` WHERE ( `guid` = '436D3F290AFDF8DF9BE1D77C8B4C9E4C' ) LIMIT 1   [ RunTime:0.000630s ]
SQL: UPDATE `app_code` SET `uuid`='E8A26653-0FCE-4DAB-ACDC-676C09A32ADD',`binding`=0 WHERE ( `guid` = '378918795D8AA5596251035B65683CCE' ) [ RunTime:0.000256s ]
NOTIC: [8] Undefined index:  type D:\PHPnow\htdocs\dongya\Lib\Action\IndexAction.class.php 第 74 行.

[ 2016-03-28T16:38:33+08:00 ] 222.50.173.6 /index.php/Index/iscode/groupid/436D3F290AFDF8DF9BE1D77C8B4C9E4C/username/longshu/password/123123/uuid/E8A26653-0FCE-4DAB-ACDC-676C09A32ADD/type/updata
INFO: [ route_check ] --START--
INFO: CheckRoute Behavior ::run [ RunTime:0.001696s ]
INFO: [ route_check ] --END-- [ RunTime:0.001804s ]
INFO: [ app_begin ] --START--
INFO: ReadHtmlCache Behavior ::run [ RunTime:0.001606s ]
INFO: [ app_begin ] --END-- [ RunTime:0.001694s ]
SQL: SHOW COLUMNS FROM `app_code` [ RunTime:0.001752s ]
SQL: SELECT * FROM `app_code` WHERE ( username="longshu" and password="123123" and groupid="436D3F290AFDF8DF9BE1D77C8B4C9E4C" ) LIMIT 1   [ RunTime:0.000740s ]
SQL: SHOW COLUMNS FROM `app_group` [ RunTime:0.001509s ]
SQL: SELECT * FROM `app_group` WHERE ( `guid` = '436D3F290AFDF8DF9BE1D77C8B4C9E4C' ) LIMIT 1   [ RunTime:0.000627s ]
SQL: UPDATE `app_code` SET `uuid`='E8A26653-0FCE-4DAB-ACDC-676C09A32ADD',`binding`=0 WHERE ( `guid` = '378918795D8AA5596251035B65683CCE' ) [ RunTime:0.000241s ]

[ 2016-03-28T16:44:52+08:00 ] 119.127.211.38 /index.php/Index/iscode/groupid/43C1549E222DE8BCFD975AEF5F44443A/username/dongya010/password/12345678/uuid/AFE30A47-83E9-4E60-90AB-DFFE5DC02217
INFO: [ route_check ] --START--
INFO: CheckRoute Behavior ::run [ RunTime:0.001685s ]
INFO: [ route_check ] --END-- [ RunTime:0.001809s ]
INFO: [ app_begin ] --START--
INFO: ReadHtmlCache Behavior ::run [ RunTime:0.001413s ]
INFO: [ app_begin ] --END-- [ RunTime:0.001499s ]
SQL: SHOW COLUMNS FROM `app_code` [ RunTime:0.001663s ]
SQL: SELECT * FROM `app_code` WHERE ( username="dongya010" and password="12345678" and groupid="43C1549E222DE8BCFD975AEF5F44443A" ) LIMIT 1   [ RunTime:0.000728s ]
SQL: SHOW COLUMNS FROM `app_group` [ RunTime:0.001319s ]
SQL: SELECT * FROM `app_group` WHERE ( `guid` = '43C1549E222DE8BCFD975AEF5F44443A' ) LIMIT 1   [ RunTime:0.000636s ]
SQL: UPDATE `app_code` SET `uuid`='AFE30A47-83E9-4E60-90AB-DFFE5DC02217',`binding`=0 WHERE ( `guid` = 'BC561E52860D4F0197FA769C5457056E' ) [ RunTime:0.000269s ]
NOTIC: [8] Undefined index:  type D:\PHPnow\htdocs\dongya\Lib\Action\IndexAction.class.php 第 74 行.

[ 2016-03-28T16:44:53+08:00 ] 119.127.211.38 /index.php/Index/iscode/groupid/43C1549E222DE8BCFD975AEF5F44443A/username/dongya010/password/12345678/uuid/AFE30A47-83E9-4E60-90AB-DFFE5DC02217/type/updata
INFO: [ route_check ] --START--
INFO: CheckRoute Behavior ::run [ RunTime:0.001657s ]
INFO: [ route_check ] --END-- [ RunTime:0.001767s ]
INFO: [ app_begin ] --START--
INFO: ReadHtmlCache Behavior ::run [ RunTime:0.001311s ]
INFO: [ app_begin ] --END-- [ RunTime:0.001397s ]
SQL: SHOW COLUMNS FROM `app_code` [ RunTime:0.001655s ]
SQL: SELECT * FROM `app_code` WHERE ( username="dongya010" and password="12345678" and groupid="43C1549E222DE8BCFD975AEF5F44443A" ) LIMIT 1   [ RunTime:0.000735s ]
SQL: SHOW COLUMNS FROM `app_group` [ RunTime:0.001329s ]
SQL: SELECT * FROM `app_group` WHERE ( `guid` = '43C1549E222DE8BCFD975AEF5F44443A' ) LIMIT 1   [ RunTime:0.000656s ]
SQL: UPDATE `app_code` SET `uuid`='AFE30A47-83E9-4E60-90AB-DFFE5DC02217',`binding`=0 WHERE ( `guid` = 'BC561E52860D4F0197FA769C5457056E' ) [ RunTime:0.000263s ]

[ 2016-03-28T16:58:45+08:00 ] 119.127.211.38 /index.php/Index/iscode/groupid/43C1549E222DE8BCFD975AEF5F44443A/username/dongya010/password/12345678/uuid/AFE30A47-83E9-4E60-90AB-DFFE5DC02217
INFO: [ route_check ] --START--
INFO: CheckRoute Behavior ::run [ RunTime:0.002010s ]
INFO: [ route_check ] --END-- [ RunTime:0.002118s ]
INFO: [ app_begin ] --START--
INFO: ReadHtmlCache Behavior ::run [ RunTime:0.001337s ]
INFO: [ app_begin ] --END-- [ RunTime:0.001421s ]
SQL: SHOW COLUMNS FROM `app_code` [ RunTime:0.001637s ]
SQL: SELECT * FROM `app_code` WHERE ( username="dongya010" and password="12345678" and groupid="43C1549E222DE8BCFD975AEF5F44443A" ) LIMIT 1   [ RunTime:0.000727s ]
SQL: SHOW COLUMNS FROM `app_group` [ RunTime:0.001291s ]
SQL: SELECT * FROM `app_group` WHERE ( `guid` = '43C1549E222DE8BCFD975AEF5F44443A' ) LIMIT 1   [ RunTime:0.000635s ]
SQL: UPDATE `app_code` SET `uuid`='AFE30A47-83E9-4E60-90AB-DFFE5DC02217',`binding`=0 WHERE ( `guid` = 'BC561E52860D4F0197FA769C5457056E' ) [ RunTime:0.000244s ]
NOTIC: [8] Undefined index:  type D:\PHPnow\htdocs\dongya\Lib\Action\IndexAction.class.php 第 74 行.

[ 2016-03-28T16:58:46+08:00 ] 119.127.211.38 /index.php/Index/iscode/groupid/43C1549E222DE8BCFD975AEF5F44443A/username/dongya010/password/12345678/uuid/AFE30A47-83E9-4E60-90AB-DFFE5DC02217/type/updata
INFO: [ route_check ] --START--
INFO: CheckRoute Behavior ::run [ RunTime:0.001733s ]
INFO: [ route_check ] --END-- [ RunTime:0.001837s ]
INFO: [ app_begin ] --START--
INFO: ReadHtmlCache Behavior ::run [ RunTime:0.001324s ]
INFO: [ app_begin ] --END-- [ RunTime:0.001409s ]
SQL: SHOW COLUMNS FROM `app_code` [ RunTime:0.001717s ]
SQL: SELECT * FROM `app_code` WHERE ( username="dongya010" and password="12345678" and groupid="43C1549E222DE8BCFD975AEF5F44443A" ) LIMIT 1   [ RunTime:0.000798s ]
SQL: SHOW COLUMNS FROM `app_group` [ RunTime:0.001424s ]
SQL: SELECT * FROM `app_group` WHERE ( `guid` = '43C1549E222DE8BCFD975AEF5F44443A' ) LIMIT 1   [ RunTime:0.000718s ]
SQL: UPDATE `app_code` SET `uuid`='AFE30A47-83E9-4E60-90AB-DFFE5DC02217',`binding`=0 WHERE ( `guid` = 'BC561E52860D4F0197FA769C5457056E' ) [ RunTime:0.000239s ]

[ 2016-03-28T17:17:36+08:00 ] 113.220.5.37 /index.php/Index/iscode/groupid/43C1549E222DE8BCFD975AEF5F44443A/username/5073912/password/ddkkjhjj/uuid/14A53E13-55AA-4464-BBDF-412354E6AA73/type/updata
INFO: [ route_check ] --START--
INFO: CheckRoute Behavior ::run [ RunTime:0.001660s ]
INFO: [ route_check ] --END-- [ RunTime:0.001772s ]
INFO: [ app_begin ] --START--
INFO: ReadHtmlCache Behavior ::run [ RunTime:0.001320s ]
INFO: [ app_begin ] --END-- [ RunTime:0.001405s ]
SQL: SHOW COLUMNS FROM `app_code` [ RunTime:0.001837s ]
SQL: SELECT * FROM `app_code` WHERE ( username="5073912" and password="ddkkjhjj" and groupid="43C1549E222DE8BCFD975AEF5F44443A" ) LIMIT 1   [ RunTime:0.000759s ]
SQL: SHOW COLUMNS FROM `app_group` [ RunTime:0.001467s ]
SQL: SELECT * FROM `app_group` LIMIT 1   [ RunTime:0.000613s ]

[ 2016-03-28T17:17:46+08:00 ] 113.220.5.37 /index.php/Index/iscode/groupid/43C1549E222DE8BCFD975AEF5F44443A/username/5073912/password/ddkkjhjj/uuid/14A53E13-55AA-4464-BBDF-412354E6AA73/type/updata
INFO: [ route_check ] --START--
INFO: CheckRoute Behavior ::run [ RunTime:0.001664s ]
INFO: [ route_check ] --END-- [ RunTime:0.001774s ]
INFO: [ app_begin ] --START--
INFO: ReadHtmlCache Behavior ::run [ RunTime:0.001319s ]
INFO: [ app_begin ] --END-- [ RunTime:0.001445s ]
SQL: SHOW COLUMNS FROM `app_code` [ RunTime:0.001696s ]
SQL: SELECT * FROM `app_code` WHERE ( username="5073912" and password="ddkkjhjj" and groupid="43C1549E222DE8BCFD975AEF5F44443A" ) LIMIT 1   [ RunTime:0.000730s ]
SQL: SHOW COLUMNS FROM `app_group` [ RunTime:0.001297s ]
SQL: SELECT * FROM `app_group` LIMIT 1   [ RunTime:0.000600s ]

[ 2016-03-28T17:20:21+08:00 ] 113.220.5.37 /index.php/Index/iscode/groupid/43C1549E222DE8BCFD975AEF5F44443A/username/5073912/password/ddkkjhjj/uuid/14A53E13-55AA-4464-BBDF-412354E6AA73/type/updata
INFO: [ route_check ] --START--
INFO: CheckRoute Behavior ::run [ RunTime:0.001724s ]
INFO: [ route_check ] --END-- [ RunTime:0.001843s ]
INFO: [ app_begin ] --START--
INFO: ReadHtmlCache Behavior ::run [ RunTime:0.001344s ]
INFO: [ app_begin ] --END-- [ RunTime:0.001436s ]
SQL: SHOW COLUMNS FROM `app_code` [ RunTime:0.001712s ]
SQL: SELECT * FROM `app_code` WHERE ( username="5073912" and password="ddkkjhjj" and groupid="43C1549E222DE8BCFD975AEF5F44443A" ) LIMIT 1   [ RunTime:0.000762s ]
SQL: SHOW COLUMNS FROM `app_group` [ RunTime:0.001367s ]
SQL: SELECT * FROM `app_group` LIMIT 1   [ RunTime:0.000601s ]

[ 2016-03-28T17:25:14+08:00 ] 39.128.175.173 /index.php/Index/iscode/groupid/43C1549E222DE8BCFD975AEF5F44443A/username/dongya010/password/12345678/uuid/34FC33F8-CD10-4632-814F-7D5C895EF731/type/updata
INFO: [ route_check ] --START--
INFO: CheckRoute Behavior ::run [ RunTime:0.001312s ]
INFO: [ route_check ] --END-- [ RunTime:0.001421s ]
INFO: [ app_begin ] --START--
INFO: ReadHtmlCache Behavior ::run [ RunTime:0.000987s ]
INFO: [ app_begin ] --END-- [ RunTime:0.001073s ]
SQL: SHOW COLUMNS FROM `app_code` [ RunTime:0.001636s ]
SQL: SELECT * FROM `app_code` WHERE ( username="dongya010" and password="12345678" and groupid="43C1549E222DE8BCFD975AEF5F44443A" ) LIMIT 1   [ RunTime:0.000754s ]
SQL: SHOW COLUMNS FROM `app_group` [ RunTime:0.001332s ]
SQL: SELECT * FROM `app_group` WHERE ( `guid` = '43C1549E222DE8BCFD975AEF5F44443A' ) LIMIT 1   [ RunTime:0.000619s ]
SQL: UPDATE `app_code` SET `uuid`='34FC33F8-CD10-4632-814F-7D5C895EF731',`binding`=0 WHERE ( `guid` = 'BC561E52860D4F0197FA769C5457056E' ) [ RunTime:0.001648s ]

[ 2016-03-28T17:50:41+08:00 ] 14.18.189.226 /index.php/Index/iscode/groupid/43C1549E222DE8BCFD975AEF5F44443A/username/dongya010/password/12345678/uuid/6C96832B-6553-460E-83BF-02E6A72082AB
INFO: [ route_check ] --START--
INFO: CheckRoute Behavior ::run [ RunTime:0.001724s ]
INFO: [ route_check ] --END-- [ RunTime:0.001841s ]
INFO: [ app_begin ] --START--
INFO: ReadHtmlCache Behavior ::run [ RunTime:0.001306s ]
INFO: [ app_begin ] --END-- [ RunTime:0.001391s ]
SQL: SHOW COLUMNS FROM `app_code` [ RunTime:0.002002s ]
SQL: SELECT * FROM `app_code` WHERE ( username="dongya010" and password="12345678" and groupid="43C1549E222DE8BCFD975AEF5F44443A" ) LIMIT 1   [ RunTime:0.000762s ]
SQL: SHOW COLUMNS FROM `app_group` [ RunTime:0.001526s ]
SQL: SELECT * FROM `app_group` WHERE ( `guid` = '43C1549E222DE8BCFD975AEF5F44443A' ) LIMIT 1   [ RunTime:0.000643s ]
SQL: UPDATE `app_code` SET `uuid`='6C96832B-6553-460E-83BF-02E6A72082AB',`binding`=0 WHERE ( `guid` = 'BC561E52860D4F0197FA769C5457056E' ) [ RunTime:0.000259s ]
NOTIC: [8] Undefined index:  type D:\PHPnow\htdocs\dongya\Lib\Action\IndexAction.class.php 第 74 行.

[ 2016-03-28T17:50:41+08:00 ] 14.18.189.226 /index.php/Uploadprohot
INFO: [ route_check ] --START--
INFO: CheckRoute Behavior ::run [ RunTime:0.001707s ]
INFO: [ route_check ] --END-- [ RunTime:0.001816s ]
INFO: [ app_begin ] --START--
INFO: ReadHtmlCache Behavior ::run [ RunTime:0.001308s ]
INFO: [ app_begin ] --END-- [ RunTime:0.001393s ]

[ 2016-03-28T17:50:43+08:00 ] 14.18.189.226 /index.php/Index/iscode/groupid/43C1549E222DE8BCFD975AEF5F44443A/username/dongya010/password/12345678/uuid/6C96832B-6553-460E-83BF-02E6A72082AB/type/updata
INFO: [ route_check ] --START--
INFO: CheckRoute Behavior ::run [ RunTime:0.001658s ]
INFO: [ route_check ] --END-- [ RunTime:0.001774s ]
INFO: [ app_begin ] --START--
INFO: ReadHtmlCache Behavior ::run [ RunTime:0.001315s ]
INFO: [ app_begin ] --END-- [ RunTime:0.001404s ]
SQL: SHOW COLUMNS FROM `app_code` [ RunTime:0.001645s ]
SQL: SELECT * FROM `app_code` WHERE ( username="dongya010" and password="12345678" and groupid="43C1549E222DE8BCFD975AEF5F44443A" ) LIMIT 1   [ RunTime:0.000744s ]
SQL: SHOW COLUMNS FROM `app_group` [ RunTime:0.001327s ]
SQL: SELECT * FROM `app_group` WHERE ( `guid` = '43C1549E222DE8BCFD975AEF5F44443A' ) LIMIT 1   [ RunTime:0.000639s ]
SQL: UPDATE `app_code` SET `uuid`='6C96832B-6553-460E-83BF-02E6A72082AB',`binding`=0 WHERE ( `guid` = 'BC561E52860D4F0197FA769C5457056E' ) [ RunTime:0.000250s ]

[ 2016-03-28T20:39:15+08:00 ] 171.109.211.19 /index.php/Index/iscode/groupid/43C1549E222DE8BCFD975AEF5F44443A/username/dongya003/password/12345678/uuid/F2BD55CD-42E5-48B6-9DDA-44D228FF2BF7
INFO: [ route_check ] --START--
INFO: CheckRoute Behavior ::run [ RunTime:0.001383s ]
INFO: [ route_check ] --END-- [ RunTime:0.001491s ]
INFO: [ app_begin ] --START--
INFO: ReadHtmlCache Behavior ::run [ RunTime:0.001018s ]
INFO: [ app_begin ] --END-- [ RunTime:0.001104s ]
SQL: SHOW COLUMNS FROM `app_code` [ RunTime:0.001845s ]
SQL: SELECT * FROM `app_code` WHERE ( username="dongya003" and password="12345678" and groupid="43C1549E222DE8BCFD975AEF5F44443A" ) LIMIT 1   [ RunTime:0.001174s ]
SQL: SHOW COLUMNS FROM `app_group` [ RunTime:0.001617s ]
SQL: SELECT * FROM `app_group` WHERE ( `guid` = '43C1549E222DE8BCFD975AEF5F44443A' ) LIMIT 1   [ RunTime:0.000657s ]
SQL: UPDATE `app_code` SET `uuid`='F2BD55CD-42E5-48B6-9DDA-44D228FF2BF7',`binding`=0 WHERE ( `guid` = '956A973D03644B18A70B0EF34BF76995' ) [ RunTime:0.000257s ]
NOTIC: [8] Undefined index:  type D:\PHPnow\htdocs\dongya\Lib\Action\IndexAction.class.php 第 74 行.

[ 2016-03-28T20:39:15+08:00 ] 171.109.211.19 /index.php/Uploadprohot
INFO: [ route_check ] --START--
INFO: CheckRoute Behavior ::run [ RunTime:0.000946s ]
INFO: [ route_check ] --END-- [ RunTime:0.001062s ]
INFO: [ app_begin ] --START--
INFO: ReadHtmlCache Behavior ::run [ RunTime:0.000690s ]
INFO: [ app_begin ] --END-- [ RunTime:0.000798s ]

[ 2016-03-28T20:39:15+08:00 ] 171.109.211.19 /index.php/Index/iscode/groupid/43C1549E222DE8BCFD975AEF5F44443A/username/dongya003/password/12345678/uuid/F2BD55CD-42E5-48B6-9DDA-44D228FF2BF7/type/updata
INFO: [ route_check ] --START--
INFO: CheckRoute Behavior ::run [ RunTime:0.000921s ]
INFO: [ route_check ] --END-- [ RunTime:0.001022s ]
INFO: [ app_begin ] --START--
INFO: ReadHtmlCache Behavior ::run [ RunTime:0.000646s ]
INFO: [ app_begin ] --END-- [ RunTime:0.000729s ]
SQL: SHOW COLUMNS FROM `app_code` [ RunTime:0.001906s ]
SQL: SELECT * FROM `app_code` WHERE ( username="dongya003" and password="12345678" and groupid="43C1549E222DE8BCFD975AEF5F44443A" ) LIMIT 1   [ RunTime:0.000835s ]
SQL: SHOW COLUMNS FROM `app_group` [ RunTime:0.001420s ]
SQL: SELECT * FROM `app_group` WHERE ( `guid` = '43C1549E222DE8BCFD975AEF5F44443A' ) LIMIT 1   [ RunTime:0.000675s ]
SQL: UPDATE `app_code` SET `uuid`='F2BD55CD-42E5-48B6-9DDA-44D228FF2BF7',`binding`=0 WHERE ( `guid` = '956A973D03644B18A70B0EF34BF76995' ) [ RunTime:0.000240s ]

[ 2016-03-28T21:43:50+08:00 ] 116.10.178.205 /index.php/Index/iscode/groupid/43C1549E222DE8BCFD975AEF5F44443A/username/dongya003/password/12345678/uuid/F2BD55CD-42E5-48B6-9DDA-44D228FF2BF7/type/updata
INFO: [ route_check ] --START--
INFO: CheckRoute Behavior ::run [ RunTime:0.001349s ]
INFO: [ route_check ] --END-- [ RunTime:0.001458s ]
INFO: [ app_begin ] --START--
INFO: ReadHtmlCache Behavior ::run [ RunTime:0.001046s ]
INFO: [ app_begin ] --END-- [ RunTime:0.001134s ]
SQL: SHOW COLUMNS FROM `app_code` [ RunTime:0.001867s ]
SQL: SELECT * FROM `app_code` WHERE ( username="dongya003" and password="12345678" and groupid="43C1549E222DE8BCFD975AEF5F44443A" ) LIMIT 1   [ RunTime:0.000717s ]
SQL: SHOW COLUMNS FROM `app_group` [ RunTime:0.001480s ]
SQL: SELECT * FROM `app_group` WHERE ( `guid` = '43C1549E222DE8BCFD975AEF5F44443A' ) LIMIT 1   [ RunTime:0.000658s ]
SQL: UPDATE `app_code` SET `uuid`='F2BD55CD-42E5-48B6-9DDA-44D228FF2BF7',`binding`=0 WHERE ( `guid` = '956A973D03644B18A70B0EF34BF76995' ) [ RunTime:0.000240s ]

[ 2016-03-28T21:44:55+08:00 ] 116.10.178.205 /index.php/Index/iscode/groupid/43C1549E222DE8BCFD975AEF5F44443A/username/dongya003/password/12345678/uuid/F2BD55CD-42E5-48B6-9DDA-44D228FF2BF7/type/updata
INFO: [ route_check ] --START--
INFO: CheckRoute Behavior ::run [ RunTime:0.000989s ]
INFO: [ route_check ] --END-- [ RunTime:0.001116s ]
INFO: [ app_begin ] --START--
INFO: ReadHtmlCache Behavior ::run [ RunTime:0.000643s ]
INFO: [ app_begin ] --END-- [ RunTime:0.000729s ]
SQL: SHOW COLUMNS FROM `app_code` [ RunTime:0.001779s ]
SQL: SELECT * FROM `app_code` WHERE ( username="dongya003" and password="12345678" and groupid="43C1549E222DE8BCFD975AEF5F44443A" ) LIMIT 1   [ RunTime:0.000711s ]
SQL: SHOW COLUMNS FROM `app_group` [ RunTime:0.001508s ]
SQL: SELECT * FROM `app_group` WHERE ( `guid` = '43C1549E222DE8BCFD975AEF5F44443A' ) LIMIT 1   [ RunTime:0.000642s ]
SQL: UPDATE `app_code` SET `uuid`='F2BD55CD-42E5-48B6-9DDA-44D228FF2BF7',`binding`=0 WHERE ( `guid` = '956A973D03644B18A70B0EF34BF76995' ) [ RunTime:0.000244s ]

[ 2016-03-28T21:56:34+08:00 ] 14.18.189.146 /index.php/Index/iscode/groupid/43C1549E222DE8BCFD975AEF5F44443A/username/dong/password/123123/uuid/60:FE:C5:9D:07:C4
INFO: [ route_check ] --START--
INFO: CheckRoute Behavior ::run [ RunTime:0.001495s ]
INFO: [ route_check ] --END-- [ RunTime:0.001626s ]
INFO: [ app_begin ] --START--
INFO: ReadHtmlCache Behavior ::run [ RunTime:0.001106s ]
INFO: [ app_begin ] --END-- [ RunTime:0.001209s ]
SQL: SHOW COLUMNS FROM `app_code` [ RunTime:0.001706s ]
SQL: SELECT * FROM `app_code` WHERE ( username="dong" and password="123123" and groupid="43C1549E222DE8BCFD975AEF5F44443A" ) LIMIT 1   [ RunTime:0.000775s ]
SQL: SHOW COLUMNS FROM `app_group` [ RunTime:0.002542s ]
SQL: SELECT * FROM `app_group` LIMIT 1   [ RunTime:0.000627s ]

[ 2016-03-28T21:56:34+08:00 ] 14.18.189.146 /index.php/Index/iscode/groupid/43C1549E222DE8BCFD975AEF5F44443A/username/dong/password/123123/uuid/60:FE:C5:9D:07:C4/type/updata
INFO: [ route_check ] --START--
INFO: CheckRoute Behavior ::run [ RunTime:0.001015s ]
INFO: [ route_check ] --END-- [ RunTime:0.001124s ]
INFO: [ app_begin ] --START--
INFO: ReadHtmlCache Behavior ::run [ RunTime:0.000670s ]
INFO: [ app_begin ] --END-- [ RunTime:0.000755s ]
SQL: SHOW COLUMNS FROM `app_code` [ RunTime:0.001619s ]
SQL: SELECT * FROM `app_code` WHERE ( username="dong" and password="123123" and groupid="43C1549E222DE8BCFD975AEF5F44443A" ) LIMIT 1   [ RunTime:0.000710s ]
SQL: SHOW COLUMNS FROM `app_group` [ RunTime:0.001283s ]
SQL: SELECT * FROM `app_group` LIMIT 1   [ RunTime:0.000602s ]

[ 2016-03-28T21:59:44+08:00 ] 14.18.189.146 /index.php/Index/iscode/groupid/43C1549E222DE8BCFD975AEF5F44443A/username/dong/password/123123/uuid/60:FE:C5:9D:07:C4
INFO: [ route_check ] --START--
INFO: CheckRoute Behavior ::run [ RunTime:0.001420s ]
INFO: [ route_check ] --END-- [ RunTime:0.001547s ]
INFO: [ app_begin ] --START--
INFO: ReadHtmlCache Behavior ::run [ RunTime:0.001291s ]
INFO: [ app_begin ] --END-- [ RunTime:0.001391s ]
SQL: SHOW COLUMNS FROM `app_code` [ RunTime:0.001769s ]
SQL: SELECT * FROM `app_code` WHERE ( username="dong" and password="123123" and groupid="43C1549E222DE8BCFD975AEF5F44443A" ) LIMIT 1   [ RunTime:0.000723s ]
SQL: SHOW COLUMNS FROM `app_group` [ RunTime:0.001339s ]
SQL: SELECT * FROM `app_group` LIMIT 1   [ RunTime:0.000654s ]

[ 2016-03-28T21:59:44+08:00 ] 14.18.189.146 /index.php/Index/iscode/groupid/43C1549E222DE8BCFD975AEF5F44443A/username/dong/password/123123/uuid/60:FE:C5:9D:07:C4/type/updata
INFO: [ route_check ] --START--
INFO: CheckRoute Behavior ::run [ RunTime:0.001044s ]
INFO: [ route_check ] --END-- [ RunTime:0.001179s ]
INFO: [ app_begin ] --START--
INFO: ReadHtmlCache Behavior ::run [ RunTime:0.000617s ]
INFO: [ app_begin ] --END-- [ RunTime:0.000716s ]
SQL: SHOW COLUMNS FROM `app_code` [ RunTime:0.001691s ]
SQL: SELECT * FROM `app_code` WHERE ( username="dong" and password="123123" and groupid="43C1549E222DE8BCFD975AEF5F44443A" ) LIMIT 1   [ RunTime:0.001038s ]
SQL: SHOW COLUMNS FROM `app_group` [ RunTime:0.001325s ]
SQL: SELECT * FROM `app_group` LIMIT 1   [ RunTime:0.000655s ]

[ 2016-03-28T22:02:17+08:00 ] 14.18.189.146 /index.php/Index/iscode/groupid/43C1549E222DE8BCFD975AEF5F44443A/username/dong/password/123123/uuid/60:FE:C5:9D:07:C4/type/updata
INFO: [ route_check ] --START--
INFO: CheckRoute Behavior ::run [ RunTime:0.001346s ]
INFO: [ route_check ] --END-- [ RunTime:0.001470s ]
INFO: [ app_begin ] --START--
INFO: ReadHtmlCache Behavior ::run [ RunTime:0.001003s ]
INFO: [ app_begin ] --END-- [ RunTime:0.001089s ]
SQL: SHOW COLUMNS FROM `app_code` [ RunTime:0.001897s ]
SQL: SELECT * FROM `app_code` WHERE ( username="dong" and password="123123" and groupid="43C1549E222DE8BCFD975AEF5F44443A" ) LIMIT 1   [ RunTime:0.000738s ]
SQL: SHOW COLUMNS FROM `app_group` [ RunTime:0.001654s ]
SQL: SELECT * FROM `app_group` LIMIT 1   [ RunTime:0.000609s ]

[ 2016-03-28T22:11:44+08:00 ] 14.18.189.146 /index.php/Index/iscode/groupid/43C1549E222DE8BCFD975AEF5F44443A/username/dong/password/123123/uuid/60:FE:C5:9D:07:C4/type/updata
INFO: [ route_check ] --START--
INFO: CheckRoute Behavior ::run [ RunTime:0.001334s ]
INFO: [ route_check ] --END-- [ RunTime:0.001442s ]
INFO: [ app_begin ] --START--
INFO: ReadHtmlCache Behavior ::run [ RunTime:0.002435s ]
INFO: [ app_begin ] --END-- [ RunTime:0.002522s ]
SQL: SHOW COLUMNS FROM `app_code` [ RunTime:0.001703s ]
SQL: SELECT * FROM `app_code` WHERE ( username="dong" and password="123123" and groupid="43C1549E222DE8BCFD975AEF5F44443A" ) LIMIT 1   [ RunTime:0.000756s ]
SQL: SHOW COLUMNS FROM `app_group` [ RunTime:0.001335s ]
SQL: SELECT * FROM `app_group` LIMIT 1   [ RunTime:0.000606s ]

[ 2016-03-28T22:29:00+08:00 ] 14.18.189.146 /index.php/Index/iscode/groupid/43C1549E222DE8BCFD975AEF5F44443A/username/dong/password/123123/uuid/60:FE:C5:9D:07:C4/type/updata
INFO: [ route_check ] --START--
INFO: CheckRoute Behavior ::run [ RunTime:0.001377s ]
INFO: [ route_check ] --END-- [ RunTime:0.001495s ]
INFO: [ app_begin ] --START--
INFO: ReadHtmlCache Behavior ::run [ RunTime:0.001123s ]
INFO: [ app_begin ] --END-- [ RunTime:0.001254s ]
SQL: SHOW COLUMNS FROM `app_code` [ RunTime:0.001709s ]
SQL: SELECT * FROM `app_code` WHERE ( username="dong" and password="123123" and groupid="43C1549E222DE8BCFD975AEF5F44443A" ) LIMIT 1   [ RunTime:0.000787s ]
SQL: SHOW COLUMNS FROM `app_group` [ RunTime:0.001385s ]
SQL: SELECT * FROM `app_group` LIMIT 1   [ RunTime:0.000618s ]

[ 2016-03-28T23:03:19+08:00 ] 42.49.17.250 /index.php/Index/iscode/groupid/43C1549E222DE8BCFD975AEF5F44443A/username/dongya/password/123123/uuid/D3B28927-BC4C-4B42-8428-840F8FC22720
INFO: [ route_check ] --START--
INFO: CheckRoute Behavior ::run [ RunTime:0.001547s ]
INFO: [ route_check ] --END-- [ RunTime:0.001671s ]
INFO: [ app_begin ] --START--
INFO: ReadHtmlCache Behavior ::run [ RunTime:0.001125s ]
INFO: [ app_begin ] --END-- [ RunTime:0.001249s ]
SQL: SHOW COLUMNS FROM `app_code` [ RunTime:0.001925s ]
SQL: SELECT * FROM `app_code` WHERE ( username="dongya" and password="123123" and groupid="43C1549E222DE8BCFD975AEF5F44443A" ) LIMIT 1   [ RunTime:0.000740s ]
SQL: SHOW COLUMNS FROM `app_group` [ RunTime:0.001635s ]
SQL: SELECT * FROM `app_group` WHERE ( `guid` = '43C1549E222DE8BCFD975AEF5F44443A' ) LIMIT 1   [ RunTime:0.000843s ]
SQL: UPDATE `app_code` SET `uuid`='D3B28927-BC4C-4B42-8428-840F8FC22720',`binding`=0 WHERE ( `guid` = 'FBD28554EC0105185717D33AF9592F58' ) [ RunTime:0.000250s ]
NOTIC: [8] Undefined index:  type D:\PHPnow\htdocs\dongya\Lib\Action\IndexAction.class.php 第 74 行.

[ 2016-03-28T23:03:20+08:00 ] 42.49.17.250 /index.php/Index/iscode/groupid/43C1549E222DE8BCFD975AEF5F44443A/username/dongya/password/123123/uuid/D3B28927-BC4C-4B42-8428-840F8FC22720/type/updata
INFO: [ route_check ] --START--
INFO: CheckRoute Behavior ::run [ RunTime:0.000971s ]
INFO: [ route_check ] --END-- [ RunTime:0.001075s ]
INFO: [ app_begin ] --START--
INFO: ReadHtmlCache Behavior ::run [ RunTime:0.000606s ]
INFO: [ app_begin ] --END-- [ RunTime:0.000689s ]
SQL: SHOW COLUMNS FROM `app_code` [ RunTime:0.001583s ]
SQL: SELECT * FROM `app_code` WHERE ( username="dongya" and password="123123" and groupid="43C1549E222DE8BCFD975AEF5F44443A" ) LIMIT 1   [ RunTime:0.000985s ]
SQL: SHOW COLUMNS FROM `app_group` [ RunTime:0.001721s ]
SQL: SELECT * FROM `app_group` WHERE ( `guid` = '43C1549E222DE8BCFD975AEF5F44443A' ) LIMIT 1   [ RunTime:0.000652s ]
SQL: UPDATE `app_code` SET `uuid`='D3B28927-BC4C-4B42-8428-840F8FC22720',`binding`=0 WHERE ( `guid` = 'FBD28554EC0105185717D33AF9592F58' ) [ RunTime:0.000240s ]

[ 2016-03-28T23:03:32+08:00 ] 42.49.17.250 /index.php/Index/iscode/groupid/43C1549E222DE8BCFD975AEF5F44443A/username/dongya/password/123123/uuid/D3B28927-BC4C-4B42-8428-840F8FC22720/type/updata
INFO: [ route_check ] --START--
INFO: CheckRoute Behavior ::run [ RunTime:0.000945s ]
INFO: [ route_check ] --END-- [ RunTime:0.001059s ]
INFO: [ app_begin ] --START--
INFO: ReadHtmlCache Behavior ::run [ RunTime:0.000606s ]
INFO: [ app_begin ] --END-- [ RunTime:0.000690s ]
SQL: SHOW COLUMNS FROM `app_code` [ RunTime:0.001848s ]
SQL: SELECT * FROM `app_code` WHERE ( username="dongya" and password="123123" and groupid="43C1549E222DE8BCFD975AEF5F44443A" ) LIMIT 1   [ RunTime:0.000839s ]
SQL: SHOW COLUMNS FROM `app_group` [ RunTime:0.001660s ]
SQL: SELECT * FROM `app_group` WHERE ( `guid` = '43C1549E222DE8BCFD975AEF5F44443A' ) LIMIT 1   [ RunTime:0.000727s ]
SQL: UPDATE `app_code` SET `uuid`='D3B28927-BC4C-4B42-8428-840F8FC22720',`binding`=0 WHERE ( `guid` = 'FBD28554EC0105185717D33AF9592F58' ) [ RunTime:0.000273s ]

