[ 2016-04-03T02:12:51+08:00 ] 14.159.109.70 /index.php/Index/iscode/groupid/43C1549E222DE8BCFD975AEF5F44443A/username/dongya/password/123/uuid/DD074A15-5224-4BFB-AA5E-E2B8758A993A
INFO: [ route_check ] --START--
INFO: CheckRoute Behavior ::run [ RunTime:0.003779s ]
INFO: [ route_check ] --END-- [ RunTime:0.003914s ]
INFO: [ app_begin ] --START--
INFO: ReadHtmlCache Behavior ::run [ RunTime:0.001970s ]
INFO: [ app_begin ] --END-- [ RunTime:0.002062s ]
SQL: SHOW COLUMNS FROM `app_code` [ RunTime:0.054005s ]
SQL: SELECT * FROM `app_code` WHERE ( username="dongya" and password="123" and groupid="43C1549E222DE8BCFD975AEF5F44443A" ) LIMIT 1   [ RunTime:0.016359s ]
SQL: SHOW COLUMNS FROM `app_group` [ RunTime:0.025260s ]
SQL: SELECT * FROM `app_group` LIMIT 1   [ RunTime:0.000838s ]

[ 2016-04-03T02:12:51+08:00 ] 14.159.109.70 /index.php/Index/iscode/groupid/43C1549E222DE8BCFD975AEF5F44443A/username/dongya/password/123/uuid/DD074A15-5224-4BFB-AA5E-E2B8758A993A/type/updata
INFO: [ route_check ] --START--
INFO: CheckRoute Behavior ::run [ RunTime:0.000964s ]
INFO: [ route_check ] --END-- [ RunTime:0.001078s ]
INFO: [ app_begin ] --START--
INFO: ReadHtmlCache Behavior ::run [ RunTime:0.000638s ]
INFO: [ app_begin ] --END-- [ RunTime:0.000722s ]
SQL: SHOW COLUMNS FROM `app_code` [ RunTime:0.001681s ]
SQL: SELECT * FROM `app_code` WHERE ( username="dongya" and password="123" and groupid="43C1549E222DE8BCFD975AEF5F44443A" ) LIMIT 1   [ RunTime:0.000774s ]
SQL: SHOW COLUMNS FROM `app_group` [ RunTime:0.001417s ]
SQL: SELECT * FROM `app_group` LIMIT 1   [ RunTime:0.000623s ]

[ 2016-04-03T02:27:39+08:00 ] 14.159.109.70 /index.php/Index/iscode/groupid/43C1549E222DE8BCFD975AEF5F44443A/username/dongya/password/123/uuid/DD074A15-5224-4BFB-AA5E-E2B8758A993A/type/updata
INFO: [ route_check ] --START--
INFO: CheckRoute Behavior ::run [ RunTime:0.001363s ]
INFO: [ route_check ] --END-- [ RunTime:0.001483s ]
INFO: [ app_begin ] --START--
INFO: ReadHtmlCache Behavior ::run [ RunTime:0.001096s ]
INFO: [ app_begin ] --END-- [ RunTime:0.001183s ]
SQL: SHOW COLUMNS FROM `app_code` [ RunTime:0.002034s ]
SQL: SELECT * FROM `app_code` WHERE ( username="dongya" and password="123" and groupid="43C1549E222DE8BCFD975AEF5F44443A" ) LIMIT 1   [ RunTime:0.000756s ]
SQL: SHOW COLUMNS FROM `app_group` [ RunTime:0.001333s ]
SQL: SELECT * FROM `app_group` LIMIT 1   [ RunTime:0.000630s ]

[ 2016-04-03T02:30:57+08:00 ] 14.159.109.70 /index.php/Index/iscode/groupid/43C1549E222DE8BCFD975AEF5F44443A/username/dongya/password/123/uuid/DD074A15-5224-4BFB-AA5E-E2B8758A993A/type/updata
INFO: [ route_check ] --START--
INFO: CheckRoute Behavior ::run [ RunTime:0.001424s ]
INFO: [ route_check ] --END-- [ RunTime:0.001537s ]
INFO: [ app_begin ] --START--
INFO: ReadHtmlCache Behavior ::run [ RunTime:0.001017s ]
INFO: [ app_begin ] --END-- [ RunTime:0.001104s ]
SQL: SHOW COLUMNS FROM `app_code` [ RunTime:0.001878s ]
SQL: SELECT * FROM `app_code` WHERE ( username="dongya" and password="123" and groupid="43C1549E222DE8BCFD975AEF5F44443A" ) LIMIT 1   [ RunTime:0.000804s ]
SQL: SHOW COLUMNS FROM `app_group` [ RunTime:0.001499s ]
SQL: SELECT * FROM `app_group` LIMIT 1   [ RunTime:0.000614s ]

[ 2016-04-03T07:35:43+08:00 ] 171.81.249.78 /index.php/Index/iscode/groupid/43C1549E222DE8BCFD975AEF5F44443A/username/dongya015/password/12345678/uuid/A23A7494-6183-4E0B-8CCE-79A411DF8701
INFO: [ route_check ] --START--
INFO: CheckRoute Behavior ::run [ RunTime:0.002971s ]
INFO: [ route_check ] --END-- [ RunTime:0.003101s ]
INFO: [ app_begin ] --START--
INFO: ReadHtmlCache Behavior ::run [ RunTime:0.003926s ]
INFO: [ app_begin ] --END-- [ RunTime:0.004025s ]
SQL: SHOW COLUMNS FROM `app_code` [ RunTime:0.024685s ]
SQL: SELECT * FROM `app_code` WHERE ( username="dongya015" and password="12345678" and groupid="43C1549E222DE8BCFD975AEF5F44443A" ) LIMIT 1   [ RunTime:0.013411s ]
SQL: SHOW COLUMNS FROM `app_group` [ RunTime:0.028706s ]
SQL: SELECT * FROM `app_group` WHERE ( `guid` = '43C1549E222DE8BCFD975AEF5F44443A' ) LIMIT 1   [ RunTime:0.000856s ]
SQL: UPDATE `app_code` SET `uuid`='A23A7494-6183-4E0B-8CCE-79A411DF8701',`binding`=0 WHERE ( `guid` = '3816EC48214D465BB7FF219AC09651E6' ) [ RunTime:0.000267s ]
NOTIC: [8] Undefined index:  type D:\PHPnow\htdocs\dongya\Lib\Action\IndexAction.class.php 第 74 行.

[ 2016-04-03T07:36:45+08:00 ] 171.81.249.78 /index.php/Index/iscode/groupid/43C1549E222DE8BCFD975AEF5F44443A/username/dongya015/password/12345678/uuid/A23A7494-6183-4E0B-8CCE-79A411DF8701/type/updata
INFO: [ route_check ] --START--
INFO: CheckRoute Behavior ::run [ RunTime:0.000938s ]
INFO: [ route_check ] --END-- [ RunTime:0.001038s ]
INFO: [ app_begin ] --START--
INFO: ReadHtmlCache Behavior ::run [ RunTime:0.000602s ]
INFO: [ app_begin ] --END-- [ RunTime:0.000685s ]
SQL: SHOW COLUMNS FROM `app_code` [ RunTime:0.001606s ]
SQL: SELECT * FROM `app_code` WHERE ( username="dongya015" and password="12345678" and groupid="43C1549E222DE8BCFD975AEF5F44443A" ) LIMIT 1   [ RunTime:0.000782s ]
SQL: SHOW COLUMNS FROM `app_group` [ RunTime:0.001300s ]
SQL: SELECT * FROM `app_group` WHERE ( `guid` = '43C1549E222DE8BCFD975AEF5F44443A' ) LIMIT 1   [ RunTime:0.000817s ]
SQL: UPDATE `app_code` SET `uuid`='A23A7494-6183-4E0B-8CCE-79A411DF8701',`binding`=0 WHERE ( `guid` = '3816EC48214D465BB7FF219AC09651E6' ) [ RunTime:0.000292s ]

[ 2016-04-03T08:00:23+08:00 ] 14.159.109.70 /index.php/Index/iscode/groupid/43C1549E222DE8BCFD975AEF5F44443A/username/dongya/password/123/uuid/DD074A15-5224-4BFB-AA5E-E2B8758A993A/type/updata
INFO: [ route_check ] --START--
INFO: CheckRoute Behavior ::run [ RunTime:0.001339s ]
INFO: [ route_check ] --END-- [ RunTime:0.001443s ]
INFO: [ app_begin ] --START--
INFO: ReadHtmlCache Behavior ::run [ RunTime:0.001005s ]
INFO: [ app_begin ] --END-- [ RunTime:0.001091s ]
SQL: SHOW COLUMNS FROM `app_code` [ RunTime:0.001780s ]
SQL: SELECT * FROM `app_code` WHERE ( username="dongya" and password="123" and groupid="43C1549E222DE8BCFD975AEF5F44443A" ) LIMIT 1   [ RunTime:0.000750s ]
SQL: SHOW COLUMNS FROM `app_group` [ RunTime:0.001697s ]
SQL: SELECT * FROM `app_group` LIMIT 1   [ RunTime:0.000711s ]

[ 2016-04-03T09:38:17+08:00 ] 222.246.18.150 /index.php/Index/iscode/groupid/436D3F290AFDF8DF9BE1D77C8B4C9E4C/username/longshu /password/123123/uuid/D67A0731-05FC-4123-BC3A-26B514E067E2
INFO: [ route_check ] --START--
INFO: CheckRoute Behavior ::run [ RunTime:0.003968s ]
INFO: [ route_check ] --END-- [ RunTime:0.004088s ]
INFO: [ app_begin ] --START--
INFO: ReadHtmlCache Behavior ::run [ RunTime:0.002067s ]
INFO: [ app_begin ] --END-- [ RunTime:0.002159s ]
SQL: SHOW COLUMNS FROM `app_code` [ RunTime:0.027679s ]
SQL: SELECT * FROM `app_code` WHERE ( username="longshu " and password="123123" and groupid="436D3F290AFDF8DF9BE1D77C8B4C9E4C" ) LIMIT 1   [ RunTime:0.009084s ]
SQL: SHOW COLUMNS FROM `app_group` [ RunTime:0.014834s ]
SQL: SELECT * FROM `app_group` WHERE ( `guid` = '436D3F290AFDF8DF9BE1D77C8B4C9E4C' ) LIMIT 1   [ RunTime:0.000739s ]
SQL: UPDATE `app_code` SET `uuid`='D67A0731-05FC-4123-BC3A-26B514E067E2',`binding`=0 WHERE ( `guid` = '378918795D8AA5596251035B65683CCE' ) [ RunTime:0.000277s ]
NOTIC: [8] Undefined index:  type D:\PHPnow\htdocs\dongya\Lib\Action\IndexAction.class.php 第 74 行.

[ 2016-04-03T09:38:36+08:00 ] 222.246.18.150 /index.php/Index/iscode/groupid/436D3F290AFDF8DF9BE1D77C8B4C9E4C/username/longshu /password/123123/uuid/D67A0731-05FC-4123-BC3A-26B514E067E2/type/updata
INFO: [ route_check ] --START--
INFO: CheckRoute Behavior ::run [ RunTime:0.000942s ]
INFO: [ route_check ] --END-- [ RunTime:0.001071s ]
INFO: [ app_begin ] --START--
INFO: ReadHtmlCache Behavior ::run [ RunTime:0.000621s ]
INFO: [ app_begin ] --END-- [ RunTime:0.000707s ]
SQL: SHOW COLUMNS FROM `app_code` [ RunTime:0.001704s ]
SQL: SELECT * FROM `app_code` WHERE ( username="longshu " and password="123123" and groupid="436D3F290AFDF8DF9BE1D77C8B4C9E4C" ) LIMIT 1   [ RunTime:0.000775s ]
SQL: SHOW COLUMNS FROM `app_group` [ RunTime:0.001577s ]
SQL: SELECT * FROM `app_group` WHERE ( `guid` = '436D3F290AFDF8DF9BE1D77C8B4C9E4C' ) LIMIT 1   [ RunTime:0.000789s ]
SQL: UPDATE `app_code` SET `uuid`='D67A0731-05FC-4123-BC3A-26B514E067E2',`binding`=0 WHERE ( `guid` = '378918795D8AA5596251035B65683CCE' ) [ RunTime:0.000244s ]

[ 2016-04-03T09:51:03+08:00 ] 220.202.18.83 /index.php/Index/iscode/groupid/43C1549E222DE8BCFD975AEF5F44443A/username/dongya015/password/12345678/uuid/A23A7494-6183-4E0B-8CCE-79A411DF8701/type/updata
INFO: [ route_check ] --START--
INFO: CheckRoute Behavior ::run [ RunTime:0.001322s ]
INFO: [ route_check ] --END-- [ RunTime:0.001425s ]
INFO: [ app_begin ] --START--
INFO: ReadHtmlCache Behavior ::run [ RunTime:0.001028s ]
INFO: [ app_begin ] --END-- [ RunTime:0.001117s ]
SQL: SHOW COLUMNS FROM `app_code` [ RunTime:0.001646s ]
SQL: SELECT * FROM `app_code` WHERE ( username="dongya015" and password="12345678" and groupid="43C1549E222DE8BCFD975AEF5F44443A" ) LIMIT 1   [ RunTime:0.000716s ]
SQL: SHOW COLUMNS FROM `app_group` [ RunTime:0.001299s ]
SQL: SELECT * FROM `app_group` WHERE ( `guid` = '43C1549E222DE8BCFD975AEF5F44443A' ) LIMIT 1   [ RunTime:0.000668s ]
SQL: UPDATE `app_code` SET `uuid`='A23A7494-6183-4E0B-8CCE-79A411DF8701',`binding`=0 WHERE ( `guid` = '3816EC48214D465BB7FF219AC09651E6' ) [ RunTime:0.000240s ]

[ 2016-04-03T10:04:23+08:00 ] 14.159.109.70 /index.php/Index/iscode/groupid/43C1549E222DE8BCFD975AEF5F44443A/username/dongya/password/123/uuid/DD074A15-5224-4BFB-AA5E-E2B8758A993A/type/updata
INFO: [ route_check ] --START--
INFO: CheckRoute Behavior ::run [ RunTime:0.001454s ]
INFO: [ route_check ] --END-- [ RunTime:0.001560s ]
INFO: [ app_begin ] --START--
INFO: ReadHtmlCache Behavior ::run [ RunTime:0.001007s ]
INFO: [ app_begin ] --END-- [ RunTime:0.001096s ]
SQL: SHOW COLUMNS FROM `app_code` [ RunTime:0.001828s ]
SQL: SELECT * FROM `app_code` WHERE ( username="dongya" and password="123" and groupid="43C1549E222DE8BCFD975AEF5F44443A" ) LIMIT 1   [ RunTime:0.000726s ]
SQL: SHOW COLUMNS FROM `app_group` [ RunTime:0.001794s ]
SQL: SELECT * FROM `app_group` LIMIT 1   [ RunTime:0.000722s ]

[ 2016-04-03T10:36:20+08:00 ] 117.41.199.47 /index.php/Index/iscode/groupid/436D3F290AFDF8DF9BE1D77C8B4C9E4C/username/longshu /password/123123/uuid/3A8A2240-B816-41E4-BEC2-0FEEF1D30763
INFO: [ route_check ] --START--
INFO: CheckRoute Behavior ::run [ RunTime:0.001407s ]
INFO: [ route_check ] --END-- [ RunTime:0.001588s ]
INFO: [ app_begin ] --START--
INFO: ReadHtmlCache Behavior ::run [ RunTime:0.001004s ]
INFO: [ app_begin ] --END-- [ RunTime:0.001092s ]
SQL: SHOW COLUMNS FROM `app_code` [ RunTime:0.001843s ]
SQL: SELECT * FROM `app_code` WHERE ( username="longshu " and password="123123" and groupid="436D3F290AFDF8DF9BE1D77C8B4C9E4C" ) LIMIT 1   [ RunTime:0.000710s ]
SQL: SHOW COLUMNS FROM `app_group` [ RunTime:0.001529s ]
SQL: SELECT * FROM `app_group` WHERE ( `guid` = '436D3F290AFDF8DF9BE1D77C8B4C9E4C' ) LIMIT 1   [ RunTime:0.000739s ]
SQL: UPDATE `app_code` SET `uuid`='3A8A2240-B816-41E4-BEC2-0FEEF1D30763',`binding`=0 WHERE ( `guid` = '378918795D8AA5596251035B65683CCE' ) [ RunTime:0.000256s ]
NOTIC: [8] Undefined index:  type D:\PHPnow\htdocs\dongya\Lib\Action\IndexAction.class.php 第 74 行.

[ 2016-04-03T10:37:49+08:00 ] 117.41.199.47 /index.php/Index/iscode/groupid/436D3F290AFDF8DF9BE1D77C8B4C9E4C/username/longshu /password/123123/uuid/3A8A2240-B816-41E4-BEC2-0FEEF1D30763/type/updata
INFO: [ route_check ] --START--
INFO: CheckRoute Behavior ::run [ RunTime:0.000969s ]
INFO: [ route_check ] --END-- [ RunTime:0.001081s ]
INFO: [ app_begin ] --START--
INFO: ReadHtmlCache Behavior ::run [ RunTime:0.000851s ]
INFO: [ app_begin ] --END-- [ RunTime:0.000984s ]
SQL: SHOW COLUMNS FROM `app_code` [ RunTime:0.002044s ]
SQL: SELECT * FROM `app_code` WHERE ( username="longshu " and password="123123" and groupid="436D3F290AFDF8DF9BE1D77C8B4C9E4C" ) LIMIT 1   [ RunTime:0.001376s ]
SQL: SHOW COLUMNS FROM `app_group` [ RunTime:0.001302s ]
SQL: SELECT * FROM `app_group` WHERE ( `guid` = '436D3F290AFDF8DF9BE1D77C8B4C9E4C' ) LIMIT 1   [ RunTime:0.000613s ]
SQL: UPDATE `app_code` SET `uuid`='3A8A2240-B816-41E4-BEC2-0FEEF1D30763',`binding`=0 WHERE ( `guid` = '378918795D8AA5596251035B65683CCE' ) [ RunTime:0.000238s ]

[ 2016-04-03T10:57:33+08:00 ] 117.41.199.47 /index.php/Index/iscode/groupid/436D3F290AFDF8DF9BE1D77C8B4C9E4C/username/longshu /password/123123/uuid/3A8A2240-B816-41E4-BEC2-0FEEF1D30763/type/updata
INFO: [ route_check ] --START--
INFO: CheckRoute Behavior ::run [ RunTime:0.001447s ]
INFO: [ route_check ] --END-- [ RunTime:0.001553s ]
INFO: [ app_begin ] --START--
INFO: ReadHtmlCache Behavior ::run [ RunTime:0.001294s ]
INFO: [ app_begin ] --END-- [ RunTime:0.001421s ]
SQL: SHOW COLUMNS FROM `app_code` [ RunTime:0.001627s ]
SQL: SELECT * FROM `app_code` WHERE ( username="longshu " and password="123123" and groupid="436D3F290AFDF8DF9BE1D77C8B4C9E4C" ) LIMIT 1   [ RunTime:0.000691s ]
SQL: SHOW COLUMNS FROM `app_group` [ RunTime:0.001310s ]
SQL: SELECT * FROM `app_group` WHERE ( `guid` = '436D3F290AFDF8DF9BE1D77C8B4C9E4C' ) LIMIT 1   [ RunTime:0.000616s ]
SQL: UPDATE `app_code` SET `uuid`='3A8A2240-B816-41E4-BEC2-0FEEF1D30763',`binding`=0 WHERE ( `guid` = '378918795D8AA5596251035B65683CCE' ) [ RunTime:0.000238s ]

[ 2016-04-03T10:57:53+08:00 ] 117.41.199.47 /index.php/Index/iscode/groupid/436D3F290AFDF8DF9BE1D77C8B4C9E4C/username/longshu /password/123123/uuid/3A8A2240-B816-41E4-BEC2-0FEEF1D30763/type/updata
INFO: [ route_check ] --START--
INFO: CheckRoute Behavior ::run [ RunTime:0.001054s ]
INFO: [ route_check ] --END-- [ RunTime:0.001178s ]
INFO: [ app_begin ] --START--
INFO: ReadHtmlCache Behavior ::run [ RunTime:0.000627s ]
INFO: [ app_begin ] --END-- [ RunTime:0.000712s ]
SQL: SHOW COLUMNS FROM `app_code` [ RunTime:0.001746s ]
SQL: SELECT * FROM `app_code` WHERE ( username="longshu " and password="123123" and groupid="436D3F290AFDF8DF9BE1D77C8B4C9E4C" ) LIMIT 1   [ RunTime:0.000799s ]
SQL: SHOW COLUMNS FROM `app_group` [ RunTime:0.001377s ]
SQL: SELECT * FROM `app_group` WHERE ( `guid` = '436D3F290AFDF8DF9BE1D77C8B4C9E4C' ) LIMIT 1   [ RunTime:0.000673s ]
SQL: UPDATE `app_code` SET `uuid`='3A8A2240-B816-41E4-BEC2-0FEEF1D30763',`binding`=0 WHERE ( `guid` = '378918795D8AA5596251035B65683CCE' ) [ RunTime:0.000263s ]

[ 2016-04-03T11:22:21+08:00 ] 120.197.197.107 /index.php/Index/iscode/groupid/43C1549E222DE8BCFD975AEF5F44443A/username/dongya002/password/12345678/uuid/2BD16442-92E4-4320-913F-0727A9FBCCC2
INFO: [ route_check ] --START--
INFO: CheckRoute Behavior ::run [ RunTime:0.001334s ]
INFO: [ route_check ] --END-- [ RunTime:0.001446s ]
INFO: [ app_begin ] --START--
INFO: ReadHtmlCache Behavior ::run [ RunTime:0.001050s ]
INFO: [ app_begin ] --END-- [ RunTime:0.001157s ]
SQL: SHOW COLUMNS FROM `app_code` [ RunTime:0.001797s ]
SQL: SELECT * FROM `app_code` WHERE ( username="dongya002" and password="12345678" and groupid="43C1549E222DE8BCFD975AEF5F44443A" ) LIMIT 1   [ RunTime:0.000730s ]
SQL: SHOW COLUMNS FROM `app_group` [ RunTime:0.001457s ]
SQL: SELECT * FROM `app_group` WHERE ( `guid` = '43C1549E222DE8BCFD975AEF5F44443A' ) LIMIT 1   [ RunTime:0.000626s ]
SQL: UPDATE `app_code` SET `uuid`='2BD16442-92E4-4320-913F-0727A9FBCCC2',`binding`=0 WHERE ( `guid` = 'B1F9C6DE677E4184896E95D835A46518' ) [ RunTime:0.000239s ]
NOTIC: [8] Undefined index:  type D:\PHPnow\htdocs\dongya\Lib\Action\IndexAction.class.php 第 74 行.

[ 2016-04-03T11:22:21+08:00 ] 120.197.197.107 /index.php/Index/iscode/groupid/43C1549E222DE8BCFD975AEF5F44443A/username/dongya002/password/12345678/uuid/2BD16442-92E4-4320-913F-0727A9FBCCC2/type/updata
INFO: [ route_check ] --START--
INFO: CheckRoute Behavior ::run [ RunTime:0.000956s ]
INFO: [ route_check ] --END-- [ RunTime:0.001062s ]
INFO: [ app_begin ] --START--
INFO: ReadHtmlCache Behavior ::run [ RunTime:0.000615s ]
INFO: [ app_begin ] --END-- [ RunTime:0.000748s ]
SQL: SHOW COLUMNS FROM `app_code` [ RunTime:0.001609s ]
SQL: SELECT * FROM `app_code` WHERE ( username="dongya002" and password="12345678" and groupid="43C1549E222DE8BCFD975AEF5F44443A" ) LIMIT 1   [ RunTime:0.000712s ]
SQL: SHOW COLUMNS FROM `app_group` [ RunTime:0.001300s ]
SQL: SELECT * FROM `app_group` WHERE ( `guid` = '43C1549E222DE8BCFD975AEF5F44443A' ) LIMIT 1   [ RunTime:0.000710s ]
SQL: UPDATE `app_code` SET `uuid`='2BD16442-92E4-4320-913F-0727A9FBCCC2',`binding`=0 WHERE ( `guid` = 'B1F9C6DE677E4184896E95D835A46518' ) [ RunTime:0.000242s ]

[ 2016-04-03T11:49:13+08:00 ] 183.35.213.18 /index.php/Index/iscode/groupid/43C1549E222DE8BCFD975AEF5F44443A/username/dyyangshan/password/12345678/uuid/CC86BE3B-73D2-4213-807B-123EBFBD792D
INFO: [ route_check ] --START--
INFO: CheckRoute Behavior ::run [ RunTime:0.001729s ]
INFO: [ route_check ] --END-- [ RunTime:0.001868s ]
INFO: [ app_begin ] --START--
INFO: ReadHtmlCache Behavior ::run [ RunTime:0.001005s ]
INFO: [ app_begin ] --END-- [ RunTime:0.001095s ]
SQL: SHOW COLUMNS FROM `app_code` [ RunTime:0.001864s ]
SQL: SELECT * FROM `app_code` WHERE ( username="dyyangshan" and password="12345678" and groupid="43C1549E222DE8BCFD975AEF5F44443A" ) LIMIT 1   [ RunTime:0.000715s ]
SQL: SHOW COLUMNS FROM `app_group` [ RunTime:0.001505s ]
SQL: SELECT * FROM `app_group` LIMIT 1   [ RunTime:0.000612s ]

[ 2016-04-03T11:49:13+08:00 ] 183.35.213.18 /index.php/Uploadprohot
INFO: [ route_check ] --START--
INFO: CheckRoute Behavior ::run [ RunTime:0.001027s ]
INFO: [ route_check ] --END-- [ RunTime:0.001131s ]
INFO: [ app_begin ] --START--
INFO: ReadHtmlCache Behavior ::run [ RunTime:0.000636s ]
INFO: [ app_begin ] --END-- [ RunTime:0.000745s ]
SQL: SHOW COLUMNS FROM `app_pro` [ RunTime:0.044675s ]
SQL: SELECT * FROM `app_pro` WHERE ( guid="1DF5EC29F9AC9462CE163DCDF1F45CB4" ) LIMIT 1   [ RunTime:0.023746s ]
SQL: UPDATE `app_pro` SET `hot`=11 WHERE ( `guid` = '1DF5EC29F9AC9462CE163DCDF1F45CB4' ) [ RunTime:0.000345s ]
SQL: SELECT * FROM `app_pro` WHERE ( guid="4BCE14DA7A0E2D32BD8F3B3423B1768B" ) LIMIT 1   [ RunTime:0.016744s ]
SQL: UPDATE `app_pro` SET `hot`=6 WHERE ( `guid` = '4BCE14DA7A0E2D32BD8F3B3423B1768B' ) [ RunTime:0.000255s ]
SQL: SELECT * FROM `app_pro` WHERE ( guid="BD6A319AF56EFC138FDEF4C0AC6357D9" ) LIMIT 1   [ RunTime:0.000280s ]
SQL: UPDATE `app_pro` SET `hot`=7 WHERE ( `guid` = 'BD6A319AF56EFC138FDEF4C0AC6357D9' ) [ RunTime:0.000232s ]

[ 2016-04-03T11:49:14+08:00 ] 183.35.213.18 /index.php/Index/iscode/groupid/43C1549E222DE8BCFD975AEF5F44443A/username/dyyangshan/password/12345678/uuid/CC86BE3B-73D2-4213-807B-123EBFBD792D/type/updata
INFO: [ route_check ] --START--
INFO: CheckRoute Behavior ::run [ RunTime:0.001362s ]
INFO: [ route_check ] --END-- [ RunTime:0.001467s ]
INFO: [ app_begin ] --START--
INFO: ReadHtmlCache Behavior ::run [ RunTime:0.000610s ]
INFO: [ app_begin ] --END-- [ RunTime:0.000694s ]
SQL: SHOW COLUMNS FROM `app_code` [ RunTime:0.001728s ]
SQL: SELECT * FROM `app_code` WHERE ( username="dyyangshan" and password="12345678" and groupid="43C1549E222DE8BCFD975AEF5F44443A" ) LIMIT 1   [ RunTime:0.000719s ]
SQL: SHOW COLUMNS FROM `app_group` [ RunTime:0.001287s ]
SQL: SELECT * FROM `app_group` LIMIT 1   [ RunTime:0.000697s ]

[ 2016-04-03T11:49:37+08:00 ] 183.35.213.18 /index.php/Index/iscode/groupid/43C1549E222DE8BCFD975AEF5F44443A/username/dyyangshan/password/12345678/uuid/CC86BE3B-73D2-4213-807B-123EBFBD792D/type/updata
INFO: [ route_check ] --START--
INFO: CheckRoute Behavior ::run [ RunTime:0.000983s ]
INFO: [ route_check ] --END-- [ RunTime:0.001098s ]
INFO: [ app_begin ] --START--
INFO: ReadHtmlCache Behavior ::run [ RunTime:0.000613s ]
INFO: [ app_begin ] --END-- [ RunTime:0.000697s ]
SQL: SHOW COLUMNS FROM `app_code` [ RunTime:0.001615s ]
SQL: SELECT * FROM `app_code` WHERE ( username="dyyangshan" and password="12345678" and groupid="43C1549E222DE8BCFD975AEF5F44443A" ) LIMIT 1   [ RunTime:0.000709s ]
SQL: SHOW COLUMNS FROM `app_group` [ RunTime:0.001319s ]
SQL: SELECT * FROM `app_group` LIMIT 1   [ RunTime:0.000593s ]

[ 2016-04-03T11:59:07+08:00 ] 183.35.213.18 /index.php/Index/iscode/groupid/43C1549E222DE8BCFD975AEF5F44443A/username/dyyangshan/password/12345678/uuid/CC86BE3B-73D2-4213-807B-123EBFBD792D
INFO: [ route_check ] --START--
INFO: CheckRoute Behavior ::run [ RunTime:0.001536s ]
INFO: [ route_check ] --END-- [ RunTime:0.001658s ]
INFO: [ app_begin ] --START--
INFO: ReadHtmlCache Behavior ::run [ RunTime:0.001204s ]
INFO: [ app_begin ] --END-- [ RunTime:0.001294s ]
SQL: SHOW COLUMNS FROM `app_code` [ RunTime:0.001829s ]
SQL: SELECT * FROM `app_code` WHERE ( username="dyyangshan" and password="12345678" and groupid="43C1549E222DE8BCFD975AEF5F44443A" ) LIMIT 1   [ RunTime:0.000766s ]
SQL: SHOW COLUMNS FROM `app_group` [ RunTime:0.001404s ]
SQL: SELECT * FROM `app_group` LIMIT 1   [ RunTime:0.000741s ]

[ 2016-04-03T11:59:07+08:00 ] 183.35.213.18 /index.php/Uploadprohot
INFO: [ route_check ] --START--
INFO: CheckRoute Behavior ::run [ RunTime:0.000933s ]
INFO: [ route_check ] --END-- [ RunTime:0.001038s ]
INFO: [ app_begin ] --START--
INFO: ReadHtmlCache Behavior ::run [ RunTime:0.000600s ]
INFO: [ app_begin ] --END-- [ RunTime:0.000684s ]
SQL: SHOW COLUMNS FROM `app_pro` [ RunTime:0.002012s ]
SQL: SELECT * FROM `app_pro` WHERE ( guid="1DF5EC29F9AC9462CE163DCDF1F45CB4" ) LIMIT 1   [ RunTime:0.000782s ]
SQL: UPDATE `app_pro` SET `hot`=13 WHERE ( `guid` = '1DF5EC29F9AC9462CE163DCDF1F45CB4' ) [ RunTime:0.000264s ]
SQL: SELECT * FROM `app_pro` WHERE ( guid="4BCE14DA7A0E2D32BD8F3B3423B1768B" ) LIMIT 1   [ RunTime:0.000323s ]
SQL: UPDATE `app_pro` SET `hot`=7 WHERE ( `guid` = '4BCE14DA7A0E2D32BD8F3B3423B1768B' ) [ RunTime:0.000236s ]
SQL: SELECT * FROM `app_pro` WHERE ( guid="BD6A319AF56EFC138FDEF4C0AC6357D9" ) LIMIT 1   [ RunTime:0.000326s ]
SQL: UPDATE `app_pro` SET `hot`=8 WHERE ( `guid` = 'BD6A319AF56EFC138FDEF4C0AC6357D9' ) [ RunTime:0.000233s ]

[ 2016-04-03T11:59:07+08:00 ] 183.35.213.18 /index.php/Index/iscode/groupid/43C1549E222DE8BCFD975AEF5F44443A/username/dyyangshan/password/12345678/uuid/CC86BE3B-73D2-4213-807B-123EBFBD792D/type/updata
INFO: [ route_check ] --START--
INFO: CheckRoute Behavior ::run [ RunTime:0.000958s ]
INFO: [ route_check ] --END-- [ RunTime:0.001060s ]
INFO: [ app_begin ] --START--
INFO: ReadHtmlCache Behavior ::run [ RunTime:0.000606s ]
INFO: [ app_begin ] --END-- [ RunTime:0.000691s ]
SQL: SHOW COLUMNS FROM `app_code` [ RunTime:0.001756s ]
SQL: SELECT * FROM `app_code` WHERE ( username="dyyangshan" and password="12345678" and groupid="43C1549E222DE8BCFD975AEF5F44443A" ) LIMIT 1   [ RunTime:0.000738s ]
SQL: SHOW COLUMNS FROM `app_group` [ RunTime:0.001379s ]
SQL: SELECT * FROM `app_group` LIMIT 1   [ RunTime:0.000617s ]

[ 2016-04-03T11:59:18+08:00 ] 183.35.213.18 /index.php/Index/iscode/groupid/43C1549E222DE8BCFD975AEF5F44443A/username/dyyangshan/password/12345678/uuid/CC86BE3B-73D2-4213-807B-123EBFBD792D/type/updata
INFO: [ route_check ] --START--
INFO: CheckRoute Behavior ::run [ RunTime:0.001027s ]
INFO: [ route_check ] --END-- [ RunTime:0.001135s ]
INFO: [ app_begin ] --START--
INFO: ReadHtmlCache Behavior ::run [ RunTime:0.000621s ]
INFO: [ app_begin ] --END-- [ RunTime:0.000707s ]
SQL: SHOW COLUMNS FROM `app_code` [ RunTime:0.001654s ]
SQL: SELECT * FROM `app_code` WHERE ( username="dyyangshan" and password="12345678" and groupid="43C1549E222DE8BCFD975AEF5F44443A" ) LIMIT 1   [ RunTime:0.000731s ]
SQL: SHOW COLUMNS FROM `app_group` [ RunTime:0.001302s ]
SQL: SELECT * FROM `app_group` LIMIT 1   [ RunTime:0.000612s ]

[ 2016-04-03T15:25:34+08:00 ] 117.136.41.60 /index.php
INFO: [ app_begin ] --START--
INFO: ReadHtmlCache Behavior ::run [ RunTime:0.001396s ]
INFO: [ app_begin ] --END-- [ RunTime:0.001498s ]
INFO: [ view_parse ] --START--
INFO: ParseTemplate Behavior ::run [ RunTime:0.053751s ]
INFO: [ view_parse ] --END-- [ RunTime:0.053891s ]
INFO: [ view_filter ] --START--
INFO: ContentReplace Behavior ::run [ RunTime:0.005794s ]
INFO: TokenBuild Behavior ::run [ RunTime:0.002265s ]
INFO: WriteHtmlCache Behavior ::run [ RunTime:0.001935s ]
INFO: ShowRuntime Behavior ::run [ RunTime:0.002038s ]
INFO: [ view_filter ] --END-- [ RunTime:0.012273s ]
INFO: [ view_end ] --START--
INFO: ShowPageTrace Behavior ::run [ RunTime:0.002426s ]
INFO: [ view_end ] --END-- [ RunTime:0.002506s ]

[ 2016-04-03T15:26:14+08:00 ] 117.136.41.60 /index.php/index/code_login
INFO: [ route_check ] --START--
INFO: CheckRoute Behavior ::run [ RunTime:0.001509s ]
INFO: [ route_check ] --END-- [ RunTime:0.001614s ]
INFO: [ app_begin ] --START--
INFO: ReadHtmlCache Behavior ::run [ RunTime:0.001321s ]
INFO: [ app_begin ] --END-- [ RunTime:0.001398s ]
SQL: SHOW COLUMNS FROM `app_member` [ RunTime:0.021636s ]
SQL: SELECT * FROM `app_member` WHERE ( username="longshu" and password="4297f44b13955235245b2497399d7a93" ) LIMIT 1   [ RunTime:0.000822s ]
SQL: SHOW COLUMNS FROM `app_admin` [ RunTime:0.011433s ]
SQL: SELECT * FROM `app_admin` WHERE ( username="longshu" and password="4297f44b13955235245b2497399d7a93" ) LIMIT 1   [ RunTime:0.000705s ]
SQL: SHOW COLUMNS FROM `app_group` [ RunTime:0.001558s ]
SQL: SELECT * FROM `app_group` WHERE ( `guid` = '436D3F290AFDF8DF9BE1D77C8B4C9E4C' ) LIMIT 1   [ RunTime:0.000692s ]

[ 2016-04-03T15:26:17+08:00 ] 117.136.41.60 /index.php/Index/
INFO: [ route_check ] --START--
INFO: CheckRoute Behavior ::run [ RunTime:0.000937s ]
INFO: [ route_check ] --END-- [ RunTime:0.001043s ]
INFO: [ app_begin ] --START--
INFO: ReadHtmlCache Behavior ::run [ RunTime:0.001326s ]
INFO: [ app_begin ] --END-- [ RunTime:0.001411s ]

[ 2016-04-03T15:33:42+08:00 ] 113.78.214.26 /index.php/Index/iscode/groupid/43C1549E222DE8BCFD975AEF5F44443A/username/10769510/password/12345678/uuid/533D2876-B9EC-493A-8A79-881585BF3215
INFO: [ route_check ] --START--
INFO: CheckRoute Behavior ::run [ RunTime:0.001702s ]
INFO: [ route_check ] --END-- [ RunTime:0.001808s ]
INFO: [ app_begin ] --START--
INFO: ReadHtmlCache Behavior ::run [ RunTime:0.001319s ]
INFO: [ app_begin ] --END-- [ RunTime:0.001405s ]
SQL: SHOW COLUMNS FROM `app_code` [ RunTime:0.001864s ]
SQL: SELECT * FROM `app_code` WHERE ( username="10769510" and password="12345678" and groupid="43C1549E222DE8BCFD975AEF5F44443A" ) LIMIT 1   [ RunTime:0.000736s ]
SQL: SHOW COLUMNS FROM `app_group` [ RunTime:0.001512s ]
SQL: SELECT * FROM `app_group` LIMIT 1   [ RunTime:0.000642s ]

[ 2016-04-03T15:33:43+08:00 ] 113.78.214.26 /index.php/Index/iscode/groupid/43C1549E222DE8BCFD975AEF5F44443A/username/10769510/password/12345678/uuid/533D2876-B9EC-493A-8A79-881585BF3215/type/updata
INFO: [ route_check ] --START--
INFO: CheckRoute Behavior ::run [ RunTime:0.001644s ]
INFO: [ route_check ] --END-- [ RunTime:0.001770s ]
INFO: [ app_begin ] --START--
INFO: ReadHtmlCache Behavior ::run [ RunTime:0.001317s ]
INFO: [ app_begin ] --END-- [ RunTime:0.001402s ]
SQL: SHOW COLUMNS FROM `app_code` [ RunTime:0.002211s ]
SQL: SELECT * FROM `app_code` WHERE ( username="10769510" and password="12345678" and groupid="43C1549E222DE8BCFD975AEF5F44443A" ) LIMIT 1   [ RunTime:0.000756s ]
SQL: SHOW COLUMNS FROM `app_group` [ RunTime:0.001321s ]
SQL: SELECT * FROM `app_group` LIMIT 1   [ RunTime:0.000722s ]

[ 2016-04-03T15:37:43+08:00 ] 39.128.175.163 /index.php/Index/iscode/groupid/43C1549E222DE8BCFD975AEF5F44443A/username/dongya010/password/12345678/uuid/34FC33F8-CD10-4632-814F-7D5C895EF731
INFO: [ route_check ] --START--
INFO: CheckRoute Behavior ::run [ RunTime:0.001685s ]
INFO: [ route_check ] --END-- [ RunTime:0.001793s ]
INFO: [ app_begin ] --START--
INFO: ReadHtmlCache Behavior ::run [ RunTime:0.001067s ]
INFO: [ app_begin ] --END-- [ RunTime:0.001153s ]
SQL: SHOW COLUMNS FROM `app_code` [ RunTime:0.002217s ]
SQL: SELECT * FROM `app_code` WHERE ( username="dongya010" and password="12345678" and groupid="43C1549E222DE8BCFD975AEF5F44443A" ) LIMIT 1   [ RunTime:0.000857s ]
SQL: SHOW COLUMNS FROM `app_group` [ RunTime:0.001550s ]
SQL: SELECT * FROM `app_group` WHERE ( `guid` = '43C1549E222DE8BCFD975AEF5F44443A' ) LIMIT 1   [ RunTime:0.000639s ]
SQL: UPDATE `app_code` SET `uuid`='34FC33F8-CD10-4632-814F-7D5C895EF731',`binding`=0 WHERE ( `guid` = 'BC561E52860D4F0197FA769C5457056E' ) [ RunTime:0.000330s ]
NOTIC: [8] Undefined index:  type D:\PHPnow\htdocs\dongya\Lib\Action\IndexAction.class.php 第 74 行.

[ 2016-04-03T15:37:43+08:00 ] 39.128.175.163 /index.php/Uploadprohot
INFO: [ route_check ] --START--
INFO: CheckRoute Behavior ::run [ RunTime:0.001913s ]
INFO: [ route_check ] --END-- [ RunTime:0.002018s ]
INFO: [ app_begin ] --START--
INFO: ReadHtmlCache Behavior ::run [ RunTime:0.000921s ]
INFO: [ app_begin ] --END-- [ RunTime:0.001035s ]
SQL: SHOW COLUMNS FROM `app_pro` [ RunTime:0.002184s ]
SQL: SELECT * FROM `app_pro` WHERE ( guid="CA44D866E5EC4F959B9A9FB2D8864875" ) LIMIT 1   [ RunTime:0.000769s ]
SQL: UPDATE `app_pro` SET `hot`=21 WHERE ( `guid` = 'CA44D866E5EC4F959B9A9FB2D8864875' ) [ RunTime:0.000276s ]
SQL: SELECT * FROM `app_pro` WHERE ( guid="5E3A484FBCB2480D8A1B205CA3C4C3DC" ) LIMIT 1   [ RunTime:0.000280s ]
SQL: UPDATE `app_pro` SET `hot`=12 WHERE ( `guid` = '5E3A484FBCB2480D8A1B205CA3C4C3DC' ) [ RunTime:0.000241s ]

[ 2016-04-03T15:37:44+08:00 ] 39.128.175.163 /index.php/Index/iscode/groupid/43C1549E222DE8BCFD975AEF5F44443A/username/dongya010/password/12345678/uuid/34FC33F8-CD10-4632-814F-7D5C895EF731/type/updata
INFO: [ route_check ] --START--
INFO: CheckRoute Behavior ::run [ RunTime:0.001947s ]
INFO: [ route_check ] --END-- [ RunTime:0.002064s ]
INFO: [ app_begin ] --START--
INFO: ReadHtmlCache Behavior ::run [ RunTime:0.000983s ]
INFO: [ app_begin ] --END-- [ RunTime:0.001072s ]
SQL: SHOW COLUMNS FROM `app_code` [ RunTime:0.001651s ]
SQL: SELECT * FROM `app_code` WHERE ( username="dongya010" and password="12345678" and groupid="43C1549E222DE8BCFD975AEF5F44443A" ) LIMIT 1   [ RunTime:0.000719s ]
SQL: SHOW COLUMNS FROM `app_group` [ RunTime:0.001338s ]
SQL: SELECT * FROM `app_group` WHERE ( `guid` = '43C1549E222DE8BCFD975AEF5F44443A' ) LIMIT 1   [ RunTime:0.000625s ]
SQL: UPDATE `app_code` SET `uuid`='34FC33F8-CD10-4632-814F-7D5C895EF731',`binding`=0 WHERE ( `guid` = 'BC561E52860D4F0197FA769C5457056E' ) [ RunTime:0.000243s ]

[ 2016-04-03T15:37:49+08:00 ] 39.128.175.163 /index.php/Index/iscode/groupid/43C1549E222DE8BCFD975AEF5F44443A/username/dongya010/password/12345678/uuid/34FC33F8-CD10-4632-814F-7D5C895EF731/type/updata
INFO: [ route_check ] --START--
INFO: CheckRoute Behavior ::run [ RunTime:0.001717s ]
INFO: [ route_check ] --END-- [ RunTime:0.001821s ]
INFO: [ app_begin ] --START--
INFO: ReadHtmlCache Behavior ::run [ RunTime:0.000801s ]
INFO: [ app_begin ] --END-- [ RunTime:0.000888s ]
SQL: SHOW COLUMNS FROM `app_code` [ RunTime:0.001650s ]
SQL: SELECT * FROM `app_code` WHERE ( username="dongya010" and password="12345678" and groupid="43C1549E222DE8BCFD975AEF5F44443A" ) LIMIT 1   [ RunTime:0.000706s ]
SQL: SHOW COLUMNS FROM `app_group` [ RunTime:0.001422s ]
SQL: SELECT * FROM `app_group` WHERE ( `guid` = '43C1549E222DE8BCFD975AEF5F44443A' ) LIMIT 1   [ RunTime:0.000628s ]
SQL: UPDATE `app_code` SET `uuid`='34FC33F8-CD10-4632-814F-7D5C895EF731',`binding`=0 WHERE ( `guid` = 'BC561E52860D4F0197FA769C5457056E' ) [ RunTime:0.000242s ]

[ 2016-04-03T16:20:41+08:00 ] 112.64.235.245 /index.php
INFO: [ app_begin ] --START--
INFO: ReadHtmlCache Behavior ::run [ RunTime:0.001474s ]
INFO: [ app_begin ] --END-- [ RunTime:0.001582s ]
INFO: [ view_parse ] --START--
INFO: ParseTemplate Behavior ::run [ RunTime:0.012606s ]
INFO: [ view_parse ] --END-- [ RunTime:0.012702s ]
INFO: [ view_filter ] --START--
INFO: ContentReplace Behavior ::run [ RunTime:0.001106s ]
INFO: TokenBuild Behavior ::run [ RunTime:0.001268s ]
INFO: WriteHtmlCache Behavior ::run [ RunTime:0.000993s ]
INFO: ShowRuntime Behavior ::run [ RunTime:0.001212s ]
INFO: [ view_filter ] --END-- [ RunTime:0.004805s ]
INFO: [ view_end ] --START--
INFO: ShowPageTrace Behavior ::run [ RunTime:0.001383s ]
INFO: [ view_end ] --END-- [ RunTime:0.001462s ]

[ 2016-04-03T16:21:00+08:00 ] 119.147.21.145 /index.php
INFO: [ app_begin ] --START--
INFO: ReadHtmlCache Behavior ::run [ RunTime:0.001427s ]
INFO: [ app_begin ] --END-- [ RunTime:0.001534s ]
INFO: [ view_parse ] --START--
INFO: ParseTemplate Behavior ::run [ RunTime:0.012149s ]
INFO: [ view_parse ] --END-- [ RunTime:0.012271s ]
INFO: [ view_filter ] --START--
INFO: ContentReplace Behavior ::run [ RunTime:0.001119s ]
INFO: TokenBuild Behavior ::run [ RunTime:0.001134s ]
INFO: WriteHtmlCache Behavior ::run [ RunTime:0.001056s ]
INFO: ShowRuntime Behavior ::run [ RunTime:0.001239s ]
INFO: [ view_filter ] --END-- [ RunTime:0.004791s ]
INFO: [ view_end ] --START--
INFO: ShowPageTrace Behavior ::run [ RunTime:0.001637s ]
INFO: [ view_end ] --END-- [ RunTime:0.001728s ]

[ 2016-04-03T16:21:00+08:00 ] 117.136.41.60 /index.php
INFO: [ app_begin ] --START--
INFO: ReadHtmlCache Behavior ::run [ RunTime:0.001394s ]
INFO: [ app_begin ] --END-- [ RunTime:0.001503s ]
INFO: [ view_parse ] --START--
INFO: ParseTemplate Behavior ::run [ RunTime:0.012537s ]
INFO: [ view_parse ] --END-- [ RunTime:0.012647s ]
INFO: [ view_filter ] --START--
INFO: ContentReplace Behavior ::run [ RunTime:0.001165s ]
INFO: TokenBuild Behavior ::run [ RunTime:0.001174s ]
INFO: WriteHtmlCache Behavior ::run [ RunTime:0.000999s ]
INFO: ShowRuntime Behavior ::run [ RunTime:0.001241s ]
INFO: [ view_filter ] --END-- [ RunTime:0.004807s ]
INFO: [ view_end ] --START--
INFO: ShowPageTrace Behavior ::run [ RunTime:0.001410s ]
INFO: [ view_end ] --END-- [ RunTime:0.001490s ]

[ 2016-04-03T16:21:47+08:00 ] 115.172.6.207 /index.php
INFO: [ app_begin ] --START--
INFO: ReadHtmlCache Behavior ::run [ RunTime:0.001379s ]
INFO: [ app_begin ] --END-- [ RunTime:0.001500s ]
INFO: [ view_parse ] --START--
INFO: ParseTemplate Behavior ::run [ RunTime:0.011979s ]
INFO: [ view_parse ] --END-- [ RunTime:0.012092s ]
INFO: [ view_filter ] --START--
INFO: ContentReplace Behavior ::run [ RunTime:0.001262s ]
INFO: TokenBuild Behavior ::run [ RunTime:0.001172s ]
INFO: WriteHtmlCache Behavior ::run [ RunTime:0.001006s ]
INFO: ShowRuntime Behavior ::run [ RunTime:0.001466s ]
INFO: [ view_filter ] --END-- [ RunTime:0.005166s ]
INFO: [ view_end ] --START--
INFO: ShowPageTrace Behavior ::run [ RunTime:0.001636s ]
INFO: [ view_end ] --END-- [ RunTime:0.001717s ]

[ 2016-04-03T16:22:03+08:00 ] 115.172.6.207 /index.php/index/code_login
INFO: [ route_check ] --START--
INFO: CheckRoute Behavior ::run [ RunTime:0.001840s ]
INFO: [ route_check ] --END-- [ RunTime:0.001962s ]
INFO: [ app_begin ] --START--
INFO: ReadHtmlCache Behavior ::run [ RunTime:0.001484s ]
INFO: [ app_begin ] --END-- [ RunTime:0.001567s ]
SQL: SHOW COLUMNS FROM `app_member` [ RunTime:0.001838s ]
SQL: SELECT * FROM `app_member` WHERE ( username="longshu" and password="4297f44b13955235245b2497399d7a93" ) LIMIT 1   [ RunTime:0.000767s ]
SQL: SHOW COLUMNS FROM `app_admin` [ RunTime:0.001534s ]
SQL: SELECT * FROM `app_admin` WHERE ( username="longshu" and password="4297f44b13955235245b2497399d7a93" ) LIMIT 1   [ RunTime:0.000622s ]
SQL: SHOW COLUMNS FROM `app_group` [ RunTime:0.001462s ]
SQL: SELECT * FROM `app_group` WHERE ( `guid` = '436D3F290AFDF8DF9BE1D77C8B4C9E4C' ) LIMIT 1   [ RunTime:0.000653s ]

[ 2016-04-03T16:22:03+08:00 ] 115.172.6.207 /index.php/Index/
INFO: [ route_check ] --START--
INFO: CheckRoute Behavior ::run [ RunTime:0.001733s ]
INFO: [ route_check ] --END-- [ RunTime:0.001875s ]
INFO: [ app_begin ] --START--
INFO: ReadHtmlCache Behavior ::run [ RunTime:0.001462s ]
INFO: [ app_begin ] --END-- [ RunTime:0.001578s ]

[ 2016-04-03T16:55:48+08:00 ] 14.218.189.44 /index.php/Index/iscode/groupid/43C1549E222DE8BCFD975AEF5F44443A/username/dongya012/password/12345678/uuid/FA37CD7A-E286-4532-94B0-7AF39692F9F1
INFO: [ route_check ] --START--
INFO: CheckRoute Behavior ::run [ RunTime:0.001371s ]
INFO: [ route_check ] --END-- [ RunTime:0.001478s ]
INFO: [ app_begin ] --START--
INFO: ReadHtmlCache Behavior ::run [ RunTime:0.001367s ]
INFO: [ app_begin ] --END-- [ RunTime:0.001454s ]
SQL: SHOW COLUMNS FROM `app_code` [ RunTime:0.001579s ]
SQL: SELECT * FROM `app_code` WHERE ( username="dongya012" and password="12345678" and groupid="43C1549E222DE8BCFD975AEF5F44443A" ) LIMIT 1   [ RunTime:0.000721s ]
SQL: SHOW COLUMNS FROM `app_group` [ RunTime:0.001303s ]
SQL: SELECT * FROM `app_group` WHERE ( `guid` = '43C1549E222DE8BCFD975AEF5F44443A' ) LIMIT 1   [ RunTime:0.000627s ]
SQL: UPDATE `app_code` SET `uuid`='FA37CD7A-E286-4532-94B0-7AF39692F9F1',`binding`=0 WHERE ( `guid` = 'AD3BAF299DDC48CC88F286D3803F56F8' ) [ RunTime:0.000246s ]
NOTIC: [8] Undefined index:  type D:\PHPnow\htdocs\dongya\Lib\Action\IndexAction.class.php 第 74 行.

[ 2016-04-03T16:55:48+08:00 ] 14.218.189.44 /index.php/Uploadprohot
INFO: [ route_check ] --START--
INFO: CheckRoute Behavior ::run [ RunTime:0.000929s ]
INFO: [ route_check ] --END-- [ RunTime:0.001034s ]
INFO: [ app_begin ] --START--
INFO: ReadHtmlCache Behavior ::run [ RunTime:0.001352s ]
INFO: [ app_begin ] --END-- [ RunTime:0.001436s ]
SQL: SHOW COLUMNS FROM `app_pro` [ RunTime:0.001887s ]
SQL: SELECT * FROM `app_pro` WHERE ( guid="CA44D866E5EC4F959B9A9FB2D8864875" ) LIMIT 1   [ RunTime:0.000763s ]
SQL: UPDATE `app_pro` SET `hot`=22 WHERE ( `guid` = 'CA44D866E5EC4F959B9A9FB2D8864875' ) [ RunTime:0.000272s ]
SQL: SELECT * FROM `app_pro` WHERE ( guid="5D622616AE824F739D4C1770B5683665" ) LIMIT 1   [ RunTime:0.000281s ]
SQL: UPDATE `app_pro` SET `hot`=13 WHERE ( `guid` = '5D622616AE824F739D4C1770B5683665' ) [ RunTime:0.000234s ]
SQL: SELECT * FROM `app_pro` WHERE ( guid="76C1D5D508F23F100D2BA97CEDD310E9" ) LIMIT 1   [ RunTime:0.000270s ]
SQL: UPDATE `app_pro` SET `hot`=1 WHERE ( `guid` = '76C1D5D508F23F100D2BA97CEDD310E9' ) [ RunTime:0.000228s ]

[ 2016-04-03T16:55:48+08:00 ] 14.218.189.44 /index.php/Index/iscode/groupid/43C1549E222DE8BCFD975AEF5F44443A/username/dongya012/password/12345678/uuid/FA37CD7A-E286-4532-94B0-7AF39692F9F1/type/updata
INFO: [ route_check ] --START--
INFO: CheckRoute Behavior ::run [ RunTime:0.000926s ]
INFO: [ route_check ] --END-- [ RunTime:0.001031s ]
INFO: [ app_begin ] --START--
INFO: ReadHtmlCache Behavior ::run [ RunTime:0.001329s ]
INFO: [ app_begin ] --END-- [ RunTime:0.001414s ]
SQL: SHOW COLUMNS FROM `app_code` [ RunTime:0.001691s ]
SQL: SELECT * FROM `app_code` WHERE ( username="dongya012" and password="12345678" and groupid="43C1549E222DE8BCFD975AEF5F44443A" ) LIMIT 1   [ RunTime:0.000721s ]
SQL: SHOW COLUMNS FROM `app_group` [ RunTime:0.001910s ]
SQL: SELECT * FROM `app_group` WHERE ( `guid` = '43C1549E222DE8BCFD975AEF5F44443A' ) LIMIT 1   [ RunTime:0.000916s ]
SQL: UPDATE `app_code` SET `uuid`='FA37CD7A-E286-4532-94B0-7AF39692F9F1',`binding`=0 WHERE ( `guid` = 'AD3BAF299DDC48CC88F286D3803F56F8' ) [ RunTime:0.000279s ]

[ 2016-04-03T17:16:28+08:00 ] 119.141.189.3 /index.php/Index/iscode/groupid/43C1549E222DE8BCFD975AEF5F44443A/username/dongya/password/12345678/uuid/C85F80C0-9E77-4B3B-940F-6FE03BB966C2
INFO: [ route_check ] --START--
INFO: CheckRoute Behavior ::run [ RunTime:0.001353s ]
INFO: [ route_check ] --END-- [ RunTime:0.001477s ]
INFO: [ app_begin ] --START--
INFO: ReadHtmlCache Behavior ::run [ RunTime:0.001335s ]
INFO: [ app_begin ] --END-- [ RunTime:0.001421s ]
SQL: SHOW COLUMNS FROM `app_code` [ RunTime:0.001907s ]
SQL: SELECT * FROM `app_code` WHERE ( username="dongya" and password="12345678" and groupid="43C1549E222DE8BCFD975AEF5F44443A" ) LIMIT 1   [ RunTime:0.000712s ]
SQL: SHOW COLUMNS FROM `app_group` [ RunTime:0.001502s ]
SQL: SELECT * FROM `app_group` LIMIT 1   [ RunTime:0.000605s ]

[ 2016-04-03T17:16:28+08:00 ] 119.141.189.3 /index.php/Uploadprohot
INFO: [ route_check ] --START--
INFO: CheckRoute Behavior ::run [ RunTime:0.000930s ]
INFO: [ route_check ] --END-- [ RunTime:0.001033s ]
INFO: [ app_begin ] --START--
INFO: ReadHtmlCache Behavior ::run [ RunTime:0.001331s ]
INFO: [ app_begin ] --END-- [ RunTime:0.001412s ]
SQL: SHOW COLUMNS FROM `app_pro` [ RunTime:0.002107s ]
SQL: SELECT * FROM `app_pro` WHERE ( guid="482B0C218653D6D93DAAED449E92DC13" ) LIMIT 1   [ RunTime:0.000722s ]
SQL: SELECT * FROM `app_pro` WHERE ( guid="1B36FC1023FC02A8B96D7A97653D6233" ) LIMIT 1   [ RunTime:0.000245s ]
SQL: SELECT * FROM `app_pro` WHERE ( guid="08F54CB1ADF8FB9642EA599EA3CD0D35" ) LIMIT 1   [ RunTime:0.000281s ]
SQL: UPDATE `app_pro` SET `hot`=13 WHERE ( `guid` = '08F54CB1ADF8FB9642EA599EA3CD0D35' ) [ RunTime:0.000278s ]
SQL: SELECT * FROM `app_pro` WHERE ( guid="AAB5C5F382CE4CA9630A8BD99905E1FC" ) LIMIT 1   [ RunTime:0.000275s ]
SQL: UPDATE `app_pro` SET `hot`=13 WHERE ( `guid` = 'AAB5C5F382CE4CA9630A8BD99905E1FC' ) [ RunTime:0.000229s ]
SQL: SELECT * FROM `app_pro` WHERE ( guid="9BA2938C0736B58929BEF93ED4793B92" ) LIMIT 1   [ RunTime:0.000245s ]
SQL: SELECT * FROM `app_pro` WHERE ( guid="BB080642D4B2254A6ECE9788D722CCF5" ) LIMIT 1   [ RunTime:0.000255s ]
SQL: UPDATE `app_pro` SET `hot`=9 WHERE ( `guid` = 'BB080642D4B2254A6ECE9788D722CCF5' ) [ RunTime:0.000218s ]
SQL: SELECT * FROM `app_pro` WHERE ( guid="8DC685DE72110D6365CADD2320D759D6" ) LIMIT 1   [ RunTime:0.000263s ]
SQL: UPDATE `app_pro` SET `hot`=4 WHERE ( `guid` = '8DC685DE72110D6365CADD2320D759D6' ) [ RunTime:0.000221s ]
SQL: SELECT * FROM `app_pro` WHERE ( guid="DEE0F763137A2F1AC39BDD8B054963F0" ) LIMIT 1   [ RunTime:0.000260s ]
SQL: UPDATE `app_pro` SET `hot`=4 WHERE ( `guid` = 'DEE0F763137A2F1AC39BDD8B054963F0' ) [ RunTime:0.000220s ]
SQL: SELECT * FROM `app_pro` WHERE ( guid="39EB8B916490791258A31928D558D11F" ) LIMIT 1   [ RunTime:0.000263s ]
SQL: UPDATE `app_pro` SET `hot`=2 WHERE ( `guid` = '39EB8B916490791258A31928D558D11F' ) [ RunTime:0.000222s ]
SQL: SELECT * FROM `app_pro` WHERE ( guid="C1C1AB0CD7FBA65BFB4D3BE9118AB798" ) LIMIT 1   [ RunTime:0.000261s ]
SQL: UPDATE `app_pro` SET `hot`=2 WHERE ( `guid` = 'C1C1AB0CD7FBA65BFB4D3BE9118AB798' ) [ RunTime:0.000220s ]

[ 2016-04-03T17:16:28+08:00 ] 119.141.189.3 /index.php/Index/iscode/groupid/43C1549E222DE8BCFD975AEF5F44443A/username/dongya/password/12345678/uuid/C85F80C0-9E77-4B3B-940F-6FE03BB966C2/type/updata
INFO: [ route_check ] --START--
INFO: CheckRoute Behavior ::run [ RunTime:0.000966s ]
INFO: [ route_check ] --END-- [ RunTime:0.001084s ]
INFO: [ app_begin ] --START--
INFO: ReadHtmlCache Behavior ::run [ RunTime:0.001382s ]
INFO: [ app_begin ] --END-- [ RunTime:0.001471s ]
SQL: SHOW COLUMNS FROM `app_code` [ RunTime:0.001958s ]
SQL: SELECT * FROM `app_code` WHERE ( username="dongya" and password="12345678" and groupid="43C1549E222DE8BCFD975AEF5F44443A" ) LIMIT 1   [ RunTime:0.000781s ]
SQL: SHOW COLUMNS FROM `app_group` [ RunTime:0.001326s ]
SQL: SELECT * FROM `app_group` LIMIT 1   [ RunTime:0.000615s ]

[ 2016-04-03T18:20:03+08:00 ] 110.211.167.18 /index.php/Index/iscode/groupid/43C1549E222DE8BCFD975AEF5F44443A/username/123456789/password/123456/uuid/DEBA6C42-D76A-4CC3-8437-768108F28B0D
INFO: [ route_check ] --START--
INFO: CheckRoute Behavior ::run [ RunTime:0.001708s ]
INFO: [ route_check ] --END-- [ RunTime:0.001829s ]
INFO: [ app_begin ] --START--
INFO: ReadHtmlCache Behavior ::run [ RunTime:0.001464s ]
INFO: [ app_begin ] --END-- [ RunTime:0.001557s ]
SQL: SHOW COLUMNS FROM `app_code` [ RunTime:0.001860s ]
SQL: SELECT * FROM `app_code` WHERE ( username="123456789" and password="123456" and groupid="43C1549E222DE8BCFD975AEF5F44443A" ) LIMIT 1   [ RunTime:0.000850s ]
SQL: SHOW COLUMNS FROM `app_group` [ RunTime:0.001662s ]
SQL: SELECT * FROM `app_group` LIMIT 1   [ RunTime:0.000628s ]

[ 2016-04-03T18:20:03+08:00 ] 110.211.167.18 /index.php/Uploadprohot
INFO: [ route_check ] --START--
INFO: CheckRoute Behavior ::run [ RunTime:0.002646s ]
INFO: [ route_check ] --END-- [ RunTime:0.002822s ]
INFO: [ app_begin ] --START--
INFO: ReadHtmlCache Behavior ::run [ RunTime:0.001562s ]
INFO: [ app_begin ] --END-- [ RunTime:0.001682s ]
SQL: SHOW COLUMNS FROM `app_pro` [ RunTime:0.002108s ]
SQL: SELECT * FROM `app_pro` WHERE ( guid="3BFEE9A06DAD7BE04A177FCA9665EA0A" ) LIMIT 1   [ RunTime:0.000776s ]
SQL: UPDATE `app_pro` SET `hot`=2 WHERE ( `guid` = '3BFEE9A06DAD7BE04A177FCA9665EA0A' ) [ RunTime:0.000278s ]
SQL: SELECT * FROM `app_pro` WHERE ( guid="066B900FD221F5E0376B9FC8B041625A" ) LIMIT 1   [ RunTime:0.000281s ]
SQL: UPDATE `app_pro` SET `hot`=4 WHERE ( `guid` = '066B900FD221F5E0376B9FC8B041625A' ) [ RunTime:0.000261s ]

[ 2016-04-03T18:20:03+08:00 ] 110.211.167.18 /index.php/Index/iscode/groupid/43C1549E222DE8BCFD975AEF5F44443A/username/123456789/password/123456/uuid/DEBA6C42-D76A-4CC3-8437-768108F28B0D/type/updata
INFO: [ route_check ] --START--
INFO: CheckRoute Behavior ::run [ RunTime:0.001671s ]
INFO: [ route_check ] --END-- [ RunTime:0.001806s ]
INFO: [ app_begin ] --START--
INFO: ReadHtmlCache Behavior ::run [ RunTime:0.001394s ]
INFO: [ app_begin ] --END-- [ RunTime:0.001480s ]
SQL: SHOW COLUMNS FROM `app_code` [ RunTime:0.001770s ]
SQL: SELECT * FROM `app_code` WHERE ( username="123456789" and password="123456" and groupid="43C1549E222DE8BCFD975AEF5F44443A" ) LIMIT 1   [ RunTime:0.000734s ]
SQL: SHOW COLUMNS FROM `app_group` [ RunTime:0.001342s ]
SQL: SELECT * FROM `app_group` LIMIT 1   [ RunTime:0.000716s ]

[ 2016-04-03T19:09:22+08:00 ] 14.112.160.184 /index.php/Index/iscode/groupid/43C1549E222DE8BCFD975AEF5F44443A/username/2075741/password/12345678/uuid/9AAD2CE2-0B56-445C-B966-FA390D7F90D6
INFO: [ route_check ] --START--
INFO: CheckRoute Behavior ::run [ RunTime:0.003195s ]
INFO: [ route_check ] --END-- [ RunTime:0.003314s ]
INFO: [ app_begin ] --START--
INFO: ReadHtmlCache Behavior ::run [ RunTime:0.002839s ]
INFO: [ app_begin ] --END-- [ RunTime:0.002927s ]
SQL: SHOW COLUMNS FROM `app_code` [ RunTime:0.032825s ]
SQL: SELECT * FROM `app_code` WHERE ( username="2075741" and password="12345678" and groupid="43C1549E222DE8BCFD975AEF5F44443A" ) LIMIT 1   [ RunTime:0.010983s ]
SQL: SHOW COLUMNS FROM `app_group` [ RunTime:0.008384s ]
SQL: SELECT * FROM `app_group` LIMIT 1   [ RunTime:0.000788s ]

[ 2016-04-03T19:09:23+08:00 ] 14.112.160.184 /index.php/Uploadprohot
INFO: [ route_check ] --START--
INFO: CheckRoute Behavior ::run [ RunTime:0.000966s ]
INFO: [ route_check ] --END-- [ RunTime:0.001083s ]
INFO: [ app_begin ] --START--
INFO: ReadHtmlCache Behavior ::run [ RunTime:0.001321s ]
INFO: [ app_begin ] --END-- [ RunTime:0.001407s ]
SQL: SHOW COLUMNS FROM `app_pro` [ RunTime:0.020768s ]
SQL: SELECT * FROM `app_pro` WHERE ( guid="6B504B85F1E76BF3065B98022D8A72D5" ) LIMIT 1   [ RunTime:0.018562s ]
SQL: UPDATE `app_pro` SET `hot`=5 WHERE ( `guid` = '6B504B85F1E76BF3065B98022D8A72D5' ) [ RunTime:0.001334s ]
SQL: SELECT * FROM `app_pro` WHERE ( guid="734CBC2D9444510250A8CFCFAE8A526D" ) LIMIT 1   [ RunTime:0.022243s ]
SQL: UPDATE `app_pro` SET `hot`=3 WHERE ( `guid` = '734CBC2D9444510250A8CFCFAE8A526D' ) [ RunTime:0.000380s ]
SQL: SELECT * FROM `app_pro` WHERE ( guid="1FA25C5544ADD3CD03DFB00A31EF9D1E" ) LIMIT 1   [ RunTime:0.001600s ]
SQL: UPDATE `app_pro` SET `hot`=3 WHERE ( `guid` = '1FA25C5544ADD3CD03DFB00A31EF9D1E' ) [ RunTime:0.000272s ]
SQL: SELECT * FROM `app_pro` WHERE ( guid="032AABB7BA0EDC87D16F3D3B5801294C" ) LIMIT 1   [ RunTime:0.000300s ]
SQL: UPDATE `app_pro` SET `hot`=8 WHERE ( `guid` = '032AABB7BA0EDC87D16F3D3B5801294C' ) [ RunTime:0.000243s ]
SQL: SELECT * FROM `app_pro` WHERE ( guid="482B0C218653D6D93DAAED449E92DC13" ) LIMIT 1   [ RunTime:0.000250s ]
SQL: SELECT * FROM `app_pro` WHERE ( guid="1B36FC1023FC02A8B96D7A97653D6233" ) LIMIT 1   [ RunTime:0.000270s ]
SQL: SELECT * FROM `app_pro` WHERE ( guid="DF41842ED3B805070B03F6529F29B7F8" ) LIMIT 1   [ RunTime:0.000247s ]
SQL: SELECT * FROM `app_pro` WHERE ( guid="328FA3AB2CF3056A76D595AD079422BE" ) LIMIT 1   [ RunTime:0.000258s ]
SQL: UPDATE `app_pro` SET `hot`=4 WHERE ( `guid` = '328FA3AB2CF3056A76D595AD079422BE' ) [ RunTime:0.000228s ]
SQL: SELECT * FROM `app_pro` WHERE ( guid="1BDD0617E5AF4EDE9D5982BE9536FB36" ) LIMIT 1   [ RunTime:0.002433s ]
SQL: UPDATE `app_pro` SET `hot`=11 WHERE ( `guid` = '1BDD0617E5AF4EDE9D5982BE9536FB36' ) [ RunTime:0.000231s ]
SQL: SELECT * FROM `app_pro` WHERE ( guid="5E3A484FBCB2480D8A1B205CA3C4C3DC" ) LIMIT 1   [ RunTime:0.000293s ]
SQL: UPDATE `app_pro` SET `hot`=13 WHERE ( `guid` = '5E3A484FBCB2480D8A1B205CA3C4C3DC' ) [ RunTime:0.000221s ]
SQL: SELECT * FROM `app_pro` WHERE ( guid="A26A337292F04A76B0396CAFE4CA3BA8" ) LIMIT 1   [ RunTime:0.000277s ]
SQL: UPDATE `app_pro` SET `hot`=9 WHERE ( `guid` = 'A26A337292F04A76B0396CAFE4CA3BA8' ) [ RunTime:0.000223s ]
SQL: SELECT * FROM `app_pro` WHERE ( guid="DD8C29E3BE67BFDF7E3F39E18520DF59" ) LIMIT 1   [ RunTime:0.000267s ]
SQL: UPDATE `app_pro` SET `hot`=10 WHERE ( `guid` = 'DD8C29E3BE67BFDF7E3F39E18520DF59' ) [ RunTime:0.000224s ]
SQL: SELECT * FROM `app_pro` WHERE ( guid="533B0B2E58E8005CE94DB842F2E5B686" ) LIMIT 1   [ RunTime:0.000263s ]
SQL: UPDATE `app_pro` SET `hot`=6 WHERE ( `guid` = '533B0B2E58E8005CE94DB842F2E5B686' ) [ RunTime:0.000221s ]
SQL: SELECT * FROM `app_pro` WHERE ( guid="88134345BA30468FAFEE816A6C7DC053" ) LIMIT 1   [ RunTime:0.000266s ]
SQL: UPDATE `app_pro` SET `hot`=5 WHERE ( `guid` = '88134345BA30468FAFEE816A6C7DC053' ) [ RunTime:0.000220s ]
SQL: SELECT * FROM `app_pro` WHERE ( guid="42B0018D884D40659978F47F6C01DC39" ) LIMIT 1   [ RunTime:0.000261s ]
SQL: UPDATE `app_pro` SET `hot`=3 WHERE ( `guid` = '42B0018D884D40659978F47F6C01DC39' ) [ RunTime:0.000222s ]
SQL: SELECT * FROM `app_pro` WHERE ( guid="1DF5EC29F9AC9462CE163DCDF1F45CB4" ) LIMIT 1   [ RunTime:0.000257s ]
SQL: UPDATE `app_pro` SET `hot`=14 WHERE ( `guid` = '1DF5EC29F9AC9462CE163DCDF1F45CB4' ) [ RunTime:0.000213s ]
SQL: SELECT * FROM `app_pro` WHERE ( guid="921DC0144E1E597BDE934BA871B19984" ) LIMIT 1   [ RunTime:0.000266s ]
SQL: UPDATE `app_pro` SET `hot`=4 WHERE ( `guid` = '921DC0144E1E597BDE934BA871B19984' ) [ RunTime:0.000224s ]
SQL: SELECT * FROM `app_pro` WHERE ( guid="DEE0F763137A2F1AC39BDD8B054963F0" ) LIMIT 1   [ RunTime:0.000259s ]
SQL: UPDATE `app_pro` SET `hot`=5 WHERE ( `guid` = 'DEE0F763137A2F1AC39BDD8B054963F0' ) [ RunTime:0.000222s ]

[ 2016-04-03T19:09:23+08:00 ] 14.112.160.184 /index.php/Index/iscode/groupid/43C1549E222DE8BCFD975AEF5F44443A/username/2075741/password/12345678/uuid/9AAD2CE2-0B56-445C-B966-FA390D7F90D6/type/updata
INFO: [ route_check ] --START--
INFO: CheckRoute Behavior ::run [ RunTime:0.000925s ]
INFO: [ route_check ] --END-- [ RunTime:0.001032s ]
INFO: [ app_begin ] --START--
INFO: ReadHtmlCache Behavior ::run [ RunTime:0.001316s ]
INFO: [ app_begin ] --END-- [ RunTime:0.001400s ]
SQL: SHOW COLUMNS FROM `app_code` [ RunTime:0.001614s ]
SQL: SELECT * FROM `app_code` WHERE ( username="2075741" and password="12345678" and groupid="43C1549E222DE8BCFD975AEF5F44443A" ) LIMIT 1   [ RunTime:0.000727s ]
SQL: SHOW COLUMNS FROM `app_group` [ RunTime:0.001406s ]
SQL: SELECT * FROM `app_group` LIMIT 1   [ RunTime:0.000615s ]

[ 2016-04-03T19:20:09+08:00 ] 14.112.160.184 /index.php/Index/iscode/groupid/43C1549E222DE8BCFD975AEF5F44443A/username/2075741/password/12345678/uuid/9AAD2CE2-0B56-445C-B966-FA390D7F90D6/type/updata
INFO: [ route_check ] --START--
INFO: CheckRoute Behavior ::run [ RunTime:0.001318s ]
INFO: [ route_check ] --END-- [ RunTime:0.001433s ]
INFO: [ app_begin ] --START--
INFO: ReadHtmlCache Behavior ::run [ RunTime:0.001329s ]
INFO: [ app_begin ] --END-- [ RunTime:0.001416s ]
SQL: SHOW COLUMNS FROM `app_code` [ RunTime:0.001664s ]
SQL: SELECT * FROM `app_code` WHERE ( username="2075741" and password="12345678" and groupid="43C1549E222DE8BCFD975AEF5F44443A" ) LIMIT 1   [ RunTime:0.000742s ]
SQL: SHOW COLUMNS FROM `app_group` [ RunTime:0.001328s ]
SQL: SELECT * FROM `app_group` LIMIT 1   [ RunTime:0.000596s ]

[ 2016-04-03T20:28:23+08:00 ] 222.246.18.150 /index.php/Index/iscode/groupid/436D3F290AFDF8DF9BE1D77C8B4C9E4C/username/longshu /password/123123/uuid/D67A0731-05FC-4123-BC3A-26B514E067E2
INFO: [ route_check ] --START--
INFO: CheckRoute Behavior ::run [ RunTime:0.001681s ]
INFO: [ route_check ] --END-- [ RunTime:0.001795s ]
INFO: [ app_begin ] --START--
INFO: ReadHtmlCache Behavior ::run [ RunTime:0.001359s ]
INFO: [ app_begin ] --END-- [ RunTime:0.001465s ]
SQL: SHOW COLUMNS FROM `app_code` [ RunTime:0.001837s ]
SQL: SELECT * FROM `app_code` WHERE ( username="longshu " and password="123123" and groupid="436D3F290AFDF8DF9BE1D77C8B4C9E4C" ) LIMIT 1   [ RunTime:0.000706s ]
SQL: SHOW COLUMNS FROM `app_group` [ RunTime:0.001533s ]
SQL: SELECT * FROM `app_group` WHERE ( `guid` = '436D3F290AFDF8DF9BE1D77C8B4C9E4C' ) LIMIT 1   [ RunTime:0.000641s ]
SQL: UPDATE `app_code` SET `uuid`='D67A0731-05FC-4123-BC3A-26B514E067E2',`binding`=0 WHERE ( `guid` = '378918795D8AA5596251035B65683CCE' ) [ RunTime:0.000260s ]
NOTIC: [8] Undefined index:  type D:\PHPnow\htdocs\dongya\Lib\Action\IndexAction.class.php 第 74 行.

[ 2016-04-03T20:28:45+08:00 ] 222.246.18.150 /index.php/Index/iscode/groupid/436D3F290AFDF8DF9BE1D77C8B4C9E4C/username/longshu /password/123123/uuid/D67A0731-05FC-4123-BC3A-26B514E067E2/type/updata
INFO: [ route_check ] --START--
INFO: CheckRoute Behavior ::run [ RunTime:0.001675s ]
INFO: [ route_check ] --END-- [ RunTime:0.001778s ]
INFO: [ app_begin ] --START--
INFO: ReadHtmlCache Behavior ::run [ RunTime:0.001325s ]
INFO: [ app_begin ] --END-- [ RunTime:0.001412s ]
SQL: SHOW COLUMNS FROM `app_code` [ RunTime:0.002283s ]
SQL: SELECT * FROM `app_code` WHERE ( username="longshu " and password="123123" and groupid="436D3F290AFDF8DF9BE1D77C8B4C9E4C" ) LIMIT 1   [ RunTime:0.000791s ]
SQL: SHOW COLUMNS FROM `app_group` [ RunTime:0.001755s ]
SQL: SELECT * FROM `app_group` WHERE ( `guid` = '436D3F290AFDF8DF9BE1D77C8B4C9E4C' ) LIMIT 1   [ RunTime:0.000689s ]
SQL: UPDATE `app_code` SET `uuid`='D67A0731-05FC-4123-BC3A-26B514E067E2',`binding`=0 WHERE ( `guid` = '378918795D8AA5596251035B65683CCE' ) [ RunTime:0.000291s ]

[ 2016-04-03T20:29:13+08:00 ] 222.246.18.150 /index.php/Index/iscode/groupid/436D3F290AFDF8DF9BE1D77C8B4C9E4C/username/longshu /password/123123/uuid/D67A0731-05FC-4123-BC3A-26B514E067E2/type/updata
INFO: [ route_check ] --START--
INFO: CheckRoute Behavior ::run [ RunTime:0.001660s ]
INFO: [ route_check ] --END-- [ RunTime:0.001768s ]
INFO: [ app_begin ] --START--
INFO: ReadHtmlCache Behavior ::run [ RunTime:0.001314s ]
INFO: [ app_begin ] --END-- [ RunTime:0.001399s ]
SQL: SHOW COLUMNS FROM `app_code` [ RunTime:0.001600s ]
SQL: SELECT * FROM `app_code` WHERE ( username="longshu " and password="123123" and groupid="436D3F290AFDF8DF9BE1D77C8B4C9E4C" ) LIMIT 1   [ RunTime:0.000725s ]
SQL: SHOW COLUMNS FROM `app_group` [ RunTime:0.001393s ]
SQL: SELECT * FROM `app_group` WHERE ( `guid` = '436D3F290AFDF8DF9BE1D77C8B4C9E4C' ) LIMIT 1   [ RunTime:0.000640s ]
SQL: UPDATE `app_code` SET `uuid`='D67A0731-05FC-4123-BC3A-26B514E067E2',`binding`=0 WHERE ( `guid` = '378918795D8AA5596251035B65683CCE' ) [ RunTime:0.000235s ]

[ 2016-04-03T20:29:23+08:00 ] 222.246.18.150 /index.php/Index/iscode/groupid/436D3F290AFDF8DF9BE1D77C8B4C9E4C/username/longshu /password/123123/uuid/D67A0731-05FC-4123-BC3A-26B514E067E2/type/updata
INFO: [ route_check ] --START--
INFO: CheckRoute Behavior ::run [ RunTime:0.001698s ]
INFO: [ route_check ] --END-- [ RunTime:0.001805s ]
INFO: [ app_begin ] --START--
INFO: ReadHtmlCache Behavior ::run [ RunTime:0.001873s ]
INFO: [ app_begin ] --END-- [ RunTime:0.001988s ]
SQL: SHOW COLUMNS FROM `app_code` [ RunTime:0.001901s ]
SQL: SELECT * FROM `app_code` WHERE ( username="longshu " and password="123123" and groupid="436D3F290AFDF8DF9BE1D77C8B4C9E4C" ) LIMIT 1   [ RunTime:0.000712s ]
SQL: SHOW COLUMNS FROM `app_group` [ RunTime:0.001382s ]
SQL: SELECT * FROM `app_group` WHERE ( `guid` = '436D3F290AFDF8DF9BE1D77C8B4C9E4C' ) LIMIT 1   [ RunTime:0.000630s ]
SQL: UPDATE `app_code` SET `uuid`='D67A0731-05FC-4123-BC3A-26B514E067E2',`binding`=0 WHERE ( `guid` = '378918795D8AA5596251035B65683CCE' ) [ RunTime:0.000242s ]

[ 2016-04-03T20:29:45+08:00 ] 222.246.18.150 /index.php/Index/iscode/groupid/436D3F290AFDF8DF9BE1D77C8B4C9E4C/username/longshu /password/123123/uuid/D67A0731-05FC-4123-BC3A-26B514E067E2/type/updata
INFO: [ route_check ] --START--
INFO: CheckRoute Behavior ::run [ RunTime:0.001674s ]
INFO: [ route_check ] --END-- [ RunTime:0.001779s ]
INFO: [ app_begin ] --START--
INFO: ReadHtmlCache Behavior ::run [ RunTime:0.001336s ]
INFO: [ app_begin ] --END-- [ RunTime:0.001421s ]
SQL: SHOW COLUMNS FROM `app_code` [ RunTime:0.001606s ]
SQL: SELECT * FROM `app_code` WHERE ( username="longshu " and password="123123" and groupid="436D3F290AFDF8DF9BE1D77C8B4C9E4C" ) LIMIT 1   [ RunTime:0.000744s ]
SQL: SHOW COLUMNS FROM `app_group` [ RunTime:0.001381s ]
SQL: SELECT * FROM `app_group` WHERE ( `guid` = '436D3F290AFDF8DF9BE1D77C8B4C9E4C' ) LIMIT 1   [ RunTime:0.000656s ]
SQL: UPDATE `app_code` SET `uuid`='D67A0731-05FC-4123-BC3A-26B514E067E2',`binding`=0 WHERE ( `guid` = '378918795D8AA5596251035B65683CCE' ) [ RunTime:0.000239s ]

[ 2016-04-03T20:30:21+08:00 ] 222.246.18.150 /index.php/Index/iscode/groupid/436D3F290AFDF8DF9BE1D77C8B4C9E4C/username/longshu /password/123123/uuid/D67A0731-05FC-4123-BC3A-26B514E067E2/type/updata
INFO: [ route_check ] --START--
INFO: CheckRoute Behavior ::run [ RunTime:0.001734s ]
INFO: [ route_check ] --END-- [ RunTime:0.001853s ]
INFO: [ app_begin ] --START--
INFO: ReadHtmlCache Behavior ::run [ RunTime:0.001381s ]
INFO: [ app_begin ] --END-- [ RunTime:0.001467s ]
SQL: SHOW COLUMNS FROM `app_code` [ RunTime:0.001767s ]
SQL: SELECT * FROM `app_code` WHERE ( username="longshu " and password="123123" and groupid="436D3F290AFDF8DF9BE1D77C8B4C9E4C" ) LIMIT 1   [ RunTime:0.000710s ]
SQL: SHOW COLUMNS FROM `app_group` [ RunTime:0.001414s ]
SQL: SELECT * FROM `app_group` WHERE ( `guid` = '436D3F290AFDF8DF9BE1D77C8B4C9E4C' ) LIMIT 1   [ RunTime:0.000629s ]
SQL: UPDATE `app_code` SET `uuid`='D67A0731-05FC-4123-BC3A-26B514E067E2',`binding`=0 WHERE ( `guid` = '378918795D8AA5596251035B65683CCE' ) [ RunTime:0.000241s ]

