[ 2016-03-09T08:12:31+08:00 ] 17.207.228.54 /index.php/Index/iscode/groupid/43C1549E222DE8BCFD975AEF5F44443A/username/dyapple/password/dyapple/uuid/1CB2CCAA-6513-4D59-96A7-602240767562
INFO: [ route_check ] --START--
INFO: CheckRoute Behavior ::run [ RunTime:0.002770s ]
INFO: [ route_check ] --END-- [ RunTime:0.002900s ]
INFO: [ app_begin ] --START--
INFO: ReadHtmlCache Behavior ::run [ RunTime:0.001963s ]
INFO: [ app_begin ] --END-- [ RunTime:0.002058s ]
SQL: SHOW COLUMNS FROM `app_code` [ RunTime:0.057199s ]
SQL: SELECT * FROM `app_code` WHERE ( username="dyapple" and password="dyapple" and groupid="43C1549E222DE8BCFD975AEF5F44443A" ) LIMIT 1   [ RunTime:0.000412s ]
SQL: SHOW COLUMNS FROM `app_group` [ RunTime:0.030362s ]
SQL: SELECT * FROM `app_group` WHERE ( `guid` = '43C1549E222DE8BCFD975AEF5F44443A' ) LIMIT 1   [ RunTime:0.000378s ]
SQL: UPDATE `app_code` SET `uuid`='1CB2CCAA-6513-4D59-96A7-602240767562',`binding`=0 WHERE ( `guid` = '458F36224D0DF3409E492D7F15A3D4CB' ) [ RunTime:0.000323s ]
NOTIC: [8] Undefined index:  type D:\PHPnow\htdocs\dongya\Lib\Action\IndexAction.class.php ç¬¬ 74 è¡Œ.

[ 2016-03-09T08:12:32+08:00 ] 17.207.228.54 /index.php/Index/iscode/groupid/43C1549E222DE8BCFD975AEF5F44443A/username/dyapple/password/dyapple/uuid/1CB2CCAA-6513-4D59-96A7-602240767562/type/updata
INFO: [ route_check ] --START--
INFO: CheckRoute Behavior ::run [ RunTime:0.001000s ]
INFO: [ route_check ] --END-- [ RunTime:0.001133s ]
INFO: [ app_begin ] --START--
INFO: ReadHtmlCache Behavior ::run [ RunTime:0.000665s ]
INFO: [ app_begin ] --END-- [ RunTime:0.000754s ]
SQL: SHOW COLUMNS FROM `app_code` [ RunTime:0.002959s ]
SQL: SELECT * FROM `app_code` WHERE ( username="dyapple" and password="dyapple" and groupid="43C1549E222DE8BCFD975AEF5F44443A" ) LIMIT 1   [ RunTime:0.000845s ]
SQL: SHOW COLUMNS FROM `app_group` [ RunTime:0.001402s ]
SQL: SELECT * FROM `app_group` WHERE ( `guid` = '43C1549E222DE8BCFD975AEF5F44443A' ) LIMIT 1   [ RunTime:0.000859s ]
SQL: UPDATE `app_code` SET `uuid`='1CB2CCAA-6513-4D59-96A7-602240767562',`binding`=0 WHERE ( `guid` = '458F36224D0DF3409E492D7F15A3D4CB' ) [ RunTime:0.000288s ]

[ 2016-03-09T08:12:41+08:00 ] 17.207.228.54 /index.php/Index/iscode/groupid/43C1549E222DE8BCFD975AEF5F44443A/username/dyapple/password/dyapple/uuid/1CB2CCAA-6513-4D59-96A7-602240767562/type/updata
INFO: [ route_check ] --START--
INFO: CheckRoute Behavior ::run [ RunTime:0.001039s ]
INFO: [ route_check ] --END-- [ RunTime:0.001190s ]
INFO: [ app_begin ] --START--
INFO: ReadHtmlCache Behavior ::run [ RunTime:0.000638s ]
INFO: [ app_begin ] --END-- [ RunTime:0.000742s ]
SQL: SHOW COLUMNS FROM `app_code` [ RunTime:0.001880s ]
SQL: SELECT * FROM `app_code` WHERE ( username="dyapple" and password="dyapple" and groupid="43C1549E222DE8BCFD975AEF5F44443A" ) LIMIT 1   [ RunTime:0.000784s ]
SQL: SHOW COLUMNS FROM `app_group` [ RunTime:0.001382s ]
SQL: SELECT * FROM `app_group` WHERE ( `guid` = '43C1549E222DE8BCFD975AEF5F44443A' ) LIMIT 1   [ RunTime:0.000967s ]
SQL: UPDATE `app_code` SET `uuid`='1CB2CCAA-6513-4D59-96A7-602240767562',`binding`=0 WHERE ( `guid` = '458F36224D0DF3409E492D7F15A3D4CB' ) [ RunTime:0.000275s ]

[ 2016-03-09T09:48:58+08:00 ] 180.153.4.19 /index.php
INFO: [ app_begin ] --START--
INFO: ReadHtmlCache Behavior ::run [ RunTime:0.000822s ]
INFO: [ app_begin ] --END-- [ RunTime:0.000961s ]
INFO: [ view_parse ] --START--
INFO: ParseTemplate Behavior ::run [ RunTime:0.045738s ]
INFO: [ view_parse ] --END-- [ RunTime:0.045853s ]
INFO: [ view_filter ] --START--
INFO: ContentReplace Behavior ::run [ RunTime:0.008667s ]
INFO: TokenBuild Behavior ::run [ RunTime:0.002926s ]
INFO: WriteHtmlCache Behavior ::run [ RunTime:0.002030s ]
INFO: ShowRuntime Behavior ::run [ RunTime:0.002727s ]
INFO: [ view_filter ] --END-- [ RunTime:0.016583s ]
INFO: [ view_end ] --START--
INFO: ShowPageTrace Behavior ::run [ RunTime:0.003146s ]
INFO: [ view_end ] --END-- [ RunTime:0.003235s ]

[ 2016-03-09T09:48:58+08:00 ] 183.60.35.29 /index.php
INFO: [ app_begin ] --START--
INFO: ReadHtmlCache Behavior ::run [ RunTime:0.000644s ]
INFO: [ app_begin ] --END-- [ RunTime:0.000750s ]
INFO: [ view_parse ] --START--
INFO: ParseTemplate Behavior ::run [ RunTime:0.012436s ]
INFO: [ view_parse ] --END-- [ RunTime:0.012549s ]
INFO: [ view_filter ] --START--
INFO: ContentReplace Behavior ::run [ RunTime:0.001177s ]
INFO: TokenBuild Behavior ::run [ RunTime:0.001149s ]
INFO: WriteHtmlCache Behavior ::run [ RunTime:0.001437s ]
INFO: ShowRuntime Behavior ::run [ RunTime:0.001278s ]
INFO: [ view_filter ] --END-- [ RunTime:0.005267s ]
INFO: [ view_end ] --START--
INFO: ShowPageTrace Behavior ::run [ RunTime:0.001419s ]
INFO: [ view_end ] --END-- [ RunTime:0.001500s ]

[ 2016-03-09T10:59:06+08:00 ] 113.65.70.137 /index.php/Index/iscode/groupid/43C1549E222DE8BCFD975AEF5F44443A/username/dyapple/password/dyapple/uuid/FF59E84A-CAC4-417D-8569-DE6D1C62176F
INFO: [ route_check ] --START--
INFO: CheckRoute Behavior ::run [ RunTime:0.002059s ]
INFO: [ route_check ] --END-- [ RunTime:0.002169s ]
INFO: [ app_begin ] --START--
INFO: ReadHtmlCache Behavior ::run [ RunTime:0.001439s ]
INFO: [ app_begin ] --END-- [ RunTime:0.001538s ]
SQL: SHOW COLUMNS FROM `app_code` [ RunTime:0.020350s ]
SQL: SELECT * FROM `app_code` WHERE ( username="dyapple" and password="dyapple" and groupid="43C1549E222DE8BCFD975AEF5F44443A" ) LIMIT 1   [ RunTime:0.000745s ]
SQL: SHOW COLUMNS FROM `app_group` [ RunTime:0.002018s ]
SQL: SELECT * FROM `app_group` WHERE ( `guid` = '43C1549E222DE8BCFD975AEF5F44443A' ) LIMIT 1   [ RunTime:0.000877s ]
SQL: UPDATE `app_code` SET `uuid`='FF59E84A-CAC4-417D-8569-DE6D1C62176F',`binding`=0 WHERE ( `guid` = '458F36224D0DF3409E492D7F15A3D4CB' ) [ RunTime:0.000269s ]
NOTIC: [8] Undefined index:  type D:\PHPnow\htdocs\dongya\Lib\Action\IndexAction.class.php ç¬¬ 74 è¡Œ.

[ 2016-03-09T10:59:06+08:00 ] 113.65.70.137 /index.php/Index/iscode/groupid/43C1549E222DE8BCFD975AEF5F44443A/username/dyapple/password/dyapple/uuid/FF59E84A-CAC4-417D-8569-DE6D1C62176F/type/updata
INFO: [ route_check ] --START--
INFO: CheckRoute Behavior ::run [ RunTime:0.001646s ]
INFO: [ route_check ] --END-- [ RunTime:0.001752s ]
INFO: [ app_begin ] --START--
INFO: ReadHtmlCache Behavior ::run [ RunTime:0.001314s ]
INFO: [ app_begin ] --END-- [ RunTime:0.001399s ]
SQL: SHOW COLUMNS FROM `app_code` [ RunTime:0.001690s ]
SQL: SELECT * FROM `app_code` WHERE ( username="dyapple" and password="dyapple" and groupid="43C1549E222DE8BCFD975AEF5F44443A" ) LIMIT 1   [ RunTime:0.000750s ]
SQL: SHOW COLUMNS FROM `app_group` [ RunTime:0.001356s ]
SQL: SELECT * FROM `app_group` WHERE ( `guid` = '43C1549E222DE8BCFD975AEF5F44443A' ) LIMIT 1   [ RunTime:0.000656s ]
SQL: UPDATE `app_code` SET `uuid`='FF59E84A-CAC4-417D-8569-DE6D1C62176F',`binding`=0 WHERE ( `guid` = '458F36224D0DF3409E492D7F15A3D4CB' ) [ RunTime:0.000235s ]

[ 2016-03-09T11:07:59+08:00 ] 113.105.192.69 /index.php
INFO: [ app_begin ] --START--
INFO: ReadHtmlCache Behavior ::run [ RunTime:0.001381s ]
INFO: [ app_begin ] --END-- [ RunTime:0.001484s ]

[ 2016-03-09T12:39:43+08:00 ] 111.151.6.252 /index.php/Index/iscode/groupid/43C1549E222DE8BCFD975AEF5F44443A/username/F1076930/password/123456789/uuid/90B93C1F-CC8E-41D9-A8A9-E1EC05EEC78F
INFO: [ route_check ] --START--
INFO: CheckRoute Behavior ::run [ RunTime:0.001411s ]
INFO: [ route_check ] --END-- [ RunTime:0.001535s ]
INFO: [ app_begin ] --START--
INFO: ReadHtmlCache Behavior ::run [ RunTime:0.001034s ]
INFO: [ app_begin ] --END-- [ RunTime:0.001124s ]
SQL: SHOW COLUMNS FROM `app_code` [ RunTime:0.001902s ]
SQL: SELECT * FROM `app_code` WHERE ( username="F1076930" and password="123456789" and groupid="43C1549E222DE8BCFD975AEF5F44443A" ) LIMIT 1   [ RunTime:0.001024s ]
SQL: SHOW COLUMNS FROM `app_group` [ RunTime:0.001705s ]
SQL: SELECT * FROM `app_group` LIMIT 1   [ RunTime:0.000619s ]

[ 2016-03-09T12:39:43+08:00 ] 111.151.6.252 /index.php/Index/iscode/groupid/43C1549E222DE8BCFD975AEF5F44443A/username/F1076930/password/123456789/uuid/90B93C1F-CC8E-41D9-A8A9-E1EC05EEC78F/type/updata
INFO: [ route_check ] --START--
INFO: CheckRoute Behavior ::run [ RunTime:0.000962s ]
INFO: [ route_check ] --END-- [ RunTime:0.001080s ]
INFO: [ app_begin ] --START--
INFO: ReadHtmlCache Behavior ::run [ RunTime:0.000610s ]
INFO: [ app_begin ] --END-- [ RunTime:0.000693s ]
SQL: SHOW COLUMNS FROM `app_code` [ RunTime:0.001626s ]
SQL: SELECT * FROM `app_code` WHERE ( username="F1076930" and password="123456789" and groupid="43C1549E222DE8BCFD975AEF5F44443A" ) LIMIT 1   [ RunTime:0.000811s ]
SQL: SHOW COLUMNS FROM `app_group` [ RunTime:0.001609s ]
SQL: SELECT * FROM `app_group` LIMIT 1   [ RunTime:0.000601s ]

[ 2016-03-09T12:40:02+08:00 ] 111.151.6.252 /index.php/Index/iscode/groupid/43C1549E222DE8BCFD975AEF5F44443A/username/F1076930/password/123456789/uuid/90B93C1F-CC8E-41D9-A8A9-E1EC05EEC78F/type/updata
INFO: [ route_check ] --START--
INFO: CheckRoute Behavior ::run [ RunTime:0.000961s ]
INFO: [ route_check ] --END-- [ RunTime:0.001079s ]
INFO: [ app_begin ] --START--
INFO: ReadHtmlCache Behavior ::run [ RunTime:0.000606s ]
INFO: [ app_begin ] --END-- [ RunTime:0.000688s ]
SQL: SHOW COLUMNS FROM `app_code` [ RunTime:0.001807s ]
SQL: SELECT * FROM `app_code` WHERE ( username="F1076930" and password="123456789" and groupid="43C1549E222DE8BCFD975AEF5F44443A" ) LIMIT 1   [ RunTime:0.000759s ]
SQL: SHOW COLUMNS FROM `app_group` [ RunTime:0.001386s ]
SQL: SELECT * FROM `app_group` LIMIT 1   [ RunTime:0.000784s ]

[ 2016-03-09T12:51:33+08:00 ] 121.42.0.37 /index.php
INFO: [ app_begin ] --START--
INFO: ReadHtmlCache Behavior ::run [ RunTime:0.001025s ]
INFO: [ app_begin ] --END-- [ RunTime:0.001136s ]
INFO: [ view_parse ] --START--
INFO: ParseTemplate Behavior ::run [ RunTime:0.017787s ]
INFO: [ view_parse ] --END-- [ RunTime:0.017896s ]
INFO: [ view_filter ] --START--
INFO: ContentReplace Behavior ::run [ RunTime:0.000809s ]
INFO: TokenBuild Behavior ::run [ RunTime:0.000797s ]
INFO: WriteHtmlCache Behavior ::run [ RunTime:0.000653s ]
INFO: ShowRuntime Behavior ::run [ RunTime:0.000876s ]
INFO: [ view_filter ] --END-- [ RunTime:0.003356s ]
INFO: [ view_end ] --START--
INFO: ShowPageTrace Behavior ::run [ RunTime:0.001056s ]
INFO: [ view_end ] --END-- [ RunTime:0.001133s ]

[ 2016-03-09T13:03:05+08:00 ] 223.146.97.28 /index.php/Index/iscode/groupid/43C1549E222DE8BCFD975AEF5F44443A/username/Ò»Ò»Ò»Ò»Ò»°Ë/password/tyyuii/uuid/902FAE22-573C-44CC-92C3-2A46BBFFA3D6
INFO: [ route_check ] --START--
INFO: CheckRoute Behavior ::run [ RunTime:0.001413s ]
INFO: [ route_check ] --END-- [ RunTime:0.001530s ]
INFO: [ app_begin ] --START--
INFO: ReadHtmlCache Behavior ::run [ RunTime:0.001079s ]
INFO: [ app_begin ] --END-- [ RunTime:0.001167s ]
SQL: SHOW COLUMNS FROM `app_code` [ RunTime:0.002005s ]
SQL: SELECT * FROM `app_code` WHERE ( username="Ò»Ò»Ò»Ò»Ò»°Ë" and password="tyyuii" and groupid="43C1549E222DE8BCFD975AEF5F44443A" ) LIMIT 1   [ RunTime:0.016656s ]
SQL: SHOW COLUMNS FROM `app_group` [ RunTime:0.001806s ]
SQL: SELECT * FROM `app_group` LIMIT 1   [ RunTime:0.000660s ]

[ 2016-03-09T13:03:05+08:00 ] 223.146.97.28 /index.php/Index/iscode/groupid/43C1549E222DE8BCFD975AEF5F44443A/username/Ò»Ò»Ò»Ò»Ò»°Ë/password/tyyuii/uuid/902FAE22-573C-44CC-92C3-2A46BBFFA3D6/type/updata
INFO: [ route_check ] --START--
INFO: CheckRoute Behavior ::run [ RunTime:0.000957s ]
INFO: [ route_check ] --END-- [ RunTime:0.001080s ]
INFO: [ app_begin ] --START--
INFO: ReadHtmlCache Behavior ::run [ RunTime:0.000601s ]
INFO: [ app_begin ] --END-- [ RunTime:0.000683s ]
SQL: SHOW COLUMNS FROM `app_code` [ RunTime:0.001590s ]
SQL: SELECT * FROM `app_code` WHERE ( username="Ò»Ò»Ò»Ò»Ò»°Ë" and password="tyyuii" and groupid="43C1549E222DE8BCFD975AEF5F44443A" ) LIMIT 1   [ RunTime:0.000704s ]
SQL: SHOW COLUMNS FROM `app_group` [ RunTime:0.001332s ]
SQL: SELECT * FROM `app_group` LIMIT 1   [ RunTime:0.000685s ]

[ 2016-03-09T13:03:21+08:00 ] 223.146.97.28 /index.php/Index/iscode/groupid/43C1549E222DE8BCFD975AEF5F44443A/username/Ò»Ò»Ò»Ò»Ò»°Ë/password/tyyuii/uuid/902FAE22-573C-44CC-92C3-2A46BBFFA3D6/type/updata
INFO: [ route_check ] --START--
INFO: CheckRoute Behavior ::run [ RunTime:0.000955s ]
INFO: [ route_check ] --END-- [ RunTime:0.001064s ]
INFO: [ app_begin ] --START--
INFO: ReadHtmlCache Behavior ::run [ RunTime:0.000608s ]
INFO: [ app_begin ] --END-- [ RunTime:0.000693s ]
SQL: SHOW COLUMNS FROM `app_code` [ RunTime:0.001671s ]
SQL: SELECT * FROM `app_code` WHERE ( username="Ò»Ò»Ò»Ò»Ò»°Ë" and password="tyyuii" and groupid="43C1549E222DE8BCFD975AEF5F44443A" ) LIMIT 1   [ RunTime:0.000784s ]
SQL: SHOW COLUMNS FROM `app_group` [ RunTime:0.001412s ]
SQL: SELECT * FROM `app_group` LIMIT 1   [ RunTime:0.000618s ]

[ 2016-03-09T13:25:01+08:00 ] 223.146.97.28 /index.php/Index/iscode/groupid/43C1549E222DE8BCFD975AEF5F44443A/username/Ò»Ò»Ò»Ò»Ò»°Ë/password/tyyuii/uuid/902FAE22-573C-44CC-92C3-2A46BBFFA3D6/type/updata
INFO: [ route_check ] --START--
INFO: CheckRoute Behavior ::run [ RunTime:0.001399s ]
INFO: [ route_check ] --END-- [ RunTime:0.001516s ]
INFO: [ app_begin ] --START--
INFO: ReadHtmlCache Behavior ::run [ RunTime:0.000995s ]
INFO: [ app_begin ] --END-- [ RunTime:0.001081s ]
SQL: SHOW COLUMNS FROM `app_code` [ RunTime:0.001665s ]
SQL: SELECT * FROM `app_code` WHERE ( username="Ò»Ò»Ò»Ò»Ò»°Ë" and password="tyyuii" and groupid="43C1549E222DE8BCFD975AEF5F44443A" ) LIMIT 1   [ RunTime:0.000688s ]
SQL: SHOW COLUMNS FROM `app_group` [ RunTime:0.001277s ]
SQL: SELECT * FROM `app_group` LIMIT 1   [ RunTime:0.000588s ]

[ 2016-03-09T14:25:16+08:00 ] 183.62.183.114 /index.php
INFO: [ app_begin ] --START--
INFO: ReadHtmlCache Behavior ::run [ RunTime:0.001058s ]
INFO: [ app_begin ] --END-- [ RunTime:0.001180s ]
INFO: [ view_parse ] --START--
INFO: ParseTemplate Behavior ::run [ RunTime:0.010600s ]
INFO: [ view_parse ] --END-- [ RunTime:0.010805s ]
INFO: [ view_filter ] --START--
INFO: ContentReplace Behavior ::run [ RunTime:0.000816s ]
INFO: TokenBuild Behavior ::run [ RunTime:0.000790s ]
INFO: WriteHtmlCache Behavior ::run [ RunTime:0.000653s ]
INFO: ShowRuntime Behavior ::run [ RunTime:0.000890s ]
INFO: [ view_filter ] --END-- [ RunTime:0.003392s ]
INFO: [ view_end ] --START--
INFO: ShowPageTrace Behavior ::run [ RunTime:0.001075s ]
INFO: [ view_end ] --END-- [ RunTime:0.001160s ]

[ 2016-03-09T14:25:22+08:00 ] 183.62.183.114 /index.php/index/code_login
INFO: [ route_check ] --START--
INFO: CheckRoute Behavior ::run [ RunTime:0.001804s ]
INFO: [ route_check ] --END-- [ RunTime:0.001907s ]
INFO: [ app_begin ] --START--
INFO: ReadHtmlCache Behavior ::run [ RunTime:0.000978s ]
INFO: [ app_begin ] --END-- [ RunTime:0.001054s ]
SQL: SHOW COLUMNS FROM `app_member` [ RunTime:0.033090s ]
SQL: SELECT * FROM `app_member` WHERE ( username="dongya" and password="4297f44b13955235245b2497399d7a93" ) LIMIT 1   [ RunTime:0.000889s ]
SQL: SHOW COLUMNS FROM `app_admin` [ RunTime:0.009310s ]
SQL: SELECT * FROM `app_admin` WHERE ( username="dongya" and password="4297f44b13955235245b2497399d7a93" ) LIMIT 1   [ RunTime:0.000732s ]
SQL: SHOW COLUMNS FROM `app_group` [ RunTime:0.001536s ]
SQL: SELECT * FROM `app_group` WHERE ( `guid` = '43C1549E222DE8BCFD975AEF5F44443A' ) LIMIT 1   [ RunTime:0.000643s ]

[ 2016-03-09T14:25:22+08:00 ] 183.62.183.114 /index.php/Index/
INFO: [ route_check ] --START--
INFO: CheckRoute Behavior ::run [ RunTime:0.000923s ]
INFO: [ route_check ] --END-- [ RunTime:0.001025s ]
INFO: [ app_begin ] --START--
INFO: ReadHtmlCache Behavior ::run [ RunTime:0.000600s ]
INFO: [ app_begin ] --END-- [ RunTime:0.000681s ]

[ 2016-03-09T14:25:23+08:00 ] 111.206.36.132 /index.php
INFO: [ app_begin ] --START--
INFO: ReadHtmlCache Behavior ::run [ RunTime:0.000616s ]
INFO: [ app_begin ] --END-- [ RunTime:0.000714s ]
INFO: [ view_parse ] --START--
INFO: ParseTemplate Behavior ::run [ RunTime:0.012050s ]
INFO: [ view_parse ] --END-- [ RunTime:0.012170s ]
INFO: [ view_filter ] --START--
INFO: ContentReplace Behavior ::run [ RunTime:0.001284s ]
INFO: TokenBuild Behavior ::run [ RunTime:0.001140s ]
INFO: WriteHtmlCache Behavior ::run [ RunTime:0.000471s ]
INFO: ShowRuntime Behavior ::run [ RunTime:0.001242s ]
INFO: [ view_filter ] --END-- [ RunTime:0.004393s ]
INFO: [ view_end ] --START--
INFO: ShowPageTrace Behavior ::run [ RunTime:0.001375s ]
INFO: [ view_end ] --END-- [ RunTime:0.001456s ]

[ 2016-03-09T14:25:33+08:00 ] 111.206.36.134 /index.php
INFO: [ app_begin ] --START--
INFO: ReadHtmlCache Behavior ::run [ RunTime:0.000627s ]
INFO: [ app_begin ] --END-- [ RunTime:0.000741s ]
INFO: [ view_parse ] --START--
INFO: ParseTemplate Behavior ::run [ RunTime:0.012546s ]
INFO: [ view_parse ] --END-- [ RunTime:0.012658s ]
INFO: [ view_filter ] --START--
INFO: ContentReplace Behavior ::run [ RunTime:0.001192s ]
INFO: TokenBuild Behavior ::run [ RunTime:0.001272s ]
INFO: WriteHtmlCache Behavior ::run [ RunTime:0.000542s ]
INFO: ShowRuntime Behavior ::run [ RunTime:0.001226s ]
INFO: [ view_filter ] --END-- [ RunTime:0.004486s ]
INFO: [ view_end ] --START--
INFO: ShowPageTrace Behavior ::run [ RunTime:0.001391s ]
INFO: [ view_end ] --END-- [ RunTime:0.001470s ]

[ 2016-03-09T14:26:39+08:00 ] 14.217.110.83 /index.php/Index/iscode/groupid/43C1549E222DE8BCFD975AEF5F44443A/username/f107944/password/12345678/uuid/580C6065-5896-4A67-B723-51C076A01B8C
INFO: [ route_check ] --START--
INFO: CheckRoute Behavior ::run [ RunTime:0.001367s ]
INFO: [ route_check ] --END-- [ RunTime:0.001479s ]
INFO: [ app_begin ] --START--
INFO: ReadHtmlCache Behavior ::run [ RunTime:0.001001s ]
INFO: [ app_begin ] --END-- [ RunTime:0.001088s ]
SQL: SHOW COLUMNS FROM `app_code` [ RunTime:0.001628s ]
SQL: SELECT * FROM `app_code` WHERE ( username="f107944" and password="12345678" and groupid="43C1549E222DE8BCFD975AEF5F44443A" ) LIMIT 1   [ RunTime:0.000720s ]
SQL: SHOW COLUMNS FROM `app_group` [ RunTime:0.001411s ]
SQL: SELECT * FROM `app_group` LIMIT 1   [ RunTime:0.000614s ]

[ 2016-03-09T14:26:39+08:00 ] 14.217.110.83 /index.php/Index/iscode/groupid/43C1549E222DE8BCFD975AEF5F44443A/username/f107944/password/12345678/uuid/580C6065-5896-4A67-B723-51C076A01B8C/type/updata
INFO: [ route_check ] --START--
INFO: CheckRoute Behavior ::run [ RunTime:0.000977s ]
INFO: [ route_check ] --END-- [ RunTime:0.001082s ]
INFO: [ app_begin ] --START--
INFO: ReadHtmlCache Behavior ::run [ RunTime:0.000602s ]
INFO: [ app_begin ] --END-- [ RunTime:0.000685s ]
SQL: SHOW COLUMNS FROM `app_code` [ RunTime:0.001601s ]
SQL: SELECT * FROM `app_code` WHERE ( username="f107944" and password="12345678" and groupid="43C1549E222DE8BCFD975AEF5F44443A" ) LIMIT 1   [ RunTime:0.000700s ]
SQL: SHOW COLUMNS FROM `app_group` [ RunTime:0.001347s ]
SQL: SELECT * FROM `app_group` LIMIT 1   [ RunTime:0.000595s ]

[ 2016-03-09T14:51:21+08:00 ] 111.151.6.252 /index.php/Index/iscode/groupid/43C1549E222DE8BCFD975AEF5F44443A/username/F1076930/password/123456789/uuid/90B93C1F-CC8E-41D9-A8A9-E1EC05EEC78F/type/updata
INFO: [ route_check ] --START--
INFO: CheckRoute Behavior ::run [ RunTime:0.001421s ]
INFO: [ route_check ] --END-- [ RunTime:0.001546s ]
INFO: [ app_begin ] --START--
INFO: ReadHtmlCache Behavior ::run [ RunTime:0.001009s ]
INFO: [ app_begin ] --END-- [ RunTime:0.001104s ]
SQL: SHOW COLUMNS FROM `app_code` [ RunTime:0.001956s ]
SQL: SELECT * FROM `app_code` WHERE ( username="F1076930" and password="123456789" and groupid="43C1549E222DE8BCFD975AEF5F44443A" ) LIMIT 1   [ RunTime:0.000773s ]
SQL: SHOW COLUMNS FROM `app_group` [ RunTime:0.001511s ]
SQL: SELECT * FROM `app_group` LIMIT 1   [ RunTime:0.000638s ]

[ 2016-03-09T14:51:36+08:00 ] 111.151.6.252 /index.php/Index/iscode/groupid/43C1549E222DE8BCFD975AEF5F44443A/username/F1076930/password/123456789/uuid/90B93C1F-CC8E-41D9-A8A9-E1EC05EEC78F/type/updata
INFO: [ route_check ] --START--
INFO: CheckRoute Behavior ::run [ RunTime:0.000956s ]
INFO: [ route_check ] --END-- [ RunTime:0.001076s ]
INFO: [ app_begin ] --START--
INFO: ReadHtmlCache Behavior ::run [ RunTime:0.000664s ]
INFO: [ app_begin ] --END-- [ RunTime:0.000763s ]
SQL: SHOW COLUMNS FROM `app_code` [ RunTime:0.001701s ]
SQL: SELECT * FROM `app_code` WHERE ( username="F1076930" and password="123456789" and groupid="43C1549E222DE8BCFD975AEF5F44443A" ) LIMIT 1   [ RunTime:0.000688s ]
SQL: SHOW COLUMNS FROM `app_group` [ RunTime:0.001371s ]
SQL: SELECT * FROM `app_group` LIMIT 1   [ RunTime:0.000593s ]

[ 2016-03-09T14:57:02+08:00 ] 111.151.6.252 /index.php/Index/iscode/groupid/43C1549E222DE8BCFD975AEF5F44443A/username/F1076930/password/123456789/uuid/90B93C1F-CC8E-41D9-A8A9-E1EC05EEC78F/type/updata
INFO: [ route_check ] --START--
INFO: CheckRoute Behavior ::run [ RunTime:0.001408s ]
INFO: [ route_check ] --END-- [ RunTime:0.001527s ]
INFO: [ app_begin ] --START--
INFO: ReadHtmlCache Behavior ::run [ RunTime:0.001002s ]
INFO: [ app_begin ] --END-- [ RunTime:0.001105s ]
SQL: SHOW COLUMNS FROM `app_code` [ RunTime:0.002469s ]
SQL: SELECT * FROM `app_code` WHERE ( username="F1076930" and password="123456789" and groupid="43C1549E222DE8BCFD975AEF5F44443A" ) LIMIT 1   [ RunTime:0.000772s ]
SQL: SHOW COLUMNS FROM `app_group` [ RunTime:0.001328s ]
SQL: SELECT * FROM `app_group` LIMIT 1   [ RunTime:0.000629s ]

[ 2016-03-09T14:58:01+08:00 ] 111.151.6.252 /index.php/Index/iscode/groupid/43C1549E222DE8BCFD975AEF5F44443A/username/F1076930/password/123456789/uuid/90B93C1F-CC8E-41D9-A8A9-E1EC05EEC78F/type/updata
INFO: [ route_check ] --START--
INFO: CheckRoute Behavior ::run [ RunTime:0.000989s ]
INFO: [ route_check ] --END-- [ RunTime:0.001113s ]
INFO: [ app_begin ] --START--
INFO: ReadHtmlCache Behavior ::run [ RunTime:0.001041s ]
INFO: [ app_begin ] --END-- [ RunTime:0.001131s ]
SQL: SHOW COLUMNS FROM `app_code` [ RunTime:0.001668s ]
SQL: SELECT * FROM `app_code` WHERE ( username="F1076930" and password="123456789" and groupid="43C1549E222DE8BCFD975AEF5F44443A" ) LIMIT 1   [ RunTime:0.000748s ]
SQL: SHOW COLUMNS FROM `app_group` [ RunTime:0.001323s ]
SQL: SELECT * FROM `app_group` LIMIT 1   [ RunTime:0.000672s ]

[ 2016-03-09T14:59:55+08:00 ] 111.151.6.252 /index.php/Index/iscode/groupid/43C1549E222DE8BCFD975AEF5F44443A/username/F1076930/password/123456789/uuid/90B93C1F-CC8E-41D9-A8A9-E1EC05EEC78F/type/updata
INFO: [ route_check ] --START--
INFO: CheckRoute Behavior ::run [ RunTime:0.001392s ]
INFO: [ route_check ] --END-- [ RunTime:0.001517s ]
INFO: [ app_begin ] --START--
INFO: ReadHtmlCache Behavior ::run [ RunTime:0.000999s ]
INFO: [ app_begin ] --END-- [ RunTime:0.001086s ]
SQL: SHOW COLUMNS FROM `app_code` [ RunTime:0.001665s ]
SQL: SELECT * FROM `app_code` WHERE ( username="F1076930" and password="123456789" and groupid="43C1549E222DE8BCFD975AEF5F44443A" ) LIMIT 1   [ RunTime:0.000719s ]
SQL: SHOW COLUMNS FROM `app_group` [ RunTime:0.001341s ]
SQL: SELECT * FROM `app_group` LIMIT 1   [ RunTime:0.000633s ]

[ 2016-03-09T15:01:04+08:00 ] 14.217.110.83 /index.php/Index/iscode/groupid/43C1549E222DE8BCFD975AEF5F44443A/username/f107944/password/12345678/uuid/580C6065-5896-4A67-B723-51C076A01B8C/type/updata
INFO: [ route_check ] --START--
INFO: CheckRoute Behavior ::run [ RunTime:0.000967s ]
INFO: [ route_check ] --END-- [ RunTime:0.001084s ]
INFO: [ app_begin ] --START--
INFO: ReadHtmlCache Behavior ::run [ RunTime:0.000750s ]
INFO: [ app_begin ] --END-- [ RunTime:0.000850s ]
SQL: SHOW COLUMNS FROM `app_code` [ RunTime:0.001991s ]
SQL: SELECT * FROM `app_code` WHERE ( username="f107944" and password="12345678" and groupid="43C1549E222DE8BCFD975AEF5F44443A" ) LIMIT 1   [ RunTime:0.000701s ]
SQL: SHOW COLUMNS FROM `app_group` [ RunTime:0.001493s ]
SQL: SELECT * FROM `app_group` LIMIT 1   [ RunTime:0.000632s ]

[ 2016-03-09T15:23:36+08:00 ] 111.151.6.252 /index.php/Index/iscode/groupid/43C1549E222DE8BCFD975AEF5F44443A/username/F1076930/password/123456789/uuid/90B93C1F-CC8E-41D9-A8A9-E1EC05EEC78F/type/updata
INFO: [ route_check ] --START--
INFO: CheckRoute Behavior ::run [ RunTime:0.001678s ]
INFO: [ route_check ] --END-- [ RunTime:0.001798s ]
INFO: [ app_begin ] --START--
INFO: ReadHtmlCache Behavior ::run [ RunTime:0.001010s ]
INFO: [ app_begin ] --END-- [ RunTime:0.001098s ]
SQL: SHOW COLUMNS FROM `app_code` [ RunTime:0.001603s ]
SQL: SELECT * FROM `app_code` WHERE ( username="F1076930" and password="123456789" and groupid="43C1549E222DE8BCFD975AEF5F44443A" ) LIMIT 1   [ RunTime:0.000695s ]
SQL: SHOW COLUMNS FROM `app_group` [ RunTime:0.001360s ]
SQL: SELECT * FROM `app_group` LIMIT 1   [ RunTime:0.000610s ]

[ 2016-03-09T15:23:53+08:00 ] 111.151.6.252 /index.php/Index/iscode/groupid/43C1549E222DE8BCFD975AEF5F44443A/username/F1076930/password/123456789/uuid/90B93C1F-CC8E-41D9-A8A9-E1EC05EEC78F/type/updata
INFO: [ route_check ] --START--
INFO: CheckRoute Behavior ::run [ RunTime:0.001066s ]
INFO: [ route_check ] --END-- [ RunTime:0.001178s ]
INFO: [ app_begin ] --START--
INFO: ReadHtmlCache Behavior ::run [ RunTime:0.000608s ]
INFO: [ app_begin ] --END-- [ RunTime:0.000692s ]
SQL: SHOW COLUMNS FROM `app_code` [ RunTime:0.001938s ]
SQL: SELECT * FROM `app_code` WHERE ( username="F1076930" and password="123456789" and groupid="43C1549E222DE8BCFD975AEF5F44443A" ) LIMIT 1   [ RunTime:0.000713s ]
SQL: SHOW COLUMNS FROM `app_group` [ RunTime:0.001289s ]
SQL: SELECT * FROM `app_group` LIMIT 1   [ RunTime:0.000857s ]

[ 2016-03-09T15:25:12+08:00 ] 111.151.6.252 /index.php/Index/iscode/groupid/43C1549E222DE8BCFD975AEF5F44443A/username/F1076930/password/123456789/uuid/90B93C1F-CC8E-41D9-A8A9-E1EC05EEC78F/type/updata
INFO: [ route_check ] --START--
INFO: CheckRoute Behavior ::run [ RunTime:0.001788s ]
INFO: [ route_check ] --END-- [ RunTime:0.001903s ]
INFO: [ app_begin ] --START--
INFO: ReadHtmlCache Behavior ::run [ RunTime:0.001317s ]
INFO: [ app_begin ] --END-- [ RunTime:0.001409s ]
SQL: SHOW COLUMNS FROM `app_code` [ RunTime:0.001661s ]
SQL: SELECT * FROM `app_code` WHERE ( username="F1076930" and password="123456789" and groupid="43C1549E222DE8BCFD975AEF5F44443A" ) LIMIT 1   [ RunTime:0.000777s ]
SQL: SHOW COLUMNS FROM `app_group` [ RunTime:0.001334s ]
SQL: SELECT * FROM `app_group` LIMIT 1   [ RunTime:0.000599s ]

[ 2016-03-09T15:25:38+08:00 ] 111.151.6.252 /index.php/Index/iscode/groupid/43C1549E222DE8BCFD975AEF5F44443A/username/F1076930/password/123456789/uuid/90B93C1F-CC8E-41D9-A8A9-E1EC05EEC78F/type/updata
INFO: [ route_check ] --START--
INFO: CheckRoute Behavior ::run [ RunTime:0.001720s ]
INFO: [ route_check ] --END-- [ RunTime:0.001858s ]
INFO: [ app_begin ] --START--
INFO: ReadHtmlCache Behavior ::run [ RunTime:0.001422s ]
INFO: [ app_begin ] --END-- [ RunTime:0.001508s ]
SQL: SHOW COLUMNS FROM `app_code` [ RunTime:0.001634s ]
SQL: SELECT * FROM `app_code` WHERE ( username="F1076930" and password="123456789" and groupid="43C1549E222DE8BCFD975AEF5F44443A" ) LIMIT 1   [ RunTime:0.000739s ]
SQL: SHOW COLUMNS FROM `app_group` [ RunTime:0.001288s ]
SQL: SELECT * FROM `app_group` LIMIT 1   [ RunTime:0.000650s ]

[ 2016-03-09T15:25:59+08:00 ] 111.151.6.252 /index.php/Index/iscode/groupid/43C1549E222DE8BCFD975AEF5F44443A/username/F1076930/password/123456789/uuid/90B93C1F-CC8E-41D9-A8A9-E1EC05EEC78F/type/updata
INFO: [ route_check ] --START--
INFO: CheckRoute Behavior ::run [ RunTime:0.001672s ]
INFO: [ route_check ] --END-- [ RunTime:0.001783s ]
INFO: [ app_begin ] --START--
INFO: ReadHtmlCache Behavior ::run [ RunTime:0.001317s ]
INFO: [ app_begin ] --END-- [ RunTime:0.001403s ]
SQL: SHOW COLUMNS FROM `app_code` [ RunTime:0.001715s ]
SQL: SELECT * FROM `app_code` WHERE ( username="F1076930" and password="123456789" and groupid="43C1549E222DE8BCFD975AEF5F44443A" ) LIMIT 1   [ RunTime:0.000689s ]
SQL: SHOW COLUMNS FROM `app_group` [ RunTime:0.001287s ]
SQL: SELECT * FROM `app_group` LIMIT 1   [ RunTime:0.000725s ]

[ 2016-03-09T17:50:20+08:00 ] 111.151.6.252 /index.php/Index/iscode/groupid/43C1549E222DE8BCFD975AEF5F44443A/username/F1076930/password/123456789/uuid/90B93C1F-CC8E-41D9-A8A9-E1EC05EEC78F
INFO: [ route_check ] --START--
INFO: CheckRoute Behavior ::run [ RunTime:0.001434s ]
INFO: [ route_check ] --END-- [ RunTime:0.001569s ]
INFO: [ app_begin ] --START--
INFO: ReadHtmlCache Behavior ::run [ RunTime:0.000989s ]
INFO: [ app_begin ] --END-- [ RunTime:0.001075s ]
SQL: SHOW COLUMNS FROM `app_code` [ RunTime:0.001852s ]
SQL: SELECT * FROM `app_code` WHERE ( username="F1076930" and password="123456789" and groupid="43C1549E222DE8BCFD975AEF5F44443A" ) LIMIT 1   [ RunTime:0.000754s ]
SQL: SHOW COLUMNS FROM `app_group` [ RunTime:0.001508s ]
SQL: SELECT * FROM `app_group` LIMIT 1   [ RunTime:0.000610s ]

[ 2016-03-09T17:50:20+08:00 ] 111.151.6.252 /index.php/Uploadprohot
INFO: [ route_check ] --START--
INFO: CheckRoute Behavior ::run [ RunTime:0.001010s ]
INFO: [ route_check ] --END-- [ RunTime:0.001144s ]
INFO: [ app_begin ] --START--
INFO: ReadHtmlCache Behavior ::run [ RunTime:0.000642s ]
INFO: [ app_begin ] --END-- [ RunTime:0.000722s ]

[ 2016-03-09T17:50:20+08:00 ] 111.151.6.252 /index.php/Index/iscode/groupid/43C1549E222DE8BCFD975AEF5F44443A/username/F1076930/password/123456789/uuid/90B93C1F-CC8E-41D9-A8A9-E1EC05EEC78F/type/updata
INFO: [ route_check ] --START--
INFO: CheckRoute Behavior ::run [ RunTime:0.000949s ]
INFO: [ route_check ] --END-- [ RunTime:0.001070s ]
INFO: [ app_begin ] --START--
INFO: ReadHtmlCache Behavior ::run [ RunTime:0.000609s ]
INFO: [ app_begin ] --END-- [ RunTime:0.000692s ]
SQL: SHOW COLUMNS FROM `app_code` [ RunTime:0.001625s ]
SQL: SELECT * FROM `app_code` WHERE ( username="F1076930" and password="123456789" and groupid="43C1549E222DE8BCFD975AEF5F44443A" ) LIMIT 1   [ RunTime:0.000704s ]
SQL: SHOW COLUMNS FROM `app_group` [ RunTime:0.001416s ]
SQL: SELECT * FROM `app_group` LIMIT 1   [ RunTime:0.000687s ]

[ 2016-03-09T17:50:33+08:00 ] 111.151.6.252 /index.php/Index/iscode/groupid/43C1549E222DE8BCFD975AEF5F44443A/username/F1076930/password/123456789/uuid/90B93C1F-CC8E-41D9-A8A9-E1EC05EEC78F/type/updata
INFO: [ route_check ] --START--
INFO: CheckRoute Behavior ::run [ RunTime:0.000987s ]
INFO: [ route_check ] --END-- [ RunTime:0.001099s ]
INFO: [ app_begin ] --START--
INFO: ReadHtmlCache Behavior ::run [ RunTime:0.000605s ]
INFO: [ app_begin ] --END-- [ RunTime:0.000689s ]
SQL: SHOW COLUMNS FROM `app_code` [ RunTime:0.001680s ]
SQL: SELECT * FROM `app_code` WHERE ( username="F1076930" and password="123456789" and groupid="43C1549E222DE8BCFD975AEF5F44443A" ) LIMIT 1   [ RunTime:0.000740s ]
SQL: SHOW COLUMNS FROM `app_group` [ RunTime:0.001414s ]
SQL: SELECT * FROM `app_group` LIMIT 1   [ RunTime:0.000604s ]

[ 2016-03-09T18:39:58+08:00 ] 14.217.110.83 /index.php/Index/iscode/groupid/43C1549E222DE8BCFD975AEF5F44443A/username/f107944/password/12345678/uuid/580C6065-5896-4A67-B723-51C076A01B8C/type/updata
INFO: [ route_check ] --START--
INFO: CheckRoute Behavior ::run [ RunTime:0.001575s ]
INFO: [ route_check ] --END-- [ RunTime:0.001693s ]
INFO: [ app_begin ] --START--
INFO: ReadHtmlCache Behavior ::run [ RunTime:0.001000s ]
INFO: [ app_begin ] --END-- [ RunTime:0.001085s ]
SQL: SHOW COLUMNS FROM `app_code` [ RunTime:0.001874s ]
SQL: SELECT * FROM `app_code` WHERE ( username="f107944" and password="12345678" and groupid="43C1549E222DE8BCFD975AEF5F44443A" ) LIMIT 1   [ RunTime:0.000728s ]
SQL: SHOW COLUMNS FROM `app_group` [ RunTime:0.001576s ]
SQL: SELECT * FROM `app_group` LIMIT 1   [ RunTime:0.000629s ]

[ 2016-03-09T21:27:17+08:00 ] 113.72.97.211 /index.php/Index/iscode/groupid/43C1549E222DE8BCFD975AEF5F44443A/username/2075741/password/12345678/uuid/9AAD2CE2-0B56-445C-B966-FA390D7F90D6
INFO: [ route_check ] --START--
INFO: CheckRoute Behavior ::run [ RunTime:0.001364s ]
INFO: [ route_check ] --END-- [ RunTime:0.001487s ]
INFO: [ app_begin ] --START--
INFO: ReadHtmlCache Behavior ::run [ RunTime:0.001006s ]
INFO: [ app_begin ] --END-- [ RunTime:0.001092s ]
SQL: SHOW COLUMNS FROM `app_code` [ RunTime:0.001892s ]
SQL: SELECT * FROM `app_code` WHERE ( username="2075741" and password="12345678" and groupid="43C1549E222DE8BCFD975AEF5F44443A" ) LIMIT 1   [ RunTime:0.000742s ]
SQL: SHOW COLUMNS FROM `app_group` [ RunTime:0.001512s ]
SQL: SELECT * FROM `app_group` LIMIT 1   [ RunTime:0.000624s ]

[ 2016-03-09T21:27:17+08:00 ] 113.72.97.211 /index.php/Uploadprohot
INFO: [ route_check ] --START--
INFO: CheckRoute Behavior ::run [ RunTime:0.000952s ]
INFO: [ route_check ] --END-- [ RunTime:0.001070s ]
INFO: [ app_begin ] --START--
INFO: ReadHtmlCache Behavior ::run [ RunTime:0.000604s ]
INFO: [ app_begin ] --END-- [ RunTime:0.000684s ]

[ 2016-03-09T21:27:17+08:00 ] 113.72.97.211 /index.php/Index/iscode/groupid/43C1549E222DE8BCFD975AEF5F44443A/username/2075741/password/12345678/uuid/9AAD2CE2-0B56-445C-B966-FA390D7F90D6/type/updata
INFO: [ route_check ] --START--
INFO: CheckRoute Behavior ::run [ RunTime:0.000941s ]
INFO: [ route_check ] --END-- [ RunTime:0.001056s ]
INFO: [ app_begin ] --START--
INFO: ReadHtmlCache Behavior ::run [ RunTime:0.000604s ]
INFO: [ app_begin ] --END-- [ RunTime:0.000687s ]
SQL: SHOW COLUMNS FROM `app_code` [ RunTime:0.001719s ]
SQL: SELECT * FROM `app_code` WHERE ( username="2075741" and password="12345678" and groupid="43C1549E222DE8BCFD975AEF5F44443A" ) LIMIT 1   [ RunTime:0.000732s ]
SQL: SHOW COLUMNS FROM `app_group` [ RunTime:0.001397s ]
SQL: SELECT * FROM `app_group` LIMIT 1   [ RunTime:0.000694s ]

[ 2016-03-09T21:27:27+08:00 ] 113.72.97.211 /index.php/Index/iscode/groupid/43C1549E222DE8BCFD975AEF5F44443A/username/2075741/password/12345678/uuid/9AAD2CE2-0B56-445C-B966-FA390D7F90D6/type/updata
INFO: [ route_check ] --START--
INFO: CheckRoute Behavior ::run [ RunTime:0.000932s ]
INFO: [ route_check ] --END-- [ RunTime:0.001033s ]
INFO: [ app_begin ] --START--
INFO: ReadHtmlCache Behavior ::run [ RunTime:0.000600s ]
INFO: [ app_begin ] --END-- [ RunTime:0.000682s ]
SQL: SHOW COLUMNS FROM `app_code` [ RunTime:0.001673s ]
SQL: SELECT * FROM `app_code` WHERE ( username="2075741" and password="12345678" and groupid="43C1549E222DE8BCFD975AEF5F44443A" ) LIMIT 1   [ RunTime:0.000699s ]
SQL: SHOW COLUMNS FROM `app_group` [ RunTime:0.001303s ]
SQL: SELECT * FROM `app_group` LIMIT 1   [ RunTime:0.000634s ]

[ 2016-03-09T21:46:36+08:00 ] 113.72.97.211 /index.php/Index/iscode/groupid/43C1549E222DE8BCFD975AEF5F44443A/username/2075741/password/12345678/uuid/9AAD2CE2-0B56-445C-B966-FA390D7F90D6/type/updata
INFO: [ route_check ] --START--
INFO: CheckRoute Behavior ::run [ RunTime:0.001351s ]
INFO: [ route_check ] --END-- [ RunTime:0.001474s ]
INFO: [ app_begin ] --START--
INFO: ReadHtmlCache Behavior ::run [ RunTime:0.001012s ]
INFO: [ app_begin ] --END-- [ RunTime:0.001099s ]
SQL: SHOW COLUMNS FROM `app_code` [ RunTime:0.001868s ]
SQL: SELECT * FROM `app_code` WHERE ( username="2075741" and password="12345678" and groupid="43C1549E222DE8BCFD975AEF5F44443A" ) LIMIT 1   [ RunTime:0.000700s ]
SQL: SHOW COLUMNS FROM `app_group` [ RunTime:0.001484s ]
SQL: SELECT * FROM `app_group` LIMIT 1   [ RunTime:0.000617s ]

[ 2016-03-09T21:46:44+08:00 ] 113.72.97.211 /index.php/Index/iscode/groupid/43C1549E222DE8BCFD975AEF5F44443A/username/2075741/password/12345678/uuid/9AAD2CE2-0B56-445C-B966-FA390D7F90D6/type/updata
INFO: [ route_check ] --START--
INFO: CheckRoute Behavior ::run [ RunTime:0.001021s ]
INFO: [ route_check ] --END-- [ RunTime:0.001141s ]
INFO: [ app_begin ] --START--
INFO: ReadHtmlCache Behavior ::run [ RunTime:0.000799s ]
INFO: [ app_begin ] --END-- [ RunTime:0.000898s ]
SQL: SHOW COLUMNS FROM `app_code` [ RunTime:0.001856s ]
SQL: SELECT * FROM `app_code` WHERE ( username="2075741" and password="12345678" and groupid="43C1549E222DE8BCFD975AEF5F44443A" ) LIMIT 1   [ RunTime:0.000812s ]
SQL: SHOW COLUMNS FROM `app_group` [ RunTime:0.001584s ]
SQL: SELECT * FROM `app_group` LIMIT 1   [ RunTime:0.000612s ]

[ 2016-03-09T21:46:49+08:00 ] 113.72.97.211 /index.php/Index/iscode/groupid/43C1549E222DE8BCFD975AEF5F44443A/username/2075741/password/12345678/uuid/9AAD2CE2-0B56-445C-B966-FA390D7F90D6/type/updata
INFO: [ route_check ] --START--
INFO: CheckRoute Behavior ::run [ RunTime:0.001027s ]
INFO: [ route_check ] --END-- [ RunTime:0.001138s ]
INFO: [ app_begin ] --START--
INFO: ReadHtmlCache Behavior ::run [ RunTime:0.000644s ]
INFO: [ app_begin ] --END-- [ RunTime:0.000728s ]
SQL: SHOW COLUMNS FROM `app_code` [ RunTime:0.001818s ]
SQL: SELECT * FROM `app_code` WHERE ( username="2075741" and password="12345678" and groupid="43C1549E222DE8BCFD975AEF5F44443A" ) LIMIT 1   [ RunTime:0.000743s ]
SQL: SHOW COLUMNS FROM `app_group` [ RunTime:0.001712s ]
SQL: SELECT * FROM `app_group` LIMIT 1   [ RunTime:0.000706s ]

[ 2016-03-09T21:46:54+08:00 ] 113.72.97.211 /index.php/Index/iscode/groupid/43C1549E222DE8BCFD975AEF5F44443A/username/2075741/password/12345678/uuid/9AAD2CE2-0B56-445C-B966-FA390D7F90D6/type/updata
INFO: [ route_check ] --START--
INFO: CheckRoute Behavior ::run [ RunTime:0.000956s ]
INFO: [ route_check ] --END-- [ RunTime:0.001074s ]
INFO: [ app_begin ] --START--
INFO: ReadHtmlCache Behavior ::run [ RunTime:0.000917s ]
INFO: [ app_begin ] --END-- [ RunTime:0.001054s ]
SQL: SHOW COLUMNS FROM `app_code` [ RunTime:0.001690s ]
SQL: SELECT * FROM `app_code` WHERE ( username="2075741" and password="12345678" and groupid="43C1549E222DE8BCFD975AEF5F44443A" ) LIMIT 1   [ RunTime:0.000721s ]
SQL: SHOW COLUMNS FROM `app_group` [ RunTime:0.001340s ]
SQL: SELECT * FROM `app_group` LIMIT 1   [ RunTime:0.000625s ]

[ 2016-03-09T21:46:57+08:00 ] 113.72.97.211 /index.php/Index/iscode/groupid/43C1549E222DE8BCFD975AEF5F44443A/username/2075741/password/12345678/uuid/9AAD2CE2-0B56-445C-B966-FA390D7F90D6/type/updata
INFO: [ route_check ] --START--
INFO: CheckRoute Behavior ::run [ RunTime:0.000998s ]
INFO: [ route_check ] --END-- [ RunTime:0.001230s ]
INFO: [ app_begin ] --START--
INFO: ReadHtmlCache Behavior ::run [ RunTime:0.000824s ]
INFO: [ app_begin ] --END-- [ RunTime:0.000914s ]
SQL: SHOW COLUMNS FROM `app_code` [ RunTime:0.001675s ]
SQL: SELECT * FROM `app_code` WHERE ( username="2075741" and password="12345678" and groupid="43C1549E222DE8BCFD975AEF5F44443A" ) LIMIT 1   [ RunTime:0.000749s ]
SQL: SHOW COLUMNS FROM `app_group` [ RunTime:0.001383s ]
SQL: SELECT * FROM `app_group` LIMIT 1   [ RunTime:0.000616s ]

[ 2016-03-09T21:47:01+08:00 ] 113.72.97.211 /index.php/Index/iscode/groupid/43C1549E222DE8BCFD975AEF5F44443A/username/2075741/password/12345678/uuid/9AAD2CE2-0B56-445C-B966-FA390D7F90D6/type/updata
INFO: [ route_check ] --START--
INFO: CheckRoute Behavior ::run [ RunTime:0.001047s ]
INFO: [ route_check ] --END-- [ RunTime:0.001176s ]
INFO: [ app_begin ] --START--
INFO: ReadHtmlCache Behavior ::run [ RunTime:0.000672s ]
INFO: [ app_begin ] --END-- [ RunTime:0.000779s ]
SQL: SHOW COLUMNS FROM `app_code` [ RunTime:0.001902s ]
SQL: SELECT * FROM `app_code` WHERE ( username="2075741" and password="12345678" and groupid="43C1549E222DE8BCFD975AEF5F44443A" ) LIMIT 1   [ RunTime:0.000884s ]
SQL: SHOW COLUMNS FROM `app_group` [ RunTime:0.001381s ]
SQL: SELECT * FROM `app_group` LIMIT 1   [ RunTime:0.000614s ]

[ 2016-03-09T21:47:48+08:00 ] 113.72.97.211 /index.php/Index/iscode/groupid/43C1549E222DE8BCFD975AEF5F44443A/username/2075741/password/12345678/uuid/9AAD2CE2-0B56-445C-B966-FA390D7F90D6/type/updata
INFO: [ route_check ] --START--
INFO: CheckRoute Behavior ::run [ RunTime:0.000943s ]
INFO: [ route_check ] --END-- [ RunTime:0.001058s ]
INFO: [ app_begin ] --START--
INFO: ReadHtmlCache Behavior ::run [ RunTime:0.000607s ]
INFO: [ app_begin ] --END-- [ RunTime:0.000689s ]
SQL: SHOW COLUMNS FROM `app_code` [ RunTime:0.001713s ]
SQL: SELECT * FROM `app_code` WHERE ( username="2075741" and password="12345678" and groupid="43C1549E222DE8BCFD975AEF5F44443A" ) LIMIT 1   [ RunTime:0.000714s ]
SQL: SHOW COLUMNS FROM `app_group` [ RunTime:0.001328s ]
SQL: SELECT * FROM `app_group` LIMIT 1   [ RunTime:0.000642s ]

[ 2016-03-09T21:47:51+08:00 ] 113.72.97.211 /index.php/Index/iscode/groupid/43C1549E222DE8BCFD975AEF5F44443A/username/2075741/password/12345678/uuid/9AAD2CE2-0B56-445C-B966-FA390D7F90D6/type/updata
INFO: [ route_check ] --START--
INFO: CheckRoute Behavior ::run [ RunTime:0.000963s ]
INFO: [ route_check ] --END-- [ RunTime:0.001079s ]
INFO: [ app_begin ] --START--
INFO: ReadHtmlCache Behavior ::run [ RunTime:0.000621s ]
INFO: [ app_begin ] --END-- [ RunTime:0.000706s ]
SQL: SHOW COLUMNS FROM `app_code` [ RunTime:0.001672s ]
SQL: SELECT * FROM `app_code` WHERE ( username="2075741" and password="12345678" and groupid="43C1549E222DE8BCFD975AEF5F44443A" ) LIMIT 1   [ RunTime:0.000735s ]
SQL: SHOW COLUMNS FROM `app_group` [ RunTime:0.001364s ]
SQL: SELECT * FROM `app_group` LIMIT 1   [ RunTime:0.000604s ]

[ 2016-03-09T22:01:50+08:00 ] 61.135.165.10 /index.php
INFO: [ app_begin ] --START--
INFO: ReadHtmlCache Behavior ::run [ RunTime:0.001057s ]
INFO: [ app_begin ] --END-- [ RunTime:0.001176s ]
INFO: [ view_parse ] --START--
INFO: ParseTemplate Behavior ::run [ RunTime:0.020598s ]
INFO: [ view_parse ] --END-- [ RunTime:0.020701s ]
INFO: [ view_filter ] --START--
INFO: ContentReplace Behavior ::run [ RunTime:0.000845s ]
INFO: TokenBuild Behavior ::run [ RunTime:0.000812s ]
INFO: WriteHtmlCache Behavior ::run [ RunTime:0.000659s ]
INFO: ShowRuntime Behavior ::run [ RunTime:0.000882s ]
INFO: [ view_filter ] --END-- [ RunTime:0.003420s ]
INFO: [ view_end ] --START--
INFO: ShowPageTrace Behavior ::run [ RunTime:0.001291s ]
INFO: [ view_end ] --END-- [ RunTime:0.001400s ]

[ 2016-03-09T22:10:42+08:00 ] 113.72.97.211 /index.php/Index/iscode/groupid/43C1549E222DE8BCFD975AEF5F44443A/username/2075741/password/12345678/uuid/9AAD2CE2-0B56-445C-B966-FA390D7F90D6
INFO: [ route_check ] --START--
INFO: CheckRoute Behavior ::run [ RunTime:0.001569s ]
INFO: [ route_check ] --END-- [ RunTime:0.001721s ]
INFO: [ app_begin ] --START--
INFO: ReadHtmlCache Behavior ::run [ RunTime:0.001015s ]
INFO: [ app_begin ] --END-- [ RunTime:0.001104s ]
SQL: SHOW COLUMNS FROM `app_code` [ RunTime:0.002066s ]
SQL: SELECT * FROM `app_code` WHERE ( username="2075741" and password="12345678" and groupid="43C1549E222DE8BCFD975AEF5F44443A" ) LIMIT 1   [ RunTime:0.000741s ]
SQL: SHOW COLUMNS FROM `app_group` [ RunTime:0.001773s ]
SQL: SELECT * FROM `app_group` LIMIT 1   [ RunTime:0.000826s ]

[ 2016-03-09T22:10:42+08:00 ] 113.72.97.211 /index.php/Uploadprohot
INFO: [ route_check ] --START--
INFO: CheckRoute Behavior ::run [ RunTime:0.002023s ]
INFO: [ route_check ] --END-- [ RunTime:0.002177s ]
INFO: [ app_begin ] --START--
INFO: ReadHtmlCache Behavior ::run [ RunTime:0.000768s ]
INFO: [ app_begin ] --END-- [ RunTime:0.000853s ]

[ 2016-03-09T22:10:43+08:00 ] 113.72.97.211 /index.php/Index/iscode/groupid/43C1549E222DE8BCFD975AEF5F44443A/username/2075741/password/12345678/uuid/9AAD2CE2-0B56-445C-B966-FA390D7F90D6/type/updata
INFO: [ route_check ] --START--
INFO: CheckRoute Behavior ::run [ RunTime:0.001021s ]
INFO: [ route_check ] --END-- [ RunTime:0.001134s ]
INFO: [ app_begin ] --START--
INFO: ReadHtmlCache Behavior ::run [ RunTime:0.000620s ]
INFO: [ app_begin ] --END-- [ RunTime:0.000704s ]
SQL: SHOW COLUMNS FROM `app_code` [ RunTime:0.001684s ]
SQL: SELECT * FROM `app_code` WHERE ( username="2075741" and password="12345678" and groupid="43C1549E222DE8BCFD975AEF5F44443A" ) LIMIT 1   [ RunTime:0.000691s ]
SQL: SHOW COLUMNS FROM `app_group` [ RunTime:0.001296s ]
SQL: SELECT * FROM `app_group` LIMIT 1   [ RunTime:0.000671s ]

[ 2016-03-09T22:11:30+08:00 ] 113.72.97.211 /index.php/Index/iscode/groupid/43C1549E222DE8BCFD975AEF5F44443A/username/2075741/password/12345678/uuid/9AAD2CE2-0B56-445C-B966-FA390D7F90D6/type/updata
INFO: [ route_check ] --START--
INFO: CheckRoute Behavior ::run [ RunTime:0.000996s ]
INFO: [ route_check ] --END-- [ RunTime:0.001117s ]
INFO: [ app_begin ] --START--
INFO: ReadHtmlCache Behavior ::run [ RunTime:0.000680s ]
INFO: [ app_begin ] --END-- [ RunTime:0.000764s ]
SQL: SHOW COLUMNS FROM `app_code` [ RunTime:0.001973s ]
SQL: SELECT * FROM `app_code` WHERE ( username="2075741" and password="12345678" and groupid="43C1549E222DE8BCFD975AEF5F44443A" ) LIMIT 1   [ RunTime:0.000822s ]
SQL: SHOW COLUMNS FROM `app_group` [ RunTime:0.001842s ]
SQL: SELECT * FROM `app_group` LIMIT 1   [ RunTime:0.000806s ]

[ 2016-03-09T22:11:39+08:00 ] 113.72.97.211 /index.php/Index/iscode/groupid/43C1549E222DE8BCFD975AEF5F44443A/username/2075741/password/12345678/uuid/9AAD2CE2-0B56-445C-B966-FA390D7F90D6/type/updata
INFO: [ route_check ] --START--
INFO: CheckRoute Behavior ::run [ RunTime:0.000985s ]
INFO: [ route_check ] --END-- [ RunTime:0.001101s ]
INFO: [ app_begin ] --START--
INFO: ReadHtmlCache Behavior ::run [ RunTime:0.000614s ]
INFO: [ app_begin ] --END-- [ RunTime:0.000699s ]
SQL: SHOW COLUMNS FROM `app_code` [ RunTime:0.001795s ]
SQL: SELECT * FROM `app_code` WHERE ( username="2075741" and password="12345678" and groupid="43C1549E222DE8BCFD975AEF5F44443A" ) LIMIT 1   [ RunTime:0.000701s ]
SQL: SHOW COLUMNS FROM `app_group` [ RunTime:0.001302s ]
SQL: SELECT * FROM `app_group` LIMIT 1   [ RunTime:0.000635s ]

[ 2016-03-09T22:11:45+08:00 ] 113.72.97.211 /index.php/Index/iscode/groupid/43C1549E222DE8BCFD975AEF5F44443A/username/2075741/password/12345678/uuid/9AAD2CE2-0B56-445C-B966-FA390D7F90D6/type/updata
INFO: [ route_check ] --START--
INFO: CheckRoute Behavior ::run [ RunTime:0.000942s ]
INFO: [ route_check ] --END-- [ RunTime:0.001054s ]
INFO: [ app_begin ] --START--
INFO: ReadHtmlCache Behavior ::run [ RunTime:0.000616s ]
INFO: [ app_begin ] --END-- [ RunTime:0.000700s ]
SQL: SHOW COLUMNS FROM `app_code` [ RunTime:0.002092s ]
SQL: SELECT * FROM `app_code` WHERE ( username="2075741" and password="12345678" and groupid="43C1549E222DE8BCFD975AEF5F44443A" ) LIMIT 1   [ RunTime:0.000719s ]
SQL: SHOW COLUMNS FROM `app_group` [ RunTime:0.001315s ]
SQL: SELECT * FROM `app_group` LIMIT 1   [ RunTime:0.000613s ]

[ 2016-03-09T22:26:27+08:00 ] 113.72.97.211 /index.php/Index/iscode/groupid/43C1549E222DE8BCFD975AEF5F44443A/username/2075741/password/12345678/uuid/9AAD2CE2-0B56-445C-B966-FA390D7F90D6
INFO: [ route_check ] --START--
INFO: CheckRoute Behavior ::run [ RunTime:0.001445s ]
INFO: [ route_check ] --END-- [ RunTime:0.001584s ]
INFO: [ app_begin ] --START--
INFO: ReadHtmlCache Behavior ::run [ RunTime:0.001099s ]
INFO: [ app_begin ] --END-- [ RunTime:0.001187s ]
SQL: SHOW COLUMNS FROM `app_code` [ RunTime:0.001742s ]
SQL: SELECT * FROM `app_code` WHERE ( username="2075741" and password="12345678" and groupid="43C1549E222DE8BCFD975AEF5F44443A" ) LIMIT 1   [ RunTime:0.000730s ]
SQL: SHOW COLUMNS FROM `app_group` [ RunTime:0.001320s ]
SQL: SELECT * FROM `app_group` LIMIT 1   [ RunTime:0.000616s ]

[ 2016-03-09T22:26:28+08:00 ] 113.72.97.211 /index.php/Uploadprohot
INFO: [ route_check ] --START--
INFO: CheckRoute Behavior ::run [ RunTime:0.001070s ]
INFO: [ route_check ] --END-- [ RunTime:0.001193s ]
INFO: [ app_begin ] --START--
INFO: ReadHtmlCache Behavior ::run [ RunTime:0.000760s ]
INFO: [ app_begin ] --END-- [ RunTime:0.000843s ]

[ 2016-03-09T22:26:28+08:00 ] 113.72.97.211 /index.php/Index/iscode/groupid/43C1549E222DE8BCFD975AEF5F44443A/username/2075741/password/12345678/uuid/9AAD2CE2-0B56-445C-B966-FA390D7F90D6/type/updata
INFO: [ route_check ] --START--
INFO: CheckRoute Behavior ::run [ RunTime:0.000977s ]
INFO: [ route_check ] --END-- [ RunTime:0.001100s ]
INFO: [ app_begin ] --START--
INFO: ReadHtmlCache Behavior ::run [ RunTime:0.000609s ]
INFO: [ app_begin ] --END-- [ RunTime:0.000694s ]
SQL: SHOW COLUMNS FROM `app_code` [ RunTime:0.001793s ]
SQL: SELECT * FROM `app_code` WHERE ( username="2075741" and password="12345678" and groupid="43C1549E222DE8BCFD975AEF5F44443A" ) LIMIT 1   [ RunTime:0.000749s ]
SQL: SHOW COLUMNS FROM `app_group` [ RunTime:0.001389s ]
SQL: SELECT * FROM `app_group` LIMIT 1   [ RunTime:0.000969s ]

[ 2016-03-09T22:26:39+08:00 ] 113.72.97.211 /index.php/Index/iscode/groupid/43C1549E222DE8BCFD975AEF5F44443A/username/2075741/password/12345678/uuid/9AAD2CE2-0B56-445C-B966-FA390D7F90D6/type/updata
INFO: [ route_check ] --START--
INFO: CheckRoute Behavior ::run [ RunTime:0.000931s ]
INFO: [ route_check ] --END-- [ RunTime:0.001035s ]
INFO: [ app_begin ] --START--
INFO: ReadHtmlCache Behavior ::run [ RunTime:0.000603s ]
INFO: [ app_begin ] --END-- [ RunTime:0.000690s ]
SQL: SHOW COLUMNS FROM `app_code` [ RunTime:0.001618s ]
SQL: SELECT * FROM `app_code` WHERE ( username="2075741" and password="12345678" and groupid="43C1549E222DE8BCFD975AEF5F44443A" ) LIMIT 1   [ RunTime:0.000716s ]
SQL: SHOW COLUMNS FROM `app_group` [ RunTime:0.001274s ]
SQL: SELECT * FROM `app_group` LIMIT 1   [ RunTime:0.000589s ]

[ 2016-03-09T22:26:46+08:00 ] 113.72.97.211 /index.php/Index/iscode/groupid/43C1549E222DE8BCFD975AEF5F44443A/username/2075741/password/12345678/uuid/9AAD2CE2-0B56-445C-B966-FA390D7F90D6/type/updata
INFO: [ route_check ] --START--
INFO: CheckRoute Behavior ::run [ RunTime:0.001486s ]
INFO: [ route_check ] --END-- [ RunTime:0.001607s ]
INFO: [ app_begin ] --START--
INFO: ReadHtmlCache Behavior ::run [ RunTime:0.000641s ]
INFO: [ app_begin ] --END-- [ RunTime:0.000726s ]
SQL: SHOW COLUMNS FROM `app_code` [ RunTime:0.001684s ]
SQL: SELECT * FROM `app_code` WHERE ( username="2075741" and password="12345678" and groupid="43C1549E222DE8BCFD975AEF5F44443A" ) LIMIT 1   [ RunTime:0.000720s ]
SQL: SHOW COLUMNS FROM `app_group` [ RunTime:0.001324s ]
SQL: SELECT * FROM `app_group` LIMIT 1   [ RunTime:0.000624s ]

[ 2016-03-09T22:26:51+08:00 ] 113.72.97.211 /index.php/Index/iscode/groupid/43C1549E222DE8BCFD975AEF5F44443A/username/2075741/password/12345678/uuid/9AAD2CE2-0B56-445C-B966-FA390D7F90D6/type/updata
INFO: [ route_check ] --START--
INFO: CheckRoute Behavior ::run [ RunTime:0.001060s ]
INFO: [ route_check ] --END-- [ RunTime:0.001179s ]
INFO: [ app_begin ] --START--
INFO: ReadHtmlCache Behavior ::run [ RunTime:0.000913s ]
INFO: [ app_begin ] --END-- [ RunTime:0.001030s ]
SQL: SHOW COLUMNS FROM `app_code` [ RunTime:0.001712s ]
SQL: SELECT * FROM `app_code` WHERE ( username="2075741" and password="12345678" and groupid="43C1549E222DE8BCFD975AEF5F44443A" ) LIMIT 1   [ RunTime:0.001280s ]
SQL: SHOW COLUMNS FROM `app_group` [ RunTime:0.001384s ]
SQL: SELECT * FROM `app_group` LIMIT 1   [ RunTime:0.000652s ]

[ 2016-03-09T22:50:03+08:00 ] 111.151.6.252 /index.php/Index/iscode/groupid/43C1549E222DE8BCFD975AEF5F44443A/username/F076930/password/12345678/uuid/90B93C1F-CC8E-41D9-A8A9-E1EC05EEC78F
INFO: [ route_check ] --START--
INFO: CheckRoute Behavior ::run [ RunTime:0.001515s ]
INFO: [ route_check ] --END-- [ RunTime:0.001670s ]
INFO: [ app_begin ] --START--
INFO: ReadHtmlCache Behavior ::run [ RunTime:0.001268s ]
INFO: [ app_begin ] --END-- [ RunTime:0.001392s ]
SQL: SHOW COLUMNS FROM `app_code` [ RunTime:0.001979s ]
SQL: SELECT * FROM `app_code` WHERE ( username="F076930" and password="12345678" and groupid="43C1549E222DE8BCFD975AEF5F44443A" ) LIMIT 1   [ RunTime:0.000722s ]
SQL: SHOW COLUMNS FROM `app_group` [ RunTime:0.001571s ]
SQL: SELECT * FROM `app_group` LIMIT 1   [ RunTime:0.000808s ]

[ 2016-03-09T22:50:03+08:00 ] 111.151.6.252 /index.php/Index/iscode/groupid/43C1549E222DE8BCFD975AEF5F44443A/username/F076930/password/12345678/uuid/90B93C1F-CC8E-41D9-A8A9-E1EC05EEC78F/type/updata
INFO: [ route_check ] --START--
INFO: CheckRoute Behavior ::run [ RunTime:0.000943s ]
INFO: [ route_check ] --END-- [ RunTime:0.001063s ]
INFO: [ app_begin ] --START--
INFO: ReadHtmlCache Behavior ::run [ RunTime:0.000603s ]
INFO: [ app_begin ] --END-- [ RunTime:0.000698s ]
SQL: SHOW COLUMNS FROM `app_code` [ RunTime:0.001664s ]
SQL: SELECT * FROM `app_code` WHERE ( username="F076930" and password="12345678" and groupid="43C1549E222DE8BCFD975AEF5F44443A" ) LIMIT 1   [ RunTime:0.000698s ]
SQL: SHOW COLUMNS FROM `app_group` [ RunTime:0.001314s ]
SQL: SELECT * FROM `app_group` LIMIT 1   [ RunTime:0.000596s ]

[ 2016-03-09T22:50:17+08:00 ] 111.151.6.252 /index.php/Index/iscode/groupid/43C1549E222DE8BCFD975AEF5F44443A/username/F076930/password/12345678/uuid/90B93C1F-CC8E-41D9-A8A9-E1EC05EEC78F/type/updata
INFO: [ route_check ] --START--
INFO: CheckRoute Behavior ::run [ RunTime:0.000974s ]
INFO: [ route_check ] --END-- [ RunTime:0.001092s ]
INFO: [ app_begin ] --START--
INFO: ReadHtmlCache Behavior ::run [ RunTime:0.000617s ]
INFO: [ app_begin ] --END-- [ RunTime:0.000700s ]
SQL: SHOW COLUMNS FROM `app_code` [ RunTime:0.001780s ]
SQL: SELECT * FROM `app_code` WHERE ( username="F076930" and password="12345678" and groupid="43C1549E222DE8BCFD975AEF5F44443A" ) LIMIT 1   [ RunTime:0.000761s ]
SQL: SHOW COLUMNS FROM `app_group` [ RunTime:0.001786s ]
SQL: SELECT * FROM `app_group` LIMIT 1   [ RunTime:0.000667s ]

