[ 2016-04-20T07:23:08+08:00 ] 219.131.200.79 /index.php/Index/iscode/groupid/43C1549E222DE8BCFD975AEF5F44443A/username/dongya002/password/12345678/uuid/25F219F2-8117-4223-ACC7-5910AD06A546/type/updata
INFO: [ route_check ] --START--
INFO: CheckRoute Behavior ::run [ RunTime:0.003983s ]
INFO: [ route_check ] --END-- [ RunTime:0.004142s ]
INFO: [ app_begin ] --START--
INFO: ReadHtmlCache Behavior ::run [ RunTime:0.001929s ]
INFO: [ app_begin ] --END-- [ RunTime:0.002067s ]
SQL: SHOW COLUMNS FROM `app_code` [ RunTime:0.055680s ]
SQL: SELECT * FROM `app_code` WHERE ( username="dongya002" and password="12345678" and groupid="43C1549E222DE8BCFD975AEF5F44443A" ) LIMIT 1   [ RunTime:0.010975s ]
SQL: SHOW COLUMNS FROM `app_group` [ RunTime:0.034361s ]
SQL: SELECT * FROM `app_group` WHERE ( `guid` = '43C1549E222DE8BCFD975AEF5F44443A' ) LIMIT 1   [ RunTime:0.000357s ]
SQL: UPDATE `app_code` SET `uuid`='25F219F2-8117-4223-ACC7-5910AD06A546',`binding`=0 WHERE ( `guid` = 'B1F9C6DE677E4184896E95D835A46518' ) [ RunTime:0.023624s ]

[ 2016-04-20T07:48:59+08:00 ] 219.131.200.79 /index.php/Index/iscode/groupid/43C1549E222DE8BCFD975AEF5F44443A/username/dongya002/password/12345678/uuid/25F219F2-8117-4223-ACC7-5910AD06A546/type/updata
INFO: [ route_check ] --START--
INFO: CheckRoute Behavior ::run [ RunTime:0.001356s ]
INFO: [ route_check ] --END-- [ RunTime:0.001490s ]
INFO: [ app_begin ] --START--
INFO: ReadHtmlCache Behavior ::run [ RunTime:0.001010s ]
INFO: [ app_begin ] --END-- [ RunTime:0.001097s ]
SQL: SHOW COLUMNS FROM `app_code` [ RunTime:0.002132s ]
SQL: SELECT * FROM `app_code` WHERE ( username="dongya002" and password="12345678" and groupid="43C1549E222DE8BCFD975AEF5F44443A" ) LIMIT 1   [ RunTime:0.000724s ]
SQL: SHOW COLUMNS FROM `app_group` [ RunTime:0.001453s ]
SQL: SELECT * FROM `app_group` WHERE ( `guid` = '43C1549E222DE8BCFD975AEF5F44443A' ) LIMIT 1   [ RunTime:0.000634s ]
SQL: UPDATE `app_code` SET `uuid`='25F219F2-8117-4223-ACC7-5910AD06A546',`binding`=0 WHERE ( `guid` = 'B1F9C6DE677E4184896E95D835A46518' ) [ RunTime:0.000241s ]

[ 2016-04-20T08:03:21+08:00 ] 220.202.101.25 /index.php/Index/iscode/groupid/43C1549E222DE8BCFD975AEF5F44443A/username/ÁúÌ¶¶«ÑÇ¼ªÏé/password/19721006/uuid/C620CD8D-FAD9-45A5-8D3D-294B60139BE4/type/updata
INFO: [ route_check ] --START--
INFO: CheckRoute Behavior ::run [ RunTime:0.001664s ]
INFO: [ route_check ] --END-- [ RunTime:0.001795s ]
INFO: [ app_begin ] --START--
INFO: ReadHtmlCache Behavior ::run [ RunTime:0.001053s ]
INFO: [ app_begin ] --END-- [ RunTime:0.001140s ]
SQL: SHOW COLUMNS FROM `app_code` [ RunTime:0.001905s ]
SQL: SELECT * FROM `app_code` WHERE ( username="ÁúÌ¶¶«ÑÇ¼ªÏé" and password="19721006" and groupid="43C1549E222DE8BCFD975AEF5F44443A" ) LIMIT 1   [ RunTime:0.000744s ]
SQL: SHOW COLUMNS FROM `app_group` [ RunTime:0.001518s ]
SQL: SELECT * FROM `app_group` LIMIT 1   [ RunTime:0.000618s ]

[ 2016-04-20T08:04:26+08:00 ] 219.131.200.79 /index.php/Index/iscode/groupid/43C1549E222DE8BCFD975AEF5F44443A/username/dongya002/password/12345678/uuid/25F219F2-8117-4223-ACC7-5910AD06A546/type/updata
INFO: [ route_check ] --START--
INFO: CheckRoute Behavior ::run [ RunTime:0.000954s ]
INFO: [ route_check ] --END-- [ RunTime:0.001062s ]
INFO: [ app_begin ] --START--
INFO: ReadHtmlCache Behavior ::run [ RunTime:0.000615s ]
INFO: [ app_begin ] --END-- [ RunTime:0.000699s ]
SQL: SHOW COLUMNS FROM `app_code` [ RunTime:0.001688s ]
SQL: SELECT * FROM `app_code` WHERE ( username="dongya002" and password="12345678" and groupid="43C1549E222DE8BCFD975AEF5F44443A" ) LIMIT 1   [ RunTime:0.000720s ]
SQL: SHOW COLUMNS FROM `app_group` [ RunTime:0.001347s ]
SQL: SELECT * FROM `app_group` WHERE ( `guid` = '43C1549E222DE8BCFD975AEF5F44443A' ) LIMIT 1   [ RunTime:0.000636s ]
SQL: UPDATE `app_code` SET `uuid`='25F219F2-8117-4223-ACC7-5910AD06A546',`binding`=0 WHERE ( `guid` = 'B1F9C6DE677E4184896E95D835A46518' ) [ RunTime:0.000245s ]

[ 2016-04-20T08:22:15+08:00 ] 119.140.3.191 /index.php/Index/iscode/groupid/43C1549E222DE8BCFD975AEF5F44443A/username/dongya007/password/12345678/uuid/7525B52F-5E4A-4306-A085-3E6E9C7ED6D9
INFO: [ route_check ] --START--
INFO: CheckRoute Behavior ::run [ RunTime:0.001356s ]
INFO: [ route_check ] --END-- [ RunTime:0.001467s ]
INFO: [ app_begin ] --START--
INFO: ReadHtmlCache Behavior ::run [ RunTime:0.001017s ]
INFO: [ app_begin ] --END-- [ RunTime:0.001103s ]
SQL: SHOW COLUMNS FROM `app_code` [ RunTime:0.001646s ]
SQL: SELECT * FROM `app_code` WHERE ( username="dongya007" and password="12345678" and groupid="43C1549E222DE8BCFD975AEF5F44443A" ) LIMIT 1   [ RunTime:0.000718s ]
SQL: SHOW COLUMNS FROM `app_group` [ RunTime:0.001296s ]
SQL: SELECT * FROM `app_group` WHERE ( `guid` = '43C1549E222DE8BCFD975AEF5F44443A' ) LIMIT 1   [ RunTime:0.000629s ]
SQL: UPDATE `app_code` SET `uuid`='7525B52F-5E4A-4306-A085-3E6E9C7ED6D9',`binding`=0 WHERE ( `guid` = 'AD94DA8CD3594719B21A691B881FFEBD' ) [ RunTime:0.000243s ]
NOTIC: [8] Undefined index:  type D:\PHPnow\htdocs\dongya\Lib\Action\IndexAction.class.php ç¬¬ 74 è¡Œ.

[ 2016-04-20T08:22:15+08:00 ] 119.140.3.191 /index.php/Uploadprohot
INFO: [ route_check ] --START--
INFO: CheckRoute Behavior ::run [ RunTime:0.001071s ]
INFO: [ route_check ] --END-- [ RunTime:0.001176s ]
INFO: [ app_begin ] --START--
INFO: ReadHtmlCache Behavior ::run [ RunTime:0.000616s ]
INFO: [ app_begin ] --END-- [ RunTime:0.000698s ]
SQL: SHOW COLUMNS FROM `app_pro` [ RunTime:0.057359s ]
SQL: SELECT * FROM `app_pro` WHERE ( guid="C78496C65E3402C26642CC699534B47E" ) LIMIT 1   [ RunTime:0.030481s ]
SQL: UPDATE `app_pro` SET `hot`=8 WHERE ( `guid` = 'C78496C65E3402C26642CC699534B47E' ) [ RunTime:0.000329s ]
SQL: SELECT * FROM `app_pro` WHERE ( guid="81486195DA106B7661FDBDDA86E89BD7" ) LIMIT 1   [ RunTime:0.023829s ]
SQL: UPDATE `app_pro` SET `hot`=4 WHERE ( `guid` = '81486195DA106B7661FDBDDA86E89BD7' ) [ RunTime:0.000259s ]
SQL: SELECT * FROM `app_pro` WHERE ( guid="802F7384A0451C7F8E566B4DF3207868" ) LIMIT 1   [ RunTime:0.000281s ]
SQL: UPDATE `app_pro` SET `hot`=2 WHERE ( `guid` = '802F7384A0451C7F8E566B4DF3207868' ) [ RunTime:0.000230s ]

[ 2016-04-20T08:22:15+08:00 ] 119.140.3.191 /index.php/Index/iscode/groupid/43C1549E222DE8BCFD975AEF5F44443A/username/dongya007/password/12345678/uuid/7525B52F-5E4A-4306-A085-3E6E9C7ED6D9/type/updata
INFO: [ route_check ] --START--
INFO: CheckRoute Behavior ::run [ RunTime:0.000941s ]
INFO: [ route_check ] --END-- [ RunTime:0.001043s ]
INFO: [ app_begin ] --START--
INFO: ReadHtmlCache Behavior ::run [ RunTime:0.000614s ]
INFO: [ app_begin ] --END-- [ RunTime:0.000698s ]
SQL: SHOW COLUMNS FROM `app_code` [ RunTime:0.001689s ]
SQL: SELECT * FROM `app_code` WHERE ( username="dongya007" and password="12345678" and groupid="43C1549E222DE8BCFD975AEF5F44443A" ) LIMIT 1   [ RunTime:0.000756s ]
SQL: SHOW COLUMNS FROM `app_group` [ RunTime:0.001341s ]
SQL: SELECT * FROM `app_group` WHERE ( `guid` = '43C1549E222DE8BCFD975AEF5F44443A' ) LIMIT 1   [ RunTime:0.000631s ]
SQL: UPDATE `app_code` SET `uuid`='7525B52F-5E4A-4306-A085-3E6E9C7ED6D9',`binding`=0 WHERE ( `guid` = 'AD94DA8CD3594719B21A691B881FFEBD' ) [ RunTime:0.000240s ]

[ 2016-04-20T08:44:14+08:00 ] 183.9.1.49 /index.php/Index/iscode/groupid/43C1549E222DE8BCFD975AEF5F44443A/username/dongya002/password/12345678/uuid/BE9B7044-8F7E-44CD-9886-A0F5F3129604
INFO: [ route_check ] --START--
INFO: CheckRoute Behavior ::run [ RunTime:0.001331s ]
INFO: [ route_check ] --END-- [ RunTime:0.001440s ]
INFO: [ app_begin ] --START--
INFO: ReadHtmlCache Behavior ::run [ RunTime:0.000991s ]
INFO: [ app_begin ] --END-- [ RunTime:0.001105s ]
SQL: SHOW COLUMNS FROM `app_code` [ RunTime:0.017206s ]
SQL: SELECT * FROM `app_code` WHERE ( username="dongya002" and password="12345678" and groupid="43C1549E222DE8BCFD975AEF5F44443A" ) LIMIT 1   [ RunTime:0.000721s ]
SQL: SHOW COLUMNS FROM `app_group` [ RunTime:0.001506s ]
SQL: SELECT * FROM `app_group` WHERE ( `guid` = '43C1549E222DE8BCFD975AEF5F44443A' ) LIMIT 1   [ RunTime:0.000641s ]
SQL: UPDATE `app_code` SET `uuid`='BE9B7044-8F7E-44CD-9886-A0F5F3129604',`binding`=0 WHERE ( `guid` = 'B1F9C6DE677E4184896E95D835A46518' ) [ RunTime:0.000263s ]
NOTIC: [8] Undefined index:  type D:\PHPnow\htdocs\dongya\Lib\Action\IndexAction.class.php ç¬¬ 74 è¡Œ.

[ 2016-04-20T08:44:14+08:00 ] 183.9.1.49 /index.php/Uploadprohot
INFO: [ route_check ] --START--
INFO: CheckRoute Behavior ::run [ RunTime:0.001117s ]
INFO: [ route_check ] --END-- [ RunTime:0.001249s ]
INFO: [ app_begin ] --START--
INFO: ReadHtmlCache Behavior ::run [ RunTime:0.000601s ]
INFO: [ app_begin ] --END-- [ RunTime:0.000685s ]
SQL: SHOW COLUMNS FROM `app_pro` [ RunTime:0.002914s ]
SQL: SELECT * FROM `app_pro` WHERE ( guid="E12EF73FCB8B62A5D20DE0E2182A06A1" ) LIMIT 1   [ RunTime:0.000867s ]
SQL: UPDATE `app_pro` SET `hot`=15 WHERE ( `guid` = 'E12EF73FCB8B62A5D20DE0E2182A06A1' ) [ RunTime:0.000275s ]
SQL: SELECT * FROM `app_pro` WHERE ( guid="BD6A319AF56EFC138FDEF4C0AC6357D9" ) LIMIT 1   [ RunTime:0.013762s ]
SQL: UPDATE `app_pro` SET `hot`=48 WHERE ( `guid` = 'BD6A319AF56EFC138FDEF4C0AC6357D9' ) [ RunTime:0.000402s ]
SQL: SELECT * FROM `app_pro` WHERE ( guid="EBAB5F15775D6CD2517CCFBA99C785CE" ) LIMIT 1   [ RunTime:0.000403s ]
SQL: UPDATE `app_pro` SET `hot`=9 WHERE ( `guid` = 'EBAB5F15775D6CD2517CCFBA99C785CE' ) [ RunTime:0.000331s ]
SQL: SELECT * FROM `app_pro` WHERE ( guid="CA44D866E5EC4F959B9A9FB2D8864875" ) LIMIT 1   [ RunTime:0.018886s ]
SQL: UPDATE `app_pro` SET `hot`=96 WHERE ( `guid` = 'CA44D866E5EC4F959B9A9FB2D8864875' ) [ RunTime:0.000325s ]
SQL: SELECT * FROM `app_pro` WHERE ( guid="FB7274A0F2AF49BC97FC0D259B640CA9" ) LIMIT 1   [ RunTime:0.027668s ]
SQL: UPDATE `app_pro` SET `hot`=26 WHERE ( `guid` = 'FB7274A0F2AF49BC97FC0D259B640CA9' ) [ RunTime:0.000495s ]
SQL: SELECT * FROM `app_pro` WHERE ( guid="54940FBC319BECBEDBE133291BEBF041" ) LIMIT 1   [ RunTime:0.000427s ]
SQL: UPDATE `app_pro` SET `hot`=15 WHERE ( `guid` = '54940FBC319BECBEDBE133291BEBF041' ) [ RunTime:0.000331s ]

[ 2016-04-20T08:44:14+08:00 ] 183.9.1.49 /index.php/Index/iscode/groupid/43C1549E222DE8BCFD975AEF5F44443A/username/dongya002/password/12345678/uuid/BE9B7044-8F7E-44CD-9886-A0F5F3129604/type/updata
INFO: [ route_check ] --START--
INFO: CheckRoute Behavior ::run [ RunTime:0.000947s ]
INFO: [ route_check ] --END-- [ RunTime:0.001050s ]
INFO: [ app_begin ] --START--
INFO: ReadHtmlCache Behavior ::run [ RunTime:0.000606s ]
INFO: [ app_begin ] --END-- [ RunTime:0.000690s ]
SQL: SHOW COLUMNS FROM `app_code` [ RunTime:0.001700s ]
SQL: SELECT * FROM `app_code` WHERE ( username="dongya002" and password="12345678" and groupid="43C1549E222DE8BCFD975AEF5F44443A" ) LIMIT 1   [ RunTime:0.000732s ]
SQL: SHOW COLUMNS FROM `app_group` [ RunTime:0.001344s ]
SQL: SELECT * FROM `app_group` WHERE ( `guid` = '43C1549E222DE8BCFD975AEF5F44443A' ) LIMIT 1   [ RunTime:0.000659s ]
SQL: UPDATE `app_code` SET `uuid`='BE9B7044-8F7E-44CD-9886-A0F5F3129604',`binding`=0 WHERE ( `guid` = 'B1F9C6DE677E4184896E95D835A46518' ) [ RunTime:0.000255s ]

[ 2016-04-20T08:46:25+08:00 ] 220.202.101.25 /index.php/Index/iscode/groupid/43C1549E222DE8BCFD975AEF5F44443A/username/ÁúÌ¶¶«ÑÇ¼ªÏé/password/19721006/uuid/C620CD8D-FAD9-45A5-8D3D-294B60139BE4/type/updata
INFO: [ route_check ] --START--
INFO: CheckRoute Behavior ::run [ RunTime:0.001330s ]
INFO: [ route_check ] --END-- [ RunTime:0.001433s ]
INFO: [ app_begin ] --START--
INFO: ReadHtmlCache Behavior ::run [ RunTime:0.001006s ]
INFO: [ app_begin ] --END-- [ RunTime:0.001093s ]
SQL: SHOW COLUMNS FROM `app_code` [ RunTime:0.002145s ]
SQL: SELECT * FROM `app_code` WHERE ( username="ÁúÌ¶¶«ÑÇ¼ªÏé" and password="19721006" and groupid="43C1549E222DE8BCFD975AEF5F44443A" ) LIMIT 1   [ RunTime:0.000963s ]
SQL: SHOW COLUMNS FROM `app_group` [ RunTime:0.001325s ]
SQL: SELECT * FROM `app_group` LIMIT 1   [ RunTime:0.000609s ]

[ 2016-04-20T09:07:37+08:00 ] 111.23.57.193 /index.php/Index/iscode/groupid/43C1549E222DE8BCFD975AEF5F44443A/username/dongya/password/1234/uuid/AD197525-E308-49A8-9026-FD6A5004B84A
INFO: [ route_check ] --START--
INFO: CheckRoute Behavior ::run [ RunTime:0.001374s ]
INFO: [ route_check ] --END-- [ RunTime:0.001521s ]
INFO: [ app_begin ] --START--
INFO: ReadHtmlCache Behavior ::run [ RunTime:0.001097s ]
INFO: [ app_begin ] --END-- [ RunTime:0.001224s ]
SQL: SHOW COLUMNS FROM `app_code` [ RunTime:0.016559s ]
SQL: SELECT * FROM `app_code` WHERE ( username="dongya" and password="1234" and groupid="43C1549E222DE8BCFD975AEF5F44443A" ) LIMIT 1   [ RunTime:0.000793s ]
SQL: SHOW COLUMNS FROM `app_group` [ RunTime:0.002176s ]
SQL: SELECT * FROM `app_group` LIMIT 1   [ RunTime:0.000705s ]

[ 2016-04-20T09:07:37+08:00 ] 111.23.57.193 /index.php/Uploadprohot
INFO: [ route_check ] --START--
INFO: CheckRoute Behavior ::run [ RunTime:0.001004s ]
INFO: [ route_check ] --END-- [ RunTime:0.001140s ]
INFO: [ app_begin ] --START--
INFO: ReadHtmlCache Behavior ::run [ RunTime:0.000662s ]
INFO: [ app_begin ] --END-- [ RunTime:0.000758s ]
SQL: SHOW COLUMNS FROM `app_pro` [ RunTime:0.002365s ]
SQL: SELECT * FROM `app_pro` WHERE ( guid="1BDD0617E5AF4EDE9D5982BE9536FB36" ) LIMIT 1   [ RunTime:0.011445s ]
SQL: UPDATE `app_pro` SET `hot`=72 WHERE ( `guid` = '1BDD0617E5AF4EDE9D5982BE9536FB36' ) [ RunTime:0.000330s ]
SQL: SELECT * FROM `app_pro` WHERE ( guid="D4A9178525A148F9A353A0AF24E26CEA" ) LIMIT 1   [ RunTime:0.000708s ]
SQL: UPDATE `app_pro` SET `hot`=46 WHERE ( `guid` = 'D4A9178525A148F9A353A0AF24E26CEA' ) [ RunTime:0.000232s ]
SQL: SELECT * FROM `app_pro` WHERE ( guid="88134345BA30468FAFEE816A6C7DC053" ) LIMIT 1   [ RunTime:0.000297s ]
SQL: UPDATE `app_pro` SET `hot`=30 WHERE ( `guid` = '88134345BA30468FAFEE816A6C7DC053' ) [ RunTime:0.000229s ]
SQL: SELECT * FROM `app_pro` WHERE ( guid="AAB5C5F382CE4CA9630A8BD99905E1FC" ) LIMIT 1   [ RunTime:0.000273s ]
SQL: UPDATE `app_pro` SET `hot`=58 WHERE ( `guid` = 'AAB5C5F382CE4CA9630A8BD99905E1FC' ) [ RunTime:0.000230s ]
SQL: SELECT * FROM `app_pro` WHERE ( guid="4BCE14DA7A0E2D32BD8F3B3423B1768B" ) LIMIT 1   [ RunTime:0.000269s ]
SQL: UPDATE `app_pro` SET `hot`=32 WHERE ( `guid` = '4BCE14DA7A0E2D32BD8F3B3423B1768B' ) [ RunTime:0.000227s ]
SQL: SELECT * FROM `app_pro` WHERE ( guid="6B504B85F1E76BF3065B98022D8A72D5" ) LIMIT 1   [ RunTime:0.000267s ]
SQL: UPDATE `app_pro` SET `hot`=15 WHERE ( `guid` = '6B504B85F1E76BF3065B98022D8A72D5' ) [ RunTime:0.000223s ]
SQL: SELECT * FROM `app_pro` WHERE ( guid="CA44D866E5EC4F959B9A9FB2D8864875" ) LIMIT 1   [ RunTime:0.000267s ]
SQL: UPDATE `app_pro` SET `hot`=98 WHERE ( `guid` = 'CA44D866E5EC4F959B9A9FB2D8864875' ) [ RunTime:0.000224s ]
SQL: SELECT * FROM `app_pro` WHERE ( guid="08F54CB1ADF8FB9642EA599EA3CD0D35" ) LIMIT 1   [ RunTime:0.000287s ]
SQL: UPDATE `app_pro` SET `hot`=42 WHERE ( `guid` = '08F54CB1ADF8FB9642EA599EA3CD0D35' ) [ RunTime:0.000224s ]
SQL: SELECT * FROM `app_pro` WHERE ( guid="C5CAB2D466BC4C5BBDB277667A618AC9" ) LIMIT 1   [ RunTime:0.000269s ]
SQL: UPDATE `app_pro` SET `hot`=32 WHERE ( `guid` = 'C5CAB2D466BC4C5BBDB277667A618AC9' ) [ RunTime:0.000233s ]
SQL: SELECT * FROM `app_pro` WHERE ( guid="BA7AA8CEF92D4D40931AC4F91B714B9E" ) LIMIT 1   [ RunTime:0.000279s ]
SQL: UPDATE `app_pro` SET `hot`=31 WHERE ( `guid` = 'BA7AA8CEF92D4D40931AC4F91B714B9E' ) [ RunTime:0.000237s ]
SQL: SELECT * FROM `app_pro` WHERE ( guid="5E3A484FBCB2480D8A1B205CA3C4C3DC" ) LIMIT 1   [ RunTime:0.000298s ]
SQL: UPDATE `app_pro` SET `hot`=42 WHERE ( `guid` = '5E3A484FBCB2480D8A1B205CA3C4C3DC' ) [ RunTime:0.000227s ]
SQL: SELECT * FROM `app_pro` WHERE ( guid="1DF5EC29F9AC9462CE163DCDF1F45CB4" ) LIMIT 1   [ RunTime:0.000266s ]
SQL: UPDATE `app_pro` SET `hot`=50 WHERE ( `guid` = '1DF5EC29F9AC9462CE163DCDF1F45CB4' ) [ RunTime:0.000225s ]
SQL: SELECT * FROM `app_pro` WHERE ( guid="1649D8ED6274BE2131D13F0E17F5EC38" ) LIMIT 1   [ RunTime:0.000261s ]
SQL: UPDATE `app_pro` SET `hot`=46 WHERE ( `guid` = '1649D8ED6274BE2131D13F0E17F5EC38' ) [ RunTime:0.000223s ]
SQL: SELECT * FROM `app_pro` WHERE ( guid="921DC0144E1E597BDE934BA871B19984" ) LIMIT 1   [ RunTime:0.000265s ]
SQL: UPDATE `app_pro` SET `hot`=19 WHERE ( `guid` = '921DC0144E1E597BDE934BA871B19984' ) [ RunTime:0.000271s ]
SQL: SELECT * FROM `app_pro` WHERE ( guid="327A9048FC0A4266994F8EB8CB78AC61" ) LIMIT 1   [ RunTime:0.000267s ]
SQL: UPDATE `app_pro` SET `hot`=63 WHERE ( `guid` = '327A9048FC0A4266994F8EB8CB78AC61' ) [ RunTime:0.000236s ]
SQL: SELECT * FROM `app_pro` WHERE ( guid="A44320536DB74B70828A3F056BAB36E3" ) LIMIT 1   [ RunTime:0.000267s ]
SQL: UPDATE `app_pro` SET `hot`=34 WHERE ( `guid` = 'A44320536DB74B70828A3F056BAB36E3' ) [ RunTime:0.000235s ]
SQL: SELECT * FROM `app_pro` WHERE ( guid="D8689411CE50401ABDE48A02045BA96A" ) LIMIT 1   [ RunTime:0.000268s ]
SQL: UPDATE `app_pro` SET `hot`=20 WHERE ( `guid` = 'D8689411CE50401ABDE48A02045BA96A' ) [ RunTime:0.000222s ]
SQL: SELECT * FROM `app_pro` WHERE ( guid="5D622616AE824F739D4C1770B5683665" ) LIMIT 1   [ RunTime:0.000263s ]
SQL: UPDATE `app_pro` SET `hot`=46 WHERE ( `guid` = '5D622616AE824F739D4C1770B5683665' ) [ RunTime:0.000232s ]
SQL: SELECT * FROM `app_pro` WHERE ( guid="A26A337292F04A76B0396CAFE4CA3BA8" ) LIMIT 1   [ RunTime:0.000263s ]
SQL: UPDATE `app_pro` SET `hot`=37 WHERE ( `guid` = 'A26A337292F04A76B0396CAFE4CA3BA8' ) [ RunTime:0.000224s ]
SQL: SELECT * FROM `app_pro` WHERE ( guid="DD8C29E3BE67BFDF7E3F39E18520DF59" ) LIMIT 1   [ RunTime:0.000262s ]
SQL: UPDATE `app_pro` SET `hot`=40 WHERE ( `guid` = 'DD8C29E3BE67BFDF7E3F39E18520DF59' ) [ RunTime:0.000229s ]
SQL: SELECT * FROM `app_pro` WHERE ( guid="B429CF018D487EF6D6B4D0992953ABB2" ) LIMIT 1   [ RunTime:0.000268s ]
SQL: UPDATE `app_pro` SET `hot`=12 WHERE ( `guid` = 'B429CF018D487EF6D6B4D0992953ABB2' ) [ RunTime:0.000231s ]
SQL: SELECT * FROM `app_pro` WHERE ( guid="7329ABA8FABDD2BA22149564B2594730" ) LIMIT 1   [ RunTime:0.000270s ]
SQL: UPDATE `app_pro` SET `hot`=15 WHERE ( `guid` = '7329ABA8FABDD2BA22149564B2594730' ) [ RunTime:0.000226s ]
SQL: SELECT * FROM `app_pro` WHERE ( guid="E1D89BB3396C43CD0454CC0411C0320A" ) LIMIT 1   [ RunTime:0.000279s ]
SQL: UPDATE `app_pro` SET `hot`=15 WHERE ( `guid` = 'E1D89BB3396C43CD0454CC0411C0320A' ) [ RunTime:0.000245s ]
SQL: SELECT * FROM `app_pro` WHERE ( guid="066B900FD221F5E0376B9FC8B041625A" ) LIMIT 1   [ RunTime:0.000269s ]
SQL: UPDATE `app_pro` SET `hot`=20 WHERE ( `guid` = '066B900FD221F5E0376B9FC8B041625A' ) [ RunTime:0.000219s ]

[ 2016-04-20T09:07:37+08:00 ] 111.23.57.193 /index.php/Index/iscode/groupid/43C1549E222DE8BCFD975AEF5F44443A/username/dongya/password/1234/uuid/AD197525-E308-49A8-9026-FD6A5004B84A/type/updata
INFO: [ route_check ] --START--
INFO: CheckRoute Behavior ::run [ RunTime:0.000977s ]
INFO: [ route_check ] --END-- [ RunTime:0.001084s ]
INFO: [ app_begin ] --START--
INFO: ReadHtmlCache Behavior ::run [ RunTime:0.000621s ]
INFO: [ app_begin ] --END-- [ RunTime:0.000705s ]
SQL: SHOW COLUMNS FROM `app_code` [ RunTime:0.001995s ]
SQL: SELECT * FROM `app_code` WHERE ( username="dongya" and password="1234" and groupid="43C1549E222DE8BCFD975AEF5F44443A" ) LIMIT 1   [ RunTime:0.000892s ]
SQL: SHOW COLUMNS FROM `app_group` [ RunTime:0.001770s ]
SQL: SELECT * FROM `app_group` LIMIT 1   [ RunTime:0.000814s ]

[ 2016-04-20T09:10:52+08:00 ] 220.202.101.25 /index.php/Index/iscode/groupid/43C1549E222DE8BCFD975AEF5F44443A/username/ÁúÌ¶¶«ÑÇ¼ªÏé/password/19721006/uuid/C620CD8D-FAD9-45A5-8D3D-294B60139BE4/type/updata
INFO: [ route_check ] --START--
INFO: CheckRoute Behavior ::run [ RunTime:0.001364s ]
INFO: [ route_check ] --END-- [ RunTime:0.001483s ]
INFO: [ app_begin ] --START--
INFO: ReadHtmlCache Behavior ::run [ RunTime:0.000989s ]
INFO: [ app_begin ] --END-- [ RunTime:0.001075s ]
SQL: SHOW COLUMNS FROM `app_code` [ RunTime:0.001715s ]
SQL: SELECT * FROM `app_code` WHERE ( username="ÁúÌ¶¶«ÑÇ¼ªÏé" and password="19721006" and groupid="43C1549E222DE8BCFD975AEF5F44443A" ) LIMIT 1   [ RunTime:0.000761s ]
SQL: SHOW COLUMNS FROM `app_group` [ RunTime:0.001313s ]
SQL: SELECT * FROM `app_group` LIMIT 1   [ RunTime:0.000630s ]

[ 2016-04-20T09:35:03+08:00 ] 58.248.16.36 /index.php/Index/iscode/groupid/43C1549E222DE8BCFD975AEF5F44443A/username/test/password/test/uuid/7AE04622-56CC-4009-B62C-EDAAF4C994D5
INFO: [ route_check ] --START--
INFO: CheckRoute Behavior ::run [ RunTime:0.001827s ]
INFO: [ route_check ] --END-- [ RunTime:0.001949s ]
INFO: [ app_begin ] --START--
INFO: ReadHtmlCache Behavior ::run [ RunTime:0.001393s ]
INFO: [ app_begin ] --END-- [ RunTime:0.001480s ]
SQL: SHOW COLUMNS FROM `app_code` [ RunTime:0.001944s ]
SQL: SELECT * FROM `app_code` WHERE ( username="test" and password="test" and groupid="43C1549E222DE8BCFD975AEF5F44443A" ) LIMIT 1   [ RunTime:0.000750s ]
SQL: SHOW COLUMNS FROM `app_group` [ RunTime:0.001538s ]
SQL: SELECT * FROM `app_group` LIMIT 1   [ RunTime:0.000730s ]

[ 2016-04-20T09:35:04+08:00 ] 58.248.16.36 /index.php/Index/iscode/groupid/43C1549E222DE8BCFD975AEF5F44443A/username/test/password/test/uuid/7AE04622-56CC-4009-B62C-EDAAF4C994D5/type/updata
INFO: [ route_check ] --START--
INFO: CheckRoute Behavior ::run [ RunTime:0.001659s ]
INFO: [ route_check ] --END-- [ RunTime:0.001763s ]
INFO: [ app_begin ] --START--
INFO: ReadHtmlCache Behavior ::run [ RunTime:0.001420s ]
INFO: [ app_begin ] --END-- [ RunTime:0.001510s ]
SQL: SHOW COLUMNS FROM `app_code` [ RunTime:0.001621s ]
SQL: SELECT * FROM `app_code` WHERE ( username="test" and password="test" and groupid="43C1549E222DE8BCFD975AEF5F44443A" ) LIMIT 1   [ RunTime:0.000750s ]
SQL: SHOW COLUMNS FROM `app_group` [ RunTime:0.001288s ]
SQL: SELECT * FROM `app_group` LIMIT 1   [ RunTime:0.000606s ]

[ 2016-04-20T09:35:44+08:00 ] 220.202.101.25 /index.php/Index/iscode/groupid/43C1549E222DE8BCFD975AEF5F44443A/username/ÁúÌ¶¶«ÑÇ¼ªÏé/password/19721006/uuid/C620CD8D-FAD9-45A5-8D3D-294B60139BE4/type/updata
INFO: [ route_check ] --START--
INFO: CheckRoute Behavior ::run [ RunTime:0.001749s ]
INFO: [ route_check ] --END-- [ RunTime:0.001868s ]
INFO: [ app_begin ] --START--
INFO: ReadHtmlCache Behavior ::run [ RunTime:0.001335s ]
INFO: [ app_begin ] --END-- [ RunTime:0.001422s ]
SQL: SHOW COLUMNS FROM `app_code` [ RunTime:0.001767s ]
SQL: SELECT * FROM `app_code` WHERE ( username="ÁúÌ¶¶«ÑÇ¼ªÏé" and password="19721006" and groupid="43C1549E222DE8BCFD975AEF5F44443A" ) LIMIT 1   [ RunTime:0.000730s ]
SQL: SHOW COLUMNS FROM `app_group` [ RunTime:0.001389s ]
SQL: SELECT * FROM `app_group` LIMIT 1   [ RunTime:0.000618s ]

[ 2016-04-20T09:51:32+08:00 ] 121.42.0.87 /index.php
INFO: [ app_begin ] --START--
INFO: ReadHtmlCache Behavior ::run [ RunTime:0.001042s ]
INFO: [ app_begin ] --END-- [ RunTime:0.001165s ]
INFO: [ view_parse ] --START--
INFO: ParseTemplate Behavior ::run [ RunTime:0.062551s ]
INFO: [ view_parse ] --END-- [ RunTime:0.062683s ]
INFO: [ view_filter ] --START--
INFO: ContentReplace Behavior ::run [ RunTime:0.010211s ]
INFO: TokenBuild Behavior ::run [ RunTime:0.002354s ]
INFO: WriteHtmlCache Behavior ::run [ RunTime:0.002692s ]
INFO: ShowRuntime Behavior ::run [ RunTime:0.002776s ]
INFO: [ view_filter ] --END-- [ RunTime:0.018268s ]
INFO: [ view_end ] --START--
INFO: ShowPageTrace Behavior ::run [ RunTime:0.002461s ]
INFO: [ view_end ] --END-- [ RunTime:0.002542s ]

[ 2016-04-20T10:44:49+08:00 ] 163.179.237.191 /index.php/Index/iscode/groupid/43C1549E222DE8BCFD975AEF5F44443A/username/dongya016/password/12345678/uuid/2926B643-3ED6-4346-9390-0787B6E7B3B5
INFO: [ route_check ] --START--
INFO: CheckRoute Behavior ::run [ RunTime:0.001320s ]
INFO: [ route_check ] --END-- [ RunTime:0.001425s ]
INFO: [ app_begin ] --START--
INFO: ReadHtmlCache Behavior ::run [ RunTime:0.000982s ]
INFO: [ app_begin ] --END-- [ RunTime:0.001067s ]
SQL: SHOW COLUMNS FROM `app_code` [ RunTime:0.001819s ]
SQL: SELECT * FROM `app_code` WHERE ( username="dongya016" and password="12345678" and groupid="43C1549E222DE8BCFD975AEF5F44443A" ) LIMIT 1   [ RunTime:0.000731s ]
SQL: SHOW COLUMNS FROM `app_group` [ RunTime:0.001589s ]
SQL: SELECT * FROM `app_group` WHERE ( `guid` = '43C1549E222DE8BCFD975AEF5F44443A' ) LIMIT 1   [ RunTime:0.000641s ]
SQL: UPDATE `app_code` SET `uuid`='2926B643-3ED6-4346-9390-0787B6E7B3B5',`binding`=0 WHERE ( `guid` = '16127BB894594FC59193D9375E3BB657' ) [ RunTime:0.000255s ]
NOTIC: [8] Undefined index:  type D:\PHPnow\htdocs\dongya\Lib\Action\IndexAction.class.php ç¬¬ 74 è¡Œ.

[ 2016-04-20T10:44:50+08:00 ] 163.179.237.191 /index.php/Index/iscode/groupid/43C1549E222DE8BCFD975AEF5F44443A/username/dongya016/password/12345678/uuid/2926B643-3ED6-4346-9390-0787B6E7B3B5/type/updata
INFO: [ route_check ] --START--
INFO: CheckRoute Behavior ::run [ RunTime:0.000981s ]
INFO: [ route_check ] --END-- [ RunTime:0.001084s ]
INFO: [ app_begin ] --START--
INFO: ReadHtmlCache Behavior ::run [ RunTime:0.000605s ]
INFO: [ app_begin ] --END-- [ RunTime:0.000687s ]
SQL: SHOW COLUMNS FROM `app_code` [ RunTime:0.001911s ]
SQL: SELECT * FROM `app_code` WHERE ( username="dongya016" and password="12345678" and groupid="43C1549E222DE8BCFD975AEF5F44443A" ) LIMIT 1   [ RunTime:0.000735s ]
SQL: SHOW COLUMNS FROM `app_group` [ RunTime:0.001781s ]
SQL: SELECT * FROM `app_group` WHERE ( `guid` = '43C1549E222DE8BCFD975AEF5F44443A' ) LIMIT 1   [ RunTime:0.000661s ]
SQL: UPDATE `app_code` SET `uuid`='2926B643-3ED6-4346-9390-0787B6E7B3B5',`binding`=0 WHERE ( `guid` = '16127BB894594FC59193D9375E3BB657' ) [ RunTime:0.000289s ]

[ 2016-04-20T10:47:15+08:00 ] 220.202.101.25 /index.php/Index/iscode/groupid/43C1549E222DE8BCFD975AEF5F44443A/username/ÁúÌ¶¶«ÑÇ¼ªÏé/password/19721006/uuid/C620CD8D-FAD9-45A5-8D3D-294B60139BE4/type/updata
INFO: [ route_check ] --START--
INFO: CheckRoute Behavior ::run [ RunTime:0.001336s ]
INFO: [ route_check ] --END-- [ RunTime:0.001455s ]
INFO: [ app_begin ] --START--
INFO: ReadHtmlCache Behavior ::run [ RunTime:0.001031s ]
INFO: [ app_begin ] --END-- [ RunTime:0.001119s ]
SQL: SHOW COLUMNS FROM `app_code` [ RunTime:0.002037s ]
SQL: SELECT * FROM `app_code` WHERE ( username="ÁúÌ¶¶«ÑÇ¼ªÏé" and password="19721006" and groupid="43C1549E222DE8BCFD975AEF5F44443A" ) LIMIT 1   [ RunTime:0.000867s ]
SQL: SHOW COLUMNS FROM `app_group` [ RunTime:0.001473s ]
SQL: SELECT * FROM `app_group` LIMIT 1   [ RunTime:0.000653s ]

[ 2016-04-20T10:47:20+08:00 ] 220.202.101.25 /index.php/Index/iscode/groupid/43C1549E222DE8BCFD975AEF5F44443A/username/ÁúÌ¶¶«ÑÇ¼ªÏé/password/19721006/uuid/C620CD8D-FAD9-45A5-8D3D-294B60139BE4/type/updata
INFO: [ route_check ] --START--
INFO: CheckRoute Behavior ::run [ RunTime:0.001128s ]
INFO: [ route_check ] --END-- [ RunTime:0.001253s ]
INFO: [ app_begin ] --START--
INFO: ReadHtmlCache Behavior ::run [ RunTime:0.000890s ]
INFO: [ app_begin ] --END-- [ RunTime:0.000976s ]
SQL: SHOW COLUMNS FROM `app_code` [ RunTime:0.001822s ]
SQL: SELECT * FROM `app_code` WHERE ( username="ÁúÌ¶¶«ÑÇ¼ªÏé" and password="19721006" and groupid="43C1549E222DE8BCFD975AEF5F44443A" ) LIMIT 1   [ RunTime:0.000739s ]
SQL: SHOW COLUMNS FROM `app_group` [ RunTime:0.001328s ]
SQL: SELECT * FROM `app_group` LIMIT 1   [ RunTime:0.000605s ]

[ 2016-04-20T10:54:42+08:00 ] 163.179.237.191 /index.php/Index/iscode/groupid/43C1549E222DE8BCFD975AEF5F44443A/username/dongya016/password/12345678/uuid/2926B643-3ED6-4346-9390-0787B6E7B3B5/type/updata
INFO: [ route_check ] --START--
INFO: CheckRoute Behavior ::run [ RunTime:0.001355s ]
INFO: [ route_check ] --END-- [ RunTime:0.001467s ]
INFO: [ app_begin ] --START--
INFO: ReadHtmlCache Behavior ::run [ RunTime:0.000988s ]
INFO: [ app_begin ] --END-- [ RunTime:0.001072s ]
SQL: SHOW COLUMNS FROM `app_code` [ RunTime:0.001798s ]
SQL: SELECT * FROM `app_code` WHERE ( username="dongya016" and password="12345678" and groupid="43C1549E222DE8BCFD975AEF5F44443A" ) LIMIT 1   [ RunTime:0.000958s ]
SQL: SHOW COLUMNS FROM `app_group` [ RunTime:0.001557s ]
SQL: SELECT * FROM `app_group` WHERE ( `guid` = '43C1549E222DE8BCFD975AEF5F44443A' ) LIMIT 1   [ RunTime:0.000672s ]
SQL: UPDATE `app_code` SET `uuid`='2926B643-3ED6-4346-9390-0787B6E7B3B5',`binding`=0 WHERE ( `guid` = '16127BB894594FC59193D9375E3BB657' ) [ RunTime:0.000244s ]

[ 2016-04-20T10:54:54+08:00 ] 163.179.237.191 /index.php/Index/iscode/groupid/43C1549E222DE8BCFD975AEF5F44443A/username/dongya016/password/12345678/uuid/2926B643-3ED6-4346-9390-0787B6E7B3B5/type/updata
INFO: [ route_check ] --START--
INFO: CheckRoute Behavior ::run [ RunTime:0.000971s ]
INFO: [ route_check ] --END-- [ RunTime:0.001105s ]
INFO: [ app_begin ] --START--
INFO: ReadHtmlCache Behavior ::run [ RunTime:0.000633s ]
INFO: [ app_begin ] --END-- [ RunTime:0.000717s ]
SQL: SHOW COLUMNS FROM `app_code` [ RunTime:0.001832s ]
SQL: SELECT * FROM `app_code` WHERE ( username="dongya016" and password="12345678" and groupid="43C1549E222DE8BCFD975AEF5F44443A" ) LIMIT 1   [ RunTime:0.000755s ]
SQL: SHOW COLUMNS FROM `app_group` [ RunTime:0.001369s ]
SQL: SELECT * FROM `app_group` WHERE ( `guid` = '43C1549E222DE8BCFD975AEF5F44443A' ) LIMIT 1   [ RunTime:0.000640s ]
SQL: UPDATE `app_code` SET `uuid`='2926B643-3ED6-4346-9390-0787B6E7B3B5',`binding`=0 WHERE ( `guid` = '16127BB894594FC59193D9375E3BB657' ) [ RunTime:0.000238s ]

[ 2016-04-20T11:01:29+08:00 ] 163.179.237.191 /index.php/Index/iscode/groupid/43C1549E222DE8BCFD975AEF5F44443A/username/dongya016/password/12345678/uuid/2926B643-3ED6-4346-9390-0787B6E7B3B5/type/updata
INFO: [ route_check ] --START--
INFO: CheckRoute Behavior ::run [ RunTime:0.001823s ]
INFO: [ route_check ] --END-- [ RunTime:0.001941s ]
INFO: [ app_begin ] --START--
INFO: ReadHtmlCache Behavior ::run [ RunTime:0.000991s ]
INFO: [ app_begin ] --END-- [ RunTime:0.001077s ]
SQL: SHOW COLUMNS FROM `app_code` [ RunTime:0.001930s ]
SQL: SELECT * FROM `app_code` WHERE ( username="dongya016" and password="12345678" and groupid="43C1549E222DE8BCFD975AEF5F44443A" ) LIMIT 1   [ RunTime:0.000748s ]
SQL: SHOW COLUMNS FROM `app_group` [ RunTime:0.001478s ]
SQL: SELECT * FROM `app_group` WHERE ( `guid` = '43C1549E222DE8BCFD975AEF5F44443A' ) LIMIT 1   [ RunTime:0.000637s ]
SQL: UPDATE `app_code` SET `uuid`='2926B643-3ED6-4346-9390-0787B6E7B3B5',`binding`=0 WHERE ( `guid` = '16127BB894594FC59193D9375E3BB657' ) [ RunTime:0.000244s ]

[ 2016-04-20T11:06:43+08:00 ] 27.42.98.131 /index.php/Index/iscode/groupid/43C1549E222DE8BCFD975AEF5F44443A/username/dongya002/password/12345678/uuid/25F219F2-8117-4223-ACC7-5910AD06A546/type/updata
INFO: [ route_check ] --START--
INFO: CheckRoute Behavior ::run [ RunTime:0.001398s ]
INFO: [ route_check ] --END-- [ RunTime:0.001518s ]
INFO: [ app_begin ] --START--
INFO: ReadHtmlCache Behavior ::run [ RunTime:0.001060s ]
INFO: [ app_begin ] --END-- [ RunTime:0.001150s ]
SQL: SHOW COLUMNS FROM `app_code` [ RunTime:0.001804s ]
SQL: SELECT * FROM `app_code` WHERE ( username="dongya002" and password="12345678" and groupid="43C1549E222DE8BCFD975AEF5F44443A" ) LIMIT 1   [ RunTime:0.000751s ]
SQL: SHOW COLUMNS FROM `app_group` [ RunTime:0.001381s ]
SQL: SELECT * FROM `app_group` WHERE ( `guid` = '43C1549E222DE8BCFD975AEF5F44443A' ) LIMIT 1   [ RunTime:0.000707s ]
SQL: UPDATE `app_code` SET `uuid`='25F219F2-8117-4223-ACC7-5910AD06A546',`binding`=0 WHERE ( `guid` = 'B1F9C6DE677E4184896E95D835A46518' ) [ RunTime:0.000283s ]

[ 2016-04-20T11:06:44+08:00 ] 27.42.98.131 /index.php/Index/iscode/groupid/43C1549E222DE8BCFD975AEF5F44443A/username/dongya002/password/12345678/uuid/25F219F2-8117-4223-ACC7-5910AD06A546/type/updata
INFO: [ route_check ] --START--
INFO: CheckRoute Behavior ::run [ RunTime:0.000971s ]
INFO: [ route_check ] --END-- [ RunTime:0.001091s ]
INFO: [ app_begin ] --START--
INFO: ReadHtmlCache Behavior ::run [ RunTime:0.000620s ]
INFO: [ app_begin ] --END-- [ RunTime:0.000708s ]
SQL: SHOW COLUMNS FROM `app_code` [ RunTime:0.001709s ]
SQL: SELECT * FROM `app_code` WHERE ( username="dongya002" and password="12345678" and groupid="43C1549E222DE8BCFD975AEF5F44443A" ) LIMIT 1   [ RunTime:0.000766s ]
SQL: SHOW COLUMNS FROM `app_group` [ RunTime:0.001465s ]
SQL: SELECT * FROM `app_group` WHERE ( `guid` = '43C1549E222DE8BCFD975AEF5F44443A' ) LIMIT 1   [ RunTime:0.000639s ]
SQL: UPDATE `app_code` SET `uuid`='25F219F2-8117-4223-ACC7-5910AD06A546',`binding`=0 WHERE ( `guid` = 'B1F9C6DE677E4184896E95D835A46518' ) [ RunTime:0.000247s ]

[ 2016-04-20T11:06:45+08:00 ] 27.42.98.131 /index.php/Index/iscode/groupid/43C1549E222DE8BCFD975AEF5F44443A/username/dongya002/password/12345678/uuid/25F219F2-8117-4223-ACC7-5910AD06A546/type/updata
INFO: [ route_check ] --START--
INFO: CheckRoute Behavior ::run [ RunTime:0.001085s ]
INFO: [ route_check ] --END-- [ RunTime:0.001247s ]
INFO: [ app_begin ] --START--
INFO: ReadHtmlCache Behavior ::run [ RunTime:0.000858s ]
INFO: [ app_begin ] --END-- [ RunTime:0.000962s ]
SQL: SHOW COLUMNS FROM `app_code` [ RunTime:0.001767s ]
SQL: SELECT * FROM `app_code` WHERE ( username="dongya002" and password="12345678" and groupid="43C1549E222DE8BCFD975AEF5F44443A" ) LIMIT 1   [ RunTime:0.000729s ]
SQL: SHOW COLUMNS FROM `app_group` [ RunTime:0.001349s ]
SQL: SELECT * FROM `app_group` WHERE ( `guid` = '43C1549E222DE8BCFD975AEF5F44443A' ) LIMIT 1   [ RunTime:0.000653s ]
SQL: UPDATE `app_code` SET `uuid`='25F219F2-8117-4223-ACC7-5910AD06A546',`binding`=0 WHERE ( `guid` = 'B1F9C6DE677E4184896E95D835A46518' ) [ RunTime:0.000245s ]

[ 2016-04-20T11:14:23+08:00 ] 163.179.237.191 /index.php/Index/iscode/groupid/43C1549E222DE8BCFD975AEF5F44443A/username/dongya016/password/12345678/uuid/2926B643-3ED6-4346-9390-0787B6E7B3B5
INFO: [ route_check ] --START--
INFO: CheckRoute Behavior ::run [ RunTime:0.001330s ]
INFO: [ route_check ] --END-- [ RunTime:0.001434s ]
INFO: [ app_begin ] --START--
INFO: ReadHtmlCache Behavior ::run [ RunTime:0.001019s ]
INFO: [ app_begin ] --END-- [ RunTime:0.001109s ]
SQL: SHOW COLUMNS FROM `app_code` [ RunTime:0.001633s ]
SQL: SELECT * FROM `app_code` WHERE ( username="dongya016" and password="12345678" and groupid="43C1549E222DE8BCFD975AEF5F44443A" ) LIMIT 1   [ RunTime:0.000840s ]
SQL: SHOW COLUMNS FROM `app_group` [ RunTime:0.001412s ]
SQL: SELECT * FROM `app_group` WHERE ( `guid` = '43C1549E222DE8BCFD975AEF5F44443A' ) LIMIT 1   [ RunTime:0.000621s ]
SQL: UPDATE `app_code` SET `uuid`='2926B643-3ED6-4346-9390-0787B6E7B3B5',`binding`=0 WHERE ( `guid` = '16127BB894594FC59193D9375E3BB657' ) [ RunTime:0.000239s ]
NOTIC: [8] Undefined index:  type D:\PHPnow\htdocs\dongya\Lib\Action\IndexAction.class.php ç¬¬ 74 è¡Œ.

[ 2016-04-20T11:14:24+08:00 ] 163.179.237.191 /index.php/Index/iscode/groupid/43C1549E222DE8BCFD975AEF5F44443A/username/dongya016/password/12345678/uuid/2926B643-3ED6-4346-9390-0787B6E7B3B5/type/updata
INFO: [ route_check ] --START--
INFO: CheckRoute Behavior ::run [ RunTime:0.001121s ]
INFO: [ route_check ] --END-- [ RunTime:0.001244s ]
INFO: [ app_begin ] --START--
INFO: ReadHtmlCache Behavior ::run [ RunTime:0.000963s ]
INFO: [ app_begin ] --END-- [ RunTime:0.001075s ]
SQL: SHOW COLUMNS FROM `app_code` [ RunTime:0.002605s ]
SQL: SELECT * FROM `app_code` WHERE ( username="dongya016" and password="12345678" and groupid="43C1549E222DE8BCFD975AEF5F44443A" ) LIMIT 1   [ RunTime:0.000914s ]
SQL: SHOW COLUMNS FROM `app_group` [ RunTime:0.001672s ]
SQL: SELECT * FROM `app_group` WHERE ( `guid` = '43C1549E222DE8BCFD975AEF5F44443A' ) LIMIT 1   [ RunTime:0.000749s ]
SQL: UPDATE `app_code` SET `uuid`='2926B643-3ED6-4346-9390-0787B6E7B3B5',`binding`=0 WHERE ( `guid` = '16127BB894594FC59193D9375E3BB657' ) [ RunTime:0.000278s ]

[ 2016-04-20T11:14:50+08:00 ] 163.179.237.191 /index.php/Index/iscode/groupid/43C1549E222DE8BCFD975AEF5F44443A/username/dongya016/password/12345678/uuid/2926B643-3ED6-4346-9390-0787B6E7B3B5/type/updata
INFO: [ route_check ] --START--
INFO: CheckRoute Behavior ::run [ RunTime:0.001068s ]
INFO: [ route_check ] --END-- [ RunTime:0.001173s ]
INFO: [ app_begin ] --START--
INFO: ReadHtmlCache Behavior ::run [ RunTime:0.000825s ]
INFO: [ app_begin ] --END-- [ RunTime:0.000911s ]
SQL: SHOW COLUMNS FROM `app_code` [ RunTime:0.002093s ]
SQL: SELECT * FROM `app_code` WHERE ( username="dongya016" and password="12345678" and groupid="43C1549E222DE8BCFD975AEF5F44443A" ) LIMIT 1   [ RunTime:0.000731s ]
SQL: SHOW COLUMNS FROM `app_group` [ RunTime:0.001339s ]
SQL: SELECT * FROM `app_group` WHERE ( `guid` = '43C1549E222DE8BCFD975AEF5F44443A' ) LIMIT 1   [ RunTime:0.000620s ]
SQL: UPDATE `app_code` SET `uuid`='2926B643-3ED6-4346-9390-0787B6E7B3B5',`binding`=0 WHERE ( `guid` = '16127BB894594FC59193D9375E3BB657' ) [ RunTime:0.000239s ]

[ 2016-04-20T11:39:57+08:00 ] 220.202.101.25 /index.php/Index/iscode/groupid/43C1549E222DE8BCFD975AEF5F44443A/username/ÁúÌ¶¶«ÑÇ¼ªÏé/password/19721006/uuid/C620CD8D-FAD9-45A5-8D3D-294B60139BE4
INFO: [ route_check ] --START--
INFO: CheckRoute Behavior ::run [ RunTime:0.001669s ]
INFO: [ route_check ] --END-- [ RunTime:0.001814s ]
INFO: [ app_begin ] --START--
INFO: ReadHtmlCache Behavior ::run [ RunTime:0.001015s ]
INFO: [ app_begin ] --END-- [ RunTime:0.001104s ]
SQL: SHOW COLUMNS FROM `app_code` [ RunTime:0.001890s ]
SQL: SELECT * FROM `app_code` WHERE ( username="ÁúÌ¶¶«ÑÇ¼ªÏé" and password="19721006" and groupid="43C1549E222DE8BCFD975AEF5F44443A" ) LIMIT 1   [ RunTime:0.000754s ]
SQL: SHOW COLUMNS FROM `app_group` [ RunTime:0.001535s ]
SQL: SELECT * FROM `app_group` LIMIT 1   [ RunTime:0.000618s ]

[ 2016-04-20T11:39:57+08:00 ] 220.202.101.25 /index.php/Uploadprohot
INFO: [ route_check ] --START--
INFO: CheckRoute Behavior ::run [ RunTime:0.000930s ]
INFO: [ route_check ] --END-- [ RunTime:0.001032s ]
INFO: [ app_begin ] --START--
INFO: ReadHtmlCache Behavior ::run [ RunTime:0.000796s ]
INFO: [ app_begin ] --END-- [ RunTime:0.000877s ]
SQL: SHOW COLUMNS FROM `app_pro` [ RunTime:0.002053s ]
SQL: SELECT * FROM `app_pro` WHERE ( guid="1DF5EC29F9AC9462CE163DCDF1F45CB4" ) LIMIT 1   [ RunTime:0.000813s ]
SQL: UPDATE `app_pro` SET `hot`=52 WHERE ( `guid` = '1DF5EC29F9AC9462CE163DCDF1F45CB4' ) [ RunTime:0.000261s ]

[ 2016-04-20T11:39:57+08:00 ] 220.202.101.25 /index.php/Index/iscode/groupid/43C1549E222DE8BCFD975AEF5F44443A/username/ÁúÌ¶¶«ÑÇ¼ªÏé/password/19721006/uuid/C620CD8D-FAD9-45A5-8D3D-294B60139BE4/type/updata
INFO: [ route_check ] --START--
INFO: CheckRoute Behavior ::run [ RunTime:0.000944s ]
INFO: [ route_check ] --END-- [ RunTime:0.001046s ]
INFO: [ app_begin ] --START--
INFO: ReadHtmlCache Behavior ::run [ RunTime:0.000837s ]
INFO: [ app_begin ] --END-- [ RunTime:0.000925s ]
SQL: SHOW COLUMNS FROM `app_code` [ RunTime:0.001784s ]
SQL: SELECT * FROM `app_code` WHERE ( username="ÁúÌ¶¶«ÑÇ¼ªÏé" and password="19721006" and groupid="43C1549E222DE8BCFD975AEF5F44443A" ) LIMIT 1   [ RunTime:0.000716s ]
SQL: SHOW COLUMNS FROM `app_group` [ RunTime:0.001353s ]
SQL: SELECT * FROM `app_group` LIMIT 1   [ RunTime:0.000621s ]

[ 2016-04-20T11:40:31+08:00 ] 220.202.101.25 /index.php/Index/iscode/groupid/43C1549E222DE8BCFD975AEF5F44443A/username/ÁúÌ¶¶«ÑÇ¼ªÏé/password/19721006/uuid/C620CD8D-FAD9-45A5-8D3D-294B60139BE4/type/updata
INFO: [ route_check ] --START--
INFO: CheckRoute Behavior ::run [ RunTime:0.001335s ]
INFO: [ route_check ] --END-- [ RunTime:0.001453s ]
INFO: [ app_begin ] --START--
INFO: ReadHtmlCache Behavior ::run [ RunTime:0.001041s ]
INFO: [ app_begin ] --END-- [ RunTime:0.001126s ]
SQL: SHOW COLUMNS FROM `app_code` [ RunTime:0.001611s ]
SQL: SELECT * FROM `app_code` WHERE ( username="ÁúÌ¶¶«ÑÇ¼ªÏé" and password="19721006" and groupid="43C1549E222DE8BCFD975AEF5F44443A" ) LIMIT 1   [ RunTime:0.000717s ]
SQL: SHOW COLUMNS FROM `app_group` [ RunTime:0.001286s ]
SQL: SELECT * FROM `app_group` LIMIT 1   [ RunTime:0.000599s ]

[ 2016-04-20T12:05:55+08:00 ] 220.202.101.25 /index.php/Index/iscode/groupid/43C1549E222DE8BCFD975AEF5F44443A/username/ÁúÌ¶¶«ÑÇ¼ªÏé/password/19721006/uuid/C620CD8D-FAD9-45A5-8D3D-294B60139BE4/type/updata
INFO: [ route_check ] --START--
INFO: CheckRoute Behavior ::run [ RunTime:0.003385s ]
INFO: [ route_check ] --END-- [ RunTime:0.003525s ]
INFO: [ app_begin ] --START--
INFO: ReadHtmlCache Behavior ::run [ RunTime:0.001978s ]
INFO: [ app_begin ] --END-- [ RunTime:0.002071s ]
SQL: SHOW COLUMNS FROM `app_code` [ RunTime:0.031042s ]
SQL: SELECT * FROM `app_code` WHERE ( username="ÁúÌ¶¶«ÑÇ¼ªÏé" and password="19721006" and groupid="43C1549E222DE8BCFD975AEF5F44443A" ) LIMIT 1   [ RunTime:0.000899s ]
SQL: SHOW COLUMNS FROM `app_group` [ RunTime:0.014594s ]
SQL: SELECT * FROM `app_group` LIMIT 1   [ RunTime:0.000889s ]

[ 2016-04-20T12:06:29+08:00 ] 220.202.101.25 /index.php/Index/iscode/groupid/43C1549E222DE8BCFD975AEF5F44443A/username/ÁúÌ¶¶«ÑÇ¼ªÏé/password/19721006/uuid/C620CD8D-FAD9-45A5-8D3D-294B60139BE4/type/updata
INFO: [ route_check ] --START--
INFO: CheckRoute Behavior ::run [ RunTime:0.001607s ]
INFO: [ route_check ] --END-- [ RunTime:0.001902s ]
INFO: [ app_begin ] --START--
INFO: ReadHtmlCache Behavior ::run [ RunTime:0.001440s ]
INFO: [ app_begin ] --END-- [ RunTime:0.001585s ]
SQL: SHOW COLUMNS FROM `app_code` [ RunTime:0.001815s ]
SQL: SELECT * FROM `app_code` WHERE ( username="ÁúÌ¶¶«ÑÇ¼ªÏé" and password="19721006" and groupid="43C1549E222DE8BCFD975AEF5F44443A" ) LIMIT 1   [ RunTime:0.000751s ]
SQL: SHOW COLUMNS FROM `app_group` [ RunTime:0.001356s ]
SQL: SELECT * FROM `app_group` LIMIT 1   [ RunTime:0.000616s ]

[ 2016-04-20T12:22:56+08:00 ] 220.202.101.25 /index.php/Index/iscode/groupid/43C1549E222DE8BCFD975AEF5F44443A/username/ÁúÌ¶¶«ÑÇ¼ªÏé/password/19721006/uuid/C620CD8D-FAD9-45A5-8D3D-294B60139BE4/type/updata
INFO: [ route_check ] --START--
INFO: CheckRoute Behavior ::run [ RunTime:0.001449s ]
INFO: [ route_check ] --END-- [ RunTime:0.001584s ]
INFO: [ app_begin ] --START--
INFO: ReadHtmlCache Behavior ::run [ RunTime:0.001001s ]
INFO: [ app_begin ] --END-- [ RunTime:0.001090s ]
SQL: SHOW COLUMNS FROM `app_code` [ RunTime:0.001980s ]
SQL: SELECT * FROM `app_code` WHERE ( username="ÁúÌ¶¶«ÑÇ¼ªÏé" and password="19721006" and groupid="43C1549E222DE8BCFD975AEF5F44443A" ) LIMIT 1   [ RunTime:0.000996s ]
SQL: SHOW COLUMNS FROM `app_group` [ RunTime:0.001963s ]
SQL: SELECT * FROM `app_group` LIMIT 1   [ RunTime:0.000792s ]

[ 2016-04-20T12:36:24+08:00 ] 220.202.101.25 /index.php/Index/iscode/groupid/43C1549E222DE8BCFD975AEF5F44443A/username/ÁúÌ¶¶«ÑÇ¼ªÏé/password/19721006/uuid/C620CD8D-FAD9-45A5-8D3D-294B60139BE4/type/updata
INFO: [ route_check ] --START--
INFO: CheckRoute Behavior ::run [ RunTime:0.001701s ]
INFO: [ route_check ] --END-- [ RunTime:0.001809s ]
INFO: [ app_begin ] --START--
INFO: ReadHtmlCache Behavior ::run [ RunTime:0.001373s ]
INFO: [ app_begin ] --END-- [ RunTime:0.001463s ]
SQL: SHOW COLUMNS FROM `app_code` [ RunTime:0.001959s ]
SQL: SELECT * FROM `app_code` WHERE ( username="ÁúÌ¶¶«ÑÇ¼ªÏé" and password="19721006" and groupid="43C1549E222DE8BCFD975AEF5F44443A" ) LIMIT 1   [ RunTime:0.000845s ]
SQL: SHOW COLUMNS FROM `app_group` [ RunTime:0.001522s ]
SQL: SELECT * FROM `app_group` LIMIT 1   [ RunTime:0.000619s ]

[ 2016-04-20T13:26:19+08:00 ] 27.42.98.131 /index.php/Index/iscode/groupid/43C1549E222DE8BCFD975AEF5F44443A/username/dongya002/password/12345678/uuid/25F219F2-8117-4223-ACC7-5910AD06A546/type/updata
INFO: [ route_check ] --START--
INFO: CheckRoute Behavior ::run [ RunTime:0.001674s ]
INFO: [ route_check ] --END-- [ RunTime:0.001782s ]
INFO: [ app_begin ] --START--
INFO: ReadHtmlCache Behavior ::run [ RunTime:0.001333s ]
INFO: [ app_begin ] --END-- [ RunTime:0.001419s ]
SQL: SHOW COLUMNS FROM `app_code` [ RunTime:0.001936s ]
SQL: SELECT * FROM `app_code` WHERE ( username="dongya002" and password="12345678" and groupid="43C1549E222DE8BCFD975AEF5F44443A" ) LIMIT 1   [ RunTime:0.000739s ]
SQL: SHOW COLUMNS FROM `app_group` [ RunTime:0.001552s ]
SQL: SELECT * FROM `app_group` WHERE ( `guid` = '43C1549E222DE8BCFD975AEF5F44443A' ) LIMIT 1   [ RunTime:0.000719s ]
SQL: UPDATE `app_code` SET `uuid`='25F219F2-8117-4223-ACC7-5910AD06A546',`binding`=0 WHERE ( `guid` = 'B1F9C6DE677E4184896E95D835A46518' ) [ RunTime:0.000255s ]

[ 2016-04-20T13:39:18+08:00 ] 113.70.250.5 /index.php
INFO: [ app_begin ] --START--
INFO: ReadHtmlCache Behavior ::run [ RunTime:0.001035s ]
INFO: [ app_begin ] --END-- [ RunTime:0.001136s ]
INFO: [ view_parse ] --START--
INFO: ParseTemplate Behavior ::run [ RunTime:0.094456s ]
INFO: [ view_parse ] --END-- [ RunTime:0.094611s ]
INFO: [ view_filter ] --START--
INFO: ContentReplace Behavior ::run [ RunTime:0.012972s ]
INFO: TokenBuild Behavior ::run [ RunTime:0.002268s ]
INFO: WriteHtmlCache Behavior ::run [ RunTime:0.013949s ]
INFO: ShowRuntime Behavior ::run [ RunTime:0.002886s ]
INFO: [ view_filter ] --END-- [ RunTime:0.032353s ]
INFO: [ view_end ] --START--
INFO: ShowPageTrace Behavior ::run [ RunTime:0.003141s ]
INFO: [ view_end ] --END-- [ RunTime:0.003226s ]

[ 2016-04-20T13:39:18+08:00 ] 113.70.250.5 /index.php
INFO: [ app_begin ] --START--
INFO: ReadHtmlCache Behavior ::run [ RunTime:0.001475s ]
INFO: [ app_begin ] --END-- [ RunTime:0.001578s ]
INFO: [ view_parse ] --START--
INFO: ParseTemplate Behavior ::run [ RunTime:0.012354s ]
INFO: [ view_parse ] --END-- [ RunTime:0.012453s ]
INFO: [ view_filter ] --START--
INFO: ContentReplace Behavior ::run [ RunTime:0.001154s ]
INFO: TokenBuild Behavior ::run [ RunTime:0.001177s ]
INFO: WriteHtmlCache Behavior ::run [ RunTime:0.001303s ]
INFO: ShowRuntime Behavior ::run [ RunTime:0.001427s ]
INFO: [ view_filter ] --END-- [ RunTime:0.005289s ]
INFO: [ view_end ] --START--
INFO: ShowPageTrace Behavior ::run [ RunTime:0.001625s ]
INFO: [ view_end ] --END-- [ RunTime:0.001709s ]

[ 2016-04-20T14:18:22+08:00 ] 223.149.60.225 /index.php/Index/iscode/groupid/43C1549E222DE8BCFD975AEF5F44443A/username/ÁúÌ¶¶«ÑÇ¼ªÏé/password/19721006/uuid/C620CD8D-FAD9-45A5-8D3D-294B60139BE4/type/updata
INFO: [ route_check ] --START--
INFO: CheckRoute Behavior ::run [ RunTime:0.001345s ]
INFO: [ route_check ] --END-- [ RunTime:0.001467s ]
INFO: [ app_begin ] --START--
INFO: ReadHtmlCache Behavior ::run [ RunTime:0.000993s ]
INFO: [ app_begin ] --END-- [ RunTime:0.001080s ]
SQL: SHOW COLUMNS FROM `app_code` [ RunTime:0.001836s ]
SQL: SELECT * FROM `app_code` WHERE ( username="ÁúÌ¶¶«ÑÇ¼ªÏé" and password="19721006" and groupid="43C1549E222DE8BCFD975AEF5F44443A" ) LIMIT 1   [ RunTime:0.000723s ]
SQL: SHOW COLUMNS FROM `app_group` [ RunTime:0.001467s ]
SQL: SELECT * FROM `app_group` LIMIT 1   [ RunTime:0.000613s ]

[ 2016-04-20T14:18:36+08:00 ] 223.149.60.225 /index.php/Index/iscode/groupid/43C1549E222DE8BCFD975AEF5F44443A/username/ÁúÌ¶¶«ÑÇ¼ªÏé/password/19721006/uuid/C620CD8D-FAD9-45A5-8D3D-294B60139BE4/type/updata
INFO: [ route_check ] --START--
INFO: CheckRoute Behavior ::run [ RunTime:0.000933s ]
INFO: [ route_check ] --END-- [ RunTime:0.001035s ]
INFO: [ app_begin ] --START--
INFO: ReadHtmlCache Behavior ::run [ RunTime:0.000920s ]
INFO: [ app_begin ] --END-- [ RunTime:0.001004s ]
SQL: SHOW COLUMNS FROM `app_code` [ RunTime:0.001611s ]
SQL: SELECT * FROM `app_code` WHERE ( username="ÁúÌ¶¶«ÑÇ¼ªÏé" and password="19721006" and groupid="43C1549E222DE8BCFD975AEF5F44443A" ) LIMIT 1   [ RunTime:0.000742s ]
SQL: SHOW COLUMNS FROM `app_group` [ RunTime:0.001342s ]
SQL: SELECT * FROM `app_group` LIMIT 1   [ RunTime:0.000613s ]

[ 2016-04-20T14:21:49+08:00 ] 223.149.60.225 /index.php/Index/iscode/groupid/43C1549E222DE8BCFD975AEF5F44443A/username/ÁúÌ¶¶«ÑÇ¼ªÏé/password/19721006/uuid/C620CD8D-FAD9-45A5-8D3D-294B60139BE4/type/updata
INFO: [ route_check ] --START--
INFO: CheckRoute Behavior ::run [ RunTime:0.001402s ]
INFO: [ route_check ] --END-- [ RunTime:0.001523s ]
INFO: [ app_begin ] --START--
INFO: ReadHtmlCache Behavior ::run [ RunTime:0.001009s ]
INFO: [ app_begin ] --END-- [ RunTime:0.001095s ]
SQL: SHOW COLUMNS FROM `app_code` [ RunTime:0.001681s ]
SQL: SELECT * FROM `app_code` WHERE ( username="ÁúÌ¶¶«ÑÇ¼ªÏé" and password="19721006" and groupid="43C1549E222DE8BCFD975AEF5F44443A" ) LIMIT 1   [ RunTime:0.000721s ]
SQL: SHOW COLUMNS FROM `app_group` [ RunTime:0.001299s ]
SQL: SELECT * FROM `app_group` LIMIT 1   [ RunTime:0.000700s ]

[ 2016-04-20T14:22:51+08:00 ] 223.149.60.225 /index.php/Index/iscode/groupid/43C1549E222DE8BCFD975AEF5F44443A/username/ÁúÌ¶¶«ÑÇ¼ªÏé/password/19721006/uuid/C620CD8D-FAD9-45A5-8D3D-294B60139BE4/type/updata
INFO: [ route_check ] --START--
INFO: CheckRoute Behavior ::run [ RunTime:0.000944s ]
INFO: [ route_check ] --END-- [ RunTime:0.001082s ]
INFO: [ app_begin ] --START--
INFO: ReadHtmlCache Behavior ::run [ RunTime:0.000822s ]
INFO: [ app_begin ] --END-- [ RunTime:0.000907s ]
SQL: SHOW COLUMNS FROM `app_code` [ RunTime:0.001918s ]
SQL: SELECT * FROM `app_code` WHERE ( username="ÁúÌ¶¶«ÑÇ¼ªÏé" and password="19721006" and groupid="43C1549E222DE8BCFD975AEF5F44443A" ) LIMIT 1   [ RunTime:0.000724s ]
SQL: SHOW COLUMNS FROM `app_group` [ RunTime:0.001303s ]
SQL: SELECT * FROM `app_group` LIMIT 1   [ RunTime:0.000617s ]

[ 2016-04-20T14:22:57+08:00 ] 223.149.60.225 /index.php/Index/iscode/groupid/43C1549E222DE8BCFD975AEF5F44443A/username/ÁúÌ¶¶«ÑÇ¼ªÏé/password/19721006/uuid/C620CD8D-FAD9-45A5-8D3D-294B60139BE4/type/updata
INFO: [ route_check ] --START--
INFO: CheckRoute Behavior ::run [ RunTime:0.001383s ]
INFO: [ route_check ] --END-- [ RunTime:0.001512s ]
INFO: [ app_begin ] --START--
INFO: ReadHtmlCache Behavior ::run [ RunTime:0.001115s ]
INFO: [ app_begin ] --END-- [ RunTime:0.001204s ]
SQL: SHOW COLUMNS FROM `app_code` [ RunTime:0.001736s ]
SQL: SELECT * FROM `app_code` WHERE ( username="ÁúÌ¶¶«ÑÇ¼ªÏé" and password="19721006" and groupid="43C1549E222DE8BCFD975AEF5F44443A" ) LIMIT 1   [ RunTime:0.000752s ]
SQL: SHOW COLUMNS FROM `app_group` [ RunTime:0.001342s ]
SQL: SELECT * FROM `app_group` LIMIT 1   [ RunTime:0.000632s ]

[ 2016-04-20T15:19:34+08:00 ] 119.140.49.187 /index.php/Index/iscode/groupid/43C1549E222DE8BCFD975AEF5F44443A/username/dongya002/password/12345678/uuid/BE9B7044-8F7E-44CD-9886-A0F5F3129604
INFO: [ route_check ] --START--
INFO: CheckRoute Behavior ::run [ RunTime:0.001347s ]
INFO: [ route_check ] --END-- [ RunTime:0.001465s ]
INFO: [ app_begin ] --START--
INFO: ReadHtmlCache Behavior ::run [ RunTime:0.001126s ]
INFO: [ app_begin ] --END-- [ RunTime:0.001211s ]
SQL: SHOW COLUMNS FROM `app_code` [ RunTime:0.001962s ]
SQL: SELECT * FROM `app_code` WHERE ( username="dongya002" and password="12345678" and groupid="43C1549E222DE8BCFD975AEF5F44443A" ) LIMIT 1   [ RunTime:0.000866s ]
SQL: SHOW COLUMNS FROM `app_group` [ RunTime:0.001940s ]
SQL: SELECT * FROM `app_group` WHERE ( `guid` = '43C1549E222DE8BCFD975AEF5F44443A' ) LIMIT 1   [ RunTime:0.000654s ]
SQL: UPDATE `app_code` SET `uuid`='BE9B7044-8F7E-44CD-9886-A0F5F3129604',`binding`=0 WHERE ( `guid` = 'B1F9C6DE677E4184896E95D835A46518' ) [ RunTime:0.000266s ]
NOTIC: [8] Undefined index:  type D:\PHPnow\htdocs\dongya\Lib\Action\IndexAction.class.php ç¬¬ 74 è¡Œ.

[ 2016-04-20T15:19:35+08:00 ] 119.140.49.187 /index.php/Uploadprohot
INFO: [ route_check ] --START--
INFO: CheckRoute Behavior ::run [ RunTime:0.000930s ]
INFO: [ route_check ] --END-- [ RunTime:0.001033s ]
INFO: [ app_begin ] --START--
INFO: ReadHtmlCache Behavior ::run [ RunTime:0.000821s ]
INFO: [ app_begin ] --END-- [ RunTime:0.000914s ]
SQL: SHOW COLUMNS FROM `app_pro` [ RunTime:0.002215s ]
SQL: SELECT * FROM `app_pro` WHERE ( guid="E12EF73FCB8B62A5D20DE0E2182A06A1" ) LIMIT 1   [ RunTime:0.034626s ]
SQL: UPDATE `app_pro` SET `hot`=16 WHERE ( `guid` = 'E12EF73FCB8B62A5D20DE0E2182A06A1' ) [ RunTime:0.000358s ]
SQL: SELECT * FROM `app_pro` WHERE ( guid="BD6A319AF56EFC138FDEF4C0AC6357D9" ) LIMIT 1   [ RunTime:0.017263s ]
SQL: UPDATE `app_pro` SET `hot`=49 WHERE ( `guid` = 'BD6A319AF56EFC138FDEF4C0AC6357D9' ) [ RunTime:0.000256s ]
SQL: SELECT * FROM `app_pro` WHERE ( guid="EBAB5F15775D6CD2517CCFBA99C785CE" ) LIMIT 1   [ RunTime:0.000272s ]
SQL: UPDATE `app_pro` SET `hot`=10 WHERE ( `guid` = 'EBAB5F15775D6CD2517CCFBA99C785CE' ) [ RunTime:0.000226s ]
SQL: SELECT * FROM `app_pro` WHERE ( guid="CA44D866E5EC4F959B9A9FB2D8864875" ) LIMIT 1   [ RunTime:0.037995s ]
SQL: UPDATE `app_pro` SET `hot`=99 WHERE ( `guid` = 'CA44D866E5EC4F959B9A9FB2D8864875' ) [ RunTime:0.000259s ]
SQL: SELECT * FROM `app_pro` WHERE ( guid="FB7274A0F2AF49BC97FC0D259B640CA9" ) LIMIT 1   [ RunTime:0.001777s ]
SQL: UPDATE `app_pro` SET `hot`=27 WHERE ( `guid` = 'FB7274A0F2AF49BC97FC0D259B640CA9' ) [ RunTime:0.000239s ]
SQL: SELECT * FROM `app_pro` WHERE ( guid="54940FBC319BECBEDBE133291BEBF041" ) LIMIT 1   [ RunTime:0.000268s ]
SQL: UPDATE `app_pro` SET `hot`=16 WHERE ( `guid` = '54940FBC319BECBEDBE133291BEBF041' ) [ RunTime:0.000258s ]

[ 2016-04-20T15:19:35+08:00 ] 119.140.49.187 /index.php/Index/iscode/groupid/43C1549E222DE8BCFD975AEF5F44443A/username/dongya002/password/12345678/uuid/BE9B7044-8F7E-44CD-9886-A0F5F3129604/type/updata
INFO: [ route_check ] --START--
INFO: CheckRoute Behavior ::run [ RunTime:0.000934s ]
INFO: [ route_check ] --END-- [ RunTime:0.001036s ]
INFO: [ app_begin ] --START--
INFO: ReadHtmlCache Behavior ::run [ RunTime:0.000816s ]
INFO: [ app_begin ] --END-- [ RunTime:0.000902s ]
SQL: SHOW COLUMNS FROM `app_code` [ RunTime:0.001725s ]
SQL: SELECT * FROM `app_code` WHERE ( username="dongya002" and password="12345678" and groupid="43C1549E222DE8BCFD975AEF5F44443A" ) LIMIT 1   [ RunTime:0.001306s ]
SQL: SHOW COLUMNS FROM `app_group` [ RunTime:0.001318s ]
SQL: SELECT * FROM `app_group` WHERE ( `guid` = '43C1549E222DE8BCFD975AEF5F44443A' ) LIMIT 1   [ RunTime:0.000694s ]
SQL: UPDATE `app_code` SET `uuid`='BE9B7044-8F7E-44CD-9886-A0F5F3129604',`binding`=0 WHERE ( `guid` = 'B1F9C6DE677E4184896E95D835A46518' ) [ RunTime:0.000238s ]

[ 2016-04-20T15:19:52+08:00 ] 119.140.49.187 /index.php/Index/iscode/groupid/43C1549E222DE8BCFD975AEF5F44443A/username/dongya002/password/12345678/uuid/BE9B7044-8F7E-44CD-9886-A0F5F3129604/type/updata
INFO: [ route_check ] --START--
INFO: CheckRoute Behavior ::run [ RunTime:0.001033s ]
INFO: [ route_check ] --END-- [ RunTime:0.001155s ]
INFO: [ app_begin ] --START--
INFO: ReadHtmlCache Behavior ::run [ RunTime:0.000875s ]
INFO: [ app_begin ] --END-- [ RunTime:0.000961s ]
SQL: SHOW COLUMNS FROM `app_code` [ RunTime:0.001741s ]
SQL: SELECT * FROM `app_code` WHERE ( username="dongya002" and password="12345678" and groupid="43C1549E222DE8BCFD975AEF5F44443A" ) LIMIT 1   [ RunTime:0.000764s ]
SQL: SHOW COLUMNS FROM `app_group` [ RunTime:0.001349s ]
SQL: SELECT * FROM `app_group` WHERE ( `guid` = '43C1549E222DE8BCFD975AEF5F44443A' ) LIMIT 1   [ RunTime:0.000779s ]
SQL: UPDATE `app_code` SET `uuid`='BE9B7044-8F7E-44CD-9886-A0F5F3129604',`binding`=0 WHERE ( `guid` = 'B1F9C6DE677E4184896E95D835A46518' ) [ RunTime:0.000275s ]

[ 2016-04-20T15:22:13+08:00 ] 119.140.49.187 /index.php/Index/iscode/groupid/43C1549E222DE8BCFD975AEF5F44443A/username/dongya002/password/12345678/uuid/BE9B7044-8F7E-44CD-9886-A0F5F3129604/type/updata
INFO: [ route_check ] --START--
INFO: CheckRoute Behavior ::run [ RunTime:0.001342s ]
INFO: [ route_check ] --END-- [ RunTime:0.001462s ]
INFO: [ app_begin ] --START--
INFO: ReadHtmlCache Behavior ::run [ RunTime:0.001062s ]
INFO: [ app_begin ] --END-- [ RunTime:0.001157s ]
SQL: SHOW COLUMNS FROM `app_code` [ RunTime:0.002079s ]
SQL: SELECT * FROM `app_code` WHERE ( username="dongya002" and password="12345678" and groupid="43C1549E222DE8BCFD975AEF5F44443A" ) LIMIT 1   [ RunTime:0.000728s ]
SQL: SHOW COLUMNS FROM `app_group` [ RunTime:0.001347s ]
SQL: SELECT * FROM `app_group` WHERE ( `guid` = '43C1549E222DE8BCFD975AEF5F44443A' ) LIMIT 1   [ RunTime:0.000665s ]
SQL: UPDATE `app_code` SET `uuid`='BE9B7044-8F7E-44CD-9886-A0F5F3129604',`binding`=0 WHERE ( `guid` = 'B1F9C6DE677E4184896E95D835A46518' ) [ RunTime:0.000241s ]

[ 2016-04-20T15:45:28+08:00 ] 171.110.174.195 /index.php/Index/iscode/groupid/43C1549E222DE8BCFD975AEF5F44443A/username/dongya003/password/12345678/uuid/F2BD55CD-42E5-48B6-9DDA-44D228FF2BF7
INFO: [ route_check ] --START--
INFO: CheckRoute Behavior ::run [ RunTime:0.001700s ]
INFO: [ route_check ] --END-- [ RunTime:0.001830s ]
INFO: [ app_begin ] --START--
INFO: ReadHtmlCache Behavior ::run [ RunTime:0.001351s ]
INFO: [ app_begin ] --END-- [ RunTime:0.001439s ]
SQL: SHOW COLUMNS FROM `app_code` [ RunTime:0.001855s ]
SQL: SELECT * FROM `app_code` WHERE ( username="dongya003" and password="12345678" and groupid="43C1549E222DE8BCFD975AEF5F44443A" ) LIMIT 1   [ RunTime:0.000765s ]
SQL: SHOW COLUMNS FROM `app_group` [ RunTime:0.001493s ]
SQL: SELECT * FROM `app_group` WHERE ( `guid` = '43C1549E222DE8BCFD975AEF5F44443A' ) LIMIT 1   [ RunTime:0.000662s ]
SQL: UPDATE `app_code` SET `uuid`='F2BD55CD-42E5-48B6-9DDA-44D228FF2BF7',`binding`=0 WHERE ( `guid` = '956A973D03644B18A70B0EF34BF76995' ) [ RunTime:0.000259s ]
NOTIC: [8] Undefined index:  type D:\PHPnow\htdocs\dongya\Lib\Action\IndexAction.class.php ç¬¬ 74 è¡Œ.

[ 2016-04-20T15:45:28+08:00 ] 171.110.174.195 /index.php/Uploadprohot
INFO: [ route_check ] --START--
INFO: CheckRoute Behavior ::run [ RunTime:0.001835s ]
INFO: [ route_check ] --END-- [ RunTime:0.001953s ]
INFO: [ app_begin ] --START--
INFO: ReadHtmlCache Behavior ::run [ RunTime:0.001321s ]
INFO: [ app_begin ] --END-- [ RunTime:0.001405s ]
SQL: SHOW COLUMNS FROM `app_pro` [ RunTime:0.002163s ]
SQL: SELECT * FROM `app_pro` WHERE ( guid="BB080642D4B2254A6ECE9788D722CCF5" ) LIMIT 1   [ RunTime:0.000783s ]
SQL: UPDATE `app_pro` SET `hot`=15 WHERE ( `guid` = 'BB080642D4B2254A6ECE9788D722CCF5' ) [ RunTime:0.000263s ]
SQL: SELECT * FROM `app_pro` WHERE ( guid="5D622616AE824F739D4C1770B5683665" ) LIMIT 1   [ RunTime:0.041517s ]
SQL: UPDATE `app_pro` SET `hot`=47 WHERE ( `guid` = '5D622616AE824F739D4C1770B5683665' ) [ RunTime:0.000310s ]

[ 2016-04-20T15:45:29+08:00 ] 171.110.174.195 /index.php/Index/iscode/groupid/43C1549E222DE8BCFD975AEF5F44443A/username/dongya003/password/12345678/uuid/F2BD55CD-42E5-48B6-9DDA-44D228FF2BF7/type/updata
INFO: [ route_check ] --START--
INFO: CheckRoute Behavior ::run [ RunTime:0.001719s ]
INFO: [ route_check ] --END-- [ RunTime:0.001823s ]
INFO: [ app_begin ] --START--
INFO: ReadHtmlCache Behavior ::run [ RunTime:0.001319s ]
INFO: [ app_begin ] --END-- [ RunTime:0.001405s ]
SQL: SHOW COLUMNS FROM `app_code` [ RunTime:0.002112s ]
SQL: SELECT * FROM `app_code` WHERE ( username="dongya003" and password="12345678" and groupid="43C1549E222DE8BCFD975AEF5F44443A" ) LIMIT 1   [ RunTime:0.000749s ]
SQL: SHOW COLUMNS FROM `app_group` [ RunTime:0.001321s ]
SQL: SELECT * FROM `app_group` WHERE ( `guid` = '43C1549E222DE8BCFD975AEF5F44443A' ) LIMIT 1   [ RunTime:0.000633s ]
SQL: UPDATE `app_code` SET `uuid`='F2BD55CD-42E5-48B6-9DDA-44D228FF2BF7',`binding`=0 WHERE ( `guid` = '956A973D03644B18A70B0EF34BF76995' ) [ RunTime:0.000238s ]

[ 2016-04-20T15:58:06+08:00 ] 27.42.98.131 /index.php/Index/iscode/groupid/43C1549E222DE8BCFD975AEF5F44443A/username/dongya002/password/12345678/uuid/25F219F2-8117-4223-ACC7-5910AD06A546
INFO: [ route_check ] --START--
INFO: CheckRoute Behavior ::run [ RunTime:0.001351s ]
INFO: [ route_check ] --END-- [ RunTime:0.001474s ]
INFO: [ app_begin ] --START--
INFO: ReadHtmlCache Behavior ::run [ RunTime:0.001000s ]
INFO: [ app_begin ] --END-- [ RunTime:0.001086s ]
SQL: SHOW COLUMNS FROM `app_code` [ RunTime:0.001611s ]
SQL: SELECT * FROM `app_code` WHERE ( username="dongya002" and password="12345678" and groupid="43C1549E222DE8BCFD975AEF5F44443A" ) LIMIT 1   [ RunTime:0.000728s ]
SQL: SHOW COLUMNS FROM `app_group` [ RunTime:0.001304s ]
SQL: SELECT * FROM `app_group` WHERE ( `guid` = '43C1549E222DE8BCFD975AEF5F44443A' ) LIMIT 1   [ RunTime:0.000703s ]
SQL: UPDATE `app_code` SET `uuid`='25F219F2-8117-4223-ACC7-5910AD06A546',`binding`=0 WHERE ( `guid` = 'B1F9C6DE677E4184896E95D835A46518' ) [ RunTime:0.000259s ]
NOTIC: [8] Undefined index:  type D:\PHPnow\htdocs\dongya\Lib\Action\IndexAction.class.php ç¬¬ 74 è¡Œ.

[ 2016-04-20T15:58:06+08:00 ] 27.42.98.131 /index.php/Uploadprohot
INFO: [ route_check ] --START--
INFO: CheckRoute Behavior ::run [ RunTime:0.000938s ]
INFO: [ route_check ] --END-- [ RunTime:0.001043s ]
INFO: [ app_begin ] --START--
INFO: ReadHtmlCache Behavior ::run [ RunTime:0.000805s ]
INFO: [ app_begin ] --END-- [ RunTime:0.000889s ]
SQL: SHOW COLUMNS FROM `app_pro` [ RunTime:0.001995s ]
SQL: SELECT * FROM `app_pro` WHERE ( guid="18D0AE6DBF5E5988C178D44F02F099C4" ) LIMIT 1   [ RunTime:0.001039s ]
SQL: UPDATE `app_pro` SET `hot`=94 WHERE ( `guid` = '18D0AE6DBF5E5988C178D44F02F099C4' ) [ RunTime:0.000338s ]
SQL: SELECT * FROM `app_pro` WHERE ( guid="1649D8ED6274BE2131D13F0E17F5EC38" ) LIMIT 1   [ RunTime:0.000333s ]
SQL: UPDATE `app_pro` SET `hot`=47 WHERE ( `guid` = '1649D8ED6274BE2131D13F0E17F5EC38' ) [ RunTime:0.000230s ]
SQL: SELECT * FROM `app_pro` WHERE ( guid="3BFEE9A06DAD7BE04A177FCA9665EA0A" ) LIMIT 1   [ RunTime:0.037194s ]
SQL: UPDATE `app_pro` SET `hot`=26 WHERE ( `guid` = '3BFEE9A06DAD7BE04A177FCA9665EA0A' ) [ RunTime:0.000410s ]
SQL: SELECT * FROM `app_pro` WHERE ( guid="8DC685DE72110D6365CADD2320D759D6" ) LIMIT 1   [ RunTime:0.009476s ]
SQL: UPDATE `app_pro` SET `hot`=14 WHERE ( `guid` = '8DC685DE72110D6365CADD2320D759D6' ) [ RunTime:0.000347s ]
SQL: SELECT * FROM `app_pro` WHERE ( guid="D60B508E4A50135FD053D33258290A44" ) LIMIT 1   [ RunTime:0.000305s ]
SQL: UPDATE `app_pro` SET `hot`=16 WHERE ( `guid` = 'D60B508E4A50135FD053D33258290A44' ) [ RunTime:0.000249s ]
SQL: SELECT * FROM `app_pro` WHERE ( guid="DEE0F763137A2F1AC39BDD8B054963F0" ) LIMIT 1   [ RunTime:0.000293s ]
SQL: UPDATE `app_pro` SET `hot`=14 WHERE ( `guid` = 'DEE0F763137A2F1AC39BDD8B054963F0' ) [ RunTime:0.000256s ]
SQL: SELECT * FROM `app_pro` WHERE ( guid="328FA3AB2CF3056A76D595AD079422BE" ) LIMIT 1   [ RunTime:0.000327s ]
SQL: UPDATE `app_pro` SET `hot`=18 WHERE ( `guid` = '328FA3AB2CF3056A76D595AD079422BE' ) [ RunTime:0.000244s ]
SQL: SELECT * FROM `app_pro` WHERE ( guid="042F0F252A3462108D63D96784ED3174" ) LIMIT 1   [ RunTime:0.000275s ]
SQL: UPDATE `app_pro` SET `hot`=26 WHERE ( `guid` = '042F0F252A3462108D63D96784ED3174' ) [ RunTime:0.000244s ]
SQL: SELECT * FROM `app_pro` WHERE ( guid="032AABB7BA0EDC87D16F3D3B5801294C" ) LIMIT 1   [ RunTime:0.000264s ]
SQL: UPDATE `app_pro` SET `hot`=28 WHERE ( `guid` = '032AABB7BA0EDC87D16F3D3B5801294C' ) [ RunTime:0.000247s ]
SQL: SELECT * FROM `app_pro` WHERE ( guid="18253A323CC900A5D07A6A09AAC3D757" ) LIMIT 1   [ RunTime:0.000276s ]
SQL: UPDATE `app_pro` SET `hot`=23 WHERE ( `guid` = '18253A323CC900A5D07A6A09AAC3D757' ) [ RunTime:0.000244s ]
SQL: SELECT * FROM `app_pro` WHERE ( guid="E12EF73FCB8B62A5D20DE0E2182A06A1" ) LIMIT 1   [ RunTime:0.000276s ]
SQL: UPDATE `app_pro` SET `hot`=17 WHERE ( `guid` = 'E12EF73FCB8B62A5D20DE0E2182A06A1' ) [ RunTime:0.000287s ]
SQL: SELECT * FROM `app_pro` WHERE ( guid="A68AEC908BC919E31E3EC565802CF3D5" ) LIMIT 1   [ RunTime:0.000292s ]
SQL: UPDATE `app_pro` SET `hot`=23 WHERE ( `guid` = 'A68AEC908BC919E31E3EC565802CF3D5' ) [ RunTime:0.000271s ]
SQL: SELECT * FROM `app_pro` WHERE ( guid="BD6A319AF56EFC138FDEF4C0AC6357D9" ) LIMIT 1   [ RunTime:0.000270s ]
SQL: UPDATE `app_pro` SET `hot`=50 WHERE ( `guid` = 'BD6A319AF56EFC138FDEF4C0AC6357D9' ) [ RunTime:0.000244s ]
SQL: SELECT * FROM `app_pro` WHERE ( guid="3B774DAD6460F6BB7B3974069A667DA5" ) LIMIT 1   [ RunTime:0.000271s ]
SQL: UPDATE `app_pro` SET `hot`=1 WHERE ( `guid` = '3B774DAD6460F6BB7B3974069A667DA5' ) [ RunTime:0.000382s ]

[ 2016-04-20T15:58:06+08:00 ] 27.42.98.131 /index.php/Index/iscode/groupid/43C1549E222DE8BCFD975AEF5F44443A/username/dongya002/password/12345678/uuid/25F219F2-8117-4223-ACC7-5910AD06A546/type/updata
INFO: [ route_check ] --START--
INFO: CheckRoute Behavior ::run [ RunTime:0.000934s ]
INFO: [ route_check ] --END-- [ RunTime:0.001044s ]
INFO: [ app_begin ] --START--
INFO: ReadHtmlCache Behavior ::run [ RunTime:0.000813s ]
INFO: [ app_begin ] --END-- [ RunTime:0.000896s ]
SQL: SHOW COLUMNS FROM `app_code` [ RunTime:0.001666s ]
SQL: SELECT * FROM `app_code` WHERE ( username="dongya002" and password="12345678" and groupid="43C1549E222DE8BCFD975AEF5F44443A" ) LIMIT 1   [ RunTime:0.000714s ]
SQL: SHOW COLUMNS FROM `app_group` [ RunTime:0.001393s ]
SQL: SELECT * FROM `app_group` WHERE ( `guid` = '43C1549E222DE8BCFD975AEF5F44443A' ) LIMIT 1   [ RunTime:0.000654s ]
SQL: UPDATE `app_code` SET `uuid`='25F219F2-8117-4223-ACC7-5910AD06A546',`binding`=0 WHERE ( `guid` = 'B1F9C6DE677E4184896E95D835A46518' ) [ RunTime:0.000240s ]

[ 2016-04-20T16:10:03+08:00 ] 27.42.98.131 /index.php/Index/iscode/groupid/43C1549E222DE8BCFD975AEF5F44443A/username/dongya002/password/12345678/uuid/25F219F2-8117-4223-ACC7-5910AD06A546/type/updata
INFO: [ route_check ] --START--
INFO: CheckRoute Behavior ::run [ RunTime:0.001945s ]
INFO: [ route_check ] --END-- [ RunTime:0.002091s ]
INFO: [ app_begin ] --START--
INFO: ReadHtmlCache Behavior ::run [ RunTime:0.001469s ]
INFO: [ app_begin ] --END-- [ RunTime:0.001585s ]
SQL: SHOW COLUMNS FROM `app_code` [ RunTime:0.002328s ]
SQL: SELECT * FROM `app_code` WHERE ( username="dongya002" and password="12345678" and groupid="43C1549E222DE8BCFD975AEF5F44443A" ) LIMIT 1   [ RunTime:0.000798s ]
SQL: SHOW COLUMNS FROM `app_group` [ RunTime:0.001490s ]
SQL: SELECT * FROM `app_group` WHERE ( `guid` = '43C1549E222DE8BCFD975AEF5F44443A' ) LIMIT 1   [ RunTime:0.000806s ]
SQL: UPDATE `app_code` SET `uuid`='25F219F2-8117-4223-ACC7-5910AD06A546',`binding`=0 WHERE ( `guid` = 'B1F9C6DE677E4184896E95D835A46518' ) [ RunTime:0.000278s ]

[ 2016-04-20T16:21:15+08:00 ] 27.42.98.131 /index.php/Index/iscode/groupid/43C1549E222DE8BCFD975AEF5F44443A/username/dongya002/password/12345678/uuid/25F219F2-8117-4223-ACC7-5910AD06A546/type/updata
INFO: [ route_check ] --START--
INFO: CheckRoute Behavior ::run [ RunTime:0.001341s ]
INFO: [ route_check ] --END-- [ RunTime:0.001503s ]
INFO: [ app_begin ] --START--
INFO: ReadHtmlCache Behavior ::run [ RunTime:0.000986s ]
INFO: [ app_begin ] --END-- [ RunTime:0.001073s ]
SQL: SHOW COLUMNS FROM `app_code` [ RunTime:0.001719s ]
SQL: SELECT * FROM `app_code` WHERE ( username="dongya002" and password="12345678" and groupid="43C1549E222DE8BCFD975AEF5F44443A" ) LIMIT 1   [ RunTime:0.000724s ]
SQL: SHOW COLUMNS FROM `app_group` [ RunTime:0.001292s ]
SQL: SELECT * FROM `app_group` WHERE ( `guid` = '43C1549E222DE8BCFD975AEF5F44443A' ) LIMIT 1   [ RunTime:0.000623s ]
SQL: UPDATE `app_code` SET `uuid`='25F219F2-8117-4223-ACC7-5910AD06A546',`binding`=0 WHERE ( `guid` = 'B1F9C6DE677E4184896E95D835A46518' ) [ RunTime:0.000243s ]

[ 2016-04-20T16:23:54+08:00 ] 27.42.98.131 /index.php/Index/iscode/groupid/43C1549E222DE8BCFD975AEF5F44443A/username/dongya002/password/12345678/uuid/25F219F2-8117-4223-ACC7-5910AD06A546/type/updata
INFO: [ route_check ] --START--
INFO: CheckRoute Behavior ::run [ RunTime:0.002035s ]
INFO: [ route_check ] --END-- [ RunTime:0.002144s ]
INFO: [ app_begin ] --START--
INFO: ReadHtmlCache Behavior ::run [ RunTime:0.001415s ]
INFO: [ app_begin ] --END-- [ RunTime:0.001503s ]
SQL: SHOW COLUMNS FROM `app_code` [ RunTime:0.001667s ]
SQL: SELECT * FROM `app_code` WHERE ( username="dongya002" and password="12345678" and groupid="43C1549E222DE8BCFD975AEF5F44443A" ) LIMIT 1   [ RunTime:0.000750s ]
SQL: SHOW COLUMNS FROM `app_group` [ RunTime:0.001308s ]
SQL: SELECT * FROM `app_group` WHERE ( `guid` = '43C1549E222DE8BCFD975AEF5F44443A' ) LIMIT 1   [ RunTime:0.000628s ]
SQL: UPDATE `app_code` SET `uuid`='25F219F2-8117-4223-ACC7-5910AD06A546',`binding`=0 WHERE ( `guid` = 'B1F9C6DE677E4184896E95D835A46518' ) [ RunTime:0.000249s ]

[ 2016-04-20T16:24:02+08:00 ] 27.42.98.131 /index.php/Index/iscode/groupid/43C1549E222DE8BCFD975AEF5F44443A/username/dongya002/password/12345678/uuid/25F219F2-8117-4223-ACC7-5910AD06A546/type/updata
INFO: [ route_check ] --START--
INFO: CheckRoute Behavior ::run [ RunTime:0.002129s ]
INFO: [ route_check ] --END-- [ RunTime:0.002235s ]
INFO: [ app_begin ] --START--
INFO: ReadHtmlCache Behavior ::run [ RunTime:0.001366s ]
INFO: [ app_begin ] --END-- [ RunTime:0.001452s ]
SQL: SHOW COLUMNS FROM `app_code` [ RunTime:0.002338s ]
SQL: SELECT * FROM `app_code` WHERE ( username="dongya002" and password="12345678" and groupid="43C1549E222DE8BCFD975AEF5F44443A" ) LIMIT 1   [ RunTime:0.000863s ]
SQL: SHOW COLUMNS FROM `app_group` [ RunTime:0.001335s ]
SQL: SELECT * FROM `app_group` WHERE ( `guid` = '43C1549E222DE8BCFD975AEF5F44443A' ) LIMIT 1   [ RunTime:0.000651s ]
SQL: UPDATE `app_code` SET `uuid`='25F219F2-8117-4223-ACC7-5910AD06A546',`binding`=0 WHERE ( `guid` = 'B1F9C6DE677E4184896E95D835A46518' ) [ RunTime:0.000241s ]

[ 2016-04-20T17:30:38+08:00 ] 110.211.84.27 /index.php/Index/iscode/groupid/43C1549E222DE8BCFD975AEF5F44443A/username/dongya002/password/12345678/uuid/B4A82401-BBF4-4B37-A8CA-FFD781F4548C
INFO: [ route_check ] --START--
INFO: CheckRoute Behavior ::run [ RunTime:0.004095s ]
INFO: [ route_check ] --END-- [ RunTime:0.004221s ]
INFO: [ app_begin ] --START--
INFO: ReadHtmlCache Behavior ::run [ RunTime:0.002216s ]
INFO: [ app_begin ] --END-- [ RunTime:0.002305s ]
SQL: SHOW COLUMNS FROM `app_code` [ RunTime:0.023413s ]
SQL: SELECT * FROM `app_code` WHERE ( username="dongya002" and password="12345678" and groupid="43C1549E222DE8BCFD975AEF5F44443A" ) LIMIT 1   [ RunTime:0.010206s ]
SQL: SHOW COLUMNS FROM `app_group` [ RunTime:0.021342s ]
SQL: SELECT * FROM `app_group` WHERE ( `guid` = '43C1549E222DE8BCFD975AEF5F44443A' ) LIMIT 1   [ RunTime:0.000725s ]
SQL: UPDATE `app_code` SET `uuid`='B4A82401-BBF4-4B37-A8CA-FFD781F4548C',`binding`=0 WHERE ( `guid` = 'B1F9C6DE677E4184896E95D835A46518' ) [ RunTime:0.000299s ]
NOTIC: [8] Undefined index:  type D:\PHPnow\htdocs\dongya\Lib\Action\IndexAction.class.php ç¬¬ 74 è¡Œ.

[ 2016-04-20T17:30:39+08:00 ] 110.211.84.27 /index.php/Uploadprohot
INFO: [ route_check ] --START--
INFO: CheckRoute Behavior ::run [ RunTime:0.001315s ]
INFO: [ route_check ] --END-- [ RunTime:0.001418s ]
INFO: [ app_begin ] --START--
INFO: ReadHtmlCache Behavior ::run [ RunTime:0.000792s ]
INFO: [ app_begin ] --END-- [ RunTime:0.000874s ]
SQL: SHOW COLUMNS FROM `app_pro` [ RunTime:0.020581s ]
SQL: SELECT * FROM `app_pro` WHERE ( guid="18253A323CC900A5D07A6A09AAC3D757" ) LIMIT 1   [ RunTime:0.022050s ]
SQL: UPDATE `app_pro` SET `hot`=24 WHERE ( `guid` = '18253A323CC900A5D07A6A09AAC3D757' ) [ RunTime:0.000332s ]

[ 2016-04-20T17:30:39+08:00 ] 110.211.84.27 /index.php/Index/iscode/groupid/43C1549E222DE8BCFD975AEF5F44443A/username/dongya002/password/12345678/uuid/B4A82401-BBF4-4B37-A8CA-FFD781F4548C/type/updata
INFO: [ route_check ] --START--
INFO: CheckRoute Behavior ::run [ RunTime:0.001313s ]
INFO: [ route_check ] --END-- [ RunTime:0.001443s ]
INFO: [ app_begin ] --START--
INFO: ReadHtmlCache Behavior ::run [ RunTime:0.000913s ]
INFO: [ app_begin ] --END-- [ RunTime:0.001000s ]
SQL: SHOW COLUMNS FROM `app_code` [ RunTime:0.002072s ]
SQL: SELECT * FROM `app_code` WHERE ( username="dongya002" and password="12345678" and groupid="43C1549E222DE8BCFD975AEF5F44443A" ) LIMIT 1   [ RunTime:0.000925s ]
SQL: SHOW COLUMNS FROM `app_group` [ RunTime:0.001728s ]
SQL: SELECT * FROM `app_group` WHERE ( `guid` = '43C1549E222DE8BCFD975AEF5F44443A' ) LIMIT 1   [ RunTime:0.000782s ]
SQL: UPDATE `app_code` SET `uuid`='B4A82401-BBF4-4B37-A8CA-FFD781F4548C',`binding`=0 WHERE ( `guid` = 'B1F9C6DE677E4184896E95D835A46518' ) [ RunTime:0.000264s ]

[ 2016-04-20T18:01:53+08:00 ] 163.179.237.191 /index.php/Index/iscode/groupid/43C1549E222DE8BCFD975AEF5F44443A/username/dongya016/password/12345678/uuid/2926B643-3ED6-4346-9390-0787B6E7B3B5
INFO: [ route_check ] --START--
INFO: CheckRoute Behavior ::run [ RunTime:0.001331s ]
INFO: [ route_check ] --END-- [ RunTime:0.001436s ]
INFO: [ app_begin ] --START--
INFO: ReadHtmlCache Behavior ::run [ RunTime:0.001001s ]
INFO: [ app_begin ] --END-- [ RunTime:0.001087s ]
SQL: SHOW COLUMNS FROM `app_code` [ RunTime:0.001848s ]
SQL: SELECT * FROM `app_code` WHERE ( username="dongya016" and password="12345678" and groupid="43C1549E222DE8BCFD975AEF5F44443A" ) LIMIT 1   [ RunTime:0.000823s ]
SQL: SHOW COLUMNS FROM `app_group` [ RunTime:0.001469s ]
SQL: SELECT * FROM `app_group` WHERE ( `guid` = '43C1549E222DE8BCFD975AEF5F44443A' ) LIMIT 1   [ RunTime:0.000640s ]
SQL: UPDATE `app_code` SET `uuid`='2926B643-3ED6-4346-9390-0787B6E7B3B5',`binding`=0 WHERE ( `guid` = '16127BB894594FC59193D9375E3BB657' ) [ RunTime:0.000240s ]
NOTIC: [8] Undefined index:  type D:\PHPnow\htdocs\dongya\Lib\Action\IndexAction.class.php ç¬¬ 74 è¡Œ.

[ 2016-04-20T18:01:53+08:00 ] 163.179.237.191 /index.php/Index/iscode/groupid/43C1549E222DE8BCFD975AEF5F44443A/username/dongya016/password/12345678/uuid/2926B643-3ED6-4346-9390-0787B6E7B3B5/type/updata
INFO: [ route_check ] --START--
INFO: CheckRoute Behavior ::run [ RunTime:0.001054s ]
INFO: [ route_check ] --END-- [ RunTime:0.001185s ]
INFO: [ app_begin ] --START--
INFO: ReadHtmlCache Behavior ::run [ RunTime:0.001099s ]
INFO: [ app_begin ] --END-- [ RunTime:0.001185s ]
SQL: SHOW COLUMNS FROM `app_code` [ RunTime:0.001739s ]
SQL: SELECT * FROM `app_code` WHERE ( username="dongya016" and password="12345678" and groupid="43C1549E222DE8BCFD975AEF5F44443A" ) LIMIT 1   [ RunTime:0.000730s ]
SQL: SHOW COLUMNS FROM `app_group` [ RunTime:0.001334s ]
SQL: SELECT * FROM `app_group` WHERE ( `guid` = '43C1549E222DE8BCFD975AEF5F44443A' ) LIMIT 1   [ RunTime:0.000620s ]
SQL: UPDATE `app_code` SET `uuid`='2926B643-3ED6-4346-9390-0787B6E7B3B5',`binding`=0 WHERE ( `guid` = '16127BB894594FC59193D9375E3BB657' ) [ RunTime:0.000234s ]

[ 2016-04-20T18:02:02+08:00 ] 163.179.237.191 /index.php/Index/iscode/groupid/43C1549E222DE8BCFD975AEF5F44443A/username/dongya016/password/12345678/uuid/2926B643-3ED6-4346-9390-0787B6E7B3B5/type/updata
INFO: [ route_check ] --START--
INFO: CheckRoute Behavior ::run [ RunTime:0.001030s ]
INFO: [ route_check ] --END-- [ RunTime:0.001133s ]
INFO: [ app_begin ] --START--
INFO: ReadHtmlCache Behavior ::run [ RunTime:0.001002s ]
INFO: [ app_begin ] --END-- [ RunTime:0.001104s ]
SQL: SHOW COLUMNS FROM `app_code` [ RunTime:0.001691s ]
SQL: SELECT * FROM `app_code` WHERE ( username="dongya016" and password="12345678" and groupid="43C1549E222DE8BCFD975AEF5F44443A" ) LIMIT 1   [ RunTime:0.000828s ]
SQL: SHOW COLUMNS FROM `app_group` [ RunTime:0.001386s ]
SQL: SELECT * FROM `app_group` WHERE ( `guid` = '43C1549E222DE8BCFD975AEF5F44443A' ) LIMIT 1   [ RunTime:0.000649s ]
SQL: UPDATE `app_code` SET `uuid`='2926B643-3ED6-4346-9390-0787B6E7B3B5',`binding`=0 WHERE ( `guid` = '16127BB894594FC59193D9375E3BB657' ) [ RunTime:0.000249s ]

[ 2016-04-20T18:43:48+08:00 ] 163.179.237.191 /index.php/Index/iscode/groupid/43C1549E222DE8BCFD975AEF5F44443A/username/dongya016/password/12345678/uuid/2926B643-3ED6-4346-9390-0787B6E7B3B5/type/updata
INFO: [ route_check ] --START--
INFO: CheckRoute Behavior ::run [ RunTime:0.001455s ]
INFO: [ route_check ] --END-- [ RunTime:0.001581s ]
INFO: [ app_begin ] --START--
INFO: ReadHtmlCache Behavior ::run [ RunTime:0.001026s ]
INFO: [ app_begin ] --END-- [ RunTime:0.001115s ]
SQL: SHOW COLUMNS FROM `app_code` [ RunTime:0.001850s ]
SQL: SELECT * FROM `app_code` WHERE ( username="dongya016" and password="12345678" and groupid="43C1549E222DE8BCFD975AEF5F44443A" ) LIMIT 1   [ RunTime:0.000736s ]
SQL: SHOW COLUMNS FROM `app_group` [ RunTime:0.001479s ]
SQL: SELECT * FROM `app_group` WHERE ( `guid` = '43C1549E222DE8BCFD975AEF5F44443A' ) LIMIT 1   [ RunTime:0.000650s ]
SQL: UPDATE `app_code` SET `uuid`='2926B643-3ED6-4346-9390-0787B6E7B3B5',`binding`=0 WHERE ( `guid` = '16127BB894594FC59193D9375E3BB657' ) [ RunTime:0.000239s ]

[ 2016-04-20T19:03:03+08:00 ] 222.243.80.252 /index.php/Index/iscode/groupid/43C1549E222DE8BCFD975AEF5F44443A/username/5073912/password/ddkkjhjj/uuid/14A53E13-55AA-4464-BBDF-412354E6AA73
INFO: [ route_check ] --START--
INFO: CheckRoute Behavior ::run [ RunTime:0.001351s ]
INFO: [ route_check ] --END-- [ RunTime:0.001473s ]
INFO: [ app_begin ] --START--
INFO: ReadHtmlCache Behavior ::run [ RunTime:0.000994s ]
INFO: [ app_begin ] --END-- [ RunTime:0.001080s ]
SQL: SHOW COLUMNS FROM `app_code` [ RunTime:0.002246s ]
SQL: SELECT * FROM `app_code` WHERE ( username="5073912" and password="ddkkjhjj" and groupid="43C1549E222DE8BCFD975AEF5F44443A" ) LIMIT 1   [ RunTime:0.000742s ]
SQL: SHOW COLUMNS FROM `app_group` [ RunTime:0.001541s ]
SQL: SELECT * FROM `app_group` LIMIT 1   [ RunTime:0.000617s ]

[ 2016-04-20T19:03:03+08:00 ] 222.243.80.252 /index.php/Uploadprohot
INFO: [ route_check ] --START--
INFO: CheckRoute Behavior ::run [ RunTime:0.000931s ]
INFO: [ route_check ] --END-- [ RunTime:0.001035s ]
INFO: [ app_begin ] --START--
INFO: ReadHtmlCache Behavior ::run [ RunTime:0.000825s ]
INFO: [ app_begin ] --END-- [ RunTime:0.000910s ]
SQL: SHOW COLUMNS FROM `app_pro` [ RunTime:0.002203s ]
SQL: SELECT * FROM `app_pro` WHERE ( guid="1649D8ED6274BE2131D13F0E17F5EC38" ) LIMIT 1   [ RunTime:0.000808s ]
SQL: UPDATE `app_pro` SET `hot`=48 WHERE ( `guid` = '1649D8ED6274BE2131D13F0E17F5EC38' ) [ RunTime:0.000268s ]
SQL: SELECT * FROM `app_pro` WHERE ( guid="032AABB7BA0EDC87D16F3D3B5801294C" ) LIMIT 1   [ RunTime:0.017390s ]
SQL: UPDATE `app_pro` SET `hot`=29 WHERE ( `guid` = '032AABB7BA0EDC87D16F3D3B5801294C' ) [ RunTime:0.000248s ]
SQL: SELECT * FROM `app_pro` WHERE ( guid="CA44D866E5EC4F959B9A9FB2D8864875" ) LIMIT 1   [ RunTime:0.022329s ]
SQL: UPDATE `app_pro` SET `hot`=100 WHERE ( `guid` = 'CA44D866E5EC4F959B9A9FB2D8864875' ) [ RunTime:0.000277s ]

[ 2016-04-20T19:03:03+08:00 ] 222.243.80.252 /index.php/Index/iscode/groupid/43C1549E222DE8BCFD975AEF5F44443A/username/5073912/password/ddkkjhjj/uuid/14A53E13-55AA-4464-BBDF-412354E6AA73/type/updata
INFO: [ route_check ] --START--
INFO: CheckRoute Behavior ::run [ RunTime:0.000924s ]
INFO: [ route_check ] --END-- [ RunTime:0.001050s ]
INFO: [ app_begin ] --START--
INFO: ReadHtmlCache Behavior ::run [ RunTime:0.000807s ]
INFO: [ app_begin ] --END-- [ RunTime:0.000890s ]
SQL: SHOW COLUMNS FROM `app_code` [ RunTime:0.001748s ]
SQL: SELECT * FROM `app_code` WHERE ( username="5073912" and password="ddkkjhjj" and groupid="43C1549E222DE8BCFD975AEF5F44443A" ) LIMIT 1   [ RunTime:0.000794s ]
SQL: SHOW COLUMNS FROM `app_group` [ RunTime:0.001305s ]
SQL: SELECT * FROM `app_group` LIMIT 1   [ RunTime:0.000709s ]

[ 2016-04-20T19:17:08+08:00 ] 113.76.86.134 /index.php/Index/iscode/groupid/43C1549E222DE8BCFD975AEF5F44443A/username/dongya002/password/12345678/uuid/2BD16442-92E4-4320-913F-0727A9FBCCC2
INFO: [ route_check ] --START--
INFO: CheckRoute Behavior ::run [ RunTime:0.001769s ]
INFO: [ route_check ] --END-- [ RunTime:0.001881s ]
INFO: [ app_begin ] --START--
INFO: ReadHtmlCache Behavior ::run [ RunTime:0.001328s ]
INFO: [ app_begin ] --END-- [ RunTime:0.001415s ]
SQL: SHOW COLUMNS FROM `app_code` [ RunTime:0.001793s ]
SQL: SELECT * FROM `app_code` WHERE ( username="dongya002" and password="12345678" and groupid="43C1549E222DE8BCFD975AEF5F44443A" ) LIMIT 1   [ RunTime:0.000722s ]
SQL: SHOW COLUMNS FROM `app_group` [ RunTime:0.001285s ]
SQL: SELECT * FROM `app_group` WHERE ( `guid` = '43C1549E222DE8BCFD975AEF5F44443A' ) LIMIT 1   [ RunTime:0.000629s ]
SQL: UPDATE `app_code` SET `uuid`='2BD16442-92E4-4320-913F-0727A9FBCCC2',`binding`=0 WHERE ( `guid` = 'B1F9C6DE677E4184896E95D835A46518' ) [ RunTime:0.000269s ]
NOTIC: [8] Undefined index:  type D:\PHPnow\htdocs\dongya\Lib\Action\IndexAction.class.php ç¬¬ 74 è¡Œ.

[ 2016-04-20T19:17:08+08:00 ] 113.76.86.134 /index.php/Index/iscode/groupid/43C1549E222DE8BCFD975AEF5F44443A/username/dongya002/password/12345678/uuid/2BD16442-92E4-4320-913F-0727A9FBCCC2/type/updata
INFO: [ route_check ] --START--
INFO: CheckRoute Behavior ::run [ RunTime:0.001757s ]
INFO: [ route_check ] --END-- [ RunTime:0.001864s ]
INFO: [ app_begin ] --START--
INFO: ReadHtmlCache Behavior ::run [ RunTime:0.001393s ]
INFO: [ app_begin ] --END-- [ RunTime:0.001481s ]
SQL: SHOW COLUMNS FROM `app_code` [ RunTime:0.001757s ]
SQL: SELECT * FROM `app_code` WHERE ( username="dongya002" and password="12345678" and groupid="43C1549E222DE8BCFD975AEF5F44443A" ) LIMIT 1   [ RunTime:0.000724s ]
SQL: SHOW COLUMNS FROM `app_group` [ RunTime:0.001310s ]
SQL: SELECT * FROM `app_group` WHERE ( `guid` = '43C1549E222DE8BCFD975AEF5F44443A' ) LIMIT 1   [ RunTime:0.000651s ]
SQL: UPDATE `app_code` SET `uuid`='2BD16442-92E4-4320-913F-0727A9FBCCC2',`binding`=0 WHERE ( `guid` = 'B1F9C6DE677E4184896E95D835A46518' ) [ RunTime:0.000241s ]

[ 2016-04-20T19:38:55+08:00 ] 163.179.237.191 /index.php/Index/iscode/groupid/43C1549E222DE8BCFD975AEF5F44443A/username/dongya016/password/12345678/uuid/2926B643-3ED6-4346-9390-0787B6E7B3B5/type/updata
INFO: [ route_check ] --START--
INFO: CheckRoute Behavior ::run [ RunTime:0.001327s ]
INFO: [ route_check ] --END-- [ RunTime:0.001432s ]
INFO: [ app_begin ] --START--
INFO: ReadHtmlCache Behavior ::run [ RunTime:0.001042s ]
INFO: [ app_begin ] --END-- [ RunTime:0.001129s ]
SQL: SHOW COLUMNS FROM `app_code` [ RunTime:0.001810s ]
SQL: SELECT * FROM `app_code` WHERE ( username="dongya016" and password="12345678" and groupid="43C1549E222DE8BCFD975AEF5F44443A" ) LIMIT 1   [ RunTime:0.001158s ]
SQL: SHOW COLUMNS FROM `app_group` [ RunTime:0.001541s ]
SQL: SELECT * FROM `app_group` WHERE ( `guid` = '43C1549E222DE8BCFD975AEF5F44443A' ) LIMIT 1   [ RunTime:0.000653s ]
SQL: UPDATE `app_code` SET `uuid`='2926B643-3ED6-4346-9390-0787B6E7B3B5',`binding`=0 WHERE ( `guid` = '16127BB894594FC59193D9375E3BB657' ) [ RunTime:0.000243s ]

[ 2016-04-20T19:47:28+08:00 ] 113.76.86.134 /index.php/Index/iscode/groupid/43C1549E222DE8BCFD975AEF5F44443A/username/dongya002/password/12345678/uuid/2BD16442-92E4-4320-913F-0727A9FBCCC2
INFO: [ route_check ] --START--
INFO: CheckRoute Behavior ::run [ RunTime:0.001383s ]
INFO: [ route_check ] --END-- [ RunTime:0.001490s ]
INFO: [ app_begin ] --START--
INFO: ReadHtmlCache Behavior ::run [ RunTime:0.000985s ]
INFO: [ app_begin ] --END-- [ RunTime:0.001071s ]
SQL: SHOW COLUMNS FROM `app_code` [ RunTime:0.001803s ]
SQL: SELECT * FROM `app_code` WHERE ( username="dongya002" and password="12345678" and groupid="43C1549E222DE8BCFD975AEF5F44443A" ) LIMIT 1   [ RunTime:0.000741s ]
SQL: SHOW COLUMNS FROM `app_group` [ RunTime:0.001291s ]
SQL: SELECT * FROM `app_group` WHERE ( `guid` = '43C1549E222DE8BCFD975AEF5F44443A' ) LIMIT 1   [ RunTime:0.000627s ]
SQL: UPDATE `app_code` SET `uuid`='2BD16442-92E4-4320-913F-0727A9FBCCC2',`binding`=0 WHERE ( `guid` = 'B1F9C6DE677E4184896E95D835A46518' ) [ RunTime:0.000319s ]
NOTIC: [8] Undefined index:  type D:\PHPnow\htdocs\dongya\Lib\Action\IndexAction.class.php ç¬¬ 74 è¡Œ.

[ 2016-04-20T19:47:28+08:00 ] 113.76.86.134 /index.php/Index/iscode/groupid/43C1549E222DE8BCFD975AEF5F44443A/username/dongya002/password/12345678/uuid/2BD16442-92E4-4320-913F-0727A9FBCCC2/type/updata
INFO: [ route_check ] --START--
INFO: CheckRoute Behavior ::run [ RunTime:0.000948s ]
INFO: [ route_check ] --END-- [ RunTime:0.001051s ]
INFO: [ app_begin ] --START--
INFO: ReadHtmlCache Behavior ::run [ RunTime:0.000816s ]
INFO: [ app_begin ] --END-- [ RunTime:0.000913s ]
SQL: SHOW COLUMNS FROM `app_code` [ RunTime:0.001621s ]
SQL: SELECT * FROM `app_code` WHERE ( username="dongya002" and password="12345678" and groupid="43C1549E222DE8BCFD975AEF5F44443A" ) LIMIT 1   [ RunTime:0.000710s ]
SQL: SHOW COLUMNS FROM `app_group` [ RunTime:0.001301s ]
SQL: SELECT * FROM `app_group` WHERE ( `guid` = '43C1549E222DE8BCFD975AEF5F44443A' ) LIMIT 1   [ RunTime:0.000659s ]
SQL: UPDATE `app_code` SET `uuid`='2BD16442-92E4-4320-913F-0727A9FBCCC2',`binding`=0 WHERE ( `guid` = 'B1F9C6DE677E4184896E95D835A46518' ) [ RunTime:0.000238s ]

[ 2016-04-20T20:54:25+08:00 ] 223.149.29.211 /index.php/Index/iscode/groupid/43C1549E222DE8BCFD975AEF5F44443A/username/ÁúÌ¶¶«ÑÇ¼ªÏé/password/19721006/uuid/C620CD8D-FAD9-45A5-8D3D-294B60139BE4/type/updata
INFO: [ route_check ] --START--
INFO: CheckRoute Behavior ::run [ RunTime:0.002237s ]
INFO: [ route_check ] --END-- [ RunTime:0.002401s ]
INFO: [ app_begin ] --START--
INFO: ReadHtmlCache Behavior ::run [ RunTime:0.001023s ]
INFO: [ app_begin ] --END-- [ RunTime:0.001115s ]
SQL: SHOW COLUMNS FROM `app_code` [ RunTime:0.001836s ]
SQL: SELECT * FROM `app_code` WHERE ( username="ÁúÌ¶¶«ÑÇ¼ªÏé" and password="19721006" and groupid="43C1549E222DE8BCFD975AEF5F44443A" ) LIMIT 1   [ RunTime:0.000721s ]
SQL: SHOW COLUMNS FROM `app_group` [ RunTime:0.001461s ]
SQL: SELECT * FROM `app_group` LIMIT 1   [ RunTime:0.000846s ]

[ 2016-04-20T20:56:06+08:00 ] 223.149.29.211 /index.php/Index/iscode/groupid/43C1549E222DE8BCFD975AEF5F44443A/username/ÁúÌ¶¶«ÑÇ¼ªÏé/password/19721006/uuid/C620CD8D-FAD9-45A5-8D3D-294B60139BE4/type/updata
INFO: [ route_check ] --START--
INFO: CheckRoute Behavior ::run [ RunTime:0.000963s ]
INFO: [ route_check ] --END-- [ RunTime:0.001072s ]
INFO: [ app_begin ] --START--
INFO: ReadHtmlCache Behavior ::run [ RunTime:0.000608s ]
INFO: [ app_begin ] --END-- [ RunTime:0.000691s ]
SQL: SHOW COLUMNS FROM `app_code` [ RunTime:0.001880s ]
SQL: SELECT * FROM `app_code` WHERE ( username="ÁúÌ¶¶«ÑÇ¼ªÏé" and password="19721006" and groupid="43C1549E222DE8BCFD975AEF5F44443A" ) LIMIT 1   [ RunTime:0.000761s ]
SQL: SHOW COLUMNS FROM `app_group` [ RunTime:0.001939s ]
SQL: SELECT * FROM `app_group` LIMIT 1   [ RunTime:0.000701s ]

[ 2016-04-20T22:21:56+08:00 ] 219.131.200.79 /index.php/Index/iscode/groupid/43C1549E222DE8BCFD975AEF5F44443A/username/dongya002/password/12345678/uuid/25F219F2-8117-4223-ACC7-5910AD06A546/type/updata
INFO: [ route_check ] --START--
INFO: CheckRoute Behavior ::run [ RunTime:0.004231s ]
INFO: [ route_check ] --END-- [ RunTime:0.004367s ]
INFO: [ app_begin ] --START--
INFO: ReadHtmlCache Behavior ::run [ RunTime:0.002181s ]
INFO: [ app_begin ] --END-- [ RunTime:0.002269s ]
SQL: SHOW COLUMNS FROM `app_code` [ RunTime:0.034451s ]
SQL: SELECT * FROM `app_code` WHERE ( username="dongya002" and password="12345678" and groupid="43C1549E222DE8BCFD975AEF5F44443A" ) LIMIT 1   [ RunTime:0.015750s ]
SQL: SHOW COLUMNS FROM `app_group` [ RunTime:0.025719s ]
SQL: SELECT * FROM `app_group` WHERE ( `guid` = '43C1549E222DE8BCFD975AEF5F44443A' ) LIMIT 1   [ RunTime:0.000749s ]
SQL: UPDATE `app_code` SET `uuid`='25F219F2-8117-4223-ACC7-5910AD06A546',`binding`=0 WHERE ( `guid` = 'B1F9C6DE677E4184896E95D835A46518' ) [ RunTime:0.000275s ]

[ 2016-04-20T22:24:09+08:00 ] 219.131.200.79 /index.php/Index/iscode/groupid/43C1549E222DE8BCFD975AEF5F44443A/username/dongya002/password/12345678/uuid/25F219F2-8117-4223-ACC7-5910AD06A546/type/updata
INFO: [ route_check ] --START--
INFO: CheckRoute Behavior ::run [ RunTime:0.002015s ]
INFO: [ route_check ] --END-- [ RunTime:0.002168s ]
INFO: [ app_begin ] --START--
INFO: ReadHtmlCache Behavior ::run [ RunTime:0.001049s ]
INFO: [ app_begin ] --END-- [ RunTime:0.001159s ]
SQL: SHOW COLUMNS FROM `app_code` [ RunTime:0.001684s ]
SQL: SELECT * FROM `app_code` WHERE ( username="dongya002" and password="12345678" and groupid="43C1549E222DE8BCFD975AEF5F44443A" ) LIMIT 1   [ RunTime:0.000717s ]
SQL: SHOW COLUMNS FROM `app_group` [ RunTime:0.001298s ]
SQL: SELECT * FROM `app_group` WHERE ( `guid` = '43C1549E222DE8BCFD975AEF5F44443A' ) LIMIT 1   [ RunTime:0.000687s ]
SQL: UPDATE `app_code` SET `uuid`='25F219F2-8117-4223-ACC7-5910AD06A546',`binding`=0 WHERE ( `guid` = 'B1F9C6DE677E4184896E95D835A46518' ) [ RunTime:0.000242s ]

[ 2016-04-20T22:38:22+08:00 ] 163.179.237.141 /index.php/Index/iscode/groupid/43C1549E222DE8BCFD975AEF5F44443A/username/dongya016/password/12345678/uuid/2926B643-3ED6-4346-9390-0787B6E7B3B5/type/updata
INFO: [ route_check ] --START--
INFO: CheckRoute Behavior ::run [ RunTime:0.001344s ]
INFO: [ route_check ] --END-- [ RunTime:0.001463s ]
INFO: [ app_begin ] --START--
INFO: ReadHtmlCache Behavior ::run [ RunTime:0.001024s ]
INFO: [ app_begin ] --END-- [ RunTime:0.001110s ]
SQL: SHOW COLUMNS FROM `app_code` [ RunTime:0.001840s ]
SQL: SELECT * FROM `app_code` WHERE ( username="dongya016" and password="12345678" and groupid="43C1549E222DE8BCFD975AEF5F44443A" ) LIMIT 1   [ RunTime:0.000741s ]
SQL: SHOW COLUMNS FROM `app_group` [ RunTime:0.001502s ]
SQL: SELECT * FROM `app_group` WHERE ( `guid` = '43C1549E222DE8BCFD975AEF5F44443A' ) LIMIT 1   [ RunTime:0.000679s ]
SQL: UPDATE `app_code` SET `uuid`='2926B643-3ED6-4346-9390-0787B6E7B3B5',`binding`=0 WHERE ( `guid` = '16127BB894594FC59193D9375E3BB657' ) [ RunTime:0.000240s ]

[ 2016-04-20T23:07:35+08:00 ] 219.131.200.79 /index.php/Index/iscode/groupid/43C1549E222DE8BCFD975AEF5F44443A/username/dongya002/password/12345678/uuid/25F219F2-8117-4223-ACC7-5910AD06A546/type/updata
INFO: [ route_check ] --START--
INFO: CheckRoute Behavior ::run [ RunTime:0.001383s ]
INFO: [ route_check ] --END-- [ RunTime:0.001499s ]
INFO: [ app_begin ] --START--
INFO: ReadHtmlCache Behavior ::run [ RunTime:0.001032s ]
INFO: [ app_begin ] --END-- [ RunTime:0.001121s ]
SQL: SHOW COLUMNS FROM `app_code` [ RunTime:0.001922s ]
SQL: SELECT * FROM `app_code` WHERE ( username="dongya002" and password="12345678" and groupid="43C1549E222DE8BCFD975AEF5F44443A" ) LIMIT 1   [ RunTime:0.000741s ]
SQL: SHOW COLUMNS FROM `app_group` [ RunTime:0.001529s ]
SQL: SELECT * FROM `app_group` WHERE ( `guid` = '43C1549E222DE8BCFD975AEF5F44443A' ) LIMIT 1   [ RunTime:0.000652s ]
SQL: UPDATE `app_code` SET `uuid`='25F219F2-8117-4223-ACC7-5910AD06A546',`binding`=0 WHERE ( `guid` = 'B1F9C6DE677E4184896E95D835A46518' ) [ RunTime:0.000249s ]

[ 2016-04-20T23:07:38+08:00 ] 219.131.200.79 /index.php/Index/iscode/groupid/43C1549E222DE8BCFD975AEF5F44443A/username/dongya002/password/12345678/uuid/25F219F2-8117-4223-ACC7-5910AD06A546/type/updata
INFO: [ route_check ] --START--
INFO: CheckRoute Behavior ::run [ RunTime:0.000953s ]
INFO: [ route_check ] --END-- [ RunTime:0.001068s ]
INFO: [ app_begin ] --START--
INFO: ReadHtmlCache Behavior ::run [ RunTime:0.000613s ]
INFO: [ app_begin ] --END-- [ RunTime:0.000699s ]
SQL: SHOW COLUMNS FROM `app_code` [ RunTime:0.001748s ]
SQL: SELECT * FROM `app_code` WHERE ( username="dongya002" and password="12345678" and groupid="43C1549E222DE8BCFD975AEF5F44443A" ) LIMIT 1   [ RunTime:0.000733s ]
SQL: SHOW COLUMNS FROM `app_group` [ RunTime:0.001327s ]
SQL: SELECT * FROM `app_group` WHERE ( `guid` = '43C1549E222DE8BCFD975AEF5F44443A' ) LIMIT 1   [ RunTime:0.000887s ]
SQL: UPDATE `app_code` SET `uuid`='25F219F2-8117-4223-ACC7-5910AD06A546',`binding`=0 WHERE ( `guid` = 'B1F9C6DE677E4184896E95D835A46518' ) [ RunTime:0.000354s ]

[ 2016-04-20T23:24:57+08:00 ] 183.27.141.17 /index.php/Index/iscode/groupid/43C1549E222DE8BCFD975AEF5F44443A/username/2075741/password/12345678/uuid/9AAD2CE2-0B56-445C-B966-FA390D7F90D6/type/updata
INFO: [ route_check ] --START--
INFO: CheckRoute Behavior ::run [ RunTime:0.001366s ]
INFO: [ route_check ] --END-- [ RunTime:0.001471s ]
INFO: [ app_begin ] --START--
INFO: ReadHtmlCache Behavior ::run [ RunTime:0.001071s ]
INFO: [ app_begin ] --END-- [ RunTime:0.001158s ]
SQL: SHOW COLUMNS FROM `app_code` [ RunTime:0.001648s ]
SQL: SELECT * FROM `app_code` WHERE ( username="2075741" and password="12345678" and groupid="43C1549E222DE8BCFD975AEF5F44443A" ) LIMIT 1   [ RunTime:0.000717s ]
SQL: SHOW COLUMNS FROM `app_group` [ RunTime:0.001324s ]
SQL: SELECT * FROM `app_group` LIMIT 1   [ RunTime:0.000827s ]

[ 2016-04-20T23:25:03+08:00 ] 183.27.141.17 /index.php/Index/iscode/groupid/43C1549E222DE8BCFD975AEF5F44443A/username/2075741/password/12345678/uuid/9AAD2CE2-0B56-445C-B966-FA390D7F90D6/type/updata
INFO: [ route_check ] --START--
INFO: CheckRoute Behavior ::run [ RunTime:0.000927s ]
INFO: [ route_check ] --END-- [ RunTime:0.001031s ]
INFO: [ app_begin ] --START--
INFO: ReadHtmlCache Behavior ::run [ RunTime:0.000607s ]
INFO: [ app_begin ] --END-- [ RunTime:0.000688s ]
SQL: SHOW COLUMNS FROM `app_code` [ RunTime:0.002112s ]
SQL: SELECT * FROM `app_code` WHERE ( username="2075741" and password="12345678" and groupid="43C1549E222DE8BCFD975AEF5F44443A" ) LIMIT 1   [ RunTime:0.000761s ]
SQL: SHOW COLUMNS FROM `app_group` [ RunTime:0.001742s ]
SQL: SELECT * FROM `app_group` LIMIT 1   [ RunTime:0.000710s ]

