[ 2016-03-04T09:38:40+08:00 ] 180.153.81.183 /index.php
INFO: [ app_begin ] --START--
INFO: ReadHtmlCache Behavior ::run [ RunTime:0.001356s ]
INFO: [ app_begin ] --END-- [ RunTime:0.001461s ]
INFO: [ view_parse ] --START--
INFO: ParseTemplate Behavior ::run [ RunTime:0.012141s ]
INFO: [ view_parse ] --END-- [ RunTime:0.012249s ]
INFO: [ view_filter ] --START--
INFO: ContentReplace Behavior ::run [ RunTime:0.001119s ]
INFO: TokenBuild Behavior ::run [ RunTime:0.001174s ]
INFO: WriteHtmlCache Behavior ::run [ RunTime:0.001004s ]
INFO: ShowRuntime Behavior ::run [ RunTime:0.001331s ]
INFO: [ view_filter ] --END-- [ RunTime:0.004887s ]
INFO: [ view_end ] --START--
INFO: ShowPageTrace Behavior ::run [ RunTime:0.001617s ]
INFO: [ view_end ] --END-- [ RunTime:0.001696s ]

[ 2016-03-04T09:38:40+08:00 ] 180.153.4.19 /index.php
INFO: [ app_begin ] --START--
INFO: ReadHtmlCache Behavior ::run [ RunTime:0.001409s ]
INFO: [ app_begin ] --END-- [ RunTime:0.001521s ]
INFO: [ view_parse ] --START--
INFO: ParseTemplate Behavior ::run [ RunTime:0.012697s ]
INFO: [ view_parse ] --END-- [ RunTime:0.012825s ]
INFO: [ view_filter ] --START--
INFO: ContentReplace Behavior ::run [ RunTime:0.001285s ]
INFO: TokenBuild Behavior ::run [ RunTime:0.001131s ]
INFO: WriteHtmlCache Behavior ::run [ RunTime:0.000979s ]
INFO: ShowRuntime Behavior ::run [ RunTime:0.001214s ]
INFO: [ view_filter ] --END-- [ RunTime:0.004847s ]
INFO: [ view_end ] --START--
INFO: ShowPageTrace Behavior ::run [ RunTime:0.001493s ]
INFO: [ view_end ] --END-- [ RunTime:0.001590s ]

[ 2016-03-04T09:38:40+08:00 ] 183.60.70.30 /index.php
INFO: [ app_begin ] --START--
INFO: ReadHtmlCache Behavior ::run [ RunTime:0.001619s ]
INFO: [ app_begin ] --END-- [ RunTime:0.001802s ]
INFO: [ view_parse ] --START--
INFO: ParseTemplate Behavior ::run [ RunTime:0.012310s ]
INFO: [ view_parse ] --END-- [ RunTime:0.012426s ]
INFO: [ view_filter ] --START--
INFO: ContentReplace Behavior ::run [ RunTime:0.001368s ]
INFO: TokenBuild Behavior ::run [ RunTime:0.001149s ]
INFO: WriteHtmlCache Behavior ::run [ RunTime:0.001015s ]
INFO: ShowRuntime Behavior ::run [ RunTime:0.001282s ]
INFO: [ view_filter ] --END-- [ RunTime:0.005046s ]
INFO: [ view_end ] --START--
INFO: ShowPageTrace Behavior ::run [ RunTime:0.001412s ]
INFO: [ view_end ] --END-- [ RunTime:0.001493s ]

[ 2016-03-04T09:38:56+08:00 ] 118.197.35.170 /index.php
INFO: [ app_begin ] --START--
INFO: ReadHtmlCache Behavior ::run [ RunTime:0.001397s ]
INFO: [ app_begin ] --END-- [ RunTime:0.001502s ]
INFO: [ view_parse ] --START--
INFO: ParseTemplate Behavior ::run [ RunTime:0.012388s ]
INFO: [ view_parse ] --END-- [ RunTime:0.012488s ]
INFO: [ view_filter ] --START--
INFO: ContentReplace Behavior ::run [ RunTime:0.001115s ]
INFO: TokenBuild Behavior ::run [ RunTime:0.001138s ]
INFO: WriteHtmlCache Behavior ::run [ RunTime:0.001010s ]
INFO: ShowRuntime Behavior ::run [ RunTime:0.001268s ]
INFO: [ view_filter ] --END-- [ RunTime:0.004761s ]
INFO: [ view_end ] --START--
INFO: ShowPageTrace Behavior ::run [ RunTime:0.001408s ]
INFO: [ view_end ] --END-- [ RunTime:0.001486s ]

[ 2016-03-04T09:39:07+08:00 ] 118.197.35.170 /index.php/index/code_login
INFO: [ route_check ] --START--
INFO: CheckRoute Behavior ::run [ RunTime:0.001699s ]
INFO: [ route_check ] --END-- [ RunTime:0.001805s ]
INFO: [ app_begin ] --START--
INFO: ReadHtmlCache Behavior ::run [ RunTime:0.001420s ]
INFO: [ app_begin ] --END-- [ RunTime:0.001499s ]
SQL: SHOW COLUMNS FROM `app_member` [ RunTime:0.037640s ]
SQL: SELECT * FROM `app_member` WHERE ( username="dongya" and password="4297f44b13955235245b2497399d7a93" ) LIMIT 1   [ RunTime:0.000813s ]
SQL: SHOW COLUMNS FROM `app_admin` [ RunTime:0.023663s ]
SQL: SELECT * FROM `app_admin` WHERE ( username="dongya" and password="4297f44b13955235245b2497399d7a93" ) LIMIT 1   [ RunTime:0.000879s ]
SQL: SHOW COLUMNS FROM `app_group` [ RunTime:0.001350s ]
SQL: SELECT * FROM `app_group` WHERE ( `guid` = '43C1549E222DE8BCFD975AEF5F44443A' ) LIMIT 1   [ RunTime:0.000622s ]

[ 2016-03-04T09:39:07+08:00 ] 118.197.35.170 /index.php/Index/
INFO: [ route_check ] --START--
INFO: CheckRoute Behavior ::run [ RunTime:0.001939s ]
INFO: [ route_check ] --END-- [ RunTime:0.002060s ]
INFO: [ app_begin ] --START--
INFO: ReadHtmlCache Behavior ::run [ RunTime:0.001563s ]
INFO: [ app_begin ] --END-- [ RunTime:0.001695s ]

[ 2016-03-04T13:35:35+08:00 ] 121.42.0.15 /index.php
INFO: [ app_begin ] --START--
INFO: ReadHtmlCache Behavior ::run [ RunTime:0.005243s ]
INFO: [ app_begin ] --END-- [ RunTime:0.005376s ]
INFO: [ view_parse ] --START--
INFO: ParseTemplate Behavior ::run [ RunTime:0.022150s ]
INFO: [ view_parse ] --END-- [ RunTime:0.022280s ]
INFO: [ view_filter ] --START--
INFO: ContentReplace Behavior ::run [ RunTime:0.001992s ]
INFO: TokenBuild Behavior ::run [ RunTime:0.003311s ]
INFO: WriteHtmlCache Behavior ::run [ RunTime:0.001936s ]
INFO: ShowRuntime Behavior ::run [ RunTime:0.002230s ]
INFO: [ view_filter ] --END-- [ RunTime:0.009714s ]
INFO: [ view_end ] --START--
INFO: ShowPageTrace Behavior ::run [ RunTime:0.002272s ]
INFO: [ view_end ] --END-- [ RunTime:0.002372s ]

[ 2016-03-04T14:18:02+08:00 ] 121.42.0.33 /index.php
INFO: [ app_begin ] --START--
INFO: ReadHtmlCache Behavior ::run [ RunTime:0.000981s ]
INFO: [ app_begin ] --END-- [ RunTime:0.001107s ]
INFO: [ view_parse ] --START--
INFO: ParseTemplate Behavior ::run [ RunTime:0.009205s ]
INFO: [ view_parse ] --END-- [ RunTime:0.009338s ]
INFO: [ view_filter ] --START--
INFO: ContentReplace Behavior ::run [ RunTime:0.000460s ]
INFO: TokenBuild Behavior ::run [ RunTime:0.000518s ]
INFO: WriteHtmlCache Behavior ::run [ RunTime:0.000596s ]
INFO: ShowRuntime Behavior ::run [ RunTime:0.000593s ]
INFO: [ view_filter ] --END-- [ RunTime:0.002463s ]
INFO: [ view_end ] --START--
INFO: ShowPageTrace Behavior ::run [ RunTime:0.001461s ]
INFO: [ view_end ] --END-- [ RunTime:0.001542s ]

[ 2016-03-04T14:34:22+08:00 ] 113.111.114.106 /index.php
INFO: [ app_begin ] --START--
INFO: ReadHtmlCache Behavior ::run [ RunTime:0.001032s ]
INFO: [ app_begin ] --END-- [ RunTime:0.001150s ]
INFO: [ view_parse ] --START--
INFO: ParseTemplate Behavior ::run [ RunTime:0.012231s ]
INFO: [ view_parse ] --END-- [ RunTime:0.012361s ]
INFO: [ view_filter ] --START--
INFO: ContentReplace Behavior ::run [ RunTime:0.000819s ]
INFO: TokenBuild Behavior ::run [ RunTime:0.000817s ]
INFO: WriteHtmlCache Behavior ::run [ RunTime:0.001065s ]
INFO: ShowRuntime Behavior ::run [ RunTime:0.001237s ]
INFO: [ view_filter ] --END-- [ RunTime:0.004168s ]
INFO: [ view_end ] --START--
INFO: ShowPageTrace Behavior ::run [ RunTime:0.001447s ]
INFO: [ view_end ] --END-- [ RunTime:0.001527s ]

[ 2016-03-04T14:36:38+08:00 ] 180.153.81.183 /index.php
INFO: [ app_begin ] --START--
INFO: ReadHtmlCache Behavior ::run [ RunTime:0.000860s ]
INFO: [ app_begin ] --END-- [ RunTime:0.000977s ]
INFO: [ view_parse ] --START--
INFO: ParseTemplate Behavior ::run [ RunTime:0.009365s ]
INFO: [ view_parse ] --END-- [ RunTime:0.009488s ]
INFO: [ view_filter ] --START--
INFO: ContentReplace Behavior ::run [ RunTime:0.000419s ]
INFO: TokenBuild Behavior ::run [ RunTime:0.000453s ]
INFO: WriteHtmlCache Behavior ::run [ RunTime:0.001045s ]
INFO: ShowRuntime Behavior ::run [ RunTime:0.000520s ]
INFO: [ view_filter ] --END-- [ RunTime:0.002665s ]
INFO: [ view_end ] --START--
INFO: ShowPageTrace Behavior ::run [ RunTime:0.001262s ]
INFO: [ view_end ] --END-- [ RunTime:0.001343s ]

[ 2016-03-04T14:36:38+08:00 ] 180.153.81.183 /index.php
INFO: [ app_begin ] --START--
INFO: ReadHtmlCache Behavior ::run [ RunTime:0.000831s ]
INFO: [ app_begin ] --END-- [ RunTime:0.000942s ]
INFO: [ view_parse ] --START--
INFO: ParseTemplate Behavior ::run [ RunTime:0.009917s ]
INFO: [ view_parse ] --END-- [ RunTime:0.010045s ]
INFO: [ view_filter ] --START--
INFO: ContentReplace Behavior ::run [ RunTime:0.000402s ]
INFO: TokenBuild Behavior ::run [ RunTime:0.000414s ]
INFO: WriteHtmlCache Behavior ::run [ RunTime:0.001025s ]
INFO: ShowRuntime Behavior ::run [ RunTime:0.000504s ]
INFO: [ view_filter ] --END-- [ RunTime:0.002567s ]
INFO: [ view_end ] --START--
INFO: ShowPageTrace Behavior ::run [ RunTime:0.001544s ]
INFO: [ view_end ] --END-- [ RunTime:0.001660s ]

[ 2016-03-04T14:47:14+08:00 ] 113.111.114.106 /index.php/index/code_login
INFO: [ route_check ] --START--
INFO: CheckRoute Behavior ::run [ RunTime:0.000983s ]
INFO: [ route_check ] --END-- [ RunTime:0.001120s ]
INFO: [ app_begin ] --START--
INFO: ReadHtmlCache Behavior ::run [ RunTime:0.000741s ]
INFO: [ app_begin ] --END-- [ RunTime:0.000848s ]
SQL: SHOW COLUMNS FROM `app_member` [ RunTime:0.005062s ]
SQL: SELECT * FROM `app_member` WHERE ( username="dongya" and password="4297f44b13955235245b2497399d7a93" ) LIMIT 1   [ RunTime:0.000759s ]
SQL: SHOW COLUMNS FROM `app_admin` [ RunTime:0.024122s ]
SQL: SELECT * FROM `app_admin` WHERE ( username="dongya" and password="4297f44b13955235245b2497399d7a93" ) LIMIT 1   [ RunTime:0.000823s ]
SQL: SHOW COLUMNS FROM `app_group` [ RunTime:0.001413s ]
SQL: SELECT * FROM `app_group` WHERE ( `guid` = '43C1549E222DE8BCFD975AEF5F44443A' ) LIMIT 1   [ RunTime:0.000677s ]

[ 2016-03-04T14:47:15+08:00 ] 113.111.114.106 /index.php/Index/
INFO: [ route_check ] --START--
INFO: CheckRoute Behavior ::run [ RunTime:0.000928s ]
INFO: [ route_check ] --END-- [ RunTime:0.001035s ]
INFO: [ app_begin ] --START--
INFO: ReadHtmlCache Behavior ::run [ RunTime:0.000806s ]
INFO: [ app_begin ] --END-- [ RunTime:0.000911s ]

[ 2016-03-04T18:26:06+08:00 ] 123.197.168.242 /index.php
INFO: [ app_begin ] --START--
INFO: ReadHtmlCache Behavior ::run [ RunTime:0.000716s ]
INFO: [ app_begin ] --END-- [ RunTime:0.000837s ]
INFO: [ view_parse ] --START--
INFO: ParseTemplate Behavior ::run [ RunTime:0.018330s ]
INFO: [ view_parse ] --END-- [ RunTime:0.018449s ]
INFO: [ view_filter ] --START--
INFO: ContentReplace Behavior ::run [ RunTime:0.000843s ]
INFO: TokenBuild Behavior ::run [ RunTime:0.000831s ]
INFO: WriteHtmlCache Behavior ::run [ RunTime:0.000698s ]
INFO: ShowRuntime Behavior ::run [ RunTime:0.000941s ]
INFO: [ view_filter ] --END-- [ RunTime:0.003582s ]
INFO: [ view_end ] --START--
INFO: ShowPageTrace Behavior ::run [ RunTime:0.001182s ]
INFO: [ view_end ] --END-- [ RunTime:0.001266s ]

