[ 2016-03-27T00:17:15+08:00 ] 223.155.243.195 /index.php/Index/iscode/groupid/43C1549E222DE8BCFD975AEF5F44443A/username/5073912/password/ddkkjhjj/uuid/14A53E13-55AA-4464-BBDF-412354E6AA73
INFO: [ route_check ] --START--
INFO: CheckRoute Behavior ::run [ RunTime:0.001380s ]
INFO: [ route_check ] --END-- [ RunTime:0.001503s ]
INFO: [ app_begin ] --START--
INFO: ReadHtmlCache Behavior ::run [ RunTime:0.001025s ]
INFO: [ app_begin ] --END-- [ RunTime:0.001120s ]
SQL: SHOW COLUMNS FROM `app_code` [ RunTime:0.001879s ]
SQL: SELECT * FROM `app_code` WHERE ( username="5073912" and password="ddkkjhjj" and groupid="43C1549E222DE8BCFD975AEF5F44443A" ) LIMIT 1   [ RunTime:0.000723s ]
SQL: SHOW COLUMNS FROM `app_group` [ RunTime:0.001472s ]
SQL: SELECT * FROM `app_group` LIMIT 1   [ RunTime:0.000620s ]

[ 2016-03-27T00:17:15+08:00 ] 223.155.243.195 /index.php/Index/iscode/groupid/43C1549E222DE8BCFD975AEF5F44443A/username/5073912/password/ddkkjhjj/uuid/14A53E13-55AA-4464-BBDF-412354E6AA73/type/updata
INFO: [ route_check ] --START--
INFO: CheckRoute Behavior ::run [ RunTime:0.000939s ]
INFO: [ route_check ] --END-- [ RunTime:0.001070s ]
INFO: [ app_begin ] --START--
INFO: ReadHtmlCache Behavior ::run [ RunTime:0.000605s ]
INFO: [ app_begin ] --END-- [ RunTime:0.000688s ]
SQL: SHOW COLUMNS FROM `app_code` [ RunTime:0.002027s ]
SQL: SELECT * FROM `app_code` WHERE ( username="5073912" and password="ddkkjhjj" and groupid="43C1549E222DE8BCFD975AEF5F44443A" ) LIMIT 1   [ RunTime:0.000788s ]
SQL: SHOW COLUMNS FROM `app_group` [ RunTime:0.001387s ]
SQL: SELECT * FROM `app_group` LIMIT 1   [ RunTime:0.000730s ]

[ 2016-03-27T00:17:25+08:00 ] 223.155.243.195 /index.php/Index/iscode/groupid/43C1549E222DE8BCFD975AEF5F44443A/username/5073912/password/ddkkjhjj/uuid/14A53E13-55AA-4464-BBDF-412354E6AA73/type/updata
INFO: [ route_check ] --START--
INFO: CheckRoute Behavior ::run [ RunTime:0.000953s ]
INFO: [ route_check ] --END-- [ RunTime:0.001069s ]
INFO: [ app_begin ] --START--
INFO: ReadHtmlCache Behavior ::run [ RunTime:0.000604s ]
INFO: [ app_begin ] --END-- [ RunTime:0.000686s ]
SQL: SHOW COLUMNS FROM `app_code` [ RunTime:0.001735s ]
SQL: SELECT * FROM `app_code` WHERE ( username="5073912" and password="ddkkjhjj" and groupid="43C1549E222DE8BCFD975AEF5F44443A" ) LIMIT 1   [ RunTime:0.000815s ]
SQL: SHOW COLUMNS FROM `app_group` [ RunTime:0.001380s ]
SQL: SELECT * FROM `app_group` LIMIT 1   [ RunTime:0.000626s ]

[ 2016-03-27T00:23:46+08:00 ] 223.155.243.195 /index.php/Index/iscode/groupid/43C1549E222DE8BCFD975AEF5F44443A/username/5073912/password/ddkkjhjj/uuid/14A53E13-55AA-4464-BBDF-412354E6AA73
INFO: [ route_check ] --START--
INFO: CheckRoute Behavior ::run [ RunTime:0.001444s ]
INFO: [ route_check ] --END-- [ RunTime:0.001568s ]
INFO: [ app_begin ] --START--
INFO: ReadHtmlCache Behavior ::run [ RunTime:0.000995s ]
INFO: [ app_begin ] --END-- [ RunTime:0.001081s ]
SQL: SHOW COLUMNS FROM `app_code` [ RunTime:0.001764s ]
SQL: SELECT * FROM `app_code` WHERE ( username="5073912" and password="ddkkjhjj" and groupid="43C1549E222DE8BCFD975AEF5F44443A" ) LIMIT 1   [ RunTime:0.000707s ]
SQL: SHOW COLUMNS FROM `app_group` [ RunTime:0.001851s ]
SQL: SELECT * FROM `app_group` LIMIT 1   [ RunTime:0.001132s ]

[ 2016-03-27T00:23:46+08:00 ] 223.155.243.195 /index.php/Uploadprohot
INFO: [ route_check ] --START--
INFO: CheckRoute Behavior ::run [ RunTime:0.000974s ]
INFO: [ route_check ] --END-- [ RunTime:0.001084s ]
INFO: [ app_begin ] --START--
INFO: ReadHtmlCache Behavior ::run [ RunTime:0.000596s ]
INFO: [ app_begin ] --END-- [ RunTime:0.000679s ]

[ 2016-03-27T00:23:46+08:00 ] 223.155.243.195 /index.php/Index/iscode/groupid/43C1549E222DE8BCFD975AEF5F44443A/username/5073912/password/ddkkjhjj/uuid/14A53E13-55AA-4464-BBDF-412354E6AA73/type/updata
INFO: [ route_check ] --START--
INFO: CheckRoute Behavior ::run [ RunTime:0.001618s ]
INFO: [ route_check ] --END-- [ RunTime:0.001746s ]
INFO: [ app_begin ] --START--
INFO: ReadHtmlCache Behavior ::run [ RunTime:0.001008s ]
INFO: [ app_begin ] --END-- [ RunTime:0.001093s ]
SQL: SHOW COLUMNS FROM `app_code` [ RunTime:0.001644s ]
SQL: SELECT * FROM `app_code` WHERE ( username="5073912" and password="ddkkjhjj" and groupid="43C1549E222DE8BCFD975AEF5F44443A" ) LIMIT 1   [ RunTime:0.000709s ]
SQL: SHOW COLUMNS FROM `app_group` [ RunTime:0.001855s ]
SQL: SELECT * FROM `app_group` LIMIT 1   [ RunTime:0.000596s ]

[ 2016-03-27T00:32:16+08:00 ] 223.155.243.195 /index.php/Index/iscode/groupid/43C1549E222DE8BCFD975AEF5F44443A/username/5073912/password/ddkkjhjj/uuid/14A53E13-55AA-4464-BBDF-412354E6AA73/type/updata
INFO: [ route_check ] --START--
INFO: CheckRoute Behavior ::run [ RunTime:0.001467s ]
INFO: [ route_check ] --END-- [ RunTime:0.001586s ]
INFO: [ app_begin ] --START--
INFO: ReadHtmlCache Behavior ::run [ RunTime:0.001046s ]
INFO: [ app_begin ] --END-- [ RunTime:0.001137s ]
SQL: SHOW COLUMNS FROM `app_code` [ RunTime:0.002060s ]
SQL: SELECT * FROM `app_code` WHERE ( username="5073912" and password="ddkkjhjj" and groupid="43C1549E222DE8BCFD975AEF5F44443A" ) LIMIT 1   [ RunTime:0.000915s ]
SQL: SHOW COLUMNS FROM `app_group` [ RunTime:0.001602s ]
SQL: SELECT * FROM `app_group` LIMIT 1   [ RunTime:0.000658s ]

[ 2016-03-27T10:51:53+08:00 ] 14.18.191.131 /index.php/Index/iscode/groupid/43C1549E222DE8BCFD975AEF5F44443A/username/dongya010/password/12345678/uuid/6C96832B-6553-460E-83BF-02E6A72082AB
INFO: [ route_check ] --START--
INFO: CheckRoute Behavior ::run [ RunTime:0.003728s ]
INFO: [ route_check ] --END-- [ RunTime:0.003892s ]
INFO: [ app_begin ] --START--
INFO: ReadHtmlCache Behavior ::run [ RunTime:0.002055s ]
INFO: [ app_begin ] --END-- [ RunTime:0.002146s ]
SQL: SHOW COLUMNS FROM `app_code` [ RunTime:0.032060s ]
SQL: SELECT * FROM `app_code` WHERE ( username="dongya010" and password="12345678" and groupid="43C1549E222DE8BCFD975AEF5F44443A" ) LIMIT 1   [ RunTime:0.008657s ]
SQL: SHOW COLUMNS FROM `app_group` [ RunTime:0.032651s ]
SQL: SELECT * FROM `app_group` WHERE ( `guid` = '43C1549E222DE8BCFD975AEF5F44443A' ) LIMIT 1   [ RunTime:0.000811s ]
SQL: UPDATE `app_code` SET `uuid`='6C96832B-6553-460E-83BF-02E6A72082AB',`binding`=0 WHERE ( `guid` = 'BC561E52860D4F0197FA769C5457056E' ) [ RunTime:0.000272s ]
NOTIC: [8] Undefined index:  type D:\PHPnow\htdocs\dongya\Lib\Action\IndexAction.class.php 第 74 行.

[ 2016-03-27T10:51:53+08:00 ] 14.18.191.131 /index.php/Index/iscode/groupid/43C1549E222DE8BCFD975AEF5F44443A/username/dongya010/password/12345678/uuid/6C96832B-6553-460E-83BF-02E6A72082AB/type/updata
INFO: [ route_check ] --START--
INFO: CheckRoute Behavior ::run [ RunTime:0.000924s ]
INFO: [ route_check ] --END-- [ RunTime:0.001025s ]
INFO: [ app_begin ] --START--
INFO: ReadHtmlCache Behavior ::run [ RunTime:0.000640s ]
INFO: [ app_begin ] --END-- [ RunTime:0.000732s ]
SQL: SHOW COLUMNS FROM `app_code` [ RunTime:0.001811s ]
SQL: SELECT * FROM `app_code` WHERE ( username="dongya010" and password="12345678" and groupid="43C1549E222DE8BCFD975AEF5F44443A" ) LIMIT 1   [ RunTime:0.000759s ]
SQL: SHOW COLUMNS FROM `app_group` [ RunTime:0.001425s ]
SQL: SELECT * FROM `app_group` WHERE ( `guid` = '43C1549E222DE8BCFD975AEF5F44443A' ) LIMIT 1   [ RunTime:0.000628s ]
SQL: UPDATE `app_code` SET `uuid`='6C96832B-6553-460E-83BF-02E6A72082AB',`binding`=0 WHERE ( `guid` = 'BC561E52860D4F0197FA769C5457056E' ) [ RunTime:0.000235s ]

[ 2016-03-27T10:51:53+08:00 ] 14.18.191.131 /index.php/Uploadprohot
INFO: [ route_check ] --START--
INFO: CheckRoute Behavior ::run [ RunTime:0.000983s ]
INFO: [ route_check ] --END-- [ RunTime:0.001095s ]
INFO: [ app_begin ] --START--
INFO: ReadHtmlCache Behavior ::run [ RunTime:0.000723s ]
INFO: [ app_begin ] --END-- [ RunTime:0.000834s ]

[ 2016-03-27T11:44:22+08:00 ] 117.136.88.209 /index.php/Index/iscode/groupid/43C1549E222DE8BCFD975AEF5F44443A/username/dongya/password/1234/uuid/AD197525-E308-49A8-9026-FD6A5004B84A
INFO: [ route_check ] --START--
INFO: CheckRoute Behavior ::run [ RunTime:0.002245s ]
INFO: [ route_check ] --END-- [ RunTime:0.002407s ]
INFO: [ app_begin ] --START--
INFO: ReadHtmlCache Behavior ::run [ RunTime:0.001421s ]
INFO: [ app_begin ] --END-- [ RunTime:0.001510s ]
SQL: SHOW COLUMNS FROM `app_code` [ RunTime:0.001826s ]
SQL: SELECT * FROM `app_code` WHERE ( username="dongya" and password="1234" and groupid="43C1549E222DE8BCFD975AEF5F44443A" ) LIMIT 1   [ RunTime:0.000729s ]
SQL: SHOW COLUMNS FROM `app_group` [ RunTime:0.001617s ]
SQL: SELECT * FROM `app_group` LIMIT 1   [ RunTime:0.000647s ]

[ 2016-03-27T11:44:22+08:00 ] 117.136.88.209 /index.php/Uploadprohot
INFO: [ route_check ] --START--
INFO: CheckRoute Behavior ::run [ RunTime:0.001055s ]
INFO: [ route_check ] --END-- [ RunTime:0.001184s ]
INFO: [ app_begin ] --START--
INFO: ReadHtmlCache Behavior ::run [ RunTime:0.000835s ]
INFO: [ app_begin ] --END-- [ RunTime:0.000921s ]

[ 2016-03-27T11:44:22+08:00 ] 117.136.88.209 /index.php/Index/iscode/groupid/43C1549E222DE8BCFD975AEF5F44443A/username/dongya/password/1234/uuid/AD197525-E308-49A8-9026-FD6A5004B84A/type/updata
INFO: [ route_check ] --START--
INFO: CheckRoute Behavior ::run [ RunTime:0.000966s ]
INFO: [ route_check ] --END-- [ RunTime:0.001071s ]
INFO: [ app_begin ] --START--
INFO: ReadHtmlCache Behavior ::run [ RunTime:0.000860s ]
INFO: [ app_begin ] --END-- [ RunTime:0.000945s ]
SQL: SHOW COLUMNS FROM `app_code` [ RunTime:0.001653s ]
SQL: SELECT * FROM `app_code` WHERE ( username="dongya" and password="1234" and groupid="43C1549E222DE8BCFD975AEF5F44443A" ) LIMIT 1   [ RunTime:0.000712s ]
SQL: SHOW COLUMNS FROM `app_group` [ RunTime:0.001347s ]
SQL: SELECT * FROM `app_group` LIMIT 1   [ RunTime:0.000613s ]

[ 2016-03-27T12:16:41+08:00 ] 116.9.88.193 /index.php/Index/iscode/groupid/43C1549E222DE8BCFD975AEF5F44443A/username/dongya003/password/12345678/uuid/F2BD55CD-42E5-48B6-9DDA-44D228FF2BF7
INFO: [ route_check ] --START--
INFO: CheckRoute Behavior ::run [ RunTime:0.001344s ]
INFO: [ route_check ] --END-- [ RunTime:0.001462s ]
INFO: [ app_begin ] --START--
INFO: ReadHtmlCache Behavior ::run [ RunTime:0.000990s ]
INFO: [ app_begin ] --END-- [ RunTime:0.001075s ]
SQL: SHOW COLUMNS FROM `app_code` [ RunTime:0.001836s ]
SQL: SELECT * FROM `app_code` WHERE ( username="dongya003" and password="12345678" and groupid="43C1549E222DE8BCFD975AEF5F44443A" ) LIMIT 1   [ RunTime:0.000727s ]
SQL: SHOW COLUMNS FROM `app_group` [ RunTime:0.001515s ]
SQL: SELECT * FROM `app_group` WHERE ( `guid` = '43C1549E222DE8BCFD975AEF5F44443A' ) LIMIT 1   [ RunTime:0.000641s ]
SQL: UPDATE `app_code` SET `uuid`='F2BD55CD-42E5-48B6-9DDA-44D228FF2BF7',`binding`=0 WHERE ( `guid` = '956A973D03644B18A70B0EF34BF76995' ) [ RunTime:0.000242s ]
NOTIC: [8] Undefined index:  type D:\PHPnow\htdocs\dongya\Lib\Action\IndexAction.class.php 第 74 行.

[ 2016-03-27T12:16:41+08:00 ] 116.9.88.193 /index.php/Uploadprohot
INFO: [ route_check ] --START--
INFO: CheckRoute Behavior ::run [ RunTime:0.001008s ]
INFO: [ route_check ] --END-- [ RunTime:0.001160s ]
INFO: [ app_begin ] --START--
INFO: ReadHtmlCache Behavior ::run [ RunTime:0.000839s ]
INFO: [ app_begin ] --END-- [ RunTime:0.000922s ]

[ 2016-03-27T12:16:41+08:00 ] 116.9.88.193 /index.php/Index/iscode/groupid/43C1549E222DE8BCFD975AEF5F44443A/username/dongya003/password/12345678/uuid/F2BD55CD-42E5-48B6-9DDA-44D228FF2BF7/type/updata
INFO: [ route_check ] --START--
INFO: CheckRoute Behavior ::run [ RunTime:0.000951s ]
INFO: [ route_check ] --END-- [ RunTime:0.001070s ]
INFO: [ app_begin ] --START--
INFO: ReadHtmlCache Behavior ::run [ RunTime:0.000821s ]
INFO: [ app_begin ] --END-- [ RunTime:0.000906s ]
SQL: SHOW COLUMNS FROM `app_code` [ RunTime:0.001640s ]
SQL: SELECT * FROM `app_code` WHERE ( username="dongya003" and password="12345678" and groupid="43C1549E222DE8BCFD975AEF5F44443A" ) LIMIT 1   [ RunTime:0.000714s ]
SQL: SHOW COLUMNS FROM `app_group` [ RunTime:0.001270s ]
SQL: SELECT * FROM `app_group` WHERE ( `guid` = '43C1549E222DE8BCFD975AEF5F44443A' ) LIMIT 1   [ RunTime:0.000626s ]
SQL: UPDATE `app_code` SET `uuid`='F2BD55CD-42E5-48B6-9DDA-44D228FF2BF7',`binding`=0 WHERE ( `guid` = '956A973D03644B18A70B0EF34BF76995' ) [ RunTime:0.000237s ]

[ 2016-03-27T12:55:02+08:00 ] 116.6.193.194 /index.php/Index/iscode/groupid/43C1549E222DE8BCFD975AEF5F44443A/username/dongya002/password/12345678/uuid/596023FA-F275-45C9-9FDF-FAFD78C888A7
INFO: [ route_check ] --START--
INFO: CheckRoute Behavior ::run [ RunTime:0.001352s ]
INFO: [ route_check ] --END-- [ RunTime:0.001457s ]
INFO: [ app_begin ] --START--
INFO: ReadHtmlCache Behavior ::run [ RunTime:0.001081s ]
INFO: [ app_begin ] --END-- [ RunTime:0.001168s ]
SQL: SHOW COLUMNS FROM `app_code` [ RunTime:0.001847s ]
SQL: SELECT * FROM `app_code` WHERE ( username="dongya002" and password="12345678" and groupid="43C1549E222DE8BCFD975AEF5F44443A" ) LIMIT 1   [ RunTime:0.000717s ]
SQL: SHOW COLUMNS FROM `app_group` [ RunTime:0.001475s ]
SQL: SELECT * FROM `app_group` WHERE ( `guid` = '43C1549E222DE8BCFD975AEF5F44443A' ) LIMIT 1   [ RunTime:0.000986s ]
SQL: UPDATE `app_code` SET `uuid`='596023FA-F275-45C9-9FDF-FAFD78C888A7',`binding`=0 WHERE ( `guid` = 'B1F9C6DE677E4184896E95D835A46518' ) [ RunTime:0.000260s ]
NOTIC: [8] Undefined index:  type D:\PHPnow\htdocs\dongya\Lib\Action\IndexAction.class.php 第 74 行.

[ 2016-03-27T12:55:03+08:00 ] 116.6.193.194 /index.php/Index/iscode/groupid/43C1549E222DE8BCFD975AEF5F44443A/username/dongya002/password/12345678/uuid/596023FA-F275-45C9-9FDF-FAFD78C888A7/type/updata
INFO: [ route_check ] --START--
INFO: CheckRoute Behavior ::run [ RunTime:0.001062s ]
INFO: [ route_check ] --END-- [ RunTime:0.001179s ]
INFO: [ app_begin ] --START--
INFO: ReadHtmlCache Behavior ::run [ RunTime:0.000605s ]
INFO: [ app_begin ] --END-- [ RunTime:0.000689s ]
SQL: SHOW COLUMNS FROM `app_code` [ RunTime:0.001680s ]
SQL: SELECT * FROM `app_code` WHERE ( username="dongya002" and password="12345678" and groupid="43C1549E222DE8BCFD975AEF5F44443A" ) LIMIT 1   [ RunTime:0.000801s ]
SQL: SHOW COLUMNS FROM `app_group` [ RunTime:0.001286s ]
SQL: SELECT * FROM `app_group` WHERE ( `guid` = '43C1549E222DE8BCFD975AEF5F44443A' ) LIMIT 1   [ RunTime:0.000743s ]
SQL: UPDATE `app_code` SET `uuid`='596023FA-F275-45C9-9FDF-FAFD78C888A7',`binding`=0 WHERE ( `guid` = 'B1F9C6DE677E4184896E95D835A46518' ) [ RunTime:0.000258s ]

[ 2016-03-27T14:46:00+08:00 ] 111.22.150.175 /index.php/Index/iscode/groupid/43C1549E222DE8BCFD975AEF5F44443A/username/dongya/password/1234/uuid/AD197525-E308-49A8-9026-FD6A5004B84A/type/updata
INFO: [ route_check ] --START--
INFO: CheckRoute Behavior ::run [ RunTime:0.001379s ]
INFO: [ route_check ] --END-- [ RunTime:0.001495s ]
INFO: [ app_begin ] --START--
INFO: ReadHtmlCache Behavior ::run [ RunTime:0.001026s ]
INFO: [ app_begin ] --END-- [ RunTime:0.001114s ]
SQL: SHOW COLUMNS FROM `app_code` [ RunTime:0.001937s ]
SQL: SELECT * FROM `app_code` WHERE ( username="dongya" and password="1234" and groupid="43C1549E222DE8BCFD975AEF5F44443A" ) LIMIT 1   [ RunTime:0.000716s ]
SQL: SHOW COLUMNS FROM `app_group` [ RunTime:0.001476s ]
SQL: SELECT * FROM `app_group` LIMIT 1   [ RunTime:0.000625s ]

[ 2016-03-27T14:46:42+08:00 ] 111.22.150.175 /index.php/Index/iscode/groupid/43C1549E222DE8BCFD975AEF5F44443A/username/dongya/password/1234/uuid/AD197525-E308-49A8-9026-FD6A5004B84A/type/updata
INFO: [ route_check ] --START--
INFO: CheckRoute Behavior ::run [ RunTime:0.000943s ]
INFO: [ route_check ] --END-- [ RunTime:0.001048s ]
INFO: [ app_begin ] --START--
INFO: ReadHtmlCache Behavior ::run [ RunTime:0.000607s ]
INFO: [ app_begin ] --END-- [ RunTime:0.000690s ]
SQL: SHOW COLUMNS FROM `app_code` [ RunTime:0.001680s ]
SQL: SELECT * FROM `app_code` WHERE ( username="dongya" and password="1234" and groupid="43C1549E222DE8BCFD975AEF5F44443A" ) LIMIT 1   [ RunTime:0.000718s ]
SQL: SHOW COLUMNS FROM `app_group` [ RunTime:0.001291s ]
SQL: SELECT * FROM `app_group` LIMIT 1   [ RunTime:0.000601s ]

[ 2016-03-27T14:47:41+08:00 ] 111.22.150.175 /index.php/Index/iscode/groupid/43C1549E222DE8BCFD975AEF5F44443A/username/dongya/password/1234/uuid/AD197525-E308-49A8-9026-FD6A5004B84A/type/updata
INFO: [ route_check ] --START--
INFO: CheckRoute Behavior ::run [ RunTime:0.000950s ]
INFO: [ route_check ] --END-- [ RunTime:0.001065s ]
INFO: [ app_begin ] --START--
INFO: ReadHtmlCache Behavior ::run [ RunTime:0.000614s ]
INFO: [ app_begin ] --END-- [ RunTime:0.000699s ]
SQL: SHOW COLUMNS FROM `app_code` [ RunTime:0.001939s ]
SQL: SELECT * FROM `app_code` WHERE ( username="dongya" and password="1234" and groupid="43C1549E222DE8BCFD975AEF5F44443A" ) LIMIT 1   [ RunTime:0.000725s ]
SQL: SHOW COLUMNS FROM `app_group` [ RunTime:0.001382s ]
SQL: SELECT * FROM `app_group` LIMIT 1   [ RunTime:0.000668s ]

[ 2016-03-27T16:50:49+08:00 ] 183.9.221.196 /index.php/Index/iscode/groupid/43C1549E222DE8BCFD975AEF5F44443A/username/dongya002/password/12345678/uuid/BE9B7044-8F7E-44CD-9886-A0F5F3129604
INFO: [ route_check ] --START--
INFO: CheckRoute Behavior ::run [ RunTime:0.002472s ]
INFO: [ route_check ] --END-- [ RunTime:0.002593s ]
INFO: [ app_begin ] --START--
INFO: ReadHtmlCache Behavior ::run [ RunTime:0.001888s ]
INFO: [ app_begin ] --END-- [ RunTime:0.001975s ]
SQL: SHOW COLUMNS FROM `app_code` [ RunTime:0.014787s ]
SQL: SELECT * FROM `app_code` WHERE ( username="dongya002" and password="12345678" and groupid="43C1549E222DE8BCFD975AEF5F44443A" ) LIMIT 1   [ RunTime:0.008109s ]
SQL: SHOW COLUMNS FROM `app_group` [ RunTime:0.021825s ]
SQL: SELECT * FROM `app_group` WHERE ( `guid` = '43C1549E222DE8BCFD975AEF5F44443A' ) LIMIT 1   [ RunTime:0.000869s ]
SQL: UPDATE `app_code` SET `uuid`='BE9B7044-8F7E-44CD-9886-A0F5F3129604',`binding`=0 WHERE ( `guid` = 'B1F9C6DE677E4184896E95D835A46518' ) [ RunTime:0.000274s ]
NOTIC: [8] Undefined index:  type D:\PHPnow\htdocs\dongya\Lib\Action\IndexAction.class.php 第 74 行.

[ 2016-03-27T16:50:49+08:00 ] 183.9.221.196 /index.php/Uploadprohot
INFO: [ route_check ] --START--
INFO: CheckRoute Behavior ::run [ RunTime:0.001006s ]
INFO: [ route_check ] --END-- [ RunTime:0.001121s ]
INFO: [ app_begin ] --START--
INFO: ReadHtmlCache Behavior ::run [ RunTime:0.000706s ]
INFO: [ app_begin ] --END-- [ RunTime:0.000789s ]

[ 2016-03-27T16:50:50+08:00 ] 183.9.221.196 /index.php/Index/iscode/groupid/43C1549E222DE8BCFD975AEF5F44443A/username/dongya002/password/12345678/uuid/BE9B7044-8F7E-44CD-9886-A0F5F3129604/type/updata
INFO: [ route_check ] --START--
INFO: CheckRoute Behavior ::run [ RunTime:0.001061s ]
INFO: [ route_check ] --END-- [ RunTime:0.001167s ]
INFO: [ app_begin ] --START--
INFO: ReadHtmlCache Behavior ::run [ RunTime:0.000693s ]
INFO: [ app_begin ] --END-- [ RunTime:0.000836s ]
SQL: SHOW COLUMNS FROM `app_code` [ RunTime:0.001615s ]
SQL: SELECT * FROM `app_code` WHERE ( username="dongya002" and password="12345678" and groupid="43C1549E222DE8BCFD975AEF5F44443A" ) LIMIT 1   [ RunTime:0.000804s ]
SQL: SHOW COLUMNS FROM `app_group` [ RunTime:0.001291s ]
SQL: SELECT * FROM `app_group` WHERE ( `guid` = '43C1549E222DE8BCFD975AEF5F44443A' ) LIMIT 1   [ RunTime:0.000626s ]
SQL: UPDATE `app_code` SET `uuid`='BE9B7044-8F7E-44CD-9886-A0F5F3129604',`binding`=0 WHERE ( `guid` = 'B1F9C6DE677E4184896E95D835A46518' ) [ RunTime:0.000239s ]

[ 2016-03-27T16:51:07+08:00 ] 183.9.221.196 /index.php/Index/iscode/groupid/43C1549E222DE8BCFD975AEF5F44443A/username/dongya002/password/12345678/uuid/BE9B7044-8F7E-44CD-9886-A0F5F3129604/type/updata
INFO: [ route_check ] --START--
INFO: CheckRoute Behavior ::run [ RunTime:0.000971s ]
INFO: [ route_check ] --END-- [ RunTime:0.001087s ]
INFO: [ app_begin ] --START--
INFO: ReadHtmlCache Behavior ::run [ RunTime:0.000609s ]
INFO: [ app_begin ] --END-- [ RunTime:0.000692s ]
SQL: SHOW COLUMNS FROM `app_code` [ RunTime:0.002390s ]
SQL: SELECT * FROM `app_code` WHERE ( username="dongya002" and password="12345678" and groupid="43C1549E222DE8BCFD975AEF5F44443A" ) LIMIT 1   [ RunTime:0.000806s ]
SQL: SHOW COLUMNS FROM `app_group` [ RunTime:0.001321s ]
SQL: SELECT * FROM `app_group` WHERE ( `guid` = '43C1549E222DE8BCFD975AEF5F44443A' ) LIMIT 1   [ RunTime:0.000662s ]
SQL: UPDATE `app_code` SET `uuid`='BE9B7044-8F7E-44CD-9886-A0F5F3129604',`binding`=0 WHERE ( `guid` = 'B1F9C6DE677E4184896E95D835A46518' ) [ RunTime:0.000267s ]

[ 2016-03-27T18:43:20+08:00 ] 183.28.129.33 /index.php/Index/iscode/groupid/43C1549E222DE8BCFD975AEF5F44443A/username/dongya009/password/12345678/uuid/FE825D56-81F7-4A62-8136-66BE56E60711
INFO: [ route_check ] --START--
INFO: CheckRoute Behavior ::run [ RunTime:0.001608s ]
INFO: [ route_check ] --END-- [ RunTime:0.001746s ]
INFO: [ app_begin ] --START--
INFO: ReadHtmlCache Behavior ::run [ RunTime:0.001071s ]
INFO: [ app_begin ] --END-- [ RunTime:0.001187s ]
SQL: SHOW COLUMNS FROM `app_code` [ RunTime:0.002265s ]
SQL: SELECT * FROM `app_code` WHERE ( username="dongya009" and password="12345678" and groupid="43C1549E222DE8BCFD975AEF5F44443A" ) LIMIT 1   [ RunTime:0.000758s ]
SQL: SHOW COLUMNS FROM `app_group` [ RunTime:0.001539s ]
SQL: SELECT * FROM `app_group` LIMIT 1   [ RunTime:0.000638s ]

[ 2016-03-27T18:43:21+08:00 ] 183.28.129.33 /index.php/Uploadprohot
INFO: [ route_check ] --START--
INFO: CheckRoute Behavior ::run [ RunTime:0.001009s ]
INFO: [ route_check ] --END-- [ RunTime:0.001118s ]
INFO: [ app_begin ] --START--
INFO: ReadHtmlCache Behavior ::run [ RunTime:0.000619s ]
INFO: [ app_begin ] --END-- [ RunTime:0.000713s ]

[ 2016-03-27T18:43:21+08:00 ] 183.28.129.33 /index.php/Index/iscode/groupid/43C1549E222DE8BCFD975AEF5F44443A/username/dongya009/password/12345678/uuid/FE825D56-81F7-4A62-8136-66BE56E60711/type/updata
INFO: [ route_check ] --START--
INFO: CheckRoute Behavior ::run [ RunTime:0.000987s ]
INFO: [ route_check ] --END-- [ RunTime:0.001097s ]
INFO: [ app_begin ] --START--
INFO: ReadHtmlCache Behavior ::run [ RunTime:0.000677s ]
INFO: [ app_begin ] --END-- [ RunTime:0.000765s ]
SQL: SHOW COLUMNS FROM `app_code` [ RunTime:0.001926s ]
SQL: SELECT * FROM `app_code` WHERE ( username="dongya009" and password="12345678" and groupid="43C1549E222DE8BCFD975AEF5F44443A" ) LIMIT 1   [ RunTime:0.000791s ]
SQL: SHOW COLUMNS FROM `app_group` [ RunTime:0.001470s ]
SQL: SELECT * FROM `app_group` LIMIT 1   [ RunTime:0.000622s ]

[ 2016-03-27T20:52:23+08:00 ] 119.137.255.170 /index.php/Index/iscode/groupid/43C1549E222DE8BCFD975AEF5F44443A/username/dongya002/password/12345678/uuid/BE9B7044-8F7E-44CD-9886-A0F5F3129604
INFO: [ route_check ] --START--
INFO: CheckRoute Behavior ::run [ RunTime:0.001716s ]
INFO: [ route_check ] --END-- [ RunTime:0.001832s ]
INFO: [ app_begin ] --START--
INFO: ReadHtmlCache Behavior ::run [ RunTime:0.001010s ]
INFO: [ app_begin ] --END-- [ RunTime:0.001105s ]
SQL: SHOW COLUMNS FROM `app_code` [ RunTime:0.010257s ]
SQL: SELECT * FROM `app_code` WHERE ( username="dongya002" and password="12345678" and groupid="43C1549E222DE8BCFD975AEF5F44443A" ) LIMIT 1   [ RunTime:0.000785s ]
SQL: SHOW COLUMNS FROM `app_group` [ RunTime:0.001865s ]
SQL: SELECT * FROM `app_group` WHERE ( `guid` = '43C1549E222DE8BCFD975AEF5F44443A' ) LIMIT 1   [ RunTime:0.000765s ]
SQL: UPDATE `app_code` SET `uuid`='BE9B7044-8F7E-44CD-9886-A0F5F3129604',`binding`=0 WHERE ( `guid` = 'B1F9C6DE677E4184896E95D835A46518' ) [ RunTime:0.000256s ]
NOTIC: [8] Undefined index:  type D:\PHPnow\htdocs\dongya\Lib\Action\IndexAction.class.php 第 74 行.

[ 2016-03-27T20:52:23+08:00 ] 119.137.255.170 /index.php/Uploadprohot
INFO: [ route_check ] --START--
INFO: CheckRoute Behavior ::run [ RunTime:0.001052s ]
INFO: [ route_check ] --END-- [ RunTime:0.001163s ]
INFO: [ app_begin ] --START--
INFO: ReadHtmlCache Behavior ::run [ RunTime:0.000650s ]
INFO: [ app_begin ] --END-- [ RunTime:0.000737s ]

[ 2016-03-27T20:52:23+08:00 ] 119.137.255.170 /index.php/Index/iscode/groupid/43C1549E222DE8BCFD975AEF5F44443A/username/dongya002/password/12345678/uuid/BE9B7044-8F7E-44CD-9886-A0F5F3129604/type/updata
INFO: [ route_check ] --START--
INFO: CheckRoute Behavior ::run [ RunTime:0.000940s ]
INFO: [ route_check ] --END-- [ RunTime:0.001040s ]
INFO: [ app_begin ] --START--
INFO: ReadHtmlCache Behavior ::run [ RunTime:0.000604s ]
INFO: [ app_begin ] --END-- [ RunTime:0.000687s ]
SQL: SHOW COLUMNS FROM `app_code` [ RunTime:0.001717s ]
SQL: SELECT * FROM `app_code` WHERE ( username="dongya002" and password="12345678" and groupid="43C1549E222DE8BCFD975AEF5F44443A" ) LIMIT 1   [ RunTime:0.000786s ]
SQL: SHOW COLUMNS FROM `app_group` [ RunTime:0.001511s ]
SQL: SELECT * FROM `app_group` WHERE ( `guid` = '43C1549E222DE8BCFD975AEF5F44443A' ) LIMIT 1   [ RunTime:0.000792s ]
SQL: UPDATE `app_code` SET `uuid`='BE9B7044-8F7E-44CD-9886-A0F5F3129604',`binding`=0 WHERE ( `guid` = 'B1F9C6DE677E4184896E95D835A46518' ) [ RunTime:0.000371s ]

