[ 2016-03-02T09:28:48+08:00 ] 113.66.11.92 /index.php/Index/iscode/groupid/FBD28554EC0105185717D33AF9592F58/username/dongya/password/123123/uuid/D88D9734-A710-4480-A4BF-0850E8C0D4A5
INFO: [ route_check ] --START--
INFO: CheckRoute Behavior ::run [ RunTime:0.001694s ]
INFO: [ route_check ] --END-- [ RunTime:0.001815s ]
INFO: [ app_begin ] --START--
INFO: ReadHtmlCache Behavior ::run [ RunTime:0.001115s ]
INFO: [ app_begin ] --END-- [ RunTime:0.001216s ]
SQL: SHOW COLUMNS FROM `app_code` [ RunTime:0.033850s ]
SQL: SELECT * FROM `app_code` WHERE ( username="dongya" and password="123123" and groupid="FBD28554EC0105185717D33AF9592F58" ) LIMIT 1   [ RunTime:0.000915s ]
SQL: SHOW COLUMNS FROM `app_group` [ RunTime:0.038811s ]
SQL: SELECT * FROM `app_group` LIMIT 1   [ RunTime:0.000960s ]

[ 2016-03-02T09:28:49+08:00 ] 113.66.11.92 /index.php/Uploadprohot
INFO: [ route_check ] --START--
INFO: CheckRoute Behavior ::run [ RunTime:0.000970s ]
INFO: [ route_check ] --END-- [ RunTime:0.001092s ]
INFO: [ app_begin ] --START--
INFO: ReadHtmlCache Behavior ::run [ RunTime:0.000607s ]
INFO: [ app_begin ] --END-- [ RunTime:0.000690s ]

[ 2016-03-02T09:28:49+08:00 ] 113.66.11.92 /index.php/Index/iscode/groupid/FBD28554EC0105185717D33AF9592F58/username/dongya/password/123123/uuid/D88D9734-A710-4480-A4BF-0850E8C0D4A5/type/updata
INFO: [ route_check ] --START--
INFO: CheckRoute Behavior ::run [ RunTime:0.001032s ]
INFO: [ route_check ] --END-- [ RunTime:0.001155s ]
INFO: [ app_begin ] --START--
INFO: ReadHtmlCache Behavior ::run [ RunTime:0.000712s ]
INFO: [ app_begin ] --END-- [ RunTime:0.000797s ]
SQL: SHOW COLUMNS FROM `app_code` [ RunTime:0.001774s ]
SQL: SELECT * FROM `app_code` WHERE ( username="dongya" and password="123123" and groupid="FBD28554EC0105185717D33AF9592F58" ) LIMIT 1   [ RunTime:0.000933s ]
SQL: SHOW COLUMNS FROM `app_group` [ RunTime:0.001638s ]
SQL: SELECT * FROM `app_group` LIMIT 1   [ RunTime:0.000648s ]

[ 2016-03-02T09:28:53+08:00 ] 113.66.11.92 /index.php/Index/iscode/groupid/FBD28554EC0105185717D33AF9592F58/username/dongya/password/123123/uuid/D88D9734-A710-4480-A4BF-0850E8C0D4A5/type/updata
INFO: [ route_check ] --START--
INFO: CheckRoute Behavior ::run [ RunTime:0.001043s ]
INFO: [ route_check ] --END-- [ RunTime:0.001174s ]
INFO: [ app_begin ] --START--
INFO: ReadHtmlCache Behavior ::run [ RunTime:0.000840s ]
INFO: [ app_begin ] --END-- [ RunTime:0.000955s ]
SQL: SHOW COLUMNS FROM `app_code` [ RunTime:0.001929s ]
SQL: SELECT * FROM `app_code` WHERE ( username="dongya" and password="123123" and groupid="FBD28554EC0105185717D33AF9592F58" ) LIMIT 1   [ RunTime:0.000881s ]
SQL: SHOW COLUMNS FROM `app_group` [ RunTime:0.001388s ]
SQL: SELECT * FROM `app_group` LIMIT 1   [ RunTime:0.000663s ]

[ 2016-03-02T09:28:55+08:00 ] 113.66.11.92 /index.php/Index/iscode/groupid/FBD28554EC0105185717D33AF9592F58/username/dongya/password/123123/uuid/D88D9734-A710-4480-A4BF-0850E8C0D4A5/type/updata
INFO: [ route_check ] --START--
INFO: CheckRoute Behavior ::run [ RunTime:0.000967s ]
INFO: [ route_check ] --END-- [ RunTime:0.001082s ]
INFO: [ app_begin ] --START--
INFO: ReadHtmlCache Behavior ::run [ RunTime:0.000613s ]
INFO: [ app_begin ] --END-- [ RunTime:0.000698s ]
SQL: SHOW COLUMNS FROM `app_code` [ RunTime:0.001655s ]
SQL: SELECT * FROM `app_code` WHERE ( username="dongya" and password="123123" and groupid="FBD28554EC0105185717D33AF9592F58" ) LIMIT 1   [ RunTime:0.000921s ]
SQL: SHOW COLUMNS FROM `app_group` [ RunTime:0.001360s ]
SQL: SELECT * FROM `app_group` LIMIT 1   [ RunTime:0.000632s ]

[ 2016-03-02T09:31:35+08:00 ] 113.66.11.92 /index.php/Index/iscode/groupid/FBD28554EC0105185717D33AF9592F58/username/dongya/password/123123/uuid/D88D9734-A710-4480-A4BF-0850E8C0D4A5
INFO: [ route_check ] --START--
INFO: CheckRoute Behavior ::run [ RunTime:0.001343s ]
INFO: [ route_check ] --END-- [ RunTime:0.001459s ]
INFO: [ app_begin ] --START--
INFO: ReadHtmlCache Behavior ::run [ RunTime:0.000995s ]
INFO: [ app_begin ] --END-- [ RunTime:0.001083s ]
SQL: SHOW COLUMNS FROM `app_code` [ RunTime:0.001848s ]
SQL: SELECT * FROM `app_code` WHERE ( username="dongya" and password="123123" and groupid="FBD28554EC0105185717D33AF9592F58" ) LIMIT 1   [ RunTime:0.000717s ]
SQL: SHOW COLUMNS FROM `app_group` [ RunTime:0.001550s ]
SQL: SELECT * FROM `app_group` LIMIT 1   [ RunTime:0.000646s ]

[ 2016-03-02T09:31:35+08:00 ] 113.66.11.92 /index.php/Uploadprohot
INFO: [ route_check ] --START--
INFO: CheckRoute Behavior ::run [ RunTime:0.000971s ]
INFO: [ route_check ] --END-- [ RunTime:0.001082s ]
INFO: [ app_begin ] --START--
INFO: ReadHtmlCache Behavior ::run [ RunTime:0.000606s ]
INFO: [ app_begin ] --END-- [ RunTime:0.000689s ]

[ 2016-03-02T09:31:35+08:00 ] 113.66.11.92 /index.php/Index/iscode/groupid/FBD28554EC0105185717D33AF9592F58/username/dongya/password/123123/uuid/D88D9734-A710-4480-A4BF-0850E8C0D4A5/type/updata
INFO: [ route_check ] --START--
INFO: CheckRoute Behavior ::run [ RunTime:0.001024s ]
INFO: [ route_check ] --END-- [ RunTime:0.001142s ]
INFO: [ app_begin ] --START--
INFO: ReadHtmlCache Behavior ::run [ RunTime:0.000637s ]
INFO: [ app_begin ] --END-- [ RunTime:0.000729s ]
SQL: SHOW COLUMNS FROM `app_code` [ RunTime:0.001638s ]
SQL: SELECT * FROM `app_code` WHERE ( username="dongya" and password="123123" and groupid="FBD28554EC0105185717D33AF9592F58" ) LIMIT 1   [ RunTime:0.000758s ]
SQL: SHOW COLUMNS FROM `app_group` [ RunTime:0.001290s ]
SQL: SELECT * FROM `app_group` LIMIT 1   [ RunTime:0.000681s ]

[ 2016-03-02T09:57:51+08:00 ] 180.153.81.163 /index.php
INFO: [ app_begin ] --START--
INFO: ReadHtmlCache Behavior ::run [ RunTime:0.001098s ]
INFO: [ app_begin ] --END-- [ RunTime:0.001216s ]
INFO: [ view_parse ] --START--
INFO: ParseTemplate Behavior ::run [ RunTime:0.018600s ]
INFO: [ view_parse ] --END-- [ RunTime:0.018725s ]
INFO: [ view_filter ] --START--
INFO: ContentReplace Behavior ::run [ RunTime:0.000831s ]
INFO: TokenBuild Behavior ::run [ RunTime:0.000821s ]
INFO: WriteHtmlCache Behavior ::run [ RunTime:0.000677s ]
INFO: ShowRuntime Behavior ::run [ RunTime:0.000894s ]
INFO: [ view_filter ] --END-- [ RunTime:0.003447s ]
INFO: [ view_end ] --START--
INFO: ShowPageTrace Behavior ::run [ RunTime:0.001083s ]
INFO: [ view_end ] --END-- [ RunTime:0.001163s ]

[ 2016-03-02T09:57:57+08:00 ] 183.62.183.114 /index.php
INFO: [ app_begin ] --START--
INFO: ReadHtmlCache Behavior ::run [ RunTime:0.000755s ]
INFO: [ app_begin ] --END-- [ RunTime:0.000883s ]
INFO: [ view_parse ] --START--
INFO: ParseTemplate Behavior ::run [ RunTime:0.008955s ]
INFO: [ view_parse ] --END-- [ RunTime:0.009058s ]
INFO: [ view_filter ] --START--
INFO: ContentReplace Behavior ::run [ RunTime:0.000441s ]
INFO: TokenBuild Behavior ::run [ RunTime:0.000405s ]
INFO: WriteHtmlCache Behavior ::run [ RunTime:0.000340s ]
INFO: ShowRuntime Behavior ::run [ RunTime:0.000507s ]
INFO: [ view_filter ] --END-- [ RunTime:0.001908s ]
INFO: [ view_end ] --START--
INFO: ShowPageTrace Behavior ::run [ RunTime:0.000721s ]
INFO: [ view_end ] --END-- [ RunTime:0.000817s ]

[ 2016-03-02T09:58:22+08:00 ] 183.62.183.114 /index.php/index/code_login
INFO: [ route_check ] --START--
INFO: CheckRoute Behavior ::run [ RunTime:0.001397s ]
INFO: [ route_check ] --END-- [ RunTime:0.001509s ]
INFO: [ app_begin ] --START--
INFO: ReadHtmlCache Behavior ::run [ RunTime:0.000614s ]
INFO: [ app_begin ] --END-- [ RunTime:0.000690s ]
SQL: SHOW COLUMNS FROM `app_member` [ RunTime:0.037397s ]
SQL: SELECT * FROM `app_member` WHERE ( username="dongya" and password="4297f44b13955235245b2497399d7a93" ) LIMIT 1   [ RunTime:0.001165s ]
SQL: SHOW COLUMNS FROM `app_admin` [ RunTime:0.032847s ]
SQL: SELECT * FROM `app_admin` WHERE ( username="dongya" and password="4297f44b13955235245b2497399d7a93" ) LIMIT 1   [ RunTime:0.000871s ]
SQL: SHOW COLUMNS FROM `app_group` [ RunTime:0.001324s ]
SQL: SELECT * FROM `app_group` WHERE ( `guid` = '43C1549E222DE8BCFD975AEF5F44443A' ) LIMIT 1   [ RunTime:0.000720s ]

[ 2016-03-02T09:58:23+08:00 ] 183.62.183.114 /index.php/Index/
INFO: [ route_check ] --START--
INFO: CheckRoute Behavior ::run [ RunTime:0.001023s ]
INFO: [ route_check ] --END-- [ RunTime:0.001164s ]
INFO: [ app_begin ] --START--
INFO: ReadHtmlCache Behavior ::run [ RunTime:0.000649s ]
INFO: [ app_begin ] --END-- [ RunTime:0.000740s ]

[ 2016-03-02T09:58:23+08:00 ] 61.135.169.43 /index.php
INFO: [ app_begin ] --START--
INFO: ReadHtmlCache Behavior ::run [ RunTime:0.000702s ]
INFO: [ app_begin ] --END-- [ RunTime:0.000854s ]
INFO: [ view_parse ] --START--
INFO: ParseTemplate Behavior ::run [ RunTime:0.009300s ]
INFO: [ view_parse ] --END-- [ RunTime:0.009423s ]
INFO: [ view_filter ] --START--
INFO: ContentReplace Behavior ::run [ RunTime:0.000402s ]
INFO: TokenBuild Behavior ::run [ RunTime:0.000412s ]
INFO: WriteHtmlCache Behavior ::run [ RunTime:0.000265s ]
INFO: ShowRuntime Behavior ::run [ RunTime:0.000499s ]
INFO: [ view_filter ] --END-- [ RunTime:0.001801s ]
INFO: [ view_end ] --START--
INFO: ShowPageTrace Behavior ::run [ RunTime:0.000660s ]
INFO: [ view_end ] --END-- [ RunTime:0.000736s ]

[ 2016-03-02T09:58:56+08:00 ] 111.206.36.142 /index.php
INFO: [ app_begin ] --START--
INFO: ReadHtmlCache Behavior ::run [ RunTime:0.000630s ]
INFO: [ app_begin ] --END-- [ RunTime:0.000738s ]
INFO: [ view_parse ] --START--
INFO: ParseTemplate Behavior ::run [ RunTime:0.008770s ]
INFO: [ view_parse ] --END-- [ RunTime:0.008876s ]
INFO: [ view_filter ] --START--
INFO: ContentReplace Behavior ::run [ RunTime:0.000383s ]
INFO: TokenBuild Behavior ::run [ RunTime:0.000425s ]
INFO: WriteHtmlCache Behavior ::run [ RunTime:0.000305s ]
INFO: ShowRuntime Behavior ::run [ RunTime:0.000499s ]
INFO: [ view_filter ] --END-- [ RunTime:0.001831s ]
INFO: [ view_end ] --START--
INFO: ShowPageTrace Behavior ::run [ RunTime:0.000665s ]
INFO: [ view_end ] --END-- [ RunTime:0.000741s ]

[ 2016-03-02T10:00:57+08:00 ] 119.147.146.189 /index.php
INFO: [ app_begin ] --START--
INFO: ReadHtmlCache Behavior ::run [ RunTime:0.001505s ]
INFO: [ app_begin ] --END-- [ RunTime:0.001644s ]
INFO: [ view_parse ] --START--
INFO: ParseTemplate Behavior ::run [ RunTime:0.011381s ]
INFO: [ view_parse ] --END-- [ RunTime:0.011514s ]
INFO: [ view_filter ] --START--
INFO: ContentReplace Behavior ::run [ RunTime:0.000784s ]
INFO: TokenBuild Behavior ::run [ RunTime:0.000854s ]
INFO: WriteHtmlCache Behavior ::run [ RunTime:0.000678s ]
INFO: ShowRuntime Behavior ::run [ RunTime:0.000910s ]
INFO: [ view_filter ] --END-- [ RunTime:0.003500s ]
INFO: [ view_end ] --START--
INFO: ShowPageTrace Behavior ::run [ RunTime:0.001082s ]
INFO: [ view_end ] --END-- [ RunTime:0.001162s ]

[ 2016-03-02T10:05:31+08:00 ] 113.66.11.92 /index.php/Index/iscode/groupid/43C1549E222DE8BCFD975AEF5F44443A/username/dongya/password/123123/uuid/AD555B69-E05F-440F-8017-F8D6F2C5C55A
INFO: [ route_check ] --START--
INFO: CheckRoute Behavior ::run [ RunTime:0.001419s ]
INFO: [ route_check ] --END-- [ RunTime:0.001535s ]
INFO: [ app_begin ] --START--
INFO: ReadHtmlCache Behavior ::run [ RunTime:0.000987s ]
INFO: [ app_begin ] --END-- [ RunTime:0.001081s ]
SQL: SHOW COLUMNS FROM `app_code` [ RunTime:0.001834s ]
SQL: SELECT * FROM `app_code` WHERE ( username="dongya" and password="123123" and groupid="43C1549E222DE8BCFD975AEF5F44443A" ) LIMIT 1   [ RunTime:0.000721s ]
SQL: SHOW COLUMNS FROM `app_group` [ RunTime:0.001492s ]
SQL: SELECT * FROM `app_group` WHERE ( `guid` = '43C1549E222DE8BCFD975AEF5F44443A' ) LIMIT 1   [ RunTime:0.000646s ]
SQL: UPDATE `app_code` SET `uuid`='AD555B69-E05F-440F-8017-F8D6F2C5C55A',`binding`=0 WHERE ( `guid` = 'FBD28554EC0105185717D33AF9592F58' ) [ RunTime:0.000276s ]
NOTIC: [8] Undefined index:  type D:\PHPnow\htdocs\dongya\Lib\Action\IndexAction.class.php 第 74 行.

[ 2016-03-02T10:05:31+08:00 ] 113.66.11.92 /index.php/Index/iscode/groupid/43C1549E222DE8BCFD975AEF5F44443A/username/dongya/password/123123/uuid/AD555B69-E05F-440F-8017-F8D6F2C5C55A/type/updata
INFO: [ route_check ] --START--
INFO: CheckRoute Behavior ::run [ RunTime:0.000978s ]
INFO: [ route_check ] --END-- [ RunTime:0.001105s ]
INFO: [ app_begin ] --START--
INFO: ReadHtmlCache Behavior ::run [ RunTime:0.000617s ]
INFO: [ app_begin ] --END-- [ RunTime:0.000704s ]
SQL: SHOW COLUMNS FROM `app_code` [ RunTime:0.001609s ]
SQL: SELECT * FROM `app_code` WHERE ( username="dongya" and password="123123" and groupid="43C1549E222DE8BCFD975AEF5F44443A" ) LIMIT 1   [ RunTime:0.000709s ]
SQL: SHOW COLUMNS FROM `app_group` [ RunTime:0.001293s ]
SQL: SELECT * FROM `app_group` WHERE ( `guid` = '43C1549E222DE8BCFD975AEF5F44443A' ) LIMIT 1   [ RunTime:0.000648s ]
SQL: UPDATE `app_code` SET `uuid`='AD555B69-E05F-440F-8017-F8D6F2C5C55A',`binding`=0 WHERE ( `guid` = 'FBD28554EC0105185717D33AF9592F58' ) [ RunTime:0.000242s ]

[ 2016-03-02T10:05:43+08:00 ] 113.66.11.92 /index.php/Index/iscode/groupid/43C1549E222DE8BCFD975AEF5F44443A/username/dongya/password/123123/uuid/AD555B69-E05F-440F-8017-F8D6F2C5C55A/type/updata
INFO: [ route_check ] --START--
INFO: CheckRoute Behavior ::run [ RunTime:0.000988s ]
INFO: [ route_check ] --END-- [ RunTime:0.001106s ]
INFO: [ app_begin ] --START--
INFO: ReadHtmlCache Behavior ::run [ RunTime:0.000632s ]
INFO: [ app_begin ] --END-- [ RunTime:0.000717s ]
SQL: SHOW COLUMNS FROM `app_code` [ RunTime:0.001677s ]
SQL: SELECT * FROM `app_code` WHERE ( username="dongya" and password="123123" and groupid="43C1549E222DE8BCFD975AEF5F44443A" ) LIMIT 1   [ RunTime:0.000716s ]
SQL: SHOW COLUMNS FROM `app_group` [ RunTime:0.001287s ]
SQL: SELECT * FROM `app_group` WHERE ( `guid` = '43C1549E222DE8BCFD975AEF5F44443A' ) LIMIT 1   [ RunTime:0.000637s ]
SQL: UPDATE `app_code` SET `uuid`='AD555B69-E05F-440F-8017-F8D6F2C5C55A',`binding`=0 WHERE ( `guid` = 'FBD28554EC0105185717D33AF9592F58' ) [ RunTime:0.000243s ]

[ 2016-03-02T11:02:41+08:00 ] 113.66.11.92 /index.php/Index/iscode/groupid/43C1549E222DE8BCFD975AEF5F44443A/username/dongya/password/123123/uuid/AD555B69-E05F-440F-8017-F8D6F2C5C55A
INFO: [ route_check ] --START--
INFO: CheckRoute Behavior ::run [ RunTime:0.001427s ]
INFO: [ route_check ] --END-- [ RunTime:0.001557s ]
INFO: [ app_begin ] --START--
INFO: ReadHtmlCache Behavior ::run [ RunTime:0.001022s ]
INFO: [ app_begin ] --END-- [ RunTime:0.001111s ]
SQL: SHOW COLUMNS FROM `app_code` [ RunTime:0.002039s ]
SQL: SELECT * FROM `app_code` WHERE ( username="dongya" and password="123123" and groupid="43C1549E222DE8BCFD975AEF5F44443A" ) LIMIT 1   [ RunTime:0.000833s ]
SQL: SHOW COLUMNS FROM `app_group` [ RunTime:0.001768s ]
SQL: SELECT * FROM `app_group` WHERE ( `guid` = '43C1549E222DE8BCFD975AEF5F44443A' ) LIMIT 1   [ RunTime:0.000841s ]
SQL: UPDATE `app_code` SET `uuid`='AD555B69-E05F-440F-8017-F8D6F2C5C55A',`binding`=0 WHERE ( `guid` = 'FBD28554EC0105185717D33AF9592F58' ) [ RunTime:0.000258s ]
NOTIC: [8] Undefined index:  type D:\PHPnow\htdocs\dongya\Lib\Action\IndexAction.class.php 第 74 行.

[ 2016-03-02T11:02:42+08:00 ] 113.66.11.92 /index.php/Index/iscode/groupid/43C1549E222DE8BCFD975AEF5F44443A/username/dongya/password/123123/uuid/AD555B69-E05F-440F-8017-F8D6F2C5C55A/type/updata
INFO: [ route_check ] --START--
INFO: CheckRoute Behavior ::run [ RunTime:0.000976s ]
INFO: [ route_check ] --END-- [ RunTime:0.001094s ]
INFO: [ app_begin ] --START--
INFO: ReadHtmlCache Behavior ::run [ RunTime:0.000670s ]
INFO: [ app_begin ] --END-- [ RunTime:0.000774s ]
SQL: SHOW COLUMNS FROM `app_code` [ RunTime:0.001633s ]
SQL: SELECT * FROM `app_code` WHERE ( username="dongya" and password="123123" and groupid="43C1549E222DE8BCFD975AEF5F44443A" ) LIMIT 1   [ RunTime:0.000762s ]
SQL: SHOW COLUMNS FROM `app_group` [ RunTime:0.001314s ]
SQL: SELECT * FROM `app_group` WHERE ( `guid` = '43C1549E222DE8BCFD975AEF5F44443A' ) LIMIT 1   [ RunTime:0.000760s ]
SQL: UPDATE `app_code` SET `uuid`='AD555B69-E05F-440F-8017-F8D6F2C5C55A',`binding`=0 WHERE ( `guid` = 'FBD28554EC0105185717D33AF9592F58' ) [ RunTime:0.000241s ]

[ 2016-03-02T11:36:10+08:00 ] 113.66.11.92 /index.php/Index/iscode/groupid/43C1549E222DE8BCFD975AEF5F44443A/username/dongya/password/123123/uuid/FF59E84A-CAC4-417D-8569-DE6D1C62176F
INFO: [ route_check ] --START--
INFO: CheckRoute Behavior ::run [ RunTime:0.001576s ]
INFO: [ route_check ] --END-- [ RunTime:0.001705s ]
INFO: [ app_begin ] --START--
INFO: ReadHtmlCache Behavior ::run [ RunTime:0.001344s ]
INFO: [ app_begin ] --END-- [ RunTime:0.001433s ]
SQL: SHOW COLUMNS FROM `app_code` [ RunTime:0.002249s ]
SQL: SELECT * FROM `app_code` WHERE ( username="dongya" and password="123123" and groupid="43C1549E222DE8BCFD975AEF5F44443A" ) LIMIT 1   [ RunTime:0.001153s ]
SQL: SHOW COLUMNS FROM `app_group` [ RunTime:0.001491s ]
SQL: SELECT * FROM `app_group` WHERE ( `guid` = '43C1549E222DE8BCFD975AEF5F44443A' ) LIMIT 1   [ RunTime:0.000654s ]
SQL: UPDATE `app_code` SET `uuid`='FF59E84A-CAC4-417D-8569-DE6D1C62176F',`binding`=0 WHERE ( `guid` = 'FBD28554EC0105185717D33AF9592F58' ) [ RunTime:0.000257s ]
NOTIC: [8] Undefined index:  type D:\PHPnow\htdocs\dongya\Lib\Action\IndexAction.class.php 第 74 行.

[ 2016-03-02T11:36:11+08:00 ] 113.66.11.92 /index.php/Index/iscode/groupid/43C1549E222DE8BCFD975AEF5F44443A/username/dongya/password/123123/uuid/FF59E84A-CAC4-417D-8569-DE6D1C62176F/type/updata
INFO: [ route_check ] --START--
INFO: CheckRoute Behavior ::run [ RunTime:0.000978s ]
INFO: [ route_check ] --END-- [ RunTime:0.001097s ]
INFO: [ app_begin ] --START--
INFO: ReadHtmlCache Behavior ::run [ RunTime:0.000620s ]
INFO: [ app_begin ] --END-- [ RunTime:0.000703s ]
SQL: SHOW COLUMNS FROM `app_code` [ RunTime:0.001940s ]
SQL: SELECT * FROM `app_code` WHERE ( username="dongya" and password="123123" and groupid="43C1549E222DE8BCFD975AEF5F44443A" ) LIMIT 1   [ RunTime:0.000896s ]
SQL: SHOW COLUMNS FROM `app_group` [ RunTime:0.001390s ]
SQL: SELECT * FROM `app_group` WHERE ( `guid` = '43C1549E222DE8BCFD975AEF5F44443A' ) LIMIT 1   [ RunTime:0.000630s ]
SQL: UPDATE `app_code` SET `uuid`='FF59E84A-CAC4-417D-8569-DE6D1C62176F',`binding`=0 WHERE ( `guid` = 'FBD28554EC0105185717D33AF9592F58' ) [ RunTime:0.000246s ]

[ 2016-03-02T11:36:14+08:00 ] 113.66.11.92 /index.php/Index/iscode/groupid/43C1549E222DE8BCFD975AEF5F44443A/username/dongya/password/123123/uuid/FF59E84A-CAC4-417D-8569-DE6D1C62176F/type/updata
INFO: [ route_check ] --START--
INFO: CheckRoute Behavior ::run [ RunTime:0.000994s ]
INFO: [ route_check ] --END-- [ RunTime:0.001118s ]
INFO: [ app_begin ] --START--
INFO: ReadHtmlCache Behavior ::run [ RunTime:0.000612s ]
INFO: [ app_begin ] --END-- [ RunTime:0.000695s ]
SQL: SHOW COLUMNS FROM `app_code` [ RunTime:0.001675s ]
SQL: SELECT * FROM `app_code` WHERE ( username="dongya" and password="123123" and groupid="43C1549E222DE8BCFD975AEF5F44443A" ) LIMIT 1   [ RunTime:0.000723s ]
SQL: SHOW COLUMNS FROM `app_group` [ RunTime:0.001380s ]
SQL: SELECT * FROM `app_group` WHERE ( `guid` = '43C1549E222DE8BCFD975AEF5F44443A' ) LIMIT 1   [ RunTime:0.000660s ]
SQL: UPDATE `app_code` SET `uuid`='FF59E84A-CAC4-417D-8569-DE6D1C62176F',`binding`=0 WHERE ( `guid` = 'FBD28554EC0105185717D33AF9592F58' ) [ RunTime:0.000250s ]

[ 2016-03-02T11:36:49+08:00 ] 113.66.11.92 /index.php/Index/iscode/groupid/43C1549E222DE8BCFD975AEF5F44443A/username/dongya/password/123123/uuid/FF59E84A-CAC4-417D-8569-DE6D1C62176F/type/updata
INFO: [ route_check ] --START--
INFO: CheckRoute Behavior ::run [ RunTime:0.001236s ]
INFO: [ route_check ] --END-- [ RunTime:0.001359s ]
INFO: [ app_begin ] --START--
INFO: ReadHtmlCache Behavior ::run [ RunTime:0.000607s ]
INFO: [ app_begin ] --END-- [ RunTime:0.000690s ]
SQL: SHOW COLUMNS FROM `app_code` [ RunTime:0.001674s ]
SQL: SELECT * FROM `app_code` WHERE ( username="dongya" and password="123123" and groupid="43C1549E222DE8BCFD975AEF5F44443A" ) LIMIT 1   [ RunTime:0.000741s ]
SQL: SHOW COLUMNS FROM `app_group` [ RunTime:0.001300s ]
SQL: SELECT * FROM `app_group` WHERE ( `guid` = '43C1549E222DE8BCFD975AEF5F44443A' ) LIMIT 1   [ RunTime:0.000627s ]
SQL: UPDATE `app_code` SET `uuid`='FF59E84A-CAC4-417D-8569-DE6D1C62176F',`binding`=0 WHERE ( `guid` = 'FBD28554EC0105185717D33AF9592F58' ) [ RunTime:0.000245s ]

[ 2016-03-02T11:39:14+08:00 ] 113.66.11.92 /index.php/Index/iscode/groupid/43C1549E222DE8BCFD975AEF5F44443A/username/dongya/password/123123/uuid/FF59E84A-CAC4-417D-8569-DE6D1C62176F
INFO: [ route_check ] --START--
INFO: CheckRoute Behavior ::run [ RunTime:0.001422s ]
INFO: [ route_check ] --END-- [ RunTime:0.001552s ]
INFO: [ app_begin ] --START--
INFO: ReadHtmlCache Behavior ::run [ RunTime:0.001074s ]
INFO: [ app_begin ] --END-- [ RunTime:0.001162s ]
SQL: SHOW COLUMNS FROM `app_code` [ RunTime:0.001691s ]
SQL: SELECT * FROM `app_code` WHERE ( username="dongya" and password="123123" and groupid="43C1549E222DE8BCFD975AEF5F44443A" ) LIMIT 1   [ RunTime:0.000761s ]
SQL: SHOW COLUMNS FROM `app_group` [ RunTime:0.001331s ]
SQL: SELECT * FROM `app_group` WHERE ( `guid` = '43C1549E222DE8BCFD975AEF5F44443A' ) LIMIT 1   [ RunTime:0.000641s ]
SQL: UPDATE `app_code` SET `uuid`='FF59E84A-CAC4-417D-8569-DE6D1C62176F',`binding`=0 WHERE ( `guid` = 'FBD28554EC0105185717D33AF9592F58' ) [ RunTime:0.000460s ]
NOTIC: [8] Undefined index:  type D:\PHPnow\htdocs\dongya\Lib\Action\IndexAction.class.php 第 74 行.

[ 2016-03-02T11:39:14+08:00 ] 113.66.11.92 /index.php/Index/iscode/groupid/43C1549E222DE8BCFD975AEF5F44443A/username/dongya/password/123123/uuid/FF59E84A-CAC4-417D-8569-DE6D1C62176F/type/updata
INFO: [ route_check ] --START--
INFO: CheckRoute Behavior ::run [ RunTime:0.001109s ]
INFO: [ route_check ] --END-- [ RunTime:0.001247s ]
INFO: [ app_begin ] --START--
INFO: ReadHtmlCache Behavior ::run [ RunTime:0.000623s ]
INFO: [ app_begin ] --END-- [ RunTime:0.000706s ]
SQL: SHOW COLUMNS FROM `app_code` [ RunTime:0.001765s ]
SQL: SELECT * FROM `app_code` WHERE ( username="dongya" and password="123123" and groupid="43C1549E222DE8BCFD975AEF5F44443A" ) LIMIT 1   [ RunTime:0.000841s ]
SQL: SHOW COLUMNS FROM `app_group` [ RunTime:0.001324s ]
SQL: SELECT * FROM `app_group` WHERE ( `guid` = '43C1549E222DE8BCFD975AEF5F44443A' ) LIMIT 1   [ RunTime:0.000648s ]
SQL: UPDATE `app_code` SET `uuid`='FF59E84A-CAC4-417D-8569-DE6D1C62176F',`binding`=0 WHERE ( `guid` = 'FBD28554EC0105185717D33AF9592F58' ) [ RunTime:0.000248s ]

[ 2016-03-02T11:39:17+08:00 ] 113.66.11.92 /index.php/Index/iscode/groupid/43C1549E222DE8BCFD975AEF5F44443A/username/dongya/password/123123/uuid/FF59E84A-CAC4-417D-8569-DE6D1C62176F/type/updata
INFO: [ route_check ] --START--
INFO: CheckRoute Behavior ::run [ RunTime:0.001070s ]
INFO: [ route_check ] --END-- [ RunTime:0.001196s ]
INFO: [ app_begin ] --START--
INFO: ReadHtmlCache Behavior ::run [ RunTime:0.000637s ]
INFO: [ app_begin ] --END-- [ RunTime:0.000722s ]
SQL: SHOW COLUMNS FROM `app_code` [ RunTime:0.001692s ]
SQL: SELECT * FROM `app_code` WHERE ( username="dongya" and password="123123" and groupid="43C1549E222DE8BCFD975AEF5F44443A" ) LIMIT 1   [ RunTime:0.000746s ]
SQL: SHOW COLUMNS FROM `app_group` [ RunTime:0.001416s ]
SQL: SELECT * FROM `app_group` WHERE ( `guid` = '43C1549E222DE8BCFD975AEF5F44443A' ) LIMIT 1   [ RunTime:0.000766s ]
SQL: UPDATE `app_code` SET `uuid`='FF59E84A-CAC4-417D-8569-DE6D1C62176F',`binding`=0 WHERE ( `guid` = 'FBD28554EC0105185717D33AF9592F58' ) [ RunTime:0.000305s ]

[ 2016-03-02T11:43:50+08:00 ] 113.66.11.92 /index.php/Index/iscode/groupid/43C1549E222DE8BCFD975AEF5F44443A/username/dongya/password/123123/uuid/AD555B69-E05F-440F-8017-F8D6F2C5C55A
INFO: [ route_check ] --START--
INFO: CheckRoute Behavior ::run [ RunTime:0.001730s ]
INFO: [ route_check ] --END-- [ RunTime:0.001845s ]
INFO: [ app_begin ] --START--
INFO: ReadHtmlCache Behavior ::run [ RunTime:0.001128s ]
INFO: [ app_begin ] --END-- [ RunTime:0.001236s ]
SQL: SHOW COLUMNS FROM `app_code` [ RunTime:0.001827s ]
SQL: SELECT * FROM `app_code` WHERE ( username="dongya" and password="123123" and groupid="43C1549E222DE8BCFD975AEF5F44443A" ) LIMIT 1   [ RunTime:0.000740s ]
SQL: SHOW COLUMNS FROM `app_group` [ RunTime:0.001659s ]
SQL: SELECT * FROM `app_group` WHERE ( `guid` = '43C1549E222DE8BCFD975AEF5F44443A' ) LIMIT 1   [ RunTime:0.000754s ]
SQL: UPDATE `app_code` SET `uuid`='AD555B69-E05F-440F-8017-F8D6F2C5C55A',`binding`=0 WHERE ( `guid` = 'FBD28554EC0105185717D33AF9592F58' ) [ RunTime:0.000345s ]
NOTIC: [8] Undefined index:  type D:\PHPnow\htdocs\dongya\Lib\Action\IndexAction.class.php 第 74 行.

[ 2016-03-02T11:43:52+08:00 ] 113.66.11.92 /index.php/Index/iscode/groupid/43C1549E222DE8BCFD975AEF5F44443A/username/dongya/password/123123/uuid/AD555B69-E05F-440F-8017-F8D6F2C5C55A/type/updata
INFO: [ route_check ] --START--
INFO: CheckRoute Behavior ::run [ RunTime:0.001015s ]
INFO: [ route_check ] --END-- [ RunTime:0.001272s ]
INFO: [ app_begin ] --START--
INFO: ReadHtmlCache Behavior ::run [ RunTime:0.000645s ]
INFO: [ app_begin ] --END-- [ RunTime:0.000754s ]
SQL: SHOW COLUMNS FROM `app_code` [ RunTime:0.002323s ]
SQL: SELECT * FROM `app_code` WHERE ( username="dongya" and password="123123" and groupid="43C1549E222DE8BCFD975AEF5F44443A" ) LIMIT 1   [ RunTime:0.000951s ]
SQL: SHOW COLUMNS FROM `app_group` [ RunTime:0.001298s ]
SQL: SELECT * FROM `app_group` WHERE ( `guid` = '43C1549E222DE8BCFD975AEF5F44443A' ) LIMIT 1   [ RunTime:0.000618s ]
SQL: UPDATE `app_code` SET `uuid`='AD555B69-E05F-440F-8017-F8D6F2C5C55A',`binding`=0 WHERE ( `guid` = 'FBD28554EC0105185717D33AF9592F58' ) [ RunTime:0.000243s ]

[ 2016-03-02T11:44:09+08:00 ] 183.62.183.114 /index.php/Index/iscode/groupid/43C1549E222DE8BCFD975AEF5F44443A/username/dongya/password/123123/uuid/318D4A23-6C42-4661-BEA9-5F736EA74902/type/updata
INFO: [ route_check ] --START--
INFO: CheckRoute Behavior ::run [ RunTime:0.000985s ]
INFO: [ route_check ] --END-- [ RunTime:0.001106s ]
INFO: [ app_begin ] --START--
INFO: ReadHtmlCache Behavior ::run [ RunTime:0.000629s ]
INFO: [ app_begin ] --END-- [ RunTime:0.000712s ]
SQL: SHOW COLUMNS FROM `app_code` [ RunTime:0.001848s ]
SQL: SELECT * FROM `app_code` WHERE ( username="dongya" and password="123123" and groupid="43C1549E222DE8BCFD975AEF5F44443A" ) LIMIT 1   [ RunTime:0.000764s ]
SQL: SHOW COLUMNS FROM `app_group` [ RunTime:0.001334s ]
SQL: SELECT * FROM `app_group` WHERE ( `guid` = '43C1549E222DE8BCFD975AEF5F44443A' ) LIMIT 1   [ RunTime:0.000647s ]
SQL: UPDATE `app_code` SET `uuid`='318D4A23-6C42-4661-BEA9-5F736EA74902',`binding`=0 WHERE ( `guid` = 'FBD28554EC0105185717D33AF9592F58' ) [ RunTime:0.000261s ]

[ 2016-03-02T11:44:38+08:00 ] 183.62.183.114 /index.php/Index/iscode/groupid/43C1549E222DE8BCFD975AEF5F44443A/username/dongya/password/123123/uuid/318D4A23-6C42-4661-BEA9-5F736EA74902/type/updata
INFO: [ route_check ] --START--
INFO: CheckRoute Behavior ::run [ RunTime:0.000960s ]
INFO: [ route_check ] --END-- [ RunTime:0.001076s ]
INFO: [ app_begin ] --START--
INFO: ReadHtmlCache Behavior ::run [ RunTime:0.000655s ]
INFO: [ app_begin ] --END-- [ RunTime:0.000738s ]
SQL: SHOW COLUMNS FROM `app_code` [ RunTime:0.001690s ]
SQL: SELECT * FROM `app_code` WHERE ( username="dongya" and password="123123" and groupid="43C1549E222DE8BCFD975AEF5F44443A" ) LIMIT 1   [ RunTime:0.000712s ]
SQL: SHOW COLUMNS FROM `app_group` [ RunTime:0.001355s ]
SQL: SELECT * FROM `app_group` WHERE ( `guid` = '43C1549E222DE8BCFD975AEF5F44443A' ) LIMIT 1   [ RunTime:0.000645s ]
SQL: UPDATE `app_code` SET `uuid`='318D4A23-6C42-4661-BEA9-5F736EA74902',`binding`=0 WHERE ( `guid` = 'FBD28554EC0105185717D33AF9592F58' ) [ RunTime:0.000244s ]

[ 2016-03-02T13:04:16+08:00 ] 113.105.210.234 /index.php
INFO: [ app_begin ] --START--
INFO: ReadHtmlCache Behavior ::run [ RunTime:0.001068s ]
INFO: [ app_begin ] --END-- [ RunTime:0.001201s ]
INFO: [ view_parse ] --START--
INFO: ParseTemplate Behavior ::run [ RunTime:0.018772s ]
INFO: [ view_parse ] --END-- [ RunTime:0.018913s ]
INFO: [ view_filter ] --START--
INFO: ContentReplace Behavior ::run [ RunTime:0.000862s ]
INFO: TokenBuild Behavior ::run [ RunTime:0.001047s ]
INFO: WriteHtmlCache Behavior ::run [ RunTime:0.001017s ]
INFO: ShowRuntime Behavior ::run [ RunTime:0.001440s ]
INFO: [ view_filter ] --END-- [ RunTime:0.004687s ]
INFO: [ view_end ] --START--
INFO: ShowPageTrace Behavior ::run [ RunTime:0.001193s ]
INFO: [ view_end ] --END-- [ RunTime:0.001290s ]

[ 2016-03-02T13:04:22+08:00 ] 113.105.210.234 /index.php/index/code_login
INFO: [ route_check ] --START--
INFO: CheckRoute Behavior ::run [ RunTime:0.001358s ]
INFO: [ route_check ] --END-- [ RunTime:0.001478s ]
INFO: [ app_begin ] --START--
INFO: ReadHtmlCache Behavior ::run [ RunTime:0.000616s ]
INFO: [ app_begin ] --END-- [ RunTime:0.000696s ]
SQL: SHOW COLUMNS FROM `app_member` [ RunTime:0.001811s ]
SQL: SELECT * FROM `app_member` WHERE ( username="dongya" and password="4297f44b13955235245b2497399d7a93" ) LIMIT 1   [ RunTime:0.000707s ]
SQL: SHOW COLUMNS FROM `app_admin` [ RunTime:0.001462s ]
SQL: SELECT * FROM `app_admin` WHERE ( username="dongya" and password="4297f44b13955235245b2497399d7a93" ) LIMIT 1   [ RunTime:0.000613s ]
SQL: SHOW COLUMNS FROM `app_group` [ RunTime:0.001835s ]
SQL: SELECT * FROM `app_group` WHERE ( `guid` = '43C1549E222DE8BCFD975AEF5F44443A' ) LIMIT 1   [ RunTime:0.000636s ]

[ 2016-03-02T13:04:22+08:00 ] 113.105.210.234 /index.php/Index/
INFO: [ route_check ] --START--
INFO: CheckRoute Behavior ::run [ RunTime:0.001195s ]
INFO: [ route_check ] --END-- [ RunTime:0.001343s ]
INFO: [ app_begin ] --START--
INFO: ReadHtmlCache Behavior ::run [ RunTime:0.000724s ]
INFO: [ app_begin ] --END-- [ RunTime:0.000810s ]

[ 2016-03-02T13:04:46+08:00 ] 113.105.210.234 /index.php/Index/iscode/groupid/43C1549E222DE8BCFD975AEF5F44443A/username/dongya/password/123123/uuid/C437EBCA-63A5-4CE0-B18E-3745B4C3EDE5
INFO: [ route_check ] --START--
INFO: CheckRoute Behavior ::run [ RunTime:0.000973s ]
INFO: [ route_check ] --END-- [ RunTime:0.001101s ]
INFO: [ app_begin ] --START--
INFO: ReadHtmlCache Behavior ::run [ RunTime:0.000612s ]
INFO: [ app_begin ] --END-- [ RunTime:0.000700s ]
SQL: SHOW COLUMNS FROM `app_code` [ RunTime:0.001836s ]
SQL: SELECT * FROM `app_code` WHERE ( username="dongya" and password="123123" and groupid="43C1549E222DE8BCFD975AEF5F44443A" ) LIMIT 1   [ RunTime:0.000755s ]
SQL: SHOW COLUMNS FROM `app_group` [ RunTime:0.001314s ]
SQL: SELECT * FROM `app_group` WHERE ( `guid` = '43C1549E222DE8BCFD975AEF5F44443A' ) LIMIT 1   [ RunTime:0.000706s ]
SQL: UPDATE `app_code` SET `uuid`='C437EBCA-63A5-4CE0-B18E-3745B4C3EDE5',`binding`=0 WHERE ( `guid` = 'FBD28554EC0105185717D33AF9592F58' ) [ RunTime:0.000265s ]
NOTIC: [8] Undefined index:  type D:\PHPnow\htdocs\dongya\Lib\Action\IndexAction.class.php 第 74 行.

[ 2016-03-02T13:04:46+08:00 ] 113.105.210.234 /index.php/Index/iscode/groupid/43C1549E222DE8BCFD975AEF5F44443A/username/dongya/password/123123/uuid/C437EBCA-63A5-4CE0-B18E-3745B4C3EDE5/type/updata
INFO: [ route_check ] --START--
INFO: CheckRoute Behavior ::run [ RunTime:0.001097s ]
INFO: [ route_check ] --END-- [ RunTime:0.001232s ]
INFO: [ app_begin ] --START--
INFO: ReadHtmlCache Behavior ::run [ RunTime:0.000757s ]
INFO: [ app_begin ] --END-- [ RunTime:0.000897s ]
SQL: SHOW COLUMNS FROM `app_code` [ RunTime:0.001647s ]
SQL: SELECT * FROM `app_code` WHERE ( username="dongya" and password="123123" and groupid="43C1549E222DE8BCFD975AEF5F44443A" ) LIMIT 1   [ RunTime:0.000836s ]
SQL: SHOW COLUMNS FROM `app_group` [ RunTime:0.001296s ]
SQL: SELECT * FROM `app_group` WHERE ( `guid` = '43C1549E222DE8BCFD975AEF5F44443A' ) LIMIT 1   [ RunTime:0.000709s ]
SQL: UPDATE `app_code` SET `uuid`='C437EBCA-63A5-4CE0-B18E-3745B4C3EDE5',`binding`=0 WHERE ( `guid` = 'FBD28554EC0105185717D33AF9592F58' ) [ RunTime:0.000246s ]

[ 2016-03-02T13:50:46+08:00 ] 111.206.36.15 /index.php
INFO: [ app_begin ] --START--
INFO: ReadHtmlCache Behavior ::run [ RunTime:0.000652s ]
INFO: [ app_begin ] --END-- [ RunTime:0.000762s ]
INFO: [ view_parse ] --START--
INFO: ParseTemplate Behavior ::run [ RunTime:0.010122s ]
INFO: [ view_parse ] --END-- [ RunTime:0.010238s ]
INFO: [ view_filter ] --START--
INFO: ContentReplace Behavior ::run [ RunTime:0.000424s ]
INFO: TokenBuild Behavior ::run [ RunTime:0.000420s ]
INFO: WriteHtmlCache Behavior ::run [ RunTime:0.000274s ]
INFO: ShowRuntime Behavior ::run [ RunTime:0.000506s ]
INFO: [ view_filter ] --END-- [ RunTime:0.001857s ]
INFO: [ view_end ] --START--
INFO: ShowPageTrace Behavior ::run [ RunTime:0.001440s ]
INFO: [ view_end ] --END-- [ RunTime:0.001522s ]

[ 2016-03-02T14:03:15+08:00 ] 121.42.0.15 /index.php
INFO: [ app_begin ] --START--
INFO: ReadHtmlCache Behavior ::run [ RunTime:0.001056s ]
INFO: [ app_begin ] --END-- [ RunTime:0.001173s ]
INFO: [ view_parse ] --START--
INFO: ParseTemplate Behavior ::run [ RunTime:0.011285s ]
INFO: [ view_parse ] --END-- [ RunTime:0.011402s ]
INFO: [ view_filter ] --START--
INFO: ContentReplace Behavior ::run [ RunTime:0.000798s ]
INFO: TokenBuild Behavior ::run [ RunTime:0.000800s ]
INFO: WriteHtmlCache Behavior ::run [ RunTime:0.000676s ]
INFO: ShowRuntime Behavior ::run [ RunTime:0.000885s ]
INFO: [ view_filter ] --END-- [ RunTime:0.003391s ]
INFO: [ view_end ] --START--
INFO: ShowPageTrace Behavior ::run [ RunTime:0.001748s ]
INFO: [ view_end ] --END-- [ RunTime:0.001829s ]

[ 2016-03-02T14:04:49+08:00 ] 61.135.165.10 /index.php
INFO: [ app_begin ] --START--
INFO: ReadHtmlCache Behavior ::run [ RunTime:0.000833s ]
INFO: [ app_begin ] --END-- [ RunTime:0.000998s ]
INFO: [ view_parse ] --START--
INFO: ParseTemplate Behavior ::run [ RunTime:0.009976s ]
INFO: [ view_parse ] --END-- [ RunTime:0.010096s ]
INFO: [ view_filter ] --START--
INFO: ContentReplace Behavior ::run [ RunTime:0.000455s ]
INFO: TokenBuild Behavior ::run [ RunTime:0.000417s ]
INFO: WriteHtmlCache Behavior ::run [ RunTime:0.000484s ]
INFO: ShowRuntime Behavior ::run [ RunTime:0.000501s ]
INFO: [ view_filter ] --END-- [ RunTime:0.002086s ]
INFO: [ view_end ] --START--
INFO: ShowPageTrace Behavior ::run [ RunTime:0.001653s ]
INFO: [ view_end ] --END-- [ RunTime:0.001806s ]

[ 2016-03-02T15:57:25+08:00 ] 113.66.11.92 /index.php/Index/iscode/groupid/43C1549E222DE8BCFD975AEF5F44443A/username/dongya/password/123123/uuid/FF59E84A-CAC4-417D-8569-DE6D1C62176F
INFO: [ route_check ] --START--
INFO: CheckRoute Behavior ::run [ RunTime:0.001348s ]
INFO: [ route_check ] --END-- [ RunTime:0.001469s ]
INFO: [ app_begin ] --START--
INFO: ReadHtmlCache Behavior ::run [ RunTime:0.000997s ]
INFO: [ app_begin ] --END-- [ RunTime:0.001086s ]
SQL: SHOW COLUMNS FROM `app_code` [ RunTime:0.001897s ]
SQL: SELECT * FROM `app_code` WHERE ( username="dongya" and password="123123" and groupid="43C1549E222DE8BCFD975AEF5F44443A" ) LIMIT 1   [ RunTime:0.000775s ]
SQL: SHOW COLUMNS FROM `app_group` [ RunTime:0.001547s ]
SQL: SELECT * FROM `app_group` WHERE ( `guid` = '43C1549E222DE8BCFD975AEF5F44443A' ) LIMIT 1   [ RunTime:0.000641s ]
SQL: UPDATE `app_code` SET `uuid`='FF59E84A-CAC4-417D-8569-DE6D1C62176F',`binding`=0 WHERE ( `guid` = 'FBD28554EC0105185717D33AF9592F58' ) [ RunTime:0.000261s ]
NOTIC: [8] Undefined index:  type D:\PHPnow\htdocs\dongya\Lib\Action\IndexAction.class.php 第 74 行.

[ 2016-03-02T15:57:26+08:00 ] 113.66.11.92 /index.php/Index/iscode/groupid/43C1549E222DE8BCFD975AEF5F44443A/username/dongya/password/123123/uuid/FF59E84A-CAC4-417D-8569-DE6D1C62176F/type/updata
INFO: [ route_check ] --START--
INFO: CheckRoute Behavior ::run [ RunTime:0.000952s ]
INFO: [ route_check ] --END-- [ RunTime:0.001076s ]
INFO: [ app_begin ] --START--
INFO: ReadHtmlCache Behavior ::run [ RunTime:0.000761s ]
INFO: [ app_begin ] --END-- [ RunTime:0.000846s ]
SQL: SHOW COLUMNS FROM `app_code` [ RunTime:0.001632s ]
SQL: SELECT * FROM `app_code` WHERE ( username="dongya" and password="123123" and groupid="43C1549E222DE8BCFD975AEF5F44443A" ) LIMIT 1   [ RunTime:0.000708s ]
SQL: SHOW COLUMNS FROM `app_group` [ RunTime:0.001394s ]
SQL: SELECT * FROM `app_group` WHERE ( `guid` = '43C1549E222DE8BCFD975AEF5F44443A' ) LIMIT 1   [ RunTime:0.000685s ]
SQL: UPDATE `app_code` SET `uuid`='FF59E84A-CAC4-417D-8569-DE6D1C62176F',`binding`=0 WHERE ( `guid` = 'FBD28554EC0105185717D33AF9592F58' ) [ RunTime:0.000245s ]

[ 2016-03-02T15:57:30+08:00 ] 113.66.11.92 /index.php/Index/iscode/groupid/43C1549E222DE8BCFD975AEF5F44443A/username/dongya/password/123123/uuid/FF59E84A-CAC4-417D-8569-DE6D1C62176F/type/updata
INFO: [ route_check ] --START--
INFO: CheckRoute Behavior ::run [ RunTime:0.000967s ]
INFO: [ route_check ] --END-- [ RunTime:0.001080s ]
INFO: [ app_begin ] --START--
INFO: ReadHtmlCache Behavior ::run [ RunTime:0.000648s ]
INFO: [ app_begin ] --END-- [ RunTime:0.000746s ]
SQL: SHOW COLUMNS FROM `app_code` [ RunTime:0.002024s ]
SQL: SELECT * FROM `app_code` WHERE ( username="dongya" and password="123123" and groupid="43C1549E222DE8BCFD975AEF5F44443A" ) LIMIT 1   [ RunTime:0.000838s ]
SQL: SHOW COLUMNS FROM `app_group` [ RunTime:0.001350s ]
SQL: SELECT * FROM `app_group` WHERE ( `guid` = '43C1549E222DE8BCFD975AEF5F44443A' ) LIMIT 1   [ RunTime:0.000648s ]
SQL: UPDATE `app_code` SET `uuid`='FF59E84A-CAC4-417D-8569-DE6D1C62176F',`binding`=0 WHERE ( `guid` = 'FBD28554EC0105185717D33AF9592F58' ) [ RunTime:0.000256s ]

[ 2016-03-02T15:57:32+08:00 ] 113.66.11.92 /index.php/Index/iscode/groupid/43C1549E222DE8BCFD975AEF5F44443A/username/dongya/password/123123/uuid/FF59E84A-CAC4-417D-8569-DE6D1C62176F/type/updata
INFO: [ route_check ] --START--
INFO: CheckRoute Behavior ::run [ RunTime:0.000992s ]
INFO: [ route_check ] --END-- [ RunTime:0.001109s ]
INFO: [ app_begin ] --START--
INFO: ReadHtmlCache Behavior ::run [ RunTime:0.000641s ]
INFO: [ app_begin ] --END-- [ RunTime:0.000725s ]
SQL: SHOW COLUMNS FROM `app_code` [ RunTime:0.001689s ]
SQL: SELECT * FROM `app_code` WHERE ( username="dongya" and password="123123" and groupid="43C1549E222DE8BCFD975AEF5F44443A" ) LIMIT 1   [ RunTime:0.000720s ]
SQL: SHOW COLUMNS FROM `app_group` [ RunTime:0.001393s ]
SQL: SELECT * FROM `app_group` WHERE ( `guid` = '43C1549E222DE8BCFD975AEF5F44443A' ) LIMIT 1   [ RunTime:0.000730s ]
SQL: UPDATE `app_code` SET `uuid`='FF59E84A-CAC4-417D-8569-DE6D1C62176F',`binding`=0 WHERE ( `guid` = 'FBD28554EC0105185717D33AF9592F58' ) [ RunTime:0.000240s ]

[ 2016-03-02T15:57:34+08:00 ] 113.66.11.92 /index.php/Index/iscode/groupid/43C1549E222DE8BCFD975AEF5F44443A/username/dongya/password/123123/uuid/FF59E84A-CAC4-417D-8569-DE6D1C62176F/type/updata
INFO: [ route_check ] --START--
INFO: CheckRoute Behavior ::run [ RunTime:0.001083s ]
INFO: [ route_check ] --END-- [ RunTime:0.001212s ]
INFO: [ app_begin ] --START--
INFO: ReadHtmlCache Behavior ::run [ RunTime:0.000653s ]
INFO: [ app_begin ] --END-- [ RunTime:0.000738s ]
SQL: SHOW COLUMNS FROM `app_code` [ RunTime:0.001779s ]
SQL: SELECT * FROM `app_code` WHERE ( username="dongya" and password="123123" and groupid="43C1549E222DE8BCFD975AEF5F44443A" ) LIMIT 1   [ RunTime:0.000733s ]
SQL: SHOW COLUMNS FROM `app_group` [ RunTime:0.001343s ]
SQL: SELECT * FROM `app_group` WHERE ( `guid` = '43C1549E222DE8BCFD975AEF5F44443A' ) LIMIT 1   [ RunTime:0.000687s ]
SQL: UPDATE `app_code` SET `uuid`='FF59E84A-CAC4-417D-8569-DE6D1C62176F',`binding`=0 WHERE ( `guid` = 'FBD28554EC0105185717D33AF9592F58' ) [ RunTime:0.000246s ]

[ 2016-03-02T15:57:40+08:00 ] 113.66.11.92 /index.php/Index/iscode/groupid/43C1549E222DE8BCFD975AEF5F44443A/username/dongya/password/123123/uuid/FF59E84A-CAC4-417D-8569-DE6D1C62176F/type/updata
INFO: [ route_check ] --START--
INFO: CheckRoute Behavior ::run [ RunTime:0.001071s ]
INFO: [ route_check ] --END-- [ RunTime:0.001200s ]
INFO: [ app_begin ] --START--
INFO: ReadHtmlCache Behavior ::run [ RunTime:0.000665s ]
INFO: [ app_begin ] --END-- [ RunTime:0.000752s ]
SQL: SHOW COLUMNS FROM `app_code` [ RunTime:0.001680s ]
SQL: SELECT * FROM `app_code` WHERE ( username="dongya" and password="123123" and groupid="43C1549E222DE8BCFD975AEF5F44443A" ) LIMIT 1   [ RunTime:0.000727s ]
SQL: SHOW COLUMNS FROM `app_group` [ RunTime:0.001332s ]
SQL: SELECT * FROM `app_group` WHERE ( `guid` = '43C1549E222DE8BCFD975AEF5F44443A' ) LIMIT 1   [ RunTime:0.000701s ]
SQL: UPDATE `app_code` SET `uuid`='FF59E84A-CAC4-417D-8569-DE6D1C62176F',`binding`=0 WHERE ( `guid` = 'FBD28554EC0105185717D33AF9592F58' ) [ RunTime:0.000316s ]

[ 2016-03-02T15:57:42+08:00 ] 113.66.11.92 /index.php/Index/iscode/groupid/43C1549E222DE8BCFD975AEF5F44443A/username/dongya/password/123123/uuid/FF59E84A-CAC4-417D-8569-DE6D1C62176F/type/updata
INFO: [ route_check ] --START--
INFO: CheckRoute Behavior ::run [ RunTime:0.000987s ]
INFO: [ route_check ] --END-- [ RunTime:0.001101s ]
INFO: [ app_begin ] --START--
INFO: ReadHtmlCache Behavior ::run [ RunTime:0.000610s ]
INFO: [ app_begin ] --END-- [ RunTime:0.000693s ]
SQL: SHOW COLUMNS FROM `app_code` [ RunTime:0.002010s ]
SQL: SELECT * FROM `app_code` WHERE ( username="dongya" and password="123123" and groupid="43C1549E222DE8BCFD975AEF5F44443A" ) LIMIT 1   [ RunTime:0.000849s ]
SQL: SHOW COLUMNS FROM `app_group` [ RunTime:0.001631s ]
SQL: SELECT * FROM `app_group` WHERE ( `guid` = '43C1549E222DE8BCFD975AEF5F44443A' ) LIMIT 1   [ RunTime:0.000727s ]
SQL: UPDATE `app_code` SET `uuid`='FF59E84A-CAC4-417D-8569-DE6D1C62176F',`binding`=0 WHERE ( `guid` = 'FBD28554EC0105185717D33AF9592F58' ) [ RunTime:0.000311s ]

[ 2016-03-02T15:57:44+08:00 ] 113.66.11.92 /index.php/Index/iscode/groupid/43C1549E222DE8BCFD975AEF5F44443A/username/dongya/password/123123/uuid/FF59E84A-CAC4-417D-8569-DE6D1C62176F/type/updata
INFO: [ route_check ] --START--
INFO: CheckRoute Behavior ::run [ RunTime:0.000946s ]
INFO: [ route_check ] --END-- [ RunTime:0.001057s ]
INFO: [ app_begin ] --START--
INFO: ReadHtmlCache Behavior ::run [ RunTime:0.000611s ]
INFO: [ app_begin ] --END-- [ RunTime:0.000695s ]
SQL: SHOW COLUMNS FROM `app_code` [ RunTime:0.001680s ]
SQL: SELECT * FROM `app_code` WHERE ( username="dongya" and password="123123" and groupid="43C1549E222DE8BCFD975AEF5F44443A" ) LIMIT 1   [ RunTime:0.000724s ]
SQL: SHOW COLUMNS FROM `app_group` [ RunTime:0.001501s ]
SQL: SELECT * FROM `app_group` WHERE ( `guid` = '43C1549E222DE8BCFD975AEF5F44443A' ) LIMIT 1   [ RunTime:0.000625s ]
SQL: UPDATE `app_code` SET `uuid`='FF59E84A-CAC4-417D-8569-DE6D1C62176F',`binding`=0 WHERE ( `guid` = 'FBD28554EC0105185717D33AF9592F58' ) [ RunTime:0.000241s ]

[ 2016-03-02T15:57:50+08:00 ] 113.66.11.92 /index.php/Index/iscode/groupid/43C1549E222DE8BCFD975AEF5F44443A/username/dongya/password/123123/uuid/FF59E84A-CAC4-417D-8569-DE6D1C62176F/type/updata
INFO: [ route_check ] --START--
INFO: CheckRoute Behavior ::run [ RunTime:0.001069s ]
INFO: [ route_check ] --END-- [ RunTime:0.001185s ]
INFO: [ app_begin ] --START--
INFO: ReadHtmlCache Behavior ::run [ RunTime:0.000843s ]
INFO: [ app_begin ] --END-- [ RunTime:0.000929s ]
SQL: SHOW COLUMNS FROM `app_code` [ RunTime:0.001769s ]
SQL: SELECT * FROM `app_code` WHERE ( username="dongya" and password="123123" and groupid="43C1549E222DE8BCFD975AEF5F44443A" ) LIMIT 1   [ RunTime:0.000773s ]
SQL: SHOW COLUMNS FROM `app_group` [ RunTime:0.001318s ]
SQL: SELECT * FROM `app_group` WHERE ( `guid` = '43C1549E222DE8BCFD975AEF5F44443A' ) LIMIT 1   [ RunTime:0.000634s ]
SQL: UPDATE `app_code` SET `uuid`='FF59E84A-CAC4-417D-8569-DE6D1C62176F',`binding`=0 WHERE ( `guid` = 'FBD28554EC0105185717D33AF9592F58' ) [ RunTime:0.000271s ]

[ 2016-03-02T15:57:57+08:00 ] 113.66.11.92 /index.php/Index/iscode/groupid/43C1549E222DE8BCFD975AEF5F44443A/username/dongya/password/123123/uuid/FF59E84A-CAC4-417D-8569-DE6D1C62176F/type/updata
INFO: [ route_check ] --START--
INFO: CheckRoute Behavior ::run [ RunTime:0.000951s ]
INFO: [ route_check ] --END-- [ RunTime:0.001072s ]
INFO: [ app_begin ] --START--
INFO: ReadHtmlCache Behavior ::run [ RunTime:0.000612s ]
INFO: [ app_begin ] --END-- [ RunTime:0.000697s ]
SQL: SHOW COLUMNS FROM `app_code` [ RunTime:0.001813s ]
SQL: SELECT * FROM `app_code` WHERE ( username="dongya" and password="123123" and groupid="43C1549E222DE8BCFD975AEF5F44443A" ) LIMIT 1   [ RunTime:0.000719s ]
SQL: SHOW COLUMNS FROM `app_group` [ RunTime:0.001448s ]
SQL: SELECT * FROM `app_group` WHERE ( `guid` = '43C1549E222DE8BCFD975AEF5F44443A' ) LIMIT 1   [ RunTime:0.000659s ]
SQL: UPDATE `app_code` SET `uuid`='FF59E84A-CAC4-417D-8569-DE6D1C62176F',`binding`=0 WHERE ( `guid` = 'FBD28554EC0105185717D33AF9592F58' ) [ RunTime:0.000259s ]

[ 2016-03-02T16:00:38+08:00 ] 113.66.11.92 /index.php/Index/iscode/groupid/43C1549E222DE8BCFD975AEF5F44443A/username/dongya/password/123123/uuid/AD555B69-E05F-440F-8017-F8D6F2C5C55A
INFO: [ route_check ] --START--
INFO: CheckRoute Behavior ::run [ RunTime:0.001459s ]
INFO: [ route_check ] --END-- [ RunTime:0.001586s ]
INFO: [ app_begin ] --START--
INFO: ReadHtmlCache Behavior ::run [ RunTime:0.001118s ]
INFO: [ app_begin ] --END-- [ RunTime:0.001209s ]
SQL: SHOW COLUMNS FROM `app_code` [ RunTime:0.001856s ]
SQL: SELECT * FROM `app_code` WHERE ( username="dongya" and password="123123" and groupid="43C1549E222DE8BCFD975AEF5F44443A" ) LIMIT 1   [ RunTime:0.000713s ]
SQL: SHOW COLUMNS FROM `app_group` [ RunTime:0.001605s ]
SQL: SELECT * FROM `app_group` WHERE ( `guid` = '43C1549E222DE8BCFD975AEF5F44443A' ) LIMIT 1   [ RunTime:0.000640s ]
SQL: UPDATE `app_code` SET `uuid`='AD555B69-E05F-440F-8017-F8D6F2C5C55A',`binding`=0 WHERE ( `guid` = 'FBD28554EC0105185717D33AF9592F58' ) [ RunTime:0.000260s ]
NOTIC: [8] Undefined index:  type D:\PHPnow\htdocs\dongya\Lib\Action\IndexAction.class.php 第 74 行.

[ 2016-03-02T16:00:39+08:00 ] 113.66.11.92 /index.php/Index/iscode/groupid/43C1549E222DE8BCFD975AEF5F44443A/username/dongya/password/123123/uuid/AD555B69-E05F-440F-8017-F8D6F2C5C55A/type/updata
INFO: [ route_check ] --START--
INFO: CheckRoute Behavior ::run [ RunTime:0.000960s ]
INFO: [ route_check ] --END-- [ RunTime:0.001074s ]
INFO: [ app_begin ] --START--
INFO: ReadHtmlCache Behavior ::run [ RunTime:0.000631s ]
INFO: [ app_begin ] --END-- [ RunTime:0.000726s ]
SQL: SHOW COLUMNS FROM `app_code` [ RunTime:0.001749s ]
SQL: SELECT * FROM `app_code` WHERE ( username="dongya" and password="123123" and groupid="43C1549E222DE8BCFD975AEF5F44443A" ) LIMIT 1   [ RunTime:0.000729s ]
SQL: SHOW COLUMNS FROM `app_group` [ RunTime:0.001388s ]
SQL: SELECT * FROM `app_group` WHERE ( `guid` = '43C1549E222DE8BCFD975AEF5F44443A' ) LIMIT 1   [ RunTime:0.001029s ]
SQL: UPDATE `app_code` SET `uuid`='AD555B69-E05F-440F-8017-F8D6F2C5C55A',`binding`=0 WHERE ( `guid` = 'FBD28554EC0105185717D33AF9592F58' ) [ RunTime:0.000256s ]

[ 2016-03-02T16:00:50+08:00 ] 113.66.11.92 /index.php/Index/iscode/groupid/43C1549E222DE8BCFD975AEF5F44443A/username/dongya/password/123123/uuid/AD555B69-E05F-440F-8017-F8D6F2C5C55A/type/updata
INFO: [ route_check ] --START--
INFO: CheckRoute Behavior ::run [ RunTime:0.001157s ]
INFO: [ route_check ] --END-- [ RunTime:0.001302s ]
INFO: [ app_begin ] --START--
INFO: ReadHtmlCache Behavior ::run [ RunTime:0.000665s ]
INFO: [ app_begin ] --END-- [ RunTime:0.000749s ]
SQL: SHOW COLUMNS FROM `app_code` [ RunTime:0.001803s ]
SQL: SELECT * FROM `app_code` WHERE ( username="dongya" and password="123123" and groupid="43C1549E222DE8BCFD975AEF5F44443A" ) LIMIT 1   [ RunTime:0.000742s ]
SQL: SHOW COLUMNS FROM `app_group` [ RunTime:0.001382s ]
SQL: SELECT * FROM `app_group` WHERE ( `guid` = '43C1549E222DE8BCFD975AEF5F44443A' ) LIMIT 1   [ RunTime:0.000783s ]
SQL: UPDATE `app_code` SET `uuid`='AD555B69-E05F-440F-8017-F8D6F2C5C55A',`binding`=0 WHERE ( `guid` = 'FBD28554EC0105185717D33AF9592F58' ) [ RunTime:0.000249s ]

[ 2016-03-02T16:01:56+08:00 ] 113.66.11.92 /index.php/Index/iscode/groupid/43C1549E222DE8BCFD975AEF5F44443A/username/dongya/password/123123/uuid/AD555B69-E05F-440F-8017-F8D6F2C5C55A
INFO: [ route_check ] --START--
INFO: CheckRoute Behavior ::run [ RunTime:0.001144s ]
INFO: [ route_check ] --END-- [ RunTime:0.001292s ]
INFO: [ app_begin ] --START--
INFO: ReadHtmlCache Behavior ::run [ RunTime:0.000623s ]
INFO: [ app_begin ] --END-- [ RunTime:0.000723s ]
SQL: SHOW COLUMNS FROM `app_code` [ RunTime:0.001908s ]
SQL: SELECT * FROM `app_code` WHERE ( username="dongya" and password="123123" and groupid="43C1549E222DE8BCFD975AEF5F44443A" ) LIMIT 1   [ RunTime:0.000746s ]
SQL: SHOW COLUMNS FROM `app_group` [ RunTime:0.001344s ]
SQL: SELECT * FROM `app_group` WHERE ( `guid` = '43C1549E222DE8BCFD975AEF5F44443A' ) LIMIT 1   [ RunTime:0.000637s ]
SQL: UPDATE `app_code` SET `uuid`='AD555B69-E05F-440F-8017-F8D6F2C5C55A',`binding`=0 WHERE ( `guid` = 'FBD28554EC0105185717D33AF9592F58' ) [ RunTime:0.000282s ]
NOTIC: [8] Undefined index:  type D:\PHPnow\htdocs\dongya\Lib\Action\IndexAction.class.php 第 74 行.

[ 2016-03-02T16:01:58+08:00 ] 113.66.11.92 /index.php/Index/iscode/groupid/43C1549E222DE8BCFD975AEF5F44443A/username/dongya/password/123123/uuid/AD555B69-E05F-440F-8017-F8D6F2C5C55A/type/updata
INFO: [ route_check ] --START--
INFO: CheckRoute Behavior ::run [ RunTime:0.000965s ]
INFO: [ route_check ] --END-- [ RunTime:0.001080s ]
INFO: [ app_begin ] --START--
INFO: ReadHtmlCache Behavior ::run [ RunTime:0.000625s ]
INFO: [ app_begin ] --END-- [ RunTime:0.000711s ]
SQL: SHOW COLUMNS FROM `app_code` [ RunTime:0.001781s ]
SQL: SELECT * FROM `app_code` WHERE ( username="dongya" and password="123123" and groupid="43C1549E222DE8BCFD975AEF5F44443A" ) LIMIT 1   [ RunTime:0.000943s ]
SQL: SHOW COLUMNS FROM `app_group` [ RunTime:0.001559s ]
SQL: SELECT * FROM `app_group` WHERE ( `guid` = '43C1549E222DE8BCFD975AEF5F44443A' ) LIMIT 1   [ RunTime:0.000760s ]
SQL: UPDATE `app_code` SET `uuid`='AD555B69-E05F-440F-8017-F8D6F2C5C55A',`binding`=0 WHERE ( `guid` = 'FBD28554EC0105185717D33AF9592F58' ) [ RunTime:0.000247s ]

[ 2016-03-02T16:03:49+08:00 ] 113.66.11.92 /index.php/Index/iscode/groupid/43C1549E222DE8BCFD975AEF5F44443A/username/dongya/password/123123/uuid/AD555B69-E05F-440F-8017-F8D6F2C5C55A
INFO: [ route_check ] --START--
INFO: CheckRoute Behavior ::run [ RunTime:0.002076s ]
INFO: [ route_check ] --END-- [ RunTime:0.002234s ]
INFO: [ app_begin ] --START--
INFO: ReadHtmlCache Behavior ::run [ RunTime:0.001083s ]
INFO: [ app_begin ] --END-- [ RunTime:0.001183s ]
SQL: SHOW COLUMNS FROM `app_code` [ RunTime:0.001884s ]
SQL: SELECT * FROM `app_code` WHERE ( username="dongya" and password="123123" and groupid="43C1549E222DE8BCFD975AEF5F44443A" ) LIMIT 1   [ RunTime:0.000782s ]
SQL: SHOW COLUMNS FROM `app_group` [ RunTime:0.001367s ]
SQL: SELECT * FROM `app_group` WHERE ( `guid` = '43C1549E222DE8BCFD975AEF5F44443A' ) LIMIT 1   [ RunTime:0.001052s ]
SQL: UPDATE `app_code` SET `uuid`='AD555B69-E05F-440F-8017-F8D6F2C5C55A',`binding`=0 WHERE ( `guid` = 'FBD28554EC0105185717D33AF9592F58' ) [ RunTime:0.000287s ]
NOTIC: [8] Undefined index:  type D:\PHPnow\htdocs\dongya\Lib\Action\IndexAction.class.php 第 74 行.

[ 2016-03-02T16:03:50+08:00 ] 113.66.11.92 /index.php/Index/iscode/groupid/43C1549E222DE8BCFD975AEF5F44443A/username/dongya/password/123123/uuid/AD555B69-E05F-440F-8017-F8D6F2C5C55A/type/updata
INFO: [ route_check ] --START--
INFO: CheckRoute Behavior ::run [ RunTime:0.000972s ]
INFO: [ route_check ] --END-- [ RunTime:0.001093s ]
INFO: [ app_begin ] --START--
INFO: ReadHtmlCache Behavior ::run [ RunTime:0.000621s ]
INFO: [ app_begin ] --END-- [ RunTime:0.000706s ]
SQL: SHOW COLUMNS FROM `app_code` [ RunTime:0.001644s ]
SQL: SELECT * FROM `app_code` WHERE ( username="dongya" and password="123123" and groupid="43C1549E222DE8BCFD975AEF5F44443A" ) LIMIT 1   [ RunTime:0.000711s ]
SQL: SHOW COLUMNS FROM `app_group` [ RunTime:0.001480s ]
SQL: SELECT * FROM `app_group` WHERE ( `guid` = '43C1549E222DE8BCFD975AEF5F44443A' ) LIMIT 1   [ RunTime:0.000638s ]
SQL: UPDATE `app_code` SET `uuid`='AD555B69-E05F-440F-8017-F8D6F2C5C55A',`binding`=0 WHERE ( `guid` = 'FBD28554EC0105185717D33AF9592F58' ) [ RunTime:0.000239s ]

[ 2016-03-02T16:03:55+08:00 ] 113.66.11.92 /index.php/Index/iscode/groupid/43C1549E222DE8BCFD975AEF5F44443A/username/dongya/password/123123/uuid/AD555B69-E05F-440F-8017-F8D6F2C5C55A/type/updata
INFO: [ route_check ] --START--
INFO: CheckRoute Behavior ::run [ RunTime:0.001068s ]
INFO: [ route_check ] --END-- [ RunTime:0.001198s ]
INFO: [ app_begin ] --START--
INFO: ReadHtmlCache Behavior ::run [ RunTime:0.000631s ]
INFO: [ app_begin ] --END-- [ RunTime:0.000715s ]
SQL: SHOW COLUMNS FROM `app_code` [ RunTime:0.001680s ]
SQL: SELECT * FROM `app_code` WHERE ( username="dongya" and password="123123" and groupid="43C1549E222DE8BCFD975AEF5F44443A" ) LIMIT 1   [ RunTime:0.000803s ]
SQL: SHOW COLUMNS FROM `app_group` [ RunTime:0.001337s ]
SQL: SELECT * FROM `app_group` WHERE ( `guid` = '43C1549E222DE8BCFD975AEF5F44443A' ) LIMIT 1   [ RunTime:0.000751s ]
SQL: UPDATE `app_code` SET `uuid`='AD555B69-E05F-440F-8017-F8D6F2C5C55A',`binding`=0 WHERE ( `guid` = 'FBD28554EC0105185717D33AF9592F58' ) [ RunTime:0.000248s ]

[ 2016-03-02T16:04:51+08:00 ] 113.66.11.92 /index.php/Index/iscode/groupid/FBD28554EC0105185717D33AF9592F58/username/dongya/password/123123/uuid/AD555B69-E05F-440F-8017-F8D6F2C5C55A
INFO: [ route_check ] --START--
INFO: CheckRoute Behavior ::run [ RunTime:0.001113s ]
INFO: [ route_check ] --END-- [ RunTime:0.001244s ]
INFO: [ app_begin ] --START--
INFO: ReadHtmlCache Behavior ::run [ RunTime:0.000646s ]
INFO: [ app_begin ] --END-- [ RunTime:0.000739s ]
SQL: SHOW COLUMNS FROM `app_code` [ RunTime:0.001859s ]
SQL: SELECT * FROM `app_code` WHERE ( username="dongya" and password="123123" and groupid="FBD28554EC0105185717D33AF9592F58" ) LIMIT 1   [ RunTime:0.000756s ]
SQL: SHOW COLUMNS FROM `app_group` [ RunTime:0.001520s ]
SQL: SELECT * FROM `app_group` LIMIT 1   [ RunTime:0.000668s ]

[ 2016-03-02T16:04:51+08:00 ] 113.66.11.92 /index.php/Index/iscode/groupid/FBD28554EC0105185717D33AF9592F58/username/dongya/password/123123/uuid/AD555B69-E05F-440F-8017-F8D6F2C5C55A/type/updata
INFO: [ route_check ] --START--
INFO: CheckRoute Behavior ::run [ RunTime:0.000978s ]
INFO: [ route_check ] --END-- [ RunTime:0.001084s ]
INFO: [ app_begin ] --START--
INFO: ReadHtmlCache Behavior ::run [ RunTime:0.000606s ]
INFO: [ app_begin ] --END-- [ RunTime:0.000688s ]
SQL: SHOW COLUMNS FROM `app_code` [ RunTime:0.001692s ]
SQL: SELECT * FROM `app_code` WHERE ( username="dongya" and password="123123" and groupid="FBD28554EC0105185717D33AF9592F58" ) LIMIT 1   [ RunTime:0.000723s ]
SQL: SHOW COLUMNS FROM `app_group` [ RunTime:0.001356s ]
SQL: SELECT * FROM `app_group` LIMIT 1   [ RunTime:0.000611s ]

[ 2016-03-02T16:04:54+08:00 ] 113.66.11.92 /index.php/Index/iscode/groupid/FBD28554EC0105185717D33AF9592F58/username/dongya/password/123123/uuid/AD555B69-E05F-440F-8017-F8D6F2C5C55A/type/updata
INFO: [ route_check ] --START--
INFO: CheckRoute Behavior ::run [ RunTime:0.000948s ]
INFO: [ route_check ] --END-- [ RunTime:0.001062s ]
INFO: [ app_begin ] --START--
INFO: ReadHtmlCache Behavior ::run [ RunTime:0.000608s ]
INFO: [ app_begin ] --END-- [ RunTime:0.000692s ]
SQL: SHOW COLUMNS FROM `app_code` [ RunTime:0.002187s ]
SQL: SELECT * FROM `app_code` WHERE ( username="dongya" and password="123123" and groupid="FBD28554EC0105185717D33AF9592F58" ) LIMIT 1   [ RunTime:0.000924s ]
SQL: SHOW COLUMNS FROM `app_group` [ RunTime:0.001517s ]
SQL: SELECT * FROM `app_group` LIMIT 1   [ RunTime:0.000725s ]

[ 2016-03-02T16:07:38+08:00 ] 113.66.11.92 /index.php/Index/iscode/groupid/43C1549E222DE8BCFD975AEF5F44443A/username/dongya/password/123123/uuid/AD555B69-E05F-440F-8017-F8D6F2C5C55A
INFO: [ route_check ] --START--
INFO: CheckRoute Behavior ::run [ RunTime:0.001395s ]
INFO: [ route_check ] --END-- [ RunTime:0.001511s ]
INFO: [ app_begin ] --START--
INFO: ReadHtmlCache Behavior ::run [ RunTime:0.001002s ]
INFO: [ app_begin ] --END-- [ RunTime:0.001088s ]
SQL: SHOW COLUMNS FROM `app_code` [ RunTime:0.001668s ]
SQL: SELECT * FROM `app_code` WHERE ( username="dongya" and password="123123" and groupid="43C1549E222DE8BCFD975AEF5F44443A" ) LIMIT 1   [ RunTime:0.000696s ]
SQL: SHOW COLUMNS FROM `app_group` [ RunTime:0.001310s ]
SQL: SELECT * FROM `app_group` WHERE ( `guid` = '43C1549E222DE8BCFD975AEF5F44443A' ) LIMIT 1   [ RunTime:0.000619s ]
SQL: UPDATE `app_code` SET `uuid`='AD555B69-E05F-440F-8017-F8D6F2C5C55A',`binding`=0 WHERE ( `guid` = 'FBD28554EC0105185717D33AF9592F58' ) [ RunTime:0.000243s ]
NOTIC: [8] Undefined index:  type D:\PHPnow\htdocs\dongya\Lib\Action\IndexAction.class.php 第 74 行.

[ 2016-03-02T16:07:38+08:00 ] 113.66.11.92 /index.php/Index/iscode/groupid/43C1549E222DE8BCFD975AEF5F44443A/username/dongya/password/123123/uuid/AD555B69-E05F-440F-8017-F8D6F2C5C55A/type/updata
INFO: [ route_check ] --START--
INFO: CheckRoute Behavior ::run [ RunTime:0.000998s ]
INFO: [ route_check ] --END-- [ RunTime:0.001126s ]
INFO: [ app_begin ] --START--
INFO: ReadHtmlCache Behavior ::run [ RunTime:0.000640s ]
INFO: [ app_begin ] --END-- [ RunTime:0.000725s ]
SQL: SHOW COLUMNS FROM `app_code` [ RunTime:0.001704s ]
SQL: SELECT * FROM `app_code` WHERE ( username="dongya" and password="123123" and groupid="43C1549E222DE8BCFD975AEF5F44443A" ) LIMIT 1   [ RunTime:0.000746s ]
SQL: SHOW COLUMNS FROM `app_group` [ RunTime:0.001368s ]
SQL: SELECT * FROM `app_group` WHERE ( `guid` = '43C1549E222DE8BCFD975AEF5F44443A' ) LIMIT 1   [ RunTime:0.000637s ]
SQL: UPDATE `app_code` SET `uuid`='AD555B69-E05F-440F-8017-F8D6F2C5C55A',`binding`=0 WHERE ( `guid` = 'FBD28554EC0105185717D33AF9592F58' ) [ RunTime:0.000246s ]

[ 2016-03-02T16:07:45+08:00 ] 113.66.11.92 /index.php/Index/iscode/groupid/43C1549E222DE8BCFD975AEF5F44443A/username/dongya/password/123123/uuid/AD555B69-E05F-440F-8017-F8D6F2C5C55A/type/updata
INFO: [ route_check ] --START--
INFO: CheckRoute Behavior ::run [ RunTime:0.000943s ]
INFO: [ route_check ] --END-- [ RunTime:0.001052s ]
INFO: [ app_begin ] --START--
INFO: ReadHtmlCache Behavior ::run [ RunTime:0.000611s ]
INFO: [ app_begin ] --END-- [ RunTime:0.000695s ]
SQL: SHOW COLUMNS FROM `app_code` [ RunTime:0.001970s ]
SQL: SELECT * FROM `app_code` WHERE ( username="dongya" and password="123123" and groupid="43C1549E222DE8BCFD975AEF5F44443A" ) LIMIT 1   [ RunTime:0.000741s ]
SQL: SHOW COLUMNS FROM `app_group` [ RunTime:0.001285s ]
SQL: SELECT * FROM `app_group` WHERE ( `guid` = '43C1549E222DE8BCFD975AEF5F44443A' ) LIMIT 1   [ RunTime:0.001011s ]
SQL: UPDATE `app_code` SET `uuid`='AD555B69-E05F-440F-8017-F8D6F2C5C55A',`binding`=0 WHERE ( `guid` = 'FBD28554EC0105185717D33AF9592F58' ) [ RunTime:0.000382s ]

[ 2016-03-02T16:09:13+08:00 ] 113.66.11.92 /index.php/Index/iscode/groupid/43C1549E222DE8BCFD975AEF5F44443A/username/dongya/password/123123/uuid/AD555B69-E05F-440F-8017-F8D6F2C5C55A
INFO: [ route_check ] --START--
INFO: CheckRoute Behavior ::run [ RunTime:0.001047s ]
INFO: [ route_check ] --END-- [ RunTime:0.001165s ]
INFO: [ app_begin ] --START--
INFO: ReadHtmlCache Behavior ::run [ RunTime:0.000615s ]
INFO: [ app_begin ] --END-- [ RunTime:0.000703s ]
SQL: SHOW COLUMNS FROM `app_code` [ RunTime:0.002734s ]
SQL: SELECT * FROM `app_code` WHERE ( username="dongya" and password="123123" and groupid="43C1549E222DE8BCFD975AEF5F44443A" ) LIMIT 1   [ RunTime:0.000773s ]
SQL: SHOW COLUMNS FROM `app_group` [ RunTime:0.001565s ]
SQL: SELECT * FROM `app_group` WHERE ( `guid` = '43C1549E222DE8BCFD975AEF5F44443A' ) LIMIT 1   [ RunTime:0.000882s ]
SQL: UPDATE `app_code` SET `uuid`='AD555B69-E05F-440F-8017-F8D6F2C5C55A',`binding`=0 WHERE ( `guid` = 'FBD28554EC0105185717D33AF9592F58' ) [ RunTime:0.000261s ]
NOTIC: [8] Undefined index:  type D:\PHPnow\htdocs\dongya\Lib\Action\IndexAction.class.php 第 74 行.

[ 2016-03-02T16:09:14+08:00 ] 113.66.11.92 /index.php/Index/iscode/groupid/43C1549E222DE8BCFD975AEF5F44443A/username/dongya/password/123123/uuid/AD555B69-E05F-440F-8017-F8D6F2C5C55A/type/updata
INFO: [ route_check ] --START--
INFO: CheckRoute Behavior ::run [ RunTime:0.000958s ]
INFO: [ route_check ] --END-- [ RunTime:0.001077s ]
INFO: [ app_begin ] --START--
INFO: ReadHtmlCache Behavior ::run [ RunTime:0.000645s ]
INFO: [ app_begin ] --END-- [ RunTime:0.000730s ]
SQL: SHOW COLUMNS FROM `app_code` [ RunTime:0.001745s ]
SQL: SELECT * FROM `app_code` WHERE ( username="dongya" and password="123123" and groupid="43C1549E222DE8BCFD975AEF5F44443A" ) LIMIT 1   [ RunTime:0.000818s ]
SQL: SHOW COLUMNS FROM `app_group` [ RunTime:0.001337s ]
SQL: SELECT * FROM `app_group` WHERE ( `guid` = '43C1549E222DE8BCFD975AEF5F44443A' ) LIMIT 1   [ RunTime:0.000639s ]
SQL: UPDATE `app_code` SET `uuid`='AD555B69-E05F-440F-8017-F8D6F2C5C55A',`binding`=0 WHERE ( `guid` = 'FBD28554EC0105185717D33AF9592F58' ) [ RunTime:0.000241s ]

[ 2016-03-02T16:09:16+08:00 ] 113.66.11.92 /index.php/Index/iscode/groupid/43C1549E222DE8BCFD975AEF5F44443A/username/dongya/password/123123/uuid/AD555B69-E05F-440F-8017-F8D6F2C5C55A/type/updata
INFO: [ route_check ] --START--
INFO: CheckRoute Behavior ::run [ RunTime:0.001046s ]
INFO: [ route_check ] --END-- [ RunTime:0.001176s ]
INFO: [ app_begin ] --START--
INFO: ReadHtmlCache Behavior ::run [ RunTime:0.000622s ]
INFO: [ app_begin ] --END-- [ RunTime:0.000726s ]
SQL: SHOW COLUMNS FROM `app_code` [ RunTime:0.001850s ]
SQL: SELECT * FROM `app_code` WHERE ( username="dongya" and password="123123" and groupid="43C1549E222DE8BCFD975AEF5F44443A" ) LIMIT 1   [ RunTime:0.000830s ]
SQL: SHOW COLUMNS FROM `app_group` [ RunTime:0.001647s ]
SQL: SELECT * FROM `app_group` WHERE ( `guid` = '43C1549E222DE8BCFD975AEF5F44443A' ) LIMIT 1   [ RunTime:0.000688s ]
SQL: UPDATE `app_code` SET `uuid`='AD555B69-E05F-440F-8017-F8D6F2C5C55A',`binding`=0 WHERE ( `guid` = 'FBD28554EC0105185717D33AF9592F58' ) [ RunTime:0.000271s ]

[ 2016-03-02T16:09:34+08:00 ] 113.66.11.92 /index.php/Index/iscode/groupid/43C1549E222DE8BCFD975AEF5F44443A/username/dongya/password/123123/uuid/AD555B69-E05F-440F-8017-F8D6F2C5C55A
INFO: [ route_check ] --START--
INFO: CheckRoute Behavior ::run [ RunTime:0.000973s ]
INFO: [ route_check ] --END-- [ RunTime:0.001081s ]
INFO: [ app_begin ] --START--
INFO: ReadHtmlCache Behavior ::run [ RunTime:0.000601s ]
INFO: [ app_begin ] --END-- [ RunTime:0.000688s ]
SQL: SHOW COLUMNS FROM `app_code` [ RunTime:0.001638s ]
SQL: SELECT * FROM `app_code` WHERE ( username="dongya" and password="123123" and groupid="43C1549E222DE8BCFD975AEF5F44443A" ) LIMIT 1   [ RunTime:0.000705s ]
SQL: SHOW COLUMNS FROM `app_group` [ RunTime:0.001300s ]
SQL: SELECT * FROM `app_group` WHERE ( `guid` = '43C1549E222DE8BCFD975AEF5F44443A' ) LIMIT 1   [ RunTime:0.000631s ]
SQL: UPDATE `app_code` SET `uuid`='AD555B69-E05F-440F-8017-F8D6F2C5C55A',`binding`=0 WHERE ( `guid` = 'FBD28554EC0105185717D33AF9592F58' ) [ RunTime:0.000247s ]
NOTIC: [8] Undefined index:  type D:\PHPnow\htdocs\dongya\Lib\Action\IndexAction.class.php 第 74 行.

[ 2016-03-02T16:09:34+08:00 ] 113.66.11.92 /index.php/Index/iscode/groupid/43C1549E222DE8BCFD975AEF5F44443A/username/dongya/password/123123/uuid/AD555B69-E05F-440F-8017-F8D6F2C5C55A/type/updata
INFO: [ route_check ] --START--
INFO: CheckRoute Behavior ::run [ RunTime:0.000931s ]
INFO: [ route_check ] --END-- [ RunTime:0.001039s ]
INFO: [ app_begin ] --START--
INFO: ReadHtmlCache Behavior ::run [ RunTime:0.000602s ]
INFO: [ app_begin ] --END-- [ RunTime:0.000688s ]
SQL: SHOW COLUMNS FROM `app_code` [ RunTime:0.001596s ]
SQL: SELECT * FROM `app_code` WHERE ( username="dongya" and password="123123" and groupid="43C1549E222DE8BCFD975AEF5F44443A" ) LIMIT 1   [ RunTime:0.000713s ]
SQL: SHOW COLUMNS FROM `app_group` [ RunTime:0.001330s ]
SQL: SELECT * FROM `app_group` WHERE ( `guid` = '43C1549E222DE8BCFD975AEF5F44443A' ) LIMIT 1   [ RunTime:0.000651s ]
SQL: UPDATE `app_code` SET `uuid`='AD555B69-E05F-440F-8017-F8D6F2C5C55A',`binding`=0 WHERE ( `guid` = 'FBD28554EC0105185717D33AF9592F58' ) [ RunTime:0.000259s ]

[ 2016-03-02T16:09:41+08:00 ] 113.66.11.92 /index.php/Index/iscode/groupid/43C1549E222DE8BCFD975AEF5F44443A/username/dongya/password/123123/uuid/AD555B69-E05F-440F-8017-F8D6F2C5C55A/type/updata
INFO: [ route_check ] --START--
INFO: CheckRoute Behavior ::run [ RunTime:0.001439s ]
INFO: [ route_check ] --END-- [ RunTime:0.001574s ]
INFO: [ app_begin ] --START--
INFO: ReadHtmlCache Behavior ::run [ RunTime:0.001017s ]
INFO: [ app_begin ] --END-- [ RunTime:0.001104s ]
SQL: SHOW COLUMNS FROM `app_code` [ RunTime:0.001769s ]
SQL: SELECT * FROM `app_code` WHERE ( username="dongya" and password="123123" and groupid="43C1549E222DE8BCFD975AEF5F44443A" ) LIMIT 1   [ RunTime:0.000712s ]
SQL: SHOW COLUMNS FROM `app_group` [ RunTime:0.001287s ]
SQL: SELECT * FROM `app_group` WHERE ( `guid` = '43C1549E222DE8BCFD975AEF5F44443A' ) LIMIT 1   [ RunTime:0.000780s ]
SQL: UPDATE `app_code` SET `uuid`='AD555B69-E05F-440F-8017-F8D6F2C5C55A',`binding`=0 WHERE ( `guid` = 'FBD28554EC0105185717D33AF9592F58' ) [ RunTime:0.000269s ]

[ 2016-03-02T16:10:49+08:00 ] 113.66.11.92 /index.php/Index/iscode/groupid/43C1549E222DE8BCFD975AEF5F44443A/username/dongya/password/123123/uuid/FF59E84A-CAC4-417D-8569-DE6D1C62176F
INFO: [ route_check ] --START--
INFO: CheckRoute Behavior ::run [ RunTime:0.001117s ]
INFO: [ route_check ] --END-- [ RunTime:0.001247s ]
INFO: [ app_begin ] --START--
INFO: ReadHtmlCache Behavior ::run [ RunTime:0.000655s ]
INFO: [ app_begin ] --END-- [ RunTime:0.000753s ]
SQL: SHOW COLUMNS FROM `app_code` [ RunTime:0.001761s ]
SQL: SELECT * FROM `app_code` WHERE ( username="dongya" and password="123123" and groupid="43C1549E222DE8BCFD975AEF5F44443A" ) LIMIT 1   [ RunTime:0.000875s ]
SQL: SHOW COLUMNS FROM `app_group` [ RunTime:0.001343s ]
SQL: SELECT * FROM `app_group` WHERE ( `guid` = '43C1549E222DE8BCFD975AEF5F44443A' ) LIMIT 1   [ RunTime:0.000751s ]
SQL: UPDATE `app_code` SET `uuid`='FF59E84A-CAC4-417D-8569-DE6D1C62176F',`binding`=0 WHERE ( `guid` = 'FBD28554EC0105185717D33AF9592F58' ) [ RunTime:0.000304s ]
NOTIC: [8] Undefined index:  type D:\PHPnow\htdocs\dongya\Lib\Action\IndexAction.class.php 第 74 行.

[ 2016-03-02T16:10:50+08:00 ] 113.66.11.92 /index.php/Index/iscode/groupid/43C1549E222DE8BCFD975AEF5F44443A/username/dongya/password/123123/uuid/FF59E84A-CAC4-417D-8569-DE6D1C62176F/type/updata
INFO: [ route_check ] --START--
INFO: CheckRoute Behavior ::run [ RunTime:0.001320s ]
INFO: [ route_check ] --END-- [ RunTime:0.001458s ]
INFO: [ app_begin ] --START--
INFO: ReadHtmlCache Behavior ::run [ RunTime:0.000854s ]
INFO: [ app_begin ] --END-- [ RunTime:0.000970s ]
SQL: SHOW COLUMNS FROM `app_code` [ RunTime:0.001635s ]
SQL: SELECT * FROM `app_code` WHERE ( username="dongya" and password="123123" and groupid="43C1549E222DE8BCFD975AEF5F44443A" ) LIMIT 1   [ RunTime:0.000719s ]
SQL: SHOW COLUMNS FROM `app_group` [ RunTime:0.001345s ]
SQL: SELECT * FROM `app_group` WHERE ( `guid` = '43C1549E222DE8BCFD975AEF5F44443A' ) LIMIT 1   [ RunTime:0.000654s ]
SQL: UPDATE `app_code` SET `uuid`='FF59E84A-CAC4-417D-8569-DE6D1C62176F',`binding`=0 WHERE ( `guid` = 'FBD28554EC0105185717D33AF9592F58' ) [ RunTime:0.000247s ]

[ 2016-03-02T16:11:07+08:00 ] 113.66.11.92 /index.php/Index/iscode/groupid/43C1549E222DE8BCFD975AEF5F44443A/username/dongya/password/123123/uuid/FF59E84A-CAC4-417D-8569-DE6D1C62176F/type/updata
INFO: [ route_check ] --START--
INFO: CheckRoute Behavior ::run [ RunTime:0.001338s ]
INFO: [ route_check ] --END-- [ RunTime:0.001460s ]
INFO: [ app_begin ] --START--
INFO: ReadHtmlCache Behavior ::run [ RunTime:0.001013s ]
INFO: [ app_begin ] --END-- [ RunTime:0.001124s ]
SQL: SHOW COLUMNS FROM `app_code` [ RunTime:0.002531s ]
SQL: SELECT * FROM `app_code` WHERE ( username="dongya" and password="123123" and groupid="43C1549E222DE8BCFD975AEF5F44443A" ) LIMIT 1   [ RunTime:0.000776s ]
SQL: SHOW COLUMNS FROM `app_group` [ RunTime:0.001389s ]
SQL: SELECT * FROM `app_group` WHERE ( `guid` = '43C1549E222DE8BCFD975AEF5F44443A' ) LIMIT 1   [ RunTime:0.000646s ]
SQL: UPDATE `app_code` SET `uuid`='FF59E84A-CAC4-417D-8569-DE6D1C62176F',`binding`=0 WHERE ( `guid` = 'FBD28554EC0105185717D33AF9592F58' ) [ RunTime:0.000245s ]

[ 2016-03-02T16:11:33+08:00 ] 113.66.11.92 /index.php/Index/iscode/groupid/43C1549E222DE8BCFD975AEF5F44443A/username/dongya/password/123123/uuid/FF59E84A-CAC4-417D-8569-DE6D1C62176F
INFO: [ route_check ] --START--
INFO: CheckRoute Behavior ::run [ RunTime:0.000992s ]
INFO: [ route_check ] --END-- [ RunTime:0.001120s ]
INFO: [ app_begin ] --START--
INFO: ReadHtmlCache Behavior ::run [ RunTime:0.000668s ]
INFO: [ app_begin ] --END-- [ RunTime:0.000754s ]
SQL: SHOW COLUMNS FROM `app_code` [ RunTime:0.002060s ]
SQL: SELECT * FROM `app_code` WHERE ( username="dongya" and password="123123" and groupid="43C1549E222DE8BCFD975AEF5F44443A" ) LIMIT 1   [ RunTime:0.000755s ]
SQL: SHOW COLUMNS FROM `app_group` [ RunTime:0.001363s ]
SQL: SELECT * FROM `app_group` WHERE ( `guid` = '43C1549E222DE8BCFD975AEF5F44443A' ) LIMIT 1   [ RunTime:0.000689s ]
SQL: UPDATE `app_code` SET `uuid`='FF59E84A-CAC4-417D-8569-DE6D1C62176F',`binding`=0 WHERE ( `guid` = 'FBD28554EC0105185717D33AF9592F58' ) [ RunTime:0.000340s ]
NOTIC: [8] Undefined index:  type D:\PHPnow\htdocs\dongya\Lib\Action\IndexAction.class.php 第 74 行.

[ 2016-03-02T16:11:34+08:00 ] 113.66.11.92 /index.php/Index/iscode/groupid/43C1549E222DE8BCFD975AEF5F44443A/username/dongya/password/123123/uuid/FF59E84A-CAC4-417D-8569-DE6D1C62176F/type/updata
INFO: [ route_check ] --START--
INFO: CheckRoute Behavior ::run [ RunTime:0.001268s ]
INFO: [ route_check ] --END-- [ RunTime:0.001418s ]
INFO: [ app_begin ] --START--
INFO: ReadHtmlCache Behavior ::run [ RunTime:0.000644s ]
INFO: [ app_begin ] --END-- [ RunTime:0.000730s ]
SQL: SHOW COLUMNS FROM `app_code` [ RunTime:0.002122s ]
SQL: SELECT * FROM `app_code` WHERE ( username="dongya" and password="123123" and groupid="43C1549E222DE8BCFD975AEF5F44443A" ) LIMIT 1   [ RunTime:0.000765s ]
SQL: SHOW COLUMNS FROM `app_group` [ RunTime:0.001343s ]
SQL: SELECT * FROM `app_group` WHERE ( `guid` = '43C1549E222DE8BCFD975AEF5F44443A' ) LIMIT 1   [ RunTime:0.000646s ]
SQL: UPDATE `app_code` SET `uuid`='FF59E84A-CAC4-417D-8569-DE6D1C62176F',`binding`=0 WHERE ( `guid` = 'FBD28554EC0105185717D33AF9592F58' ) [ RunTime:0.000252s ]

[ 2016-03-02T16:12:09+08:00 ] 113.66.11.92 /index.php/Index/iscode/groupid/43C1549E222DE8BCFD975AEF5F44443A/username/dongya/password/123123/uuid/FF59E84A-CAC4-417D-8569-DE6D1C62176F/type/updata
INFO: [ route_check ] --START--
INFO: CheckRoute Behavior ::run [ RunTime:0.000980s ]
INFO: [ route_check ] --END-- [ RunTime:0.001105s ]
INFO: [ app_begin ] --START--
INFO: ReadHtmlCache Behavior ::run [ RunTime:0.000626s ]
INFO: [ app_begin ] --END-- [ RunTime:0.000711s ]
SQL: SHOW COLUMNS FROM `app_code` [ RunTime:0.001712s ]
SQL: SELECT * FROM `app_code` WHERE ( username="dongya" and password="123123" and groupid="43C1549E222DE8BCFD975AEF5F44443A" ) LIMIT 1   [ RunTime:0.000719s ]
SQL: SHOW COLUMNS FROM `app_group` [ RunTime:0.001292s ]
SQL: SELECT * FROM `app_group` WHERE ( `guid` = '43C1549E222DE8BCFD975AEF5F44443A' ) LIMIT 1   [ RunTime:0.000657s ]
SQL: UPDATE `app_code` SET `uuid`='FF59E84A-CAC4-417D-8569-DE6D1C62176F',`binding`=0 WHERE ( `guid` = 'FBD28554EC0105185717D33AF9592F58' ) [ RunTime:0.000244s ]

[ 2016-03-02T16:18:36+08:00 ] 113.66.11.92 /index.php/Index/iscode/groupid/43C1549E222DE8BCFD975AEF5F44443A/username/dongya/password/123123/uuid/D88D9734-A710-4480-A4BF-0850E8C0D4A5
INFO: [ route_check ] --START--
INFO: CheckRoute Behavior ::run [ RunTime:0.001369s ]
INFO: [ route_check ] --END-- [ RunTime:0.001523s ]
INFO: [ app_begin ] --START--
INFO: ReadHtmlCache Behavior ::run [ RunTime:0.000995s ]
INFO: [ app_begin ] --END-- [ RunTime:0.001083s ]
SQL: SHOW COLUMNS FROM `app_code` [ RunTime:0.001747s ]
SQL: SELECT * FROM `app_code` WHERE ( username="dongya" and password="123123" and groupid="43C1549E222DE8BCFD975AEF5F44443A" ) LIMIT 1   [ RunTime:0.000725s ]
SQL: SHOW COLUMNS FROM `app_group` [ RunTime:0.001308s ]
SQL: SELECT * FROM `app_group` WHERE ( `guid` = '43C1549E222DE8BCFD975AEF5F44443A' ) LIMIT 1   [ RunTime:0.000619s ]
SQL: UPDATE `app_code` SET `uuid`='D88D9734-A710-4480-A4BF-0850E8C0D4A5',`binding`=0 WHERE ( `guid` = 'FBD28554EC0105185717D33AF9592F58' ) [ RunTime:0.000255s ]
NOTIC: [8] Undefined index:  type D:\PHPnow\htdocs\dongya\Lib\Action\IndexAction.class.php 第 74 行.

[ 2016-03-02T16:18:37+08:00 ] 113.66.11.92 /index.php/Uploadprohot
INFO: [ route_check ] --START--
INFO: CheckRoute Behavior ::run [ RunTime:0.000928s ]
INFO: [ route_check ] --END-- [ RunTime:0.001037s ]
INFO: [ app_begin ] --START--
INFO: ReadHtmlCache Behavior ::run [ RunTime:0.000610s ]
INFO: [ app_begin ] --END-- [ RunTime:0.000693s ]

[ 2016-03-02T16:18:37+08:00 ] 113.66.11.92 /index.php/Index/iscode/groupid/43C1549E222DE8BCFD975AEF5F44443A/username/dongya/password/123123/uuid/D88D9734-A710-4480-A4BF-0850E8C0D4A5/type/updata
INFO: [ route_check ] --START--
INFO: CheckRoute Behavior ::run [ RunTime:0.000935s ]
INFO: [ route_check ] --END-- [ RunTime:0.001067s ]
INFO: [ app_begin ] --START--
INFO: ReadHtmlCache Behavior ::run [ RunTime:0.001687s ]
INFO: [ app_begin ] --END-- [ RunTime:0.001773s ]
SQL: SHOW COLUMNS FROM `app_code` [ RunTime:0.001807s ]
SQL: SELECT * FROM `app_code` WHERE ( username="dongya" and password="123123" and groupid="43C1549E222DE8BCFD975AEF5F44443A" ) LIMIT 1   [ RunTime:0.000724s ]
SQL: SHOW COLUMNS FROM `app_group` [ RunTime:0.001697s ]
SQL: SELECT * FROM `app_group` WHERE ( `guid` = '43C1549E222DE8BCFD975AEF5F44443A' ) LIMIT 1   [ RunTime:0.000727s ]
SQL: UPDATE `app_code` SET `uuid`='D88D9734-A710-4480-A4BF-0850E8C0D4A5',`binding`=0 WHERE ( `guid` = 'FBD28554EC0105185717D33AF9592F58' ) [ RunTime:0.000262s ]

[ 2016-03-02T17:09:59+08:00 ] 113.66.11.92 /index.php/Index/iscode/groupid/43C1549E222DE8BCFD975AEF5F44443A/username/dyapple/password/dyapple/uuid/FF59E84A-CAC4-417D-8569-DE6D1C62176F
INFO: [ route_check ] --START--
INFO: CheckRoute Behavior ::run [ RunTime:0.003878s ]
INFO: [ route_check ] --END-- [ RunTime:0.004004s ]
INFO: [ app_begin ] --START--
INFO: ReadHtmlCache Behavior ::run [ RunTime:0.002281s ]
INFO: [ app_begin ] --END-- [ RunTime:0.002466s ]
SQL: SHOW COLUMNS FROM `app_code` [ RunTime:0.018884s ]
SQL: SELECT * FROM `app_code` WHERE ( username="dyapple" and password="dyapple" and groupid="43C1549E222DE8BCFD975AEF5F44443A" ) LIMIT 1   [ RunTime:0.000896s ]
SQL: SHOW COLUMNS FROM `app_group` [ RunTime:0.048950s ]
SQL: SELECT * FROM `app_group` WHERE ( `guid` = '43C1549E222DE8BCFD975AEF5F44443A' ) LIMIT 1   [ RunTime:0.000876s ]
SQL: UPDATE `app_code` SET `uuid`='FF59E84A-CAC4-417D-8569-DE6D1C62176F',`binding`=0 WHERE ( `guid` = '458F36224D0DF3409E492D7F15A3D4CB' ) [ RunTime:0.000339s ]
NOTIC: [8] Undefined index:  type D:\PHPnow\htdocs\dongya\Lib\Action\IndexAction.class.php 第 74 行.

[ 2016-03-02T17:10:00+08:00 ] 113.66.11.92 /index.php/Index/iscode/groupid/43C1549E222DE8BCFD975AEF5F44443A/username/dyapple/password/dyapple/uuid/FF59E84A-CAC4-417D-8569-DE6D1C62176F/type/updata
INFO: [ route_check ] --START--
INFO: CheckRoute Behavior ::run [ RunTime:0.000966s ]
INFO: [ route_check ] --END-- [ RunTime:0.001080s ]
INFO: [ app_begin ] --START--
INFO: ReadHtmlCache Behavior ::run [ RunTime:0.000630s ]
INFO: [ app_begin ] --END-- [ RunTime:0.000715s ]
SQL: SHOW COLUMNS FROM `app_code` [ RunTime:0.001870s ]
SQL: SELECT * FROM `app_code` WHERE ( username="dyapple" and password="dyapple" and groupid="43C1549E222DE8BCFD975AEF5F44443A" ) LIMIT 1   [ RunTime:0.000769s ]
SQL: SHOW COLUMNS FROM `app_group` [ RunTime:0.001607s ]
SQL: SELECT * FROM `app_group` WHERE ( `guid` = '43C1549E222DE8BCFD975AEF5F44443A' ) LIMIT 1   [ RunTime:0.000643s ]
SQL: UPDATE `app_code` SET `uuid`='FF59E84A-CAC4-417D-8569-DE6D1C62176F',`binding`=0 WHERE ( `guid` = '458F36224D0DF3409E492D7F15A3D4CB' ) [ RunTime:0.000247s ]

[ 2016-03-02T17:10:05+08:00 ] 113.66.11.92 /index.php/Index/iscode/groupid/43C1549E222DE8BCFD975AEF5F44443A/username/dyapple/password/dyapple/uuid/FF59E84A-CAC4-417D-8569-DE6D1C62176F/type/updata
INFO: [ route_check ] --START--
INFO: CheckRoute Behavior ::run [ RunTime:0.000998s ]
INFO: [ route_check ] --END-- [ RunTime:0.001112s ]
INFO: [ app_begin ] --START--
INFO: ReadHtmlCache Behavior ::run [ RunTime:0.000629s ]
INFO: [ app_begin ] --END-- [ RunTime:0.000728s ]
SQL: SHOW COLUMNS FROM `app_code` [ RunTime:0.002077s ]
SQL: SELECT * FROM `app_code` WHERE ( username="dyapple" and password="dyapple" and groupid="43C1549E222DE8BCFD975AEF5F44443A" ) LIMIT 1   [ RunTime:0.000803s ]
SQL: SHOW COLUMNS FROM `app_group` [ RunTime:0.001569s ]
SQL: SELECT * FROM `app_group` WHERE ( `guid` = '43C1549E222DE8BCFD975AEF5F44443A' ) LIMIT 1   [ RunTime:0.000685s ]
SQL: UPDATE `app_code` SET `uuid`='FF59E84A-CAC4-417D-8569-DE6D1C62176F',`binding`=0 WHERE ( `guid` = '458F36224D0DF3409E492D7F15A3D4CB' ) [ RunTime:0.000252s ]

