[ 2016-04-14T00:21:36+08:00 ] 171.81.248.129 /index.php/Index/iscode/groupid/43C1549E222DE8BCFD975AEF5F44443A/username/dongya015/password/12345678/uuid/A23A7494-6183-4E0B-8CCE-79A411DF8701
INFO: [ route_check ] --START--
INFO: CheckRoute Behavior ::run [ RunTime:0.001357s ]
INFO: [ route_check ] --END-- [ RunTime:0.001469s ]
INFO: [ app_begin ] --START--
INFO: ReadHtmlCache Behavior ::run [ RunTime:0.001395s ]
INFO: [ app_begin ] --END-- [ RunTime:0.001483s ]
SQL: SHOW COLUMNS FROM `app_code` [ RunTime:0.002038s ]
SQL: SELECT * FROM `app_code` WHERE ( username="dongya015" and password="12345678" and groupid="43C1549E222DE8BCFD975AEF5F44443A" ) LIMIT 1   [ RunTime:0.000759s ]
SQL: SHOW COLUMNS FROM `app_group` [ RunTime:0.001549s ]
SQL: SELECT * FROM `app_group` WHERE ( `guid` = '43C1549E222DE8BCFD975AEF5F44443A' ) LIMIT 1   [ RunTime:0.000653s ]
SQL: UPDATE `app_code` SET `uuid`='A23A7494-6183-4E0B-8CCE-79A411DF8701',`binding`=0 WHERE ( `guid` = '3816EC48214D465BB7FF219AC09651E6' ) [ RunTime:0.000246s ]
NOTIC: [8] Undefined index:  type D:\PHPnow\htdocs\dongya\Lib\Action\IndexAction.class.php 第 74 行.

[ 2016-04-14T00:22:37+08:00 ] 171.81.248.129 /index.php/Uploadprohot
INFO: [ route_check ] --START--
INFO: CheckRoute Behavior ::run [ RunTime:0.001065s ]
INFO: [ route_check ] --END-- [ RunTime:0.001188s ]
INFO: [ app_begin ] --START--
INFO: ReadHtmlCache Behavior ::run [ RunTime:0.000612s ]
INFO: [ app_begin ] --END-- [ RunTime:0.000697s ]
SQL: SHOW COLUMNS FROM `app_pro` [ RunTime:0.002191s ]
SQL: SELECT * FROM `app_pro` WHERE ( guid="EB8B4CF480F60F49EF80DA55B26C4899" ) LIMIT 1   [ RunTime:0.000807s ]
SQL: UPDATE `app_pro` SET `hot`=10 WHERE ( `guid` = 'EB8B4CF480F60F49EF80DA55B26C4899' ) [ RunTime:0.000310s ]
SQL: SELECT * FROM `app_pro` WHERE ( guid="042F0F252A3462108D63D96784ED3174" ) LIMIT 1   [ RunTime:0.000282s ]
SQL: UPDATE `app_pro` SET `hot`=19 WHERE ( `guid` = '042F0F252A3462108D63D96784ED3174' ) [ RunTime:0.000231s ]
SQL: SELECT * FROM `app_pro` WHERE ( guid="3DE93F1B9FFE45308C4E8BE76D22D23B" ) LIMIT 1   [ RunTime:0.000273s ]
SQL: UPDATE `app_pro` SET `hot`=5 WHERE ( `guid` = '3DE93F1B9FFE45308C4E8BE76D22D23B' ) [ RunTime:0.000230s ]

[ 2016-04-14T00:22:37+08:00 ] 171.81.248.129 /index.php/Index/iscode/groupid/43C1549E222DE8BCFD975AEF5F44443A/username/dongya015/password/12345678/uuid/A23A7494-6183-4E0B-8CCE-79A411DF8701/type/updata
INFO: [ route_check ] --START--
INFO: CheckRoute Behavior ::run [ RunTime:0.001768s ]
INFO: [ route_check ] --END-- [ RunTime:0.001886s ]
INFO: [ app_begin ] --START--
INFO: ReadHtmlCache Behavior ::run [ RunTime:0.001025s ]
INFO: [ app_begin ] --END-- [ RunTime:0.001113s ]
SQL: SHOW COLUMNS FROM `app_code` [ RunTime:0.001742s ]
SQL: SELECT * FROM `app_code` WHERE ( username="dongya015" and password="12345678" and groupid="43C1549E222DE8BCFD975AEF5F44443A" ) LIMIT 1   [ RunTime:0.000748s ]
SQL: SHOW COLUMNS FROM `app_group` [ RunTime:0.001307s ]
SQL: SELECT * FROM `app_group` WHERE ( `guid` = '43C1549E222DE8BCFD975AEF5F44443A' ) LIMIT 1   [ RunTime:0.000739s ]
SQL: UPDATE `app_code` SET `uuid`='A23A7494-6183-4E0B-8CCE-79A411DF8701',`binding`=0 WHERE ( `guid` = '3816EC48214D465BB7FF219AC09651E6' ) [ RunTime:0.000244s ]

[ 2016-04-14T00:30:54+08:00 ] 171.81.248.129 /index.php/Index/iscode/groupid/43C1549E222DE8BCFD975AEF5F44443A/username/dongya015/password/12345678/uuid/A23A7494-6183-4E0B-8CCE-79A411DF8701/type/updata
INFO: [ route_check ] --START--
INFO: CheckRoute Behavior ::run [ RunTime:0.001964s ]
INFO: [ route_check ] --END-- [ RunTime:0.002114s ]
INFO: [ app_begin ] --START--
INFO: ReadHtmlCache Behavior ::run [ RunTime:0.001356s ]
INFO: [ app_begin ] --END-- [ RunTime:0.001444s ]
SQL: SHOW COLUMNS FROM `app_code` [ RunTime:0.001840s ]
SQL: SELECT * FROM `app_code` WHERE ( username="dongya015" and password="12345678" and groupid="43C1549E222DE8BCFD975AEF5F44443A" ) LIMIT 1   [ RunTime:0.000734s ]
SQL: SHOW COLUMNS FROM `app_group` [ RunTime:0.001526s ]
SQL: SELECT * FROM `app_group` WHERE ( `guid` = '43C1549E222DE8BCFD975AEF5F44443A' ) LIMIT 1   [ RunTime:0.000637s ]
SQL: UPDATE `app_code` SET `uuid`='A23A7494-6183-4E0B-8CCE-79A411DF8701',`binding`=0 WHERE ( `guid` = '3816EC48214D465BB7FF219AC09651E6' ) [ RunTime:0.000240s ]

[ 2016-04-14T06:11:21+08:00 ] 171.81.248.129 /index.php/Index/iscode/groupid/43C1549E222DE8BCFD975AEF5F44443A/username/dongya015/password/12345678/uuid/A23A7494-6183-4E0B-8CCE-79A411DF8701/type/updata
INFO: [ route_check ] --START--
INFO: CheckRoute Behavior ::run [ RunTime:0.005271s ]
INFO: [ route_check ] --END-- [ RunTime:0.005396s ]
INFO: [ app_begin ] --START--
INFO: ReadHtmlCache Behavior ::run [ RunTime:0.002445s ]
INFO: [ app_begin ] --END-- [ RunTime:0.002535s ]
SQL: SHOW COLUMNS FROM `app_code` [ RunTime:0.044361s ]
SQL: SELECT * FROM `app_code` WHERE ( username="dongya015" and password="12345678" and groupid="43C1549E222DE8BCFD975AEF5F44443A" ) LIMIT 1   [ RunTime:0.011353s ]
SQL: SHOW COLUMNS FROM `app_group` [ RunTime:0.013174s ]
SQL: SELECT * FROM `app_group` WHERE ( `guid` = '43C1549E222DE8BCFD975AEF5F44443A' ) LIMIT 1   [ RunTime:0.000864s ]
SQL: UPDATE `app_code` SET `uuid`='A23A7494-6183-4E0B-8CCE-79A411DF8701',`binding`=0 WHERE ( `guid` = '3816EC48214D465BB7FF219AC09651E6' ) [ RunTime:0.027270s ]

[ 2016-04-14T09:37:07+08:00 ] 113.72.93.237 /index.php/Index/iscode/groupid/43C1549E222DE8BCFD975AEF5F44443A/username/2075741/password/12345678/uuid/9AAD2CE2-0B56-445C-B966-FA390D7F90D6
INFO: [ route_check ] --START--
INFO: CheckRoute Behavior ::run [ RunTime:0.001431s ]
INFO: [ route_check ] --END-- [ RunTime:0.001554s ]
INFO: [ app_begin ] --START--
INFO: ReadHtmlCache Behavior ::run [ RunTime:0.000986s ]
INFO: [ app_begin ] --END-- [ RunTime:0.001072s ]
SQL: SHOW COLUMNS FROM `app_code` [ RunTime:0.002141s ]
SQL: SELECT * FROM `app_code` WHERE ( username="2075741" and password="12345678" and groupid="43C1549E222DE8BCFD975AEF5F44443A" ) LIMIT 1   [ RunTime:0.000859s ]
SQL: SHOW COLUMNS FROM `app_group` [ RunTime:0.001620s ]
SQL: SELECT * FROM `app_group` LIMIT 1   [ RunTime:0.000619s ]

[ 2016-04-14T09:37:07+08:00 ] 113.72.93.237 /index.php/Uploadprohot
INFO: [ route_check ] --START--
INFO: CheckRoute Behavior ::run [ RunTime:0.000951s ]
INFO: [ route_check ] --END-- [ RunTime:0.001054s ]
INFO: [ app_begin ] --START--
INFO: ReadHtmlCache Behavior ::run [ RunTime:0.000613s ]
INFO: [ app_begin ] --END-- [ RunTime:0.000694s ]
SQL: SHOW COLUMNS FROM `app_pro` [ RunTime:0.044639s ]
SQL: SELECT * FROM `app_pro` WHERE ( guid="6B504B85F1E76BF3065B98022D8A72D5" ) LIMIT 1   [ RunTime:0.024897s ]
SQL: UPDATE `app_pro` SET `hot`=10 WHERE ( `guid` = '6B504B85F1E76BF3065B98022D8A72D5' ) [ RunTime:0.000383s ]
SQL: SELECT * FROM `app_pro` WHERE ( guid="734CBC2D9444510250A8CFCFAE8A526D" ) LIMIT 1   [ RunTime:0.030821s ]
SQL: UPDATE `app_pro` SET `hot`=4 WHERE ( `guid` = '734CBC2D9444510250A8CFCFAE8A526D' ) [ RunTime:0.000487s ]
SQL: SELECT * FROM `app_pro` WHERE ( guid="1FA25C5544ADD3CD03DFB00A31EF9D1E" ) LIMIT 1   [ RunTime:0.002146s ]
SQL: UPDATE `app_pro` SET `hot`=4 WHERE ( `guid` = '1FA25C5544ADD3CD03DFB00A31EF9D1E' ) [ RunTime:0.000333s ]
SQL: SELECT * FROM `app_pro` WHERE ( guid="032AABB7BA0EDC87D16F3D3B5801294C" ) LIMIT 1   [ RunTime:0.000377s ]
SQL: UPDATE `app_pro` SET `hot`=18 WHERE ( `guid` = '032AABB7BA0EDC87D16F3D3B5801294C' ) [ RunTime:0.000325s ]
SQL: SELECT * FROM `app_pro` WHERE ( guid="482B0C218653D6D93DAAED449E92DC13" ) LIMIT 1   [ RunTime:0.000351s ]
SQL: SELECT * FROM `app_pro` WHERE ( guid="1B36FC1023FC02A8B96D7A97653D6233" ) LIMIT 1   [ RunTime:0.000328s ]
SQL: SELECT * FROM `app_pro` WHERE ( guid="DF41842ED3B805070B03F6529F29B7F8" ) LIMIT 1   [ RunTime:0.000333s ]
SQL: SELECT * FROM `app_pro` WHERE ( guid="328FA3AB2CF3056A76D595AD079422BE" ) LIMIT 1   [ RunTime:0.000271s ]
SQL: UPDATE `app_pro` SET `hot`=13 WHERE ( `guid` = '328FA3AB2CF3056A76D595AD079422BE' ) [ RunTime:0.000966s ]
SQL: SELECT * FROM `app_pro` WHERE ( guid="1BDD0617E5AF4EDE9D5982BE9536FB36" ) LIMIT 1   [ RunTime:0.010267s ]
SQL: UPDATE `app_pro` SET `hot`=42 WHERE ( `guid` = '1BDD0617E5AF4EDE9D5982BE9536FB36' ) [ RunTime:0.000427s ]
SQL: SELECT * FROM `app_pro` WHERE ( guid="5E3A484FBCB2480D8A1B205CA3C4C3DC" ) LIMIT 1   [ RunTime:0.000393s ]
SQL: UPDATE `app_pro` SET `hot`=29 WHERE ( `guid` = '5E3A484FBCB2480D8A1B205CA3C4C3DC' ) [ RunTime:0.000289s ]
SQL: SELECT * FROM `app_pro` WHERE ( guid="A26A337292F04A76B0396CAFE4CA3BA8" ) LIMIT 1   [ RunTime:0.000284s ]
SQL: UPDATE `app_pro` SET `hot`=26 WHERE ( `guid` = 'A26A337292F04A76B0396CAFE4CA3BA8' ) [ RunTime:0.000241s ]
SQL: SELECT * FROM `app_pro` WHERE ( guid="DD8C29E3BE67BFDF7E3F39E18520DF59" ) LIMIT 1   [ RunTime:0.000272s ]
SQL: UPDATE `app_pro` SET `hot`=27 WHERE ( `guid` = 'DD8C29E3BE67BFDF7E3F39E18520DF59' ) [ RunTime:0.000228s ]
SQL: SELECT * FROM `app_pro` WHERE ( guid="533B0B2E58E8005CE94DB842F2E5B686" ) LIMIT 1   [ RunTime:0.000271s ]
SQL: UPDATE `app_pro` SET `hot`=11 WHERE ( `guid` = '533B0B2E58E8005CE94DB842F2E5B686' ) [ RunTime:0.000223s ]
SQL: SELECT * FROM `app_pro` WHERE ( guid="88134345BA30468FAFEE816A6C7DC053" ) LIMIT 1   [ RunTime:0.000265s ]
SQL: UPDATE `app_pro` SET `hot`=20 WHERE ( `guid` = '88134345BA30468FAFEE816A6C7DC053' ) [ RunTime:0.000221s ]
SQL: SELECT * FROM `app_pro` WHERE ( guid="42B0018D884D40659978F47F6C01DC39" ) LIMIT 1   [ RunTime:0.000266s ]
SQL: UPDATE `app_pro` SET `hot`=4 WHERE ( `guid` = '42B0018D884D40659978F47F6C01DC39' ) [ RunTime:0.000225s ]
SQL: SELECT * FROM `app_pro` WHERE ( guid="1DF5EC29F9AC9462CE163DCDF1F45CB4" ) LIMIT 1   [ RunTime:0.000260s ]
SQL: UPDATE `app_pro` SET `hot`=32 WHERE ( `guid` = '1DF5EC29F9AC9462CE163DCDF1F45CB4' ) [ RunTime:0.000216s ]
SQL: SELECT * FROM `app_pro` WHERE ( guid="921DC0144E1E597BDE934BA871B19984" ) LIMIT 1   [ RunTime:0.000303s ]
SQL: UPDATE `app_pro` SET `hot`=13 WHERE ( `guid` = '921DC0144E1E597BDE934BA871B19984' ) [ RunTime:0.000228s ]
SQL: SELECT * FROM `app_pro` WHERE ( guid="DEE0F763137A2F1AC39BDD8B054963F0" ) LIMIT 1   [ RunTime:0.000261s ]
SQL: UPDATE `app_pro` SET `hot`=10 WHERE ( `guid` = 'DEE0F763137A2F1AC39BDD8B054963F0' ) [ RunTime:0.000265s ]

[ 2016-04-14T09:37:07+08:00 ] 113.72.93.237 /index.php/Index/iscode/groupid/43C1549E222DE8BCFD975AEF5F44443A/username/2075741/password/12345678/uuid/9AAD2CE2-0B56-445C-B966-FA390D7F90D6/type/updata
INFO: [ route_check ] --START--
INFO: CheckRoute Behavior ::run [ RunTime:0.000930s ]
INFO: [ route_check ] --END-- [ RunTime:0.001033s ]
INFO: [ app_begin ] --START--
INFO: ReadHtmlCache Behavior ::run [ RunTime:0.000611s ]
INFO: [ app_begin ] --END-- [ RunTime:0.000694s ]
SQL: SHOW COLUMNS FROM `app_code` [ RunTime:0.001667s ]
SQL: SELECT * FROM `app_code` WHERE ( username="2075741" and password="12345678" and groupid="43C1549E222DE8BCFD975AEF5F44443A" ) LIMIT 1   [ RunTime:0.000732s ]
SQL: SHOW COLUMNS FROM `app_group` [ RunTime:0.001333s ]
SQL: SELECT * FROM `app_group` LIMIT 1   [ RunTime:0.000606s ]

[ 2016-04-14T10:42:20+08:00 ] 116.248.70.231 /index.php/Index/iscode/groupid/43C1549E222DE8BCFD975AEF5F44443A/username/dongya015/password/12345678/uuid/CA7569F2-6812-4333-A46A-B7D93B81C9B4
INFO: [ route_check ] --START--
INFO: CheckRoute Behavior ::run [ RunTime:0.009140s ]
INFO: [ route_check ] --END-- [ RunTime:0.009310s ]
INFO: [ app_begin ] --START--
INFO: ReadHtmlCache Behavior ::run [ RunTime:0.002285s ]
INFO: [ app_begin ] --END-- [ RunTime:0.002385s ]
SQL: SHOW COLUMNS FROM `app_code` [ RunTime:0.015682s ]
SQL: SELECT * FROM `app_code` WHERE ( username="dongya015" and password="12345678" and groupid="43C1549E222DE8BCFD975AEF5F44443A" ) LIMIT 1   [ RunTime:0.010943s ]
SQL: SHOW COLUMNS FROM `app_group` [ RunTime:0.007731s ]
SQL: SELECT * FROM `app_group` WHERE ( `guid` = '43C1549E222DE8BCFD975AEF5F44443A' ) LIMIT 1   [ RunTime:0.000735s ]
SQL: UPDATE `app_code` SET `uuid`='CA7569F2-6812-4333-A46A-B7D93B81C9B4',`binding`=0 WHERE ( `guid` = '3816EC48214D465BB7FF219AC09651E6' ) [ RunTime:0.000265s ]
NOTIC: [8] Undefined index:  type D:\PHPnow\htdocs\dongya\Lib\Action\IndexAction.class.php 第 74 行.

[ 2016-04-14T10:42:21+08:00 ] 116.248.70.231 /index.php/Index/iscode/groupid/43C1549E222DE8BCFD975AEF5F44443A/username/dongya015/password/12345678/uuid/CA7569F2-6812-4333-A46A-B7D93B81C9B4/type/updata
INFO: [ route_check ] --START--
INFO: CheckRoute Behavior ::run [ RunTime:0.001798s ]
INFO: [ route_check ] --END-- [ RunTime:0.001916s ]
INFO: [ app_begin ] --START--
INFO: ReadHtmlCache Behavior ::run [ RunTime:0.001345s ]
INFO: [ app_begin ] --END-- [ RunTime:0.001437s ]
SQL: SHOW COLUMNS FROM `app_code` [ RunTime:0.001721s ]
SQL: SELECT * FROM `app_code` WHERE ( username="dongya015" and password="12345678" and groupid="43C1549E222DE8BCFD975AEF5F44443A" ) LIMIT 1   [ RunTime:0.000732s ]
SQL: SHOW COLUMNS FROM `app_group` [ RunTime:0.001296s ]
SQL: SELECT * FROM `app_group` WHERE ( `guid` = '43C1549E222DE8BCFD975AEF5F44443A' ) LIMIT 1   [ RunTime:0.000627s ]
SQL: UPDATE `app_code` SET `uuid`='CA7569F2-6812-4333-A46A-B7D93B81C9B4',`binding`=0 WHERE ( `guid` = '3816EC48214D465BB7FF219AC09651E6' ) [ RunTime:0.000244s ]

[ 2016-04-14T11:38:32+08:00 ] 27.14.176.149 /index.php/Index/iscode/groupid/436D3F290AFDF8DF9BE1D77C8B4C9E4C/username/longshu/password/123123/uuid/63CD66DB-93BC-4281-8D7C-E2D8836C00FD/type/updata
INFO: [ route_check ] --START--
INFO: CheckRoute Behavior ::run [ RunTime:0.001315s ]
INFO: [ route_check ] --END-- [ RunTime:0.001419s ]
INFO: [ app_begin ] --START--
INFO: ReadHtmlCache Behavior ::run [ RunTime:0.000982s ]
INFO: [ app_begin ] --END-- [ RunTime:0.001069s ]
SQL: SHOW COLUMNS FROM `app_code` [ RunTime:0.001828s ]
SQL: SELECT * FROM `app_code` WHERE ( username="longshu" and password="123123" and groupid="436D3F290AFDF8DF9BE1D77C8B4C9E4C" ) LIMIT 1   [ RunTime:0.000726s ]
SQL: SHOW COLUMNS FROM `app_group` [ RunTime:0.001507s ]
SQL: SELECT * FROM `app_group` WHERE ( `guid` = '436D3F290AFDF8DF9BE1D77C8B4C9E4C' ) LIMIT 1   [ RunTime:0.000678s ]
SQL: UPDATE `app_code` SET `uuid`='63CD66DB-93BC-4281-8D7C-E2D8836C00FD',`binding`=0 WHERE ( `guid` = '378918795D8AA5596251035B65683CCE' ) [ RunTime:0.000258s ]

[ 2016-04-14T11:41:04+08:00 ] 183.35.171.187 /index.php/Index/iscode/groupid/43C1549E222DE8BCFD975AEF5F44443A/username/dyyangshan/password/12345678/uuid/CC86BE3B-73D2-4213-807B-123EBFBD792D
INFO: [ route_check ] --START--
INFO: CheckRoute Behavior ::run [ RunTime:0.001385s ]
INFO: [ route_check ] --END-- [ RunTime:0.001511s ]
INFO: [ app_begin ] --START--
INFO: ReadHtmlCache Behavior ::run [ RunTime:0.000975s ]
INFO: [ app_begin ] --END-- [ RunTime:0.001061s ]
SQL: SHOW COLUMNS FROM `app_code` [ RunTime:0.001595s ]
SQL: SELECT * FROM `app_code` WHERE ( username="dyyangshan" and password="12345678" and groupid="43C1549E222DE8BCFD975AEF5F44443A" ) LIMIT 1   [ RunTime:0.000713s ]
SQL: SHOW COLUMNS FROM `app_group` [ RunTime:0.001414s ]
SQL: SELECT * FROM `app_group` LIMIT 1   [ RunTime:0.000609s ]

[ 2016-04-14T11:41:05+08:00 ] 183.35.171.187 /index.php/Uploadprohot
INFO: [ route_check ] --START--
INFO: CheckRoute Behavior ::run [ RunTime:0.000978s ]
INFO: [ route_check ] --END-- [ RunTime:0.001094s ]
INFO: [ app_begin ] --START--
INFO: ReadHtmlCache Behavior ::run [ RunTime:0.000648s ]
INFO: [ app_begin ] --END-- [ RunTime:0.000743s ]
SQL: SHOW COLUMNS FROM `app_pro` [ RunTime:0.026072s ]
SQL: SELECT * FROM `app_pro` WHERE ( guid="1DF5EC29F9AC9462CE163DCDF1F45CB4" ) LIMIT 1   [ RunTime:0.015628s ]
SQL: UPDATE `app_pro` SET `hot`=34 WHERE ( `guid` = '1DF5EC29F9AC9462CE163DCDF1F45CB4' ) [ RunTime:0.000273s ]
SQL: SELECT * FROM `app_pro` WHERE ( guid="4BCE14DA7A0E2D32BD8F3B3423B1768B" ) LIMIT 1   [ RunTime:0.120402s ]
SQL: UPDATE `app_pro` SET `hot`=20 WHERE ( `guid` = '4BCE14DA7A0E2D32BD8F3B3423B1768B' ) [ RunTime:0.000384s ]
SQL: SELECT * FROM `app_pro` WHERE ( guid="BD6A319AF56EFC138FDEF4C0AC6357D9" ) LIMIT 1   [ RunTime:0.000315s ]
SQL: UPDATE `app_pro` SET `hot`=25 WHERE ( `guid` = 'BD6A319AF56EFC138FDEF4C0AC6357D9' ) [ RunTime:0.000229s ]

[ 2016-04-14T11:41:05+08:00 ] 183.35.171.187 /index.php/Index/iscode/groupid/43C1549E222DE8BCFD975AEF5F44443A/username/dyyangshan/password/12345678/uuid/CC86BE3B-73D2-4213-807B-123EBFBD792D/type/updata
INFO: [ route_check ] --START--
INFO: CheckRoute Behavior ::run [ RunTime:0.001797s ]
INFO: [ route_check ] --END-- [ RunTime:0.001906s ]
INFO: [ app_begin ] --START--
INFO: ReadHtmlCache Behavior ::run [ RunTime:0.001314s ]
INFO: [ app_begin ] --END-- [ RunTime:0.001400s ]
SQL: SHOW COLUMNS FROM `app_code` [ RunTime:0.001797s ]
SQL: SELECT * FROM `app_code` WHERE ( username="dyyangshan" and password="12345678" and groupid="43C1549E222DE8BCFD975AEF5F44443A" ) LIMIT 1   [ RunTime:0.000765s ]
SQL: SHOW COLUMNS FROM `app_group` [ RunTime:0.001404s ]
SQL: SELECT * FROM `app_group` LIMIT 1   [ RunTime:0.000641s ]

[ 2016-04-14T11:47:22+08:00 ] 123.64.251.190 /index.php/Index/iscode/groupid/43C1549E222DE8BCFD975AEF5F44443A/username/123456789/password/123456/uuid/DEBA6C42-D76A-4CC3-8437-768108F28B0D
INFO: [ route_check ] --START--
INFO: CheckRoute Behavior ::run [ RunTime:0.002243s ]
INFO: [ route_check ] --END-- [ RunTime:0.002381s ]
INFO: [ app_begin ] --START--
INFO: ReadHtmlCache Behavior ::run [ RunTime:0.001682s ]
INFO: [ app_begin ] --END-- [ RunTime:0.001792s ]
SQL: SHOW COLUMNS FROM `app_code` [ RunTime:0.002379s ]
SQL: SELECT * FROM `app_code` WHERE ( username="123456789" and password="123456" and groupid="43C1549E222DE8BCFD975AEF5F44443A" ) LIMIT 1   [ RunTime:0.000884s ]
SQL: SHOW COLUMNS FROM `app_group` [ RunTime:0.001908s ]
SQL: SELECT * FROM `app_group` LIMIT 1   [ RunTime:0.000733s ]

[ 2016-04-14T11:47:22+08:00 ] 123.64.251.190 /index.php/Uploadprohot
INFO: [ route_check ] --START--
INFO: CheckRoute Behavior ::run [ RunTime:0.001782s ]
INFO: [ route_check ] --END-- [ RunTime:0.001896s ]
INFO: [ app_begin ] --START--
INFO: ReadHtmlCache Behavior ::run [ RunTime:0.001178s ]
INFO: [ app_begin ] --END-- [ RunTime:0.001262s ]
SQL: SHOW COLUMNS FROM `app_pro` [ RunTime:0.002034s ]
SQL: SELECT * FROM `app_pro` WHERE ( guid="3BFEE9A06DAD7BE04A177FCA9665EA0A" ) LIMIT 1   [ RunTime:0.014029s ]
SQL: UPDATE `app_pro` SET `hot`=20 WHERE ( `guid` = '3BFEE9A06DAD7BE04A177FCA9665EA0A' ) [ RunTime:0.000346s ]
SQL: SELECT * FROM `app_pro` WHERE ( guid="066B900FD221F5E0376B9FC8B041625A" ) LIMIT 1   [ RunTime:0.000295s ]
SQL: UPDATE `app_pro` SET `hot`=12 WHERE ( `guid` = '066B900FD221F5E0376B9FC8B041625A' ) [ RunTime:0.000227s ]

[ 2016-04-14T11:47:22+08:00 ] 123.64.251.190 /index.php/Index/iscode/groupid/43C1549E222DE8BCFD975AEF5F44443A/username/123456789/password/123456/uuid/DEBA6C42-D76A-4CC3-8437-768108F28B0D/type/updata
INFO: [ route_check ] --START--
INFO: CheckRoute Behavior ::run [ RunTime:0.001658s ]
INFO: [ route_check ] --END-- [ RunTime:0.001763s ]
INFO: [ app_begin ] --START--
INFO: ReadHtmlCache Behavior ::run [ RunTime:0.001152s ]
INFO: [ app_begin ] --END-- [ RunTime:0.001262s ]
SQL: SHOW COLUMNS FROM `app_code` [ RunTime:0.001689s ]
SQL: SELECT * FROM `app_code` WHERE ( username="123456789" and password="123456" and groupid="43C1549E222DE8BCFD975AEF5F44443A" ) LIMIT 1   [ RunTime:0.000803s ]
SQL: SHOW COLUMNS FROM `app_group` [ RunTime:0.001277s ]
SQL: SELECT * FROM `app_group` LIMIT 1   [ RunTime:0.000674s ]

[ 2016-04-14T12:32:18+08:00 ] 113.83.158.220 /index.php/Index/iscode/groupid/43C1549E222DE8BCFD975AEF5F44443A/username/1075232/password/12345678/uuid/3C61DE75-04CE-49AD-B2ED-BF9C48CC6E6B/type/updata
INFO: [ route_check ] --START--
INFO: CheckRoute Behavior ::run [ RunTime:0.001744s ]
INFO: [ route_check ] --END-- [ RunTime:0.001868s ]
INFO: [ app_begin ] --START--
INFO: ReadHtmlCache Behavior ::run [ RunTime:0.001536s ]
INFO: [ app_begin ] --END-- [ RunTime:0.001646s ]
SQL: SHOW COLUMNS FROM `app_code` [ RunTime:0.001918s ]
SQL: SELECT * FROM `app_code` WHERE ( username="1075232" and password="12345678" and groupid="43C1549E222DE8BCFD975AEF5F44443A" ) LIMIT 1   [ RunTime:0.000761s ]
SQL: SHOW COLUMNS FROM `app_group` [ RunTime:0.001538s ]
SQL: SELECT * FROM `app_group` LIMIT 1   [ RunTime:0.000741s ]

[ 2016-04-14T12:32:53+08:00 ] 113.83.158.220 /index.php/Index/iscode/groupid/43C1549E222DE8BCFD975AEF5F44443A/username/1075232/password/12345678/uuid/3C61DE75-04CE-49AD-B2ED-BF9C48CC6E6B/type/updata
INFO: [ route_check ] --START--
INFO: CheckRoute Behavior ::run [ RunTime:0.001491s ]
INFO: [ route_check ] --END-- [ RunTime:0.001598s ]
INFO: [ app_begin ] --START--
INFO: ReadHtmlCache Behavior ::run [ RunTime:0.001297s ]
INFO: [ app_begin ] --END-- [ RunTime:0.001384s ]
SQL: SHOW COLUMNS FROM `app_code` [ RunTime:0.001721s ]
SQL: SELECT * FROM `app_code` WHERE ( username="1075232" and password="12345678" and groupid="43C1549E222DE8BCFD975AEF5F44443A" ) LIMIT 1   [ RunTime:0.000737s ]
SQL: SHOW COLUMNS FROM `app_group` [ RunTime:0.001351s ]
SQL: SELECT * FROM `app_group` LIMIT 1   [ RunTime:0.000649s ]

[ 2016-04-14T12:56:40+08:00 ] 42.49.253.157 /index.php/Index/iscode/groupid/43C1549E222DE8BCFD975AEF5F44443A/username/dongya/password/1234/uuid/AD197525-E308-49A8-9026-FD6A5004B84A
INFO: [ route_check ] --START--
INFO: CheckRoute Behavior ::run [ RunTime:0.001736s ]
INFO: [ route_check ] --END-- [ RunTime:0.001861s ]
INFO: [ app_begin ] --START--
INFO: ReadHtmlCache Behavior ::run [ RunTime:0.001411s ]
INFO: [ app_begin ] --END-- [ RunTime:0.001498s ]
SQL: SHOW COLUMNS FROM `app_code` [ RunTime:0.001646s ]
SQL: SELECT * FROM `app_code` WHERE ( username="dongya" and password="1234" and groupid="43C1549E222DE8BCFD975AEF5F44443A" ) LIMIT 1   [ RunTime:0.000721s ]
SQL: SHOW COLUMNS FROM `app_group` [ RunTime:0.001357s ]
SQL: SELECT * FROM `app_group` LIMIT 1   [ RunTime:0.000633s ]

[ 2016-04-14T12:56:40+08:00 ] 42.49.253.157 /index.php/Uploadprohot
INFO: [ route_check ] --START--
INFO: CheckRoute Behavior ::run [ RunTime:0.001778s ]
INFO: [ route_check ] --END-- [ RunTime:0.001885s ]
INFO: [ app_begin ] --START--
INFO: ReadHtmlCache Behavior ::run [ RunTime:0.001199s ]
INFO: [ app_begin ] --END-- [ RunTime:0.001288s ]
SQL: SHOW COLUMNS FROM `app_pro` [ RunTime:0.002240s ]
SQL: SELECT * FROM `app_pro` WHERE ( guid="1BDD0617E5AF4EDE9D5982BE9536FB36" ) LIMIT 1   [ RunTime:0.046773s ]
SQL: UPDATE `app_pro` SET `hot`=44 WHERE ( `guid` = '1BDD0617E5AF4EDE9D5982BE9536FB36' ) [ RunTime:0.000326s ]
SQL: SELECT * FROM `app_pro` WHERE ( guid="D4A9178525A148F9A353A0AF24E26CEA" ) LIMIT 1   [ RunTime:0.000290s ]
SQL: UPDATE `app_pro` SET `hot`=31 WHERE ( `guid` = 'D4A9178525A148F9A353A0AF24E26CEA' ) [ RunTime:0.000228s ]
SQL: SELECT * FROM `app_pro` WHERE ( guid="88134345BA30468FAFEE816A6C7DC053" ) LIMIT 1   [ RunTime:0.000271s ]
SQL: UPDATE `app_pro` SET `hot`=21 WHERE ( `guid` = '88134345BA30468FAFEE816A6C7DC053' ) [ RunTime:0.000225s ]
SQL: SELECT * FROM `app_pro` WHERE ( guid="AAB5C5F382CE4CA9630A8BD99905E1FC" ) LIMIT 1   [ RunTime:0.011882s ]
SQL: UPDATE `app_pro` SET `hot`=41 WHERE ( `guid` = 'AAB5C5F382CE4CA9630A8BD99905E1FC' ) [ RunTime:0.000276s ]
SQL: SELECT * FROM `app_pro` WHERE ( guid="4BCE14DA7A0E2D32BD8F3B3423B1768B" ) LIMIT 1   [ RunTime:0.000276s ]
SQL: UPDATE `app_pro` SET `hot`=21 WHERE ( `guid` = '4BCE14DA7A0E2D32BD8F3B3423B1768B' ) [ RunTime:0.000228s ]
SQL: SELECT * FROM `app_pro` WHERE ( guid="6B504B85F1E76BF3065B98022D8A72D5" ) LIMIT 1   [ RunTime:0.000267s ]
SQL: UPDATE `app_pro` SET `hot`=11 WHERE ( `guid` = '6B504B85F1E76BF3065B98022D8A72D5' ) [ RunTime:0.000219s ]
SQL: SELECT * FROM `app_pro` WHERE ( guid="CA44D866E5EC4F959B9A9FB2D8864875" ) LIMIT 1   [ RunTime:0.000268s ]
SQL: UPDATE `app_pro` SET `hot`=63 WHERE ( `guid` = 'CA44D866E5EC4F959B9A9FB2D8864875' ) [ RunTime:0.000226s ]
SQL: SELECT * FROM `app_pro` WHERE ( guid="08F54CB1ADF8FB9642EA599EA3CD0D35" ) LIMIT 1   [ RunTime:0.000268s ]
SQL: UPDATE `app_pro` SET `hot`=30 WHERE ( `guid` = '08F54CB1ADF8FB9642EA599EA3CD0D35' ) [ RunTime:0.000237s ]
SQL: SELECT * FROM `app_pro` WHERE ( guid="C5CAB2D466BC4C5BBDB277667A618AC9" ) LIMIT 1   [ RunTime:0.000291s ]
SQL: UPDATE `app_pro` SET `hot`=25 WHERE ( `guid` = 'C5CAB2D466BC4C5BBDB277667A618AC9' ) [ RunTime:0.000226s ]
SQL: SELECT * FROM `app_pro` WHERE ( guid="BA7AA8CEF92D4D40931AC4F91B714B9E" ) LIMIT 1   [ RunTime:0.000294s ]
SQL: UPDATE `app_pro` SET `hot`=20 WHERE ( `guid` = 'BA7AA8CEF92D4D40931AC4F91B714B9E' ) [ RunTime:0.000276s ]
SQL: SELECT * FROM `app_pro` WHERE ( guid="5E3A484FBCB2480D8A1B205CA3C4C3DC" ) LIMIT 1   [ RunTime:0.000267s ]
SQL: UPDATE `app_pro` SET `hot`=31 WHERE ( `guid` = '5E3A484FBCB2480D8A1B205CA3C4C3DC' ) [ RunTime:0.000229s ]
SQL: SELECT * FROM `app_pro` WHERE ( guid="1DF5EC29F9AC9462CE163DCDF1F45CB4" ) LIMIT 1   [ RunTime:0.000262s ]
SQL: UPDATE `app_pro` SET `hot`=35 WHERE ( `guid` = '1DF5EC29F9AC9462CE163DCDF1F45CB4' ) [ RunTime:0.000216s ]
SQL: SELECT * FROM `app_pro` WHERE ( guid="1649D8ED6274BE2131D13F0E17F5EC38" ) LIMIT 1   [ RunTime:0.000261s ]
SQL: UPDATE `app_pro` SET `hot`=32 WHERE ( `guid` = '1649D8ED6274BE2131D13F0E17F5EC38' ) [ RunTime:0.000215s ]
SQL: SELECT * FROM `app_pro` WHERE ( guid="921DC0144E1E597BDE934BA871B19984" ) LIMIT 1   [ RunTime:0.000280s ]
SQL: UPDATE `app_pro` SET `hot`=14 WHERE ( `guid` = '921DC0144E1E597BDE934BA871B19984' ) [ RunTime:0.000227s ]
SQL: SELECT * FROM `app_pro` WHERE ( guid="327A9048FC0A4266994F8EB8CB78AC61" ) LIMIT 1   [ RunTime:0.000268s ]
SQL: UPDATE `app_pro` SET `hot`=42 WHERE ( `guid` = '327A9048FC0A4266994F8EB8CB78AC61' ) [ RunTime:0.000222s ]
SQL: SELECT * FROM `app_pro` WHERE ( guid="A44320536DB74B70828A3F056BAB36E3" ) LIMIT 1   [ RunTime:0.000266s ]
SQL: UPDATE `app_pro` SET `hot`=26 WHERE ( `guid` = 'A44320536DB74B70828A3F056BAB36E3' ) [ RunTime:0.000222s ]
SQL: SELECT * FROM `app_pro` WHERE ( guid="D8689411CE50401ABDE48A02045BA96A" ) LIMIT 1   [ RunTime:0.000264s ]
SQL: UPDATE `app_pro` SET `hot`=14 WHERE ( `guid` = 'D8689411CE50401ABDE48A02045BA96A' ) [ RunTime:0.000221s ]
SQL: SELECT * FROM `app_pro` WHERE ( guid="5D622616AE824F739D4C1770B5683665" ) LIMIT 1   [ RunTime:0.000260s ]
SQL: UPDATE `app_pro` SET `hot`=36 WHERE ( `guid` = '5D622616AE824F739D4C1770B5683665' ) [ RunTime:0.000221s ]
SQL: SELECT * FROM `app_pro` WHERE ( guid="A26A337292F04A76B0396CAFE4CA3BA8" ) LIMIT 1   [ RunTime:0.000273s ]
SQL: UPDATE `app_pro` SET `hot`=27 WHERE ( `guid` = 'A26A337292F04A76B0396CAFE4CA3BA8' ) [ RunTime:0.000234s ]
SQL: SELECT * FROM `app_pro` WHERE ( guid="DD8C29E3BE67BFDF7E3F39E18520DF59" ) LIMIT 1   [ RunTime:0.000264s ]
SQL: UPDATE `app_pro` SET `hot`=28 WHERE ( `guid` = 'DD8C29E3BE67BFDF7E3F39E18520DF59' ) [ RunTime:0.000224s ]
SQL: SELECT * FROM `app_pro` WHERE ( guid="B429CF018D487EF6D6B4D0992953ABB2" ) LIMIT 1   [ RunTime:0.000289s ]
SQL: UPDATE `app_pro` SET `hot`=9 WHERE ( `guid` = 'B429CF018D487EF6D6B4D0992953ABB2' ) [ RunTime:0.000221s ]
SQL: SELECT * FROM `app_pro` WHERE ( guid="7329ABA8FABDD2BA22149564B2594730" ) LIMIT 1   [ RunTime:0.000264s ]
SQL: UPDATE `app_pro` SET `hot`=9 WHERE ( `guid` = '7329ABA8FABDD2BA22149564B2594730' ) [ RunTime:0.000221s ]
SQL: SELECT * FROM `app_pro` WHERE ( guid="E1D89BB3396C43CD0454CC0411C0320A" ) LIMIT 1   [ RunTime:0.000273s ]
SQL: UPDATE `app_pro` SET `hot`=9 WHERE ( `guid` = 'E1D89BB3396C43CD0454CC0411C0320A' ) [ RunTime:0.000227s ]
SQL: SELECT * FROM `app_pro` WHERE ( guid="066B900FD221F5E0376B9FC8B041625A" ) LIMIT 1   [ RunTime:0.000264s ]
SQL: UPDATE `app_pro` SET `hot`=13 WHERE ( `guid` = '066B900FD221F5E0376B9FC8B041625A' ) [ RunTime:0.000218s ]

[ 2016-04-14T12:56:40+08:00 ] 42.49.253.157 /index.php/Index/iscode/groupid/43C1549E222DE8BCFD975AEF5F44443A/username/dongya/password/1234/uuid/AD197525-E308-49A8-9026-FD6A5004B84A/type/updata
INFO: [ route_check ] --START--
INFO: CheckRoute Behavior ::run [ RunTime:0.001796s ]
INFO: [ route_check ] --END-- [ RunTime:0.001902s ]
INFO: [ app_begin ] --START--
INFO: ReadHtmlCache Behavior ::run [ RunTime:0.001148s ]
INFO: [ app_begin ] --END-- [ RunTime:0.001234s ]
SQL: SHOW COLUMNS FROM `app_code` [ RunTime:0.001609s ]
SQL: SELECT * FROM `app_code` WHERE ( username="dongya" and password="1234" and groupid="43C1549E222DE8BCFD975AEF5F44443A" ) LIMIT 1   [ RunTime:0.000721s ]
SQL: SHOW COLUMNS FROM `app_group` [ RunTime:0.001336s ]
SQL: SELECT * FROM `app_group` LIMIT 1   [ RunTime:0.000607s ]

[ 2016-04-14T13:05:32+08:00 ] 14.147.85.172 /index.php/Index/iscode/groupid/43C1549E222DE8BCFD975AEF5F44443A/username/1749367742/password/rxhRxg200423/uuid/CB1E6652-9310-4D0D-AEF2-A805012C9A09/type/updata
INFO: [ route_check ] --START--
INFO: CheckRoute Behavior ::run [ RunTime:0.002008s ]
INFO: [ route_check ] --END-- [ RunTime:0.002126s ]
INFO: [ app_begin ] --START--
INFO: ReadHtmlCache Behavior ::run [ RunTime:0.001321s ]
INFO: [ app_begin ] --END-- [ RunTime:0.001408s ]
SQL: SHOW COLUMNS FROM `app_code` [ RunTime:0.001842s ]
SQL: SELECT * FROM `app_code` WHERE ( username="1749367742" and password="rxhRxg200423" and groupid="43C1549E222DE8BCFD975AEF5F44443A" ) LIMIT 1   [ RunTime:0.000726s ]
SQL: SHOW COLUMNS FROM `app_group` [ RunTime:0.001537s ]
SQL: SELECT * FROM `app_group` LIMIT 1   [ RunTime:0.000618s ]

[ 2016-04-14T13:08:56+08:00 ] 14.147.85.172 /index.php/Index/iscode/groupid/43C1549E222DE8BCFD975AEF5F44443A/username/1749367742/password/rxhRxg200423/uuid/CB1E6652-9310-4D0D-AEF2-A805012C9A09/type/updata
INFO: [ route_check ] --START--
INFO: CheckRoute Behavior ::run [ RunTime:0.001669s ]
INFO: [ route_check ] --END-- [ RunTime:0.001771s ]
INFO: [ app_begin ] --START--
INFO: ReadHtmlCache Behavior ::run [ RunTime:0.001318s ]
INFO: [ app_begin ] --END-- [ RunTime:0.001405s ]
SQL: SHOW COLUMNS FROM `app_code` [ RunTime:0.001723s ]
SQL: SELECT * FROM `app_code` WHERE ( username="1749367742" and password="rxhRxg200423" and groupid="43C1549E222DE8BCFD975AEF5F44443A" ) LIMIT 1   [ RunTime:0.000725s ]
SQL: SHOW COLUMNS FROM `app_group` [ RunTime:0.001318s ]
SQL: SELECT * FROM `app_group` LIMIT 1   [ RunTime:0.000612s ]

[ 2016-04-14T13:42:42+08:00 ] 116.23.75.129 /index.php/Index/iscode/groupid/436D3F290AFDF8DF9BE1D77C8B4C9E4C/username/longshu/password/123123/uuid/97516AE7-F6B4-48FD-8F28-AE8634E5B922/type/updata
INFO: [ route_check ] --START--
INFO: CheckRoute Behavior ::run [ RunTime:0.001702s ]
INFO: [ route_check ] --END-- [ RunTime:0.001825s ]
INFO: [ app_begin ] --START--
INFO: ReadHtmlCache Behavior ::run [ RunTime:0.001323s ]
INFO: [ app_begin ] --END-- [ RunTime:0.001411s ]
SQL: SHOW COLUMNS FROM `app_code` [ RunTime:0.002238s ]
SQL: SELECT * FROM `app_code` WHERE ( username="longshu" and password="123123" and groupid="436D3F290AFDF8DF9BE1D77C8B4C9E4C" ) LIMIT 1   [ RunTime:0.000733s ]
SQL: SHOW COLUMNS FROM `app_group` [ RunTime:0.001538s ]
SQL: SELECT * FROM `app_group` WHERE ( `guid` = '436D3F290AFDF8DF9BE1D77C8B4C9E4C' ) LIMIT 1   [ RunTime:0.000661s ]
SQL: UPDATE `app_code` SET `uuid`='97516AE7-F6B4-48FD-8F28-AE8634E5B922',`binding`=0 WHERE ( `guid` = '378918795D8AA5596251035B65683CCE' ) [ RunTime:0.000258s ]

[ 2016-04-14T13:43:18+08:00 ] 14.147.85.172 /index.php/Index/iscode/groupid/43C1549E222DE8BCFD975AEF5F44443A/username/1749367742/password/rxhRxg200423/uuid/CB1E6652-9310-4D0D-AEF2-A805012C9A09/type/updata
INFO: [ route_check ] --START--
INFO: CheckRoute Behavior ::run [ RunTime:0.001896s ]
INFO: [ route_check ] --END-- [ RunTime:0.002017s ]
INFO: [ app_begin ] --START--
INFO: ReadHtmlCache Behavior ::run [ RunTime:0.001160s ]
INFO: [ app_begin ] --END-- [ RunTime:0.001250s ]
SQL: SHOW COLUMNS FROM `app_code` [ RunTime:0.002031s ]
SQL: SELECT * FROM `app_code` WHERE ( username="1749367742" and password="rxhRxg200423" and groupid="43C1549E222DE8BCFD975AEF5F44443A" ) LIMIT 1   [ RunTime:0.000757s ]
SQL: SHOW COLUMNS FROM `app_group` [ RunTime:0.001392s ]
SQL: SELECT * FROM `app_group` LIMIT 1   [ RunTime:0.000637s ]

[ 2016-04-14T13:54:20+08:00 ] 14.147.85.172 /index.php/Index/iscode/groupid/43C1549E222DE8BCFD975AEF5F44443A/username/1749367742/password/rxhRxg200423/uuid/CB1E6652-9310-4D0D-AEF2-A805012C9A09/type/updata
INFO: [ route_check ] --START--
INFO: CheckRoute Behavior ::run [ RunTime:0.001682s ]
INFO: [ route_check ] --END-- [ RunTime:0.001802s ]
INFO: [ app_begin ] --START--
INFO: ReadHtmlCache Behavior ::run [ RunTime:0.001730s ]
INFO: [ app_begin ] --END-- [ RunTime:0.001817s ]
SQL: SHOW COLUMNS FROM `app_code` [ RunTime:0.001745s ]
SQL: SELECT * FROM `app_code` WHERE ( username="1749367742" and password="rxhRxg200423" and groupid="43C1549E222DE8BCFD975AEF5F44443A" ) LIMIT 1   [ RunTime:0.000836s ]
SQL: SHOW COLUMNS FROM `app_group` [ RunTime:0.001390s ]
SQL: SELECT * FROM `app_group` LIMIT 1   [ RunTime:0.000605s ]

[ 2016-04-14T14:07:03+08:00 ] 14.147.85.172 /index.php/Index/iscode/groupid/43C1549E222DE8BCFD975AEF5F44443A/username/1749367742/password/rxhRxg200423/uuid/CB1E6652-9310-4D0D-AEF2-A805012C9A09/type/updata
INFO: [ route_check ] --START--
INFO: CheckRoute Behavior ::run [ RunTime:0.001693s ]
INFO: [ route_check ] --END-- [ RunTime:0.001801s ]
INFO: [ app_begin ] --START--
INFO: ReadHtmlCache Behavior ::run [ RunTime:0.001729s ]
INFO: [ app_begin ] --END-- [ RunTime:0.001819s ]
SQL: SHOW COLUMNS FROM `app_code` [ RunTime:0.002023s ]
SQL: SELECT * FROM `app_code` WHERE ( username="1749367742" and password="rxhRxg200423" and groupid="43C1549E222DE8BCFD975AEF5F44443A" ) LIMIT 1   [ RunTime:0.000805s ]
SQL: SHOW COLUMNS FROM `app_group` [ RunTime:0.001518s ]
SQL: SELECT * FROM `app_group` LIMIT 1   [ RunTime:0.000619s ]

[ 2016-04-14T14:07:12+08:00 ] 14.147.85.172 /index.php/Index/iscode/groupid/43C1549E222DE8BCFD975AEF5F44443A/username/1749367742/password/rxhRxg200423/uuid/CB1E6652-9310-4D0D-AEF2-A805012C9A09/type/updata
INFO: [ route_check ] --START--
INFO: CheckRoute Behavior ::run [ RunTime:0.001706s ]
INFO: [ route_check ] --END-- [ RunTime:0.001823s ]
INFO: [ app_begin ] --START--
INFO: ReadHtmlCache Behavior ::run [ RunTime:0.001356s ]
INFO: [ app_begin ] --END-- [ RunTime:0.001445s ]
SQL: SHOW COLUMNS FROM `app_code` [ RunTime:0.001883s ]
SQL: SELECT * FROM `app_code` WHERE ( username="1749367742" and password="rxhRxg200423" and groupid="43C1549E222DE8BCFD975AEF5F44443A" ) LIMIT 1   [ RunTime:0.000731s ]
SQL: SHOW COLUMNS FROM `app_group` [ RunTime:0.001293s ]
SQL: SELECT * FROM `app_group` LIMIT 1   [ RunTime:0.000608s ]

[ 2016-04-14T14:07:18+08:00 ] 14.147.85.172 /index.php/Index/iscode/groupid/43C1549E222DE8BCFD975AEF5F44443A/username/1749367742/password/rxhRxg200423/uuid/CB1E6652-9310-4D0D-AEF2-A805012C9A09/type/updata
INFO: [ route_check ] --START--
INFO: CheckRoute Behavior ::run [ RunTime:0.001725s ]
INFO: [ route_check ] --END-- [ RunTime:0.001840s ]
INFO: [ app_begin ] --START--
INFO: ReadHtmlCache Behavior ::run [ RunTime:0.001487s ]
INFO: [ app_begin ] --END-- [ RunTime:0.001576s ]
SQL: SHOW COLUMNS FROM `app_code` [ RunTime:0.001774s ]
SQL: SELECT * FROM `app_code` WHERE ( username="1749367742" and password="rxhRxg200423" and groupid="43C1549E222DE8BCFD975AEF5F44443A" ) LIMIT 1   [ RunTime:0.000757s ]
SQL: SHOW COLUMNS FROM `app_group` [ RunTime:0.001499s ]
SQL: SELECT * FROM `app_group` LIMIT 1   [ RunTime:0.000615s ]

[ 2016-04-14T14:13:31+08:00 ] 14.147.85.172 /index.php/Index/iscode/groupid/43C1549E222DE8BCFD975AEF5F44443A/username/1749367742/password/rxhRxg200423/uuid/CB1E6652-9310-4D0D-AEF2-A805012C9A09/type/updata
INFO: [ route_check ] --START--
INFO: CheckRoute Behavior ::run [ RunTime:0.001378s ]
INFO: [ route_check ] --END-- [ RunTime:0.001500s ]
INFO: [ app_begin ] --START--
INFO: ReadHtmlCache Behavior ::run [ RunTime:0.001114s ]
INFO: [ app_begin ] --END-- [ RunTime:0.001202s ]
SQL: SHOW COLUMNS FROM `app_code` [ RunTime:0.001735s ]
SQL: SELECT * FROM `app_code` WHERE ( username="1749367742" and password="rxhRxg200423" and groupid="43C1549E222DE8BCFD975AEF5F44443A" ) LIMIT 1   [ RunTime:0.000722s ]
SQL: SHOW COLUMNS FROM `app_group` [ RunTime:0.001372s ]
SQL: SELECT * FROM `app_group` LIMIT 1   [ RunTime:0.000780s ]

[ 2016-04-14T14:19:22+08:00 ] 14.147.85.172 /index.php/Index/iscode/groupid/43C1549E222DE8BCFD975AEF5F44443A/username/1749367742/password/rxhRxg200423/uuid/CB1E6652-9310-4D0D-AEF2-A805012C9A09/type/updata
INFO: [ route_check ] --START--
INFO: CheckRoute Behavior ::run [ RunTime:0.001833s ]
INFO: [ route_check ] --END-- [ RunTime:0.001946s ]
INFO: [ app_begin ] --START--
INFO: ReadHtmlCache Behavior ::run [ RunTime:0.001424s ]
INFO: [ app_begin ] --END-- [ RunTime:0.001512s ]
SQL: SHOW COLUMNS FROM `app_code` [ RunTime:0.001700s ]
SQL: SELECT * FROM `app_code` WHERE ( username="1749367742" and password="rxhRxg200423" and groupid="43C1549E222DE8BCFD975AEF5F44443A" ) LIMIT 1   [ RunTime:0.000738s ]
SQL: SHOW COLUMNS FROM `app_group` [ RunTime:0.001540s ]
SQL: SELECT * FROM `app_group` LIMIT 1   [ RunTime:0.000612s ]

[ 2016-04-14T15:05:37+08:00 ] 183.26.214.218 /index.php/Index/iscode/groupid/43C1549E222DE8BCFD975AEF5F44443A/username/2075724/password/12345678/uuid/1C496CAB-42C7-4EEA-BF46-120265B554B9/type/updata
INFO: [ route_check ] --START--
INFO: CheckRoute Behavior ::run [ RunTime:0.001403s ]
INFO: [ route_check ] --END-- [ RunTime:0.001535s ]
INFO: [ app_begin ] --START--
INFO: ReadHtmlCache Behavior ::run [ RunTime:0.001147s ]
INFO: [ app_begin ] --END-- [ RunTime:0.001268s ]
SQL: SHOW COLUMNS FROM `app_code` [ RunTime:0.002027s ]
SQL: SELECT * FROM `app_code` WHERE ( username="2075724" and password="12345678" and groupid="43C1549E222DE8BCFD975AEF5F44443A" ) LIMIT 1   [ RunTime:0.000746s ]
SQL: SHOW COLUMNS FROM `app_group` [ RunTime:0.001549s ]
SQL: SELECT * FROM `app_group` WHERE ( `guid` = '43C1549E222DE8BCFD975AEF5F44443A' ) LIMIT 1   [ RunTime:0.000666s ]
SQL: UPDATE `app_code` SET `uuid`='1C496CAB-42C7-4EEA-BF46-120265B554B9',`binding`=0 WHERE ( `guid` = 'E70B053B348D470891F433D064F5DEF3' ) [ RunTime:0.000317s ]

[ 2016-04-14T15:16:07+08:00 ] 183.26.214.218 /index.php/Index/iscode/groupid/43C1549E222DE8BCFD975AEF5F44443A/username/2075724/password/12345678/uuid/1C496CAB-42C7-4EEA-BF46-120265B554B9/type/updata
INFO: [ route_check ] --START--
INFO: CheckRoute Behavior ::run [ RunTime:0.002061s ]
INFO: [ route_check ] --END-- [ RunTime:0.002203s ]
INFO: [ app_begin ] --START--
INFO: ReadHtmlCache Behavior ::run [ RunTime:0.001622s ]
INFO: [ app_begin ] --END-- [ RunTime:0.001713s ]
SQL: SHOW COLUMNS FROM `app_code` [ RunTime:0.001892s ]
SQL: SELECT * FROM `app_code` WHERE ( username="2075724" and password="12345678" and groupid="43C1549E222DE8BCFD975AEF5F44443A" ) LIMIT 1   [ RunTime:0.000713s ]
SQL: SHOW COLUMNS FROM `app_group` [ RunTime:0.001289s ]
SQL: SELECT * FROM `app_group` WHERE ( `guid` = '43C1549E222DE8BCFD975AEF5F44443A' ) LIMIT 1   [ RunTime:0.000652s ]
SQL: UPDATE `app_code` SET `uuid`='1C496CAB-42C7-4EEA-BF46-120265B554B9',`binding`=0 WHERE ( `guid` = 'E70B053B348D470891F433D064F5DEF3' ) [ RunTime:0.000243s ]

[ 2016-04-14T15:22:36+08:00 ] 113.72.93.237 /index.php/Index/iscode/groupid/43C1549E222DE8BCFD975AEF5F44443A/username/2075741/password/12345678/uuid/9AAD2CE2-0B56-445C-B966-FA390D7F90D6/type/updata
INFO: [ route_check ] --START--
INFO: CheckRoute Behavior ::run [ RunTime:0.001703s ]
INFO: [ route_check ] --END-- [ RunTime:0.001823s ]
INFO: [ app_begin ] --START--
INFO: ReadHtmlCache Behavior ::run [ RunTime:0.001333s ]
INFO: [ app_begin ] --END-- [ RunTime:0.001424s ]
SQL: SHOW COLUMNS FROM `app_code` [ RunTime:0.001917s ]
SQL: SELECT * FROM `app_code` WHERE ( username="2075741" and password="12345678" and groupid="43C1549E222DE8BCFD975AEF5F44443A" ) LIMIT 1   [ RunTime:0.000828s ]
SQL: SHOW COLUMNS FROM `app_group` [ RunTime:0.001366s ]
SQL: SELECT * FROM `app_group` LIMIT 1   [ RunTime:0.000613s ]

[ 2016-04-14T15:22:46+08:00 ] 113.72.93.237 /index.php/Index/iscode/groupid/43C1549E222DE8BCFD975AEF5F44443A/username/2075741/password/12345678/uuid/9AAD2CE2-0B56-445C-B966-FA390D7F90D6/type/updata
INFO: [ route_check ] --START--
INFO: CheckRoute Behavior ::run [ RunTime:0.001646s ]
INFO: [ route_check ] --END-- [ RunTime:0.001767s ]
INFO: [ app_begin ] --START--
INFO: ReadHtmlCache Behavior ::run [ RunTime:0.001156s ]
INFO: [ app_begin ] --END-- [ RunTime:0.001241s ]
SQL: SHOW COLUMNS FROM `app_code` [ RunTime:0.001642s ]
SQL: SELECT * FROM `app_code` WHERE ( username="2075741" and password="12345678" and groupid="43C1549E222DE8BCFD975AEF5F44443A" ) LIMIT 1   [ RunTime:0.000714s ]
SQL: SHOW COLUMNS FROM `app_group` [ RunTime:0.001370s ]
SQL: SELECT * FROM `app_group` LIMIT 1   [ RunTime:0.000636s ]

[ 2016-04-14T15:29:32+08:00 ] 113.72.93.237 /index.php/Index/iscode/groupid/43C1549E222DE8BCFD975AEF5F44443A/username/2075741/password/12345678/uuid/9AAD2CE2-0B56-445C-B966-FA390D7F90D6/type/updata
INFO: [ route_check ] --START--
INFO: CheckRoute Behavior ::run [ RunTime:0.001891s ]
INFO: [ route_check ] --END-- [ RunTime:0.002005s ]
INFO: [ app_begin ] --START--
INFO: ReadHtmlCache Behavior ::run [ RunTime:0.001390s ]
INFO: [ app_begin ] --END-- [ RunTime:0.001489s ]
SQL: SHOW COLUMNS FROM `app_code` [ RunTime:0.001779s ]
SQL: SELECT * FROM `app_code` WHERE ( username="2075741" and password="12345678" and groupid="43C1549E222DE8BCFD975AEF5F44443A" ) LIMIT 1   [ RunTime:0.000736s ]
SQL: SHOW COLUMNS FROM `app_group` [ RunTime:0.001308s ]
SQL: SELECT * FROM `app_group` LIMIT 1   [ RunTime:0.000647s ]

[ 2016-04-14T15:35:29+08:00 ] 183.26.214.105 /index.php/Index/iscode/groupid/43C1549E222DE8BCFD975AEF5F44443A/username/dongya015/password/12345678/uuid/AF10A01F-5C1D-4C84-A3A0-49E84C5A2DF2
INFO: [ route_check ] --START--
INFO: CheckRoute Behavior ::run [ RunTime:0.003494s ]
INFO: [ route_check ] --END-- [ RunTime:0.003611s ]
INFO: [ app_begin ] --START--
INFO: ReadHtmlCache Behavior ::run [ RunTime:0.002325s ]
INFO: [ app_begin ] --END-- [ RunTime:0.002414s ]
SQL: SHOW COLUMNS FROM `app_code` [ RunTime:0.023331s ]
SQL: SELECT * FROM `app_code` WHERE ( username="dongya015" and password="12345678" and groupid="43C1549E222DE8BCFD975AEF5F44443A" ) LIMIT 1   [ RunTime:0.008287s ]
SQL: SHOW COLUMNS FROM `app_group` [ RunTime:0.021830s ]
SQL: SELECT * FROM `app_group` WHERE ( `guid` = '43C1549E222DE8BCFD975AEF5F44443A' ) LIMIT 1   [ RunTime:0.000766s ]
SQL: UPDATE `app_code` SET `uuid`='AF10A01F-5C1D-4C84-A3A0-49E84C5A2DF2',`binding`=0 WHERE ( `guid` = '3816EC48214D465BB7FF219AC09651E6' ) [ RunTime:0.000267s ]
NOTIC: [8] Undefined index:  type D:\PHPnow\htdocs\dongya\Lib\Action\IndexAction.class.php 第 74 行.

[ 2016-04-14T15:35:29+08:00 ] 183.26.214.105 /index.php/Index/iscode/groupid/43C1549E222DE8BCFD975AEF5F44443A/username/dongya015/password/12345678/uuid/AF10A01F-5C1D-4C84-A3A0-49E84C5A2DF2/type/updata
INFO: [ route_check ] --START--
INFO: CheckRoute Behavior ::run [ RunTime:0.001498s ]
INFO: [ route_check ] --END-- [ RunTime:0.001610s ]
INFO: [ app_begin ] --START--
INFO: ReadHtmlCache Behavior ::run [ RunTime:0.001189s ]
INFO: [ app_begin ] --END-- [ RunTime:0.001275s ]
SQL: SHOW COLUMNS FROM `app_code` [ RunTime:0.001589s ]
SQL: SELECT * FROM `app_code` WHERE ( username="dongya015" and password="12345678" and groupid="43C1549E222DE8BCFD975AEF5F44443A" ) LIMIT 1   [ RunTime:0.000717s ]
SQL: SHOW COLUMNS FROM `app_group` [ RunTime:0.001290s ]
SQL: SELECT * FROM `app_group` WHERE ( `guid` = '43C1549E222DE8BCFD975AEF5F44443A' ) LIMIT 1   [ RunTime:0.000616s ]
SQL: UPDATE `app_code` SET `uuid`='AF10A01F-5C1D-4C84-A3A0-49E84C5A2DF2',`binding`=0 WHERE ( `guid` = '3816EC48214D465BB7FF219AC09651E6' ) [ RunTime:0.000235s ]

[ 2016-04-14T15:51:42+08:00 ] 113.72.93.237 /index.php/Index/iscode/groupid/43C1549E222DE8BCFD975AEF5F44443A/username/2075741/password/12345678/uuid/9AAD2CE2-0B56-445C-B966-FA390D7F90D6/type/updata
INFO: [ route_check ] --START--
INFO: CheckRoute Behavior ::run [ RunTime:0.001402s ]
INFO: [ route_check ] --END-- [ RunTime:0.001515s ]
INFO: [ app_begin ] --START--
INFO: ReadHtmlCache Behavior ::run [ RunTime:0.000990s ]
INFO: [ app_begin ] --END-- [ RunTime:0.001078s ]
SQL: SHOW COLUMNS FROM `app_code` [ RunTime:0.001675s ]
SQL: SELECT * FROM `app_code` WHERE ( username="2075741" and password="12345678" and groupid="43C1549E222DE8BCFD975AEF5F44443A" ) LIMIT 1   [ RunTime:0.000729s ]
SQL: SHOW COLUMNS FROM `app_group` [ RunTime:0.001326s ]
SQL: SELECT * FROM `app_group` LIMIT 1   [ RunTime:0.000727s ]

[ 2016-04-14T16:51:09+08:00 ] 183.26.214.218 /index.php/Index/iscode/groupid/43C1549E222DE8BCFD975AEF5F44443A/username/2075724/password/12345678/uuid/1C496CAB-42C7-4EEA-BF46-120265B554B9
INFO: [ route_check ] --START--
INFO: CheckRoute Behavior ::run [ RunTime:0.001802s ]
INFO: [ route_check ] --END-- [ RunTime:0.001931s ]
INFO: [ app_begin ] --START--
INFO: ReadHtmlCache Behavior ::run [ RunTime:0.001911s ]
INFO: [ app_begin ] --END-- [ RunTime:0.002013s ]
SQL: SHOW COLUMNS FROM `app_code` [ RunTime:0.002214s ]
SQL: SELECT * FROM `app_code` WHERE ( username="2075724" and password="12345678" and groupid="43C1549E222DE8BCFD975AEF5F44443A" ) LIMIT 1   [ RunTime:0.000785s ]
SQL: SHOW COLUMNS FROM `app_group` [ RunTime:0.001593s ]
SQL: SELECT * FROM `app_group` WHERE ( `guid` = '43C1549E222DE8BCFD975AEF5F44443A' ) LIMIT 1   [ RunTime:0.000661s ]
SQL: UPDATE `app_code` SET `uuid`='1C496CAB-42C7-4EEA-BF46-120265B554B9',`binding`=0 WHERE ( `guid` = 'E70B053B348D470891F433D064F5DEF3' ) [ RunTime:0.000253s ]
NOTIC: [8] Undefined index:  type D:\PHPnow\htdocs\dongya\Lib\Action\IndexAction.class.php 第 74 行.

[ 2016-04-14T16:51:09+08:00 ] 183.26.214.218 /index.php/Uploadprohot
INFO: [ route_check ] --START--
INFO: CheckRoute Behavior ::run [ RunTime:0.002196s ]
INFO: [ route_check ] --END-- [ RunTime:0.002326s ]
INFO: [ app_begin ] --START--
INFO: ReadHtmlCache Behavior ::run [ RunTime:0.001501s ]
INFO: [ app_begin ] --END-- [ RunTime:0.001612s ]
SQL: SHOW COLUMNS FROM `app_pro` [ RunTime:0.045201s ]
SQL: SELECT * FROM `app_pro` WHERE ( guid="BD6A319AF56EFC138FDEF4C0AC6357D9" ) LIMIT 1   [ RunTime:0.041314s ]
SQL: UPDATE `app_pro` SET `hot`=27 WHERE ( `guid` = 'BD6A319AF56EFC138FDEF4C0AC6357D9' ) [ RunTime:0.000431s ]
SQL: SELECT * FROM `app_pro` WHERE ( guid="4BCE14DA7A0E2D32BD8F3B3423B1768B" ) LIMIT 1   [ RunTime:0.000312s ]
SQL: UPDATE `app_pro` SET `hot`=22 WHERE ( `guid` = '4BCE14DA7A0E2D32BD8F3B3423B1768B' ) [ RunTime:0.000234s ]
SQL: SELECT * FROM `app_pro` WHERE ( guid="18D0AE6DBF5E5988C178D44F02F099C4" ) LIMIT 1   [ RunTime:0.000274s ]
SQL: UPDATE `app_pro` SET `hot`=69 WHERE ( `guid` = '18D0AE6DBF5E5988C178D44F02F099C4' ) [ RunTime:0.000227s ]
SQL: SELECT * FROM `app_pro` WHERE ( guid="B49BD4B2FE2E1E87038CD478E2225D78" ) LIMIT 1   [ RunTime:0.000273s ]
SQL: UPDATE `app_pro` SET `hot`=3 WHERE ( `guid` = 'B49BD4B2FE2E1E87038CD478E2225D78' ) [ RunTime:0.000229s ]
SQL: SELECT * FROM `app_pro` WHERE ( guid="BD43FCE4904B7553DA2E30F190AECA26" ) LIMIT 1   [ RunTime:0.000266s ]
SQL: UPDATE `app_pro` SET `hot`=3 WHERE ( `guid` = 'BD43FCE4904B7553DA2E30F190AECA26' ) [ RunTime:0.000227s ]
SQL: SELECT * FROM `app_pro` WHERE ( guid="6698FC6027338F2F4ED94C5277397FC9" ) LIMIT 1   [ RunTime:0.000246s ]
SQL: SELECT * FROM `app_pro` WHERE ( guid="29F1CC9337030645856179C91F104A61" ) LIMIT 1   [ RunTime:0.001478s ]
SQL: UPDATE `app_pro` SET `hot`=13 WHERE ( `guid` = '29F1CC9337030645856179C91F104A61' ) [ RunTime:0.000237s ]
SQL: SELECT * FROM `app_pro` WHERE ( guid="1BDD0617E5AF4EDE9D5982BE9536FB36" ) LIMIT 1   [ RunTime:0.013478s ]
SQL: UPDATE `app_pro` SET `hot`=45 WHERE ( `guid` = '1BDD0617E5AF4EDE9D5982BE9536FB36' ) [ RunTime:0.000352s ]
SQL: SELECT * FROM `app_pro` WHERE ( guid="5E3A484FBCB2480D8A1B205CA3C4C3DC" ) LIMIT 1   [ RunTime:0.000290s ]
SQL: UPDATE `app_pro` SET `hot`=32 WHERE ( `guid` = '5E3A484FBCB2480D8A1B205CA3C4C3DC' ) [ RunTime:0.000219s ]
SQL: SELECT * FROM `app_pro` WHERE ( guid="1F1DED73C0789BE851699A1C64EEF098" ) LIMIT 1   [ RunTime:0.000271s ]
SQL: UPDATE `app_pro` SET `hot`=3 WHERE ( `guid` = '1F1DED73C0789BE851699A1C64EEF098' ) [ RunTime:0.000222s ]
SQL: SELECT * FROM `app_pro` WHERE ( guid="24004BB67C3D8F8AFC7CDB76529B2521" ) LIMIT 1   [ RunTime:0.000265s ]
SQL: UPDATE `app_pro` SET `hot`=3 WHERE ( `guid` = '24004BB67C3D8F8AFC7CDB76529B2521' ) [ RunTime:0.000222s ]
SQL: SELECT * FROM `app_pro` WHERE ( guid="CA44D866E5EC4F959B9A9FB2D8864875" ) LIMIT 1   [ RunTime:0.000266s ]
SQL: UPDATE `app_pro` SET `hot`=64 WHERE ( `guid` = 'CA44D866E5EC4F959B9A9FB2D8864875' ) [ RunTime:0.000220s ]
SQL: SELECT * FROM `app_pro` WHERE ( guid="327A9048FC0A4266994F8EB8CB78AC61" ) LIMIT 1   [ RunTime:0.000270s ]
SQL: UPDATE `app_pro` SET `hot`=43 WHERE ( `guid` = '327A9048FC0A4266994F8EB8CB78AC61' ) [ RunTime:0.000221s ]
SQL: SELECT * FROM `app_pro` WHERE ( guid="C37F7AF7BFFF8DA6F13BE32CB85B0AC2" ) LIMIT 1   [ RunTime:0.000263s ]
SQL: UPDATE `app_pro` SET `hot`=6 WHERE ( `guid` = 'C37F7AF7BFFF8DA6F13BE32CB85B0AC2' ) [ RunTime:0.000224s ]
SQL: SELECT * FROM `app_pro` WHERE ( guid="CF3186B46AFD5F8DBF6FD5877896C650" ) LIMIT 1   [ RunTime:0.000268s ]
SQL: UPDATE `app_pro` SET `hot`=16 WHERE ( `guid` = 'CF3186B46AFD5F8DBF6FD5877896C650' ) [ RunTime:0.000279s ]
SQL: SELECT * FROM `app_pro` WHERE ( guid="CBC16EA5406547B1AE54ECCB00F40AB7" ) LIMIT 1   [ RunTime:0.000271s ]
SQL: UPDATE `app_pro` SET `hot`=6 WHERE ( `guid` = 'CBC16EA5406547B1AE54ECCB00F40AB7' ) [ RunTime:0.000342s ]
SQL: SELECT * FROM `app_pro` WHERE ( guid="E78F687F8E842BEDD0F5B42D6CB9C8E6" ) LIMIT 1   [ RunTime:0.000271s ]
SQL: UPDATE `app_pro` SET `hot`=3 WHERE ( `guid` = 'E78F687F8E842BEDD0F5B42D6CB9C8E6' ) [ RunTime:0.000224s ]
SQL: SELECT * FROM `app_pro` WHERE ( guid="7037C567D94D0D05BB35DAC966F1E613" ) LIMIT 1   [ RunTime:0.000268s ]
SQL: UPDATE `app_pro` SET `hot`=3 WHERE ( `guid` = '7037C567D94D0D05BB35DAC966F1E613' ) [ RunTime:0.000223s ]
SQL: SELECT * FROM `app_pro` WHERE ( guid="FBD7186F6358C0237CAD134366F97D83" ) LIMIT 1   [ RunTime:0.000302s ]
SQL: UPDATE `app_pro` SET `hot`=7 WHERE ( `guid` = 'FBD7186F6358C0237CAD134366F97D83' ) [ RunTime:0.000222s ]
SQL: SELECT * FROM `app_pro` WHERE ( guid="EBAB5F15775D6CD2517CCFBA99C785CE" ) LIMIT 1   [ RunTime:0.000266s ]
SQL: UPDATE `app_pro` SET `hot`=4 WHERE ( `guid` = 'EBAB5F15775D6CD2517CCFBA99C785CE' ) [ RunTime:0.000221s ]

[ 2016-04-14T16:51:09+08:00 ] 183.26.214.218 /index.php/Index/iscode/groupid/43C1549E222DE8BCFD975AEF5F44443A/username/2075724/password/12345678/uuid/1C496CAB-42C7-4EEA-BF46-120265B554B9/type/updata
INFO: [ route_check ] --START--
INFO: CheckRoute Behavior ::run [ RunTime:0.001696s ]
INFO: [ route_check ] --END-- [ RunTime:0.001817s ]
INFO: [ app_begin ] --START--
INFO: ReadHtmlCache Behavior ::run [ RunTime:0.001394s ]
INFO: [ app_begin ] --END-- [ RunTime:0.001494s ]
SQL: SHOW COLUMNS FROM `app_code` [ RunTime:0.001864s ]
SQL: SELECT * FROM `app_code` WHERE ( username="2075724" and password="12345678" and groupid="43C1549E222DE8BCFD975AEF5F44443A" ) LIMIT 1   [ RunTime:0.000826s ]
SQL: SHOW COLUMNS FROM `app_group` [ RunTime:0.001421s ]
SQL: SELECT * FROM `app_group` WHERE ( `guid` = '43C1549E222DE8BCFD975AEF5F44443A' ) LIMIT 1   [ RunTime:0.000676s ]
SQL: UPDATE `app_code` SET `uuid`='1C496CAB-42C7-4EEA-BF46-120265B554B9',`binding`=0 WHERE ( `guid` = 'E70B053B348D470891F433D064F5DEF3' ) [ RunTime:0.000245s ]

[ 2016-04-14T17:13:07+08:00 ] 113.70.247.108 /index.php/Index/iscode/groupid/43C1549E222DE8BCFD975AEF5F44443A/username/dongya010/password/12345678/uuid/6C96832B-6553-460E-83BF-02E6A72082AB
INFO: [ route_check ] --START--
INFO: CheckRoute Behavior ::run [ RunTime:0.001945s ]
INFO: [ route_check ] --END-- [ RunTime:0.002086s ]
INFO: [ app_begin ] --START--
INFO: ReadHtmlCache Behavior ::run [ RunTime:0.001378s ]
INFO: [ app_begin ] --END-- [ RunTime:0.001466s ]
SQL: SHOW COLUMNS FROM `app_code` [ RunTime:0.001909s ]
SQL: SELECT * FROM `app_code` WHERE ( username="dongya010" and password="12345678" and groupid="43C1549E222DE8BCFD975AEF5F44443A" ) LIMIT 1   [ RunTime:0.000765s ]
SQL: SHOW COLUMNS FROM `app_group` [ RunTime:0.002147s ]
SQL: SELECT * FROM `app_group` WHERE ( `guid` = '43C1549E222DE8BCFD975AEF5F44443A' ) LIMIT 1   [ RunTime:0.000844s ]
SQL: UPDATE `app_code` SET `uuid`='6C96832B-6553-460E-83BF-02E6A72082AB',`binding`=0 WHERE ( `guid` = 'BC561E52860D4F0197FA769C5457056E' ) [ RunTime:0.000260s ]
NOTIC: [8] Undefined index:  type D:\PHPnow\htdocs\dongya\Lib\Action\IndexAction.class.php 第 74 行.

[ 2016-04-14T17:13:08+08:00 ] 113.70.247.108 /index.php/Uploadprohot
INFO: [ route_check ] --START--
INFO: CheckRoute Behavior ::run [ RunTime:0.001513s ]
INFO: [ route_check ] --END-- [ RunTime:0.001633s ]
INFO: [ app_begin ] --START--
INFO: ReadHtmlCache Behavior ::run [ RunTime:0.001179s ]
INFO: [ app_begin ] --END-- [ RunTime:0.001264s ]
SQL: SHOW COLUMNS FROM `app_pro` [ RunTime:0.002748s ]
SQL: SELECT * FROM `app_pro` WHERE ( guid="E69DD61C6E3A4B4EB47BFAAB04A42620" ) LIMIT 1   [ RunTime:0.000839s ]
SQL: UPDATE `app_pro` SET `hot`=17 WHERE ( `guid` = 'E69DD61C6E3A4B4EB47BFAAB04A42620' ) [ RunTime:0.000271s ]
SQL: SELECT * FROM `app_pro` WHERE ( guid="E2972327EF7C08621DEFA2FFA362793B" ) LIMIT 1   [ RunTime:0.000279s ]
SQL: UPDATE `app_pro` SET `hot`=21 WHERE ( `guid` = 'E2972327EF7C08621DEFA2FFA362793B' ) [ RunTime:0.000235s ]
SQL: SELECT * FROM `app_pro` WHERE ( guid="A26A337292F04A76B0396CAFE4CA3BA8" ) LIMIT 1   [ RunTime:0.000276s ]
SQL: UPDATE `app_pro` SET `hot`=28 WHERE ( `guid` = 'A26A337292F04A76B0396CAFE4CA3BA8' ) [ RunTime:0.000231s ]
SQL: SELECT * FROM `app_pro` WHERE ( guid="08F54CB1ADF8FB9642EA599EA3CD0D35" ) LIMIT 1   [ RunTime:0.000274s ]
SQL: UPDATE `app_pro` SET `hot`=32 WHERE ( `guid` = '08F54CB1ADF8FB9642EA599EA3CD0D35' ) [ RunTime:0.000224s ]
SQL: SELECT * FROM `app_pro` WHERE ( guid="FBD304FD465462FE112F71E9365D87BE" ) LIMIT 1   [ RunTime:0.000270s ]
SQL: UPDATE `app_pro` SET `hot`=16 WHERE ( `guid` = 'FBD304FD465462FE112F71E9365D87BE' ) [ RunTime:0.000231s ]
SQL: SELECT * FROM `app_pro` WHERE ( guid="85BADD968937332227A124B37421B0F4" ) LIMIT 1   [ RunTime:0.000275s ]
SQL: UPDATE `app_pro` SET `hot`=16 WHERE ( `guid` = '85BADD968937332227A124B37421B0F4' ) [ RunTime:0.000227s ]
SQL: SELECT * FROM `app_pro` WHERE ( guid="3BE8201996E64BCA885B6067349FB61F" ) LIMIT 1   [ RunTime:0.000269s ]
SQL: UPDATE `app_pro` SET `hot`=18 WHERE ( `guid` = '3BE8201996E64BCA885B6067349FB61F' ) [ RunTime:0.000225s ]
SQL: SELECT * FROM `app_pro` WHERE ( guid="5D622616AE824F739D4C1770B5683665" ) LIMIT 1   [ RunTime:0.000271s ]
SQL: UPDATE `app_pro` SET `hot`=37 WHERE ( `guid` = '5D622616AE824F739D4C1770B5683665' ) [ RunTime:0.000225s ]
SQL: SELECT * FROM `app_pro` WHERE ( guid="CA44D866E5EC4F959B9A9FB2D8864875" ) LIMIT 1   [ RunTime:0.000320s ]
SQL: UPDATE `app_pro` SET `hot`=67 WHERE ( `guid` = 'CA44D866E5EC4F959B9A9FB2D8864875' ) [ RunTime:0.000225s ]
SQL: SELECT * FROM `app_pro` WHERE ( guid="F35D0AC97144ECF26210C9BB709F2FBE" ) LIMIT 1   [ RunTime:0.000282s ]
SQL: UPDATE `app_pro` SET `hot`=27 WHERE ( `guid` = 'F35D0AC97144ECF26210C9BB709F2FBE' ) [ RunTime:0.000226s ]
SQL: SELECT * FROM `app_pro` WHERE ( guid="2EF170F1F941C350FA2DF936CDFA8CC0" ) LIMIT 1   [ RunTime:0.000277s ]
SQL: UPDATE `app_pro` SET `hot`=12 WHERE ( `guid` = '2EF170F1F941C350FA2DF936CDFA8CC0' ) [ RunTime:0.000225s ]
SQL: SELECT * FROM `app_pro` WHERE ( guid="BA4CE57A08CB970F90FE8FFE9B9E6D5C" ) LIMIT 1   [ RunTime:0.000265s ]
SQL: UPDATE `app_pro` SET `hot`=8 WHERE ( `guid` = 'BA4CE57A08CB970F90FE8FFE9B9E6D5C' ) [ RunTime:0.000224s ]
SQL: SELECT * FROM `app_pro` WHERE ( guid="2EF8029A10E1723CFC39F1EC28648392" ) LIMIT 1   [ RunTime:0.000264s ]
SQL: UPDATE `app_pro` SET `hot`=13 WHERE ( `guid` = '2EF8029A10E1723CFC39F1EC28648392' ) [ RunTime:0.000220s ]
SQL: SELECT * FROM `app_pro` WHERE ( guid="D1EC7A074E00618464ECC81CA724521C" ) LIMIT 1   [ RunTime:0.000268s ]
SQL: UPDATE `app_pro` SET `hot`=8 WHERE ( `guid` = 'D1EC7A074E00618464ECC81CA724521C' ) [ RunTime:0.000223s ]
SQL: SELECT * FROM `app_pro` WHERE ( guid="89763FC4FF8F4FF1E22AC7294300C1D9" ) LIMIT 1   [ RunTime:0.000265s ]
SQL: UPDATE `app_pro` SET `hot`=8 WHERE ( `guid` = '89763FC4FF8F4FF1E22AC7294300C1D9' ) [ RunTime:0.000221s ]
SQL: SELECT * FROM `app_pro` WHERE ( guid="454340E9BB8EB218ADDF05A129409234" ) LIMIT 1   [ RunTime:0.000303s ]
SQL: UPDATE `app_pro` SET `hot`=8 WHERE ( `guid` = '454340E9BB8EB218ADDF05A129409234' ) [ RunTime:0.000222s ]
SQL: SELECT * FROM `app_pro` WHERE ( guid="225EE086815A34A76BA54A5FFFB8F61A" ) LIMIT 1   [ RunTime:0.000294s ]
SQL: UPDATE `app_pro` SET `hot`=20 WHERE ( `guid` = '225EE086815A34A76BA54A5FFFB8F61A' ) [ RunTime:0.000225s ]
SQL: SELECT * FROM `app_pro` WHERE ( guid="C468F54BDE46F3F245E1432D11E67D98" ) LIMIT 1   [ RunTime:0.000275s ]
SQL: UPDATE `app_pro` SET `hot`=8 WHERE ( `guid` = 'C468F54BDE46F3F245E1432D11E67D98' ) [ RunTime:0.000253s ]
SQL: SELECT * FROM `app_pro` WHERE ( guid="FB7274A0F2AF49BC97FC0D259B640CA9" ) LIMIT 1   [ RunTime:0.000272s ]
SQL: UPDATE `app_pro` SET `hot`=15 WHERE ( `guid` = 'FB7274A0F2AF49BC97FC0D259B640CA9' ) [ RunTime:0.000227s ]
SQL: SELECT * FROM `app_pro` WHERE ( guid="E1D89BB3396C43CD0454CC0411C0320A" ) LIMIT 1   [ RunTime:0.000263s ]
SQL: UPDATE `app_pro` SET `hot`=10 WHERE ( `guid` = 'E1D89BB3396C43CD0454CC0411C0320A' ) [ RunTime:0.000222s ]
SQL: SELECT * FROM `app_pro` WHERE ( guid="066B900FD221F5E0376B9FC8B041625A" ) LIMIT 1   [ RunTime:0.000263s ]
SQL: UPDATE `app_pro` SET `hot`=14 WHERE ( `guid` = '066B900FD221F5E0376B9FC8B041625A' ) [ RunTime:0.000224s ]
SQL: SELECT * FROM `app_pro` WHERE ( guid="54940FBC319BECBEDBE133291BEBF041" ) LIMIT 1   [ RunTime:0.000269s ]
SQL: UPDATE `app_pro` SET `hot`=9 WHERE ( `guid` = '54940FBC319BECBEDBE133291BEBF041' ) [ RunTime:0.000222s ]
SQL: SELECT * FROM `app_pro` WHERE ( guid="2877B6078B7D17EAE58A7CE631FBC568" ) LIMIT 1   [ RunTime:0.000264s ]
SQL: UPDATE `app_pro` SET `hot`=12 WHERE ( `guid` = '2877B6078B7D17EAE58A7CE631FBC568' ) [ RunTime:0.000222s ]
SQL: SELECT * FROM `app_pro` WHERE ( guid="1BDD0617E5AF4EDE9D5982BE9536FB36" ) LIMIT 1   [ RunTime:0.000265s ]
SQL: UPDATE `app_pro` SET `hot`=48 WHERE ( `guid` = '1BDD0617E5AF4EDE9D5982BE9536FB36' ) [ RunTime:0.000220s ]
SQL: SELECT * FROM `app_pro` WHERE ( guid="C451A527D88B3FA9881DED7185749484" ) LIMIT 1   [ RunTime:0.000262s ]
SQL: UPDATE `app_pro` SET `hot`=8 WHERE ( `guid` = 'C451A527D88B3FA9881DED7185749484' ) [ RunTime:0.000253s ]
SQL: SELECT * FROM `app_pro` WHERE ( guid="621E6B8AC7765BC9502AF098651B128C" ) LIMIT 1   [ RunTime:0.000266s ]
SQL: UPDATE `app_pro` SET `hot`=8 WHERE ( `guid` = '621E6B8AC7765BC9502AF098651B128C' ) [ RunTime:0.000222s ]
SQL: SELECT * FROM `app_pro` WHERE ( guid="6FD990A9EEDDD28F2C07BF70CB1672A5" ) LIMIT 1   [ RunTime:0.000273s ]
SQL: UPDATE `app_pro` SET `hot`=11 WHERE ( `guid` = '6FD990A9EEDDD28F2C07BF70CB1672A5' ) [ RunTime:0.000228s ]
SQL: SELECT * FROM `app_pro` WHERE ( guid="DD8C29E3BE67BFDF7E3F39E18520DF59" ) LIMIT 1   [ RunTime:0.000266s ]
SQL: UPDATE `app_pro` SET `hot`=29 WHERE ( `guid` = 'DD8C29E3BE67BFDF7E3F39E18520DF59' ) [ RunTime:0.000222s ]
SQL: SELECT * FROM `app_pro` WHERE ( guid="AAB5C5F382CE4CA9630A8BD99905E1FC" ) LIMIT 1   [ RunTime:0.000266s ]
SQL: UPDATE `app_pro` SET `hot`=42 WHERE ( `guid` = 'AAB5C5F382CE4CA9630A8BD99905E1FC' ) [ RunTime:0.000306s ]
SQL: SELECT * FROM `app_pro` WHERE ( guid="533B0B2E58E8005CE94DB842F2E5B686" ) LIMIT 1   [ RunTime:0.000272s ]
SQL: UPDATE `app_pro` SET `hot`=12 WHERE ( `guid` = '533B0B2E58E8005CE94DB842F2E5B686' ) [ RunTime:0.000223s ]
SQL: SELECT * FROM `app_pro` WHERE ( guid="2AB54C967F62D3B8FEAA9D846310CE5B" ) LIMIT 1   [ RunTime:0.000269s ]
SQL: UPDATE `app_pro` SET `hot`=8 WHERE ( `guid` = '2AB54C967F62D3B8FEAA9D846310CE5B' ) [ RunTime:0.000229s ]
SQL: SELECT * FROM `app_pro` WHERE ( guid="53BC5194B51787BE1EDA41FDFFEA1167" ) LIMIT 1   [ RunTime:0.000331s ]
SQL: UPDATE `app_pro` SET `hot`=10 WHERE ( `guid` = '53BC5194B51787BE1EDA41FDFFEA1167' ) [ RunTime:0.000254s ]
SQL: SELECT * FROM `app_pro` WHERE ( guid="D521CD969FD7DCCBCD2B5FA8BB75DBE7" ) LIMIT 1   [ RunTime:0.000281s ]
SQL: UPDATE `app_pro` SET `hot`=14 WHERE ( `guid` = 'D521CD969FD7DCCBCD2B5FA8BB75DBE7' ) [ RunTime:0.000347s ]
SQL: SELECT * FROM `app_pro` WHERE ( guid="1DF5EC29F9AC9462CE163DCDF1F45CB4" ) LIMIT 1   [ RunTime:0.000269s ]
SQL: UPDATE `app_pro` SET `hot`=36 WHERE ( `guid` = '1DF5EC29F9AC9462CE163DCDF1F45CB4' ) [ RunTime:0.000222s ]
SQL: SELECT * FROM `app_pro` WHERE ( guid="E2AB6B858E7A6FFCFF691A7051CEA03E" ) LIMIT 1   [ RunTime:0.000269s ]
SQL: UPDATE `app_pro` SET `hot`=15 WHERE ( `guid` = 'E2AB6B858E7A6FFCFF691A7051CEA03E' ) [ RunTime:0.000217s ]
SQL: SELECT * FROM `app_pro` WHERE ( guid="1649D8ED6274BE2131D13F0E17F5EC38" ) LIMIT 1   [ RunTime:0.000321s ]
SQL: UPDATE `app_pro` SET `hot`=33 WHERE ( `guid` = '1649D8ED6274BE2131D13F0E17F5EC38' ) [ RunTime:0.000217s ]
SQL: SELECT * FROM `app_pro` WHERE ( guid="7329ABA8FABDD2BA22149564B2594730" ) LIMIT 1   [ RunTime:0.000266s ]
SQL: UPDATE `app_pro` SET `hot`=10 WHERE ( `guid` = '7329ABA8FABDD2BA22149564B2594730' ) [ RunTime:0.000222s ]
SQL: SELECT * FROM `app_pro` WHERE ( guid="BD6A319AF56EFC138FDEF4C0AC6357D9" ) LIMIT 1   [ RunTime:0.000294s ]
SQL: UPDATE `app_pro` SET `hot`=28 WHERE ( `guid` = 'BD6A319AF56EFC138FDEF4C0AC6357D9' ) [ RunTime:0.000223s ]
SQL: SELECT * FROM `app_pro` WHERE ( guid="18D0AE6DBF5E5988C178D44F02F099C4" ) LIMIT 1   [ RunTime:0.000259s ]
SQL: UPDATE `app_pro` SET `hot`=70 WHERE ( `guid` = '18D0AE6DBF5E5988C178D44F02F099C4' ) [ RunTime:0.000454s ]
SQL: SELECT * FROM `app_pro` WHERE ( guid="BD60E8430B135348F29A2A468F84E4FB" ) LIMIT 1   [ RunTime:0.000422s ]
SQL: UPDATE `app_pro` SET `hot`=25 WHERE ( `guid` = 'BD60E8430B135348F29A2A468F84E4FB' ) [ RunTime:0.000297s ]
SQL: SELECT * FROM `app_pro` WHERE ( guid="4BCE14DA7A0E2D32BD8F3B3423B1768B" ) LIMIT 1   [ RunTime:0.000350s ]
SQL: UPDATE `app_pro` SET `hot`=23 WHERE ( `guid` = '4BCE14DA7A0E2D32BD8F3B3423B1768B' ) [ RunTime:0.000286s ]
SQL: SELECT * FROM `app_pro` WHERE ( guid="D4A9178525A148F9A353A0AF24E26CEA" ) LIMIT 1   [ RunTime:0.000344s ]
SQL: UPDATE `app_pro` SET `hot`=33 WHERE ( `guid` = 'D4A9178525A148F9A353A0AF24E26CEA' ) [ RunTime:0.000721s ]
SQL: SELECT * FROM `app_pro` WHERE ( guid="BA7AA8CEF92D4D40931AC4F91B714B9E" ) LIMIT 1   [ RunTime:0.000356s ]
SQL: UPDATE `app_pro` SET `hot`=21 WHERE ( `guid` = 'BA7AA8CEF92D4D40931AC4F91B714B9E' ) [ RunTime:0.000272s ]
SQL: SELECT * FROM `app_pro` WHERE ( guid="88134345BA30468FAFEE816A6C7DC053" ) LIMIT 1   [ RunTime:0.000298s ]
SQL: UPDATE `app_pro` SET `hot`=22 WHERE ( `guid` = '88134345BA30468FAFEE816A6C7DC053' ) [ RunTime:0.000233s ]
SQL: SELECT * FROM `app_pro` WHERE ( guid="327A9048FC0A4266994F8EB8CB78AC61" ) LIMIT 1   [ RunTime:0.000274s ]
SQL: UPDATE `app_pro` SET `hot`=45 WHERE ( `guid` = '327A9048FC0A4266994F8EB8CB78AC61' ) [ RunTime:0.000233s ]
SQL: SELECT * FROM `app_pro` WHERE ( guid="9A54704780A740CBBC305D580B6CD0FB" ) LIMIT 1   [ RunTime:0.000278s ]
SQL: UPDATE `app_pro` SET `hot`=11 WHERE ( `guid` = '9A54704780A740CBBC305D580B6CD0FB' ) [ RunTime:0.000252s ]
SQL: SELECT * FROM `app_pro` WHERE ( guid="3DE93F1B9FFE45308C4E8BE76D22D23B" ) LIMIT 1   [ RunTime:0.000335s ]
SQL: UPDATE `app_pro` SET `hot`=6 WHERE ( `guid` = '3DE93F1B9FFE45308C4E8BE76D22D23B' ) [ RunTime:0.000247s ]

[ 2016-04-14T17:13:08+08:00 ] 113.70.247.108 /index.php/Index/iscode/groupid/43C1549E222DE8BCFD975AEF5F44443A/username/dongya010/password/12345678/uuid/6C96832B-6553-460E-83BF-02E6A72082AB/type/updata
INFO: [ route_check ] --START--
INFO: CheckRoute Behavior ::run [ RunTime:0.001543s ]
INFO: [ route_check ] --END-- [ RunTime:0.001664s ]
INFO: [ app_begin ] --START--
INFO: ReadHtmlCache Behavior ::run [ RunTime:0.001185s ]
INFO: [ app_begin ] --END-- [ RunTime:0.001272s ]
SQL: SHOW COLUMNS FROM `app_code` [ RunTime:0.001711s ]
SQL: SELECT * FROM `app_code` WHERE ( username="dongya010" and password="12345678" and groupid="43C1549E222DE8BCFD975AEF5F44443A" ) LIMIT 1   [ RunTime:0.001014s ]
SQL: SHOW COLUMNS FROM `app_group` [ RunTime:0.001442s ]
SQL: SELECT * FROM `app_group` WHERE ( `guid` = '43C1549E222DE8BCFD975AEF5F44443A' ) LIMIT 1   [ RunTime:0.000651s ]
SQL: UPDATE `app_code` SET `uuid`='6C96832B-6553-460E-83BF-02E6A72082AB',`binding`=0 WHERE ( `guid` = 'BC561E52860D4F0197FA769C5457056E' ) [ RunTime:0.000245s ]

[ 2016-04-14T17:54:48+08:00 ] 183.35.171.187 /index.php/Index/iscode/groupid/43C1549E222DE8BCFD975AEF5F44443A/username/dyyangshan/password/12345678/uuid/CC86BE3B-73D2-4213-807B-123EBFBD792D/type/updata
INFO: [ route_check ] --START--
INFO: CheckRoute Behavior ::run [ RunTime:0.001716s ]
INFO: [ route_check ] --END-- [ RunTime:0.001828s ]
INFO: [ app_begin ] --START--
INFO: ReadHtmlCache Behavior ::run [ RunTime:0.001362s ]
INFO: [ app_begin ] --END-- [ RunTime:0.001452s ]
SQL: SHOW COLUMNS FROM `app_code` [ RunTime:0.001967s ]
SQL: SELECT * FROM `app_code` WHERE ( username="dyyangshan" and password="12345678" and groupid="43C1549E222DE8BCFD975AEF5F44443A" ) LIMIT 1   [ RunTime:0.000966s ]
SQL: SHOW COLUMNS FROM `app_group` [ RunTime:0.001997s ]
SQL: SELECT * FROM `app_group` LIMIT 1   [ RunTime:0.000770s ]

[ 2016-04-14T17:54:58+08:00 ] 183.35.171.187 /index.php/Index/iscode/groupid/43C1549E222DE8BCFD975AEF5F44443A/username/dyyangshan/password/12345678/uuid/CC86BE3B-73D2-4213-807B-123EBFBD792D/type/updata
INFO: [ route_check ] --START--
INFO: CheckRoute Behavior ::run [ RunTime:0.001684s ]
INFO: [ route_check ] --END-- [ RunTime:0.001826s ]
INFO: [ app_begin ] --START--
INFO: ReadHtmlCache Behavior ::run [ RunTime:0.001321s ]
INFO: [ app_begin ] --END-- [ RunTime:0.001418s ]
SQL: SHOW COLUMNS FROM `app_code` [ RunTime:0.001958s ]
SQL: SELECT * FROM `app_code` WHERE ( username="dyyangshan" and password="12345678" and groupid="43C1549E222DE8BCFD975AEF5F44443A" ) LIMIT 1   [ RunTime:0.000845s ]
SQL: SHOW COLUMNS FROM `app_group` [ RunTime:0.001380s ]
SQL: SELECT * FROM `app_group` LIMIT 1   [ RunTime:0.000616s ]

[ 2016-04-14T19:01:25+08:00 ] 116.22.164.164 /index.php/Index/iscode/groupid/43C1549E222DE8BCFD975AEF5F44443A/username/test/password/test/uuid/A6B4A4E9-4993-404C-A170-9F89AD02EB51
INFO: [ route_check ] --START--
INFO: CheckRoute Behavior ::run [ RunTime:0.001733s ]
INFO: [ route_check ] --END-- [ RunTime:0.001860s ]
INFO: [ app_begin ] --START--
INFO: ReadHtmlCache Behavior ::run [ RunTime:0.001362s ]
INFO: [ app_begin ] --END-- [ RunTime:0.001451s ]
SQL: SHOW COLUMNS FROM `app_code` [ RunTime:0.002053s ]
SQL: SELECT * FROM `app_code` WHERE ( username="test" and password="test" and groupid="43C1549E222DE8BCFD975AEF5F44443A" ) LIMIT 1   [ RunTime:0.000727s ]
SQL: SHOW COLUMNS FROM `app_group` [ RunTime:0.001470s ]
SQL: SELECT * FROM `app_group` LIMIT 1   [ RunTime:0.000624s ]

[ 2016-04-14T19:01:26+08:00 ] 116.22.164.164 /index.php/Uploadprohot
INFO: [ route_check ] --START--
INFO: CheckRoute Behavior ::run [ RunTime:0.002398s ]
INFO: [ route_check ] --END-- [ RunTime:0.002542s ]
INFO: [ app_begin ] --START--
INFO: ReadHtmlCache Behavior ::run [ RunTime:0.001479s ]
INFO: [ app_begin ] --END-- [ RunTime:0.001566s ]
SQL: SHOW COLUMNS FROM `app_pro` [ RunTime:0.002255s ]
SQL: SELECT * FROM `app_pro` WHERE ( guid="BD6A319AF56EFC138FDEF4C0AC6357D9" ) LIMIT 1   [ RunTime:0.000786s ]
SQL: UPDATE `app_pro` SET `hot`=29 WHERE ( `guid` = 'BD6A319AF56EFC138FDEF4C0AC6357D9' ) [ RunTime:0.000271s ]
SQL: SELECT * FROM `app_pro` WHERE ( guid="3BFEE9A06DAD7BE04A177FCA9665EA0A" ) LIMIT 1   [ RunTime:0.000290s ]
SQL: UPDATE `app_pro` SET `hot`=21 WHERE ( `guid` = '3BFEE9A06DAD7BE04A177FCA9665EA0A' ) [ RunTime:0.000232s ]

[ 2016-04-14T19:01:26+08:00 ] 116.22.164.164 /index.php/Index/iscode/groupid/43C1549E222DE8BCFD975AEF5F44443A/username/test/password/test/uuid/A6B4A4E9-4993-404C-A170-9F89AD02EB51/type/updata
INFO: [ route_check ] --START--
INFO: CheckRoute Behavior ::run [ RunTime:0.001664s ]
INFO: [ route_check ] --END-- [ RunTime:0.001770s ]
INFO: [ app_begin ] --START--
INFO: ReadHtmlCache Behavior ::run [ RunTime:0.001305s ]
INFO: [ app_begin ] --END-- [ RunTime:0.001392s ]
SQL: SHOW COLUMNS FROM `app_code` [ RunTime:0.002027s ]
SQL: SELECT * FROM `app_code` WHERE ( username="test" and password="test" and groupid="43C1549E222DE8BCFD975AEF5F44443A" ) LIMIT 1   [ RunTime:0.000784s ]
SQL: SHOW COLUMNS FROM `app_group` [ RunTime:0.001408s ]
SQL: SELECT * FROM `app_group` LIMIT 1   [ RunTime:0.000612s ]

[ 2016-04-14T19:13:51+08:00 ] 116.18.199.92 /index.php/Index/iscode/groupid/43C1549E222DE8BCFD975AEF5F44443A/username/10769510/password/12345678/uuid/533D2876-B9EC-493A-8A79-881585BF3215
INFO: [ route_check ] --START--
INFO: CheckRoute Behavior ::run [ RunTime:0.001780s ]
INFO: [ route_check ] --END-- [ RunTime:0.001906s ]
INFO: [ app_begin ] --START--
INFO: ReadHtmlCache Behavior ::run [ RunTime:0.001411s ]
INFO: [ app_begin ] --END-- [ RunTime:0.001498s ]
SQL: SHOW COLUMNS FROM `app_code` [ RunTime:0.001749s ]
SQL: SELECT * FROM `app_code` WHERE ( username="10769510" and password="12345678" and groupid="43C1549E222DE8BCFD975AEF5F44443A" ) LIMIT 1   [ RunTime:0.000723s ]
SQL: SHOW COLUMNS FROM `app_group` [ RunTime:0.001416s ]
SQL: SELECT * FROM `app_group` LIMIT 1   [ RunTime:0.000628s ]

[ 2016-04-14T19:13:52+08:00 ] 116.18.199.92 /index.php/Index/iscode/groupid/43C1549E222DE8BCFD975AEF5F44443A/username/10769510/password/12345678/uuid/533D2876-B9EC-493A-8A79-881585BF3215/type/updata
INFO: [ route_check ] --START--
INFO: CheckRoute Behavior ::run [ RunTime:0.001575s ]
INFO: [ route_check ] --END-- [ RunTime:0.001691s ]
INFO: [ app_begin ] --START--
INFO: ReadHtmlCache Behavior ::run [ RunTime:0.001441s ]
INFO: [ app_begin ] --END-- [ RunTime:0.001530s ]
SQL: SHOW COLUMNS FROM `app_code` [ RunTime:0.001653s ]
SQL: SELECT * FROM `app_code` WHERE ( username="10769510" and password="12345678" and groupid="43C1549E222DE8BCFD975AEF5F44443A" ) LIMIT 1   [ RunTime:0.000742s ]
SQL: SHOW COLUMNS FROM `app_group` [ RunTime:0.001297s ]
SQL: SELECT * FROM `app_group` LIMIT 1   [ RunTime:0.000605s ]

[ 2016-04-14T19:35:21+08:00 ] 116.248.157.44 /index.php/Index/iscode/groupid/43C1549E222DE8BCFD975AEF5F44443A/username/dongya015/password/12345678/uuid/CA7569F2-6812-4333-A46A-B7D93B81C9B4
INFO: [ route_check ] --START--
INFO: CheckRoute Behavior ::run [ RunTime:0.001763s ]
INFO: [ route_check ] --END-- [ RunTime:0.001889s ]
INFO: [ app_begin ] --START--
INFO: ReadHtmlCache Behavior ::run [ RunTime:0.001324s ]
INFO: [ app_begin ] --END-- [ RunTime:0.001411s ]
SQL: SHOW COLUMNS FROM `app_code` [ RunTime:0.002249s ]
SQL: SELECT * FROM `app_code` WHERE ( username="dongya015" and password="12345678" and groupid="43C1549E222DE8BCFD975AEF5F44443A" ) LIMIT 1   [ RunTime:0.000734s ]
SQL: SHOW COLUMNS FROM `app_group` [ RunTime:0.001475s ]
SQL: SELECT * FROM `app_group` WHERE ( `guid` = '43C1549E222DE8BCFD975AEF5F44443A' ) LIMIT 1   [ RunTime:0.000636s ]
SQL: UPDATE `app_code` SET `uuid`='CA7569F2-6812-4333-A46A-B7D93B81C9B4',`binding`=0 WHERE ( `guid` = '3816EC48214D465BB7FF219AC09651E6' ) [ RunTime:0.000256s ]
NOTIC: [8] Undefined index:  type D:\PHPnow\htdocs\dongya\Lib\Action\IndexAction.class.php 第 74 行.

[ 2016-04-14T19:35:22+08:00 ] 116.248.157.44 /index.php/Index/iscode/groupid/43C1549E222DE8BCFD975AEF5F44443A/username/dongya015/password/12345678/uuid/CA7569F2-6812-4333-A46A-B7D93B81C9B4/type/updata
INFO: [ route_check ] --START--
INFO: CheckRoute Behavior ::run [ RunTime:0.001721s ]
INFO: [ route_check ] --END-- [ RunTime:0.001832s ]
INFO: [ app_begin ] --START--
INFO: ReadHtmlCache Behavior ::run [ RunTime:0.001352s ]
INFO: [ app_begin ] --END-- [ RunTime:0.001438s ]
SQL: SHOW COLUMNS FROM `app_code` [ RunTime:0.001729s ]
SQL: SELECT * FROM `app_code` WHERE ( username="dongya015" and password="12345678" and groupid="43C1549E222DE8BCFD975AEF5F44443A" ) LIMIT 1   [ RunTime:0.000749s ]
SQL: SHOW COLUMNS FROM `app_group` [ RunTime:0.001377s ]
SQL: SELECT * FROM `app_group` WHERE ( `guid` = '43C1549E222DE8BCFD975AEF5F44443A' ) LIMIT 1   [ RunTime:0.000645s ]
SQL: UPDATE `app_code` SET `uuid`='CA7569F2-6812-4333-A46A-B7D93B81C9B4',`binding`=0 WHERE ( `guid` = '3816EC48214D465BB7FF219AC09651E6' ) [ RunTime:0.000235s ]

[ 2016-04-14T19:36:10+08:00 ] 116.248.157.44 /index.php/Index/iscode/groupid/43C1549E222DE8BCFD975AEF5F44443A/username/dongya015/password/12345678/uuid/CA7569F2-6812-4333-A46A-B7D93B81C9B4/type/updata
INFO: [ route_check ] --START--
INFO: CheckRoute Behavior ::run [ RunTime:0.001713s ]
INFO: [ route_check ] --END-- [ RunTime:0.001817s ]
INFO: [ app_begin ] --START--
INFO: ReadHtmlCache Behavior ::run [ RunTime:0.001357s ]
INFO: [ app_begin ] --END-- [ RunTime:0.001452s ]
SQL: SHOW COLUMNS FROM `app_code` [ RunTime:0.001731s ]
SQL: SELECT * FROM `app_code` WHERE ( username="dongya015" and password="12345678" and groupid="43C1549E222DE8BCFD975AEF5F44443A" ) LIMIT 1   [ RunTime:0.000741s ]
SQL: SHOW COLUMNS FROM `app_group` [ RunTime:0.001338s ]
SQL: SELECT * FROM `app_group` WHERE ( `guid` = '43C1549E222DE8BCFD975AEF5F44443A' ) LIMIT 1   [ RunTime:0.000661s ]
SQL: UPDATE `app_code` SET `uuid`='CA7569F2-6812-4333-A46A-B7D93B81C9B4',`binding`=0 WHERE ( `guid` = '3816EC48214D465BB7FF219AC09651E6' ) [ RunTime:0.000240s ]

[ 2016-04-14T20:12:27+08:00 ] 116.248.157.44 /index.php/Index/iscode/groupid/43C1549E222DE8BCFD975AEF5F44443A/username/dongya015/password/12345678/uuid/CA7569F2-6812-4333-A46A-B7D93B81C9B4/type/updata
INFO: [ route_check ] --START--
INFO: CheckRoute Behavior ::run [ RunTime:0.001325s ]
INFO: [ route_check ] --END-- [ RunTime:0.001432s ]
INFO: [ app_begin ] --START--
INFO: ReadHtmlCache Behavior ::run [ RunTime:0.000994s ]
INFO: [ app_begin ] --END-- [ RunTime:0.001081s ]
SQL: SHOW COLUMNS FROM `app_code` [ RunTime:0.001984s ]
SQL: SELECT * FROM `app_code` WHERE ( username="dongya015" and password="12345678" and groupid="43C1549E222DE8BCFD975AEF5F44443A" ) LIMIT 1   [ RunTime:0.000747s ]
SQL: SHOW COLUMNS FROM `app_group` [ RunTime:0.001485s ]
SQL: SELECT * FROM `app_group` WHERE ( `guid` = '43C1549E222DE8BCFD975AEF5F44443A' ) LIMIT 1   [ RunTime:0.000631s ]
SQL: UPDATE `app_code` SET `uuid`='CA7569F2-6812-4333-A46A-B7D93B81C9B4',`binding`=0 WHERE ( `guid` = '3816EC48214D465BB7FF219AC09651E6' ) [ RunTime:0.000239s ]

[ 2016-04-14T20:28:38+08:00 ] 171.81.248.129 /index.php/Index/iscode/groupid/43C1549E222DE8BCFD975AEF5F44443A/username/dongya015/password/12345678/uuid/A23A7494-6183-4E0B-8CCE-79A411DF8701
INFO: [ route_check ] --START--
INFO: CheckRoute Behavior ::run [ RunTime:0.001689s ]
INFO: [ route_check ] --END-- [ RunTime:0.001800s ]
INFO: [ app_begin ] --START--
INFO: ReadHtmlCache Behavior ::run [ RunTime:0.001324s ]
INFO: [ app_begin ] --END-- [ RunTime:0.001412s ]
SQL: SHOW COLUMNS FROM `app_code` [ RunTime:0.001787s ]
SQL: SELECT * FROM `app_code` WHERE ( username="dongya015" and password="12345678" and groupid="43C1549E222DE8BCFD975AEF5F44443A" ) LIMIT 1   [ RunTime:0.000737s ]
SQL: SHOW COLUMNS FROM `app_group` [ RunTime:0.001375s ]
SQL: SELECT * FROM `app_group` WHERE ( `guid` = '43C1549E222DE8BCFD975AEF5F44443A' ) LIMIT 1   [ RunTime:0.000631s ]
SQL: UPDATE `app_code` SET `uuid`='A23A7494-6183-4E0B-8CCE-79A411DF8701',`binding`=0 WHERE ( `guid` = '3816EC48214D465BB7FF219AC09651E6' ) [ RunTime:0.000284s ]
NOTIC: [8] Undefined index:  type D:\PHPnow\htdocs\dongya\Lib\Action\IndexAction.class.php 第 74 行.

[ 2016-04-14T20:29:39+08:00 ] 171.81.248.129 /index.php/Uploadprohot
INFO: [ route_check ] --START--
INFO: CheckRoute Behavior ::run [ RunTime:0.001503s ]
INFO: [ route_check ] --END-- [ RunTime:0.001617s ]
INFO: [ app_begin ] --START--
INFO: ReadHtmlCache Behavior ::run [ RunTime:0.001323s ]
INFO: [ app_begin ] --END-- [ RunTime:0.001411s ]
SQL: SHOW COLUMNS FROM `app_pro` [ RunTime:0.002187s ]
SQL: SELECT * FROM `app_pro` WHERE ( guid="EB8B4CF480F60F49EF80DA55B26C4899" ) LIMIT 1   [ RunTime:0.000778s ]
SQL: UPDATE `app_pro` SET `hot`=11 WHERE ( `guid` = 'EB8B4CF480F60F49EF80DA55B26C4899' ) [ RunTime:0.000277s ]
SQL: SELECT * FROM `app_pro` WHERE ( guid="042F0F252A3462108D63D96784ED3174" ) LIMIT 1   [ RunTime:0.000280s ]
SQL: UPDATE `app_pro` SET `hot`=20 WHERE ( `guid` = '042F0F252A3462108D63D96784ED3174' ) [ RunTime:0.000232s ]
SQL: SELECT * FROM `app_pro` WHERE ( guid="3DE93F1B9FFE45308C4E8BE76D22D23B" ) LIMIT 1   [ RunTime:0.000275s ]
SQL: UPDATE `app_pro` SET `hot`=7 WHERE ( `guid` = '3DE93F1B9FFE45308C4E8BE76D22D23B' ) [ RunTime:0.000228s ]

[ 2016-04-14T20:29:39+08:00 ] 171.81.248.129 /index.php/Index/iscode/groupid/43C1549E222DE8BCFD975AEF5F44443A/username/dongya015/password/12345678/uuid/A23A7494-6183-4E0B-8CCE-79A411DF8701/type/updata
INFO: [ route_check ] --START--
INFO: CheckRoute Behavior ::run [ RunTime:0.001686s ]
INFO: [ route_check ] --END-- [ RunTime:0.001805s ]
INFO: [ app_begin ] --START--
INFO: ReadHtmlCache Behavior ::run [ RunTime:0.001322s ]
INFO: [ app_begin ] --END-- [ RunTime:0.001411s ]
SQL: SHOW COLUMNS FROM `app_code` [ RunTime:0.001754s ]
SQL: SELECT * FROM `app_code` WHERE ( username="dongya015" and password="12345678" and groupid="43C1549E222DE8BCFD975AEF5F44443A" ) LIMIT 1   [ RunTime:0.000741s ]
SQL: SHOW COLUMNS FROM `app_group` [ RunTime:0.001351s ]
SQL: SELECT * FROM `app_group` WHERE ( `guid` = '43C1549E222DE8BCFD975AEF5F44443A' ) LIMIT 1   [ RunTime:0.000673s ]
SQL: UPDATE `app_code` SET `uuid`='A23A7494-6183-4E0B-8CCE-79A411DF8701',`binding`=0 WHERE ( `guid` = '3816EC48214D465BB7FF219AC09651E6' ) [ RunTime:0.000268s ]

[ 2016-04-14T20:32:03+08:00 ] 171.81.248.129 /index.php/Index/iscode/groupid/43C1549E222DE8BCFD975AEF5F44443A/username/dongya015/password/12345678/uuid/A23A7494-6183-4E0B-8CCE-79A411DF8701/type/updata
INFO: [ route_check ] --START--
INFO: CheckRoute Behavior ::run [ RunTime:0.001705s ]
INFO: [ route_check ] --END-- [ RunTime:0.001823s ]
INFO: [ app_begin ] --START--
INFO: ReadHtmlCache Behavior ::run [ RunTime:0.001323s ]
INFO: [ app_begin ] --END-- [ RunTime:0.001409s ]
SQL: SHOW COLUMNS FROM `app_code` [ RunTime:0.002377s ]
SQL: SELECT * FROM `app_code` WHERE ( username="dongya015" and password="12345678" and groupid="43C1549E222DE8BCFD975AEF5F44443A" ) LIMIT 1   [ RunTime:0.000796s ]
SQL: SHOW COLUMNS FROM `app_group` [ RunTime:0.001566s ]
SQL: SELECT * FROM `app_group` WHERE ( `guid` = '43C1549E222DE8BCFD975AEF5F44443A' ) LIMIT 1   [ RunTime:0.000971s ]
SQL: UPDATE `app_code` SET `uuid`='A23A7494-6183-4E0B-8CCE-79A411DF8701',`binding`=0 WHERE ( `guid` = '3816EC48214D465BB7FF219AC09651E6' ) [ RunTime:0.000303s ]

[ 2016-04-14T20:59:49+08:00 ] 116.248.157.44 /index.php/Index/iscode/groupid/43C1549E222DE8BCFD975AEF5F44443A/username/dongya015/password/12345678/uuid/CA7569F2-6812-4333-A46A-B7D93B81C9B4
INFO: [ route_check ] --START--
INFO: CheckRoute Behavior ::run [ RunTime:0.004999s ]
INFO: [ route_check ] --END-- [ RunTime:0.005141s ]
INFO: [ app_begin ] --START--
INFO: ReadHtmlCache Behavior ::run [ RunTime:0.002501s ]
INFO: [ app_begin ] --END-- [ RunTime:0.002591s ]
SQL: SHOW COLUMNS FROM `app_code` [ RunTime:0.001886s ]
SQL: SELECT * FROM `app_code` WHERE ( username="dongya015" and password="12345678" and groupid="43C1549E222DE8BCFD975AEF5F44443A" ) LIMIT 1   [ RunTime:0.000802s ]
SQL: SHOW COLUMNS FROM `app_group` [ RunTime:0.001530s ]
SQL: SELECT * FROM `app_group` WHERE ( `guid` = '43C1549E222DE8BCFD975AEF5F44443A' ) LIMIT 1   [ RunTime:0.000760s ]
SQL: UPDATE `app_code` SET `uuid`='CA7569F2-6812-4333-A46A-B7D93B81C9B4',`binding`=0 WHERE ( `guid` = '3816EC48214D465BB7FF219AC09651E6' ) [ RunTime:0.000283s ]
NOTIC: [8] Undefined index:  type D:\PHPnow\htdocs\dongya\Lib\Action\IndexAction.class.php 第 74 行.

[ 2016-04-14T20:59:50+08:00 ] 116.248.157.44 /index.php/Index/iscode/groupid/43C1549E222DE8BCFD975AEF5F44443A/username/dongya015/password/12345678/uuid/CA7569F2-6812-4333-A46A-B7D93B81C9B4/type/updata
INFO: [ route_check ] --START--
INFO: CheckRoute Behavior ::run [ RunTime:0.001551s ]
INFO: [ route_check ] --END-- [ RunTime:0.001660s ]
INFO: [ app_begin ] --START--
INFO: ReadHtmlCache Behavior ::run [ RunTime:0.001323s ]
INFO: [ app_begin ] --END-- [ RunTime:0.001408s ]
SQL: SHOW COLUMNS FROM `app_code` [ RunTime:0.001964s ]
SQL: SELECT * FROM `app_code` WHERE ( username="dongya015" and password="12345678" and groupid="43C1549E222DE8BCFD975AEF5F44443A" ) LIMIT 1   [ RunTime:0.000881s ]
SQL: SHOW COLUMNS FROM `app_group` [ RunTime:0.001343s ]
SQL: SELECT * FROM `app_group` WHERE ( `guid` = '43C1549E222DE8BCFD975AEF5F44443A' ) LIMIT 1   [ RunTime:0.000626s ]
SQL: UPDATE `app_code` SET `uuid`='CA7569F2-6812-4333-A46A-B7D93B81C9B4',`binding`=0 WHERE ( `guid` = '3816EC48214D465BB7FF219AC09651E6' ) [ RunTime:0.000241s ]

[ 2016-04-14T21:00:30+08:00 ] 116.248.157.44 /index.php/Index/iscode/groupid/43C1549E222DE8BCFD975AEF5F44443A/username/dongya015/password/12345678/uuid/CA7569F2-6812-4333-A46A-B7D93B81C9B4/type/updata
INFO: [ route_check ] --START--
INFO: CheckRoute Behavior ::run [ RunTime:0.001545s ]
INFO: [ route_check ] --END-- [ RunTime:0.001659s ]
INFO: [ app_begin ] --START--
INFO: ReadHtmlCache Behavior ::run [ RunTime:0.001374s ]
INFO: [ app_begin ] --END-- [ RunTime:0.001485s ]
SQL: SHOW COLUMNS FROM `app_code` [ RunTime:0.001746s ]
SQL: SELECT * FROM `app_code` WHERE ( username="dongya015" and password="12345678" and groupid="43C1549E222DE8BCFD975AEF5F44443A" ) LIMIT 1   [ RunTime:0.000750s ]
SQL: SHOW COLUMNS FROM `app_group` [ RunTime:0.001415s ]
SQL: SELECT * FROM `app_group` WHERE ( `guid` = '43C1549E222DE8BCFD975AEF5F44443A' ) LIMIT 1   [ RunTime:0.000728s ]
SQL: UPDATE `app_code` SET `uuid`='CA7569F2-6812-4333-A46A-B7D93B81C9B4',`binding`=0 WHERE ( `guid` = '3816EC48214D465BB7FF219AC09651E6' ) [ RunTime:0.000247s ]

[ 2016-04-14T21:50:37+08:00 ] 183.197.52.189 /index.php/Index/iscode/groupid/436D3F290AFDF8DF9BE1D77C8B4C9E4C/username/longshu/password/123123/uuid/0E2BE65F-DEE4-468E-A0DF-2BFFAA740CF5
INFO: [ route_check ] --START--
INFO: CheckRoute Behavior ::run [ RunTime:0.001819s ]
INFO: [ route_check ] --END-- [ RunTime:0.001957s ]
INFO: [ app_begin ] --START--
INFO: ReadHtmlCache Behavior ::run [ RunTime:0.001601s ]
INFO: [ app_begin ] --END-- [ RunTime:0.001688s ]
SQL: SHOW COLUMNS FROM `app_code` [ RunTime:0.019077s ]
SQL: SELECT * FROM `app_code` WHERE ( username="longshu" and password="123123" and groupid="436D3F290AFDF8DF9BE1D77C8B4C9E4C" ) LIMIT 1   [ RunTime:0.000752s ]
SQL: SHOW COLUMNS FROM `app_group` [ RunTime:0.001548s ]
SQL: SELECT * FROM `app_group` WHERE ( `guid` = '436D3F290AFDF8DF9BE1D77C8B4C9E4C' ) LIMIT 1   [ RunTime:0.000709s ]
SQL: UPDATE `app_code` SET `uuid`='0E2BE65F-DEE4-468E-A0DF-2BFFAA740CF5',`binding`=0 WHERE ( `guid` = '378918795D8AA5596251035B65683CCE' ) [ RunTime:0.000261s ]
NOTIC: [8] Undefined index:  type D:\PHPnow\htdocs\dongya\Lib\Action\IndexAction.class.php 第 74 行.

[ 2016-04-14T21:59:13+08:00 ] 14.18.187.220 /index.php/Index/iscode/groupid/43C1549E222DE8BCFD975AEF5F44443A/username/123/password/qwe/uuid/530180DC-F17B-4DB9-B2AB-E254A65FEFEA
INFO: [ route_check ] --START--
INFO: CheckRoute Behavior ::run [ RunTime:0.002100s ]
INFO: [ route_check ] --END-- [ RunTime:0.002260s ]
INFO: [ app_begin ] --START--
INFO: ReadHtmlCache Behavior ::run [ RunTime:0.001381s ]
INFO: [ app_begin ] --END-- [ RunTime:0.001481s ]
SQL: SHOW COLUMNS FROM `app_code` [ RunTime:0.001732s ]
SQL: SELECT * FROM `app_code` WHERE ( username="123" and password="qwe" and groupid="43C1549E222DE8BCFD975AEF5F44443A" ) LIMIT 1   [ RunTime:0.000738s ]
SQL: SHOW COLUMNS FROM `app_group` [ RunTime:0.001295s ]
SQL: SELECT * FROM `app_group` LIMIT 1   [ RunTime:0.000669s ]

[ 2016-04-14T21:59:13+08:00 ] 14.18.187.220 /index.php/Index/iscode/groupid/43C1549E222DE8BCFD975AEF5F44443A/username/123/password/qwe/uuid/530180DC-F17B-4DB9-B2AB-E254A65FEFEA/type/updata
INFO: [ route_check ] --START--
INFO: CheckRoute Behavior ::run [ RunTime:0.001768s ]
INFO: [ route_check ] --END-- [ RunTime:0.001896s ]
INFO: [ app_begin ] --START--
INFO: ReadHtmlCache Behavior ::run [ RunTime:0.001435s ]
INFO: [ app_begin ] --END-- [ RunTime:0.001523s ]
SQL: SHOW COLUMNS FROM `app_code` [ RunTime:0.001816s ]
SQL: SELECT * FROM `app_code` WHERE ( username="123" and password="qwe" and groupid="43C1549E222DE8BCFD975AEF5F44443A" ) LIMIT 1   [ RunTime:0.000725s ]
SQL: SHOW COLUMNS FROM `app_group` [ RunTime:0.001318s ]
SQL: SELECT * FROM `app_group` LIMIT 1   [ RunTime:0.000617s ]

[ 2016-04-14T22:01:59+08:00 ] 14.18.187.220 /index.php/Index/iscode/groupid/43C1549E222DE8BCFD975AEF5F44443A/username/123/password/qwe/uuid/530180DC-F17B-4DB9-B2AB-E254A65FEFEA/type/updata
INFO: [ route_check ] --START--
INFO: CheckRoute Behavior ::run [ RunTime:0.001982s ]
INFO: [ route_check ] --END-- [ RunTime:0.002103s ]
INFO: [ app_begin ] --START--
INFO: ReadHtmlCache Behavior ::run [ RunTime:0.001732s ]
INFO: [ app_begin ] --END-- [ RunTime:0.001827s ]
SQL: SHOW COLUMNS FROM `app_code` [ RunTime:0.002822s ]
SQL: SELECT * FROM `app_code` WHERE ( username="123" and password="qwe" and groupid="43C1549E222DE8BCFD975AEF5F44443A" ) LIMIT 1   [ RunTime:0.000826s ]
SQL: SHOW COLUMNS FROM `app_group` [ RunTime:0.001513s ]
SQL: SELECT * FROM `app_group` LIMIT 1   [ RunTime:0.000646s ]

[ 2016-04-14T22:09:17+08:00 ] 14.18.187.220 /index.php/Index/iscode/groupid/43C1549E222DE8BCFD975AEF5F44443A/username/123/password/qwe/uuid/530180DC-F17B-4DB9-B2AB-E254A65FEFEA/type/updata
INFO: [ route_check ] --START--
INFO: CheckRoute Behavior ::run [ RunTime:0.001820s ]
INFO: [ route_check ] --END-- [ RunTime:0.001973s ]
INFO: [ app_begin ] --START--
INFO: ReadHtmlCache Behavior ::run [ RunTime:0.001522s ]
INFO: [ app_begin ] --END-- [ RunTime:0.001631s ]
SQL: SHOW COLUMNS FROM `app_code` [ RunTime:0.001852s ]
SQL: SELECT * FROM `app_code` WHERE ( username="123" and password="qwe" and groupid="43C1549E222DE8BCFD975AEF5F44443A" ) LIMIT 1   [ RunTime:0.000756s ]
SQL: SHOW COLUMNS FROM `app_group` [ RunTime:0.001348s ]
SQL: SELECT * FROM `app_group` LIMIT 1   [ RunTime:0.000791s ]

