[ 2016-04-18T08:14:03+08:00 ] 14.18.191.108 /index.php/Index/iscode/groupid/43C1549E222DE8BCFD975AEF5F44443A/username/dongya002/password/12345678/uuid/C0D8E4A1-B813-4614-A527-ADC6B3AE12DE
INFO: [ route_check ] --START--
INFO: CheckRoute Behavior ::run [ RunTime:0.001633s ]
INFO: [ route_check ] --END-- [ RunTime:0.001768s ]
INFO: [ app_begin ] --START--
INFO: ReadHtmlCache Behavior ::run [ RunTime:0.001055s ]
INFO: [ app_begin ] --END-- [ RunTime:0.001150s ]
SQL: SHOW COLUMNS FROM `app_code` [ RunTime:0.030288s ]
SQL: SELECT * FROM `app_code` WHERE ( username="dongya002" and password="12345678" and groupid="43C1549E222DE8BCFD975AEF5F44443A" ) LIMIT 1   [ RunTime:0.015077s ]
SQL: SHOW COLUMNS FROM `app_group` [ RunTime:0.048366s ]
SQL: SELECT * FROM `app_group` WHERE ( `guid` = '43C1549E222DE8BCFD975AEF5F44443A' ) LIMIT 1   [ RunTime:0.000909s ]
SQL: UPDATE `app_code` SET `uuid`='C0D8E4A1-B813-4614-A527-ADC6B3AE12DE',`binding`=0 WHERE ( `guid` = 'B1F9C6DE677E4184896E95D835A46518' ) [ RunTime:0.000331s ]
NOTIC: [8] Undefined index:  type D:\PHPnow\htdocs\dongya\Lib\Action\IndexAction.class.php ç¬¬ 74 è¡Œ.

[ 2016-04-18T08:14:04+08:00 ] 14.18.191.108 /index.php/Uploadprohot
INFO: [ route_check ] --START--
INFO: CheckRoute Behavior ::run [ RunTime:0.000967s ]
INFO: [ route_check ] --END-- [ RunTime:0.001075s ]
INFO: [ app_begin ] --START--
INFO: ReadHtmlCache Behavior ::run [ RunTime:0.000611s ]
INFO: [ app_begin ] --END-- [ RunTime:0.000696s ]
SQL: SHOW COLUMNS FROM `app_pro` [ RunTime:0.028129s ]
SQL: SELECT * FROM `app_pro` WHERE ( guid="F35D0AC97144ECF26210C9BB709F2FBE" ) LIMIT 1   [ RunTime:0.030562s ]
SQL: UPDATE `app_pro` SET `hot`=34 WHERE ( `guid` = 'F35D0AC97144ECF26210C9BB709F2FBE' ) [ RunTime:0.000372s ]

[ 2016-04-18T08:14:04+08:00 ] 14.18.191.108 /index.php/Index/iscode/groupid/43C1549E222DE8BCFD975AEF5F44443A/username/dongya002/password/12345678/uuid/C0D8E4A1-B813-4614-A527-ADC6B3AE12DE/type/updata
INFO: [ route_check ] --START--
INFO: CheckRoute Behavior ::run [ RunTime:0.000941s ]
INFO: [ route_check ] --END-- [ RunTime:0.001049s ]
INFO: [ app_begin ] --START--
INFO: ReadHtmlCache Behavior ::run [ RunTime:0.000611s ]
INFO: [ app_begin ] --END-- [ RunTime:0.000712s ]
SQL: SHOW COLUMNS FROM `app_code` [ RunTime:0.002048s ]
SQL: SELECT * FROM `app_code` WHERE ( username="dongya002" and password="12345678" and groupid="43C1549E222DE8BCFD975AEF5F44443A" ) LIMIT 1   [ RunTime:0.000843s ]
SQL: SHOW COLUMNS FROM `app_group` [ RunTime:0.001506s ]
SQL: SELECT * FROM `app_group` WHERE ( `guid` = '43C1549E222DE8BCFD975AEF5F44443A' ) LIMIT 1   [ RunTime:0.000633s ]
SQL: UPDATE `app_code` SET `uuid`='C0D8E4A1-B813-4614-A527-ADC6B3AE12DE',`binding`=0 WHERE ( `guid` = 'B1F9C6DE677E4184896E95D835A46518' ) [ RunTime:0.000239s ]

[ 2016-04-18T08:14:10+08:00 ] 14.18.191.108 /index.php/Index/iscode/groupid/43C1549E222DE8BCFD975AEF5F44443A/username/dongya002/password/12345678/uuid/C0D8E4A1-B813-4614-A527-ADC6B3AE12DE/type/updata
INFO: [ route_check ] --START--
INFO: CheckRoute Behavior ::run [ RunTime:0.000977s ]
INFO: [ route_check ] --END-- [ RunTime:0.001120s ]
INFO: [ app_begin ] --START--
INFO: ReadHtmlCache Behavior ::run [ RunTime:0.000632s ]
INFO: [ app_begin ] --END-- [ RunTime:0.000722s ]
SQL: SHOW COLUMNS FROM `app_code` [ RunTime:0.001811s ]
SQL: SELECT * FROM `app_code` WHERE ( username="dongya002" and password="12345678" and groupid="43C1549E222DE8BCFD975AEF5F44443A" ) LIMIT 1   [ RunTime:0.000753s ]
SQL: SHOW COLUMNS FROM `app_group` [ RunTime:0.001521s ]
SQL: SELECT * FROM `app_group` WHERE ( `guid` = '43C1549E222DE8BCFD975AEF5F44443A' ) LIMIT 1   [ RunTime:0.000734s ]
SQL: UPDATE `app_code` SET `uuid`='C0D8E4A1-B813-4614-A527-ADC6B3AE12DE',`binding`=0 WHERE ( `guid` = 'B1F9C6DE677E4184896E95D835A46518' ) [ RunTime:0.000248s ]

[ 2016-04-18T09:57:44+08:00 ] 106.7.131.20 /index.php/Index/iscode/groupid/43C1549E222DE8BCFD975AEF5F44443A/username/dongya003/password/12345678/uuid/F8164170-9E3E-4168-9BD2-B5A797F8EB4B
INFO: [ route_check ] --START--
INFO: CheckRoute Behavior ::run [ RunTime:0.003931s ]
INFO: [ route_check ] --END-- [ RunTime:0.004048s ]
INFO: [ app_begin ] --START--
INFO: ReadHtmlCache Behavior ::run [ RunTime:0.002262s ]
INFO: [ app_begin ] --END-- [ RunTime:0.002351s ]
SQL: SHOW COLUMNS FROM `app_code` [ RunTime:0.004832s ]
SQL: SELECT * FROM `app_code` WHERE ( username="dongya003" and password="12345678" and groupid="43C1549E222DE8BCFD975AEF5F44443A" ) LIMIT 1   [ RunTime:0.004232s ]
SQL: SHOW COLUMNS FROM `app_group` [ RunTime:0.018551s ]
SQL: SELECT * FROM `app_group` WHERE ( `guid` = '43C1549E222DE8BCFD975AEF5F44443A' ) LIMIT 1   [ RunTime:0.000702s ]
SQL: UPDATE `app_code` SET `uuid`='F8164170-9E3E-4168-9BD2-B5A797F8EB4B',`binding`=0 WHERE ( `guid` = '956A973D03644B18A70B0EF34BF76995' ) [ RunTime:0.000268s ]
NOTIC: [8] Undefined index:  type D:\PHPnow\htdocs\dongya\Lib\Action\IndexAction.class.php ç¬¬ 74 è¡Œ.

[ 2016-04-18T09:57:44+08:00 ] 106.7.131.20 /index.php/Uploadprohot
INFO: [ route_check ] --START--
INFO: CheckRoute Behavior ::run [ RunTime:0.001005s ]
INFO: [ route_check ] --END-- [ RunTime:0.001137s ]
INFO: [ app_begin ] --START--
INFO: ReadHtmlCache Behavior ::run [ RunTime:0.000604s ]
INFO: [ app_begin ] --END-- [ RunTime:0.000687s ]
SQL: SHOW COLUMNS FROM `app_pro` [ RunTime:0.022784s ]
SQL: SELECT * FROM `app_pro` WHERE ( guid="F35D0AC97144ECF26210C9BB709F2FBE" ) LIMIT 1   [ RunTime:0.021821s ]
SQL: UPDATE `app_pro` SET `hot`=35 WHERE ( `guid` = 'F35D0AC97144ECF26210C9BB709F2FBE' ) [ RunTime:0.000382s ]
SQL: SELECT * FROM `app_pro` WHERE ( guid="1DF5EC29F9AC9462CE163DCDF1F45CB4" ) LIMIT 1   [ RunTime:0.000299s ]
SQL: UPDATE `app_pro` SET `hot`=47 WHERE ( `guid` = '1DF5EC29F9AC9462CE163DCDF1F45CB4' ) [ RunTime:0.000277s ]
SQL: SELECT * FROM `app_pro` WHERE ( guid="E2AB6B858E7A6FFCFF691A7051CEA03E" ) LIMIT 1   [ RunTime:0.000285s ]
SQL: UPDATE `app_pro` SET `hot`=19 WHERE ( `guid` = 'E2AB6B858E7A6FFCFF691A7051CEA03E' ) [ RunTime:0.000225s ]
SQL: SELECT * FROM `app_pro` WHERE ( guid="18D0AE6DBF5E5988C178D44F02F099C4" ) LIMIT 1   [ RunTime:0.017795s ]
SQL: UPDATE `app_pro` SET `hot`=78 WHERE ( `guid` = '18D0AE6DBF5E5988C178D44F02F099C4' ) [ RunTime:0.000255s ]
SQL: SELECT * FROM `app_pro` WHERE ( guid="1BDD0617E5AF4EDE9D5982BE9536FB36" ) LIMIT 1   [ RunTime:0.006035s ]
SQL: UPDATE `app_pro` SET `hot`=67 WHERE ( `guid` = '1BDD0617E5AF4EDE9D5982BE9536FB36' ) [ RunTime:0.000254s ]
SQL: SELECT * FROM `app_pro` WHERE ( guid="E69DD61C6E3A4B4EB47BFAAB04A42620" ) LIMIT 1   [ RunTime:0.001522s ]
SQL: UPDATE `app_pro` SET `hot`=24 WHERE ( `guid` = 'E69DD61C6E3A4B4EB47BFAAB04A42620' ) [ RunTime:0.000247s ]
SQL: SELECT * FROM `app_pro` WHERE ( guid="88134345BA30468FAFEE816A6C7DC053" ) LIMIT 1   [ RunTime:0.000299s ]
SQL: UPDATE `app_pro` SET `hot`=29 WHERE ( `guid` = '88134345BA30468FAFEE816A6C7DC053' ) [ RunTime:0.000230s ]
SQL: SELECT * FROM `app_pro` WHERE ( guid="A26A337292F04A76B0396CAFE4CA3BA8" ) LIMIT 1   [ RunTime:0.000275s ]
SQL: UPDATE `app_pro` SET `hot`=36 WHERE ( `guid` = 'A26A337292F04A76B0396CAFE4CA3BA8' ) [ RunTime:0.000230s ]
SQL: SELECT * FROM `app_pro` WHERE ( guid="D4A9178525A148F9A353A0AF24E26CEA" ) LIMIT 1   [ RunTime:0.000312s ]
SQL: UPDATE `app_pro` SET `hot`=42 WHERE ( `guid` = 'D4A9178525A148F9A353A0AF24E26CEA' ) [ RunTime:0.000245s ]
SQL: SELECT * FROM `app_pro` WHERE ( guid="3BE8201996E64BCA885B6067349FB61F" ) LIMIT 1   [ RunTime:0.000271s ]
SQL: UPDATE `app_pro` SET `hot`=23 WHERE ( `guid` = '3BE8201996E64BCA885B6067349FB61F' ) [ RunTime:0.000229s ]
SQL: SELECT * FROM `app_pro` WHERE ( guid="327A9048FC0A4266994F8EB8CB78AC61" ) LIMIT 1   [ RunTime:0.000305s ]
SQL: UPDATE `app_pro` SET `hot`=56 WHERE ( `guid` = '327A9048FC0A4266994F8EB8CB78AC61' ) [ RunTime:0.000230s ]
SQL: SELECT * FROM `app_pro` WHERE ( guid="A44320536DB74B70828A3F056BAB36E3" ) LIMIT 1   [ RunTime:0.000275s ]
SQL: UPDATE `app_pro` SET `hot`=29 WHERE ( `guid` = 'A44320536DB74B70828A3F056BAB36E3' ) [ RunTime:0.000235s ]
SQL: SELECT * FROM `app_pro` WHERE ( guid="5D622616AE824F739D4C1770B5683665" ) LIMIT 1   [ RunTime:0.000277s ]
SQL: UPDATE `app_pro` SET `hot`=45 WHERE ( `guid` = '5D622616AE824F739D4C1770B5683665' ) [ RunTime:0.000244s ]
SQL: SELECT * FROM `app_pro` WHERE ( guid="C5CAB2D466BC4C5BBDB277667A618AC9" ) LIMIT 1   [ RunTime:0.000278s ]
SQL: UPDATE `app_pro` SET `hot`=30 WHERE ( `guid` = 'C5CAB2D466BC4C5BBDB277667A618AC9' ) [ RunTime:0.000233s ]
SQL: SELECT * FROM `app_pro` WHERE ( guid="D8689411CE50401ABDE48A02045BA96A" ) LIMIT 1   [ RunTime:0.000274s ]
SQL: UPDATE `app_pro` SET `hot`=18 WHERE ( `guid` = 'D8689411CE50401ABDE48A02045BA96A' ) [ RunTime:0.000230s ]
SQL: SELECT * FROM `app_pro` WHERE ( guid="CA44D866E5EC4F959B9A9FB2D8864875" ) LIMIT 1   [ RunTime:0.000290s ]
SQL: UPDATE `app_pro` SET `hot`=89 WHERE ( `guid` = 'CA44D866E5EC4F959B9A9FB2D8864875' ) [ RunTime:0.000231s ]
SQL: SELECT * FROM `app_pro` WHERE ( guid="BA7AA8CEF92D4D40931AC4F91B714B9E" ) LIMIT 1   [ RunTime:0.000315s ]
SQL: UPDATE `app_pro` SET `hot`=28 WHERE ( `guid` = 'BA7AA8CEF92D4D40931AC4F91B714B9E' ) [ RunTime:0.000264s ]
SQL: SELECT * FROM `app_pro` WHERE ( guid="18253A323CC900A5D07A6A09AAC3D757" ) LIMIT 1   [ RunTime:0.000275s ]
SQL: UPDATE `app_pro` SET `hot`=21 WHERE ( `guid` = '18253A323CC900A5D07A6A09AAC3D757' ) [ RunTime:0.000228s ]
SQL: SELECT * FROM `app_pro` WHERE ( guid="032AABB7BA0EDC87D16F3D3B5801294C" ) LIMIT 1   [ RunTime:0.000292s ]
SQL: UPDATE `app_pro` SET `hot`=24 WHERE ( `guid` = '032AABB7BA0EDC87D16F3D3B5801294C' ) [ RunTime:0.000258s ]
SQL: SELECT * FROM `app_pro` WHERE ( guid="3BFEE9A06DAD7BE04A177FCA9665EA0A" ) LIMIT 1   [ RunTime:0.000270s ]
SQL: UPDATE `app_pro` SET `hot`=22 WHERE ( `guid` = '3BFEE9A06DAD7BE04A177FCA9665EA0A' ) [ RunTime:0.000287s ]
SQL: SELECT * FROM `app_pro` WHERE ( guid="328FA3AB2CF3056A76D595AD079422BE" ) LIMIT 1   [ RunTime:0.000280s ]
SQL: UPDATE `app_pro` SET `hot`=16 WHERE ( `guid` = '328FA3AB2CF3056A76D595AD079422BE' ) [ RunTime:0.000226s ]
SQL: SELECT * FROM `app_pro` WHERE ( guid="042F0F252A3462108D63D96784ED3174" ) LIMIT 1   [ RunTime:0.000281s ]
SQL: UPDATE `app_pro` SET `hot`=23 WHERE ( `guid` = '042F0F252A3462108D63D96784ED3174' ) [ RunTime:0.000224s ]
SQL: SELECT * FROM `app_pro` WHERE ( guid="E12EF73FCB8B62A5D20DE0E2182A06A1" ) LIMIT 1   [ RunTime:0.000264s ]
SQL: UPDATE `app_pro` SET `hot`=11 WHERE ( `guid` = 'E12EF73FCB8B62A5D20DE0E2182A06A1' ) [ RunTime:0.000225s ]
SQL: SELECT * FROM `app_pro` WHERE ( guid="5E3A484FBCB2480D8A1B205CA3C4C3DC" ) LIMIT 1   [ RunTime:0.000265s ]
SQL: UPDATE `app_pro` SET `hot`=40 WHERE ( `guid` = '5E3A484FBCB2480D8A1B205CA3C4C3DC' ) [ RunTime:0.000218s ]
SQL: SELECT * FROM `app_pro` WHERE ( guid="6BA52D745533F9B37FAF7C2619CCD06D" ) LIMIT 1   [ RunTime:0.000287s ]
SQL: UPDATE `app_pro` SET `hot`=6 WHERE ( `guid` = '6BA52D745533F9B37FAF7C2619CCD06D' ) [ RunTime:0.000237s ]
SQL: SELECT * FROM `app_pro` WHERE ( guid="188904C54402055A78319AC928FD3EEC" ) LIMIT 1   [ RunTime:0.000262s ]
SQL: UPDATE `app_pro` SET `hot`=6 WHERE ( `guid` = '188904C54402055A78319AC928FD3EEC' ) [ RunTime:0.000223s ]

[ 2016-04-18T09:57:45+08:00 ] 106.7.131.20 /index.php/Index/iscode/groupid/43C1549E222DE8BCFD975AEF5F44443A/username/dongya003/password/12345678/uuid/F8164170-9E3E-4168-9BD2-B5A797F8EB4B/type/updata
INFO: [ route_check ] --START--
INFO: CheckRoute Behavior ::run [ RunTime:0.001345s ]
INFO: [ route_check ] --END-- [ RunTime:0.001459s ]
INFO: [ app_begin ] --START--
INFO: ReadHtmlCache Behavior ::run [ RunTime:0.001097s ]
INFO: [ app_begin ] --END-- [ RunTime:0.001184s ]
SQL: SHOW COLUMNS FROM `app_code` [ RunTime:0.001643s ]
SQL: SELECT * FROM `app_code` WHERE ( username="dongya003" and password="12345678" and groupid="43C1549E222DE8BCFD975AEF5F44443A" ) LIMIT 1   [ RunTime:0.000788s ]
SQL: SHOW COLUMNS FROM `app_group` [ RunTime:0.001417s ]
SQL: SELECT * FROM `app_group` WHERE ( `guid` = '43C1549E222DE8BCFD975AEF5F44443A' ) LIMIT 1   [ RunTime:0.000648s ]
SQL: UPDATE `app_code` SET `uuid`='F8164170-9E3E-4168-9BD2-B5A797F8EB4B',`binding`=0 WHERE ( `guid` = '956A973D03644B18A70B0EF34BF76995' ) [ RunTime:0.000240s ]

[ 2016-04-18T10:05:09+08:00 ] 219.128.83.233 /index.php/Index/iscode/groupid/43C1549E222DE8BCFD975AEF5F44443A/username/ 1669744802/password/Cy123456/uuid/A9955567-87AC-487E-A411-FEAB02E0E30C
INFO: [ route_check ] --START--
INFO: CheckRoute Behavior ::run [ RunTime:0.001775s ]
INFO: [ route_check ] --END-- [ RunTime:0.001900s ]
INFO: [ app_begin ] --START--
INFO: ReadHtmlCache Behavior ::run [ RunTime:0.001367s ]
INFO: [ app_begin ] --END-- [ RunTime:0.001456s ]
SQL: SHOW COLUMNS FROM `app_code` [ RunTime:0.001892s ]
SQL: SELECT * FROM `app_code` WHERE ( username=" 1669744802" and password="Cy123456" and groupid="43C1549E222DE8BCFD975AEF5F44443A" ) LIMIT 1   [ RunTime:0.000848s ]
SQL: SHOW COLUMNS FROM `app_group` [ RunTime:0.001550s ]
SQL: SELECT * FROM `app_group` LIMIT 1   [ RunTime:0.000706s ]

[ 2016-04-18T10:05:09+08:00 ] 219.128.83.233 /index.php/Uploadprohot
INFO: [ route_check ] --START--
INFO: CheckRoute Behavior ::run [ RunTime:0.001726s ]
INFO: [ route_check ] --END-- [ RunTime:0.001848s ]
INFO: [ app_begin ] --START--
INFO: ReadHtmlCache Behavior ::run [ RunTime:0.001360s ]
INFO: [ app_begin ] --END-- [ RunTime:0.001446s ]
SQL: SHOW COLUMNS FROM `app_pro` [ RunTime:0.002168s ]
SQL: SELECT * FROM `app_pro` WHERE ( guid="327A9048FC0A4266994F8EB8CB78AC61" ) LIMIT 1   [ RunTime:0.000792s ]
SQL: UPDATE `app_pro` SET `hot`=57 WHERE ( `guid` = '327A9048FC0A4266994F8EB8CB78AC61' ) [ RunTime:0.000282s ]
SQL: SELECT * FROM `app_pro` WHERE ( guid="A44320536DB74B70828A3F056BAB36E3" ) LIMIT 1   [ RunTime:0.000278s ]
SQL: UPDATE `app_pro` SET `hot`=30 WHERE ( `guid` = 'A44320536DB74B70828A3F056BAB36E3' ) [ RunTime:0.000230s ]
SQL: SELECT * FROM `app_pro` WHERE ( guid="18D0AE6DBF5E5988C178D44F02F099C4" ) LIMIT 1   [ RunTime:0.000270s ]
SQL: UPDATE `app_pro` SET `hot`=80 WHERE ( `guid` = '18D0AE6DBF5E5988C178D44F02F099C4' ) [ RunTime:0.000227s ]
SQL: SELECT * FROM `app_pro` WHERE ( guid="BD60E8430B135348F29A2A468F84E4FB" ) LIMIT 1   [ RunTime:0.000268s ]
SQL: UPDATE `app_pro` SET `hot`=31 WHERE ( `guid` = 'BD60E8430B135348F29A2A468F84E4FB' ) [ RunTime:0.000227s ]
SQL: SELECT * FROM `app_pro` WHERE ( guid="AAB5C5F382CE4CA9630A8BD99905E1FC" ) LIMIT 1   [ RunTime:0.000269s ]
SQL: UPDATE `app_pro` SET `hot`=51 WHERE ( `guid` = 'AAB5C5F382CE4CA9630A8BD99905E1FC' ) [ RunTime:0.000226s ]
SQL: SELECT * FROM `app_pro` WHERE ( guid="CF3186B46AFD5F8DBF6FD5877896C650" ) LIMIT 1   [ RunTime:0.000264s ]
SQL: UPDATE `app_pro` SET `hot`=22 WHERE ( `guid` = 'CF3186B46AFD5F8DBF6FD5877896C650' ) [ RunTime:0.000228s ]

[ 2016-04-18T10:05:10+08:00 ] 219.128.83.233 /index.php/Index/iscode/groupid/43C1549E222DE8BCFD975AEF5F44443A/username/ 1669744802/password/Cy123456/uuid/A9955567-87AC-487E-A411-FEAB02E0E30C/type/updata
INFO: [ route_check ] --START--
INFO: CheckRoute Behavior ::run [ RunTime:0.001521s ]
INFO: [ route_check ] --END-- [ RunTime:0.001643s ]
INFO: [ app_begin ] --START--
INFO: ReadHtmlCache Behavior ::run [ RunTime:0.001357s ]
INFO: [ app_begin ] --END-- [ RunTime:0.001448s ]
SQL: SHOW COLUMNS FROM `app_code` [ RunTime:0.001641s ]
SQL: SELECT * FROM `app_code` WHERE ( username=" 1669744802" and password="Cy123456" and groupid="43C1549E222DE8BCFD975AEF5F44443A" ) LIMIT 1   [ RunTime:0.000717s ]
SQL: SHOW COLUMNS FROM `app_group` [ RunTime:0.001488s ]
SQL: SELECT * FROM `app_group` LIMIT 1   [ RunTime:0.000620s ]

[ 2016-04-18T10:15:12+08:00 ] 14.18.191.108 /index.php/Index/iscode/groupid/43C1549E222DE8BCFD975AEF5F44443A/username/¶¡¹ãº£/password/2971/uuid/5A713543-81C0-462B-B334-D758D6D862A0
INFO: [ route_check ] --START--
INFO: CheckRoute Behavior ::run [ RunTime:0.001349s ]
INFO: [ route_check ] --END-- [ RunTime:0.001456s ]
INFO: [ app_begin ] --START--
INFO: ReadHtmlCache Behavior ::run [ RunTime:0.001048s ]
INFO: [ app_begin ] --END-- [ RunTime:0.001134s ]
SQL: SHOW COLUMNS FROM `app_code` [ RunTime:0.001786s ]
SQL: SELECT * FROM `app_code` WHERE ( username="¶¡¹ãº£" and password="2971" and groupid="43C1549E222DE8BCFD975AEF5F44443A" ) LIMIT 1   [ RunTime:0.000720s ]
SQL: SHOW COLUMNS FROM `app_group` [ RunTime:0.001380s ]
SQL: SELECT * FROM `app_group` LIMIT 1   [ RunTime:0.000628s ]

[ 2016-04-18T10:15:13+08:00 ] 14.18.191.108 /index.php/Index/iscode/groupid/43C1549E222DE8BCFD975AEF5F44443A/username/¶¡¹ãº£/password/2971/uuid/5A713543-81C0-462B-B334-D758D6D862A0/type/updata
INFO: [ route_check ] --START--
INFO: CheckRoute Behavior ::run [ RunTime:0.000919s ]
INFO: [ route_check ] --END-- [ RunTime:0.001021s ]
INFO: [ app_begin ] --START--
INFO: ReadHtmlCache Behavior ::run [ RunTime:0.000639s ]
INFO: [ app_begin ] --END-- [ RunTime:0.000724s ]
SQL: SHOW COLUMNS FROM `app_code` [ RunTime:0.001644s ]
SQL: SELECT * FROM `app_code` WHERE ( username="¶¡¹ãº£" and password="2971" and groupid="43C1549E222DE8BCFD975AEF5F44443A" ) LIMIT 1   [ RunTime:0.000740s ]
SQL: SHOW COLUMNS FROM `app_group` [ RunTime:0.001300s ]
SQL: SELECT * FROM `app_group` LIMIT 1   [ RunTime:0.000628s ]

[ 2016-04-18T10:16:20+08:00 ] 14.18.191.108 /index.php/Index/iscode/groupid/43C1549E222DE8BCFD975AEF5F44443A/username/¶¡¹ãº£/password/2971/uuid/5A713543-81C0-462B-B334-D758D6D862A0
INFO: [ route_check ] --START--
INFO: CheckRoute Behavior ::run [ RunTime:0.000939s ]
INFO: [ route_check ] --END-- [ RunTime:0.001044s ]
INFO: [ app_begin ] --START--
INFO: ReadHtmlCache Behavior ::run [ RunTime:0.000603s ]
INFO: [ app_begin ] --END-- [ RunTime:0.000687s ]
SQL: SHOW COLUMNS FROM `app_code` [ RunTime:0.001685s ]
SQL: SELECT * FROM `app_code` WHERE ( username="¶¡¹ãº£" and password="2971" and groupid="43C1549E222DE8BCFD975AEF5F44443A" ) LIMIT 1   [ RunTime:0.000728s ]
SQL: SHOW COLUMNS FROM `app_group` [ RunTime:0.001349s ]
SQL: SELECT * FROM `app_group` LIMIT 1   [ RunTime:0.000688s ]

[ 2016-04-18T10:16:21+08:00 ] 14.18.191.108 /index.php/Index/iscode/groupid/43C1549E222DE8BCFD975AEF5F44443A/username/¶¡¹ãº£/password/2971/uuid/5A713543-81C0-462B-B334-D758D6D862A0/type/updata
INFO: [ route_check ] --START--
INFO: CheckRoute Behavior ::run [ RunTime:0.000946s ]
INFO: [ route_check ] --END-- [ RunTime:0.001054s ]
INFO: [ app_begin ] --START--
INFO: ReadHtmlCache Behavior ::run [ RunTime:0.000607s ]
INFO: [ app_begin ] --END-- [ RunTime:0.000690s ]
SQL: SHOW COLUMNS FROM `app_code` [ RunTime:0.002030s ]
SQL: SELECT * FROM `app_code` WHERE ( username="¶¡¹ãº£" and password="2971" and groupid="43C1549E222DE8BCFD975AEF5F44443A" ) LIMIT 1   [ RunTime:0.000855s ]
SQL: SHOW COLUMNS FROM `app_group` [ RunTime:0.001436s ]
SQL: SELECT * FROM `app_group` LIMIT 1   [ RunTime:0.000806s ]

[ 2016-04-18T10:16:43+08:00 ] 14.18.191.108 /index.php/Index/iscode/groupid/43C1549E222DE8BCFD975AEF5F44443A/username/¶¡¹ãº£/password/2971/uuid/5A713543-81C0-462B-B334-D758D6D862A0/type/updata
INFO: [ route_check ] --START--
INFO: CheckRoute Behavior ::run [ RunTime:0.000959s ]
INFO: [ route_check ] --END-- [ RunTime:0.001068s ]
INFO: [ app_begin ] --START--
INFO: ReadHtmlCache Behavior ::run [ RunTime:0.000619s ]
INFO: [ app_begin ] --END-- [ RunTime:0.000704s ]
SQL: SHOW COLUMNS FROM `app_code` [ RunTime:0.001699s ]
SQL: SELECT * FROM `app_code` WHERE ( username="¶¡¹ãº£" and password="2971" and groupid="43C1549E222DE8BCFD975AEF5F44443A" ) LIMIT 1   [ RunTime:0.001002s ]
SQL: SHOW COLUMNS FROM `app_group` [ RunTime:0.001488s ]
SQL: SELECT * FROM `app_group` LIMIT 1   [ RunTime:0.000635s ]

[ 2016-04-18T10:25:17+08:00 ] 116.248.71.157 /index.php/Index/iscode/groupid/43C1549E222DE8BCFD975AEF5F44443A/username/dongya015/password/12345678/uuid/CA7569F2-6812-4333-A46A-B7D93B81C9B4
INFO: [ route_check ] --START--
INFO: CheckRoute Behavior ::run [ RunTime:0.001339s ]
INFO: [ route_check ] --END-- [ RunTime:0.001444s ]
INFO: [ app_begin ] --START--
INFO: ReadHtmlCache Behavior ::run [ RunTime:0.001197s ]
INFO: [ app_begin ] --END-- [ RunTime:0.001311s ]
SQL: SHOW COLUMNS FROM `app_code` [ RunTime:0.001599s ]
SQL: SELECT * FROM `app_code` WHERE ( username="dongya015" and password="12345678" and groupid="43C1549E222DE8BCFD975AEF5F44443A" ) LIMIT 1   [ RunTime:0.000714s ]
SQL: SHOW COLUMNS FROM `app_group` [ RunTime:0.001285s ]
SQL: SELECT * FROM `app_group` WHERE ( `guid` = '43C1549E222DE8BCFD975AEF5F44443A' ) LIMIT 1   [ RunTime:0.000648s ]
SQL: UPDATE `app_code` SET `uuid`='CA7569F2-6812-4333-A46A-B7D93B81C9B4',`binding`=0 WHERE ( `guid` = '3816EC48214D465BB7FF219AC09651E6' ) [ RunTime:0.000279s ]
NOTIC: [8] Undefined index:  type D:\PHPnow\htdocs\dongya\Lib\Action\IndexAction.class.php ç¬¬ 74 è¡Œ.

[ 2016-04-18T10:25:18+08:00 ] 116.248.71.157 /index.php/Index/iscode/groupid/43C1549E222DE8BCFD975AEF5F44443A/username/dongya015/password/12345678/uuid/CA7569F2-6812-4333-A46A-B7D93B81C9B4/type/updata
INFO: [ route_check ] --START--
INFO: CheckRoute Behavior ::run [ RunTime:0.000937s ]
INFO: [ route_check ] --END-- [ RunTime:0.001044s ]
INFO: [ app_begin ] --START--
INFO: ReadHtmlCache Behavior ::run [ RunTime:0.000630s ]
INFO: [ app_begin ] --END-- [ RunTime:0.000715s ]
SQL: SHOW COLUMNS FROM `app_code` [ RunTime:0.001659s ]
SQL: SELECT * FROM `app_code` WHERE ( username="dongya015" and password="12345678" and groupid="43C1549E222DE8BCFD975AEF5F44443A" ) LIMIT 1   [ RunTime:0.000750s ]
SQL: SHOW COLUMNS FROM `app_group` [ RunTime:0.001303s ]
SQL: SELECT * FROM `app_group` WHERE ( `guid` = '43C1549E222DE8BCFD975AEF5F44443A' ) LIMIT 1   [ RunTime:0.000626s ]
SQL: UPDATE `app_code` SET `uuid`='CA7569F2-6812-4333-A46A-B7D93B81C9B4',`binding`=0 WHERE ( `guid` = '3816EC48214D465BB7FF219AC09651E6' ) [ RunTime:0.000238s ]

[ 2016-04-18T10:26:50+08:00 ] 116.248.71.157 /index.php/Index/iscode/groupid/43C1549E222DE8BCFD975AEF5F44443A/username/dongya015/password/12345678/uuid/CA7569F2-6812-4333-A46A-B7D93B81C9B4/type/updata
INFO: [ route_check ] --START--
INFO: CheckRoute Behavior ::run [ RunTime:0.001094s ]
INFO: [ route_check ] --END-- [ RunTime:0.001220s ]
INFO: [ app_begin ] --START--
INFO: ReadHtmlCache Behavior ::run [ RunTime:0.000627s ]
INFO: [ app_begin ] --END-- [ RunTime:0.000714s ]
SQL: SHOW COLUMNS FROM `app_code` [ RunTime:0.001623s ]
SQL: SELECT * FROM `app_code` WHERE ( username="dongya015" and password="12345678" and groupid="43C1549E222DE8BCFD975AEF5F44443A" ) LIMIT 1   [ RunTime:0.000729s ]
SQL: SHOW COLUMNS FROM `app_group` [ RunTime:0.001298s ]
SQL: SELECT * FROM `app_group` WHERE ( `guid` = '43C1549E222DE8BCFD975AEF5F44443A' ) LIMIT 1   [ RunTime:0.000707s ]
SQL: UPDATE `app_code` SET `uuid`='CA7569F2-6812-4333-A46A-B7D93B81C9B4',`binding`=0 WHERE ( `guid` = '3816EC48214D465BB7FF219AC09651E6' ) [ RunTime:0.000237s ]

[ 2016-04-18T10:42:19+08:00 ] 116.248.71.157 /index.php/Index/iscode/groupid/43C1549E222DE8BCFD975AEF5F44443A/username/dongya015/password/12345678/uuid/CA7569F2-6812-4333-A46A-B7D93B81C9B4
INFO: [ route_check ] --START--
INFO: CheckRoute Behavior ::run [ RunTime:0.001801s ]
INFO: [ route_check ] --END-- [ RunTime:0.001921s ]
INFO: [ app_begin ] --START--
INFO: ReadHtmlCache Behavior ::run [ RunTime:0.001355s ]
INFO: [ app_begin ] --END-- [ RunTime:0.001443s ]
SQL: SHOW COLUMNS FROM `app_code` [ RunTime:0.002401s ]
SQL: SELECT * FROM `app_code` WHERE ( username="dongya015" and password="12345678" and groupid="43C1549E222DE8BCFD975AEF5F44443A" ) LIMIT 1   [ RunTime:0.000883s ]
SQL: SHOW COLUMNS FROM `app_group` [ RunTime:0.001554s ]
SQL: SELECT * FROM `app_group` WHERE ( `guid` = '43C1549E222DE8BCFD975AEF5F44443A' ) LIMIT 1   [ RunTime:0.000772s ]
SQL: UPDATE `app_code` SET `uuid`='CA7569F2-6812-4333-A46A-B7D93B81C9B4',`binding`=0 WHERE ( `guid` = '3816EC48214D465BB7FF219AC09651E6' ) [ RunTime:0.000245s ]
NOTIC: [8] Undefined index:  type D:\PHPnow\htdocs\dongya\Lib\Action\IndexAction.class.php ç¬¬ 74 è¡Œ.

[ 2016-04-18T10:42:19+08:00 ] 116.248.71.157 /index.php/Index/iscode/groupid/43C1549E222DE8BCFD975AEF5F44443A/username/dongya015/password/12345678/uuid/CA7569F2-6812-4333-A46A-B7D93B81C9B4/type/updata
INFO: [ route_check ] --START--
INFO: CheckRoute Behavior ::run [ RunTime:0.001610s ]
INFO: [ route_check ] --END-- [ RunTime:0.001715s ]
INFO: [ app_begin ] --START--
INFO: ReadHtmlCache Behavior ::run [ RunTime:0.001331s ]
INFO: [ app_begin ] --END-- [ RunTime:0.001423s ]
SQL: SHOW COLUMNS FROM `app_code` [ RunTime:0.001650s ]
SQL: SELECT * FROM `app_code` WHERE ( username="dongya015" and password="12345678" and groupid="43C1549E222DE8BCFD975AEF5F44443A" ) LIMIT 1   [ RunTime:0.000946s ]
SQL: SHOW COLUMNS FROM `app_group` [ RunTime:0.001864s ]
SQL: SELECT * FROM `app_group` WHERE ( `guid` = '43C1549E222DE8BCFD975AEF5F44443A' ) LIMIT 1   [ RunTime:0.000765s ]
SQL: UPDATE `app_code` SET `uuid`='CA7569F2-6812-4333-A46A-B7D93B81C9B4',`binding`=0 WHERE ( `guid` = '3816EC48214D465BB7FF219AC09651E6' ) [ RunTime:0.000271s ]

[ 2016-04-18T10:45:39+08:00 ] 116.248.71.157 /index.php/Index/iscode/groupid/43C1549E222DE8BCFD975AEF5F44443A/username/dongya015/password/12345678/uuid/CA7569F2-6812-4333-A46A-B7D93B81C9B4/type/updata
INFO: [ route_check ] --START--
INFO: CheckRoute Behavior ::run [ RunTime:0.001669s ]
INFO: [ route_check ] --END-- [ RunTime:0.001774s ]
INFO: [ app_begin ] --START--
INFO: ReadHtmlCache Behavior ::run [ RunTime:0.001332s ]
INFO: [ app_begin ] --END-- [ RunTime:0.001419s ]
SQL: SHOW COLUMNS FROM `app_code` [ RunTime:0.001707s ]
SQL: SELECT * FROM `app_code` WHERE ( username="dongya015" and password="12345678" and groupid="43C1549E222DE8BCFD975AEF5F44443A" ) LIMIT 1   [ RunTime:0.000728s ]
SQL: SHOW COLUMNS FROM `app_group` [ RunTime:0.001359s ]
SQL: SELECT * FROM `app_group` WHERE ( `guid` = '43C1549E222DE8BCFD975AEF5F44443A' ) LIMIT 1   [ RunTime:0.000671s ]
SQL: UPDATE `app_code` SET `uuid`='CA7569F2-6812-4333-A46A-B7D93B81C9B4',`binding`=0 WHERE ( `guid` = '3816EC48214D465BB7FF219AC09651E6' ) [ RunTime:0.000254s ]

[ 2016-04-18T10:45:48+08:00 ] 116.248.71.157 /index.php/Index/iscode/groupid/43C1549E222DE8BCFD975AEF5F44443A/username/dongya015/password/12345678/uuid/CA7569F2-6812-4333-A46A-B7D93B81C9B4/type/updata
INFO: [ route_check ] --START--
INFO: CheckRoute Behavior ::run [ RunTime:0.001498s ]
INFO: [ route_check ] --END-- [ RunTime:0.001609s ]
INFO: [ app_begin ] --START--
INFO: ReadHtmlCache Behavior ::run [ RunTime:0.001324s ]
INFO: [ app_begin ] --END-- [ RunTime:0.001410s ]
SQL: SHOW COLUMNS FROM `app_code` [ RunTime:0.001723s ]
SQL: SELECT * FROM `app_code` WHERE ( username="dongya015" and password="12345678" and groupid="43C1549E222DE8BCFD975AEF5F44443A" ) LIMIT 1   [ RunTime:0.000727s ]
SQL: SHOW COLUMNS FROM `app_group` [ RunTime:0.001291s ]
SQL: SELECT * FROM `app_group` WHERE ( `guid` = '43C1549E222DE8BCFD975AEF5F44443A' ) LIMIT 1   [ RunTime:0.000733s ]
SQL: UPDATE `app_code` SET `uuid`='CA7569F2-6812-4333-A46A-B7D93B81C9B4',`binding`=0 WHERE ( `guid` = '3816EC48214D465BB7FF219AC09651E6' ) [ RunTime:0.000238s ]

[ 2016-04-18T13:01:53+08:00 ] 58.252.62.27 /index.php/Index/iscode/groupid/43C1549E222DE8BCFD975AEF5F44443A/username/dongya015/password/12345678/uuid/DC07ED78-D305-45A8-A4DF-6EB84519B963
INFO: [ route_check ] --START--
INFO: CheckRoute Behavior ::run [ RunTime:0.001357s ]
INFO: [ route_check ] --END-- [ RunTime:0.001462s ]
INFO: [ app_begin ] --START--
INFO: ReadHtmlCache Behavior ::run [ RunTime:0.001020s ]
INFO: [ app_begin ] --END-- [ RunTime:0.001107s ]
SQL: SHOW COLUMNS FROM `app_code` [ RunTime:0.001846s ]
SQL: SELECT * FROM `app_code` WHERE ( username="dongya015" and password="12345678" and groupid="43C1549E222DE8BCFD975AEF5F44443A" ) LIMIT 1   [ RunTime:0.000737s ]
SQL: SHOW COLUMNS FROM `app_group` [ RunTime:0.001833s ]
SQL: SELECT * FROM `app_group` WHERE ( `guid` = '43C1549E222DE8BCFD975AEF5F44443A' ) LIMIT 1   [ RunTime:0.000647s ]
SQL: UPDATE `app_code` SET `uuid`='DC07ED78-D305-45A8-A4DF-6EB84519B963',`binding`=0 WHERE ( `guid` = '3816EC48214D465BB7FF219AC09651E6' ) [ RunTime:0.000255s ]
NOTIC: [8] Undefined index:  type D:\PHPnow\htdocs\dongya\Lib\Action\IndexAction.class.php ç¬¬ 74 è¡Œ.

[ 2016-04-18T13:01:53+08:00 ] 58.252.62.27 /index.php/Index/iscode/groupid/43C1549E222DE8BCFD975AEF5F44443A/username/dongya015/password/12345678/uuid/DC07ED78-D305-45A8-A4DF-6EB84519B963/type/updata
INFO: [ route_check ] --START--
INFO: CheckRoute Behavior ::run [ RunTime:0.000964s ]
INFO: [ route_check ] --END-- [ RunTime:0.001069s ]
INFO: [ app_begin ] --START--
INFO: ReadHtmlCache Behavior ::run [ RunTime:0.000793s ]
INFO: [ app_begin ] --END-- [ RunTime:0.000892s ]
SQL: SHOW COLUMNS FROM `app_code` [ RunTime:0.001726s ]
SQL: SELECT * FROM `app_code` WHERE ( username="dongya015" and password="12345678" and groupid="43C1549E222DE8BCFD975AEF5F44443A" ) LIMIT 1   [ RunTime:0.000774s ]
SQL: SHOW COLUMNS FROM `app_group` [ RunTime:0.001448s ]
SQL: SELECT * FROM `app_group` WHERE ( `guid` = '43C1549E222DE8BCFD975AEF5F44443A' ) LIMIT 1   [ RunTime:0.000630s ]
SQL: UPDATE `app_code` SET `uuid`='DC07ED78-D305-45A8-A4DF-6EB84519B963',`binding`=0 WHERE ( `guid` = '3816EC48214D465BB7FF219AC09651E6' ) [ RunTime:0.000237s ]

[ 2016-04-18T13:05:54+08:00 ] 58.252.62.27 /index.php/Index/iscode/groupid/43C1549E222DE8BCFD975AEF5F44443A/username/dongya015/password/12345678/uuid/DC07ED78-D305-45A8-A4DF-6EB84519B963
INFO: [ route_check ] --START--
INFO: CheckRoute Behavior ::run [ RunTime:0.001400s ]
INFO: [ route_check ] --END-- [ RunTime:0.001520s ]
INFO: [ app_begin ] --START--
INFO: ReadHtmlCache Behavior ::run [ RunTime:0.001009s ]
INFO: [ app_begin ] --END-- [ RunTime:0.001096s ]
SQL: SHOW COLUMNS FROM `app_code` [ RunTime:0.001765s ]
SQL: SELECT * FROM `app_code` WHERE ( username="dongya015" and password="12345678" and groupid="43C1549E222DE8BCFD975AEF5F44443A" ) LIMIT 1   [ RunTime:0.000784s ]
SQL: SHOW COLUMNS FROM `app_group` [ RunTime:0.001456s ]
SQL: SELECT * FROM `app_group` WHERE ( `guid` = '43C1549E222DE8BCFD975AEF5F44443A' ) LIMIT 1   [ RunTime:0.000672s ]
SQL: UPDATE `app_code` SET `uuid`='DC07ED78-D305-45A8-A4DF-6EB84519B963',`binding`=0 WHERE ( `guid` = '3816EC48214D465BB7FF219AC09651E6' ) [ RunTime:0.000266s ]
NOTIC: [8] Undefined index:  type D:\PHPnow\htdocs\dongya\Lib\Action\IndexAction.class.php ç¬¬ 74 è¡Œ.

[ 2016-04-18T13:05:55+08:00 ] 58.252.62.27 /index.php/Index/iscode/groupid/43C1549E222DE8BCFD975AEF5F44443A/username/dongya015/password/12345678/uuid/DC07ED78-D305-45A8-A4DF-6EB84519B963/type/updata
INFO: [ route_check ] --START--
INFO: CheckRoute Behavior ::run [ RunTime:0.000965s ]
INFO: [ route_check ] --END-- [ RunTime:0.001084s ]
INFO: [ app_begin ] --START--
INFO: ReadHtmlCache Behavior ::run [ RunTime:0.000614s ]
INFO: [ app_begin ] --END-- [ RunTime:0.000697s ]
SQL: SHOW COLUMNS FROM `app_code` [ RunTime:0.001684s ]
SQL: SELECT * FROM `app_code` WHERE ( username="dongya015" and password="12345678" and groupid="43C1549E222DE8BCFD975AEF5F44443A" ) LIMIT 1   [ RunTime:0.000790s ]
SQL: SHOW COLUMNS FROM `app_group` [ RunTime:0.001384s ]
SQL: SELECT * FROM `app_group` WHERE ( `guid` = '43C1549E222DE8BCFD975AEF5F44443A' ) LIMIT 1   [ RunTime:0.000627s ]
SQL: UPDATE `app_code` SET `uuid`='DC07ED78-D305-45A8-A4DF-6EB84519B963',`binding`=0 WHERE ( `guid` = '3816EC48214D465BB7FF219AC09651E6' ) [ RunTime:0.000241s ]

[ 2016-04-18T13:06:02+08:00 ] 58.252.62.27 /index.php/Index/iscode/groupid/43C1549E222DE8BCFD975AEF5F44443A/username/dongya015/password/12345678/uuid/DC07ED78-D305-45A8-A4DF-6EB84519B963/type/updata
INFO: [ route_check ] --START--
INFO: CheckRoute Behavior ::run [ RunTime:0.001327s ]
INFO: [ route_check ] --END-- [ RunTime:0.001506s ]
INFO: [ app_begin ] --START--
INFO: ReadHtmlCache Behavior ::run [ RunTime:0.000746s ]
INFO: [ app_begin ] --END-- [ RunTime:0.000850s ]
SQL: SHOW COLUMNS FROM `app_code` [ RunTime:0.001735s ]
SQL: SELECT * FROM `app_code` WHERE ( username="dongya015" and password="12345678" and groupid="43C1549E222DE8BCFD975AEF5F44443A" ) LIMIT 1   [ RunTime:0.000739s ]
SQL: SHOW COLUMNS FROM `app_group` [ RunTime:0.001368s ]
SQL: SELECT * FROM `app_group` WHERE ( `guid` = '43C1549E222DE8BCFD975AEF5F44443A' ) LIMIT 1   [ RunTime:0.000653s ]
SQL: UPDATE `app_code` SET `uuid`='DC07ED78-D305-45A8-A4DF-6EB84519B963',`binding`=0 WHERE ( `guid` = '3816EC48214D465BB7FF219AC09651E6' ) [ RunTime:0.000252s ]

[ 2016-04-18T13:07:56+08:00 ] 58.252.62.27 /index.php/Index/iscode/groupid/43C1549E222DE8BCFD975AEF5F44443A/username/dongya015/password/12345678/uuid/DC07ED78-D305-45A8-A4DF-6EB84519B963/type/updata
INFO: [ route_check ] --START--
INFO: CheckRoute Behavior ::run [ RunTime:0.001365s ]
INFO: [ route_check ] --END-- [ RunTime:0.001480s ]
INFO: [ app_begin ] --START--
INFO: ReadHtmlCache Behavior ::run [ RunTime:0.001013s ]
INFO: [ app_begin ] --END-- [ RunTime:0.001100s ]
SQL: SHOW COLUMNS FROM `app_code` [ RunTime:0.002149s ]
SQL: SELECT * FROM `app_code` WHERE ( username="dongya015" and password="12345678" and groupid="43C1549E222DE8BCFD975AEF5F44443A" ) LIMIT 1   [ RunTime:0.000950s ]
SQL: SHOW COLUMNS FROM `app_group` [ RunTime:0.001684s ]
SQL: SELECT * FROM `app_group` WHERE ( `guid` = '43C1549E222DE8BCFD975AEF5F44443A' ) LIMIT 1   [ RunTime:0.000666s ]
SQL: UPDATE `app_code` SET `uuid`='DC07ED78-D305-45A8-A4DF-6EB84519B963',`binding`=0 WHERE ( `guid` = '3816EC48214D465BB7FF219AC09651E6' ) [ RunTime:0.000242s ]

[ 2016-04-18T13:11:28+08:00 ] 58.252.62.27 /index.php/Index/iscode/groupid/43C1549E222DE8BCFD975AEF5F44443A/username/dongya015/password/12345678/uuid/DC07ED78-D305-45A8-A4DF-6EB84519B963/type/updata
INFO: [ route_check ] --START--
INFO: CheckRoute Behavior ::run [ RunTime:0.001368s ]
INFO: [ route_check ] --END-- [ RunTime:0.001489s ]
INFO: [ app_begin ] --START--
INFO: ReadHtmlCache Behavior ::run [ RunTime:0.001017s ]
INFO: [ app_begin ] --END-- [ RunTime:0.001105s ]
SQL: SHOW COLUMNS FROM `app_code` [ RunTime:0.001653s ]
SQL: SELECT * FROM `app_code` WHERE ( username="dongya015" and password="12345678" and groupid="43C1549E222DE8BCFD975AEF5F44443A" ) LIMIT 1   [ RunTime:0.000855s ]
SQL: SHOW COLUMNS FROM `app_group` [ RunTime:0.001288s ]
SQL: SELECT * FROM `app_group` WHERE ( `guid` = '43C1549E222DE8BCFD975AEF5F44443A' ) LIMIT 1   [ RunTime:0.000627s ]
SQL: UPDATE `app_code` SET `uuid`='DC07ED78-D305-45A8-A4DF-6EB84519B963',`binding`=0 WHERE ( `guid` = '3816EC48214D465BB7FF219AC09651E6' ) [ RunTime:0.000240s ]

[ 2016-04-18T13:33:43+08:00 ] 223.73.242.60 /index.php/Index/iscode/groupid/43C1549E222DE8BCFD975AEF5F44443A/username/dongya002/password/12345678/uuid/2BD16442-92E4-4320-913F-0727A9FBCCC2
INFO: [ route_check ] --START--
INFO: CheckRoute Behavior ::run [ RunTime:0.001477s ]
INFO: [ route_check ] --END-- [ RunTime:0.001582s ]
INFO: [ app_begin ] --START--
INFO: ReadHtmlCache Behavior ::run [ RunTime:0.001058s ]
INFO: [ app_begin ] --END-- [ RunTime:0.001143s ]
SQL: SHOW COLUMNS FROM `app_code` [ RunTime:0.001823s ]
SQL: SELECT * FROM `app_code` WHERE ( username="dongya002" and password="12345678" and groupid="43C1549E222DE8BCFD975AEF5F44443A" ) LIMIT 1   [ RunTime:0.000728s ]
SQL: SHOW COLUMNS FROM `app_group` [ RunTime:0.001497s ]
SQL: SELECT * FROM `app_group` WHERE ( `guid` = '43C1549E222DE8BCFD975AEF5F44443A' ) LIMIT 1   [ RunTime:0.000635s ]
SQL: UPDATE `app_code` SET `uuid`='2BD16442-92E4-4320-913F-0727A9FBCCC2',`binding`=0 WHERE ( `guid` = 'B1F9C6DE677E4184896E95D835A46518' ) [ RunTime:0.000317s ]
NOTIC: [8] Undefined index:  type D:\PHPnow\htdocs\dongya\Lib\Action\IndexAction.class.php ç¬¬ 74 è¡Œ.

[ 2016-04-18T13:33:44+08:00 ] 223.73.242.60 /index.php/Index/iscode/groupid/43C1549E222DE8BCFD975AEF5F44443A/username/dongya002/password/12345678/uuid/2BD16442-92E4-4320-913F-0727A9FBCCC2/type/updata
INFO: [ route_check ] --START--
INFO: CheckRoute Behavior ::run [ RunTime:0.000926s ]
INFO: [ route_check ] --END-- [ RunTime:0.001029s ]
INFO: [ app_begin ] --START--
INFO: ReadHtmlCache Behavior ::run [ RunTime:0.000598s ]
INFO: [ app_begin ] --END-- [ RunTime:0.000681s ]
SQL: SHOW COLUMNS FROM `app_code` [ RunTime:0.001643s ]
SQL: SELECT * FROM `app_code` WHERE ( username="dongya002" and password="12345678" and groupid="43C1549E222DE8BCFD975AEF5F44443A" ) LIMIT 1   [ RunTime:0.000734s ]
SQL: SHOW COLUMNS FROM `app_group` [ RunTime:0.001312s ]
SQL: SELECT * FROM `app_group` WHERE ( `guid` = '43C1549E222DE8BCFD975AEF5F44443A' ) LIMIT 1   [ RunTime:0.000631s ]
SQL: UPDATE `app_code` SET `uuid`='2BD16442-92E4-4320-913F-0727A9FBCCC2',`binding`=0 WHERE ( `guid` = 'B1F9C6DE677E4184896E95D835A46518' ) [ RunTime:0.000240s ]

[ 2016-04-18T13:33:57+08:00 ] 223.73.242.60 /index.php/Index/iscode/groupid/43C1549E222DE8BCFD975AEF5F44443A/username/dongya002/password/12345678/uuid/2BD16442-92E4-4320-913F-0727A9FBCCC2/type/updata
INFO: [ route_check ] --START--
INFO: CheckRoute Behavior ::run [ RunTime:0.000977s ]
INFO: [ route_check ] --END-- [ RunTime:0.001117s ]
INFO: [ app_begin ] --START--
INFO: ReadHtmlCache Behavior ::run [ RunTime:0.000614s ]
INFO: [ app_begin ] --END-- [ RunTime:0.000697s ]
SQL: SHOW COLUMNS FROM `app_code` [ RunTime:0.001788s ]
SQL: SELECT * FROM `app_code` WHERE ( username="dongya002" and password="12345678" and groupid="43C1549E222DE8BCFD975AEF5F44443A" ) LIMIT 1   [ RunTime:0.000766s ]
SQL: SHOW COLUMNS FROM `app_group` [ RunTime:0.001747s ]
SQL: SELECT * FROM `app_group` WHERE ( `guid` = '43C1549E222DE8BCFD975AEF5F44443A' ) LIMIT 1   [ RunTime:0.000785s ]
SQL: UPDATE `app_code` SET `uuid`='2BD16442-92E4-4320-913F-0727A9FBCCC2',`binding`=0 WHERE ( `guid` = 'B1F9C6DE677E4184896E95D835A46518' ) [ RunTime:0.000303s ]

[ 2016-04-18T13:34:20+08:00 ] 223.73.242.60 /index.php/Index/iscode/groupid/43C1549E222DE8BCFD975AEF5F44443A/username/dongya002/password/12345678/uuid/2BD16442-92E4-4320-913F-0727A9FBCCC2/type/updata
INFO: [ route_check ] --START--
INFO: CheckRoute Behavior ::run [ RunTime:0.000945s ]
INFO: [ route_check ] --END-- [ RunTime:0.001058s ]
INFO: [ app_begin ] --START--
INFO: ReadHtmlCache Behavior ::run [ RunTime:0.000608s ]
INFO: [ app_begin ] --END-- [ RunTime:0.000693s ]
SQL: SHOW COLUMNS FROM `app_code` [ RunTime:0.001761s ]
SQL: SELECT * FROM `app_code` WHERE ( username="dongya002" and password="12345678" and groupid="43C1549E222DE8BCFD975AEF5F44443A" ) LIMIT 1   [ RunTime:0.000708s ]
SQL: SHOW COLUMNS FROM `app_group` [ RunTime:0.001345s ]
SQL: SELECT * FROM `app_group` WHERE ( `guid` = '43C1549E222DE8BCFD975AEF5F44443A' ) LIMIT 1   [ RunTime:0.000638s ]
SQL: UPDATE `app_code` SET `uuid`='2BD16442-92E4-4320-913F-0727A9FBCCC2',`binding`=0 WHERE ( `guid` = 'B1F9C6DE677E4184896E95D835A46518' ) [ RunTime:0.000242s ]

[ 2016-04-18T13:34:48+08:00 ] 223.73.242.60 /index.php/Index/iscode/groupid/43C1549E222DE8BCFD975AEF5F44443A/username/dongya002/password/12345678/uuid/2BD16442-92E4-4320-913F-0727A9FBCCC2/type/updata
INFO: [ route_check ] --START--
INFO: CheckRoute Behavior ::run [ RunTime:0.001245s ]
INFO: [ route_check ] --END-- [ RunTime:0.001389s ]
INFO: [ app_begin ] --START--
INFO: ReadHtmlCache Behavior ::run [ RunTime:0.000679s ]
INFO: [ app_begin ] --END-- [ RunTime:0.000767s ]
SQL: SHOW COLUMNS FROM `app_code` [ RunTime:0.001698s ]
SQL: SELECT * FROM `app_code` WHERE ( username="dongya002" and password="12345678" and groupid="43C1549E222DE8BCFD975AEF5F44443A" ) LIMIT 1   [ RunTime:0.000780s ]
SQL: SHOW COLUMNS FROM `app_group` [ RunTime:0.001480s ]
SQL: SELECT * FROM `app_group` WHERE ( `guid` = '43C1549E222DE8BCFD975AEF5F44443A' ) LIMIT 1   [ RunTime:0.000651s ]
SQL: UPDATE `app_code` SET `uuid`='2BD16442-92E4-4320-913F-0727A9FBCCC2',`binding`=0 WHERE ( `guid` = 'B1F9C6DE677E4184896E95D835A46518' ) [ RunTime:0.000250s ]

[ 2016-04-18T13:35:09+08:00 ] 223.73.242.60 /index.php/Index/iscode/groupid/43C1549E222DE8BCFD975AEF5F44443A/username/dongya002/password/12345678/uuid/2BD16442-92E4-4320-913F-0727A9FBCCC2/type/updata
INFO: [ route_check ] --START--
INFO: CheckRoute Behavior ::run [ RunTime:0.000953s ]
INFO: [ route_check ] --END-- [ RunTime:0.001068s ]
INFO: [ app_begin ] --START--
INFO: ReadHtmlCache Behavior ::run [ RunTime:0.000619s ]
INFO: [ app_begin ] --END-- [ RunTime:0.000703s ]
SQL: SHOW COLUMNS FROM `app_code` [ RunTime:0.001692s ]
SQL: SELECT * FROM `app_code` WHERE ( username="dongya002" and password="12345678" and groupid="43C1549E222DE8BCFD975AEF5F44443A" ) LIMIT 1   [ RunTime:0.000726s ]
SQL: SHOW COLUMNS FROM `app_group` [ RunTime:0.001598s ]
SQL: SELECT * FROM `app_group` WHERE ( `guid` = '43C1549E222DE8BCFD975AEF5F44443A' ) LIMIT 1   [ RunTime:0.000633s ]
SQL: UPDATE `app_code` SET `uuid`='2BD16442-92E4-4320-913F-0727A9FBCCC2',`binding`=0 WHERE ( `guid` = 'B1F9C6DE677E4184896E95D835A46518' ) [ RunTime:0.000396s ]

[ 2016-04-18T14:07:37+08:00 ] 14.219.37.203 /index.php/Index/iscode/groupid/43C1549E222DE8BCFD975AEF5F44443A/username/dongya015/password/12345678/uuid/DC07ED78-D305-45A8-A4DF-6EB84519B963/type/updata
INFO: [ route_check ] --START--
INFO: CheckRoute Behavior ::run [ RunTime:0.001361s ]
INFO: [ route_check ] --END-- [ RunTime:0.001479s ]
INFO: [ app_begin ] --START--
INFO: ReadHtmlCache Behavior ::run [ RunTime:0.001005s ]
INFO: [ app_begin ] --END-- [ RunTime:0.001092s ]
SQL: SHOW COLUMNS FROM `app_code` [ RunTime:0.002538s ]
SQL: SELECT * FROM `app_code` WHERE ( username="dongya015" and password="12345678" and groupid="43C1549E222DE8BCFD975AEF5F44443A" ) LIMIT 1   [ RunTime:0.000899s ]
SQL: SHOW COLUMNS FROM `app_group` [ RunTime:0.002144s ]
SQL: SELECT * FROM `app_group` WHERE ( `guid` = '43C1549E222DE8BCFD975AEF5F44443A' ) LIMIT 1   [ RunTime:0.000733s ]
SQL: UPDATE `app_code` SET `uuid`='DC07ED78-D305-45A8-A4DF-6EB84519B963',`binding`=0 WHERE ( `guid` = '3816EC48214D465BB7FF219AC09651E6' ) [ RunTime:0.000256s ]

[ 2016-04-18T14:07:45+08:00 ] 14.219.37.203 /index.php/Index/iscode/groupid/43C1549E222DE8BCFD975AEF5F44443A/username/dongya015/password/12345678/uuid/DC07ED78-D305-45A8-A4DF-6EB84519B963/type/updata
INFO: [ route_check ] --START--
INFO: CheckRoute Behavior ::run [ RunTime:0.000969s ]
INFO: [ route_check ] --END-- [ RunTime:0.001084s ]
INFO: [ app_begin ] --START--
INFO: ReadHtmlCache Behavior ::run [ RunTime:0.000670s ]
INFO: [ app_begin ] --END-- [ RunTime:0.000758s ]
SQL: SHOW COLUMNS FROM `app_code` [ RunTime:0.001695s ]
SQL: SELECT * FROM `app_code` WHERE ( username="dongya015" and password="12345678" and groupid="43C1549E222DE8BCFD975AEF5F44443A" ) LIMIT 1   [ RunTime:0.000750s ]
SQL: SHOW COLUMNS FROM `app_group` [ RunTime:0.001382s ]
SQL: SELECT * FROM `app_group` WHERE ( `guid` = '43C1549E222DE8BCFD975AEF5F44443A' ) LIMIT 1   [ RunTime:0.000648s ]
SQL: UPDATE `app_code` SET `uuid`='DC07ED78-D305-45A8-A4DF-6EB84519B963',`binding`=0 WHERE ( `guid` = '3816EC48214D465BB7FF219AC09651E6' ) [ RunTime:0.000316s ]

[ 2016-04-18T14:09:10+08:00 ] 14.219.37.203 /index.php/Index/iscode/groupid/43C1549E222DE8BCFD975AEF5F44443A/username/dongya015/password/12345678/uuid/DC07ED78-D305-45A8-A4DF-6EB84519B963/type/updata
INFO: [ route_check ] --START--
INFO: CheckRoute Behavior ::run [ RunTime:0.001501s ]
INFO: [ route_check ] --END-- [ RunTime:0.001619s ]
INFO: [ app_begin ] --START--
INFO: ReadHtmlCache Behavior ::run [ RunTime:0.001006s ]
INFO: [ app_begin ] --END-- [ RunTime:0.001095s ]
SQL: SHOW COLUMNS FROM `app_code` [ RunTime:0.001798s ]
SQL: SELECT * FROM `app_code` WHERE ( username="dongya015" and password="12345678" and groupid="43C1549E222DE8BCFD975AEF5F44443A" ) LIMIT 1   [ RunTime:0.000728s ]
SQL: SHOW COLUMNS FROM `app_group` [ RunTime:0.001347s ]
SQL: SELECT * FROM `app_group` WHERE ( `guid` = '43C1549E222DE8BCFD975AEF5F44443A' ) LIMIT 1   [ RunTime:0.000653s ]
SQL: UPDATE `app_code` SET `uuid`='DC07ED78-D305-45A8-A4DF-6EB84519B963',`binding`=0 WHERE ( `guid` = '3816EC48214D465BB7FF219AC09651E6' ) [ RunTime:0.000237s ]

[ 2016-04-18T14:27:58+08:00 ] 110.211.56.160 /index.php/Index/iscode/groupid/43C1549E222DE8BCFD975AEF5F44443A/username/ 1669744802/password/Cy123456/uuid/A9955567-87AC-487E-A411-FEAB02E0E30C/type/updata
INFO: [ route_check ] --START--
INFO: CheckRoute Behavior ::run [ RunTime:0.001430s ]
INFO: [ route_check ] --END-- [ RunTime:0.001538s ]
INFO: [ app_begin ] --START--
INFO: ReadHtmlCache Behavior ::run [ RunTime:0.000983s ]
INFO: [ app_begin ] --END-- [ RunTime:0.001069s ]
SQL: SHOW COLUMNS FROM `app_code` [ RunTime:0.001660s ]
SQL: SELECT * FROM `app_code` WHERE ( username=" 1669744802" and password="Cy123456" and groupid="43C1549E222DE8BCFD975AEF5F44443A" ) LIMIT 1   [ RunTime:0.000732s ]
SQL: SHOW COLUMNS FROM `app_group` [ RunTime:0.001311s ]
SQL: SELECT * FROM `app_group` LIMIT 1   [ RunTime:0.000636s ]

[ 2016-04-18T14:29:30+08:00 ] 183.26.212.153 /index.php/Index/iscode/groupid/43C1549E222DE8BCFD975AEF5F44443A/username/dongya015/password/12345678/uuid/AF10A01F-5C1D-4C84-A3A0-49E84C5A2DF2
INFO: [ route_check ] --START--
INFO: CheckRoute Behavior ::run [ RunTime:0.001497s ]
INFO: [ route_check ] --END-- [ RunTime:0.001623s ]
INFO: [ app_begin ] --START--
INFO: ReadHtmlCache Behavior ::run [ RunTime:0.001056s ]
INFO: [ app_begin ] --END-- [ RunTime:0.001148s ]
SQL: SHOW COLUMNS FROM `app_code` [ RunTime:0.001977s ]
SQL: SELECT * FROM `app_code` WHERE ( username="dongya015" and password="12345678" and groupid="43C1549E222DE8BCFD975AEF5F44443A" ) LIMIT 1   [ RunTime:0.000749s ]
SQL: SHOW COLUMNS FROM `app_group` [ RunTime:0.001341s ]
SQL: SELECT * FROM `app_group` WHERE ( `guid` = '43C1549E222DE8BCFD975AEF5F44443A' ) LIMIT 1   [ RunTime:0.000674s ]
SQL: UPDATE `app_code` SET `uuid`='AF10A01F-5C1D-4C84-A3A0-49E84C5A2DF2',`binding`=0 WHERE ( `guid` = '3816EC48214D465BB7FF219AC09651E6' ) [ RunTime:0.000258s ]
NOTIC: [8] Undefined index:  type D:\PHPnow\htdocs\dongya\Lib\Action\IndexAction.class.php ç¬¬ 74 è¡Œ.

[ 2016-04-18T14:29:31+08:00 ] 183.26.212.153 /index.php/Index/iscode/groupid/43C1549E222DE8BCFD975AEF5F44443A/username/dongya015/password/12345678/uuid/AF10A01F-5C1D-4C84-A3A0-49E84C5A2DF2/type/updata
INFO: [ route_check ] --START--
INFO: CheckRoute Behavior ::run [ RunTime:0.000965s ]
INFO: [ route_check ] --END-- [ RunTime:0.001106s ]
INFO: [ app_begin ] --START--
INFO: ReadHtmlCache Behavior ::run [ RunTime:0.000818s ]
INFO: [ app_begin ] --END-- [ RunTime:0.000904s ]
SQL: SHOW COLUMNS FROM `app_code` [ RunTime:0.001689s ]
SQL: SELECT * FROM `app_code` WHERE ( username="dongya015" and password="12345678" and groupid="43C1549E222DE8BCFD975AEF5F44443A" ) LIMIT 1   [ RunTime:0.000728s ]
SQL: SHOW COLUMNS FROM `app_group` [ RunTime:0.001307s ]
SQL: SELECT * FROM `app_group` WHERE ( `guid` = '43C1549E222DE8BCFD975AEF5F44443A' ) LIMIT 1   [ RunTime:0.000709s ]
SQL: UPDATE `app_code` SET `uuid`='AF10A01F-5C1D-4C84-A3A0-49E84C5A2DF2',`binding`=0 WHERE ( `guid` = '3816EC48214D465BB7FF219AC09651E6' ) [ RunTime:0.000237s ]

[ 2016-04-18T14:30:37+08:00 ] 121.42.0.31 /index.php
INFO: [ app_begin ] --START--
INFO: ReadHtmlCache Behavior ::run [ RunTime:0.001267s ]
INFO: [ app_begin ] --END-- [ RunTime:0.001458s ]
INFO: [ view_parse ] --START--
INFO: ParseTemplate Behavior ::run [ RunTime:0.056923s ]
INFO: [ view_parse ] --END-- [ RunTime:0.057066s ]
INFO: [ view_filter ] --START--
INFO: ContentReplace Behavior ::run [ RunTime:0.009262s ]
INFO: TokenBuild Behavior ::run [ RunTime:0.002426s ]
INFO: WriteHtmlCache Behavior ::run [ RunTime:0.002368s ]
INFO: ShowRuntime Behavior ::run [ RunTime:0.002359s ]
INFO: [ view_filter ] --END-- [ RunTime:0.016663s ]
INFO: [ view_end ] --START--
INFO: ShowPageTrace Behavior ::run [ RunTime:0.002723s ]
INFO: [ view_end ] --END-- [ RunTime:0.002806s ]

[ 2016-04-18T14:59:34+08:00 ] 14.219.37.203 /index.php/Index/iscode/groupid/43C1549E222DE8BCFD975AEF5F44443A/username/dongya015/password/12345678/uuid/DC07ED78-D305-45A8-A4DF-6EB84519B963/type/updata
INFO: [ route_check ] --START--
INFO: CheckRoute Behavior ::run [ RunTime:0.003935s ]
INFO: [ route_check ] --END-- [ RunTime:0.004054s ]
INFO: [ app_begin ] --START--
INFO: ReadHtmlCache Behavior ::run [ RunTime:0.002624s ]
INFO: [ app_begin ] --END-- [ RunTime:0.002713s ]
SQL: SHOW COLUMNS FROM `app_code` [ RunTime:0.003303s ]
SQL: SELECT * FROM `app_code` WHERE ( username="dongya015" and password="12345678" and groupid="43C1549E222DE8BCFD975AEF5F44443A" ) LIMIT 1   [ RunTime:0.001562s ]
SQL: SHOW COLUMNS FROM `app_group` [ RunTime:0.008801s ]
SQL: SELECT * FROM `app_group` WHERE ( `guid` = '43C1549E222DE8BCFD975AEF5F44443A' ) LIMIT 1   [ RunTime:0.000692s ]
SQL: UPDATE `app_code` SET `uuid`='DC07ED78-D305-45A8-A4DF-6EB84519B963',`binding`=0 WHERE ( `guid` = '3816EC48214D465BB7FF219AC09651E6' ) [ RunTime:0.000258s ]

[ 2016-04-18T14:59:45+08:00 ] 14.219.37.203 /index.php/Index/iscode/groupid/43C1549E222DE8BCFD975AEF5F44443A/username/dongya015/password/12345678/uuid/DC07ED78-D305-45A8-A4DF-6EB84519B963/type/updata
INFO: [ route_check ] --START--
INFO: CheckRoute Behavior ::run [ RunTime:0.000929s ]
INFO: [ route_check ] --END-- [ RunTime:0.001031s ]
INFO: [ app_begin ] --START--
INFO: ReadHtmlCache Behavior ::run [ RunTime:0.000796s ]
INFO: [ app_begin ] --END-- [ RunTime:0.000882s ]
SQL: SHOW COLUMNS FROM `app_code` [ RunTime:0.003084s ]
SQL: SELECT * FROM `app_code` WHERE ( username="dongya015" and password="12345678" and groupid="43C1549E222DE8BCFD975AEF5F44443A" ) LIMIT 1   [ RunTime:0.000737s ]
SQL: SHOW COLUMNS FROM `app_group` [ RunTime:0.001290s ]
SQL: SELECT * FROM `app_group` WHERE ( `guid` = '43C1549E222DE8BCFD975AEF5F44443A' ) LIMIT 1   [ RunTime:0.000622s ]
SQL: UPDATE `app_code` SET `uuid`='DC07ED78-D305-45A8-A4DF-6EB84519B963',`binding`=0 WHERE ( `guid` = '3816EC48214D465BB7FF219AC09651E6' ) [ RunTime:0.000235s ]

[ 2016-04-18T14:59:49+08:00 ] 14.219.37.203 /index.php/Index/iscode/groupid/43C1549E222DE8BCFD975AEF5F44443A/username/dongya015/password/12345678/uuid/DC07ED78-D305-45A8-A4DF-6EB84519B963/type/updata
INFO: [ route_check ] --START--
INFO: CheckRoute Behavior ::run [ RunTime:0.001212s ]
INFO: [ route_check ] --END-- [ RunTime:0.001354s ]
INFO: [ app_begin ] --START--
INFO: ReadHtmlCache Behavior ::run [ RunTime:0.000902s ]
INFO: [ app_begin ] --END-- [ RunTime:0.000993s ]
SQL: SHOW COLUMNS FROM `app_code` [ RunTime:0.001676s ]
SQL: SELECT * FROM `app_code` WHERE ( username="dongya015" and password="12345678" and groupid="43C1549E222DE8BCFD975AEF5F44443A" ) LIMIT 1   [ RunTime:0.000812s ]
SQL: SHOW COLUMNS FROM `app_group` [ RunTime:0.001309s ]
SQL: SELECT * FROM `app_group` WHERE ( `guid` = '43C1549E222DE8BCFD975AEF5F44443A' ) LIMIT 1   [ RunTime:0.000696s ]
SQL: UPDATE `app_code` SET `uuid`='DC07ED78-D305-45A8-A4DF-6EB84519B963',`binding`=0 WHERE ( `guid` = '3816EC48214D465BB7FF219AC09651E6' ) [ RunTime:0.000238s ]

[ 2016-04-18T15:25:31+08:00 ] 113.117.18.37 /index.php/Index/iscode/groupid/43C1549E222DE8BCFD975AEF5F44443A/username/dongya002/password/12345678/uuid/BE9B7044-8F7E-44CD-9886-A0F5F3129604
INFO: [ route_check ] --START--
INFO: CheckRoute Behavior ::run [ RunTime:0.001329s ]
INFO: [ route_check ] --END-- [ RunTime:0.001435s ]
INFO: [ app_begin ] --START--
INFO: ReadHtmlCache Behavior ::run [ RunTime:0.000993s ]
INFO: [ app_begin ] --END-- [ RunTime:0.001079s ]
SQL: SHOW COLUMNS FROM `app_code` [ RunTime:0.001959s ]
SQL: SELECT * FROM `app_code` WHERE ( username="dongya002" and password="12345678" and groupid="43C1549E222DE8BCFD975AEF5F44443A" ) LIMIT 1   [ RunTime:0.000727s ]
SQL: SHOW COLUMNS FROM `app_group` [ RunTime:0.001581s ]
SQL: SELECT * FROM `app_group` WHERE ( `guid` = '43C1549E222DE8BCFD975AEF5F44443A' ) LIMIT 1   [ RunTime:0.000658s ]
SQL: UPDATE `app_code` SET `uuid`='BE9B7044-8F7E-44CD-9886-A0F5F3129604',`binding`=0 WHERE ( `guid` = 'B1F9C6DE677E4184896E95D835A46518' ) [ RunTime:0.000269s ]
NOTIC: [8] Undefined index:  type D:\PHPnow\htdocs\dongya\Lib\Action\IndexAction.class.php ç¬¬ 74 è¡Œ.

[ 2016-04-18T15:25:32+08:00 ] 113.117.18.37 /index.php/Uploadprohot
INFO: [ route_check ] --START--
INFO: CheckRoute Behavior ::run [ RunTime:0.000980s ]
INFO: [ route_check ] --END-- [ RunTime:0.001111s ]
INFO: [ app_begin ] --START--
INFO: ReadHtmlCache Behavior ::run [ RunTime:0.000623s ]
INFO: [ app_begin ] --END-- [ RunTime:0.000725s ]
SQL: SHOW COLUMNS FROM `app_pro` [ RunTime:0.026361s ]
SQL: SELECT * FROM `app_pro` WHERE ( guid="E12EF73FCB8B62A5D20DE0E2182A06A1" ) LIMIT 1   [ RunTime:0.023575s ]
SQL: UPDATE `app_pro` SET `hot`=12 WHERE ( `guid` = 'E12EF73FCB8B62A5D20DE0E2182A06A1' ) [ RunTime:0.000348s ]
SQL: SELECT * FROM `app_pro` WHERE ( guid="BD6A319AF56EFC138FDEF4C0AC6357D9" ) LIMIT 1   [ RunTime:0.020044s ]
SQL: UPDATE `app_pro` SET `hot`=42 WHERE ( `guid` = 'BD6A319AF56EFC138FDEF4C0AC6357D9' ) [ RunTime:0.000303s ]
SQL: SELECT * FROM `app_pro` WHERE ( guid="EBAB5F15775D6CD2517CCFBA99C785CE" ) LIMIT 1   [ RunTime:0.000315s ]
SQL: UPDATE `app_pro` SET `hot`=7 WHERE ( `guid` = 'EBAB5F15775D6CD2517CCFBA99C785CE' ) [ RunTime:0.000231s ]
SQL: SELECT * FROM `app_pro` WHERE ( guid="CA44D866E5EC4F959B9A9FB2D8864875" ) LIMIT 1   [ RunTime:0.025830s ]
SQL: UPDATE `app_pro` SET `hot`=90 WHERE ( `guid` = 'CA44D866E5EC4F959B9A9FB2D8864875' ) [ RunTime:0.000274s ]
SQL: SELECT * FROM `app_pro` WHERE ( guid="FB7274A0F2AF49BC97FC0D259B640CA9" ) LIMIT 1   [ RunTime:0.001733s ]
SQL: UPDATE `app_pro` SET `hot`=19 WHERE ( `guid` = 'FB7274A0F2AF49BC97FC0D259B640CA9' ) [ RunTime:0.000241s ]
SQL: SELECT * FROM `app_pro` WHERE ( guid="54940FBC319BECBEDBE133291BEBF041" ) LIMIT 1   [ RunTime:0.000271s ]
SQL: UPDATE `app_pro` SET `hot`=13 WHERE ( `guid` = '54940FBC319BECBEDBE133291BEBF041' ) [ RunTime:0.000286s ]

[ 2016-04-18T15:25:32+08:00 ] 113.117.18.37 /index.php/Index/iscode/groupid/43C1549E222DE8BCFD975AEF5F44443A/username/dongya002/password/12345678/uuid/BE9B7044-8F7E-44CD-9886-A0F5F3129604/type/updata
INFO: [ route_check ] --START--
INFO: CheckRoute Behavior ::run [ RunTime:0.000927s ]
INFO: [ route_check ] --END-- [ RunTime:0.001037s ]
INFO: [ app_begin ] --START--
INFO: ReadHtmlCache Behavior ::run [ RunTime:0.000603s ]
INFO: [ app_begin ] --END-- [ RunTime:0.000686s ]
SQL: SHOW COLUMNS FROM `app_code` [ RunTime:0.001660s ]
SQL: SELECT * FROM `app_code` WHERE ( username="dongya002" and password="12345678" and groupid="43C1549E222DE8BCFD975AEF5F44443A" ) LIMIT 1   [ RunTime:0.000765s ]
SQL: SHOW COLUMNS FROM `app_group` [ RunTime:0.001495s ]
SQL: SELECT * FROM `app_group` WHERE ( `guid` = '43C1549E222DE8BCFD975AEF5F44443A' ) LIMIT 1   [ RunTime:0.000671s ]
SQL: UPDATE `app_code` SET `uuid`='BE9B7044-8F7E-44CD-9886-A0F5F3129604',`binding`=0 WHERE ( `guid` = 'B1F9C6DE677E4184896E95D835A46518' ) [ RunTime:0.000264s ]

[ 2016-04-18T15:25:43+08:00 ] 113.117.18.37 /index.php/Index/iscode/groupid/43C1549E222DE8BCFD975AEF5F44443A/username/dongya002/password/12345678/uuid/BE9B7044-8F7E-44CD-9886-A0F5F3129604/type/updata
INFO: [ route_check ] --START--
INFO: CheckRoute Behavior ::run [ RunTime:0.000952s ]
INFO: [ route_check ] --END-- [ RunTime:0.001073s ]
INFO: [ app_begin ] --START--
INFO: ReadHtmlCache Behavior ::run [ RunTime:0.000704s ]
INFO: [ app_begin ] --END-- [ RunTime:0.000835s ]
SQL: SHOW COLUMNS FROM `app_code` [ RunTime:0.001605s ]
SQL: SELECT * FROM `app_code` WHERE ( username="dongya002" and password="12345678" and groupid="43C1549E222DE8BCFD975AEF5F44443A" ) LIMIT 1   [ RunTime:0.000713s ]
SQL: SHOW COLUMNS FROM `app_group` [ RunTime:0.001379s ]
SQL: SELECT * FROM `app_group` WHERE ( `guid` = '43C1549E222DE8BCFD975AEF5F44443A' ) LIMIT 1   [ RunTime:0.000652s ]
SQL: UPDATE `app_code` SET `uuid`='BE9B7044-8F7E-44CD-9886-A0F5F3129604',`binding`=0 WHERE ( `guid` = 'B1F9C6DE677E4184896E95D835A46518' ) [ RunTime:0.000258s ]

[ 2016-04-18T16:07:04+08:00 ] 14.219.37.203 /index.php/Index/iscode/groupid/43C1549E222DE8BCFD975AEF5F44443A/username/dongya015/password/12345678/uuid/DC07ED78-D305-45A8-A4DF-6EB84519B963
INFO: [ route_check ] --START--
INFO: CheckRoute Behavior ::run [ RunTime:0.001634s ]
INFO: [ route_check ] --END-- [ RunTime:0.001789s ]
INFO: [ app_begin ] --START--
INFO: ReadHtmlCache Behavior ::run [ RunTime:0.001484s ]
INFO: [ app_begin ] --END-- [ RunTime:0.001577s ]
SQL: SHOW COLUMNS FROM `app_code` [ RunTime:0.001810s ]
SQL: SELECT * FROM `app_code` WHERE ( username="dongya015" and password="12345678" and groupid="43C1549E222DE8BCFD975AEF5F44443A" ) LIMIT 1   [ RunTime:0.000731s ]
SQL: SHOW COLUMNS FROM `app_group` [ RunTime:0.001489s ]
SQL: SELECT * FROM `app_group` WHERE ( `guid` = '43C1549E222DE8BCFD975AEF5F44443A' ) LIMIT 1   [ RunTime:0.000639s ]
SQL: UPDATE `app_code` SET `uuid`='DC07ED78-D305-45A8-A4DF-6EB84519B963',`binding`=0 WHERE ( `guid` = '3816EC48214D465BB7FF219AC09651E6' ) [ RunTime:0.000240s ]
NOTIC: [8] Undefined index:  type D:\PHPnow\htdocs\dongya\Lib\Action\IndexAction.class.php ç¬¬ 74 è¡Œ.

[ 2016-04-18T16:07:05+08:00 ] 14.219.37.203 /index.php/Index/iscode/groupid/43C1549E222DE8BCFD975AEF5F44443A/username/dongya015/password/12345678/uuid/DC07ED78-D305-45A8-A4DF-6EB84519B963/type/updata
INFO: [ route_check ] --START--
INFO: CheckRoute Behavior ::run [ RunTime:0.000934s ]
INFO: [ route_check ] --END-- [ RunTime:0.001039s ]
INFO: [ app_begin ] --START--
INFO: ReadHtmlCache Behavior ::run [ RunTime:0.000813s ]
INFO: [ app_begin ] --END-- [ RunTime:0.000896s ]
SQL: SHOW COLUMNS FROM `app_code` [ RunTime:0.001618s ]
SQL: SELECT * FROM `app_code` WHERE ( username="dongya015" and password="12345678" and groupid="43C1549E222DE8BCFD975AEF5F44443A" ) LIMIT 1   [ RunTime:0.000724s ]
SQL: SHOW COLUMNS FROM `app_group` [ RunTime:0.001295s ]
SQL: SELECT * FROM `app_group` WHERE ( `guid` = '43C1549E222DE8BCFD975AEF5F44443A' ) LIMIT 1   [ RunTime:0.000622s ]
SQL: UPDATE `app_code` SET `uuid`='DC07ED78-D305-45A8-A4DF-6EB84519B963',`binding`=0 WHERE ( `guid` = '3816EC48214D465BB7FF219AC09651E6' ) [ RunTime:0.000233s ]

[ 2016-04-18T16:07:15+08:00 ] 14.219.37.203 /index.php/Index/iscode/groupid/43C1549E222DE8BCFD975AEF5F44443A/username/dongya015/password/12345678/uuid/DC07ED78-D305-45A8-A4DF-6EB84519B963/type/updata
INFO: [ route_check ] --START--
INFO: CheckRoute Behavior ::run [ RunTime:0.000933s ]
INFO: [ route_check ] --END-- [ RunTime:0.001043s ]
INFO: [ app_begin ] --START--
INFO: ReadHtmlCache Behavior ::run [ RunTime:0.000810s ]
INFO: [ app_begin ] --END-- [ RunTime:0.000899s ]
SQL: SHOW COLUMNS FROM `app_code` [ RunTime:0.001711s ]
SQL: SELECT * FROM `app_code` WHERE ( username="dongya015" and password="12345678" and groupid="43C1549E222DE8BCFD975AEF5F44443A" ) LIMIT 1   [ RunTime:0.000738s ]
SQL: SHOW COLUMNS FROM `app_group` [ RunTime:0.001318s ]
SQL: SELECT * FROM `app_group` WHERE ( `guid` = '43C1549E222DE8BCFD975AEF5F44443A' ) LIMIT 1   [ RunTime:0.000664s ]
SQL: UPDATE `app_code` SET `uuid`='DC07ED78-D305-45A8-A4DF-6EB84519B963',`binding`=0 WHERE ( `guid` = '3816EC48214D465BB7FF219AC09651E6' ) [ RunTime:0.000245s ]

[ 2016-04-18T16:21:18+08:00 ] 14.216.223.229 /index.php/Index/iscode/groupid/43C1549E222DE8BCFD975AEF5F44443A/username/dongya008/password/y/uuid/423C92B7-E540-4CB8-A628-E2603A87B55D
INFO: [ route_check ] --START--
INFO: CheckRoute Behavior ::run [ RunTime:0.001410s ]
INFO: [ route_check ] --END-- [ RunTime:0.001534s ]
INFO: [ app_begin ] --START--
INFO: ReadHtmlCache Behavior ::run [ RunTime:0.001090s ]
INFO: [ app_begin ] --END-- [ RunTime:0.001197s ]
SQL: SHOW COLUMNS FROM `app_code` [ RunTime:0.001654s ]
SQL: SELECT * FROM `app_code` WHERE ( username="dongya008" and password="y" and groupid="43C1549E222DE8BCFD975AEF5F44443A" ) LIMIT 1   [ RunTime:0.000756s ]
SQL: SHOW COLUMNS FROM `app_group` [ RunTime:0.001348s ]
SQL: SELECT * FROM `app_group` LIMIT 1   [ RunTime:0.000663s ]

[ 2016-04-18T16:21:19+08:00 ] 14.216.223.229 /index.php/Uploadprohot
INFO: [ route_check ] --START--
INFO: CheckRoute Behavior ::run [ RunTime:0.000942s ]
INFO: [ route_check ] --END-- [ RunTime:0.001046s ]
INFO: [ app_begin ] --START--
INFO: ReadHtmlCache Behavior ::run [ RunTime:0.000809s ]
INFO: [ app_begin ] --END-- [ RunTime:0.000896s ]
SQL: SHOW COLUMNS FROM `app_pro` [ RunTime:0.002179s ]
SQL: SELECT * FROM `app_pro` WHERE ( guid="A68AEC908BC919E31E3EC565802CF3D5" ) LIMIT 1   [ RunTime:0.000779s ]
SQL: UPDATE `app_pro` SET `hot`=20 WHERE ( `guid` = 'A68AEC908BC919E31E3EC565802CF3D5' ) [ RunTime:0.000274s ]
SQL: SELECT * FROM `app_pro` WHERE ( guid="DD8C29E3BE67BFDF7E3F39E18520DF59" ) LIMIT 1   [ RunTime:0.000280s ]
SQL: UPDATE `app_pro` SET `hot`=37 WHERE ( `guid` = 'DD8C29E3BE67BFDF7E3F39E18520DF59' ) [ RunTime:0.000235s ]
SQL: SELECT * FROM `app_pro` WHERE ( guid="AAB5C5F382CE4CA9630A8BD99905E1FC" ) LIMIT 1   [ RunTime:0.000268s ]
SQL: UPDATE `app_pro` SET `hot`=52 WHERE ( `guid` = 'AAB5C5F382CE4CA9630A8BD99905E1FC' ) [ RunTime:0.000247s ]

[ 2016-04-18T16:21:19+08:00 ] 14.216.223.229 /index.php/Index/iscode/groupid/43C1549E222DE8BCFD975AEF5F44443A/username/dongya008/password/y/uuid/423C92B7-E540-4CB8-A628-E2603A87B55D/type/updata
INFO: [ route_check ] --START--
INFO: CheckRoute Behavior ::run [ RunTime:0.000926s ]
INFO: [ route_check ] --END-- [ RunTime:0.001029s ]
INFO: [ app_begin ] --START--
INFO: ReadHtmlCache Behavior ::run [ RunTime:0.000808s ]
INFO: [ app_begin ] --END-- [ RunTime:0.000893s ]
SQL: SHOW COLUMNS FROM `app_code` [ RunTime:0.001676s ]
SQL: SELECT * FROM `app_code` WHERE ( username="dongya008" and password="y" and groupid="43C1549E222DE8BCFD975AEF5F44443A" ) LIMIT 1   [ RunTime:0.000717s ]
SQL: SHOW COLUMNS FROM `app_group` [ RunTime:0.001616s ]
SQL: SELECT * FROM `app_group` LIMIT 1   [ RunTime:0.000608s ]

[ 2016-04-18T16:28:07+08:00 ] 183.26.212.153 /index.php/Index/iscode/groupid/43C1549E222DE8BCFD975AEF5F44443A/username/dongya015/password/12345678/uuid/AF10A01F-5C1D-4C84-A3A0-49E84C5A2DF2/type/updata
INFO: [ route_check ] --START--
INFO: CheckRoute Behavior ::run [ RunTime:0.001318s ]
INFO: [ route_check ] --END-- [ RunTime:0.001420s ]
INFO: [ app_begin ] --START--
INFO: ReadHtmlCache Behavior ::run [ RunTime:0.001037s ]
INFO: [ app_begin ] --END-- [ RunTime:0.001123s ]
SQL: SHOW COLUMNS FROM `app_code` [ RunTime:0.001733s ]
SQL: SELECT * FROM `app_code` WHERE ( username="dongya015" and password="12345678" and groupid="43C1549E222DE8BCFD975AEF5F44443A" ) LIMIT 1   [ RunTime:0.000756s ]
SQL: SHOW COLUMNS FROM `app_group` [ RunTime:0.001420s ]
SQL: SELECT * FROM `app_group` WHERE ( `guid` = '43C1549E222DE8BCFD975AEF5F44443A' ) LIMIT 1   [ RunTime:0.000658s ]
SQL: UPDATE `app_code` SET `uuid`='AF10A01F-5C1D-4C84-A3A0-49E84C5A2DF2',`binding`=0 WHERE ( `guid` = '3816EC48214D465BB7FF219AC09651E6' ) [ RunTime:0.000255s ]

[ 2016-04-18T16:28:48+08:00 ] 183.26.212.153 /index.php/Index/iscode/groupid/43C1549E222DE8BCFD975AEF5F44443A/username/dongya015/password/12345678/uuid/AF10A01F-5C1D-4C84-A3A0-49E84C5A2DF2/type/updata
INFO: [ route_check ] --START--
INFO: CheckRoute Behavior ::run [ RunTime:0.000940s ]
INFO: [ route_check ] --END-- [ RunTime:0.001053s ]
INFO: [ app_begin ] --START--
INFO: ReadHtmlCache Behavior ::run [ RunTime:0.000814s ]
INFO: [ app_begin ] --END-- [ RunTime:0.000899s ]
SQL: SHOW COLUMNS FROM `app_code` [ RunTime:0.001800s ]
SQL: SELECT * FROM `app_code` WHERE ( username="dongya015" and password="12345678" and groupid="43C1549E222DE8BCFD975AEF5F44443A" ) LIMIT 1   [ RunTime:0.001059s ]
SQL: SHOW COLUMNS FROM `app_group` [ RunTime:0.001294s ]
SQL: SELECT * FROM `app_group` WHERE ( `guid` = '43C1549E222DE8BCFD975AEF5F44443A' ) LIMIT 1   [ RunTime:0.000630s ]
SQL: UPDATE `app_code` SET `uuid`='AF10A01F-5C1D-4C84-A3A0-49E84C5A2DF2',`binding`=0 WHERE ( `guid` = '3816EC48214D465BB7FF219AC09651E6' ) [ RunTime:0.000240s ]

[ 2016-04-18T18:21:16+08:00 ] 119.128.19.82 /index.php/Index/iscode/groupid/43C1549E222DE8BCFD975AEF5F44443A/username/dongya010/password/12345678/uuid/AFE30A47-83E9-4E60-90AB-DFFE5DC02217
INFO: [ route_check ] --START--
INFO: CheckRoute Behavior ::run [ RunTime:0.001419s ]
INFO: [ route_check ] --END-- [ RunTime:0.001532s ]
INFO: [ app_begin ] --START--
INFO: ReadHtmlCache Behavior ::run [ RunTime:0.001117s ]
INFO: [ app_begin ] --END-- [ RunTime:0.001204s ]
SQL: SHOW COLUMNS FROM `app_code` [ RunTime:0.001899s ]
SQL: SELECT * FROM `app_code` WHERE ( username="dongya010" and password="12345678" and groupid="43C1549E222DE8BCFD975AEF5F44443A" ) LIMIT 1   [ RunTime:0.000736s ]
SQL: SHOW COLUMNS FROM `app_group` [ RunTime:0.001544s ]
SQL: SELECT * FROM `app_group` WHERE ( `guid` = '43C1549E222DE8BCFD975AEF5F44443A' ) LIMIT 1   [ RunTime:0.000691s ]
SQL: UPDATE `app_code` SET `uuid`='AFE30A47-83E9-4E60-90AB-DFFE5DC02217',`binding`=0 WHERE ( `guid` = 'BC561E52860D4F0197FA769C5457056E' ) [ RunTime:0.000283s ]
NOTIC: [8] Undefined index:  type D:\PHPnow\htdocs\dongya\Lib\Action\IndexAction.class.php ç¬¬ 74 è¡Œ.

[ 2016-04-18T18:21:16+08:00 ] 119.128.19.82 /index.php/Uploadprohot
INFO: [ route_check ] --START--
INFO: CheckRoute Behavior ::run [ RunTime:0.001004s ]
INFO: [ route_check ] --END-- [ RunTime:0.001122s ]
INFO: [ app_begin ] --START--
INFO: ReadHtmlCache Behavior ::run [ RunTime:0.000850s ]
INFO: [ app_begin ] --END-- [ RunTime:0.000934s ]
SQL: SHOW COLUMNS FROM `app_pro` [ RunTime:0.002234s ]
SQL: SELECT * FROM `app_pro` WHERE ( guid="F35D0AC97144ECF26210C9BB709F2FBE" ) LIMIT 1   [ RunTime:0.000799s ]
SQL: UPDATE `app_pro` SET `hot`=36 WHERE ( `guid` = 'F35D0AC97144ECF26210C9BB709F2FBE' ) [ RunTime:0.000270s ]
SQL: SELECT * FROM `app_pro` WHERE ( guid="1649D8ED6274BE2131D13F0E17F5EC38" ) LIMIT 1   [ RunTime:0.000277s ]
SQL: UPDATE `app_pro` SET `hot`=41 WHERE ( `guid` = '1649D8ED6274BE2131D13F0E17F5EC38' ) [ RunTime:0.000228s ]
SQL: SELECT * FROM `app_pro` WHERE ( guid="18D0AE6DBF5E5988C178D44F02F099C4" ) LIMIT 1   [ RunTime:0.000273s ]
SQL: UPDATE `app_pro` SET `hot`=82 WHERE ( `guid` = '18D0AE6DBF5E5988C178D44F02F099C4' ) [ RunTime:0.000228s ]
SQL: SELECT * FROM `app_pro` WHERE ( guid="BD6A319AF56EFC138FDEF4C0AC6357D9" ) LIMIT 1   [ RunTime:0.000272s ]
SQL: UPDATE `app_pro` SET `hot`=43 WHERE ( `guid` = 'BD6A319AF56EFC138FDEF4C0AC6357D9' ) [ RunTime:0.000226s ]
SQL: SELECT * FROM `app_pro` WHERE ( guid="D60B508E4A50135FD053D33258290A44" ) LIMIT 1   [ RunTime:0.000271s ]
SQL: UPDATE `app_pro` SET `hot`=13 WHERE ( `guid` = 'D60B508E4A50135FD053D33258290A44' ) [ RunTime:0.000226s ]
SQL: SELECT * FROM `app_pro` WHERE ( guid="D03A02AE190F04B65ABF8200AB396B83" ) LIMIT 1   [ RunTime:0.000325s ]
SQL: UPDATE `app_pro` SET `hot`=6 WHERE ( `guid` = 'D03A02AE190F04B65ABF8200AB396B83' ) [ RunTime:0.000302s ]
SQL: SELECT * FROM `app_pro` WHERE ( guid="FB7274A0F2AF49BC97FC0D259B640CA9" ) LIMIT 1   [ RunTime:0.000273s ]
SQL: UPDATE `app_pro` SET `hot`=20 WHERE ( `guid` = 'FB7274A0F2AF49BC97FC0D259B640CA9' ) [ RunTime:0.000227s ]

[ 2016-04-18T18:21:18+08:00 ] 119.128.19.82 /index.php/Index/iscode/groupid/43C1549E222DE8BCFD975AEF5F44443A/username/dongya010/password/12345678/uuid/AFE30A47-83E9-4E60-90AB-DFFE5DC02217/type/updata
INFO: [ route_check ] --START--
INFO: CheckRoute Behavior ::run [ RunTime:0.000933s ]
INFO: [ route_check ] --END-- [ RunTime:0.001034s ]
INFO: [ app_begin ] --START--
INFO: ReadHtmlCache Behavior ::run [ RunTime:0.000855s ]
INFO: [ app_begin ] --END-- [ RunTime:0.000940s ]
SQL: SHOW COLUMNS FROM `app_code` [ RunTime:0.001657s ]
SQL: SELECT * FROM `app_code` WHERE ( username="dongya010" and password="12345678" and groupid="43C1549E222DE8BCFD975AEF5F44443A" ) LIMIT 1   [ RunTime:0.000725s ]
SQL: SHOW COLUMNS FROM `app_group` [ RunTime:0.001307s ]
SQL: SELECT * FROM `app_group` WHERE ( `guid` = '43C1549E222DE8BCFD975AEF5F44443A' ) LIMIT 1   [ RunTime:0.000625s ]
SQL: UPDATE `app_code` SET `uuid`='AFE30A47-83E9-4E60-90AB-DFFE5DC02217',`binding`=0 WHERE ( `guid` = 'BC561E52860D4F0197FA769C5457056E' ) [ RunTime:0.000238s ]

[ 2016-04-18T18:21:47+08:00 ] 119.128.19.82 /index.php/Index/iscode/groupid/43C1549E222DE8BCFD975AEF5F44443A/username/dongya010/password/12345678/uuid/AFE30A47-83E9-4E60-90AB-DFFE5DC02217
INFO: [ route_check ] --START--
INFO: CheckRoute Behavior ::run [ RunTime:0.000948s ]
INFO: [ route_check ] --END-- [ RunTime:0.001057s ]
INFO: [ app_begin ] --START--
INFO: ReadHtmlCache Behavior ::run [ RunTime:0.000813s ]
INFO: [ app_begin ] --END-- [ RunTime:0.000898s ]
SQL: SHOW COLUMNS FROM `app_code` [ RunTime:0.001721s ]
SQL: SELECT * FROM `app_code` WHERE ( username="dongya010" and password="12345678" and groupid="43C1549E222DE8BCFD975AEF5F44443A" ) LIMIT 1   [ RunTime:0.000735s ]
SQL: SHOW COLUMNS FROM `app_group` [ RunTime:0.001350s ]
SQL: SELECT * FROM `app_group` WHERE ( `guid` = '43C1549E222DE8BCFD975AEF5F44443A' ) LIMIT 1   [ RunTime:0.000744s ]
SQL: UPDATE `app_code` SET `uuid`='AFE30A47-83E9-4E60-90AB-DFFE5DC02217',`binding`=0 WHERE ( `guid` = 'BC561E52860D4F0197FA769C5457056E' ) [ RunTime:0.000243s ]
NOTIC: [8] Undefined index:  type D:\PHPnow\htdocs\dongya\Lib\Action\IndexAction.class.php ç¬¬ 74 è¡Œ.

[ 2016-04-18T18:21:47+08:00 ] 119.128.19.82 /index.php/Uploadprohot
INFO: [ route_check ] --START--
INFO: CheckRoute Behavior ::run [ RunTime:0.001110s ]
INFO: [ route_check ] --END-- [ RunTime:0.001230s ]
INFO: [ app_begin ] --START--
INFO: ReadHtmlCache Behavior ::run [ RunTime:0.000870s ]
INFO: [ app_begin ] --END-- [ RunTime:0.000955s ]
SQL: SHOW COLUMNS FROM `app_pro` [ RunTime:0.002007s ]
SQL: SELECT * FROM `app_pro` WHERE ( guid="F35D0AC97144ECF26210C9BB709F2FBE" ) LIMIT 1   [ RunTime:0.000777s ]
SQL: UPDATE `app_pro` SET `hot`=37 WHERE ( `guid` = 'F35D0AC97144ECF26210C9BB709F2FBE' ) [ RunTime:0.000268s ]
SQL: SELECT * FROM `app_pro` WHERE ( guid="1649D8ED6274BE2131D13F0E17F5EC38" ) LIMIT 1   [ RunTime:0.000272s ]
SQL: UPDATE `app_pro` SET `hot`=42 WHERE ( `guid` = '1649D8ED6274BE2131D13F0E17F5EC38' ) [ RunTime:0.000222s ]
SQL: SELECT * FROM `app_pro` WHERE ( guid="18D0AE6DBF5E5988C178D44F02F099C4" ) LIMIT 1   [ RunTime:0.000265s ]
SQL: UPDATE `app_pro` SET `hot`=84 WHERE ( `guid` = '18D0AE6DBF5E5988C178D44F02F099C4' ) [ RunTime:0.000302s ]
SQL: SELECT * FROM `app_pro` WHERE ( guid="BD6A319AF56EFC138FDEF4C0AC6357D9" ) LIMIT 1   [ RunTime:0.000267s ]
SQL: UPDATE `app_pro` SET `hot`=44 WHERE ( `guid` = 'BD6A319AF56EFC138FDEF4C0AC6357D9' ) [ RunTime:0.000226s ]
SQL: SELECT * FROM `app_pro` WHERE ( guid="D60B508E4A50135FD053D33258290A44" ) LIMIT 1   [ RunTime:0.000267s ]
SQL: UPDATE `app_pro` SET `hot`=14 WHERE ( `guid` = 'D60B508E4A50135FD053D33258290A44' ) [ RunTime:0.000225s ]
SQL: SELECT * FROM `app_pro` WHERE ( guid="D03A02AE190F04B65ABF8200AB396B83" ) LIMIT 1   [ RunTime:0.000262s ]
SQL: UPDATE `app_pro` SET `hot`=7 WHERE ( `guid` = 'D03A02AE190F04B65ABF8200AB396B83' ) [ RunTime:0.000224s ]
SQL: SELECT * FROM `app_pro` WHERE ( guid="FB7274A0F2AF49BC97FC0D259B640CA9" ) LIMIT 1   [ RunTime:0.000271s ]
SQL: UPDATE `app_pro` SET `hot`=21 WHERE ( `guid` = 'FB7274A0F2AF49BC97FC0D259B640CA9' ) [ RunTime:0.000227s ]

[ 2016-04-18T18:21:47+08:00 ] 119.128.19.82 /index.php/Index/iscode/groupid/43C1549E222DE8BCFD975AEF5F44443A/username/dongya010/password/12345678/uuid/AFE30A47-83E9-4E60-90AB-DFFE5DC02217/type/updata
INFO: [ route_check ] --START--
INFO: CheckRoute Behavior ::run [ RunTime:0.000973s ]
INFO: [ route_check ] --END-- [ RunTime:0.001090s ]
INFO: [ app_begin ] --START--
INFO: ReadHtmlCache Behavior ::run [ RunTime:0.000849s ]
INFO: [ app_begin ] --END-- [ RunTime:0.000935s ]
SQL: SHOW COLUMNS FROM `app_code` [ RunTime:0.001704s ]
SQL: SELECT * FROM `app_code` WHERE ( username="dongya010" and password="12345678" and groupid="43C1549E222DE8BCFD975AEF5F44443A" ) LIMIT 1   [ RunTime:0.000730s ]
SQL: SHOW COLUMNS FROM `app_group` [ RunTime:0.001368s ]
SQL: SELECT * FROM `app_group` WHERE ( `guid` = '43C1549E222DE8BCFD975AEF5F44443A' ) LIMIT 1   [ RunTime:0.000672s ]
SQL: UPDATE `app_code` SET `uuid`='AFE30A47-83E9-4E60-90AB-DFFE5DC02217',`binding`=0 WHERE ( `guid` = 'BC561E52860D4F0197FA769C5457056E' ) [ RunTime:0.000244s ]

[ 2016-04-18T18:46:16+08:00 ] 14.209.97.44 /index.php/Index/iscode/groupid/43C1549E222DE8BCFD975AEF5F44443A/username/2075810/password/12345678/uuid/65A03C18-7856-4B98-AA23-B90122F4ACA2
INFO: [ route_check ] --START--
INFO: CheckRoute Behavior ::run [ RunTime:0.001413s ]
INFO: [ route_check ] --END-- [ RunTime:0.001538s ]
INFO: [ app_begin ] --START--
INFO: ReadHtmlCache Behavior ::run [ RunTime:0.000993s ]
INFO: [ app_begin ] --END-- [ RunTime:0.001081s ]
SQL: SHOW COLUMNS FROM `app_code` [ RunTime:0.001871s ]
SQL: SELECT * FROM `app_code` WHERE ( username="2075810" and password="12345678" and groupid="43C1549E222DE8BCFD975AEF5F44443A" ) LIMIT 1   [ RunTime:0.000735s ]
SQL: SHOW COLUMNS FROM `app_group` [ RunTime:0.001556s ]
SQL: SELECT * FROM `app_group` LIMIT 1   [ RunTime:0.000673s ]

[ 2016-04-18T18:46:17+08:00 ] 14.209.97.44 /index.php/Index/iscode/groupid/43C1549E222DE8BCFD975AEF5F44443A/username/2075810/password/12345678/uuid/65A03C18-7856-4B98-AA23-B90122F4ACA2/type/updata
INFO: [ route_check ] --START--
INFO: CheckRoute Behavior ::run [ RunTime:0.000963s ]
INFO: [ route_check ] --END-- [ RunTime:0.001069s ]
INFO: [ app_begin ] --START--
INFO: ReadHtmlCache Behavior ::run [ RunTime:0.000833s ]
INFO: [ app_begin ] --END-- [ RunTime:0.000925s ]
SQL: SHOW COLUMNS FROM `app_code` [ RunTime:0.001670s ]
SQL: SELECT * FROM `app_code` WHERE ( username="2075810" and password="12345678" and groupid="43C1549E222DE8BCFD975AEF5F44443A" ) LIMIT 1   [ RunTime:0.000729s ]
SQL: SHOW COLUMNS FROM `app_group` [ RunTime:0.001300s ]
SQL: SELECT * FROM `app_group` LIMIT 1   [ RunTime:0.001124s ]

[ 2016-04-18T19:04:17+08:00 ] 14.219.46.246 /index.php/Index/iscode/groupid/43C1549E222DE8BCFD975AEF5F44443A/username/dongya015/password/12345678/uuid/DC07ED78-D305-45A8-A4DF-6EB84519B963
INFO: [ route_check ] --START--
INFO: CheckRoute Behavior ::run [ RunTime:0.001402s ]
INFO: [ route_check ] --END-- [ RunTime:0.001508s ]
INFO: [ app_begin ] --START--
INFO: ReadHtmlCache Behavior ::run [ RunTime:0.000991s ]
INFO: [ app_begin ] --END-- [ RunTime:0.001078s ]
SQL: SHOW COLUMNS FROM `app_code` [ RunTime:0.001863s ]
SQL: SELECT * FROM `app_code` WHERE ( username="dongya015" and password="12345678" and groupid="43C1549E222DE8BCFD975AEF5F44443A" ) LIMIT 1   [ RunTime:0.000750s ]
SQL: SHOW COLUMNS FROM `app_group` [ RunTime:0.001553s ]
SQL: SELECT * FROM `app_group` WHERE ( `guid` = '43C1549E222DE8BCFD975AEF5F44443A' ) LIMIT 1   [ RunTime:0.000661s ]
SQL: UPDATE `app_code` SET `uuid`='DC07ED78-D305-45A8-A4DF-6EB84519B963',`binding`=0 WHERE ( `guid` = '3816EC48214D465BB7FF219AC09651E6' ) [ RunTime:0.000263s ]
NOTIC: [8] Undefined index:  type D:\PHPnow\htdocs\dongya\Lib\Action\IndexAction.class.php ç¬¬ 74 è¡Œ.

[ 2016-04-18T19:04:17+08:00 ] 14.219.46.246 /index.php/Index/iscode/groupid/43C1549E222DE8BCFD975AEF5F44443A/username/dongya015/password/12345678/uuid/DC07ED78-D305-45A8-A4DF-6EB84519B963/type/updata
INFO: [ route_check ] --START--
INFO: CheckRoute Behavior ::run [ RunTime:0.000975s ]
INFO: [ route_check ] --END-- [ RunTime:0.001078s ]
INFO: [ app_begin ] --START--
INFO: ReadHtmlCache Behavior ::run [ RunTime:0.000838s ]
INFO: [ app_begin ] --END-- [ RunTime:0.000932s ]
SQL: SHOW COLUMNS FROM `app_code` [ RunTime:0.001684s ]
SQL: SELECT * FROM `app_code` WHERE ( username="dongya015" and password="12345678" and groupid="43C1549E222DE8BCFD975AEF5F44443A" ) LIMIT 1   [ RunTime:0.000746s ]
SQL: SHOW COLUMNS FROM `app_group` [ RunTime:0.001342s ]
SQL: SELECT * FROM `app_group` WHERE ( `guid` = '43C1549E222DE8BCFD975AEF5F44443A' ) LIMIT 1   [ RunTime:0.000770s ]
SQL: UPDATE `app_code` SET `uuid`='DC07ED78-D305-45A8-A4DF-6EB84519B963',`binding`=0 WHERE ( `guid` = '3816EC48214D465BB7FF219AC09651E6' ) [ RunTime:0.000320s ]

[ 2016-04-18T20:06:50+08:00 ] 110.211.56.160 /index.php/Index/iscode/groupid/43C1549E222DE8BCFD975AEF5F44443A/username/ 1669744802/password/Cy123456/uuid/A9955567-87AC-487E-A411-FEAB02E0E30C
INFO: [ route_check ] --START--
INFO: CheckRoute Behavior ::run [ RunTime:0.007129s ]
INFO: [ route_check ] --END-- [ RunTime:0.007257s ]
INFO: [ app_begin ] --START--
INFO: ReadHtmlCache Behavior ::run [ RunTime:0.002600s ]
INFO: [ app_begin ] --END-- [ RunTime:0.002693s ]
SQL: SHOW COLUMNS FROM `app_code` [ RunTime:0.008693s ]
SQL: SELECT * FROM `app_code` WHERE ( username=" 1669744802" and password="Cy123456" and groupid="43C1549E222DE8BCFD975AEF5F44443A" ) LIMIT 1   [ RunTime:0.004113s ]
SQL: SHOW COLUMNS FROM `app_group` [ RunTime:0.019481s ]
SQL: SELECT * FROM `app_group` LIMIT 1   [ RunTime:0.000806s ]

[ 2016-04-18T20:06:50+08:00 ] 110.211.56.160 /index.php/Uploadprohot
INFO: [ route_check ] --START--
INFO: CheckRoute Behavior ::run [ RunTime:0.001012s ]
INFO: [ route_check ] --END-- [ RunTime:0.001143s ]
INFO: [ app_begin ] --START--
INFO: ReadHtmlCache Behavior ::run [ RunTime:0.000892s ]
INFO: [ app_begin ] --END-- [ RunTime:0.000983s ]
SQL: SHOW COLUMNS FROM `app_pro` [ RunTime:0.031886s ]
SQL: SELECT * FROM `app_pro` WHERE ( guid="327A9048FC0A4266994F8EB8CB78AC61" ) LIMIT 1   [ RunTime:0.054642s ]
SQL: UPDATE `app_pro` SET `hot`=58 WHERE ( `guid` = '327A9048FC0A4266994F8EB8CB78AC61' ) [ RunTime:0.000384s ]
SQL: SELECT * FROM `app_pro` WHERE ( guid="A44320536DB74B70828A3F056BAB36E3" ) LIMIT 1   [ RunTime:0.000298s ]
SQL: UPDATE `app_pro` SET `hot`=31 WHERE ( `guid` = 'A44320536DB74B70828A3F056BAB36E3' ) [ RunTime:0.000265s ]
SQL: SELECT * FROM `app_pro` WHERE ( guid="18D0AE6DBF5E5988C178D44F02F099C4" ) LIMIT 1   [ RunTime:0.002177s ]
SQL: UPDATE `app_pro` SET `hot`=86 WHERE ( `guid` = '18D0AE6DBF5E5988C178D44F02F099C4' ) [ RunTime:0.000231s ]
SQL: SELECT * FROM `app_pro` WHERE ( guid="BD60E8430B135348F29A2A468F84E4FB" ) LIMIT 1   [ RunTime:0.000307s ]
SQL: UPDATE `app_pro` SET `hot`=32 WHERE ( `guid` = 'BD60E8430B135348F29A2A468F84E4FB' ) [ RunTime:0.000236s ]
SQL: SELECT * FROM `app_pro` WHERE ( guid="AAB5C5F382CE4CA9630A8BD99905E1FC" ) LIMIT 1   [ RunTime:0.001337s ]
SQL: UPDATE `app_pro` SET `hot`=53 WHERE ( `guid` = 'AAB5C5F382CE4CA9630A8BD99905E1FC' ) [ RunTime:0.000233s ]
SQL: SELECT * FROM `app_pro` WHERE ( guid="CF3186B46AFD5F8DBF6FD5877896C650" ) LIMIT 1   [ RunTime:0.000275s ]
SQL: UPDATE `app_pro` SET `hot`=23 WHERE ( `guid` = 'CF3186B46AFD5F8DBF6FD5877896C650' ) [ RunTime:0.000229s ]

[ 2016-04-18T20:06:50+08:00 ] 110.211.56.160 /index.php/Index/iscode/groupid/43C1549E222DE8BCFD975AEF5F44443A/username/ 1669744802/password/Cy123456/uuid/A9955567-87AC-487E-A411-FEAB02E0E30C/type/updata
INFO: [ route_check ] --START--
INFO: CheckRoute Behavior ::run [ RunTime:0.000934s ]
INFO: [ route_check ] --END-- [ RunTime:0.001037s ]
INFO: [ app_begin ] --START--
INFO: ReadHtmlCache Behavior ::run [ RunTime:0.000848s ]
INFO: [ app_begin ] --END-- [ RunTime:0.000931s ]
SQL: SHOW COLUMNS FROM `app_code` [ RunTime:0.001932s ]
SQL: SELECT * FROM `app_code` WHERE ( username=" 1669744802" and password="Cy123456" and groupid="43C1549E222DE8BCFD975AEF5F44443A" ) LIMIT 1   [ RunTime:0.000819s ]
SQL: SHOW COLUMNS FROM `app_group` [ RunTime:0.001321s ]
SQL: SELECT * FROM `app_group` LIMIT 1   [ RunTime:0.000622s ]

[ 2016-04-18T20:56:12+08:00 ] 14.18.184.227 /index.php/Index/iscode/groupid/43C1549E222DE8BCFD975AEF5F44443A/username/dongya002/password/12345678/uuid/71620DEC-349C-4E75-BBFC-8C44B21BC0FD/type/updata
INFO: [ route_check ] --START--
INFO: CheckRoute Behavior ::run [ RunTime:0.001354s ]
INFO: [ route_check ] --END-- [ RunTime:0.001460s ]
INFO: [ app_begin ] --START--
INFO: ReadHtmlCache Behavior ::run [ RunTime:0.001006s ]
INFO: [ app_begin ] --END-- [ RunTime:0.001094s ]
SQL: SHOW COLUMNS FROM `app_code` [ RunTime:0.002313s ]
SQL: SELECT * FROM `app_code` WHERE ( username="dongya002" and password="12345678" and groupid="43C1549E222DE8BCFD975AEF5F44443A" ) LIMIT 1   [ RunTime:0.000784s ]
SQL: SHOW COLUMNS FROM `app_group` [ RunTime:0.001519s ]
SQL: SELECT * FROM `app_group` WHERE ( `guid` = '43C1549E222DE8BCFD975AEF5F44443A' ) LIMIT 1   [ RunTime:0.000650s ]
SQL: UPDATE `app_code` SET `uuid`='71620DEC-349C-4E75-BBFC-8C44B21BC0FD',`binding`=0 WHERE ( `guid` = 'B1F9C6DE677E4184896E95D835A46518' ) [ RunTime:0.000265s ]

[ 2016-04-18T21:04:18+08:00 ] 14.219.28.194 /index.php/Index/iscode/groupid/43C1549E222DE8BCFD975AEF5F44443A/username/dongya015/password/12345678/uuid/DC07ED78-D305-45A8-A4DF-6EB84519B963
INFO: [ route_check ] --START--
INFO: CheckRoute Behavior ::run [ RunTime:0.001355s ]
INFO: [ route_check ] --END-- [ RunTime:0.001465s ]
INFO: [ app_begin ] --START--
INFO: ReadHtmlCache Behavior ::run [ RunTime:0.000989s ]
INFO: [ app_begin ] --END-- [ RunTime:0.001074s ]
SQL: SHOW COLUMNS FROM `app_code` [ RunTime:0.001794s ]
SQL: SELECT * FROM `app_code` WHERE ( username="dongya015" and password="12345678" and groupid="43C1549E222DE8BCFD975AEF5F44443A" ) LIMIT 1   [ RunTime:0.000763s ]
SQL: SHOW COLUMNS FROM `app_group` [ RunTime:0.001603s ]
SQL: SELECT * FROM `app_group` WHERE ( `guid` = '43C1549E222DE8BCFD975AEF5F44443A' ) LIMIT 1   [ RunTime:0.000642s ]
SQL: UPDATE `app_code` SET `uuid`='DC07ED78-D305-45A8-A4DF-6EB84519B963',`binding`=0 WHERE ( `guid` = '3816EC48214D465BB7FF219AC09651E6' ) [ RunTime:0.000241s ]
NOTIC: [8] Undefined index:  type D:\PHPnow\htdocs\dongya\Lib\Action\IndexAction.class.php ç¬¬ 74 è¡Œ.

[ 2016-04-18T21:04:18+08:00 ] 14.219.28.194 /index.php/Index/iscode/groupid/43C1549E222DE8BCFD975AEF5F44443A/username/dongya015/password/12345678/uuid/DC07ED78-D305-45A8-A4DF-6EB84519B963/type/updata
INFO: [ route_check ] --START--
INFO: CheckRoute Behavior ::run [ RunTime:0.001022s ]
INFO: [ route_check ] --END-- [ RunTime:0.001156s ]
INFO: [ app_begin ] --START--
INFO: ReadHtmlCache Behavior ::run [ RunTime:0.000601s ]
INFO: [ app_begin ] --END-- [ RunTime:0.000684s ]
SQL: SHOW COLUMNS FROM `app_code` [ RunTime:0.001599s ]
SQL: SELECT * FROM `app_code` WHERE ( username="dongya015" and password="12345678" and groupid="43C1549E222DE8BCFD975AEF5F44443A" ) LIMIT 1   [ RunTime:0.000723s ]
SQL: SHOW COLUMNS FROM `app_group` [ RunTime:0.001354s ]
SQL: SELECT * FROM `app_group` WHERE ( `guid` = '43C1549E222DE8BCFD975AEF5F44443A' ) LIMIT 1   [ RunTime:0.000823s ]
SQL: UPDATE `app_code` SET `uuid`='DC07ED78-D305-45A8-A4DF-6EB84519B963',`binding`=0 WHERE ( `guid` = '3816EC48214D465BB7FF219AC09651E6' ) [ RunTime:0.000309s ]

[ 2016-04-18T21:15:27+08:00 ] 14.219.28.194 /index.php/Index/iscode/groupid/43C1549E222DE8BCFD975AEF5F44443A/username/dongya015/password/12345678/uuid/DC07ED78-D305-45A8-A4DF-6EB84519B963/type/updata
INFO: [ route_check ] --START--
INFO: CheckRoute Behavior ::run [ RunTime:0.001417s ]
INFO: [ route_check ] --END-- [ RunTime:0.001523s ]
INFO: [ app_begin ] --START--
INFO: ReadHtmlCache Behavior ::run [ RunTime:0.001000s ]
INFO: [ app_begin ] --END-- [ RunTime:0.001090s ]
SQL: SHOW COLUMNS FROM `app_code` [ RunTime:0.001655s ]
SQL: SELECT * FROM `app_code` WHERE ( username="dongya015" and password="12345678" and groupid="43C1549E222DE8BCFD975AEF5F44443A" ) LIMIT 1   [ RunTime:0.000749s ]
SQL: SHOW COLUMNS FROM `app_group` [ RunTime:0.001496s ]
SQL: SELECT * FROM `app_group` WHERE ( `guid` = '43C1549E222DE8BCFD975AEF5F44443A' ) LIMIT 1   [ RunTime:0.000637s ]
SQL: UPDATE `app_code` SET `uuid`='DC07ED78-D305-45A8-A4DF-6EB84519B963',`binding`=0 WHERE ( `guid` = '3816EC48214D465BB7FF219AC09651E6' ) [ RunTime:0.000239s ]

[ 2016-04-18T21:15:57+08:00 ] 14.219.28.194 /index.php/Index/iscode/groupid/43C1549E222DE8BCFD975AEF5F44443A/username/dongya015/password/12345678/uuid/DC07ED78-D305-45A8-A4DF-6EB84519B963/type/updata
INFO: [ route_check ] --START--
INFO: CheckRoute Behavior ::run [ RunTime:0.000991s ]
INFO: [ route_check ] --END-- [ RunTime:0.001100s ]
INFO: [ app_begin ] --START--
INFO: ReadHtmlCache Behavior ::run [ RunTime:0.000841s ]
INFO: [ app_begin ] --END-- [ RunTime:0.000949s ]
SQL: SHOW COLUMNS FROM `app_code` [ RunTime:0.001693s ]
SQL: SELECT * FROM `app_code` WHERE ( username="dongya015" and password="12345678" and groupid="43C1549E222DE8BCFD975AEF5F44443A" ) LIMIT 1   [ RunTime:0.000881s ]
SQL: SHOW COLUMNS FROM `app_group` [ RunTime:0.001578s ]
SQL: SELECT * FROM `app_group` WHERE ( `guid` = '43C1549E222DE8BCFD975AEF5F44443A' ) LIMIT 1   [ RunTime:0.000859s ]
SQL: UPDATE `app_code` SET `uuid`='DC07ED78-D305-45A8-A4DF-6EB84519B963',`binding`=0 WHERE ( `guid` = '3816EC48214D465BB7FF219AC09651E6' ) [ RunTime:0.000304s ]

[ 2016-04-18T21:16:14+08:00 ] 14.219.28.194 /index.php/Index/iscode/groupid/43C1549E222DE8BCFD975AEF5F44443A/username/dongya015/password/12345678/uuid/DC07ED78-D305-45A8-A4DF-6EB84519B963/type/updata
INFO: [ route_check ] --START--
INFO: CheckRoute Behavior ::run [ RunTime:0.001013s ]
INFO: [ route_check ] --END-- [ RunTime:0.001140s ]
INFO: [ app_begin ] --START--
INFO: ReadHtmlCache Behavior ::run [ RunTime:0.000793s ]
INFO: [ app_begin ] --END-- [ RunTime:0.000901s ]
SQL: SHOW COLUMNS FROM `app_code` [ RunTime:0.002023s ]
SQL: SELECT * FROM `app_code` WHERE ( username="dongya015" and password="12345678" and groupid="43C1549E222DE8BCFD975AEF5F44443A" ) LIMIT 1   [ RunTime:0.000782s ]
SQL: SHOW COLUMNS FROM `app_group` [ RunTime:0.001415s ]
SQL: SELECT * FROM `app_group` WHERE ( `guid` = '43C1549E222DE8BCFD975AEF5F44443A' ) LIMIT 1   [ RunTime:0.000636s ]
SQL: UPDATE `app_code` SET `uuid`='DC07ED78-D305-45A8-A4DF-6EB84519B963',`binding`=0 WHERE ( `guid` = '3816EC48214D465BB7FF219AC09651E6' ) [ RunTime:0.000257s ]

[ 2016-04-18T21:35:31+08:00 ] 14.18.184.227 /index.php/Index/iscode/groupid/43C1549E222DE8BCFD975AEF5F44443A/username/dongya002/password/12345678/uuid/71620DEC-349C-4E75-BBFC-8C44B21BC0FD/type/updata
INFO: [ route_check ] --START--
INFO: CheckRoute Behavior ::run [ RunTime:0.001419s ]
INFO: [ route_check ] --END-- [ RunTime:0.001528s ]
INFO: [ app_begin ] --START--
INFO: ReadHtmlCache Behavior ::run [ RunTime:0.001008s ]
INFO: [ app_begin ] --END-- [ RunTime:0.001097s ]
SQL: SHOW COLUMNS FROM `app_code` [ RunTime:0.001853s ]
SQL: SELECT * FROM `app_code` WHERE ( username="dongya002" and password="12345678" and groupid="43C1549E222DE8BCFD975AEF5F44443A" ) LIMIT 1   [ RunTime:0.000723s ]
SQL: SHOW COLUMNS FROM `app_group` [ RunTime:0.001608s ]
SQL: SELECT * FROM `app_group` WHERE ( `guid` = '43C1549E222DE8BCFD975AEF5F44443A' ) LIMIT 1   [ RunTime:0.000648s ]
SQL: UPDATE `app_code` SET `uuid`='71620DEC-349C-4E75-BBFC-8C44B21BC0FD',`binding`=0 WHERE ( `guid` = 'B1F9C6DE677E4184896E95D835A46518' ) [ RunTime:0.000242s ]

[ 2016-04-18T21:45:46+08:00 ] 14.219.28.194 /index.php/Index/iscode/groupid/43C1549E222DE8BCFD975AEF5F44443A/username/dongya015/password/12345678/uuid/DC07ED78-D305-45A8-A4DF-6EB84519B963
INFO: [ route_check ] --START--
INFO: CheckRoute Behavior ::run [ RunTime:0.001371s ]
INFO: [ route_check ] --END-- [ RunTime:0.001478s ]
INFO: [ app_begin ] --START--
INFO: ReadHtmlCache Behavior ::run [ RunTime:0.001017s ]
INFO: [ app_begin ] --END-- [ RunTime:0.001105s ]
SQL: SHOW COLUMNS FROM `app_code` [ RunTime:0.001663s ]
SQL: SELECT * FROM `app_code` WHERE ( username="dongya015" and password="12345678" and groupid="43C1549E222DE8BCFD975AEF5F44443A" ) LIMIT 1   [ RunTime:0.000784s ]
SQL: SHOW COLUMNS FROM `app_group` [ RunTime:0.001345s ]
SQL: SELECT * FROM `app_group` WHERE ( `guid` = '43C1549E222DE8BCFD975AEF5F44443A' ) LIMIT 1   [ RunTime:0.000655s ]
SQL: UPDATE `app_code` SET `uuid`='DC07ED78-D305-45A8-A4DF-6EB84519B963',`binding`=0 WHERE ( `guid` = '3816EC48214D465BB7FF219AC09651E6' ) [ RunTime:0.000262s ]
NOTIC: [8] Undefined index:  type D:\PHPnow\htdocs\dongya\Lib\Action\IndexAction.class.php ç¬¬ 74 è¡Œ.

[ 2016-04-18T21:45:46+08:00 ] 14.219.28.194 /index.php/Index/iscode/groupid/43C1549E222DE8BCFD975AEF5F44443A/username/dongya015/password/12345678/uuid/DC07ED78-D305-45A8-A4DF-6EB84519B963/type/updata
INFO: [ route_check ] --START--
INFO: CheckRoute Behavior ::run [ RunTime:0.000936s ]
INFO: [ route_check ] --END-- [ RunTime:0.001049s ]
INFO: [ app_begin ] --START--
INFO: ReadHtmlCache Behavior ::run [ RunTime:0.000604s ]
INFO: [ app_begin ] --END-- [ RunTime:0.000688s ]
SQL: SHOW COLUMNS FROM `app_code` [ RunTime:0.001747s ]
SQL: SELECT * FROM `app_code` WHERE ( username="dongya015" and password="12345678" and groupid="43C1549E222DE8BCFD975AEF5F44443A" ) LIMIT 1   [ RunTime:0.000755s ]
SQL: SHOW COLUMNS FROM `app_group` [ RunTime:0.001487s ]
SQL: SELECT * FROM `app_group` WHERE ( `guid` = '43C1549E222DE8BCFD975AEF5F44443A' ) LIMIT 1   [ RunTime:0.000648s ]
SQL: UPDATE `app_code` SET `uuid`='DC07ED78-D305-45A8-A4DF-6EB84519B963',`binding`=0 WHERE ( `guid` = '3816EC48214D465BB7FF219AC09651E6' ) [ RunTime:0.000234s ]

[ 2016-04-18T21:58:53+08:00 ] 14.18.184.227 /index.php/Index/iscode/groupid/43C1549E222DE8BCFD975AEF5F44443A/username/dongya002/password/12345678/uuid/71620DEC-349C-4E75-BBFC-8C44B21BC0FD/type/updata
INFO: [ route_check ] --START--
INFO: CheckRoute Behavior ::run [ RunTime:0.001344s ]
INFO: [ route_check ] --END-- [ RunTime:0.001465s ]
INFO: [ app_begin ] --START--
INFO: ReadHtmlCache Behavior ::run [ RunTime:0.000989s ]
INFO: [ app_begin ] --END-- [ RunTime:0.001075s ]
SQL: SHOW COLUMNS FROM `app_code` [ RunTime:0.001739s ]
SQL: SELECT * FROM `app_code` WHERE ( username="dongya002" and password="12345678" and groupid="43C1549E222DE8BCFD975AEF5F44443A" ) LIMIT 1   [ RunTime:0.000709s ]
SQL: SHOW COLUMNS FROM `app_group` [ RunTime:0.001285s ]
SQL: SELECT * FROM `app_group` WHERE ( `guid` = '43C1549E222DE8BCFD975AEF5F44443A' ) LIMIT 1   [ RunTime:0.000621s ]
SQL: UPDATE `app_code` SET `uuid`='71620DEC-349C-4E75-BBFC-8C44B21BC0FD',`binding`=0 WHERE ( `guid` = 'B1F9C6DE677E4184896E95D835A46518' ) [ RunTime:0.000240s ]

[ 2016-04-18T22:18:38+08:00 ] 14.18.184.227 /index.php/Index/iscode/groupid/43C1549E222DE8BCFD975AEF5F44443A/username/dongya002/password/12345678/uuid/71620DEC-349C-4E75-BBFC-8C44B21BC0FD/type/updata
INFO: [ route_check ] --START--
INFO: CheckRoute Behavior ::run [ RunTime:0.001361s ]
INFO: [ route_check ] --END-- [ RunTime:0.001496s ]
INFO: [ app_begin ] --START--
INFO: ReadHtmlCache Behavior ::run [ RunTime:0.001036s ]
INFO: [ app_begin ] --END-- [ RunTime:0.001132s ]
SQL: SHOW COLUMNS FROM `app_code` [ RunTime:0.001828s ]
SQL: SELECT * FROM `app_code` WHERE ( username="dongya002" and password="12345678" and groupid="43C1549E222DE8BCFD975AEF5F44443A" ) LIMIT 1   [ RunTime:0.000743s ]
SQL: SHOW COLUMNS FROM `app_group` [ RunTime:0.001604s ]
SQL: SELECT * FROM `app_group` WHERE ( `guid` = '43C1549E222DE8BCFD975AEF5F44443A' ) LIMIT 1   [ RunTime:0.000691s ]
SQL: UPDATE `app_code` SET `uuid`='71620DEC-349C-4E75-BBFC-8C44B21BC0FD',`binding`=0 WHERE ( `guid` = 'B1F9C6DE677E4184896E95D835A46518' ) [ RunTime:0.000271s ]

[ 2016-04-18T22:49:24+08:00 ] 14.219.28.194 /index.php/Index/iscode/groupid/43C1549E222DE8BCFD975AEF5F44443A/username/dongya015/password/12345678/uuid/DC07ED78-D305-45A8-A4DF-6EB84519B963/type/updata
INFO: [ route_check ] --START--
INFO: CheckRoute Behavior ::run [ RunTime:0.001315s ]
INFO: [ route_check ] --END-- [ RunTime:0.001418s ]
INFO: [ app_begin ] --START--
INFO: ReadHtmlCache Behavior ::run [ RunTime:0.001005s ]
INFO: [ app_begin ] --END-- [ RunTime:0.001091s ]
SQL: SHOW COLUMNS FROM `app_code` [ RunTime:0.001844s ]
SQL: SELECT * FROM `app_code` WHERE ( username="dongya015" and password="12345678" and groupid="43C1549E222DE8BCFD975AEF5F44443A" ) LIMIT 1   [ RunTime:0.000728s ]
SQL: SHOW COLUMNS FROM `app_group` [ RunTime:0.001499s ]
SQL: SELECT * FROM `app_group` WHERE ( `guid` = '43C1549E222DE8BCFD975AEF5F44443A' ) LIMIT 1   [ RunTime:0.000644s ]
SQL: UPDATE `app_code` SET `uuid`='DC07ED78-D305-45A8-A4DF-6EB84519B963',`binding`=0 WHERE ( `guid` = '3816EC48214D465BB7FF219AC09651E6' ) [ RunTime:0.000242s ]

[ 2016-04-18T22:53:13+08:00 ] 14.219.28.194 /index.php/Index/iscode/groupid/43C1549E222DE8BCFD975AEF5F44443A/username/dongya015/password/12345678/uuid/DC07ED78-D305-45A8-A4DF-6EB84519B963
INFO: [ route_check ] --START--
INFO: CheckRoute Behavior ::run [ RunTime:0.001607s ]
INFO: [ route_check ] --END-- [ RunTime:0.001711s ]
INFO: [ app_begin ] --START--
INFO: ReadHtmlCache Behavior ::run [ RunTime:0.001016s ]
INFO: [ app_begin ] --END-- [ RunTime:0.001109s ]
SQL: SHOW COLUMNS FROM `app_code` [ RunTime:0.001683s ]
SQL: SELECT * FROM `app_code` WHERE ( username="dongya015" and password="12345678" and groupid="43C1549E222DE8BCFD975AEF5F44443A" ) LIMIT 1   [ RunTime:0.000754s ]
SQL: SHOW COLUMNS FROM `app_group` [ RunTime:0.001388s ]
SQL: SELECT * FROM `app_group` WHERE ( `guid` = '43C1549E222DE8BCFD975AEF5F44443A' ) LIMIT 1   [ RunTime:0.000645s ]
SQL: UPDATE `app_code` SET `uuid`='DC07ED78-D305-45A8-A4DF-6EB84519B963',`binding`=0 WHERE ( `guid` = '3816EC48214D465BB7FF219AC09651E6' ) [ RunTime:0.000236s ]
NOTIC: [8] Undefined index:  type D:\PHPnow\htdocs\dongya\Lib\Action\IndexAction.class.php ç¬¬ 74 è¡Œ.

[ 2016-04-18T22:53:13+08:00 ] 14.219.28.194 /index.php/Index/iscode/groupid/43C1549E222DE8BCFD975AEF5F44443A/username/dongya015/password/12345678/uuid/DC07ED78-D305-45A8-A4DF-6EB84519B963/type/updata
INFO: [ route_check ] --START--
INFO: CheckRoute Behavior ::run [ RunTime:0.000941s ]
INFO: [ route_check ] --END-- [ RunTime:0.001058s ]
INFO: [ app_begin ] --START--
INFO: ReadHtmlCache Behavior ::run [ RunTime:0.000601s ]
INFO: [ app_begin ] --END-- [ RunTime:0.000684s ]
SQL: SHOW COLUMNS FROM `app_code` [ RunTime:0.001613s ]
SQL: SELECT * FROM `app_code` WHERE ( username="dongya015" and password="12345678" and groupid="43C1549E222DE8BCFD975AEF5F44443A" ) LIMIT 1   [ RunTime:0.000732s ]
SQL: SHOW COLUMNS FROM `app_group` [ RunTime:0.001315s ]
SQL: SELECT * FROM `app_group` WHERE ( `guid` = '43C1549E222DE8BCFD975AEF5F44443A' ) LIMIT 1   [ RunTime:0.000642s ]
SQL: UPDATE `app_code` SET `uuid`='DC07ED78-D305-45A8-A4DF-6EB84519B963',`binding`=0 WHERE ( `guid` = '3816EC48214D465BB7FF219AC09651E6' ) [ RunTime:0.000245s ]

[ 2016-04-18T22:53:35+08:00 ] 14.219.28.194 /index.php/Index/iscode/groupid/43C1549E222DE8BCFD975AEF5F44443A/username/dongya015/password/12345678/uuid/DC07ED78-D305-45A8-A4DF-6EB84519B963/type/updata
INFO: [ route_check ] --START--
INFO: CheckRoute Behavior ::run [ RunTime:0.000943s ]
INFO: [ route_check ] --END-- [ RunTime:0.001057s ]
INFO: [ app_begin ] --START--
INFO: ReadHtmlCache Behavior ::run [ RunTime:0.000605s ]
INFO: [ app_begin ] --END-- [ RunTime:0.000690s ]
SQL: SHOW COLUMNS FROM `app_code` [ RunTime:0.001654s ]
SQL: SELECT * FROM `app_code` WHERE ( username="dongya015" and password="12345678" and groupid="43C1549E222DE8BCFD975AEF5F44443A" ) LIMIT 1   [ RunTime:0.000760s ]
SQL: SHOW COLUMNS FROM `app_group` [ RunTime:0.002374s ]
SQL: SELECT * FROM `app_group` WHERE ( `guid` = '43C1549E222DE8BCFD975AEF5F44443A' ) LIMIT 1   [ RunTime:0.000834s ]
SQL: UPDATE `app_code` SET `uuid`='DC07ED78-D305-45A8-A4DF-6EB84519B963',`binding`=0 WHERE ( `guid` = '3816EC48214D465BB7FF219AC09651E6' ) [ RunTime:0.000258s ]

[ 2016-04-18T22:54:54+08:00 ] 14.219.28.194 /index.php/Index/iscode/groupid/43C1549E222DE8BCFD975AEF5F44443A/username/dongya015/password/12345678/uuid/DC07ED78-D305-45A8-A4DF-6EB84519B963/type/updata
INFO: [ route_check ] --START--
INFO: CheckRoute Behavior ::run [ RunTime:0.001005s ]
INFO: [ route_check ] --END-- [ RunTime:0.001136s ]
INFO: [ app_begin ] --START--
INFO: ReadHtmlCache Behavior ::run [ RunTime:0.000641s ]
INFO: [ app_begin ] --END-- [ RunTime:0.000725s ]
SQL: SHOW COLUMNS FROM `app_code` [ RunTime:0.001651s ]
SQL: SELECT * FROM `app_code` WHERE ( username="dongya015" and password="12345678" and groupid="43C1549E222DE8BCFD975AEF5F44443A" ) LIMIT 1   [ RunTime:0.000742s ]
SQL: SHOW COLUMNS FROM `app_group` [ RunTime:0.001321s ]
SQL: SELECT * FROM `app_group` WHERE ( `guid` = '43C1549E222DE8BCFD975AEF5F44443A' ) LIMIT 1   [ RunTime:0.000748s ]
SQL: UPDATE `app_code` SET `uuid`='DC07ED78-D305-45A8-A4DF-6EB84519B963',`binding`=0 WHERE ( `guid` = '3816EC48214D465BB7FF219AC09651E6' ) [ RunTime:0.000240s ]

[ 2016-04-18T23:53:02+08:00 ] 223.73.242.60 /index.php/Index/iscode/groupid/43C1549E222DE8BCFD975AEF5F44443A/username/dongya002/password/12345678/uuid/2BD16442-92E4-4320-913F-0727A9FBCCC2
INFO: [ route_check ] --START--
INFO: CheckRoute Behavior ::run [ RunTime:0.001337s ]
INFO: [ route_check ] --END-- [ RunTime:0.001450s ]
INFO: [ app_begin ] --START--
INFO: ReadHtmlCache Behavior ::run [ RunTime:0.001043s ]
INFO: [ app_begin ] --END-- [ RunTime:0.001132s ]
SQL: SHOW COLUMNS FROM `app_code` [ RunTime:0.001834s ]
SQL: SELECT * FROM `app_code` WHERE ( username="dongya002" and password="12345678" and groupid="43C1549E222DE8BCFD975AEF5F44443A" ) LIMIT 1   [ RunTime:0.000721s ]
SQL: SHOW COLUMNS FROM `app_group` [ RunTime:0.001506s ]
SQL: SELECT * FROM `app_group` WHERE ( `guid` = '43C1549E222DE8BCFD975AEF5F44443A' ) LIMIT 1   [ RunTime:0.000668s ]
SQL: UPDATE `app_code` SET `uuid`='2BD16442-92E4-4320-913F-0727A9FBCCC2',`binding`=0 WHERE ( `guid` = 'B1F9C6DE677E4184896E95D835A46518' ) [ RunTime:0.000312s ]
NOTIC: [8] Undefined index:  type D:\PHPnow\htdocs\dongya\Lib\Action\IndexAction.class.php ç¬¬ 74 è¡Œ.

[ 2016-04-18T23:53:02+08:00 ] 223.73.242.60 /index.php/Index/iscode/groupid/43C1549E222DE8BCFD975AEF5F44443A/username/dongya002/password/12345678/uuid/2BD16442-92E4-4320-913F-0727A9FBCCC2/type/updata
INFO: [ route_check ] --START--
INFO: CheckRoute Behavior ::run [ RunTime:0.001007s ]
INFO: [ route_check ] --END-- [ RunTime:0.001113s ]
INFO: [ app_begin ] --START--
INFO: ReadHtmlCache Behavior ::run [ RunTime:0.000816s ]
INFO: [ app_begin ] --END-- [ RunTime:0.000904s ]
SQL: SHOW COLUMNS FROM `app_code` [ RunTime:0.001779s ]
SQL: SELECT * FROM `app_code` WHERE ( username="dongya002" and password="12345678" and groupid="43C1549E222DE8BCFD975AEF5F44443A" ) LIMIT 1   [ RunTime:0.000779s ]
SQL: SHOW COLUMNS FROM `app_group` [ RunTime:0.001307s ]
SQL: SELECT * FROM `app_group` WHERE ( `guid` = '43C1549E222DE8BCFD975AEF5F44443A' ) LIMIT 1   [ RunTime:0.000632s ]
SQL: UPDATE `app_code` SET `uuid`='2BD16442-92E4-4320-913F-0727A9FBCCC2',`binding`=0 WHERE ( `guid` = 'B1F9C6DE677E4184896E95D835A46518' ) [ RunTime:0.000250s ]

